[    0s] Memory limit set to 10955196KB
[    0s] Using BUILD_ROOT=/var/cache/obs/worker/root_3
[    0s] Using BUILD_ARCH=riscv64
[    0s] 
[    4s] 
[    4s] oe-RISCV-worker29 started "build _service:extract_file:codenarc.spec" at Sat Apr 16 09:54:01 UTC 2022.
[    4s] 
[    4s] Building codenarc for project 'openEuler:Mainline:RISC-V' repository 'advanced_riscv64' arch 'riscv64' srcmd5 '921a2578287b06351a023f1677d741db'
[    4s] 
[    5s] processing recipe /var/cache/obs/worker/root_3/.build-srcdir/_service:extract_file:codenarc.spec ...
[   10s] running changelog2spec --target rpm --file /var/cache/obs/worker/root_3/.build-srcdir/_service:extract_file:codenarc.spec
[   11s] init_buildsystem --configdir /var/run/obs/worker/3/build/configs --cachedir /var/cache/build --clean --rpmlist /var/cache/obs/worker/root_3/.build.rpmlist /var/cache/obs/worker/root_3/.build-srcdir/_service:extract_file:codenarc.spec build ...
[  117s] cycle: coreutils -> bash
[  117s]   breaking dependency coreutils -> bash
[  117s] cycle: coreutils -> info
[  117s]   breaking dependency coreutils -> info
[  117s] cycle: glibc -> filesystem -> coreutils
[  117s]   breaking dependency coreutils -> glibc
[  117s] cycle: glibc -> filesystem -> coreutils -> libacl
[  117s]   breaking dependency coreutils -> libacl
[  117s] cycle: glibc -> filesystem -> coreutils -> attr
[  117s]   breaking dependency coreutils -> attr
[  117s] cycle: coreutils -> libcap
[  117s]   breaking dependency coreutils -> libcap
[  117s] cycle: glibc -> filesystem -> coreutils -> openssl-libs
[  117s]   breaking dependency coreutils -> openssl-libs
[  117s] cycle: glibc -> filesystem -> coreutils -> libselinux
[  117s]   breaking dependency libselinux -> glibc
[  117s] cycle: glibc -> filesystem -> coreutils -> libselinux -> pcre2
[  117s]   breaking dependency pcre2 -> glibc
[  117s] cycle: glibc -> filesystem -> coreutils -> libselinux -> pcre2 -> readline
[  117s]   breaking dependency readline -> glibc
[  117s] cycle: glibc -> filesystem -> coreutils -> libselinux -> pcre2 -> readline -> ncurses-libs
[  117s]   breaking dependency filesystem -> coreutils
[  117s] cycle: glibc -> filesystem -> bash -> coreutils -> libselinux -> pcre2 -> readline -> ncurses-libs
[  117s]   breaking dependency filesystem -> bash
[  117s] cycle: perl-Carp -> perl-libs
[  117s]   breaking dependency perl-libs -> perl-Carp
[  117s] cycle: perl-libs -> perl-Exporter
[  117s]   breaking dependency perl-libs -> perl-Exporter
[  117s] cycle: perl-Carp -> perl-Exporter
[  117s]   breaking dependency perl-Exporter -> perl-Carp
[  117s] cycle: nss-util -> nss
[  117s]   breaking dependency nss -> nss-util
[  117s] cycle: nss-softokn -> nss-util -> nss
[  117s]   breaking dependency nss -> nss-softokn
[  117s] cycle: systemd -> cryptsetup -> device-mapper
[  117s]   breaking dependency systemd -> cryptsetup
[  117s] cycle: audit -> systemd -> pam
[  117s]   breaking dependency systemd -> pam
[  118s] [1/84] preinstalling dbus...
[  119s] [2/84] preinstalling libffi-devel...
[  120s] [3/84] preinstalling nodejs-source-map...
[  121s] [4/84] preinstalling python3-pip...
[  126s] [5/84] preinstalling python3-setuptools_scm...
[  127s] [6/84] preinstalling filesystem...
[  130s] [7/84] preinstalling glibc...
[  135s] [8/84] preinstalling libgcc...
[  136s] [9/84] preinstalling diffutils...
[  138s] [10/84] preinstalling libcap-ng...
[  138s] [11/84] preinstalling libgpg-error...
[  140s] [12/84] preinstalling libpcap...
[  141s] [13/84] preinstalling libsmartcols...
[  142s] [14/84] preinstalling libuuid...
[  143s] [15/84] preinstalling libxcrypt...
[  144s] [16/84] preinstalling lz4...
[  146s] [17/84] preinstalling m4...
[  147s] [18/84] preinstalling ncurses-libs...
[  149s] [19/84] preinstalling nspr...
[  150s] [20/84] preinstalling xz-libs...
[  151s] [21/84] preinstalling zlib...
[  152s] [22/84] preinstalling attr...
[  153s] [23/84] preinstalling libdb...
[  158s] [24/84] preinstalling zstd...
[  161s] [25/84] preinstalling audit-libs...
[  162s] [26/84] preinstalling file...
[  163s] [27/84] preinstalling iptables-libs...
[  164s] [28/84] preinstalling libacl...
[  165s] [29/84] preinstalling libgcrypt...
[  166s] [30/84] preinstalling openssl-libs...
[  169s] [31/84] preinstalling readline...
[  170s] [32/84] preinstalling ncurses...
[  178s] [33/84] preinstalling cmake...
[  193s] [34/84] preinstalling perl-libs...
[  198s] [35/84] preinstalling pcre2...
[  199s] [36/84] preinstalling perl-Exporter...
[  200s] [37/84] preinstalling pcre...
[  202s] [38/84] preinstalling acl...
[  203s] [39/84] preinstalling sqlite...
[  205s] [40/84] preinstalling libselinux...
[  206s] [41/84] preinstalling perl-Carp...
[  207s] [42/84] preinstalling perl-Digest-MD5...
[  208s] [43/84] preinstalling sed...
[  210s] [44/84] preinstalling coreutils...
[  215s] [45/84] preinstalling bash...
[  218s] [46/84] preinstalling openssl...
[  220s] [47/84] preinstalling dnf...
[  221s] [48/84] preinstalling bzip2...
[  222s] [49/84] preinstalling elfutils...
[  224s] [50/84] preinstalling hostname...
[  225s] [51/84] preinstalling libcap...
[  226s] [52/84] preinstalling popt...
[  227s] [53/84] preinstalling grep...
[  229s] [54/84] preinstalling libblkid...
[  230s] [55/84] preinstalling perl-constant...
[  232s] [56/84] preinstalling tar...
[  234s] [57/84] preinstalling info...
[  235s] [58/84] preinstalling libgcrypt-devel...
[  236s] [59/84] preinstalling lua...
[  238s] [60/84] preinstalling nss...
[  239s] [61/84] preinstalling chkconfig...
[  241s] [62/84] preinstalling copy-jdk-configs...
[  242s] [63/84] preinstalling libfdisk...
[  243s] [64/84] preinstalling libmount...
[  244s] [65/84] preinstalling libsemanage...
[  245s] [66/84] preinstalling nss-util...
[  247s] [67/84] preinstalling findutils...
[  248s] [68/84] preinstalling perl-Getopt-Long...
[  250s] [69/84] preinstalling xz...
[  251s] [70/84] preinstalling perl-Data-Dumper...
[  252s] [71/84] preinstalling systemd-libs...
[  253s] [72/84] preinstalling rpm-libs...
[  255s] [73/84] preinstalling dbus-libs...
[  256s] [74/84] preinstalling nss-softokn...
[  258s] [75/84] preinstalling glib2...
[  264s] [76/84] preinstalling systemd...
[  269s] [77/84] preinstalling audit...
[  270s] [78/84] preinstalling rpm...
[  273s] [79/84] preinstalling openEuler-rpm-config...
[  274s] [80/84] preinstalling pam...
[  275s] [81/84] preinstalling util-linux...
[  281s] [82/84] preinstalling device-mapper...
[  283s] [83/84] preinstalling cryptsetup...
[  285s] [84/84] preinstalling lvm2...
[  288s] 
[  291s] initializing rpm db...
[  311s] reordering...cycle: coreutils -> bash
[  311s]   breaking dependency coreutils -> bash
[  311s] cycle: coreutils -> info
[  311s]   breaking dependency coreutils -> info
[  311s] cycle: glibc -> basesystem -> filesystem -> coreutils -> gmp
[  311s]   breaking dependency coreutils -> gmp
[  311s] cycle: glibc -> basesystem -> filesystem -> coreutils
[  311s]   breaking dependency coreutils -> glibc
[  311s] cycle: glibc -> basesystem -> filesystem -> coreutils -> libacl
[  311s]   breaking dependency coreutils -> libacl
[  311s] cycle: glibc -> basesystem -> filesystem -> coreutils -> attr
[  311s]   breaking dependency coreutils -> attr
[  311s] cycle: coreutils -> libcap
[  311s]   breaking dependency coreutils -> libcap
[  311s] cycle: glibc -> basesystem -> filesystem -> coreutils -> openssl-libs
[  311s]   breaking dependency openssl-libs -> glibc
[  311s] cycle: coreutils -> openssl-libs -> ca-certificates
[  311s]   breaking dependency ca-certificates -> coreutils
[  311s] cycle: coreutils -> openssl-libs -> ca-certificates -> bash
[  311s]   breaking dependency ca-certificates -> bash
[  311s] cycle: coreutils -> openssl-libs -> ca-certificates -> grep
[  311s]   breaking dependency grep -> coreutils
[  311s] cycle: coreutils -> openssl-libs -> ca-certificates -> grep -> bash
[  311s]   breaking dependency ca-certificates -> grep
[  311s] cycle: glibc -> basesystem -> filesystem -> coreutils -> openssl-libs -> ca-certificates -> p11-kit
[  311s]   breaking dependency p11-kit -> glibc
[  311s] cycle: glibc -> basesystem -> filesystem -> coreutils -> openssl-libs -> ca-certificates -> p11-kit -> libffi
[  311s]   breaking dependency openssl-libs -> ca-certificates
[  311s] cycle: coreutils -> openssl-libs -> crypto-policies -> bash
[  311s]   breaking dependency crypto-policies -> bash
[  311s] cycle: coreutils -> openssl-libs -> crypto-policies
[  311s]   breaking dependency crypto-policies -> coreutils
[  311s] cycle: coreutils -> openssl-libs -> crypto-policies -> grep -> bash
[  311s]   breaking dependency bash -> coreutils
[  311s] cycle: filesystem -> coreutils -> openssl-libs -> crypto-policies -> grep -> bash
[  311s]   breaking dependency grep -> bash
[  311s] cycle: glibc -> basesystem -> filesystem -> coreutils -> openssl-libs -> crypto-policies -> grep
[  311s]   breaking dependency glibc -> basesystem
[  311s] cycle: glibc -> glibc-common -> bash -> filesystem -> coreutils -> openssl-libs -> crypto-policies -> grep
[  311s]   breaking dependency glibc-common -> bash
[  311s] cycle: glibc -> glibc-common -> coreutils -> openssl-libs -> crypto-policies -> grep
[  311s]   breaking dependency glibc-common -> coreutils
[  311s] cycle: glibc -> glibc-common
[  311s]   breaking dependency glibc-common -> glibc
[  311s] cycle: glibc -> glibc-common -> libselinux
[  311s]   breaking dependency libselinux -> glibc
[  311s] cycle: glibc -> glibc-common -> libselinux -> pcre2
[  311s]   breaking dependency pcre2 -> glibc
[  311s] cycle: glibc -> glibc-common -> libselinux -> pcre2 -> readline
[  311s]   breaking dependency readline -> glibc
[  311s] cycle: glibc -> glibc-common -> libselinux -> pcre2 -> readline -> ncurses-libs
[  311s]   breaking dependency libselinux -> pcre2
[  311s] cycle: glibc -> glibc-common -> libselinux -> libsepol -> coreutils -> openssl-libs -> crypto-policies -> grep
[  311s]   breaking dependency libsepol -> coreutils
[  311s] cycle: glibc -> glibc-common -> libselinux -> libsepol -> bash -> filesystem -> coreutils -> openssl-libs -> crypto-policies -> grep
[  311s]   breaking dependency filesystem -> coreutils
[  311s] cycle: bash -> filesystem
[  311s]   breaking dependency filesystem -> bash
[  311s] cycle: filesystem -> setup
[  311s]   breaking dependency filesystem -> setup
[  311s] cycle: glibc -> glibc-common -> libselinux -> libsepol -> bash
[  311s]   breaking dependency bash -> glibc
[  311s] cycle: glibc -> glibc-common -> libselinux -> libsepol -> bash -> ncurses-libs
[  311s]   breaking dependency libsepol -> bash
[  311s] cycle: glibc -> glibc-common -> libselinux -> libsepol
[  311s]   breaking dependency glibc -> glibc-common
[  311s] cycle: systemd -> cryptsetup -> device-mapper
[  311s]   breaking dependency systemd -> cryptsetup
[  311s] cycle: perl-libs -> perl-Carp
[  311s]   breaking dependency perl-libs -> perl-Carp
[  311s] cycle: perl-libs -> perl-Exporter
[  311s]   breaking dependency perl-libs -> perl-Exporter
[  311s] cycle: perl-Carp -> perl-Exporter
[  311s]   breaking dependency perl-Exporter -> perl-Carp
[  311s] cycle: perl -> perl-PathTools
[  311s]   breaking dependency perl -> perl-PathTools
[  311s] cycle: perl -> perl-ExtUtils-MakeMaker
[  311s]   breaking dependency perl -> perl-ExtUtils-MakeMaker
[  311s] cycle: perl -> perl-File-Path -> perl-PathTools
[  311s]   breaking dependency perl -> perl-File-Path
[  311s] cycle: perl -> perl-Getopt-Long -> perl-Pod-Usage
[  311s]   breaking dependency perl -> perl-Getopt-Long
[  311s] cycle: perl -> perl-Locale-Maketext
[  311s]   breaking dependency perl -> perl-Locale-Maketext
[  311s] cycle: perl -> perl-Pod-Simple
[  311s]   breaking dependency perl -> perl-Pod-Simple
[  311s] cycle: perl -> perl-Socket
[  311s]   breaking dependency perl -> perl-Socket
[  311s] cycle: perl -> perl-Storable
[  311s]   breaking dependency perl -> perl-Storable
[  311s] cycle: perl -> perl-Text-Tabs+Wrap
[  311s]   breaking dependency perl -> perl-Text-Tabs+Wrap
[  311s] cycle: perl -> perl-Time-Local -> perl-constant
[  311s]   breaking dependency perl -> perl-Time-Local
[  311s] cycle: perl -> perl-constant
[  311s]   breaking dependency perl -> perl-constant
[  311s] cycle: perl -> perl-threads
[  311s]   breaking dependency perl -> perl-threads
[  311s] cycle: perl -> perl-threads-shared
[  311s]   breaking dependency perl -> perl-threads-shared
[  311s] cycle: perl -> perl-Archive-Tar
[  311s]   breaking dependency perl -> perl-Archive-Tar
[  311s] cycle: perl -> perl-B-Debug
[  311s]   breaking dependency perl -> perl-B-Debug
[  311s] cycle: perl -> perl-CPAN-Meta -> perl-CPAN-Meta-Requirements
[  311s]   breaking dependency perl -> perl-CPAN-Meta
[  311s] cycle: perl -> perl-CPAN-Meta-Requirements
[  311s]   breaking dependency perl -> perl-CPAN-Meta-Requirements
[  311s] cycle: perl -> perl-CPAN-Meta-YAML
[  311s]   breaking dependency perl -> perl-CPAN-Meta-YAML
[  311s] cycle: perl -> perl-Compress-Raw-Bzip2
[  311s]   breaking dependency perl -> perl-Compress-Raw-Bzip2
[  311s] cycle: perl -> perl-Compress-Raw-Zlib
[  311s]   breaking dependency perl -> perl-Compress-Raw-Zlib
[  311s] cycle: perl -> perl-Config-Perl-V
[  311s]   breaking dependency perl -> perl-Config-Perl-V
[  311s] cycle: perl -> perl-DB_File
[  311s]   breaking dependency perl -> perl-DB_File
[  311s] cycle: perl -> perl-Data-Dumper
[  311s]   breaking dependency perl -> perl-Data-Dumper
[  311s] cycle: perl -> perl-Devel-PPPort
[  311s]   breaking dependency perl -> perl-Devel-PPPort
[  311s] cycle: perl -> perl-Digest -> perl-MIME-Base64
[  311s]   breaking dependency perl -> perl-Digest
[  311s] cycle: perl -> perl-Digest-MD5 -> perl-Digest -> perl-MIME-Base64
[  311s]   breaking dependency perl -> perl-Digest-MD5
[  311s] cycle: perl -> perl-Digest-SHA
[  311s]   breaking dependency perl -> perl-Digest-SHA
[  311s] cycle: perl -> perl-Encode
[  311s]   breaking dependency perl -> perl-Encode
[  311s] cycle: perl -> perl-Env
[  311s]   breaking dependency perl -> perl-Env
[  311s] cycle: perl -> perl-ExtUtils-Command
[  311s]   breaking dependency perl -> perl-ExtUtils-Command
[  311s] cycle: perl -> perl-ExtUtils-Install
[  311s]   breaking dependency perl -> perl-ExtUtils-Install
[  311s] cycle: perl -> perl-ExtUtils-Manifest
[  311s]   breaking dependency perl -> perl-ExtUtils-Manifest
[  311s] cycle: perl -> perl-ExtUtils-ParseXS
[  311s]   breaking dependency perl -> perl-ExtUtils-ParseXS
[  311s] cycle: perl -> perl-File-Fetch -> perl-PathTools
[  311s]   breaking dependency perl -> perl-File-Fetch
[  311s] cycle: perl -> perl-File-Temp -> perl-PathTools
[  311s]   breaking dependency perl -> perl-File-Temp
[  311s] cycle: perl -> perl-Filter
[  311s]   breaking dependency perl -> perl-Filter
[  311s] cycle: perl -> perl-Filter-Simple -> perl-Filter
[  311s]   breaking dependency perl -> perl-Filter-Simple
[  311s] cycle: perl -> perl-HTTP-Tiny
[  311s]   breaking dependency perl -> perl-HTTP-Tiny
[  311s] cycle: perl -> perl-IO-Compress
[  311s]   breaking dependency perl -> perl-IO-Compress
[  311s] cycle: perl -> perl-IO-Socket-IP
[  311s]   breaking dependency perl -> perl-IO-Socket-IP
[  311s] cycle: perl -> perl-IPC-Cmd -> perl-ExtUtils-MakeMaker
[  311s]   breaking dependency perl -> perl-IPC-Cmd
[  311s] cycle: perl -> perl-IPC-SysV
[  311s]   breaking dependency perl -> perl-IPC-SysV
[  311s] cycle: perl -> perl-JSON-PP
[  311s]   breaking dependency perl -> perl-JSON-PP
[  311s] cycle: perl -> perl-Locale-Codes -> perl-constant
[  311s]   breaking dependency perl -> perl-Locale-Codes
[  311s] cycle: perl -> perl-MIME-Base64
[  311s]   breaking dependency perl -> perl-MIME-Base64
[  311s] cycle: perl -> perl-Math-BigInt
[  311s]   breaking dependency perl -> perl-Math-BigInt
[  311s] cycle: perl -> perl-Math-BigInt-FastCalc -> perl-Math-BigInt
[  311s]   breaking dependency perl -> perl-Math-BigInt-FastCalc
[  311s] cycle: perl -> perl-Math-BigRat -> perl-Math-BigInt
[  311s]   breaking dependency perl -> perl-Math-BigRat
[  311s] cycle: perl -> perl-Module-CoreList
[  311s]   breaking dependency perl -> perl-Module-CoreList
[  311s] cycle: perl -> perl-Module-Load -> perl-PathTools
[  311s]   breaking dependency perl -> perl-Module-Load
[  311s] cycle: perl -> perl-Module-Load-Conditional
[  311s]   breaking dependency perl -> perl-Module-Load-Conditional
[  311s] cycle: perl -> perl-Module-Metadata
[  311s]   breaking dependency perl -> perl-Module-Metadata
[  311s] cycle: perl -> perl-Params-Check
[  311s]   breaking dependency perl -> perl-Params-Check
[  311s] cycle: perl -> perl-PerlIO-via-QuotedPrint -> perl-MIME-Base64
[  311s]   breaking dependency perl -> perl-PerlIO-via-QuotedPrint
[  311s] cycle: perl -> perl-Pod-Checker
[  311s]   breaking dependency perl -> perl-Pod-Checker
[  311s] cycle: perl -> perl-Pod-Escapes
[  311s]   breaking dependency perl -> perl-Pod-Escapes
[  311s] cycle: perl -> perl-Pod-Parser
[  311s]   breaking dependency perl -> perl-Pod-Parser
[  311s] cycle: perl -> perl-Pod-Perldoc
[  311s]   breaking dependency perl -> perl-Pod-Perldoc
[  311s] cycle: perl -> perl-Pod-Usage
[  311s]   breaking dependency perl -> perl-Pod-Usage
[  311s] cycle: perl -> perl-Sys-Syslog
[  311s]   breaking dependency perl -> perl-Sys-Syslog
[  311s] cycle: perl -> perl-Term-Cap
[  311s]   breaking dependency perl -> perl-Term-Cap
[  311s] cycle: perl -> perl-Test-Harness
[  311s]   breaking dependency perl -> perl-Test-Harness
[  311s] cycle: perl -> perl-Test-Simple
[  311s]   breaking dependency perl -> perl-Test-Simple
[  311s] cycle: perl -> perl-Text-Balanced
[  311s]   breaking dependency perl -> perl-Text-Balanced
[  311s] cycle: perl -> perl-Thread-Queue -> perl-threads-shared
[  311s]   breaking dependency perl -> perl-Thread-Queue
[  311s] cycle: perl -> perl-Unicode-Collate -> perl-PathTools
[  311s]   breaking dependency perl -> perl-Unicode-Collate
[  311s] cycle: perl -> perl-autodie
[  311s]   breaking dependency perl -> perl-autodie
[  311s] cycle: perl -> perl-bignum -> perl-Math-BigInt
[  311s]   breaking dependency perl -> perl-bignum
[  311s] cycle: perl -> perl-devel
[  311s]   breaking dependency perl -> perl-devel
[  311s] cycle: perl -> perl-Encode-devel
[  311s]   breaking dependency perl -> perl-Encode-devel
[  311s] cycle: perl -> perl-experimental
[  311s]   breaking dependency perl -> perl-experimental
[  311s] cycle: perl -> perl-libnet -> perl-Digest-MD5 -> perl-Digest -> perl-MIME-Base64
[  311s]   breaking dependency perl -> perl-libnet
[  311s] cycle: perl -> perl-podlators
[  311s]   breaking dependency perl -> perl-podlators
[  311s] cycle: perl -> perl-version
[  311s]   breaking dependency perl -> perl-version
[  311s] cycle: glib2 -> gamin
[  311s]   breaking dependency glib2 -> gamin
[  311s] cycle: systemd -> gnutls -> unbound-libs -> shadow -> pam -> audit
[  311s]   breaking dependency systemd -> gnutls
[  311s] cycle: systemd -> pam -> audit
[  311s]   breaking dependency systemd -> pam
[  311s] cycle: systemd -> shadow -> pam -> audit
[  311s]   breaking dependency systemd -> shadow
[  311s] cycle: pam -> libpwquality
[  311s]   breaking dependency pam -> libpwquality
[  311s] cycle: perl-Getopt-Long -> perl-Pod-Usage
[  311s]   breaking dependency perl-Pod-Usage -> perl-Getopt-Long
[  311s] cycle: perl-Getopt-Long -> perl-Pod-Usage -> perl-podlators -> perl-Encode
[  311s]   breaking dependency perl-podlators -> perl-Encode
[  311s] cycle: perl-Getopt-Long -> perl-Pod-Usage -> perl-podlators
[  311s]   breaking dependency perl-podlators -> perl-Getopt-Long
[  311s] cycle: perl-Getopt-Long -> perl-Pod-Usage -> perl-podlators -> perl-Pod-Simple -> perl-Encode
[  311s]   breaking dependency perl-Encode -> perl-Getopt-Long
[  311s] cycle: perl-Getopt-Long -> perl-Pod-Usage -> perl-podlators -> perl-Pod-Simple
[  311s]   breaking dependency perl-podlators -> perl-Pod-Simple
[  311s] cycle: perl-Pod-Usage -> perl-podlators
[  311s]   breaking dependency perl-podlators -> perl-Pod-Usage
[  311s] cycle: groff -> perl-Getopt-Long -> perl-Pod-Usage -> perl-Pod-Perldoc
[  311s]   breaking dependency groff -> perl-Getopt-Long
[  311s] cycle: nss -> nss-util
[  311s]   breaking dependency nss -> nss-util
[  311s] cycle: nss -> nss-softokn -> nss-util
[  311s]   breaking dependency nss -> nss-softokn
[  311s] cycle: groovy-lib -> gpars
[  311s]   breaking dependency groovy-lib -> gpars
[  311s] cycle: libxcrypt-devel -> glibc-devel
[  311s]   breaking dependency glibc-devel -> libxcrypt-devel
[  311s] cycle: batik-css -> batik
[  311s]   breaking dependency batik -> batik-css
[  311s] cycle: xalan-j2 -> xerces-j2
[  311s]   breaking dependency xerces-j2 -> xalan-j2
[  311s] cycle: cmake-data -> cmake
[  311s]   breaking dependency cmake -> cmake-data
[  311s] cycle: perl-Getopt-Long -> perl-Pod-Usage -> perl-Pod-Perldoc -> perl-Pod-Simple
[  311s]   breaking dependency perl-Pod-Perldoc -> perl-Pod-Simple
[  311s] cycle: openssh -> openssh-server
[  311s]   breaking dependency openssh-server -> openssh
[  311s] cycle: git -> perl-Git
[  311s]   breaking dependency git -> perl-Git
[  311s] cycle: perl-ExtUtils-Install -> perl-ExtUtils-MakeMaker
[  311s]   breaking dependency perl-ExtUtils-MakeMaker -> perl-ExtUtils-Install
[  312s] done
[  312s] querying package ids...
[  367s] [1/538] installing cmake-filesystem-3.22.0-1.oe1
[  368s] [2/538] installing fonts-filesystem-2.0.2-2.oe1
[  369s] [3/538] installing fuse-common-3.9.2-5.oe1
[  371s] [4/538] installing javapackages-filesystem-5.3.0-3.oe1
[  372s] [5/538] installing kernel-headers-5.10-3.oe1
[  382s] [6/538] installing libreport-filesystem-2.13.1-5.oe1
[  384s] [7/538] installing ncurses-base-6.1-14.oe1
[  386s] [8/538] installing openEuler-gpg-keys-1.0-2.5.oe1
[  387s] [9/538] installing python-setuptools-59.4.0-3.oe1
[  389s] [10/538] installing qt5-srpm-macros-5.15.2-1.oe1
[  390s] [11/538] installing tzdata-2021a-2.oe1
[  399s] [12/538] installing tzdata-java-2021a-2.oe1
[  403s] [13/538] installing dnf-data-4.10.0-1.oe1
[  406s] [14/538] installing openEuler-repos-1.0-2.5.oe1
[  407s] [15/538] installing wqy-zenhei-fonts-0.9.46-21.oe1
[  418s] [16/538] installing openEuler-release-20.03LTS-40.oe1
[  419s] [17/538] installing filesystem-3.9-3.oe1
[  434s] warning: group mail does not exist - using root
[  434s] [18/538] installing emacs-filesystem-1:27.1-5.oe1
[  435s] [19/538] installing libgcc-10.3.1-20220105.6.oe1
[  437s] [20/538] installing setup-2.13.3-4.oe1
[  438s] [21/538] installing glibc-2.34-64.oe1
[  447s] [22/538] installing brotli-1.0.9-2.oe1
[  449s] [23/538] installing chrpath-0.16-12.oe1
[  450s] [24/538] installing cpio-2.13-4.oe1
[  452s] [25/538] installing diffutils-3.7-4.oe1
[  454s] [26/538] installing expat-2.2.10-1.oe1
[  455s] [27/538] installing giflib-5.2.1-2.oe1
[  457s] [28/538] installing json-c-0.15-1.oe1
[  458s] [29/538] installing keyutils-libs-1.6.3-3.oe1
[  459s] [30/538] installing libICE-1.0.10-2.oe1
[  461s] [31/538] installing libXau-1.0.9-2.oe1
[  462s] [32/538] installing libaio-0.3.112-1.oe1
[  463s] [33/538] installing libargon2-20190702-1.oe1
[  465s] [34/538] installing libatomic-10.3.1-20220105.6.oe1
[  466s] [35/538] installing libcap-ng-0.7.11-1.oe1
[  467s] [36/538] installing libev-4.24-11.oe1
[  470s] [37/538] installing libffi-3.3-31.oe1
[  471s] [38/538] installing libgomp-10.3.1-20220105.6.oe1
[  472s] [39/538] installing libgpg-error-1.41-1.oe1
[  474s] [40/538] installing libjpeg-turbo-2.0.6-1.oe1
[  476s] [41/538] installing libnghttp2-1.42.0-1.oe1
[  478s] [42/538] installing libpcap-14:1.9.1-7.oe1
[  479s] [43/538] installing libpipeline-1.5.3-1.oe1
[  480s] [44/538] installing libsigsegv-2.11-10.oe1
[  482s] [45/538] installing libsmartcols-2.36.1-3.oe1
[  483s] [46/538] installing libtasn1-4.16.0-2.oe1
[  485s] [47/538] installing libtool-ltdl-2.4.6-34.oe1
[  487s] [48/538] installing libunistring-0.9.10-8.oe1
[  489s] [49/538] installing libuuid-2.36.1-3.oe1
[  490s] [50/538] installing libuv-1:1.40.0-1.oe1
[  491s] [51/538] installing libxcrypt-4.4.8-4.oe1
[  493s] [52/538] installing libyaml-0.2.5-1.oe1
[  495s] [53/538] installing lz4-1.9.3-1.oe1
[  497s] [54/538] installing m4-1.4.18-14.oe1
[  498s] [55/538] installing nspr-4.32.0-1.oe1
[  503s] [56/538] installing pkgconf-1.7.3-1.oe1
[  505s] [57/538] installing rhash-1.3.5-5.oe1
[  507s] [58/538] installing which-2.21-14.oe1
[  508s] [59/538] installing xz-libs-5.2.5-1.oe1
[  510s] [60/538] installing zlib-1.2.11-18.oe1
[  511s] [61/538] installing attr-2.4.48-12.oe1
[  513s] [62/538] installing basesystem-12-2.oe1
[  514s] [63/538] installing libstdc++-10.3.1-20220105.6.oe1
[  516s] [64/538] installing ncurses-libs-6.1-14.oe1
[  518s] [65/538] installing libsepol-3.1-4.oe1
[  520s] [66/538] installing libstdc++-devel-10.3.1-20220105.6.oe1
[  532s] [67/538] installing audit-libs-1:3.0-2.oe1
[  533s] [68/538] installing elfutils-libelf-0.185-3.oe1
[  535s] [69/538] installing file-libs-5.39-6.oe1
[  539s] [70/538] installing gmp-1:6.2.1-3.oe1
[  541s] [71/538] installing iptables-libs-1.8.1-4.oe1
[  543s] [72/538] installing less-563-2.oe1
[  544s] [73/538] installing libacl-2.2.53-7.oe1
[  546s] [74/538] installing libassuan-2.5.4-1.oe1
[  547s] [75/538] installing libedit-3.1-27.oe1
[  548s] [76/538] installing libffi-devel-3.3-31.oe1
[  549s] [77/538] installing libfontenc-1.1.4-2.oe1
[  551s] [78/538] installing libgcrypt-1.8.7-1.oe1
[  553s] [79/538] installing libpng-2:1.6.37-1.oe1
[  554s] [80/538] installing libxcb-1.14-1.oe1
[  556s] [81/538] installing readline-8.0-2.oe1
[  558s] [82/538] installing fuse-2.9.9-6.oe1
[  560s] [83/538] installing gc-8.0.4-2.oe1
[  561s] [84/538] installing libSM-1.2.3-2.oe1
[  563s] [85/538] installing libdb-5.3.28-35.oe1
[  569s] [86/538] installing libselinux-3.1-3.oe1
[  571s] [87/538] installing libxml2-2.9.12-5.oe1
[  575s] [88/538] installing bash-5.1-1.oe1
[  580s] [89/538] installing perl-libs-4:5.28.0-435.oe1
[  589s] [90/538] installing zstd-1.4.8-2.oe1
[  592s] [91/538] installing ncurses-6.1-14.oe1
[  608s] [92/538] installing thin-provisioning-tools-0.8.5-1.oe1
[  611s] [93/538] installing perl-parent-1:0.237-4.oe1
[  612s] [94/538] installing perl-perlfaq-5.20180915-5.oe1
[  614s] [95/538] installing libX11-1.6.9-2.oe1
[  618s] [96/538] installing mpfr-4.1.0-1.oe1
[  621s] [97/538] installing nettle-3.6-6.oe1
[  623s] [98/538] installing pcre2-10.36-1.oe1
[  627s] [99/538] installing perl-Exporter-5.74-1.oe1
[  628s] [100/538] installing file-5.39-6.oe1
[  630s] [101/538] installing gdbm-1:1.18.1-1.oe1
[  632s] [102/538] installing patch-2.7.6-12.oe1
[  634s] [103/538] installing qrencode-4.1.1-1
[  635s] [104/538] installing sed-4.8-2.oe1
[  637s] [105/538] installing acl-2.2.53-7.oe1
[  640s] [106/538] installing libcomps-0.1.15-1.oe1
[  642s] [107/538] installing pcre-8.44-1.oe1
[  644s] [108/538] installing glibc-common-2.34-64.oe1
[  661s] [109/538] installing crontabs-1.11-21.oe1
[  663s] [110/538] installing libXcomposite-0.4.5-1.oe1
[  665s] [111/538] installing libXext-1.3.4-2.oe1
[  667s] [112/538] installing libXpm-3.5.12-11.oe1
[  671s] [113/538] installing libXrender-0.9.10-10.oe1
[  673s] [114/538] installing perl-Carp-1.50-418.oe1
[  674s] [115/538] installing perl-Perl-OSType-1.010-421.oe1
[  676s] [116/538] installing perl-Term-ANSIColor-4.06-511.oe1
[  677s] [117/538] installing libmpc-1.2.0-2.oe1
[  679s] [118/538] installing grep-3.6-1.oe1
[  683s] [119/538] installing libXt-1.2.0-0.oe1
[  685s] [120/538] installing gawk-5.0.1-2.oe1
[  688s] [121/538] installing libXi-1.7.10-1.oe1
[  690s] [122/538] installing perl-Text-ParseWords-3.30-419.oe1
[  692s] [123/538] installing crypto-policies-20180925-3.git71ca85f.oe1
[  701s] [124/538] installing libXmu-1.1.3-1.oe1
[  703s] [125/538] installing cpp-10.3.1-20220105.6.oe1
[  716s] [126/538] installing libXtst-1.2.3-10.oe1
[  718s] [127/538] installing openssl-libs-1:1.1.1f-2.oe1
[  722s] [128/538] installing libXaw-1.0.13-13.oe1
[  726s] [129/538] installing ima-evm-utils-libs-1.2.1-8.oe1
[  728s] [130/538] installing libevent-2.1.12-4
[  731s] [131/538] installing kmod-libs-27-4.oe1
[  733s] [132/538] installing kmod-27-4.oe1
[  737s] [133/538] installing nodejs-libs-1:16.10.0-1.oe1
[  789s] [134/538] installing coreutils-8.31-4.oe1
[  799s] [135/538] installing alsa-lib-1.2.4-1.oe1
[  803s] [136/538] installing elfutils-default-yama-scope-0.185-3.oe1
[  804s] /usr/lib/systemd/systemd-sysctl: error while loading shared libraries: libseccomp.so.2: cannot open shared object file: No such file or directory
[  804s] [137/538] installing publicsuffix-list-20200718-1.oe1
[  807s] [138/538] installing uname-build-checks-1.0-0.4.oe1
[  808s] [139/538] installing bzip2-1.0.8-3.oe1
[  811s] [140/538] installing gzip-1.10-1.oe1
[  813s] [141/538] installing hostname-3.21-2.oe1
[  815s] [142/538] installing libcap-2.32-2.oe1
[  817s] [143/538] installing libseccomp-2.4.3-2.oe1
[  820s] [144/538] installing lksctp-tools-1.0.16-11.oe1
[  824s] [145/538] installing npth-1.5-7.oe1
[  826s] [146/538] installing popt-1.18-1.oe1
[  829s] [147/538] installing fipscheck-1.5.0-7.oe1
[  833s] [148/538] installing libblkid-2.36.1-3.oe1
[  836s] [149/538] installing libidn2-2.3.0-1.oe1
[  841s] [150/538] installing libksba-1.3.5-12.oe1
[  844s] [151/538] installing tar-2:1.32-3.oe1
[  848s] [152/538] installing tcl-1:8.6.10-3.oe1
[  855s] [153/538] installing apr-1.7.0-4.oe1
[  858s] [154/538] installing info-6.7-2.oe1
[  860s] [155/538] installing jsoncpp-1.9.4-1.oe1
[  863s] [156/538] installing libgpg-error-devel-1.41-1.oe1
[  865s] [157/538] installing lua-5.3.5-6.oe1
[  868s] [158/538] installing slang-2.3.2-8.oe1
[  875s] [159/538] installing xz-5.2.5-1.oe1
[  877s] [160/538] installing libxslt-1.1.32-7.oe1
[  880s] [161/538] installing perl-Scalar-List-Utils-3:1.52-2.oe1
[  883s] [162/538] installing perl-Time-HiRes-1.9760-2.oe1
[  885s] [163/538] installing perl-Unicode-Normalize-1.26-419.oe1
[  888s] [164/538] installing systemd-libs-243-22.oe1
[  893s] [165/538] installing guile-5:2.0.14-15.oe1
[  908s] [166/538] installing dbus-libs-1:1.12.20-3.oe1
[  911s] [167/538] installing zip-3.0-29.oe1
[  913s] [168/538] installing libfdisk-2.36.1-3.oe1
[  917s] [169/538] installing libtcnative-1-0-1.2.23-3.oe1
[  920s] [170/538] installing newt-0.52.21-4.oe1
[  924s] [171/538] installing p11-kit-0.23.22-1.oe1
[  929s] [172/538] installing procps-ng-3.3.16-15.oe1
[  932s] [173/538] installing elfutils-libs-0.185-3.oe1
[  936s] [174/538] installing libmount-2.36.1-3.oe1
[  939s] [175/538] installing lua-posix-33.3.1-12.oe1
[  942s] [176/538] installing unzip-6.0-47.oe1
[  944s] [177/538] installing cracklib-2.9.7-6.oe1
[  953s] [178/538] installing e2fsprogs-1.45.6-3.oe1
[  958s] [179/538] installing findutils-2:4.7.0-7.oe1
[  961s] [180/538] installing libsemanage-3.1-4.oe1
[  963s] [181/538] installing make-1:4.2.1-15.oe1
[  966s] [182/538] installing sqlite-3.24.0-9.oe1
[  970s] [183/538] installing logrotate-3.15.1-2.oe1
[  973s] [184/538] installing freetype-2.10.2-3.oe1
[  976s] [185/538] installing glibc-devel-2.34-64.oe1
[  992s] [186/538] installing libgcrypt-devel-1.8.7-1.oe1
[  994s] [187/538] installing gnupg2-2.2.27-2.oe1
[ 1001s] [188/538] installing libarchive-3.5.1-1.oe1
[ 1004s] [189/538] installing dbus-tools-1:1.12.20-3.oe1
[ 1006s] [190/538] installing libxcrypt-devel-4.4.8-4.oe1
[ 1009s] [191/538] installing copy-jdk-configs-4.0-1.oe1
[ 1012s] [192/538] installing gpgme-1.15.1-1.oe1
[ 1015s] [193/538] installing obs-env-1.0-5.oe1
[ 1025s] [194/538] installing chkconfig-1.14-2.oe1
[ 1029s] [195/538] installing elfutils-0.185-3.oe1
[ 1033s] [196/538] installing xorg-x11-font-utils-1:7.5-43.oe1
[ 1035s] [197/538] installing fontconfig-2.13.92-1.oe1
[ 1043s] [198/538] installing glib2-2.66.8-1.oe1
[ 1053s] [199/538] installing rpm-libs-4.15.1-25.oe1
[ 1056s] [200/538] installing libcroco-0.6.12-13.oe1
[ 1059s] [201/538] installing gamin-0.1.10-38.oe1
[ 1062s] [202/538] installing libsecret-0.18.6-5.oe1
[ 1065s] [203/538] installing libverto-0.3.1-2.oe1
[ 1068s] [204/538] installing xorg-x11-fonts-others-7.5-24
[ 1093s] [205/538] installing libmodulemd-2.13.0-1.oe1
[ 1096s] [206/538] installing binutils-2.37-6.oe1
[ 1108s] [207/538] installing p11-kit-trust-0.23.22-1.oe1
[ 1110s] [208/538] installing babeltrace-1.5.8-1.oe1
[ 1113s] [209/538] installing ca-certificates-2020.2.46-2.oe1
[ 1125s] [210/538] installing gettext-0.20.1-2.oe1
[ 1130s] [211/538] installing krb5-libs-1.18.2-3.oe1
[ 1136s] [212/538] installing gcc-10.3.1-20220105.6.oe1
[ 1167s] [213/538] installing python-pip-wheel-19.2.3-2.fc32
[ 1168s] [214/538] installing libtirpc-1.3.1-1.oe1
[ 1171s] [215/538] installing cyrus-sasl-lib-2.1.27-10.oe1
[ 1173s] [216/538] installing libssh-0.9.5-1.oe1
[ 1175s] [217/538] installing gcc-c++-10.3.1-20220105.6.oe1
[ 1188s] [218/538] installing openldap-2.4.46-15.oe1
[ 1190s] [219/538] installing libnsl2-1.3.0-2.oe1
[ 1194s] [220/538] installing python3-3.8.5-13.oe1
[ 1228s] [221/538] installing python3-pyparsing-2.4.5-1.fc32
[ 1231s] [222/538] installing python3-setuptools-59.4.0-3.oe1
[ 1238s] [223/538] installing python3-setuptools_scm-3.3.3-6.fc32
[ 1240s] [224/538] installing python3-six-1.15.0-3.oe1
[ 1243s] [225/538] installing python3-gpgme-1.15.1-1.oe1
[ 1254s] [226/538] installing python3-lxml-4.4.1-3.fc32
[ 1260s] [227/538] installing python3-libcomps-0.1.15-1.oe1
[ 1262s] [228/538] installing libpsl-0.21.1-1.oe1
[ 1265s] [229/538] installing gdb-headless-9.2-5.oe1
[ 1273s] [230/538] installing systemtap-sdt-devel-4.1-3.oe1
[ 1275s] [231/538] installing gdb-9.2-5.oe1
[ 1277s] [232/538] installing python3-javapackages-5.3.0-3.oe1
[ 1280s] [233/538] installing python3-pip-19.2.3-2.fc32
[ 1294s] [234/538] installing libcurl-7.79.1-1.oe1
[ 1297s] [235/538] installing curl-7.79.1-1.oe1
[ 1299s] [236/538] installing librepo-1.14.2-2.oe1
[ 1301s] [237/538] installing rpm-4.15.1-25.oe1
[ 1305s] [238/538] installing efi-srpm-macros-4-3.oe1
[ 1308s] [239/538] installing cmake-rpm-macros-3.22.0-1.oe1
[ 1310s] [240/538] installing libsolv-0.7.20-1.oe1
[ 1312s] [241/538] installing python3-rpm-4.15.1-25.oe1
[ 1314s] [242/538] installing openEuler-rpm-config-30-22.oe1
[ 1317s] [243/538] installing cmake-3.22.0-1.oe1
[ 1335s] [244/538] installing libdnf-0.65.0-2.oe1
[ 1339s] [245/538] installing cmake-data-3.22.0-1.oe1
[ 1367s] [246/538] installing python3-libdnf-0.65.0-2.oe1
[ 1390s] [247/538] installing perl-4:5.28.0-435.oe1
[ 1404s] [248/538] installing perl-B-Debug-1.26-4.oe1
[ 1406s] [249/538] installing perl-Env-1.04-397.oe1
[ 1407s] [250/538] installing perl-Devel-PPPort-3.42-4.oe1
[ 1409s] [251/538] installing perl-Pod-Escapes-1:1.07-419.oe1
[ 1414s] [252/538] installing perl-Text-Tabs+Wrap-2013.0523-419.oe1
[ 1416s] [253/538] installing perl-Algorithm-Diff-1.1903-14.oe1
[ 1419s] [254/538] installing perl-Params-Check-1:0.38-418.oe1
[ 1426s] [255/538] installing perl-Term-Cap-1.17-510.oe1
[ 1428s] [256/538] installing perl-TermReadKey-2.38-2.oe1
[ 1431s] [257/538] installing perl-Text-Balanced-2.03-420.oe1
[ 1433s] [258/538] installing perl-threads-1:2.22-419.oe1
[ 1435s] [259/538] installing openssl-1:1.1.1f-2.oe1
[ 1438s] [260/538] installing perl-Config-Perl-V-0.30-5.oe1
[ 1442s] [261/538] installing perl-Error-1:0.17029-1.oe1
[ 1443s] [262/538] installing perl-Filter-2:1.59-2.oe1
[ 1446s] [263/538] installing perl-IPC-SysV-2.07-5.oe1
[ 1448s] [264/538] installing perl-Locale-Maketext-1:1.28-1.oe1
[ 1450s] [265/538] installing perl-constant-1.33-421.oe1
[ 1452s] [266/538] installing perl-MIME-Base64-3.15-418.oe1
[ 1455s] [267/538] installing perl-CPAN-Meta-YAML-0.018-420.oe1
[ 1457s] [268/538] installing perl-Socket-4:2.029-2.oe1
[ 1459s] [269/538] installing perl-Storable-1:3.15-2.oe1
[ 1461s] [270/538] installing python3-hawkey-0.65.0-2.oe1
[ 1464s] [271/538] installing perl-PerlIO-via-QuotedPrint-0.08-397.oe1
[ 1465s] [272/538] installing perl-Digest-1.17-419.oe1
[ 1467s] [273/538] installing perl-Filter-Simple-1:0.94-1.oe1
[ 1469s] [274/538] installing perl-IO-Socket-IP-0.39-420.oe1
[ 1470s] [275/538] installing perl-Text-Diff-1.45-7.oe1
[ 1472s] [276/538] installing perl-Time-Local-2:1.280-6.oe1
[ 1474s] [277/538] installing perl-version-8:0.99.24-3.oe1
[ 1476s] [278/538] installing perl-IPC-System-Simple-1.25-19.oe1
[ 1478s] [279/538] installing perl-threads-shared-1.59-2.oe1
[ 1481s] [280/538] installing perl-Compress-Raw-Bzip2-2.100-1.oe1
[ 1484s] [281/538] installing perl-Compress-Raw-Zlib-1:2.100-1.oe1
[ 1486s] [282/538] installing perl-Locale-Codes-3.58-2.oe1
[ 1489s] [283/538] installing perl-Math-BigInt-1:1.9998.13-5.oe1
[ 1491s] [284/538] installing perl-PathTools-3.75-4.oe1
[ 1493s] [285/538] installing python3-dnf-4.10.0-1.oe1
[ 1498s] [286/538] installing perl-Data-Dumper-2.172-3.oe1
[ 1500s] [287/538] installing perl-Sys-Syslog-0.35-420.oe1
[ 1505s] [288/538] installing perl-Encode-4:2.98-9.oe1
[ 1511s] [289/538] installing autogen-5.18.16-1.oe1
[ 1514s] [290/538] installing nodejs-1:16.10.0-1.oe1
[ 1518s] [291/538] installing systemd-243-22.oe1
[ 1539s] /var/tmp/rpm-tmp.NaKbD6: line 8: groupadd: command not found
[ 1539s] /var/tmp/rpm-tmp.NaKbD6: line 10: groupadd: command not found
[ 1539s] /var/tmp/rpm-tmp.NaKbD6: line 13: groupadd: command not found
[ 1539s] /var/tmp/rpm-tmp.NaKbD6: line 16: groupadd: command not found
[ 1539s] [292/538] installing dbus-common-1:1.12.20-3.oe1
[ 1541s] [293/538] installing nodejs-source-map-0.5.6-1.oe1
[ 1543s] [294/538] installing perl-Module-Load-1:0.32-418.oe1
[ 1546s] [295/538] installing nodejs-packaging-20-1.oe1
[ 1549s] [296/538] installing dnf-4.10.0-1.oe1
[ 1553s] Failed to preset unit, unit dnf-automatic.timer does not exist.
[ 1553s] Failed to preset unit, unit dnf-automatic-notifyonly.timer does not exist.
[ 1553s] Failed to preset unit, unit dnf-automatic-download.timer does not exist.
[ 1553s] Failed to preset unit, unit dnf-automatic-install.timer does not exist.
[ 1553s] [297/538] installing perl-File-Which-1.23-1.oe1
[ 1555s] [298/538] installing perl-Thread-Queue-3.13-3.oe1
[ 1557s] [299/538] installing perl-experimental-0.020-2.oe1
[ 1558s] [300/538] installing perl-Digest-MD5-2.55-419.oe1
[ 1561s] [301/538] installing perl-File-Path-2.16-4.oe1
[ 1563s] [302/538] installing perl-Math-BigInt-FastCalc-0.500.700-4.oe1
[ 1565s] [303/538] installing perl-Module-Metadata-1.000036-3.oe1
[ 1567s] [304/538] installing perl-CPAN-Meta-Requirements-2.140-419.oe1
[ 1569s] [305/538] installing perl-Encode-devel-4:2.98-9.oe1
[ 1571s] [306/538] installing perl-HTTP-Tiny-0.076-3.oe1
[ 1573s] [307/538] installing perl-Math-BigRat-0.2614-2.oe1
[ 1575s] [308/538] installing audit-1:3.0-2.oe1
[ 1580s] [309/538] installing perl-DB_File-1.842-2.oe1
[ 1582s] [310/538] installing perl-autodie-2.29-398.oe1
[ 1584s] [311/538] installing perl-Unicode-Collate-1.25-4.oe1
[ 1589s] [312/538] installing perl-IO-Compress-2.081-6.oe1
[ 1591s] [313/538] installing perl-podlators-1:4.14-1.oe1
[ 1593s] [314/538] installing perl-ExtUtils-Command-1:7.60-1.oe1
[ 1594s] [315/538] installing perl-ExtUtils-Manifest-1:1.71-4.oe1
[ 1597s] [316/538] installing perl-bignum-0.50-4.oe1
[ 1598s] [317/538] installing perl-File-Temp-1:0.230.800-4.oe1
[ 1604s] [318/538] installing perl-libnet-3.11-420.oe1
[ 1606s] [319/538] installing pam-1.5.1-1.oe1
[ 1613s] [320/538] installing libpwquality-1.4.4-1.oe1
[ 1617s] [321/538] installing perl-File-HomeDir-1.004-4.oe1
[ 1619s] [322/538] installing shadow-2:4.8.1-5.oe1
[ 1623s] [323/538] installing perl-Test-Simple-2:1.302175-2.oe1
[ 1626s] [324/538] installing libutempter-1.1.6-16.oe1
[ 1630s] [325/538] installing unbound-libs-1.10.1-4.oe1
[ 1638s] [326/538] installing dbus-daemon-1:1.12.20-3.oe1
[ 1645s] [327/538] installing openssh-server-8.2p1-10.oe1
[ 1649s] Created symlink /etc/systemd/system/multi-user.target.wants/sshd.service -> /usr/lib/systemd/system/sshd.service.
[ 1649s] [328/538] installing groff-1.22.4-4.oe1
[ 1662s] [329/538] installing dbus-1:1.12.20-3.oe1
[ 1664s] [330/538] installing man-db-2.9.3-2.oe1
[ 1674s] [331/538] installing perl-Pod-Perldoc-1:3.28-3.oe1
[ 1676s] [332/538] installing gnutls-3.6.15-3.oe1
[ 1680s] [333/538] installing util-linux-2.36.1-3.oe1
[ 1693s] [334/538] installing nss-help-3.72.0-2.oe1
[ 1697s] [335/538] installing perl-Pod-Usage-4:1.69-418.oe1
[ 1698s] [336/538] installing device-mapper-8:1.02.172-1.oe1
[ 1702s] [337/538] installing openssh-8.2p1-10.oe1
[ 1705s] [338/538] installing perl-Getopt-Long-1:2.52-1.oe1
[ 1708s] [339/538] installing cryptsetup-2.3.3-3.oe1
[ 1712s] [340/538] installing device-mapper-event-8:1.02.172-1.oe1
[ 1716s] Created symlink /etc/systemd/system/sockets.target.wants/dm-event.socket -> /usr/lib/systemd/system/dm-event.socket.
[ 1716s] [341/538] installing nss-3.72.0-2.oe1
[ 1729s] [342/538] installing openssh-clients-8.2p1-10.oe1
[ 1732s] [343/538] installing nss-util-3.72.0-2.oe1
[ 1735s] [344/538] installing perl-ExtUtils-ParseXS-2:3.35-1.oe1
[ 1737s] [345/538] installing perl-Module-CoreList-1:5.20180920-2.oe1
[ 1739s] [346/538] installing perl-Digest-SHA-1:6.02-7.oe1
[ 1743s] [347/538] installing perl-Pod-Parser-1.63-397.oe1
[ 1745s] [348/538] installing perl-Pod-Simple-1:3.35-418.oe1
[ 1747s] [349/538] installing perl-Test-Harness-1:3.43_02-1.oe1
[ 1751s] [350/538] installing perl-Archive-Tar-2.30-421.oe1
[ 1754s] [351/538] installing perl-JSON-PP-1:4.04-2.oe1
[ 1757s] [352/538] installing lvm2-8:2.03.11-1.oe1
[ 1768s] Created symlink /etc/systemd/system/sysinit.target.wants/lvm2-lvmpolld.socket -> /usr/lib/systemd/system/lvm2-lvmpolld.socket.
[ 1769s] [353/538] installing autoconf-2.69-30.oe1
[ 1774s] [354/538] installing git-2.23.0-12.oe1
[ 1790s] [355/538] installing nss-softokn-3.72.0-2.oe1
[ 1794s] [356/538] installing perl-Pod-Checker-4:1.73-398.oe1
[ 1796s] [357/538] installing perl-Git-2.23.0-12.oe1
[ 1797s] [358/538] installing perl-CPAN-Meta-2.150010-419.oe1
[ 1801s] [359/538] installing perl-Module-Load-Conditional-0.68-418.oe1
[ 1803s] [360/538] installing automake-1.16.1-6.oe1
[ 1807s] [361/538] installing perl-ExtUtils-MakeMaker-1:7.60-1.oe1
[ 1809s] [362/538] installing perl-ExtUtils-Install-2.14-419.oe1
[ 1811s] [363/538] installing perl-IPC-Cmd-2:1.04-4.oe1
[ 1813s] [364/538] installing java-1.8.0-openjdk-headless-1:1.8.0.181.b15-1.1.riscv64.fc29
[ 1873s] [365/538] installing rpm-build-4.15.1-25.oe1
[ 1876s] [366/538] installing ant-lib-1.10.5-2.fc29
[ 1879s] [367/538] installing aopalliance-1.0-19.oe1
[ 1881s] [368/538] installing apache-commons-cli-1.4-6.oe1
[ 1882s] [369/538] installing apache-commons-collections-3.2.2-11.oe1
[ 1885s] [370/538] installing apache-commons-compress-1.17-6.oe1
[ 1887s] [371/538] installing apache-commons-lang-2.6-23.oe1
[ 1892s] [372/538] installing apache-commons-lang3-3.9-3.oe1
[ 1894s] [373/538] installing apache-ivy-2.4.0-17.oe1
[ 1908s] [374/538] installing apache-resource-bundles-2-23.oe1
[ 1909s] [375/538] installing atinject-1-31.oe1
[ 1912s] [376/538] installing avalon-logkit-2.1-32.oe1
[ 1913s] [377/538] installing beust-jcommander-1.71-7.oe1
[ 1915s] [378/538] installing dain-snappy-0.4-7.oe1
[ 1917s] [379/538] installing extra166y-1.7.0-11.oe1
[ 1921s] [380/538] installing geronimo-annotation-1.0-25.oe1
[ 1922s] [381/538] installing glassfish-el-api-3.0.1-0.7.b09.oe1
[ 1928s] [382/538] installing guava20-20.0-8.fc29
[ 1931s] [383/538] installing hawtjni-runtime-1.16-4.oe1
[ 1933s] [384/538] installing httpcomponents-core-4.4.10-4.oe1
[ 1950s] [385/538] installing jboss-interceptors-1.2-api-1.0.0-9.oe1
[ 1952s] [386/538] installing jdom2-2.0.6-14.oe1
[ 1954s] [387/538] installing jzlib-1.1.3-11.oe1
[ 1957s] [388/538] installing maven-monitor-2.2.1-60.oe1
[ 1958s] [389/538] installing maven-resolver-api-1:1.1.1-3.oe1
[ 1960s] [390/538] installing multiverse-0.7.0-10.oe1
[ 1966s] [391/538] installing objenesis-2.6-4.oe1
[ 1970s] [392/538] installing osgi-core-7.0.0-1.oe1
[ 1971s] [393/538] installing plexus-cipher-1.7-16.oe1
[ 1973s] [394/538] installing plexus-classworlds-2.5.2-10.oe1
[ 1975s] [395/538] installing plexus-containers-component-annotations-1.7.1-7.oe1
[ 1976s] [396/538] installing plexus-interpolation-1.22-11.oe1
[ 1977s] [397/538] installing plexus-utils-3.1.0-4.oe1
[ 1979s] [398/538] installing qdox-2.0-5.M9.oe1
[ 1981s] [399/538] installing slf4j-1.7.25-8.oe1
[ 1982s] [400/538] installing sonatype-oss-parent-7-17.oe1
[ 1984s] [401/538] installing xml-commons-apis-1.4.01-29.oe1
[ 1999s] [402/538] installing xmvn-api-3.0.0-25.oe1
[ 2001s] [403/538] installing xmvn-core-3.0.0-25.oe1
[ 2002s] [404/538] installing xpp3-1.1.4-21.oe1
[ 2004s] [405/538] installing xz-java-1.8-4.oe1
[ 2007s] [406/538] installing ecj-1:4.9-1.fc29
[ 2014s] [407/538] installing netty-tcnative-1.1.33-1.oe1
[ 2016s] [408/538] installing antlr-tool-2.7.7-60.oe1
[ 2018s] [409/538] installing javapackages-tools-5.3.0-3.oe1
[ 2021s] [410/538] installing gcc_secure-1.0-0.9.oe1
[ 2023s] [411/538] installing perl-File-Fetch-0.56-4.oe1
[ 2025s] [412/538] installing perl-devel-4:5.28.0-435.oe1
[ 2039s] [413/538] installing java-1.8.0-openjdk-1:1.8.0.181.b15-1.1.riscv64.fc29
[ 2042s] [414/538] installing ant-1.10.5-2.fc29
[ 2046s] [415/538] installing apache-commons-codec-1.11-4.fc29
[ 2048s] [416/538] installing apache-commons-logging-1.2-14.fc29
[ 2050s] [417/538] installing avalon-framework-4.3-22.oe1
[ 2052s] [418/538] installing jansi-native-1.7-7.oe1
[ 2055s] [419/538] installing jcsp-1.1-0.13.oe1
[ 2074s] [420/538] installing maven-artifact-2.2.1-60.oe1
[ 2076s] [421/538] installing maven-model-2.2.1-60.oe1
[ 2077s] [422/538] installing maven-resolver-spi-1:1.1.1-3.oe1
[ 2079s] [423/538] installing maven-resolver-util-1:1.1.1-3.oe1
[ 2081s] [424/538] installing maven-wagon-provider-api-3.1.0-2.oe1
[ 2083s] [425/538] installing plexus-build-api-0.0.7-23.oe1
[ 2084s] [426/538] installing plexus-component-api-1.0-0.25.alpha16.oe1
[ 2086s] [427/538] installing xstream-1.4.9-8.fc29
[ 2088s] [428/538] installing log4j12-1.2.17-23.fc29
[ 2090s] [429/538] installing maven-invoker-2.2-9.oe1
[ 2093s] [430/538] installing netty3-3.10.6-5.fc29
[ 2098s] [431/538] installing objectweb-asm-7.0-1.oe1
[ 2100s] [432/538] installing plexus-sec-dispatcher-1.4-26.oe1
[ 2102s] [433/538] installing velocity-1.7-26.oe1
[ 2105s] [434/538] installing xml-commons-resolver-1.2-27.oe1
[ 2106s] [435/538] installing xmvn-connector-aether-3.0.0-25.oe1
[ 2108s] [436/538] installing cdi-api-1.2-9.oe1
[ 2110s] [437/538] installing google-guice-4.1-13.oe1
[ 2111s] [438/538] installing xmvn-resolve-3.0.0-25.oe1
[ 2113s] [439/538] installing xmvn-subst-3.0.0-25.oe1
[ 2115s] [440/538] installing java-1.8.0-openjdk-devel-1:1.8.0.181.b15-1.1.riscv64.fc29
[ 2135s] [441/538] installing bsf-2.4.0-32.oe1
[ 2137s] [442/538] installing cglib-3.2.4-8.fc29
[ 2139s] [443/538] installing fontbox-2.0.9-2.fc29
[ 2150s] [444/538] installing apache-commons-configuration-1.10-13.oe1
[ 2153s] [445/538] installing jakarta-commons-httpclient-1:3.1-30.oe1
[ 2164s] [446/538] installing jansi-1.17.1-2.oe1
[ 2166s] [447/538] installing maven-dependency-tree-3.0-7.oe1
[ 2168s] [448/538] installing plexus-interactivity-api-1.0-0.27.alpha6.fc29
[ 2170s] [449/538] installing plexus-languages-0.9.10-4.oe1
[ 2172s] [450/538] installing ant-antlr-1.10.5-2.fc29
[ 2175s] [451/538] installing maven-resolver-impl-1:1.1.1-3.oe1
[ 2177s] [452/538] installing xmvn-mojo-3.0.0-25.oe1
[ 2178s] [453/538] installing httpcomponents-client-4.5.5-6.oe1
[ 2181s] [454/538] installing sisu-inject-1:0.3.3-5.oe1
[ 2188s] [455/538] installing xerces-j2-2.11.0-37.oe1
[ 2192s] [456/538] installing xmvn-install-3.0.0-25.oe1
[ 2193s] [457/538] installing jline-2.14.6-4.oe1
[ 2197s] [458/538] installing easymock-3.5-4.fc29
[ 2199s] [459/538] installing xalan-j2-2.7.1-38.fc29
[ 2203s] [460/538] installing javapackages-local-5.3.0-3.oe1
[ 2206s] [461/538] installing groovy-lib-2.4.8-7.fc29
[ 2218s] [462/538] installing groovy-xml-2.4.8-7.fc29
[ 2220s] [463/538] installing hamcrest-1.3-25.oe1
[ 2222s] [464/538] installing bsh-2.0-15.b6.oe1
[ 2228s] [465/538] installing gpars-1.2.1-12.fc29
[ 2230s] [466/538] installing scala-2.10.6-14.fc29
[ 2252s] [467/538] installing xbean-4.9-3.oe1
[ 2260s] [468/538] installing junit-1:4.12-14.oe1
[ 2262s] [469/538] installing groovy-templates-2.4.8-7.fc29
[ 2264s] [470/538] installing parboiled-1.1.6-17.oe1
[ 2266s] [471/538] installing plexus-containers-container-default-1.7.1-7.oe1
[ 2268s] [472/538] installing apache-commons-io-1:2.6-7.oe1
[ 2270s] [473/538] installing maven-doxia-logging-api-1.7-12.oe1
[ 2272s] [474/538] installing pegdown-1.4.2-14.oe1
[ 2276s] [475/538] installing groovy-groovydoc-2.4.8-7.fc29
[ 2277s] [476/538] installing maven-plugin-registry-2.2.1-60.oe1
[ 2279s] [477/538] installing plexus-i18n-1.0-0.12.b10.6.oe1
[ 2281s] [478/538] installing plexus-resources-1.0-0.25.a7.oe1
[ 2283s] [479/538] installing ant-junit-1.10.5-2.fc29
[ 2285s] [480/538] installing plexus-cli-1.6-9.oe1
[ 2287s] [481/538] installing plexus-velocity-1.2-6.oe1
[ 2289s] [482/538] installing xmlunit-1.6-10.oe1
[ 2292s] [483/538] installing maven-profile-2.2.1-60.oe1
[ 2294s] [484/538] installing maven-settings-2.2.1-60.oe1
[ 2296s] [485/538] installing maven-doxia-sink-api-1.7-12.oe1
[ 2297s] [486/538] installing maven-shared-utils-3.2.1-2.oe1
[ 2299s] [487/538] installing plexus-io-3.0.0-4.oe1
[ 2301s] [488/538] installing xmlgraphics-commons-2.2-3.oe1
[ 2314s] [489/538] installing groovy-ant-2.4.8-7.fc29
[ 2315s] [490/538] installing maven-reporting-api-3.0-17.oe1
[ 2318s] [491/538] installing maven-verifier-1.6-8.oe1
[ 2321s] [492/538] installing batik-1.10-2.fc29
[ 2329s] [493/538] installing gmetrics-0.7-5.fc29
[ 2331s] [494/538] installing plexus-archiver-3.6.0-3.oe1
[ 2338s] [495/538] installing maven-doxia-core-1.7-12.oe1
[ 2339s] [496/538] installing maven-lib-1:3.5.4-8.oe1
[ 2344s] [497/538] installing maven-artifact-resolver-1:1.0-21.oe1
[ 2346s] [498/538] installing batik-css-1.10-2.fc29
[ 2347s] [499/538] installing maven-common-artifact-filters-3.0.1-7.oe1
[ 2350s] [500/538] installing maven-enforcer-api-1.4.1-11.oe1
[ 2353s] [501/538] installing maven-plugin-testing-harness-3.3.0-14.oe1
[ 2354s] [502/538] installing maven-shared-incremental-1.1-16.oe1
[ 2358s] [503/538] installing maven-doxia-module-apt-1.7-12.oe1
[ 2359s] [504/538] installing maven-doxia-module-fml-1.7-12.oe1
[ 2361s] [505/538] installing maven-doxia-module-xdoc-1.7-12.oe1
[ 2362s] [506/538] installing maven-doxia-module-xhtml-1.7-12.oe1
[ 2364s] [507/538] installing maven-shared-io-1:3.0.0-7.oe1
[ 2366s] [508/538] installing maven-artifact-manager-2.2.1-60.oe1
[ 2367s] [509/538] installing maven-filtering-3.1.1-7.oe1
[ 2372s] [510/538] installing maven-archiver-3.2.0-5.oe1
[ 2375s] [511/538] installing fop-2.2-2.fc29
[ 2381s] [512/538] installing xmvn-minimal-3.0.0-25.oe1
[ 2383s] [513/538] installing maven-file-management-1:3.0.0-7.oe1
[ 2385s] [514/538] installing maven-jar-plugin-3.1.0-3.oe1
[ 2387s] [515/538] installing maven-resources-plugin-3.1.0-4.oe1
[ 2389s] [516/538] installing maven-doxia-module-markdown-1.7-12.oe1
[ 2391s] [517/538] installing maven-artifact-transfer-1:0.9.0-7.oe1
[ 2392s] [518/538] installing maven-doxia-module-fo-1.7-12.oe1
[ 2394s] [519/538] installing maven-project-2.2.1-60.oe1
[ 2396s] [520/538] installing maven-enforcer-rules-1.4.1-11.oe1
[ 2397s] [521/538] installing gmavenplus-plugin-1.5-8.oe1
[ 2399s] [522/538] installing plexus-containers-component-metadata-1.7.1-7.oe1
[ 2401s] [523/538] installing maven-remote-resources-plugin-1.5-4.oe1
[ 2403s] [524/538] installing maven-doxia-sitetools-1.7.5-5.oe1
[ 2407s] [525/538] installing maven-enforcer-plugin-1.4.1-11.oe1
[ 2409s] [526/538] installing maven-javadoc-plugin-3.0.1-3.oe1
[ 2410s] [527/538] installing plexus-pom-5.0-4.oe1
[ 2414s] [528/538] installing apache-parent-19-5.oe1
[ 2416s] [529/538] installing maven-parent-27-7.oe1
[ 2418s] [530/538] installing plexus-components-pom-1.3.1-14.oe1
[ 2420s] [531/538] installing plexus-compiler-2.8.2-4.oe1
[ 2424s] [532/538] installing maven-plugin-tools-3.5.1-7.oe1
[ 2431s] [533/538] installing maven-compiler-plugin-3.8.0-2.oe1
[ 2432s] [534/538] installing maven-surefire-2.22.0-6.oe1
[ 2436s] [535/538] installing maven-surefire-plugin-2.22.0-6.oe1
[ 2438s] [536/538] installing maven-surefire-provider-junit-2.22.0-6.oe1
[ 2440s] [537/538] installing maven-surefire-provider-testng-2.22.0-6.oe1
[ 2442s] [538/538] installing maven-local-5.3.0-3.oe1
[ 2443s] removing nis flags from /var/cache/obs/worker/root_3/etc/nsswitch.conf...
[ 2444s] now finalizing build dir...
[ 2459s] Running build time source services...
[ 2481s] -----------------------------------------------------------------
[ 2481s] I have the following modifications for codenarc.spec:
[ 2482s] -----------------------------------------------------------------
[ 2482s] ----- building codenarc.spec (user abuild)
[ 2482s] -----------------------------------------------------------------
[ 2482s] -----------------------------------------------------------------
[ 2492s] + exec rpmbuild -ba --define '_srcdefattr (-,root,root)' --nosignature --define 'disturl obs://private/openEuler:Mainline:RISC-V/advanced_riscv64/921a2578287b06351a023f1677d741db-codenarc' /home/abuild/rpmbuild/SOURCES/codenarc.spec
[ 2493s] Executing(%prep): /bin/sh -e /var/tmp/rpm-tmp.Hjl7es
[ 2493s] + umask 022
[ 2493s] + cd /home/abuild/rpmbuild/BUILD
[ 2493s] + cd /home/abuild/rpmbuild/BUILD
[ 2493s] + rm -rf CodeNarc-0.24.1
[ 2493s] + /usr/bin/tar -xof -
[ 2493s] + /usr/bin/gzip -dc /home/abuild/rpmbuild/SOURCES/codenarc-0.24.1.tar.gz
[ 2496s] + STATUS=0
[ 2496s] + '[' 0 -ne 0 ']'
[ 2496s] + cd CodeNarc-0.24.1
[ 2496s] + /usr/bin/chmod -Rf a+rX,u+w,g-w,o-w .
[ 2497s] + find . -name '*.jar' -exec rm -f '{}' ';'
[ 2497s] + find . -name '*.class' -exec rm -f '{}' ';'
[ 2497s] + rm -rf 'docs/*'
[ 2497s] + cp -p site-pom.xml pom.xml
[ 2497s] + install -d src/main/java/org/codenarc/analyzer
[ 2498s] + cp -p src/main/groovy/org/codenarc/analyzer/SuppressionAnalyzer.java src/main/java/org/codenarc/analyzer/
[ 2498s] + /usr/bin/python3 /usr/share/java-utils/pom_editor.py pom_xpath_inject pom:project/pom:properties '
[ 2498s] 
[ 2498s]   <antVersion>1.9.6</antVersion>
[ 2498s]   <gmetricsVersion>0.7</gmetricsVersion>
[ 2498s]   <junitVersion>4.12</junitVersion>
[ 2498s]   <log4jVersion>1.2.17</log4jVersion>
[ 2498s]   <project.build.sourceEncoding>UTF-8</project.build.sourceEncoding>
[ 2498s]   <project.reporting.outputEncoding>UTF-8</project.reporting.outputEncoding>'
[ 2501s] + /usr/bin/python3 /usr/share/java-utils/pom_editor.py pom_xpath_set pom:properties/pom:targetJdk 1.6
[ 2503s] + /usr/bin/python3 /usr/share/java-utils/pom_editor.py pom_xpath_set pom:properties/pom:groovyVersion 2.4.5
[ 2506s] + /usr/bin/python3 /usr/share/java-utils/pom_editor.py pom_add_plugin org.apache.maven.plugins:maven-compiler-plugin:3.5.1 . '
[ 2506s] 
[ 2506s] <configuration>
[ 2506s]     <source>${targetJdk}</source>
[ 2506s]     <target>${targetJdk}</target>
[ 2506s] </configuration>'
[ 2509s] + /usr/bin/python3 /usr/share/java-utils/pom_editor.py pom_add_plugin org.codehaus.gmavenplus:gmavenplus-plugin:1.5 . '
[ 2509s] 
[ 2509s]  <executions>
[ 2509s]   <execution>
[ 2509s]    <goals>
[ 2509s]     <goal>generateStubs</goal>
[ 2509s]     <goal>testGenerateStubs</goal>
[ 2509s]    </goals>
[ 2509s]   </execution>
[ 2509s]  </executions>'
[ 2513s] + /usr/bin/python3 /usr/share/java-utils/pom_editor.py pom_add_dep 'org.apache.ant:ant:${antVersion}' . '<optional>true</optional>'
[ 2516s] + /usr/bin/python3 /usr/share/java-utils/pom_editor.py pom_add_dep 'org.codehaus.groovy:groovy:${groovyVersion}'
[ 2518s] + /usr/bin/python3 /usr/share/java-utils/pom_editor.py pom_add_dep 'org.codehaus.groovy:groovy-ant:${groovyVersion}'
[ 2521s] + /usr/bin/python3 /usr/share/java-utils/pom_editor.py pom_add_dep 'org.codehaus.groovy:groovy-xml:${groovyVersion}'
[ 2523s] + /usr/bin/python3 /usr/share/java-utils/pom_editor.py pom_add_dep 'org.gmetrics:GMetrics:${gmetricsVersion}'
[ 2526s] + /usr/bin/python3 /usr/share/java-utils/pom_editor.py pom_add_dep 'junit:junit:${junitVersion}'
[ 2529s] + /usr/bin/python3 /usr/share/java-utils/pom_editor.py pom_add_dep 'log4j:log4j:${log4jVersion}'
[ 2532s] + /usr/bin/python3 /usr/share/java-utils/mvn_file.py org.codenarc:CodeNarc codenarc CodeNarc
[ 2534s] + RPM_EC=0
[ 2534s] ++ jobs -p
[ 2534s] + exit 0
[ 2534s] Executing(%build): /bin/sh -e /var/tmp/rpm-tmp.b51aqK
[ 2535s] + umask 022
[ 2535s] + cd /home/abuild/rpmbuild/BUILD
[ 2535s] + cd CodeNarc-0.24.1
[ 2535s] + /usr/bin/python3 /usr/share/java-utils/mvn_build.py
[ 2538s] Executing: xmvn --batch-mode --offline verify org.fedoraproject.xmvn:xmvn-mojo:install org.apache.maven.plugins:maven-javadoc-plugin:aggregate org.fedoraproject.xmvn:xmvn-mojo:builddep
[ 2538s] ['xmvn', '--batch-mode', '--offline', 'verify', 'org.fedoraproject.xmvn:xmvn-mojo:install', 'org.apache.maven.plugins:maven-javadoc-plugin:aggregate', 'org.fedoraproject.xmvn:xmvn-mojo:builddep']
[ 2622s] [INFO] Scanning for projects...
[ 2668s] [INFO] 
[ 2668s] [INFO] -----------------------< org.codenarc:CodeNarc >------------------------
[ 2668s] [INFO] Building CodeNarc 0.24.1
[ 2668s] [INFO] --------------------------------[ jar ]---------------------------------
[ 2683s] [WARNING] The POM for org.codehaus.groovy:groovy:jar:SYSTEM is missing, no dependency information available
[ 2683s] [WARNING] The POM for org.codehaus.groovy:groovy-xml:jar:SYSTEM is missing, no dependency information available
[ 2683s] [WARNING] The POM for org.codehaus.groovy:groovy-ant:jar:SYSTEM is missing, no dependency information available
[ 2683s] [WARNING] The POM for org.codehaus.groovy:groovy-xml:jar:2.4.5 is missing, no dependency information available
[ 2683s] [WARNING] The POM for org.codehaus.groovy:groovy-ant:jar:2.4.5 is missing, no dependency information available
[ 2684s] [WARNING] The POM for org.codehaus.groovy:groovy:jar:2.4.5 is missing, no dependency information available
[ 2685s] [INFO] 
[ 2685s] [INFO] --- gmavenplus-plugin:1.5:generateStubs (default) @ CodeNarc ---
[ 2736s] [INFO] Using Groovy 2.4.8 to perform generateStubs.
[ 3687s] [INFO] Generated 752 stubs.
[ 3698s] [INFO] 
[ 3698s] [INFO] --- maven-resources-plugin:3.1.0:resources (default-resources) @ CodeNarc ---
[ 3708s] [INFO] Using 'UTF-8' encoding to copy filtered resources.
[ 3709s] [INFO] Copying 33 resources
[ 3712s] [INFO] 
[ 3712s] [INFO] --- maven-compiler-plugin:3.8.0:compile (default-compile) @ CodeNarc ---
[ 3738s] [INFO] Changes detected - recompiling the module!
[ 3739s] [INFO] Compiling 766 source files to /home/abuild/rpmbuild/BUILD/CodeNarc-0.24.1/target/classes
[ 4700s] [INFO] /home/abuild/rpmbuild/BUILD/CodeNarc-0.24.1/target/generated-sources/groovy-stubs/main/org/codenarc/rule/unnecessary/UnnecessaryFloatInstantiationAstVisitor.java: Some input files use unchecked or unsafe operations.
[ 4701s] [INFO] /home/abuild/rpmbuild/BUILD/CodeNarc-0.24.1/target/generated-sources/groovy-stubs/main/org/codenarc/rule/unnecessary/UnnecessaryFloatInstantiationAstVisitor.java: Recompile with -Xlint:unchecked for details.
[ 4701s] [INFO] 
[ 4701s] [INFO] --- gmavenplus-plugin:1.5:testGenerateStubs (default) @ CodeNarc ---
[ 4714s] [INFO] Using Groovy 2.4.8 to perform testGenerateStubs.
[ 5898s] [INFO] Generated 752 stubs.
[ 5904s] [INFO] 
[ 5904s] [INFO] --- maven-resources-plugin:3.1.0:testResources (default-testResources) @ CodeNarc ---
[ 5905s] [INFO] Using 'UTF-8' encoding to copy filtered resources.
[ 5905s] [INFO] Copying 36 resources
[ 5906s] [INFO] 
[ 5906s] [INFO] --- maven-compiler-plugin:3.8.0:testCompile (default-testCompile) @ CodeNarc ---
[ 5918s] [INFO] Changes detected - recompiling the module!
[ 5918s] [INFO] Compiling 446 source files to /home/abuild/rpmbuild/BUILD/CodeNarc-0.24.1/target/test-classes
[ 6170s] [INFO] /home/abuild/rpmbuild/BUILD/CodeNarc-0.24.1/target/generated-sources/groovy-stubs/test/org/codenarc/rule/MockRule.java: /home/abuild/rpmbuild/BUILD/CodeNarc-0.24.1/target/generated-sources/groovy-stubs/test/org/codenarc/rule/MockRule.java uses unchecked or unsafe operations.
[ 6170s] [INFO] /home/abuild/rpmbuild/BUILD/CodeNarc-0.24.1/target/generated-sources/groovy-stubs/test/org/codenarc/rule/MockRule.java: Recompile with -Xlint:unchecked for details.
[ 6170s] [INFO] 
[ 6170s] [INFO] --- maven-surefire-plugin:2.22.0:test (default-test) @ CodeNarc ---
[ 6198s] [INFO] 
[ 6198s] [INFO] -------------------------------------------------------
[ 6198s] [INFO]  T E S T S
[ 6198s] [INFO] -------------------------------------------------------
[ 6217s] [INFO] Running org.codenarc.rule.unnecessary.ConsecutiveLiteralAppendsRuleTest
[ 6220s] [INFO] Tests run: 8, Failures: 0, Errors: 0, Skipped: 0, Time elapsed: 1.495 s - in org.codenarc.rule.unnecessary.ConsecutiveLiteralAppendsRuleTest
[ 6220s] [INFO] Running org.codenarc.rule.unnecessary.UnnecessaryBigIntegerInstantiationRuleTest
[ 6222s] [INFO] Tests run: 6, Failures: 0, Errors: 0, Skipped: 0, Time elapsed: 0.187 s - in org.codenarc.rule.unnecessary.UnnecessaryBigIntegerInstantiationRuleTest
[ 6222s] [INFO] Running org.codenarc.rule.unnecessary.UnnecessaryDefInMethodDeclarationRuleTest
[ 6225s] [INFO] Tests run: 23, Failures: 0, Errors: 0, Skipped: 0, Time elapsed: 0.724 s - in org.codenarc.rule.unnecessary.UnnecessaryDefInMethodDeclarationRuleTest
[ 6225s] [INFO] Running org.codenarc.rule.unnecessary.UnnecessaryCallForLastElementRuleTest
[ 6227s] [INFO] Tests run: 10, Failures: 0, Errors: 0, Skipped: 0, Time elapsed: 0.266 s - in org.codenarc.rule.unnecessary.UnnecessaryCallForLastElementRuleTest
[ 6227s] [INFO] Running org.codenarc.rule.unnecessary.UnnecessaryDefInVariableDeclarationRuleTest
[ 6229s] [INFO] Tests run: 20, Failures: 0, Errors: 0, Skipped: 0, Time elapsed: 0.544 s - in org.codenarc.rule.unnecessary.UnnecessaryDefInVariableDeclarationRuleTest
[ 6229s] [INFO] Running org.codenarc.rule.unnecessary.UnnecessaryConstructorRuleTest
[ 6231s] [INFO] Tests run: 11, Failures: 0, Errors: 0, Skipped: 0, Time elapsed: 0.248 s - in org.codenarc.rule.unnecessary.UnnecessaryConstructorRuleTest
[ 6231s] [INFO] Running org.codenarc.rule.unnecessary.UnnecessaryBooleanInstantiationRuleTest
[ 6233s] [INFO] Tests run: 9, Failures: 0, Errors: 0, Skipped: 0, Time elapsed: 0.294 s - in org.codenarc.rule.unnecessary.UnnecessaryBooleanInstantiationRuleTest
[ 6233s] [INFO] Running org.codenarc.rule.unnecessary.UnnecessaryStringInstantiationRuleTest
[ 6235s] [INFO] Tests run: 8, Failures: 0, Errors: 0, Skipped: 0, Time elapsed: 0.285 s - in org.codenarc.rule.unnecessary.UnnecessaryStringInstantiationRuleTest
[ 6235s] [INFO] Running org.codenarc.rule.unnecessary.UnnecessaryNullCheckRuleTest
[ 6237s] [INFO] Tests run: 13, Failures: 0, Errors: 0, Skipped: 0, Time elapsed: 0.401 s - in org.codenarc.rule.unnecessary.UnnecessaryNullCheckRuleTest
[ 6237s] [INFO] Running org.codenarc.rule.unnecessary.UnnecessaryGStringRuleTest
[ 6239s] [INFO] Tests run: 13, Failures: 0, Errors: 0, Skipped: 0, Time elapsed: 0.272 s - in org.codenarc.rule.unnecessary.UnnecessaryGStringRuleTest
[ 6239s] [INFO] Running org.codenarc.rule.unnecessary.UnnecessaryCallToSubstringRuleTest
[ 6241s] [INFO] Tests run: 6, Failures: 0, Errors: 0, Skipped: 0, Time elapsed: 0.16 s - in org.codenarc.rule.unnecessary.UnnecessaryCallToSubstringRuleTest
[ 6241s] [INFO] Running org.codenarc.rule.unnecessary.AddEmptyStringRuleTest
[ 6242s] [INFO] Tests run: 8, Failures: 0, Errors: 0, Skipped: 0, Time elapsed: 0.184 s - in org.codenarc.rule.unnecessary.AddEmptyStringRuleTest
[ 6243s] [INFO] Running org.codenarc.rule.unnecessary.UnnecessaryIfStatementRuleTest
[ 6245s] [INFO] Tests run: 19, Failures: 0, Errors: 0, Skipped: 0, Time elapsed: 0.49 s - in org.codenarc.rule.unnecessary.UnnecessaryIfStatementRuleTest
[ 6245s] [INFO] Running org.codenarc.rule.unnecessary.UnnecessaryInstanceOfCheckRuleTest
[ 6247s] [INFO] Tests run: 9, Failures: 0, Errors: 0, Skipped: 0, Time elapsed: 0.202 s - in org.codenarc.rule.unnecessary.UnnecessaryInstanceOfCheckRuleTest
[ 6247s] [INFO] Running org.codenarc.rule.unnecessary.UnnecessaryFloatInstantiationRuleTest
[ 6248s] [INFO] Tests run: 8, Failures: 0, Errors: 0, Skipped: 0, Time elapsed: 0.231 s - in org.codenarc.rule.unnecessary.UnnecessaryFloatInstantiationRuleTest
[ 6248s] [INFO] Running org.codenarc.rule.unnecessary.UnnecessaryBooleanExpressionRuleTest
[ 6251s] [INFO] Tests run: 16, Failures: 0, Errors: 0, Skipped: 0, Time elapsed: 0.41 s - in org.codenarc.rule.unnecessary.UnnecessaryBooleanExpressionRuleTest
[ 6251s] [INFO] Running org.codenarc.rule.unnecessary.UnnecessaryDoubleInstantiationRuleTest
[ 6253s] [INFO] Tests run: 7, Failures: 0, Errors: 0, Skipped: 0, Time elapsed: 0.201 s - in org.codenarc.rule.unnecessary.UnnecessaryDoubleInstantiationRuleTest
[ 6253s] [INFO] Running org.codenarc.rule.unnecessary.UnnecessaryPublicModifierRuleTest
[ 6254s] [INFO] Tests run: 13, Failures: 0, Errors: 0, Skipped: 0, Time elapsed: 0.259 s - in org.codenarc.rule.unnecessary.UnnecessaryPublicModifierRuleTest
[ 6254s] [INFO] Running org.codenarc.rule.unnecessary.UnnecessaryTernaryExpressionRuleTest
[ 6256s] [INFO] Tests run: 17, Failures: 0, Errors: 0, Skipped: 0, Time elapsed: 0.388 s - in org.codenarc.rule.unnecessary.UnnecessaryTernaryExpressionRuleTest
[ 6256s] [INFO] Running org.codenarc.rule.unnecessary.UnnecessaryCatchBlockRuleTest
[ 6258s] [INFO] Tests run: 7, Failures: 0, Errors: 0, Skipped: 0, Time elapsed: 0.155 s - in org.codenarc.rule.unnecessary.UnnecessaryCatchBlockRuleTest
[ 6258s] [INFO] Running org.codenarc.rule.unnecessary.UnnecessaryDotClassRuleTest
[ 6259s] [INFO] Tests run: 7, Failures: 0, Errors: 0, Skipped: 0, Time elapsed: 0.156 s - in org.codenarc.rule.unnecessary.UnnecessaryDotClassRuleTest
[ 6259s] [INFO] Running org.codenarc.rule.unnecessary.UnnecessaryModOneRuleTest
[ 6261s] [INFO] Tests run: 6, Failures: 0, Errors: 0, Skipped: 0, Time elapsed: 0.184 s - in org.codenarc.rule.unnecessary.UnnecessaryModOneRuleTest
[ 6261s] [INFO] Running org.codenarc.rule.unnecessary.UnnecessarySafeNavigationOperatorRuleTest
[ 6263s] [INFO] Tests run: 8, Failures: 0, Errors: 0, Skipped: 0, Time elapsed: 0.26 s - in org.codenarc.rule.unnecessary.UnnecessarySafeNavigationOperatorRuleTest
[ 6263s] [INFO] Running org.codenarc.rule.unnecessary.UnnecessaryElseStatementRuleTest
[ 6265s] [INFO] Tests run: 18, Failures: 0, Errors: 0, Skipped: 0, Time elapsed: 0.453 s - in org.codenarc.rule.unnecessary.UnnecessaryElseStatementRuleTest
[ 6265s] [INFO] Running org.codenarc.rule.unnecessary.UnnecessaryReturnKeywordRuleTest
[ 6267s] [INFO] Tests run: 7, Failures: 0, Errors: 0, Skipped: 0, Time elapsed: 0.186 s - in org.codenarc.rule.unnecessary.UnnecessaryReturnKeywordRuleTest
[ 6267s] [INFO] Running org.codenarc.rule.unnecessary.UnnecessaryOverridingMethodRuleTest
[ 6269s] [INFO] Tests run: 7, Failures: 0, Errors: 0, Skipped: 0, Time elapsed: 0.317 s - in org.codenarc.rule.unnecessary.UnnecessaryOverridingMethodRuleTest
[ 6269s] [INFO] Running org.codenarc.rule.unnecessary.UnnecessaryTransientModifierRuleTest
[ 6270s] [INFO] Tests run: 7, Failures: 0, Errors: 0, Skipped: 0, Time elapsed: 0.191 s - in org.codenarc.rule.unnecessary.UnnecessaryTransientModifierRuleTest
[ 6270s] [INFO] Running org.codenarc.rule.unnecessary.UnnecessaryDefInFieldDeclarationRuleTest
[ 6272s] [INFO] Tests run: 18, Failures: 0, Errors: 0, Skipped: 0, Time elapsed: 0.439 s - in org.codenarc.rule.unnecessary.UnnecessaryDefInFieldDeclarationRuleTest
[ 6272s] [INFO] Running org.codenarc.rule.unnecessary.UnnecessaryLongInstantiationRuleTest
[ 6274s] [INFO] Tests run: 7, Failures: 0, Errors: 0, Skipped: 0, Time elapsed: 0.24 s - in org.codenarc.rule.unnecessary.UnnecessaryLongInstantiationRuleTest
[ 6274s] [INFO] Running org.codenarc.rule.unnecessary.UnnecessaryGetterRuleTest
[ 6276s] [INFO] Tests run: 11, Failures: 0, Errors: 0, Skipped: 0, Time elapsed: 0.269 s - in org.codenarc.rule.unnecessary.UnnecessaryGetterRuleTest
[ 6276s] [INFO] Running org.codenarc.rule.unnecessary.UnnecessaryCollectionCallRuleTest
[ 6278s] [INFO] Tests run: 7, Failures: 0, Errors: 0, Skipped: 0, Time elapsed: 0.273 s - in org.codenarc.rule.unnecessary.UnnecessaryCollectionCallRuleTest
[ 6278s] [INFO] Running org.codenarc.rule.unnecessary.UnnecessaryNullCheckBeforeInstanceOfRuleTest
[ 6280s] [INFO] Tests run: 10, Failures: 0, Errors: 0, Skipped: 0, Time elapsed: 0.273 s - in org.codenarc.rule.unnecessary.UnnecessaryNullCheckBeforeInstanceOfRuleTest
[ 6280s] [INFO] Running org.codenarc.rule.unnecessary.UnnecessaryIntegerInstantiationRuleTest
[ 6283s] [INFO] Tests run: 7, Failures: 0, Errors: 0, Skipped: 0, Time elapsed: 0.277 s - in org.codenarc.rule.unnecessary.UnnecessaryIntegerInstantiationRuleTest
[ 6283s] [INFO] Running org.codenarc.rule.unnecessary.UnnecessaryCollectCallRuleTest
[ 6285s] [INFO] Tests run: 8, Failures: 0, Errors: 0, Skipped: 0, Time elapsed: 0.174 s - in org.codenarc.rule.unnecessary.UnnecessaryCollectCallRuleTest
[ 6285s] [INFO] Running org.codenarc.rule.unnecessary.UnnecessaryBigDecimalInstantiationRuleTest
[ 6287s] [INFO] Tests run: 11, Failures: 0, Errors: 0, Skipped: 0, Time elapsed: 0.293 s - in org.codenarc.rule.unnecessary.UnnecessaryBigDecimalInstantiationRuleTest
[ 6287s] [INFO] Running org.codenarc.rule.unnecessary.UnnecessaryObjectReferencesRuleTest
[ 6288s] [INFO] Tests run: 10, Failures: 0, Errors: 0, Skipped: 0, Time elapsed: 0.256 s - in org.codenarc.rule.unnecessary.UnnecessaryObjectReferencesRuleTest
[ 6288s] [INFO] Running org.codenarc.rule.unnecessary.UnnecessaryCastRuleTest
[ 6290s] [INFO] Tests run: 6, Failures: 0, Errors: 0, Skipped: 0, Time elapsed: 0.191 s - in org.codenarc.rule.unnecessary.UnnecessaryCastRuleTest
[ 6290s] [INFO] Running org.codenarc.rule.unnecessary.UnnecessaryPackageReferenceRuleTest
[ 6292s] [INFO] Tests run: 23, Failures: 0, Errors: 0, Skipped: 0, Time elapsed: 0.506 s - in org.codenarc.rule.unnecessary.UnnecessaryPackageReferenceRuleTest
[ 6292s] [INFO] Running org.codenarc.rule.unnecessary.UnnecessaryInstantiationToGetClassRuleTest
[ 6294s] [INFO] Tests run: 7, Failures: 0, Errors: 0, Skipped: 0, Time elapsed: 0.219 s - in org.codenarc.rule.unnecessary.UnnecessaryInstantiationToGetClassRuleTest
[ 6294s] [INFO] Running org.codenarc.rule.unnecessary.ConsecutiveStringConcatenationRuleTest
[ 6295s] [INFO] Tests run: 11, Failures: 0, Errors: 0, Skipped: 0, Time elapsed: 0.309 s - in org.codenarc.rule.unnecessary.ConsecutiveStringConcatenationRuleTest
[ 6295s] [INFO] Running org.codenarc.rule.unnecessary.UnnecessarySubstringRuleTest
[ 6297s] [INFO] Tests run: 7, Failures: 0, Errors: 0, Skipped: 0, Time elapsed: 0.179 s - in org.codenarc.rule.unnecessary.UnnecessarySubstringRuleTest
[ 6297s] [INFO] Running org.codenarc.rule.unnecessary.UnnecessarySemicolonRuleTest
[ 6299s] [INFO] Tests run: 13, Failures: 0, Errors: 0, Skipped: 0, Time elapsed: 0.259 s - in org.codenarc.rule.unnecessary.UnnecessarySemicolonRuleTest
[ 6299s] [INFO] Running org.codenarc.rule.unnecessary.UnnecessaryToStringRuleTest
[ 6301s] [INFO] Tests run: 9, Failures: 0, Errors: 0, Skipped: 0, Time elapsed: 0.297 s - in org.codenarc.rule.unnecessary.UnnecessaryToStringRuleTest
[ 6301s] [INFO] Running org.codenarc.rule.unnecessary.UnnecessaryFinalOnPrivateMethodRuleTest
[ 6303s] [INFO] Tests run: 6, Failures: 0, Errors: 0, Skipped: 0, Time elapsed: 0.159 s - in org.codenarc.rule.unnecessary.UnnecessaryFinalOnPrivateMethodRuleTest
[ 6303s] [INFO] Running org.codenarc.rule.unnecessary.UnnecessarySelfAssignmentRuleTest
[ 6305s] [INFO] Tests run: 9, Failures: 0, Errors: 0, Skipped: 0, Time elapsed: 0.268 s - in org.codenarc.rule.unnecessary.UnnecessarySelfAssignmentRuleTest
[ 6305s] [INFO] Running org.codenarc.rule.unnecessary.UnnecessaryParenthesesForMethodCallWithClosureRuleTest
[ 6307s] [INFO] Tests run: 10, Failures: 0, Errors: 0, Skipped: 0, Time elapsed: 0.47 s - in org.codenarc.rule.unnecessary.UnnecessaryParenthesesForMethodCallWithClosureRuleTest
[ 6307s] [INFO] Running org.codenarc.rule.convention.TernaryCouldBeElvisRuleTest
[ 6309s] [INFO] Tests run: 9, Failures: 0, Errors: 0, Skipped: 0, Time elapsed: 0.262 s - in org.codenarc.rule.convention.TernaryCouldBeElvisRuleTest
[ 6309s] [INFO] Running org.codenarc.rule.convention.VectorIsObsoleteRule_JavaUtilVectorTest
[ 6312s] [INFO] Tests run: 20, Failures: 0, Errors: 0, Skipped: 0, Time elapsed: 0.635 s - in org.codenarc.rule.convention.VectorIsObsoleteRule_JavaUtilVectorTest
[ 6312s] [INFO] Running org.codenarc.rule.convention.HashtableIsObsoleteRule_JavaUtilHashtableTest
[ 6314s] [INFO] Tests run: 20, Failures: 0, Errors: 0, Skipped: 0, Time elapsed: 0.514 s - in org.codenarc.rule.convention.HashtableIsObsoleteRule_JavaUtilHashtableTest
[ 6314s] [INFO] Running org.codenarc.rule.convention.HashtableIsObsoleteRule_HashtableTest
[ 6317s] [INFO] Tests run: 20, Failures: 0, Errors: 0, Skipped: 0, Time elapsed: 0.637 s - in org.codenarc.rule.convention.HashtableIsObsoleteRule_HashtableTest
[ 6317s] [INFO] Running org.codenarc.rule.convention.VectorIsObsoleteRule_VectorTest
[ 6319s] [INFO] Tests run: 20, Failures: 0, Errors: 0, Skipped: 0, Time elapsed: 0.418 s - in org.codenarc.rule.convention.VectorIsObsoleteRule_VectorTest
[ 6319s] [INFO] Running org.codenarc.rule.convention.LongLiteralWithLowerCaseLRuleTest
[ 6320s] [INFO] Tests run: 7, Failures: 0, Errors: 0, Skipped: 0, Time elapsed: 0.246 s - in org.codenarc.rule.convention.LongLiteralWithLowerCaseLRuleTest
[ 6320s] [INFO] Running org.codenarc.rule.convention.InvertedIfElseRuleTest
[ 6322s] [INFO] Tests run: 8, Failures: 0, Errors: 0, Skipped: 0, Time elapsed: 0.165 s - in org.codenarc.rule.convention.InvertedIfElseRuleTest
[ 6322s] [INFO] Running org.codenarc.rule.convention.CouldBeElvisRuleTest
[ 6324s] [INFO] Tests run: 13, Failures: 0, Errors: 0, Skipped: 0, Time elapsed: 0.362 s - in org.codenarc.rule.convention.CouldBeElvisRuleTest
[ 6324s] [INFO] Running org.codenarc.rule.convention.IfStatementCouldBeTernaryRuleTest
[ 6327s] [INFO] Tests run: 16, Failures: 0, Errors: 0, Skipped: 0, Time elapsed: 0.345 s - in org.codenarc.rule.convention.IfStatementCouldBeTernaryRuleTest
[ 6327s] [INFO] Running org.codenarc.rule.convention.ParameterReassignmentRuleTest
[ 6329s] [INFO] Tests run: 13, Failures: 0, Errors: 0, Skipped: 0, Time elapsed: 0.275 s - in org.codenarc.rule.convention.ParameterReassignmentRuleTest
[ 6329s] [INFO] Running org.codenarc.rule.convention.ConfusingTernaryRuleTest
[ 6330s] [INFO] Tests run: 7, Failures: 0, Errors: 0, Skipped: 0, Time elapsed: 0.158 s - in org.codenarc.rule.convention.ConfusingTernaryRuleTest
[ 6330s] [INFO] Running org.codenarc.rule.convention.NoDefRuleTest
[ 6332s] [INFO] Tests run: 7, Failures: 0, Errors: 0, Skipped: 0, Time elapsed: 0.147 s - in org.codenarc.rule.convention.NoDefRuleTest
[ 6332s] [INFO] Running org.codenarc.rule.junit.JUnitPublicFieldRuleTest
[ 6334s] [INFO] Tests run: 9, Failures: 0, Errors: 0, Skipped: 0, Time elapsed: 0.265 s - in org.codenarc.rule.junit.JUnitPublicFieldRuleTest
[ 6334s] [INFO] Running org.codenarc.rule.junit.UnnecessaryFailRuleTest
[ 6336s] [INFO] Tests run: 11, Failures: 0, Errors: 0, Skipped: 0, Time elapsed: 0.231 s - in org.codenarc.rule.junit.UnnecessaryFailRuleTest
[ 6336s] [INFO] Running org.codenarc.rule.junit.UseAssertSameInsteadOfAssertTrueRuleTest
[ 6338s] [INFO] Tests run: 7, Failures: 0, Errors: 0, Skipped: 0, Time elapsed: 0.169 s - in org.codenarc.rule.junit.UseAssertSameInsteadOfAssertTrueRuleTest
[ 6338s] [INFO] Running org.codenarc.rule.junit.JUnitUnnecessaryTearDownRuleTest
[ 6340s] [INFO] Tests run: 13, Failures: 0, Errors: 0, Skipped: 0, Time elapsed: 0.353 s - in org.codenarc.rule.junit.JUnitUnnecessaryTearDownRuleTest
[ 6340s] [INFO] Running org.codenarc.rule.junit.JUnitStyleAssertionsRuleTest
[ 6342s] [INFO] Tests run: 15, Failures: 0, Errors: 0, Skipped: 0, Time elapsed: 0.266 s - in org.codenarc.rule.junit.JUnitStyleAssertionsRuleTest
[ 6342s] [INFO] Running org.codenarc.rule.junit.CoupledTestCaseRuleTest
[ 6344s] [INFO] Tests run: 9, Failures: 0, Errors: 0, Skipped: 0, Time elapsed: 0.198 s - in org.codenarc.rule.junit.CoupledTestCaseRuleTest
[ 6344s] [INFO] Running org.codenarc.rule.junit.UseAssertEqualsInsteadOfAssertTrueRuleTest
[ 6346s] [INFO] Tests run: 7, Failures: 0, Errors: 0, Skipped: 0, Time elapsed: 0.193 s - in org.codenarc.rule.junit.UseAssertEqualsInsteadOfAssertTrueRuleTest
[ 6346s] [INFO] Running org.codenarc.rule.junit.JUnitAssertAlwaysFailsRuleTest
[ 6348s] [INFO] Tests run: 24, Failures: 0, Errors: 0, Skipped: 0, Time elapsed: 0.437 s - in org.codenarc.rule.junit.JUnitAssertAlwaysFailsRuleTest
[ 6348s] [INFO] Running org.codenarc.rule.junit.SpockIgnoreRestUsedRuleTest
[ 6350s] [INFO] Tests run: 11, Failures: 0, Errors: 0, Skipped: 0, Time elapsed: 0.296 s - in org.codenarc.rule.junit.SpockIgnoreRestUsedRuleTest
[ 6350s] [INFO] Running org.codenarc.rule.junit.JUnitAssertAlwaysSucceedsRuleTest
[ 6352s] [INFO] Tests run: 23, Failures: 0, Errors: 0, Skipped: 0, Time elapsed: 0.423 s - in org.codenarc.rule.junit.JUnitAssertAlwaysSucceedsRuleTest
[ 6352s] [INFO] Running org.codenarc.rule.junit.JUnitSetUpCallsSuperRuleTest
[ 6354s] [INFO] Tests run: 14, Failures: 0, Errors: 0, Skipped: 0, Time elapsed: 0.401 s - in org.codenarc.rule.junit.JUnitSetUpCallsSuperRuleTest
[ 6354s] [INFO] Running org.codenarc.rule.junit.JUnitLostTestRuleTest
[ 6357s] [INFO] Tests run: 12, Failures: 0, Errors: 0, Skipped: 0, Time elapsed: 0.406 s - in org.codenarc.rule.junit.JUnitLostTestRuleTest
[ 6357s] [INFO] Running org.codenarc.rule.junit.UseAssertTrueInsteadOfNegationRuleTest
[ 6358s] [INFO] Tests run: 7, Failures: 0, Errors: 0, Skipped: 0, Time elapsed: 0.28 s - in org.codenarc.rule.junit.UseAssertTrueInsteadOfNegationRuleTest
[ 6359s] [INFO] Running org.codenarc.rule.junit.JUnitTearDownCallsSuperRuleTest
[ 6361s] [INFO] Tests run: 14, Failures: 0, Errors: 0, Skipped: 0, Time elapsed: 0.327 s - in org.codenarc.rule.junit.JUnitTearDownCallsSuperRuleTest
[ 6361s] [INFO] Running org.codenarc.rule.junit.ChainedTestRuleTest
[ 6363s] [INFO] Tests run: 8, Failures: 0, Errors: 0, Skipped: 0, Time elapsed: 0.201 s - in org.codenarc.rule.junit.ChainedTestRuleTest
[ 6363s] [INFO] Running org.codenarc.rule.junit.UseAssertNullInsteadOfAssertEqualsRuleTest
[ 6365s] [INFO] Tests run: 7, Failures: 0, Errors: 0, Skipped: 0, Time elapsed: 0.302 s - in org.codenarc.rule.junit.UseAssertNullInsteadOfAssertEqualsRuleTest
[ 6365s] [INFO] Running org.codenarc.rule.junit.JUnitPublicNonTestMethodRuleTest
[ 6367s] [INFO] Tests run: 19, Failures: 0, Errors: 0, Skipped: 0, Time elapsed: 0.495 s - in org.codenarc.rule.junit.JUnitPublicNonTestMethodRuleTest
[ 6367s] [INFO] Running org.codenarc.rule.junit.UseAssertTrueInsteadOfAssertEqualsRuleTest
[ 6369s] [INFO] Tests run: 13, Failures: 0, Errors: 0, Skipped: 0, Time elapsed: 0.324 s - in org.codenarc.rule.junit.UseAssertTrueInsteadOfAssertEqualsRuleTest
[ 6369s] [INFO] Running org.codenarc.rule.junit.JUnitTestMethodWithoutAssertRuleTest
[ 6372s] [INFO] Tests run: 11, Failures: 0, Errors: 0, Skipped: 0, Time elapsed: 0.299 s - in org.codenarc.rule.junit.JUnitTestMethodWithoutAssertRuleTest
[ 6372s] [INFO] Running org.codenarc.rule.junit.JUnitPublicPropertyRuleTest
[ 6374s] [INFO] Tests run: 8, Failures: 0, Errors: 0, Skipped: 0, Time elapsed: 0.26 s - in org.codenarc.rule.junit.JUnitPublicPropertyRuleTest
[ 6374s] [INFO] Running org.codenarc.rule.junit.JUnitAssertEqualsConstantActualValueRuleTest
[ 6376s] [INFO] Tests run: 8, Failures: 0, Errors: 0, Skipped: 0, Time elapsed: 0.365 s - in org.codenarc.rule.junit.JUnitAssertEqualsConstantActualValueRuleTest
[ 6376s] [INFO] Running org.codenarc.rule.junit.JUnitFailWithoutMessageRuleTest
[ 6377s] [INFO] Tests run: 6, Failures: 0, Errors: 0, Skipped: 0, Time elapsed: 0.25 s - in org.codenarc.rule.junit.JUnitFailWithoutMessageRuleTest
[ 6377s] [INFO] Running org.codenarc.rule.junit.JUnitUnnecessaryThrowsExceptionRuleTest
[ 6380s] [INFO] Tests run: 16, Failures: 0, Errors: 0, Skipped: 0, Time elapsed: 0.591 s - in org.codenarc.rule.junit.JUnitUnnecessaryThrowsExceptionRuleTest
[ 6380s] [INFO] Running org.codenarc.rule.junit.UseAssertFalseInsteadOfNegationRuleTest
[ 6382s] [INFO] Tests run: 7, Failures: 0, Errors: 0, Skipped: 0, Time elapsed: 0.289 s - in org.codenarc.rule.junit.UseAssertFalseInsteadOfNegationRuleTest
[ 6382s] [INFO] Running org.codenarc.rule.junit.JUnitUnnecessarySetUpRuleTest
[ 6384s] [INFO] Tests run: 13, Failures: 0, Errors: 0, Skipped: 0, Time elapsed: 0.295 s - in org.codenarc.rule.junit.JUnitUnnecessarySetUpRuleTest
[ 6384s] [INFO] Running org.codenarc.rule.braces.IfStatementBracesRuleTest
[ 6385s] [INFO] Tests run: 7, Failures: 0, Errors: 0, Skipped: 0, Time elapsed: 0.261 s - in org.codenarc.rule.braces.IfStatementBracesRuleTest
[ 6386s] [INFO] Running org.codenarc.rule.braces.ElseBlockBracesRuleTest
[ 6388s] [INFO] Tests run: 10, Failures: 0, Errors: 0, Skipped: 0, Time elapsed: 0.987 s - in org.codenarc.rule.braces.ElseBlockBracesRuleTest
[ 6388s] [INFO] Running org.codenarc.rule.braces.ForStatementBracesRuleTest
[ 6390s] [INFO] Tests run: 7, Failures: 0, Errors: 0, Skipped: 0, Time elapsed: 0.188 s - in org.codenarc.rule.braces.ForStatementBracesRuleTest
[ 6390s] [INFO] Running org.codenarc.rule.braces.WhileStatementBracesRuleTest
[ 6392s] [INFO] Tests run: 7, Failures: 0, Errors: 0, Skipped: 0, Time elapsed: 0.273 s - in org.codenarc.rule.braces.WhileStatementBracesRuleTest
[ 6392s] [INFO] Running org.codenarc.rule.logging.LoggingSwallowsStacktraceRuleTest
[ 6394s] [INFO] Tests run: 7, Failures: 0, Errors: 0, Skipped: 0, Time elapsed: 0.269 s - in org.codenarc.rule.logging.LoggingSwallowsStacktraceRuleTest
[ 6394s] [INFO] Running org.codenarc.rule.logging.LoggerForDifferentClassRuleTest
[ 6397s] [INFO] Tests run: 28, Failures: 0, Errors: 0, Skipped: 0, Time elapsed: 0.755 s - in org.codenarc.rule.logging.LoggerForDifferentClassRuleTest
[ 6397s] [INFO] Running org.codenarc.rule.logging.MultipleLoggersRuleTest
[ 6399s] [INFO] Tests run: 7, Failures: 0, Errors: 0, Skipped: 0, Time elapsed: 0.138 s - in org.codenarc.rule.logging.MultipleLoggersRuleTest
[ 6399s] [INFO] Running org.codenarc.rule.logging.SystemErrPrintRuleTest
[ 6401s] [INFO] Tests run: 11, Failures: 0, Errors: 0, Skipped: 0, Time elapsed: 0.216 s - in org.codenarc.rule.logging.SystemErrPrintRuleTest
[ 6401s] [INFO] Running org.codenarc.rule.logging.PrintlnRuleTest
[ 6403s] [INFO] Tests run: 19, Failures: 0, Errors: 0, Skipped: 0, Time elapsed: 0.304 s - in org.codenarc.rule.logging.PrintlnRuleTest
[ 6403s] [INFO] Running org.codenarc.rule.logging.LoggerWithWrongModifiersRuleTest
[ 6405s] [INFO] Tests run: 14, Failures: 0, Errors: 0, Skipped: 0, Time elapsed: 0.336 s - in org.codenarc.rule.logging.LoggerWithWrongModifiersRuleTest
[ 6405s] [INFO] Running org.codenarc.rule.logging.PrintStackTraceRuleTest
[ 6407s] [INFO] Tests run: 11, Failures: 0, Errors: 0, Skipped: 0, Time elapsed: 0.311 s - in org.codenarc.rule.logging.PrintStackTraceRuleTest
[ 6407s] [INFO] Running org.codenarc.rule.logging.SystemOutPrintRuleTest
[ 6409s] [INFO] Tests run: 11, Failures: 0, Errors: 0, Skipped: 0, Time elapsed: 0.213 s - in org.codenarc.rule.logging.SystemOutPrintRuleTest
[ 6409s] [INFO] Running org.codenarc.rule.design.PublicInstanceFieldRuleTest
[ 6410s] [INFO] Tests run: 8, Failures: 0, Errors: 0, Skipped: 0, Time elapsed: 0.167 s - in org.codenarc.rule.design.PublicInstanceFieldRuleTest
[ 6411s] [INFO] Running org.codenarc.rule.design.CloneWithoutCloneableRuleTest
[ 6412s] [INFO] Tests run: 9, Failures: 0, Errors: 0, Skipped: 0, Time elapsed: 0.285 s - in org.codenarc.rule.design.CloneWithoutCloneableRuleTest
[ 6412s] [INFO] Running org.codenarc.rule.design.BuilderMethodWithSideEffectsRuleTest
[ 6414s] [INFO] Tests run: 11, Failures: 0, Errors: 0, Skipped: 0, Time elapsed: 0.311 s - in org.codenarc.rule.design.BuilderMethodWithSideEffectsRuleTest
[ 6415s] [INFO] Running org.codenarc.rule.design.ReturnsNullInsteadOfEmptyCollectionRuleTest
[ 6418s] [INFO] Tests run: 23, Failures: 0, Errors: 0, Skipped: 0, Time elapsed: 0.783 s - in org.codenarc.rule.design.ReturnsNullInsteadOfEmptyCollectionRuleTest
[ 6418s] [INFO] Running org.codenarc.rule.design.ToStringReturnsNullRuleTest
[ 6420s] [INFO] Tests run: 11, Failures: 0, Errors: 0, Skipped: 0, Time elapsed: 0.324 s - in org.codenarc.rule.design.ToStringReturnsNullRuleTest
[ 6420s] [INFO] Running org.codenarc.rule.design.InstanceofRuleTest
[ 6421s] [INFO] Tests run: 9, Failures: 0, Errors: 0, Skipped: 0, Time elapsed: 0.183 s - in org.codenarc.rule.design.InstanceofRuleTest
[ 6421s] [INFO] Running org.codenarc.rule.design.AbstractClassWithPublicConstructorRuleTest
[ 6423s] [INFO] Tests run: 7, Failures: 0, Errors: 0, Skipped: 0, Time elapsed: 0.282 s - in org.codenarc.rule.design.AbstractClassWithPublicConstructorRuleTest
[ 6423s] [INFO] Running org.codenarc.rule.design.AbstractClassWithoutAbstractMethodRuleTest
[ 6425s] [INFO] Tests run: 6, Failures: 0, Errors: 0, Skipped: 0, Time elapsed: 0.287 s - in org.codenarc.rule.design.AbstractClassWithoutAbstractMethodRuleTest
[ 6425s] [INFO] Running org.codenarc.rule.design.SimpleDateFormatMissingLocaleRuleTest
[ 6427s] [INFO] Tests run: 8, Failures: 0, Errors: 0, Skipped: 0, Time elapsed: 0.25 s - in org.codenarc.rule.design.SimpleDateFormatMissingLocaleRuleTest
[ 6427s] [INFO] Running org.codenarc.rule.design.AssignmentToStaticFieldFromInstanceMethodRuleTest
[ 6429s] [INFO] Tests run: 9, Failures: 0, Errors: 0, Skipped: 0, Time elapsed: 0.371 s - in org.codenarc.rule.design.AssignmentToStaticFieldFromInstanceMethodRuleTest
[ 6429s] [INFO] Running org.codenarc.rule.design.StatelessSingletonRuleTest
[ 6431s] [INFO] Tests run: 16, Failures: 0, Errors: 0, Skipped: 0, Time elapsed: 0.463 s - in org.codenarc.rule.design.StatelessSingletonRuleTest
[ 6431s] [INFO] Running org.codenarc.rule.design.EmptyMethodInAbstractClassRuleTest
[ 6433s] [INFO] Tests run: 8, Failures: 0, Errors: 0, Skipped: 0, Time elapsed: 0.178 s - in org.codenarc.rule.design.EmptyMethodInAbstractClassRuleTest
[ 6433s] [INFO] Running org.codenarc.rule.design.FinalClassWithProtectedMemberRuleTest
[ 6435s] [INFO] Tests run: 8, Failures: 0, Errors: 0, Skipped: 0, Time elapsed: 0.316 s - in org.codenarc.rule.design.FinalClassWithProtectedMemberRuleTest
[ 6435s] [INFO] Running org.codenarc.rule.design.ReturnsNullInsteadOfEmptyArrayRuleTest
[ 6438s] [INFO] Tests run: 15, Failures: 0, Errors: 0, Skipped: 0, Time elapsed: 0.508 s - in org.codenarc.rule.design.ReturnsNullInsteadOfEmptyArrayRuleTest
[ 6438s] [INFO] Running org.codenarc.rule.design.PrivateFieldCouldBeFinalRuleTest
[ 6442s] [INFO] Tests run: 35, Failures: 0, Errors: 0, Skipped: 0, Time elapsed: 0.78 s - in org.codenarc.rule.design.PrivateFieldCouldBeFinalRuleTest
[ 6442s] [INFO] Running org.codenarc.rule.design.NestedForLoopRuleTest
[ 6443s] [INFO] Tests run: 8, Failures: 0, Errors: 0, Skipped: 0, Time elapsed: 0.204 s - in org.codenarc.rule.design.NestedForLoopRuleTest
[ 6443s] [INFO] Running org.codenarc.rule.design.LocaleSetDefaultRuleTest
[ 6445s] [INFO] Tests run: 7, Failures: 0, Errors: 0, Skipped: 0, Time elapsed: 0.158 s - in org.codenarc.rule.design.LocaleSetDefaultRuleTest
[ 6445s] [INFO] Running org.codenarc.rule.design.ConstantsOnlyInterfaceRuleTest
[ 6446s] [INFO] Tests run: 7, Failures: 0, Errors: 0, Skipped: 0, Time elapsed: 0.209 s - in org.codenarc.rule.design.ConstantsOnlyInterfaceRuleTest
[ 6447s] [INFO] Running org.codenarc.rule.design.CloneableWithoutCloneRuleTest
[ 6448s] [INFO] Tests run: 10, Failures: 0, Errors: 0, Skipped: 0, Time elapsed: 0.349 s - in org.codenarc.rule.design.CloneableWithoutCloneRuleTest
[ 6448s] [INFO] Running org.codenarc.rule.design.ImplementationAsTypeRuleTest
[ 6450s] [INFO] Tests run: 14, Failures: 0, Errors: 0, Skipped: 0, Time elapsed: 0.262 s - in org.codenarc.rule.design.ImplementationAsTypeRuleTest
[ 6450s] [INFO] Running org.codenarc.rule.design.BooleanMethodReturnsNullRuleTest
[ 6452s] [INFO] Tests run: 15, Failures: 0, Errors: 0, Skipped: 0, Time elapsed: 0.299 s - in org.codenarc.rule.design.BooleanMethodReturnsNullRuleTest
[ 6452s] [INFO] Running org.codenarc.rule.design.CompareToWithoutComparableRuleTest
[ 6454s] [INFO] Tests run: 7, Failures: 0, Errors: 0, Skipped: 0, Time elapsed: 0.263 s - in org.codenarc.rule.design.CompareToWithoutComparableRuleTest
[ 6454s] [INFO] Running org.codenarc.rule.design.CloseWithoutCloseableRuleTest
[ 6456s] [INFO] Tests run: 7, Failures: 0, Errors: 0, Skipped: 0, Time elapsed: 0.254 s - in org.codenarc.rule.design.CloseWithoutCloseableRuleTest
[ 6456s] [INFO] Running org.codenarc.rule.basic.RemoveAllOnSelfRuleTest
[ 6458s] [INFO] Tests run: 7, Failures: 0, Errors: 0, Skipped: 0, Time elapsed: 0.172 s - in org.codenarc.rule.basic.RemoveAllOnSelfRuleTest
[ 6458s] [INFO] Running org.codenarc.rule.basic.BooleanGetBooleanRuleTest
[ 6460s] [INFO] Tests run: 6, Failures: 0, Errors: 0, Skipped: 0, Time elapsed: 0.209 s - in org.codenarc.rule.basic.BooleanGetBooleanRuleTest
[ 6460s] [INFO] Running org.codenarc.rule.basic.ExplicitGarbageCollectionRuleTest
[ 6462s] [INFO] Tests run: 9, Failures: 0, Errors: 0, Skipped: 0, Time elapsed: 0.292 s - in org.codenarc.rule.basic.ExplicitGarbageCollectionRuleTest
[ 6462s] [INFO] Running org.codenarc.rule.basic.DuplicateCaseStatementRuleTest
[ 6464s] [INFO] Tests run: 7, Failures: 0, Errors: 0, Skipped: 0, Time elapsed: 0.203 s - in org.codenarc.rule.basic.DuplicateCaseStatementRuleTest
[ 6464s] [INFO] Running org.codenarc.rule.basic.RandomDoubleCoercedToZeroRuleTest
[ 6465s] [INFO] Tests run: 13, Failures: 0, Errors: 0, Skipped: 0, Time elapsed: 0.281 s - in org.codenarc.rule.basic.RandomDoubleCoercedToZeroRuleTest
[ 6465s] [INFO] Running org.codenarc.rule.basic.DuplicateSetValueRuleTest
[ 6467s] [INFO] Tests run: 8, Failures: 0, Errors: 0, Skipped: 0, Time elapsed: 0.19 s - in org.codenarc.rule.basic.DuplicateSetValueRuleTest
[ 6467s] [INFO] Running org.codenarc.rule.basic.DeadCodeRuleTest
[ 6469s] [INFO] Tests run: 10, Failures: 0, Errors: 0, Skipped: 0, Time elapsed: 0.22 s - in org.codenarc.rule.basic.DeadCodeRuleTest
[ 6469s] [INFO] Running org.codenarc.rule.basic.EmptySynchronizedStatementRuleTest
[ 6470s] [INFO] Tests run: 7, Failures: 0, Errors: 0, Skipped: 0, Time elapsed: 0.192 s - in org.codenarc.rule.basic.EmptySynchronizedStatementRuleTest
[ 6470s] [INFO] Running org.codenarc.rule.basic.ComparisonOfTwoConstantsRuleTest
[ 6472s] [INFO] Tests run: 10, Failures: 0, Errors: 0, Skipped: 0, Time elapsed: 0.36 s - in org.codenarc.rule.basic.ComparisonOfTwoConstantsRuleTest
[ 6472s] [INFO] Running org.codenarc.rule.basic.EmptyMethodRuleTest
[ 6474s] [INFO] Tests run: 7, Failures: 0, Errors: 0, Skipped: 0, Time elapsed: 0.136 s - in org.codenarc.rule.basic.EmptyMethodRuleTest
[ 6474s] [INFO] Running org.codenarc.rule.basic.ReturnFromFinallyBlockRuleTest
[ 6475s] [INFO] Tests run: 7, Failures: 0, Errors: 0, Skipped: 0, Time elapsed: 0.235 s - in org.codenarc.rule.basic.ReturnFromFinallyBlockRuleTest
[ 6475s] [INFO] Running org.codenarc.rule.basic.EmptySwitchStatementRuleTest
[ 6477s] [INFO] Tests run: 6, Failures: 0, Errors: 0, Skipped: 0, Time elapsed: 0.173 s - in org.codenarc.rule.basic.EmptySwitchStatementRuleTest
[ 6477s] [INFO] Running org.codenarc.rule.basic.BrokenOddnessCheckRuleTest
[ 6479s] [INFO] Tests run: 8, Failures: 0, Errors: 0, Skipped: 0, Time elapsed: 0.159 s - in org.codenarc.rule.basic.BrokenOddnessCheckRuleTest
[ 6479s] [INFO] Running org.codenarc.rule.basic.BigDecimalInstantiationRuleTest
[ 6480s] [INFO] 
[ 6480s] [INFO] Results:
[ 6480s] [INFO] 
[ 6480s] [INFO] Tests run: 1435, Failures: 0, Errors: 0, Skipped: 0
[ 6480s] [INFO] 
[ 6481s] [INFO] 
[ 6481s] [INFO] ------------------------------------------------------------------------
[ 6481s] [INFO] Skipping CodeNarc
[ 6481s] [INFO] This project has been banned from the build due to previous failures.
[ 6481s] [INFO] ------------------------------------------------------------------------
[ 6481s] [INFO] ------------------------------------------------------------------------
[ 6481s] [INFO] BUILD FAILURE
[ 6481s] [INFO] ------------------------------------------------------------------------
[ 6481s] [INFO] Total time: 01:04 h
[ 6481s] [INFO] Finished at: 2022-04-16T11:41:58Z
[ 6481s] [INFO] ------------------------------------------------------------------------
[ 6482s] [ERROR] Failed to execute goal org.apache.maven.plugins:maven-surefire-plugin:2.22.0:test (default-test) on project CodeNarc: There are test failures.
[ 6482s] [ERROR] 
[ 6482s] [ERROR] Please refer to /home/abuild/rpmbuild/BUILD/CodeNarc-0.24.1/target/surefire-reports for the individual test results.
[ 6482s] [ERROR] Please refer to dump files (if any exist) [date]-jvmRun[N].dump, [date].dumpstream and [date]-jvmRun[N].dumpstream.
[ 6482s] [ERROR] The forked VM terminated without properly saying goodbye. VM crash or System.exit called?
[ 6482s] [ERROR] Command was /bin/sh -c cd /home/abuild/rpmbuild/BUILD/CodeNarc-0.24.1 && /usr/lib/jvm/java-1.8.0-openjdk-1.8.0.181.b15-1.1.riscv64.fc29.riscv64/jre/bin/java -jar /home/abuild/rpmbuild/BUILD/CodeNarc-0.24.1/target/surefire/surefirebooter3614273148868284357.jar /home/abuild/rpmbuild/BUILD/CodeNarc-0.24.1/target/surefire 2022-04-16T11-37-03_607-jvmRun1 surefire3918518051265225775tmp surefire_08606778299133553718tmp
[ 6482s] [ERROR] Process Exit Code: 0
[ 6482s] [ERROR] org.apache.maven.surefire.booter.SurefireBooterForkException: The forked VM terminated without properly saying goodbye. VM crash or System.exit called?
[ 6483s] [ERROR] Command was /bin/sh -c cd /home/abuild/rpmbuild/BUILD/CodeNarc-0.24.1 && /usr/lib/jvm/java-1.8.0-openjdk-1.8.0.181.b15-1.1.riscv64.fc29.riscv64/jre/bin/java -jar /home/abuild/rpmbuild/BUILD/CodeNarc-0.24.1/target/surefire/surefirebooter3614273148868284357.jar /home/abuild/rpmbuild/BUILD/CodeNarc-0.24.1/target/surefire 2022-04-16T11-37-03_607-jvmRun1 surefire3918518051265225775tmp surefire_08606778299133553718tmp
[ 6483s] [ERROR] Process Exit Code: 0
[ 6483s] [ERROR] 	at org.apache.maven.plugin.surefire.booterclient.ForkStarter.fork(ForkStarter.java:671)
[ 6483s] [ERROR] 	at org.apache.maven.plugin.surefire.booterclient.ForkStarter.fork(ForkStarter.java:533)
[ 6483s] [ERROR] 	at org.apache.maven.plugin.surefire.booterclient.ForkStarter.run(ForkStarter.java:278)
[ 6483s] [ERROR] 	at org.apache.maven.plugin.surefire.booterclient.ForkStarter.run(ForkStarter.java:244)
[ 6483s] [ERROR] 	at org.apache.maven.plugin.surefire.AbstractSurefireMojo.executeProvider(AbstractSurefireMojo.java:1194)
[ 6483s] [ERROR] 	at org.apache.maven.plugin.surefire.AbstractSurefireMojo.executeAfterPreconditionsChecked(AbstractSurefireMojo.java:1022)
[ 6483s] [ERROR] 	at org.apache.maven.plugin.surefire.AbstractSurefireMojo.execute(AbstractSurefireMojo.java:868)
[ 6483s] [ERROR] 	at org.apache.maven.plugin.DefaultBuildPluginManager.executeMojo(DefaultBuildPluginManager.java:137)
[ 6483s] [ERROR] 	at org.apache.maven.lifecycle.internal.MojoExecutor.execute(MojoExecutor.java:208)
[ 6483s] [ERROR] 	at org.apache.maven.lifecycle.internal.MojoExecutor.execute(MojoExecutor.java:154)
[ 6484s] [ERROR] 	at org.apache.maven.lifecycle.internal.MojoExecutor.execute(MojoExecutor.java:146)
[ 6484s] [ERROR] 	at org.apache.maven.lifecycle.internal.LifecycleModuleBuilder.buildProject(LifecycleModuleBuilder.java:117)
[ 6484s] [ERROR] 	at org.apache.maven.lifecycle.internal.LifecycleModuleBuilder.buildProject(LifecycleModuleBuilder.java:81)
[ 6484s] [ERROR] 	at org.apache.maven.lifecycle.internal.builder.singlethreaded.SingleThreadedBuilder.build(SingleThreadedBuilder.java:56)
[ 6484s] [ERROR] 	at org.apache.maven.lifecycle.internal.LifecycleStarter.execute(LifecycleStarter.java:128)
[ 6484s] [ERROR] 	at org.apache.maven.DefaultMaven.doExecute(DefaultMaven.java:305)
[ 6484s] [ERROR] 	at org.apache.maven.DefaultMaven.doExecute(DefaultMaven.java:192)
[ 6484s] [ERROR] 	at org.apache.maven.DefaultMaven.execute(DefaultMaven.java:105)
[ 6484s] [ERROR] 	at org.apache.maven.cli.MavenCli.execute(MavenCli.java:954)
[ 6484s] [ERROR] 	at org.apache.maven.cli.MavenCli.doMain(MavenCli.java:288)
[ 6484s] [ERROR] 	at org.apache.maven.cli.MavenCli.main(MavenCli.java:192)
[ 6484s] [ERROR] 	at sun.reflect.NativeMethodAccessorImpl.invoke0(Native Method)
[ 6484s] [ERROR] 	at sun.reflect.NativeMethodAccessorImpl.invoke(NativeMethodAccessorImpl.java:62)
[ 6484s] [ERROR] 	at sun.reflect.DelegatingMethodAccessorImpl.invoke(DelegatingMethodAccessorImpl.java:43)
[ 6484s] [ERROR] 	at java.lang.reflect.Method.invoke(Method.java:498)
[ 6484s] [ERROR] 	at org.codehaus.plexus.classworlds.launcher.Launcher.launchEnhanced(Launcher.java:289)
[ 6485s] [ERROR] 	at org.codehaus.plexus.classworlds.launcher.Launcher.launch(Launcher.java:229)
[ 6485s] [ERROR] 	at org.codehaus.plexus.classworlds.launcher.Launcher.mainWithExitCode(Launcher.java:415)
[ 6485s] [ERROR] 	at org.codehaus.plexus.classworlds.launcher.Launcher.main(Launcher.java:356)
[ 6485s] [ERROR] -> [Help 1]
[ 6485s] [ERROR] 
[ 6485s] [ERROR] To see the full stack trace of the errors, re-run Maven with the -e switch.
[ 6485s] [ERROR] Re-run Maven using the -X switch to enable full debug logging.
[ 6485s] [ERROR] 
[ 6485s] [ERROR] For more information about the errors and possible solutions, please read the following articles:
[ 6485s] [ERROR] [Help 1] http://cwiki.apache.org/confluence/display/MAVEN/MojoExecutionException
[ 6487s] error: Bad exit status from /var/tmp/rpm-tmp.b51aqK (%build)
[ 6487s] 
[ 6487s] 
[ 6487s] RPM build errors:
[ 6487s]     Bad exit status from /var/tmp/rpm-tmp.b51aqK (%build)
[ 6488s] 
[ 6488s] oe-RISCV-worker29 failed "build codenarc.spec" at Sat Apr 16 11:42:05 UTC 2022.
[ 6488s] 
