[    0s] Memory limit set to 10955196KB
[    0s] Using BUILD_ROOT=/var/cache/obs/worker/root_2
[    0s] Using BUILD_ARCH=riscv64
[    0s] 
[    3s] 
[    3s] oe-RISCV-worker22 started "build _service:extract_file:gmetrics.spec" at Sat Apr 16 00:50:25 UTC 2022.
[    3s] 
[    3s] Building gmetrics for project 'openEuler:Mainline:RISC-V' repository 'advanced_riscv64' arch 'riscv64' srcmd5 '8e2d42074cfc873d68825dcf6ae5a3c8'
[    3s] 
[    3s] processing recipe /var/cache/obs/worker/root_2/.build-srcdir/_service:extract_file:gmetrics.spec ...
[    6s] running changelog2spec --target rpm --file /var/cache/obs/worker/root_2/.build-srcdir/_service:extract_file:gmetrics.spec
[    7s] init_buildsystem --configdir /var/run/obs/worker/2/build/configs --cachedir /var/cache/build --clean --rpmlist /var/cache/obs/worker/root_2/.build.rpmlist /var/cache/obs/worker/root_2/.build-srcdir/_service:extract_file:gmetrics.spec build ...
[  104s] cycle: bash -> coreutils
[  104s]   breaking dependency coreutils -> bash
[  104s] cycle: bash -> coreutils -> info
[  104s]   breaking dependency coreutils -> info
[  104s] cycle: glibc -> filesystem -> bash -> coreutils
[  104s]   breaking dependency filesystem -> bash
[  104s] cycle: glibc -> filesystem -> coreutils
[  104s]   breaking dependency coreutils -> glibc
[  104s] cycle: glibc -> filesystem -> coreutils -> libacl
[  104s]   breaking dependency coreutils -> libacl
[  104s] cycle: glibc -> filesystem -> coreutils -> attr
[  104s]   breaking dependency coreutils -> attr
[  104s] cycle: coreutils -> libcap -> bash
[  104s]   breaking dependency coreutils -> libcap
[  104s] cycle: glibc -> filesystem -> coreutils -> openssl-libs
[  104s]   breaking dependency coreutils -> openssl-libs
[  104s] cycle: glibc -> filesystem -> coreutils -> libselinux
[  104s]   breaking dependency libselinux -> glibc
[  104s] cycle: glibc -> filesystem -> coreutils -> libselinux -> pcre2
[  104s]   breaking dependency pcre2 -> glibc
[  104s] cycle: glibc -> filesystem -> coreutils -> libselinux -> pcre2 -> readline
[  104s]   breaking dependency readline -> glibc
[  104s] cycle: glibc -> filesystem -> coreutils -> libselinux -> pcre2 -> readline -> ncurses-libs
[  104s]   breaking dependency coreutils -> libselinux
[  104s] cycle: glibc -> filesystem -> coreutils -> ncurses
[  104s]   breaking dependency ncurses -> glibc
[  104s] cycle: glibc -> filesystem -> coreutils -> ncurses -> ncurses-libs
[  104s]   breaking dependency ncurses -> ncurses-libs
[  104s] cycle: filesystem -> coreutils -> ncurses -> libgcc
[  104s]   breaking dependency ncurses -> libgcc
[  104s] cycle: perl-Carp -> perl-libs
[  104s]   breaking dependency perl-libs -> perl-Carp
[  104s] cycle: perl-libs -> perl-Exporter
[  104s]   breaking dependency perl-libs -> perl-Exporter
[  104s] cycle: perl-Carp -> perl-Exporter
[  104s]   breaking dependency perl-Exporter -> perl-Carp
[  104s] cycle: nss-util -> nss
[  104s]   breaking dependency nss -> nss-util
[  104s] cycle: nss-softokn -> nss-util -> nss
[  104s]   breaking dependency nss -> nss-softokn
[  104s] cycle: systemd -> cryptsetup -> device-mapper
[  104s]   breaking dependency systemd -> cryptsetup
[  104s] cycle: audit -> systemd -> pam
[  104s]   breaking dependency systemd -> pam
[  104s] [1/84] preinstalling dbus...
[  105s] [2/84] preinstalling libffi-devel...
[  105s] [3/84] preinstalling nodejs-source-map...
[  106s] [4/84] preinstalling python3-pip...
[  109s] [5/84] preinstalling python3-setuptools_scm...
[  109s] [6/84] preinstalling ncurses...
[  114s] [7/84] preinstalling coreutils...
[  118s] [8/84] preinstalling filesystem...
[  120s] [9/84] preinstalling glibc...
[  123s] [10/84] preinstalling libgcc...
[  123s] [11/84] preinstalling diffutils...
[  124s] [12/84] preinstalling libcap-ng...
[  125s] [13/84] preinstalling libgpg-error...
[  126s] [14/84] preinstalling libpcap...
[  127s] [15/84] preinstalling libsmartcols...
[  127s] [16/84] preinstalling libuuid...
[  128s] [17/84] preinstalling libxcrypt...
[  129s] [18/84] preinstalling lz4...
[  129s] [19/84] preinstalling m4...
[  130s] [20/84] preinstalling ncurses-libs...
[  131s] [21/84] preinstalling nspr...
[  132s] [22/84] preinstalling xz-libs...
[  133s] [23/84] preinstalling zlib...
[  134s] [24/84] preinstalling attr...
[  135s] [25/84] preinstalling libdb...
[  138s] [26/84] preinstalling zstd...
[  139s] [27/84] preinstalling audit-libs...
[  140s] [28/84] preinstalling file...
[  140s] [29/84] preinstalling iptables-libs...
[  141s] [30/84] preinstalling libacl...
[  142s] [31/84] preinstalling libgcrypt...
[  143s] [32/84] preinstalling openssl-libs...
[  144s] [33/84] preinstalling readline...
[  145s] [34/84] preinstalling bash...
[  147s] [35/84] preinstalling cmake...
[  158s] [36/84] preinstalling perl-libs...
[  161s] [37/84] preinstalling dnf...
[  162s] [38/84] preinstalling pcre2...
[  163s] [39/84] preinstalling perl-Exporter...
[  163s] [40/84] preinstalling bzip2...
[  164s] [41/84] preinstalling elfutils...
[  166s] [42/84] preinstalling hostname...
[  167s] [43/84] preinstalling libcap...
[  167s] [44/84] preinstalling pcre...
[  168s] [45/84] preinstalling popt...
[  169s] [46/84] preinstalling acl...
[  169s] [47/84] preinstalling libblkid...
[  170s] [48/84] preinstalling openssl...
[  171s] [49/84] preinstalling sqlite...
[  173s] [50/84] preinstalling tar...
[  174s] [51/84] preinstalling info...
[  175s] [52/84] preinstalling libgcrypt-devel...
[  175s] [53/84] preinstalling lua...
[  176s] [54/84] preinstalling libselinux...
[  177s] [55/84] preinstalling perl-Carp...
[  177s] [56/84] preinstalling copy-jdk-configs...
[  178s] [57/84] preinstalling libfdisk...
[  179s] [58/84] preinstalling perl-Digest-MD5...
[  180s] [59/84] preinstalling grep...
[  180s] [60/84] preinstalling rpm-libs...
[  181s] [61/84] preinstalling chkconfig...
[  182s] [62/84] preinstalling sed...
[  183s] [63/84] preinstalling libmount...
[  184s] [64/84] preinstalling libsemanage...
[  184s] [65/84] preinstalling perl-constant...
[  185s] [66/84] preinstalling findutils...
[  186s] [67/84] preinstalling xz...
[  187s] [68/84] preinstalling perl-Getopt-Long...
[  188s] [69/84] preinstalling glib2...
[  191s] [70/84] preinstalling nss...
[  192s] [71/84] preinstalling perl-Data-Dumper...
[  193s] [72/84] preinstalling systemd-libs...
[  194s] [73/84] preinstalling systemd...
[  197s] [74/84] preinstalling dbus-libs...
[  198s] [75/84] preinstalling nss-util...
[  199s] [76/84] preinstalling audit...
[  200s] [77/84] preinstalling nss-softokn...
[  201s] [78/84] preinstalling pam...
[  202s] [79/84] preinstalling rpm...
[  203s] [80/84] preinstalling openEuler-rpm-config...
[  204s] [81/84] preinstalling util-linux...
[  207s] [82/84] preinstalling device-mapper...
[  208s] [83/84] preinstalling cryptsetup...
[  209s] [84/84] preinstalling lvm2...
[  211s] 
[  213s] initializing rpm db...
[  225s] reordering...cycle: bash -> coreutils
[  225s]   breaking dependency coreutils -> bash
[  225s] cycle: bash -> coreutils -> info
[  225s]   breaking dependency coreutils -> info
[  225s] cycle: glibc -> basesystem -> filesystem -> bash -> coreutils -> gmp
[  225s]   breaking dependency filesystem -> bash
[  225s] cycle: glibc -> basesystem -> filesystem -> coreutils -> gmp
[  225s]   breaking dependency coreutils -> gmp
[  225s] cycle: glibc -> basesystem -> filesystem -> coreutils
[  225s]   breaking dependency coreutils -> glibc
[  225s] cycle: glibc -> basesystem -> filesystem -> coreutils -> libacl
[  225s]   breaking dependency coreutils -> libacl
[  225s] cycle: glibc -> basesystem -> filesystem -> coreutils -> attr
[  225s]   breaking dependency coreutils -> attr
[  225s] cycle: coreutils -> libcap -> bash
[  225s]   breaking dependency coreutils -> libcap
[  225s] cycle: glibc -> basesystem -> filesystem -> coreutils -> openssl-libs
[  225s]   breaking dependency openssl-libs -> glibc
[  225s] cycle: coreutils -> openssl-libs -> ca-certificates -> bash
[  225s]   breaking dependency ca-certificates -> bash
[  225s] cycle: coreutils -> openssl-libs -> ca-certificates
[  225s]   breaking dependency ca-certificates -> coreutils
[  225s] cycle: coreutils -> openssl-libs -> ca-certificates -> grep -> bash
[  225s]   breaking dependency grep -> bash
[  225s] cycle: coreutils -> openssl-libs -> ca-certificates -> grep
[  225s]   breaking dependency ca-certificates -> grep
[  225s] cycle: glibc -> basesystem -> filesystem -> coreutils -> openssl-libs -> ca-certificates -> p11-kit
[  225s]   breaking dependency p11-kit -> glibc
[  225s] cycle: glibc -> basesystem -> filesystem -> coreutils -> openssl-libs -> ca-certificates -> p11-kit -> libffi
[  225s]   breaking dependency openssl-libs -> ca-certificates
[  225s] cycle: coreutils -> openssl-libs -> crypto-policies -> bash
[  225s]   breaking dependency crypto-policies -> bash
[  225s] cycle: coreutils -> openssl-libs -> crypto-policies
[  225s]   breaking dependency crypto-policies -> coreutils
[  225s] cycle: coreutils -> openssl-libs -> crypto-policies -> grep
[  225s]   breaking dependency grep -> coreutils
[  225s] cycle: glibc -> basesystem -> filesystem -> coreutils -> openssl-libs -> crypto-policies -> grep
[  225s]   breaking dependency glibc -> basesystem
[  225s] cycle: glibc -> glibc-common -> bash -> coreutils -> openssl-libs -> crypto-policies -> grep
[  225s]   breaking dependency glibc-common -> bash
[  225s] cycle: glibc -> glibc-common -> coreutils -> openssl-libs -> crypto-policies -> grep
[  225s]   breaking dependency glibc-common -> coreutils
[  225s] cycle: glibc -> glibc-common
[  225s]   breaking dependency glibc-common -> glibc
[  225s] cycle: glibc -> glibc-common -> libselinux
[  225s]   breaking dependency libselinux -> glibc
[  225s] cycle: glibc -> glibc-common -> libselinux -> pcre2
[  225s]   breaking dependency pcre2 -> glibc
[  225s] cycle: glibc -> glibc-common -> libselinux -> pcre2 -> readline
[  225s]   breaking dependency readline -> glibc
[  225s] cycle: glibc -> glibc-common -> libselinux -> pcre2 -> readline -> ncurses-libs
[  225s]   breaking dependency libselinux -> pcre2
[  225s] cycle: glibc -> glibc-common -> libselinux -> libsepol -> bash -> coreutils -> openssl-libs -> crypto-policies -> grep
[  225s]   breaking dependency bash -> coreutils
[  225s] cycle: glibc -> glibc-common -> libselinux -> libsepol -> bash -> filesystem -> coreutils -> openssl-libs -> crypto-policies -> grep
[  225s]   breaking dependency libsepol -> bash
[  225s] cycle: glibc -> glibc-common -> libselinux -> libsepol -> coreutils -> openssl-libs -> crypto-policies -> grep
[  225s]   breaking dependency coreutils -> openssl-libs
[  225s] cycle: libselinux -> libsepol -> coreutils
[  225s]   breaking dependency libsepol -> coreutils
[  225s] cycle: glibc -> glibc-common -> libselinux -> libsepol
[  225s]   breaking dependency glibc -> glibc-common
[  225s] cycle: glibc -> filesystem -> coreutils -> libselinux -> libsepol
[  225s]   breaking dependency filesystem -> coreutils
[  225s] cycle: filesystem -> setup
[  225s]   breaking dependency filesystem -> setup
[  225s] cycle: systemd -> cryptsetup -> device-mapper
[  225s]   breaking dependency systemd -> cryptsetup
[  225s] cycle: perl-libs -> perl-Carp
[  225s]   breaking dependency perl-libs -> perl-Carp
[  225s] cycle: perl-libs -> perl-Exporter
[  225s]   breaking dependency perl-libs -> perl-Exporter
[  225s] cycle: perl-Carp -> perl-Exporter
[  225s]   breaking dependency perl-Exporter -> perl-Carp
[  225s] cycle: perl -> perl-PathTools
[  225s]   breaking dependency perl -> perl-PathTools
[  225s] cycle: perl -> perl-ExtUtils-MakeMaker
[  225s]   breaking dependency perl -> perl-ExtUtils-MakeMaker
[  225s] cycle: perl -> perl-File-Path -> perl-PathTools
[  225s]   breaking dependency perl -> perl-File-Path
[  225s] cycle: perl -> perl-Getopt-Long -> perl-Pod-Usage
[  225s]   breaking dependency perl -> perl-Getopt-Long
[  225s] cycle: perl -> perl-Locale-Maketext
[  225s]   breaking dependency perl -> perl-Locale-Maketext
[  225s] cycle: perl -> perl-Pod-Simple
[  225s]   breaking dependency perl -> perl-Pod-Simple
[  225s] cycle: perl -> perl-Socket
[  225s]   breaking dependency perl -> perl-Socket
[  225s] cycle: perl -> perl-Storable
[  225s]   breaking dependency perl -> perl-Storable
[  225s] cycle: perl -> perl-Text-Tabs+Wrap
[  225s]   breaking dependency perl -> perl-Text-Tabs+Wrap
[  225s] cycle: perl -> perl-Time-Local -> perl-constant
[  225s]   breaking dependency perl -> perl-Time-Local
[  225s] cycle: perl -> perl-constant
[  225s]   breaking dependency perl -> perl-constant
[  225s] cycle: perl -> perl-threads
[  225s]   breaking dependency perl -> perl-threads
[  225s] cycle: perl -> perl-threads-shared
[  225s]   breaking dependency perl -> perl-threads-shared
[  225s] cycle: perl -> perl-Archive-Tar
[  225s]   breaking dependency perl -> perl-Archive-Tar
[  225s] cycle: perl -> perl-B-Debug
[  225s]   breaking dependency perl -> perl-B-Debug
[  225s] cycle: perl -> perl-CPAN-Meta -> perl-CPAN-Meta-Requirements
[  225s]   breaking dependency perl -> perl-CPAN-Meta
[  225s] cycle: perl -> perl-CPAN-Meta-Requirements
[  225s]   breaking dependency perl -> perl-CPAN-Meta-Requirements
[  225s] cycle: perl -> perl-CPAN-Meta-YAML
[  225s]   breaking dependency perl -> perl-CPAN-Meta-YAML
[  225s] cycle: perl -> perl-Compress-Raw-Bzip2
[  225s]   breaking dependency perl -> perl-Compress-Raw-Bzip2
[  225s] cycle: perl -> perl-Compress-Raw-Zlib
[  225s]   breaking dependency perl -> perl-Compress-Raw-Zlib
[  225s] cycle: perl -> perl-Config-Perl-V
[  225s]   breaking dependency perl -> perl-Config-Perl-V
[  225s] cycle: perl -> perl-DB_File
[  225s]   breaking dependency perl -> perl-DB_File
[  225s] cycle: perl -> perl-Data-Dumper
[  225s]   breaking dependency perl -> perl-Data-Dumper
[  225s] cycle: perl -> perl-Devel-PPPort
[  225s]   breaking dependency perl -> perl-Devel-PPPort
[  225s] cycle: perl -> perl-Digest -> perl-MIME-Base64
[  225s]   breaking dependency perl -> perl-Digest
[  225s] cycle: perl -> perl-Digest-MD5 -> perl-Digest -> perl-MIME-Base64
[  225s]   breaking dependency perl -> perl-Digest-MD5
[  225s] cycle: perl -> perl-Digest-SHA
[  225s]   breaking dependency perl -> perl-Digest-SHA
[  225s] cycle: perl -> perl-Encode
[  225s]   breaking dependency perl -> perl-Encode
[  225s] cycle: perl -> perl-Env
[  225s]   breaking dependency perl -> perl-Env
[  225s] cycle: perl -> perl-ExtUtils-Command
[  225s]   breaking dependency perl -> perl-ExtUtils-Command
[  225s] cycle: perl -> perl-ExtUtils-Install
[  225s]   breaking dependency perl -> perl-ExtUtils-Install
[  225s] cycle: perl -> perl-ExtUtils-Manifest
[  225s]   breaking dependency perl -> perl-ExtUtils-Manifest
[  225s] cycle: perl -> perl-ExtUtils-ParseXS
[  225s]   breaking dependency perl -> perl-ExtUtils-ParseXS
[  225s] cycle: perl -> perl-File-Fetch -> perl-PathTools
[  225s]   breaking dependency perl -> perl-File-Fetch
[  225s] cycle: perl -> perl-File-Temp -> perl-PathTools
[  225s]   breaking dependency perl -> perl-File-Temp
[  225s] cycle: perl -> perl-Filter
[  225s]   breaking dependency perl -> perl-Filter
[  225s] cycle: perl -> perl-Filter-Simple -> perl-Filter
[  225s]   breaking dependency perl -> perl-Filter-Simple
[  225s] cycle: perl -> perl-HTTP-Tiny
[  225s]   breaking dependency perl -> perl-HTTP-Tiny
[  225s] cycle: perl -> perl-IO-Compress
[  225s]   breaking dependency perl -> perl-IO-Compress
[  225s] cycle: perl -> perl-IO-Socket-IP
[  225s]   breaking dependency perl -> perl-IO-Socket-IP
[  225s] cycle: perl -> perl-IPC-Cmd -> perl-ExtUtils-MakeMaker
[  225s]   breaking dependency perl -> perl-IPC-Cmd
[  225s] cycle: perl -> perl-IPC-SysV
[  225s]   breaking dependency perl -> perl-IPC-SysV
[  225s] cycle: perl -> perl-JSON-PP
[  225s]   breaking dependency perl -> perl-JSON-PP
[  225s] cycle: perl -> perl-Locale-Codes -> perl-constant
[  225s]   breaking dependency perl -> perl-Locale-Codes
[  225s] cycle: perl -> perl-MIME-Base64
[  225s]   breaking dependency perl -> perl-MIME-Base64
[  225s] cycle: perl -> perl-Math-BigInt
[  225s]   breaking dependency perl -> perl-Math-BigInt
[  225s] cycle: perl -> perl-Math-BigInt-FastCalc -> perl-Math-BigInt
[  225s]   breaking dependency perl -> perl-Math-BigInt-FastCalc
[  225s] cycle: perl -> perl-Math-BigRat -> perl-Math-BigInt
[  225s]   breaking dependency perl -> perl-Math-BigRat
[  225s] cycle: perl -> perl-Module-CoreList
[  225s]   breaking dependency perl -> perl-Module-CoreList
[  225s] cycle: perl -> perl-Module-Load -> perl-PathTools
[  225s]   breaking dependency perl -> perl-Module-Load
[  225s] cycle: perl -> perl-Module-Load-Conditional
[  225s]   breaking dependency perl -> perl-Module-Load-Conditional
[  225s] cycle: perl -> perl-Module-Metadata
[  225s]   breaking dependency perl -> perl-Module-Metadata
[  225s] cycle: perl -> perl-Params-Check
[  225s]   breaking dependency perl -> perl-Params-Check
[  225s] cycle: perl -> perl-PerlIO-via-QuotedPrint -> perl-MIME-Base64
[  225s]   breaking dependency perl -> perl-PerlIO-via-QuotedPrint
[  225s] cycle: perl -> perl-Pod-Checker
[  225s]   breaking dependency perl -> perl-Pod-Checker
[  225s] cycle: perl -> perl-Pod-Escapes
[  225s]   breaking dependency perl -> perl-Pod-Escapes
[  225s] cycle: perl -> perl-Pod-Parser
[  225s]   breaking dependency perl -> perl-Pod-Parser
[  225s] cycle: perl -> perl-Pod-Perldoc
[  225s]   breaking dependency perl -> perl-Pod-Perldoc
[  225s] cycle: perl -> perl-Pod-Usage
[  225s]   breaking dependency perl -> perl-Pod-Usage
[  225s] cycle: perl -> perl-Sys-Syslog
[  225s]   breaking dependency perl -> perl-Sys-Syslog
[  225s] cycle: perl -> perl-Term-Cap
[  225s]   breaking dependency perl -> perl-Term-Cap
[  225s] cycle: perl -> perl-Test-Harness
[  225s]   breaking dependency perl -> perl-Test-Harness
[  225s] cycle: perl -> perl-Test-Simple
[  225s]   breaking dependency perl -> perl-Test-Simple
[  225s] cycle: perl -> perl-Text-Balanced
[  225s]   breaking dependency perl -> perl-Text-Balanced
[  225s] cycle: perl -> perl-Thread-Queue -> perl-threads-shared
[  225s]   breaking dependency perl -> perl-Thread-Queue
[  225s] cycle: perl -> perl-Unicode-Collate -> perl-PathTools
[  225s]   breaking dependency perl -> perl-Unicode-Collate
[  225s] cycle: perl -> perl-autodie
[  225s]   breaking dependency perl -> perl-autodie
[  225s] cycle: perl -> perl-bignum -> perl-Math-BigInt
[  225s]   breaking dependency perl -> perl-bignum
[  225s] cycle: perl -> perl-devel
[  225s]   breaking dependency perl -> perl-devel
[  225s] cycle: perl -> perl-Encode-devel
[  225s]   breaking dependency perl -> perl-Encode-devel
[  225s] cycle: perl -> perl-experimental
[  225s]   breaking dependency perl -> perl-experimental
[  225s] cycle: perl -> perl-libnet -> perl-Digest-MD5 -> perl-Digest -> perl-MIME-Base64
[  225s]   breaking dependency perl -> perl-libnet
[  225s] cycle: perl -> perl-podlators
[  225s]   breaking dependency perl -> perl-podlators
[  225s] cycle: perl -> perl-version
[  225s]   breaking dependency perl -> perl-version
[  225s] cycle: glib2 -> gamin
[  225s]   breaking dependency glib2 -> gamin
[  225s] cycle: systemd -> gnutls -> unbound-libs -> shadow -> pam -> audit
[  225s]   breaking dependency systemd -> gnutls
[  225s] cycle: systemd -> pam -> audit
[  225s]   breaking dependency systemd -> pam
[  225s] cycle: systemd -> shadow -> pam -> audit
[  225s]   breaking dependency systemd -> shadow
[  225s] cycle: pam -> libpwquality
[  225s]   breaking dependency pam -> libpwquality
[  225s] cycle: perl-Getopt-Long -> perl-Pod-Usage
[  225s]   breaking dependency perl-Pod-Usage -> perl-Getopt-Long
[  225s] cycle: perl-Getopt-Long -> perl-Pod-Usage -> perl-podlators -> perl-Encode
[  225s]   breaking dependency perl-podlators -> perl-Encode
[  225s] cycle: perl-Getopt-Long -> perl-Pod-Usage -> perl-podlators
[  225s]   breaking dependency perl-podlators -> perl-Getopt-Long
[  225s] cycle: perl-Getopt-Long -> perl-Pod-Usage -> perl-podlators -> perl-Pod-Simple -> perl-Encode
[  225s]   breaking dependency perl-Encode -> perl-Getopt-Long
[  225s] cycle: perl-Getopt-Long -> perl-Pod-Usage -> perl-podlators -> perl-Pod-Simple
[  225s]   breaking dependency perl-podlators -> perl-Pod-Simple
[  225s] cycle: perl-Pod-Usage -> perl-podlators
[  225s]   breaking dependency perl-podlators -> perl-Pod-Usage
[  225s] cycle: groff -> perl-Getopt-Long -> perl-Pod-Usage -> perl-Pod-Perldoc
[  225s]   breaking dependency groff -> perl-Getopt-Long
[  225s] cycle: nss -> nss-util
[  225s]   breaking dependency nss -> nss-util
[  225s] cycle: nss -> nss-softokn -> nss-util
[  225s]   breaking dependency nss -> nss-softokn
[  225s] cycle: groovy-lib -> gpars
[  225s]   breaking dependency groovy-lib -> gpars
[  225s] cycle: libxcrypt-devel -> glibc-devel
[  225s]   breaking dependency glibc-devel -> libxcrypt-devel
[  225s] cycle: batik-css -> batik
[  225s]   breaking dependency batik -> batik-css
[  225s] cycle: xalan-j2 -> xerces-j2
[  225s]   breaking dependency xerces-j2 -> xalan-j2
[  225s] cycle: cmake-data -> cmake
[  225s]   breaking dependency cmake -> cmake-data
[  225s] cycle: perl-Getopt-Long -> perl-Pod-Usage -> perl-Pod-Perldoc -> perl-Pod-Simple
[  225s]   breaking dependency perl-Pod-Perldoc -> perl-Pod-Simple
[  225s] cycle: openssh -> openssh-server
[  225s]   breaking dependency openssh-server -> openssh
[  225s] cycle: git -> perl-Git
[  225s]   breaking dependency git -> perl-Git
[  225s] cycle: perl-ExtUtils-Install -> perl-ExtUtils-MakeMaker
[  225s]   breaking dependency perl-ExtUtils-MakeMaker -> perl-ExtUtils-Install
[  226s] done
[  226s] querying package ids...
[  259s] [1/538] installing cmake-filesystem-3.22.0-1.oe1
[  261s] [2/538] installing fonts-filesystem-2.0.2-2.oe1
[  262s] [3/538] installing fuse-common-3.9.2-5.oe1
[  263s] [4/538] installing javapackages-filesystem-5.3.0-3.oe1
[  264s] [5/538] installing kernel-headers-5.10-3.oe1
[  269s] [6/538] installing libreport-filesystem-2.13.1-5.oe1
[  270s] [7/538] installing ncurses-base-6.1-14.oe1
[  271s] [8/538] installing openEuler-gpg-keys-1.0-2.5.oe1
[  272s] [9/538] installing python-setuptools-59.4.0-3.oe1
[  273s] [10/538] installing qt5-srpm-macros-5.15.2-1.oe1
[  274s] [11/538] installing tzdata-2021a-2.oe1
[  287s] [12/538] installing tzdata-java-2021a-2.oe1
[  290s] [13/538] installing dnf-data-4.10.0-1.oe1
[  291s] [14/538] installing openEuler-repos-1.0-2.5.oe1
[  292s] [15/538] installing wqy-zenhei-fonts-0.9.46-21.oe1
[  300s] [16/538] installing openEuler-release-20.03LTS-40.oe1
[  301s] [17/538] installing filesystem-3.9-3.oe1
[  312s] warning: group mail does not exist - using root
[  312s] [18/538] installing emacs-filesystem-1:27.1-5.oe1
[  313s] [19/538] installing libgcc-10.3.1-20220105.6.oe1
[  317s] [20/538] installing setup-2.13.3-4.oe1
[  318s] [21/538] installing glibc-2.34-64.oe1
[  328s] [22/538] installing brotli-1.0.9-2.oe1
[  330s] [23/538] installing chrpath-0.16-12.oe1
[  332s] [24/538] installing cpio-2.13-4.oe1
[  333s] [25/538] installing diffutils-3.7-4.oe1
[  335s] [26/538] installing expat-2.2.10-1.oe1
[  336s] [27/538] installing giflib-5.2.1-2.oe1
[  337s] [28/538] installing json-c-0.15-1.oe1
[  338s] [29/538] installing keyutils-libs-1.6.3-3.oe1
[  339s] [30/538] installing libICE-1.0.10-2.oe1
[  342s] [31/538] installing libXau-1.0.9-2.oe1
[  344s] [32/538] installing libaio-0.3.112-1.oe1
[  345s] [33/538] installing libargon2-20190702-1.oe1
[  346s] [34/538] installing libatomic-10.3.1-20220105.6.oe1
[  347s] [35/538] installing libcap-ng-0.7.11-1.oe1
[  348s] [36/538] installing libev-4.24-11.oe1
[  349s] [37/538] installing libffi-3.3-31.oe1
[  352s] [38/538] installing libgomp-10.3.1-20220105.6.oe1
[  353s] [39/538] installing libgpg-error-1.41-1.oe1
[  355s] [40/538] installing libjpeg-turbo-2.0.6-1.oe1
[  356s] [41/538] installing libnghttp2-1.42.0-1.oe1
[  357s] [42/538] installing libpcap-14:1.9.1-7.oe1
[  359s] [43/538] installing libpipeline-1.5.3-1.oe1
[  360s] [44/538] installing libsigsegv-2.11-10.oe1
[  361s] [45/538] installing libsmartcols-2.36.1-3.oe1
[  362s] [46/538] installing libtasn1-4.16.0-2.oe1
[  363s] [47/538] installing libtool-ltdl-2.4.6-34.oe1
[  364s] [48/538] installing libunistring-0.9.10-8.oe1
[  366s] [49/538] installing libuuid-2.36.1-3.oe1
[  367s] [50/538] installing libuv-1:1.40.0-1.oe1
[  368s] [51/538] installing libxcrypt-4.4.8-4.oe1
[  369s] [52/538] installing libyaml-0.2.5-1.oe1
[  370s] [53/538] installing lz4-1.9.3-1.oe1
[  371s] [54/538] installing m4-1.4.18-14.oe1
[  372s] [55/538] installing nspr-4.32.0-1.oe1
[  373s] [56/538] installing pkgconf-1.7.3-1.oe1
[  374s] [57/538] installing rhash-1.3.5-5.oe1
[  375s] [58/538] installing which-2.21-14.oe1
[  376s] [59/538] installing xz-libs-5.2.5-1.oe1
[  377s] [60/538] installing zlib-1.2.11-18.oe1
[  378s] [61/538] installing attr-2.4.48-12.oe1
[  379s] [62/538] installing basesystem-12-2.oe1
[  380s] [63/538] installing libstdc++-10.3.1-20220105.6.oe1
[  382s] [64/538] installing ncurses-libs-6.1-14.oe1
[  383s] [65/538] installing libsepol-3.1-4.oe1
[  384s] [66/538] installing libstdc++-devel-10.3.1-20220105.6.oe1
[  393s] [67/538] installing audit-libs-1:3.0-2.oe1
[  394s] [68/538] installing elfutils-libelf-0.185-3.oe1
[  396s] [69/538] installing file-libs-5.39-6.oe1
[  398s] [70/538] installing gmp-1:6.2.1-3.oe1
[  399s] [71/538] installing iptables-libs-1.8.1-4.oe1
[  400s] [72/538] installing less-563-2.oe1
[  401s] [73/538] installing libacl-2.2.53-7.oe1
[  402s] [74/538] installing libassuan-2.5.4-1.oe1
[  408s] [75/538] installing libedit-3.1-27.oe1
[  411s] [76/538] installing libffi-devel-3.3-31.oe1
[  412s] [77/538] installing libfontenc-1.1.4-2.oe1
[  413s] [78/538] installing libgcrypt-1.8.7-1.oe1
[  414s] [79/538] installing libpng-2:1.6.37-1.oe1
[  415s] [80/538] installing libxcb-1.14-1.oe1
[  417s] [81/538] installing readline-8.0-2.oe1
[  418s] [82/538] installing fuse-2.9.9-6.oe1
[  419s] [83/538] installing gc-8.0.4-2.oe1
[  420s] [84/538] installing libSM-1.2.3-2.oe1
[  422s] [85/538] installing libdb-5.3.28-35.oe1
[  427s] [86/538] installing libselinux-3.1-3.oe1
[  428s] [87/538] installing libxml2-2.9.12-5.oe1
[  430s] [88/538] installing bash-5.1-1.oe1
[  433s] [89/538] installing perl-libs-4:5.28.0-435.oe1
[  437s] [90/538] installing zstd-1.4.8-2.oe1
[  439s] [91/538] installing ncurses-6.1-14.oe1
[  456s] [92/538] installing thin-provisioning-tools-0.8.5-1.oe1
[  458s] [93/538] installing perl-parent-1:0.237-4.oe1
[  459s] [94/538] installing perl-perlfaq-5.20180915-5.oe1
[  460s] [95/538] installing libX11-1.6.9-2.oe1
[  462s] [96/538] installing mpfr-4.1.0-1.oe1
[  464s] [97/538] installing nettle-3.6-6.oe1
[  466s] [98/538] installing pcre2-10.36-1.oe1
[  469s] [99/538] installing perl-Exporter-5.74-1.oe1
[  470s] [100/538] installing file-5.39-6.oe1
[  471s] [101/538] installing gdbm-1:1.18.1-1.oe1
[  473s] [102/538] installing patch-2.7.6-12.oe1
[  474s] [103/538] installing qrencode-4.1.1-1
[  476s] [104/538] installing sed-4.8-2.oe1
[  481s] [105/538] installing acl-2.2.53-7.oe1
[  485s] [106/538] installing libcomps-0.1.15-1.oe1
[  487s] [107/538] installing pcre-8.44-1.oe1
[  488s] [108/538] installing glibc-common-2.34-64.oe1
[  500s] [109/538] installing coreutils-8.31-4.oe1
[  516s] [110/538] installing alsa-lib-1.2.4-1.oe1
[  521s] [111/538] installing crontabs-1.11-21.oe1
[  522s] [112/538] installing elfutils-default-yama-scope-0.185-3.oe1
[  524s] /usr/lib/systemd/systemd-sysctl: error while loading shared libraries: libkmod.so.2: cannot open shared object file: No such file or directory
[  524s] [113/538] installing libXcomposite-0.4.5-1.oe1
[  527s] [114/538] installing libXext-1.3.4-2.oe1
[  528s] [115/538] installing libXpm-3.5.12-11.oe1
[  529s] [116/538] installing libXrender-0.9.10-10.oe1
[  538s] [117/538] installing perl-Carp-1.50-418.oe1
[  540s] [118/538] installing perl-Perl-OSType-1.010-421.oe1
[  541s] [119/538] installing perl-Term-ANSIColor-4.06-511.oe1
[  543s] [120/538] installing publicsuffix-list-20200718-1.oe1
[  544s] [121/538] installing uname-build-checks-1.0-0.4.oe1
[  546s] [122/538] installing bzip2-1.0.8-3.oe1
[  548s] [123/538] installing gzip-1.10-1.oe1
[  550s] [124/538] installing hostname-3.21-2.oe1
[  552s] [125/538] installing libcap-2.32-2.oe1
[  553s] [126/538] installing libmpc-1.2.0-2.oe1
[  554s] [127/538] installing libseccomp-2.4.3-2.oe1
[  556s] [128/538] installing lksctp-tools-1.0.16-11.oe1
[  559s] [129/538] installing npth-1.5-7.oe1
[  560s] [130/538] installing popt-1.18-1.oe1
[  563s] [131/538] installing grep-3.6-1.oe1
[  565s] [132/538] installing libXt-1.2.0-0.oe1
[  567s] [133/538] installing libblkid-2.36.1-3.oe1
[  568s] [134/538] installing libidn2-2.3.0-1.oe1
[  572s] [135/538] installing libksba-1.3.5-12.oe1
[  574s] [136/538] installing tar-2:1.32-3.oe1
[  581s] [137/538] installing tcl-1:8.6.10-3.oe1
[  592s] [138/538] installing apr-1.7.0-4.oe1
[  594s] [139/538] installing info-6.7-2.oe1
[  595s] [140/538] installing jsoncpp-1.9.4-1.oe1
[  597s] [141/538] installing libgpg-error-devel-1.41-1.oe1
[  599s] [142/538] installing lua-5.3.5-6.oe1
[  601s] [143/538] installing slang-2.3.2-8.oe1
[  603s] [144/538] installing gawk-5.0.1-2.oe1
[  605s] [145/538] installing libxslt-1.1.32-7.oe1
[  610s] [146/538] installing guile-5:2.0.14-15.oe1
[  618s] [147/538] installing zip-3.0-29.oe1
[  622s] [148/538] installing libXi-1.7.10-1.oe1
[  623s] [149/538] installing libfdisk-2.36.1-3.oe1
[  625s] [150/538] installing newt-0.52.21-4.oe1
[  627s] [151/538] installing perl-Text-ParseWords-3.30-419.oe1
[  629s] [152/538] installing crypto-policies-20180925-3.git71ca85f.oe1
[  635s] [153/538] installing elfutils-libs-0.185-3.oe1
[  645s] [154/538] installing libXmu-1.1.3-1.oe1
[  649s] [155/538] installing libmount-2.36.1-3.oe1
[  651s] [156/538] installing lua-posix-33.3.1-12.oe1
[  658s] [157/538] installing unzip-6.0-47.oe1
[  659s] [158/538] installing cracklib-2.9.7-6.oe1
[  665s] [159/538] installing e2fsprogs-1.45.6-3.oe1
[  672s] [160/538] installing findutils-2:4.7.0-7.oe1
[  674s] [161/538] installing libsemanage-3.1-4.oe1
[  676s] [162/538] installing make-1:4.2.1-15.oe1
[  678s] [163/538] installing sqlite-3.24.0-9.oe1
[  683s] [164/538] installing xz-5.2.5-1.oe1
[  684s] [165/538] installing logrotate-3.15.1-2.oe1
[  686s] [166/538] installing perl-Scalar-List-Utils-3:1.52-2.oe1
[  688s] [167/538] installing perl-Time-HiRes-1.9760-2.oe1
[  689s] [168/538] installing perl-Unicode-Normalize-1.26-419.oe1
[  691s] [169/538] installing freetype-2.10.2-3.oe1
[  693s] [170/538] installing glibc-devel-2.34-64.oe1
[  705s] [171/538] installing libgcrypt-devel-1.8.7-1.oe1
[  706s] [172/538] installing cpp-10.3.1-20220105.6.oe1
[  717s] [173/538] installing gnupg2-2.2.27-2.oe1
[  722s] [174/538] installing systemd-libs-243-22.oe1
[  725s] [175/538] installing dbus-libs-1:1.12.20-3.oe1
[  727s] [176/538] installing libxcrypt-devel-4.4.8-4.oe1
[  729s] [177/538] installing p11-kit-0.23.22-1.oe1
[  731s] [178/538] installing procps-ng-3.3.16-15.oe1
[  733s] [179/538] installing copy-jdk-configs-4.0-1.oe1
[  735s] [180/538] installing gpgme-1.15.1-1.oe1
[  736s] [181/538] installing libXtst-1.2.3-10.oe1
[  738s] [182/538] installing openssl-libs-1:1.1.1f-2.oe1
[  741s] [183/538] installing chkconfig-1.14-2.oe1
[  744s] [184/538] installing elfutils-0.185-3.oe1
[  746s] [185/538] installing libXaw-1.0.13-13.oe1
[  747s] [186/538] installing xorg-x11-font-utils-1:7.5-43.oe1
[  750s] [187/538] installing fontconfig-2.13.92-1.oe1
[  754s] [188/538] installing glib2-2.66.8-1.oe1
[  764s] [189/538] installing dbus-tools-1:1.12.20-3.oe1
[  767s] [190/538] installing ima-evm-utils-libs-1.2.1-8.oe1
[  772s] [191/538] installing libevent-2.1.12-4
[  774s] [192/538] installing libcroco-0.6.12-13.oe1
[  776s] [193/538] installing libtcnative-1-0-1.2.23-3.oe1
[  778s] [194/538] installing fipscheck-1.5.0-7.oe1
[  780s] [195/538] installing gamin-0.1.10-38.oe1
[  782s] [196/538] installing kmod-libs-27-4.oe1
[  783s] [197/538] installing libsecret-0.18.6-5.oe1
[  785s] [198/538] installing obs-env-1.0-5.oe1
[  792s] [199/538] installing xorg-x11-fonts-others-7.5-24
[  813s] [200/538] installing kmod-27-4.oe1
[  816s] [201/538] installing binutils-2.37-6.oe1
[  825s] [202/538] installing p11-kit-trust-0.23.22-1.oe1
[  827s] [203/538] installing babeltrace-1.5.8-1.oe1
[  832s] [204/538] installing libarchive-3.5.1-1.oe1
[  840s] [205/538] installing nodejs-libs-1:16.10.0-1.oe1
[  880s] [206/538] installing libverto-0.3.1-2.oe1
[  881s] [207/538] installing ca-certificates-2020.2.46-2.oe1
[  890s] [208/538] installing gettext-0.20.1-2.oe1
[  894s] [209/538] installing gcc-10.3.1-20220105.6.oe1
[  918s] [210/538] installing rpm-libs-4.15.1-25.oe1
[  922s] [211/538] installing python-pip-wheel-19.2.3-2.fc32
[  923s] [212/538] installing libmodulemd-2.13.0-1.oe1
[  925s] [213/538] installing gcc-c++-10.3.1-20220105.6.oe1
[  936s] [214/538] installing krb5-libs-1.18.2-3.oe1
[  939s] [215/538] installing libtirpc-1.3.1-1.oe1
[  940s] [216/538] installing cyrus-sasl-lib-2.1.27-10.oe1
[  942s] [217/538] installing libssh-0.9.5-1.oe1
[  944s] [218/538] installing openldap-2.4.46-15.oe1
[  946s] [219/538] installing libnsl2-1.3.0-2.oe1
[  948s] [220/538] installing python3-3.8.5-13.oe1
[  971s] [221/538] installing python3-pyparsing-2.4.5-1.fc32
[  973s] [222/538] installing python3-setuptools-59.4.0-3.oe1
[  979s] [223/538] installing python3-setuptools_scm-3.3.3-6.fc32
[  981s] [224/538] installing python3-six-1.15.0-3.oe1
[  983s] [225/538] installing python3-gpgme-1.15.1-1.oe1
[  985s] [226/538] installing python3-lxml-4.4.1-3.fc32
[  988s] [227/538] installing python3-libcomps-0.1.15-1.oe1
[  990s] [228/538] installing libpsl-0.21.1-1.oe1
[  992s] [229/538] installing gdb-headless-9.2-5.oe1
[  998s] [230/538] installing systemtap-sdt-devel-4.1-3.oe1
[ 1000s] [231/538] installing gdb-9.2-5.oe1
[ 1001s] [232/538] installing python3-javapackages-5.3.0-3.oe1
[ 1003s] [233/538] installing python3-pip-19.2.3-2.fc32
[ 1013s] [234/538] installing libcurl-7.79.1-1.oe1
[ 1015s] [235/538] installing curl-7.79.1-1.oe1
[ 1016s] [236/538] installing librepo-1.14.2-2.oe1
[ 1018s] [237/538] installing rpm-4.15.1-25.oe1
[ 1023s] [238/538] installing efi-srpm-macros-4-3.oe1
[ 1025s] [239/538] installing cmake-rpm-macros-3.22.0-1.oe1
[ 1026s] [240/538] installing libsolv-0.7.20-1.oe1
[ 1028s] [241/538] installing python3-rpm-4.15.1-25.oe1
[ 1030s] [242/538] installing openEuler-rpm-config-30-22.oe1
[ 1032s] [243/538] installing cmake-3.22.0-1.oe1
[ 1047s] [244/538] installing libdnf-0.65.0-2.oe1
[ 1051s] [245/538] installing cmake-data-3.22.0-1.oe1
[ 1064s] [246/538] installing python3-libdnf-0.65.0-2.oe1
[ 1072s] [247/538] installing perl-4:5.28.0-435.oe1
[ 1080s] [248/538] installing perl-B-Debug-1.26-4.oe1
[ 1081s] [249/538] installing perl-Env-1.04-397.oe1
[ 1082s] [250/538] installing perl-Devel-PPPort-3.42-4.oe1
[ 1084s] [251/538] installing perl-Pod-Escapes-1:1.07-419.oe1
[ 1085s] [252/538] installing perl-Text-Tabs+Wrap-2013.0523-419.oe1
[ 1086s] [253/538] installing perl-Algorithm-Diff-1.1903-14.oe1
[ 1087s] [254/538] installing perl-Params-Check-1:0.38-418.oe1
[ 1088s] [255/538] installing perl-Term-Cap-1.17-510.oe1
[ 1089s] [256/538] installing perl-TermReadKey-2.38-2.oe1
[ 1091s] [257/538] installing perl-Text-Balanced-2.03-420.oe1
[ 1092s] [258/538] installing perl-threads-1:2.22-419.oe1
[ 1094s] [259/538] installing openssl-1:1.1.1f-2.oe1
[ 1095s] [260/538] installing perl-Config-Perl-V-0.30-5.oe1
[ 1096s] [261/538] installing perl-Error-1:0.17029-1.oe1
[ 1098s] [262/538] installing perl-Filter-2:1.59-2.oe1
[ 1100s] [263/538] installing perl-IPC-SysV-2.07-5.oe1
[ 1102s] [264/538] installing perl-Locale-Maketext-1:1.28-1.oe1
[ 1104s] [265/538] installing perl-constant-1.33-421.oe1
[ 1106s] [266/538] installing perl-MIME-Base64-3.15-418.oe1
[ 1108s] [267/538] installing perl-CPAN-Meta-YAML-0.018-420.oe1
[ 1109s] [268/538] installing perl-Socket-4:2.029-2.oe1
[ 1111s] [269/538] installing perl-Storable-1:3.15-2.oe1
[ 1113s] [270/538] installing python3-hawkey-0.65.0-2.oe1
[ 1114s] [271/538] installing perl-PerlIO-via-QuotedPrint-0.08-397.oe1
[ 1115s] [272/538] installing perl-Digest-1.17-419.oe1
[ 1117s] [273/538] installing perl-Filter-Simple-1:0.94-1.oe1
[ 1118s] [274/538] installing perl-IO-Socket-IP-0.39-420.oe1
[ 1119s] [275/538] installing perl-Text-Diff-1.45-7.oe1
[ 1120s] [276/538] installing perl-Time-Local-2:1.280-6.oe1
[ 1121s] [277/538] installing perl-version-8:0.99.24-3.oe1
[ 1123s] [278/538] installing perl-IPC-System-Simple-1.25-19.oe1
[ 1124s] [279/538] installing perl-threads-shared-1.59-2.oe1
[ 1126s] [280/538] installing perl-Compress-Raw-Bzip2-2.100-1.oe1
[ 1128s] [281/538] installing perl-Compress-Raw-Zlib-1:2.100-1.oe1
[ 1130s] [282/538] installing perl-Locale-Codes-3.58-2.oe1
[ 1132s] [283/538] installing perl-Math-BigInt-1:1.9998.13-5.oe1
[ 1134s] [284/538] installing perl-PathTools-3.75-4.oe1
[ 1137s] [285/538] installing python3-dnf-4.10.0-1.oe1
[ 1141s] [286/538] installing perl-Data-Dumper-2.172-3.oe1
[ 1143s] [287/538] installing perl-Sys-Syslog-0.35-420.oe1
[ 1145s] [288/538] installing perl-Encode-4:2.98-9.oe1
[ 1149s] [289/538] installing autogen-5.18.16-1.oe1
[ 1153s] [290/538] installing nodejs-1:16.10.0-1.oe1
[ 1156s] [291/538] installing systemd-243-22.oe1
[ 1171s] /var/tmp/rpm-tmp.Q1iULx: line 8: groupadd: command not found
[ 1171s] /var/tmp/rpm-tmp.Q1iULx: line 10: groupadd: command not found
[ 1171s] /var/tmp/rpm-tmp.Q1iULx: line 13: groupadd: command not found
[ 1171s] /var/tmp/rpm-tmp.Q1iULx: line 16: groupadd: command not found
[ 1171s] [292/538] installing dbus-common-1:1.12.20-3.oe1
[ 1173s] [293/538] installing nodejs-source-map-0.5.6-1.oe1
[ 1176s] [294/538] installing perl-Module-Load-1:0.32-418.oe1
[ 1178s] [295/538] installing nodejs-packaging-20-1.oe1
[ 1181s] [296/538] installing dnf-4.10.0-1.oe1
[ 1184s] Failed to preset unit, unit dnf-automatic.timer does not exist.
[ 1184s] Failed to preset unit, unit dnf-automatic-notifyonly.timer does not exist.
[ 1184s] Failed to preset unit, unit dnf-automatic-download.timer does not exist.
[ 1184s] Failed to preset unit, unit dnf-automatic-install.timer does not exist.
[ 1184s] [297/538] installing perl-File-Which-1.23-1.oe1
[ 1186s] [298/538] installing perl-Thread-Queue-3.13-3.oe1
[ 1187s] [299/538] installing perl-experimental-0.020-2.oe1
[ 1189s] [300/538] installing perl-Digest-MD5-2.55-419.oe1
[ 1190s] [301/538] installing perl-File-Path-2.16-4.oe1
[ 1191s] [302/538] installing perl-Math-BigInt-FastCalc-0.500.700-4.oe1
[ 1193s] [303/538] installing perl-Module-Metadata-1.000036-3.oe1
[ 1195s] [304/538] installing perl-CPAN-Meta-Requirements-2.140-419.oe1
[ 1197s] [305/538] installing perl-Encode-devel-4:2.98-9.oe1
[ 1199s] [306/538] installing perl-HTTP-Tiny-0.076-3.oe1
[ 1200s] [307/538] installing perl-Math-BigRat-0.2614-2.oe1
[ 1203s] [308/538] installing audit-1:3.0-2.oe1
[ 1206s] [309/538] installing perl-DB_File-1.842-2.oe1
[ 1208s] [310/538] installing perl-autodie-2.29-398.oe1
[ 1212s] [311/538] installing perl-Unicode-Collate-1.25-4.oe1
[ 1217s] [312/538] installing perl-IO-Compress-2.081-6.oe1
[ 1219s] [313/538] installing perl-podlators-1:4.14-1.oe1
[ 1220s] [314/538] installing perl-ExtUtils-Command-1:7.60-1.oe1
[ 1221s] [315/538] installing perl-ExtUtils-Manifest-1:1.71-4.oe1
[ 1224s] [316/538] installing perl-bignum-0.50-4.oe1
[ 1226s] [317/538] installing perl-File-Temp-1:0.230.800-4.oe1
[ 1228s] [318/538] installing perl-libnet-3.11-420.oe1
[ 1230s] [319/538] installing pam-1.5.1-1.oe1
[ 1234s] [320/538] installing libpwquality-1.4.4-1.oe1
[ 1237s] [321/538] installing perl-File-HomeDir-1.004-4.oe1
[ 1238s] [322/538] installing shadow-2:4.8.1-5.oe1
[ 1240s] [323/538] installing perl-Test-Simple-2:1.302175-2.oe1
[ 1242s] [324/538] installing libutempter-1.1.6-16.oe1
[ 1245s] [325/538] installing unbound-libs-1.10.1-4.oe1
[ 1249s] [326/538] installing dbus-daemon-1:1.12.20-3.oe1
[ 1255s] [327/538] installing openssh-server-8.2p1-10.oe1
[ 1258s] Created symlink /etc/systemd/system/multi-user.target.wants/sshd.service -> /usr/lib/systemd/system/sshd.service.
[ 1258s] [328/538] installing groff-1.22.4-4.oe1
[ 1264s] [329/538] installing dbus-1:1.12.20-3.oe1
[ 1265s] [330/538] installing man-db-2.9.3-2.oe1
[ 1269s] [331/538] installing perl-Pod-Perldoc-1:3.28-3.oe1
[ 1273s] [332/538] installing gnutls-3.6.15-3.oe1
[ 1277s] [333/538] installing util-linux-2.36.1-3.oe1
[ 1284s] [334/538] installing nss-help-3.72.0-2.oe1
[ 1287s] [335/538] installing perl-Pod-Usage-4:1.69-418.oe1
[ 1289s] [336/538] installing device-mapper-8:1.02.172-1.oe1
[ 1292s] [337/538] installing openssh-8.2p1-10.oe1
[ 1294s] [338/538] installing perl-Getopt-Long-1:2.52-1.oe1
[ 1295s] [339/538] installing cryptsetup-2.3.3-3.oe1
[ 1299s] [340/538] installing device-mapper-event-8:1.02.172-1.oe1
[ 1302s] Created symlink /etc/systemd/system/sockets.target.wants/dm-event.socket -> /usr/lib/systemd/system/dm-event.socket.
[ 1302s] [341/538] installing nss-3.72.0-2.oe1
[ 1309s] [342/538] installing openssh-clients-8.2p1-10.oe1
[ 1312s] [343/538] installing nss-util-3.72.0-2.oe1
[ 1315s] [344/538] installing perl-ExtUtils-ParseXS-2:3.35-1.oe1
[ 1316s] [345/538] installing perl-Module-CoreList-1:5.20180920-2.oe1
[ 1318s] [346/538] installing perl-Digest-SHA-1:6.02-7.oe1
[ 1320s] [347/538] installing perl-Pod-Parser-1.63-397.oe1
[ 1322s] [348/538] installing perl-Pod-Simple-1:3.35-418.oe1
[ 1323s] [349/538] installing perl-Test-Harness-1:3.43_02-1.oe1
[ 1327s] [350/538] installing perl-Archive-Tar-2.30-421.oe1
[ 1328s] [351/538] installing perl-JSON-PP-1:4.04-2.oe1
[ 1330s] [352/538] installing lvm2-8:2.03.11-1.oe1
[ 1335s] Created symlink /etc/systemd/system/sysinit.target.wants/lvm2-lvmpolld.socket -> /usr/lib/systemd/system/lvm2-lvmpolld.socket.
[ 1335s] [353/538] installing autoconf-2.69-30.oe1
[ 1337s] [354/538] installing git-2.23.0-12.oe1
[ 1351s] [355/538] installing nss-softokn-3.72.0-2.oe1
[ 1354s] [356/538] installing perl-Pod-Checker-4:1.73-398.oe1
[ 1362s] [357/538] installing perl-Git-2.23.0-12.oe1
[ 1365s] [358/538] installing perl-CPAN-Meta-2.150010-419.oe1
[ 1369s] [359/538] installing perl-Module-Load-Conditional-0.68-418.oe1
[ 1370s] [360/538] installing automake-1.16.1-6.oe1
[ 1374s] [361/538] installing perl-ExtUtils-MakeMaker-1:7.60-1.oe1
[ 1375s] [362/538] installing perl-ExtUtils-Install-2.14-419.oe1
[ 1376s] [363/538] installing perl-IPC-Cmd-2:1.04-4.oe1
[ 1377s] [364/538] installing java-1.8.0-openjdk-headless-1:1.8.0.181.b15-1.1.riscv64.fc29
[ 1411s] [365/538] installing rpm-build-4.15.1-25.oe1
[ 1414s] [366/538] installing ant-lib-1.10.5-2.fc29
[ 1416s] [367/538] installing aopalliance-1.0-19.oe1
[ 1417s] [368/538] installing apache-commons-cli-1.4-6.oe1
[ 1418s] [369/538] installing apache-commons-collections-3.2.2-11.oe1
[ 1419s] [370/538] installing apache-commons-compress-1.17-6.oe1
[ 1421s] [371/538] installing apache-commons-lang-2.6-23.oe1
[ 1422s] [372/538] installing apache-commons-lang3-3.9-3.oe1
[ 1423s] [373/538] installing apache-ivy-2.4.0-17.oe1
[ 1432s] [374/538] installing apache-resource-bundles-2-23.oe1
[ 1434s] [375/538] installing atinject-1-31.oe1
[ 1435s] [376/538] installing avalon-logkit-2.1-32.oe1
[ 1436s] [377/538] installing beust-jcommander-1.71-7.oe1
[ 1438s] [378/538] installing dain-snappy-0.4-7.oe1
[ 1439s] [379/538] installing extra166y-1.7.0-11.oe1
[ 1441s] [380/538] installing geronimo-annotation-1.0-25.oe1
[ 1442s] [381/538] installing glassfish-el-api-3.0.1-0.7.b09.oe1
[ 1443s] [382/538] installing guava20-20.0-8.fc29
[ 1447s] [383/538] installing hawtjni-runtime-1.16-4.oe1
[ 1450s] [384/538] installing httpcomponents-core-4.4.10-4.oe1
[ 1464s] [385/538] installing jboss-interceptors-1.2-api-1.0.0-9.oe1
[ 1467s] [386/538] installing jdom2-2.0.6-14.oe1
[ 1468s] [387/538] installing jzlib-1.1.3-11.oe1
[ 1469s] [388/538] installing maven-monitor-2.2.1-60.oe1
[ 1470s] [389/538] installing maven-resolver-api-1:1.1.1-3.oe1
[ 1473s] [390/538] installing multiverse-0.7.0-10.oe1
[ 1480s] [391/538] installing objenesis-2.6-4.oe1
[ 1483s] [392/538] installing osgi-core-7.0.0-1.oe1
[ 1484s] [393/538] installing plexus-cipher-1.7-16.oe1
[ 1486s] [394/538] installing plexus-classworlds-2.5.2-10.oe1
[ 1487s] [395/538] installing plexus-containers-component-annotations-1.7.1-7.oe1
[ 1488s] [396/538] installing plexus-interpolation-1.22-11.oe1
[ 1489s] [397/538] installing plexus-utils-3.1.0-4.oe1
[ 1491s] [398/538] installing qdox-2.0-5.M9.oe1
[ 1492s] [399/538] installing slf4j-1.7.25-8.oe1
[ 1493s] [400/538] installing sonatype-oss-parent-7-17.oe1
[ 1494s] [401/538] installing xml-commons-apis-1.4.01-29.oe1
[ 1502s] [402/538] installing xmvn-api-3.0.0-25.oe1
[ 1504s] [403/538] installing xmvn-core-3.0.0-25.oe1
[ 1505s] [404/538] installing xpp3-1.1.4-21.oe1
[ 1506s] [405/538] installing xz-java-1.8-4.oe1
[ 1508s] [406/538] installing ecj-1:4.9-1.fc29
[ 1511s] [407/538] installing netty-tcnative-1.1.33-1.oe1
[ 1513s] [408/538] installing antlr-tool-2.7.7-60.oe1
[ 1515s] [409/538] installing javapackages-tools-5.3.0-3.oe1
[ 1517s] [410/538] installing gcc_secure-1.0-0.9.oe1
[ 1518s] [411/538] installing perl-File-Fetch-0.56-4.oe1
[ 1520s] [412/538] installing perl-devel-4:5.28.0-435.oe1
[ 1534s] [413/538] installing java-1.8.0-openjdk-1:1.8.0.181.b15-1.1.riscv64.fc29
[ 1536s] [414/538] installing ant-1.10.5-2.fc29
[ 1539s] [415/538] installing apache-commons-codec-1.11-4.fc29
[ 1541s] [416/538] installing apache-commons-logging-1.2-14.fc29
[ 1542s] [417/538] installing avalon-framework-4.3-22.oe1
[ 1543s] [418/538] installing jansi-native-1.7-7.oe1
[ 1545s] [419/538] installing jcsp-1.1-0.13.oe1
[ 1557s] [420/538] installing maven-artifact-2.2.1-60.oe1
[ 1559s] [421/538] installing maven-model-2.2.1-60.oe1
[ 1560s] [422/538] installing maven-resolver-spi-1:1.1.1-3.oe1
[ 1561s] [423/538] installing maven-resolver-util-1:1.1.1-3.oe1
[ 1562s] [424/538] installing maven-wagon-provider-api-3.1.0-2.oe1
[ 1563s] [425/538] installing plexus-build-api-0.0.7-23.oe1
[ 1563s] [426/538] installing plexus-component-api-1.0-0.25.alpha16.oe1
[ 1565s] [427/538] installing xstream-1.4.9-8.fc29
[ 1566s] [428/538] installing log4j12-1.2.17-23.fc29
[ 1567s] [429/538] installing maven-invoker-2.2-9.oe1
[ 1569s] [430/538] installing netty3-3.10.6-5.fc29
[ 1573s] [431/538] installing objectweb-asm-7.0-1.oe1
[ 1575s] [432/538] installing plexus-sec-dispatcher-1.4-26.oe1
[ 1578s] [433/538] installing velocity-1.7-26.oe1
[ 1579s] [434/538] installing xml-commons-resolver-1.2-27.oe1
[ 1580s] [435/538] installing xmvn-connector-aether-3.0.0-25.oe1
[ 1581s] [436/538] installing cdi-api-1.2-9.oe1
[ 1582s] [437/538] installing google-guice-4.1-13.oe1
[ 1583s] [438/538] installing xmvn-resolve-3.0.0-25.oe1
[ 1584s] [439/538] installing xmvn-subst-3.0.0-25.oe1
[ 1585s] [440/538] installing java-1.8.0-openjdk-devel-1:1.8.0.181.b15-1.1.riscv64.fc29
[ 1598s] [441/538] installing bsf-2.4.0-32.oe1
[ 1599s] [442/538] installing cglib-3.2.4-8.fc29
[ 1601s] [443/538] installing fontbox-2.0.9-2.fc29
[ 1603s] [444/538] installing apache-commons-configuration-1.10-13.oe1
[ 1604s] [445/538] installing jakarta-commons-httpclient-1:3.1-30.oe1
[ 1612s] [446/538] installing jansi-1.17.1-2.oe1
[ 1613s] [447/538] installing maven-dependency-tree-3.0-7.oe1
[ 1614s] [448/538] installing plexus-interactivity-api-1.0-0.27.alpha6.fc29
[ 1615s] [449/538] installing plexus-languages-0.9.10-4.oe1
[ 1616s] [450/538] installing ant-antlr-1.10.5-2.fc29
[ 1618s] [451/538] installing maven-resolver-impl-1:1.1.1-3.oe1
[ 1619s] [452/538] installing xmvn-mojo-3.0.0-25.oe1
[ 1620s] [453/538] installing httpcomponents-client-4.5.5-6.oe1
[ 1622s] [454/538] installing sisu-inject-1:0.3.3-5.oe1
[ 1627s] [455/538] installing xerces-j2-2.11.0-37.oe1
[ 1629s] [456/538] installing xmvn-install-3.0.0-25.oe1
[ 1630s] [457/538] installing jline-2.14.6-4.oe1
[ 1632s] [458/538] installing easymock-3.5-4.fc29
[ 1633s] [459/538] installing xalan-j2-2.7.1-38.fc29
[ 1636s] [460/538] installing javapackages-local-5.3.0-3.oe1
[ 1639s] [461/538] installing groovy-lib-2.4.8-7.fc29
[ 1649s] [462/538] installing groovy-xml-2.4.8-7.fc29
[ 1650s] [463/538] installing hamcrest-1.3-25.oe1
[ 1651s] [464/538] installing bsh-2.0-15.b6.oe1
[ 1652s] [465/538] installing gpars-1.2.1-12.fc29
[ 1654s] [466/538] installing scala-2.10.6-14.fc29
[ 1670s] [467/538] installing xbean-4.9-3.oe1
[ 1681s] [468/538] installing junit-1:4.12-14.oe1
[ 1682s] [469/538] installing groovy-templates-2.4.8-7.fc29
[ 1683s] [470/538] installing parboiled-1.1.6-17.oe1
[ 1684s] [471/538] installing plexus-containers-container-default-1.7.1-7.oe1
[ 1685s] [472/538] installing apache-commons-io-1:2.6-7.oe1
[ 1686s] [473/538] installing maven-doxia-logging-api-1.7-12.oe1
[ 1688s] [474/538] installing pegdown-1.4.2-14.oe1
[ 1690s] [475/538] installing groovy-groovydoc-2.4.8-7.fc29
[ 1692s] [476/538] installing groovy-test-2.4.8-7.fc29
[ 1693s] [477/538] installing maven-plugin-registry-2.2.1-60.oe1
[ 1694s] [478/538] installing plexus-i18n-1.0-0.12.b10.6.oe1
[ 1695s] [479/538] installing plexus-resources-1.0-0.25.a7.oe1
[ 1696s] [480/538] installing ant-junit-1.10.5-2.fc29
[ 1697s] [481/538] installing plexus-cli-1.6-9.oe1
[ 1698s] [482/538] installing plexus-velocity-1.2-6.oe1
[ 1699s] [483/538] installing xmlunit-1.6-10.oe1
[ 1701s] [484/538] installing maven-profile-2.2.1-60.oe1
[ 1702s] [485/538] installing maven-settings-2.2.1-60.oe1
[ 1703s] [486/538] installing maven-doxia-sink-api-1.7-12.oe1
[ 1704s] [487/538] installing maven-shared-utils-3.2.1-2.oe1
[ 1705s] [488/538] installing plexus-io-3.0.0-4.oe1
[ 1706s] [489/538] installing xmlgraphics-commons-2.2-3.oe1
[ 1717s] [490/538] installing groovy-ant-2.4.8-7.fc29
[ 1718s] [491/538] installing maven-reporting-api-3.0-17.oe1
[ 1720s] [492/538] installing maven-verifier-1.6-8.oe1
[ 1722s] [493/538] installing batik-1.10-2.fc29
[ 1728s] [494/538] installing plexus-archiver-3.6.0-3.oe1
[ 1735s] [495/538] installing maven-doxia-core-1.7-12.oe1
[ 1736s] [496/538] installing maven-lib-1:3.5.4-8.oe1
[ 1738s] [497/538] installing maven-artifact-resolver-1:1.0-21.oe1
[ 1739s] [498/538] installing batik-css-1.10-2.fc29
[ 1741s] [499/538] installing maven-common-artifact-filters-3.0.1-7.oe1
[ 1743s] [500/538] installing maven-enforcer-api-1.4.1-11.oe1
[ 1744s] [501/538] installing maven-plugin-testing-harness-3.3.0-14.oe1
[ 1745s] [502/538] installing maven-shared-incremental-1.1-16.oe1
[ 1747s] [503/538] installing maven-doxia-module-apt-1.7-12.oe1
[ 1748s] [504/538] installing maven-doxia-module-fml-1.7-12.oe1
[ 1749s] [505/538] installing maven-doxia-module-xdoc-1.7-12.oe1
[ 1752s] [506/538] installing maven-doxia-module-xhtml-1.7-12.oe1
[ 1753s] [507/538] installing maven-shared-io-1:3.0.0-7.oe1
[ 1754s] [508/538] installing maven-artifact-manager-2.2.1-60.oe1
[ 1755s] [509/538] installing maven-filtering-3.1.1-7.oe1
[ 1757s] [510/538] installing maven-archiver-3.2.0-5.oe1
[ 1759s] [511/538] installing fop-2.2-2.fc29
[ 1763s] [512/538] installing xmvn-minimal-3.0.0-25.oe1
[ 1765s] [513/538] installing maven-file-management-1:3.0.0-7.oe1
[ 1766s] [514/538] installing maven-jar-plugin-3.1.0-3.oe1
[ 1767s] [515/538] installing maven-resources-plugin-3.1.0-4.oe1
[ 1768s] [516/538] installing maven-doxia-module-markdown-1.7-12.oe1
[ 1769s] [517/538] installing maven-artifact-transfer-1:0.9.0-7.oe1
[ 1771s] [518/538] installing maven-doxia-module-fo-1.7-12.oe1
[ 1772s] [519/538] installing maven-project-2.2.1-60.oe1
[ 1773s] [520/538] installing maven-enforcer-rules-1.4.1-11.oe1
[ 1774s] [521/538] installing gmavenplus-plugin-1.5-8.oe1
[ 1776s] [522/538] installing plexus-containers-component-metadata-1.7.1-7.oe1
[ 1777s] [523/538] installing maven-remote-resources-plugin-1.5-4.oe1
[ 1780s] [524/538] installing maven-doxia-sitetools-1.7.5-5.oe1
[ 1782s] [525/538] installing maven-enforcer-plugin-1.4.1-11.oe1
[ 1783s] [526/538] installing maven-javadoc-plugin-3.0.1-3.oe1
[ 1784s] [527/538] installing plexus-pom-5.0-4.oe1
[ 1786s] [528/538] installing apache-parent-19-5.oe1
[ 1787s] [529/538] installing maven-parent-27-7.oe1
[ 1788s] [530/538] installing plexus-components-pom-1.3.1-14.oe1
[ 1789s] [531/538] installing plexus-compiler-2.8.2-4.oe1
[ 1791s] [532/538] installing maven-plugin-tools-3.5.1-7.oe1
[ 1795s] [533/538] installing maven-compiler-plugin-3.8.0-2.oe1
[ 1796s] [534/538] installing maven-surefire-2.22.0-6.oe1
[ 1800s] [535/538] installing maven-surefire-plugin-2.22.0-6.oe1
[ 1801s] [536/538] installing maven-surefire-provider-junit-2.22.0-6.oe1
[ 1802s] [537/538] installing maven-surefire-provider-testng-2.22.0-6.oe1
[ 1803s] [538/538] installing maven-local-5.3.0-3.oe1
[ 1804s] removing nis flags from /var/cache/obs/worker/root_2/etc/nsswitch.conf...
[ 1804s] now finalizing build dir...
[ 1813s] Running build time source services...
[ 1826s] -----------------------------------------------------------------
[ 1826s] ----- building gmetrics.spec (user abuild)
[ 1826s] -----------------------------------------------------------------
[ 1826s] -----------------------------------------------------------------
[ 1833s] + exec rpmbuild -ba --define '_srcdefattr (-,root,root)' --nosignature --define 'disturl obs://private/openEuler:Mainline:RISC-V/advanced_riscv64/8e2d42074cfc873d68825dcf6ae5a3c8-gmetrics' /home/abuild/rpmbuild/SOURCES/gmetrics.spec
[ 1834s] Executing(%prep): /bin/sh -e /var/tmp/rpm-tmp.RAvRYl
[ 1834s] + umask 022
[ 1834s] + cd /home/abuild/rpmbuild/BUILD
[ 1834s] + cd /home/abuild/rpmbuild/BUILD
[ 1834s] + rm -rf GMetrics-0.7
[ 1834s] + /usr/bin/gzip -dc /home/abuild/rpmbuild/SOURCES/GMetrics-0.7-bin.tar.gz
[ 1834s] + /usr/bin/tar -xof -
[ 1835s] + STATUS=0
[ 1835s] + '[' 0 -ne 0 ']'
[ 1835s] + cd GMetrics-0.7
[ 1835s] + /usr/bin/chmod -Rf a+rX,u+w,g-w,o-w .
[ 1836s] + find -name '*.jar' -delete -or -name '*.class' -delete
[ 1836s] + rm -rf docs/SampleGMetricsReport.html docs/SampleGMetricsSingleSeriesReport.html docs/apidocs docs/css docs/gmetrics-AbcMetric.html docs/gmetrics-AfferentCouplingMetric.html docs/gmetrics-BasicHtmlReportWriter.html docs/gmetrics-ClassCountMetric.html docs/gmetrics-ClassLineCountMetric.html docs/gmetrics-CoberturaBranchCoverageMetric.html docs/gmetrics-CoberturaLineCoverageMetric.html docs/gmetrics-CrapMetric.html docs/gmetrics-CyclomaticComplexityMetric.html docs/gmetrics-DefaultMetricSet.html docs/gmetrics-EfferentCouplingMetric.html docs/gmetrics-FieldCountMetric.html docs/gmetrics-MethodCountMetric.html docs/gmetrics-MethodLineCountMetric.html docs/gmetrics-SampleReports.html docs/gmetrics-SingleSeriesHtmlReportWriter.html docs/gmetrics-XmlReportWriter.html docs/gmetrics-ant-task.html docs/gmetrics-creating-metricset.html docs/gmetrics-other-tools-frameworks.html docs/gmetrics-roadmap.html docs/images docs/index.html
[ 1836s] + /usr/bin/python3 /usr/share/java-utils/pom_editor.py pom_remove_plugin :maven-assembly-plugin
[ 1838s] + /usr/bin/python3 /usr/share/java-utils/pom_editor.py pom_remove_plugin :maven-javadoc-plugin
[ 1840s] + /usr/bin/python3 /usr/share/java-utils/pom_editor.py pom_remove_plugin :maven-release-plugin
[ 1842s] + /usr/bin/python3 /usr/share/java-utils/pom_editor.py pom_remove_plugin :maven-site-plugin
[ 1843s] + /usr/bin/python3 /usr/share/java-utils/pom_editor.py pom_remove_plugin :gmaven-plugin
[ 1845s] + /usr/bin/python3 /usr/share/java-utils/pom_editor.py pom_add_plugin org.codehaus.gmavenplus:gmavenplus-plugin:1.5 . '
[ 1845s] 
[ 1845s]  <executions>
[ 1845s]   <execution>
[ 1845s]    <goals>
[ 1845s]     <goal>generateStubs</goal>
[ 1845s]     <goal>testGenerateStubs</goal>
[ 1845s]    </goals>
[ 1845s]   </execution>
[ 1845s]  </executions>'
[ 1847s] + /usr/bin/python3 /usr/share/java-utils/pom_editor.py pom_remove_dep :CodeNarc
[ 1848s] + /usr/bin/python3 /usr/share/java-utils/pom_editor.py pom_change_dep :log4j ::12
[ 1850s] + /usr/bin/python3 /usr/share/java-utils/pom_editor.py pom_add_dep org.apache.ant:ant:1.9.6 . '<optional>true</optional>'
[ 1852s] + chmod 644 README.txt
[ 1852s] + for text in CHANGELOG.txt LICENSE.txt NOTICE.txt README.txt
[ 1852s] + sed -i.orig 's|\r||g' CHANGELOG.txt
[ 1852s] + touch -r CHANGELOG.txt.orig CHANGELOG.txt
[ 1852s] + rm -f CHANGELOG.txt.orig
[ 1852s] + for text in CHANGELOG.txt LICENSE.txt NOTICE.txt README.txt
[ 1852s] + sed -i.orig 's|\r||g' LICENSE.txt
[ 1852s] + touch -r LICENSE.txt.orig LICENSE.txt
[ 1852s] + rm -f LICENSE.txt.orig
[ 1852s] + for text in CHANGELOG.txt LICENSE.txt NOTICE.txt README.txt
[ 1852s] + sed -i.orig 's|\r||g' NOTICE.txt
[ 1852s] + touch -r NOTICE.txt.orig NOTICE.txt
[ 1852s] + rm -f NOTICE.txt.orig
[ 1852s] + for text in CHANGELOG.txt LICENSE.txt NOTICE.txt README.txt
[ 1852s] + sed -i.orig 's|\r||g' README.txt
[ 1852s] + touch -r README.txt.orig README.txt
[ 1852s] + rm -f README.txt.orig
[ 1852s] + /usr/bin/python3 /usr/share/java-utils/mvn_file.py :GMetrics gmetrics GMetrics
[ 1854s] + RPM_EC=0
[ 1854s] ++ jobs -p
[ 1854s] + exit 0
[ 1854s] Executing(%build): /bin/sh -e /var/tmp/rpm-tmp.DlLVJk
[ 1854s] + umask 022
[ 1854s] + cd /home/abuild/rpmbuild/BUILD
[ 1854s] + cd GMetrics-0.7
[ 1854s] + /usr/bin/python3 /usr/share/java-utils/mvn_build.py
[ 1856s] Executing: xmvn --batch-mode --offline verify org.fedoraproject.xmvn:xmvn-mojo:install org.apache.maven.plugins:maven-javadoc-plugin:aggregate org.fedoraproject.xmvn:xmvn-mojo:builddep
[ 1856s] ['xmvn', '--batch-mode', '--offline', 'verify', 'org.fedoraproject.xmvn:xmvn-mojo:install', 'org.apache.maven.plugins:maven-javadoc-plugin:aggregate', 'org.fedoraproject.xmvn:xmvn-mojo:builddep']
[ 1914s] [INFO] Scanning for projects...
[ 1946s] [INFO] 
[ 1946s] [INFO] -----------------------< org.gmetrics:GMetrics >------------------------
[ 1946s] [INFO] Building GMetrics 0.7
[ 1946s] [INFO] --------------------------------[ jar ]---------------------------------
[ 1956s] [WARNING] The POM for org.codehaus.groovy:groovy:jar:SYSTEM is missing, no dependency information available
[ 1956s] [WARNING] The POM for org.codehaus.groovy:groovy-xml:jar:SYSTEM is missing, no dependency information available
[ 1956s] [WARNING] The POM for org.codehaus.groovy:groovy-ant:jar:SYSTEM is missing, no dependency information available
[ 1956s] [WARNING] The POM for org.codehaus.groovy:groovy-test:jar:SYSTEM is missing, no dependency information available
[ 1958s] [INFO] 
[ 1958s] [INFO] --- gmavenplus-plugin:1.5:generateStubs (default) @ GMetrics ---
[ 1988s] [INFO] Using Groovy 2.4.8 to perform generateStubs.
[ 2127s] [INFO] Generated 103 stubs.
[ 2128s] [INFO] 
[ 2128s] [INFO] --- maven-resources-plugin:3.1.0:resources (default-resources) @ GMetrics ---
[ 2135s] [INFO] Using 'UTF-8' encoding to copy filtered resources.
[ 2135s] [INFO] Copying 4 resources
[ 2135s] [INFO] 
[ 2135s] [INFO] --- maven-compiler-plugin:3.8.0:compile (default-compile) @ GMetrics ---
[ 2145s] [INFO] Changes detected - recompiling the module!
[ 2145s] [INFO] Compiling 106 source files to /home/abuild/rpmbuild/BUILD/GMetrics-0.7/target/classes
[ 2229s] [INFO] /home/abuild/rpmbuild/BUILD/GMetrics-0.7/target/generated-sources/groovy-stubs/main/org/gmetrics/report/SingleSeriesHtmlReportWriter.java: Some input files use or override a deprecated API.
[ 2229s] [INFO] /home/abuild/rpmbuild/BUILD/GMetrics-0.7/target/generated-sources/groovy-stubs/main/org/gmetrics/report/SingleSeriesHtmlReportWriter.java: Recompile with -Xlint:deprecation for details.
[ 2229s] [INFO] /home/abuild/rpmbuild/BUILD/GMetrics-0.7/target/generated-sources/groovy-stubs/main/org/gmetrics/resultsnode/MethodResultsNode.java: /home/abuild/rpmbuild/BUILD/GMetrics-0.7/target/generated-sources/groovy-stubs/main/org/gmetrics/resultsnode/MethodResultsNode.java uses unchecked or unsafe operations.
[ 2230s] [INFO] /home/abuild/rpmbuild/BUILD/GMetrics-0.7/target/generated-sources/groovy-stubs/main/org/gmetrics/resultsnode/MethodResultsNode.java: Recompile with -Xlint:unchecked for details.
[ 2231s] [INFO] 
[ 2231s] [INFO] --- gmavenplus-plugin:1.5:testGenerateStubs (default) @ GMetrics ---
[ 2238s] [INFO] Using Groovy 2.4.8 to perform testGenerateStubs.
[ 2459s] [INFO] Generated 103 stubs.
[ 2460s] [INFO] 
[ 2460s] [INFO] --- maven-resources-plugin:3.1.0:testResources (default-testResources) @ GMetrics ---
[ 2460s] [INFO] Using 'UTF-8' encoding to copy filtered resources.
[ 2460s] [INFO] Copying 24 resources
[ 2461s] [INFO] 
[ 2461s] [INFO] --- maven-compiler-plugin:3.8.0:testCompile (default-testCompile) @ GMetrics ---
[ 2463s] [INFO] Changes detected - recompiling the module!
[ 2464s] [INFO] Compiling 111 source files to /home/abuild/rpmbuild/BUILD/GMetrics-0.7/target/test-classes
[ 2552s] [INFO] /home/abuild/rpmbuild/BUILD/GMetrics-0.7/target/generated-sources/groovy-stubs/test/org/gmetrics/resultsnode/StubResultsNode.java: /home/abuild/rpmbuild/BUILD/GMetrics-0.7/target/generated-sources/groovy-stubs/test/org/gmetrics/resultsnode/StubResultsNode.java uses unchecked or unsafe operations.
[ 2552s] [INFO] /home/abuild/rpmbuild/BUILD/GMetrics-0.7/target/generated-sources/groovy-stubs/test/org/gmetrics/resultsnode/StubResultsNode.java: Recompile with -Xlint:unchecked for details.
[ 2552s] [INFO] 
[ 2552s] [INFO] --- maven-surefire-plugin:2.22.0:test (default-test) @ GMetrics ---
[ 2571s] [INFO] 
[ 2571s] [INFO] -------------------------------------------------------
[ 2571s] [INFO]  T E S T S
[ 2571s] [INFO] -------------------------------------------------------
[ 2579s] [INFO] Running org.gmetrics.source.SourceStringTest
[ 2580s] [INFO] Tests run: 14, Failures: 0, Errors: 0, Skipped: 0, Time elapsed: 0.712 s - in org.gmetrics.source.SourceStringTest
[ 2580s] [INFO] Running org.gmetrics.source.SourceCodeCriteriaTest
[ 2582s] [INFO] Tests run: 5, Failures: 0, Errors: 0, Skipped: 0, Time elapsed: 0.106 s - in org.gmetrics.source.SourceCodeCriteriaTest
[ 2582s] [INFO] Running org.gmetrics.source.SourceFileTest
[ 2583s] [INFO] Tests run: 11, Failures: 0, Errors: 0, Skipped: 0, Time elapsed: 0.159 s - in org.gmetrics.source.SourceFileTest
[ 2583s] [INFO] Running org.gmetrics.test.RunCodeNarcAgainstSourceCodeTest
[ 2584s] [INFO] Tests run: 1, Failures: 0, Errors: 0, Skipped: 0, Time elapsed: 0.053 s - in org.gmetrics.test.RunCodeNarcAgainstSourceCodeTest
[ 2584s] [INFO] Running org.gmetrics.formatter.ToStringFormatterTest
[ 2585s] [INFO] Tests run: 4, Failures: 0, Errors: 0, Skipped: 0, Time elapsed: 0.151 s - in org.gmetrics.formatter.ToStringFormatterTest
[ 2585s] [INFO] Running org.gmetrics.formatter.FormatterFactoryTest
[ 2586s] [INFO] Tests run: 4, Failures: 0, Errors: 0, Skipped: 0, Time elapsed: 0.094 s - in org.gmetrics.formatter.FormatterFactoryTest
[ 2586s] [INFO] Running org.gmetrics.formatter.PercentageFormatterTest
[ 2587s] [INFO] Tests run: 8, Failures: 0, Errors: 0, Skipped: 0, Time elapsed: 0.155 s - in org.gmetrics.formatter.PercentageFormatterTest
[ 2587s] [INFO] Running org.gmetrics.metricset.CompositeMetricSetTest
[ 2589s] [INFO] Tests run: 8, Failures: 0, Errors: 0, Skipped: 0, Time elapsed: 0.151 s - in org.gmetrics.metricset.CompositeMetricSetTest
[ 2589s] [INFO] Running org.gmetrics.metricset.GroovyDslMetricSetTest
[ 2590s] [INFO] Tests run: 8, Failures: 0, Errors: 0, Skipped: 0, Time elapsed: 0.159 s - in org.gmetrics.metricset.GroovyDslMetricSetTest
[ 2590s] [INFO] Running org.gmetrics.metricset.ListMetricSetTest
[ 2592s] [INFO] Tests run: 4, Failures: 0, Errors: 0, Skipped: 0, Time elapsed: 0.09 s - in org.gmetrics.metricset.ListMetricSetTest
[ 2592s] [INFO] Running org.gmetrics.metricset.MetricSetBuilderTest
[ 2594s] [INFO] Tests run: 27, Failures: 0, Errors: 0, Skipped: 0, Time elapsed: 0.465 s - in org.gmetrics.metricset.MetricSetBuilderTest
[ 2594s] [INFO] Running org.gmetrics.metricset.DefaultMetricSetTest
[ 2595s] [INFO] Tests run: 1, Failures: 0, Errors: 0, Skipped: 0, Time elapsed: 0.05 s - in org.gmetrics.metricset.DefaultMetricSetTest
[ 2595s] [INFO] Running org.gmetrics.report.LevelsCriteriaFilterTest
[ 2596s] [INFO] Tests run: 7, Failures: 0, Errors: 0, Skipped: 0, Time elapsed: 0.157 s - in org.gmetrics.report.LevelsCriteriaFilterTest
[ 2596s] [INFO] Running org.gmetrics.report.BasicHtmlReportWriterTest
[ 2597s] [INFO] Tests run: 19, Failures: 0, Errors: 0, Skipped: 0, Time elapsed: 0.334 s - in org.gmetrics.report.BasicHtmlReportWriterTest
[ 2597s] [INFO] Running org.gmetrics.report.XmlReportWriterTest
[ 2599s] [INFO] Tests run: 17, Failures: 0, Errors: 0, Skipped: 0, Time elapsed: 0.318 s - in org.gmetrics.report.XmlReportWriterTest
[ 2599s] [INFO] Running org.gmetrics.report.SingleSeriesHtmlReportWriterTest
[ 2601s] [INFO] Tests run: 15, Failures: 0, Errors: 0, Skipped: 0, Time elapsed: 0.411 s - in org.gmetrics.report.SingleSeriesHtmlReportWriterTest
[ 2601s] [INFO] Running org.gmetrics.report.BasicHtmlReportWriter_IntegrationTest
[ 2602s] [INFO] Tests run: 1, Failures: 0, Errors: 0, Skipped: 0, Time elapsed: 0.059 s - in org.gmetrics.report.BasicHtmlReportWriter_IntegrationTest
[ 2602s] [INFO] Running org.gmetrics.report.MetricsCriteriaFilterTest
[ 2603s] [INFO] Tests run: 3, Failures: 0, Errors: 0, Skipped: 0, Time elapsed: 0.091 s - in org.gmetrics.report.MetricsCriteriaFilterTest
[ 2603s] [INFO] Running org.gmetrics.report.AbstractReportWriterTest
[ 2605s] [INFO] Tests run: 16, Failures: 0, Errors: 0, Skipped: 0, Time elapsed: 0.307 s - in org.gmetrics.report.AbstractReportWriterTest
[ 2605s] [INFO] Running org.gmetrics.report.SingleSeriesCriteriaFilterTest
[ 2607s] [INFO] Tests run: 31, Failures: 0, Errors: 0, Skipped: 0, Time elapsed: 0.552 s - in org.gmetrics.report.SingleSeriesCriteriaFilterTest
[ 2607s] [INFO] Running org.gmetrics.report.FunctionsCriteriaFilterTest
[ 2608s] [INFO] Tests run: 7, Failures: 0, Errors: 0, Skipped: 0, Time elapsed: 0.164 s - in org.gmetrics.report.FunctionsCriteriaFilterTest
[ 2608s] [INFO] Running org.gmetrics.report.SeriesValueTest
[ 2609s] [INFO] Tests run: 1, Failures: 0, Errors: 0, Skipped: 0, Time elapsed: 0.044 s - in org.gmetrics.report.SeriesValueTest
[ 2609s] [INFO] Running org.gmetrics.util.GMetricsVersionTest
[ 2610s] [INFO] Tests run: 1, Failures: 0, Errors: 0, Skipped: 0, Time elapsed: 0.045 s - in org.gmetrics.util.GMetricsVersionTest
[ 2610s] [INFO] Running org.gmetrics.util.WildcardPatternTest
[ 2611s] [INFO] Tests run: 4, Failures: 0, Errors: 0, Skipped: 0, Time elapsed: 0.091 s - in org.gmetrics.util.WildcardPatternTest
[ 2611s] [INFO] Running org.gmetrics.util.ClassNameUtilTest
[ 2612s] [INFO] Tests run: 3, Failures: 0, Errors: 0, Skipped: 0, Time elapsed: 0.065 s - in org.gmetrics.util.ClassNameUtilTest
[ 2612s] [INFO] Running org.gmetrics.util.ImportUtilTest
[ 2613s] [INFO] Tests run: 1, Failures: 0, Errors: 0, Skipped: 0, Time elapsed: 0.053 s - in org.gmetrics.util.ImportUtilTest
[ 2613s] [INFO] Running org.gmetrics.util.AstUtilTest
[ 2615s] [INFO] Tests run: 25, Failures: 0, Errors: 0, Skipped: 0, Time elapsed: 0.293 s - in org.gmetrics.util.AstUtilTest
[ 2615s] [INFO] Running org.gmetrics.util.io.UrlResourceTest
[ 2616s] [INFO] Tests run: 7, Failures: 0, Errors: 0, Skipped: 0, Time elapsed: 0.123 s - in org.gmetrics.util.io.UrlResourceTest
[ 2616s] [INFO] Running org.gmetrics.util.io.DefaultResourceFactoryTest
[ 2617s] [INFO] Tests run: 5, Failures: 0, Errors: 0, Skipped: 0, Time elapsed: 0.115 s - in org.gmetrics.util.io.DefaultResourceFactoryTest
[ 2617s] [INFO] Running org.gmetrics.util.io.ClassPathResourceTest
[ 2618s] [INFO] Tests run: 8, Failures: 0, Errors: 0, Skipped: 0, Time elapsed: 0.155 s - in org.gmetrics.util.io.ClassPathResourceTest
[ 2618s] [INFO] Running org.gmetrics.util.PathUtilTest
[ 2619s] [INFO] Tests run: 4, Failures: 0, Errors: 0, Skipped: 0, Time elapsed: 0.084 s - in org.gmetrics.util.PathUtilTest
[ 2619s] [INFO] Running org.gmetrics.util.CalculatorTest
[ 2620s] [INFO] Tests run: 2, Failures: 0, Errors: 0, Skipped: 0, Time elapsed: 0.052 s - in org.gmetrics.util.CalculatorTest
[ 2620s] [INFO] Running org.gmetrics.util.PropertyUtilTest
[ 2621s] [INFO] Tests run: 6, Failures: 0, Errors: 0, Skipped: 0, Time elapsed: 0.116 s - in org.gmetrics.util.PropertyUtilTest
[ 2621s] [INFO] Running org.gmetrics.metric.methodcount.MethodCountMetricTest
[ 2623s] [INFO] Tests run: 13, Failures: 0, Errors: 0, Skipped: 0, Time elapsed: 0.259 s - in org.gmetrics.metric.methodcount.MethodCountMetricTest
[ 2623s] [INFO] Running org.gmetrics.metric.abc.AbcMetric_MethodTest
[ 2625s] [INFO] Tests run: 26, Failures: 0, Errors: 0, Skipped: 0, Time elapsed: 0.437 s - in org.gmetrics.metric.abc.AbcMetric_MethodTest
[ 2625s] [INFO] Running org.gmetrics.metric.abc.AbcVectorTest
[ 2626s] [INFO] Tests run: 10, Failures: 0, Errors: 0, Skipped: 0, Time elapsed: 0.172 s - in org.gmetrics.metric.abc.AbcVectorTest
[ 2626s] [INFO] Running org.gmetrics.metric.abc.result.AbcMetricResultTest
[ 2627s] [INFO] Tests run: 10, Failures: 0, Errors: 0, Skipped: 0, Time elapsed: 0.197 s - in org.gmetrics.metric.abc.result.AbcMetricResultTest
[ 2627s] [INFO] Running org.gmetrics.metric.abc.result.AggregateAbcMetricResultTest
[ 2630s] [INFO] Tests run: 28, Failures: 0, Errors: 0, Skipped: 0, Time elapsed: 0.691 s - in org.gmetrics.metric.abc.result.AggregateAbcMetricResultTest
[ 2630s] [INFO] Running org.gmetrics.metric.abc.AbcMetric_ClosureFieldTest
[ 2631s] [INFO] Tests run: 3, Failures: 0, Errors: 0, Skipped: 0, Time elapsed: 0.083 s - in org.gmetrics.metric.abc.AbcMetric_ClosureFieldTest
[ 2631s] [INFO] Running org.gmetrics.metric.abc.AbcMetric_ClassTest
[ 2632s] [INFO] Tests run: 9, Failures: 0, Errors: 0, Skipped: 0, Time elapsed: 0.17 s - in org.gmetrics.metric.abc.AbcMetric_ClassTest
[ 2632s] [INFO] Running org.gmetrics.metric.abc.AbcMetric_CommonTest
[ 2633s] [INFO] Tests run: 11, Failures: 0, Errors: 0, Skipped: 0, Time elapsed: 0.201 s - in org.gmetrics.metric.abc.AbcMetric_CommonTest
[ 2633s] [INFO] Running org.gmetrics.metric.coupling.AfferentCouplingMetric_PackageTest
[ 2635s] [INFO] Tests run: 5, Failures: 0, Errors: 0, Skipped: 0, Time elapsed: 0.138 s - in org.gmetrics.metric.coupling.AfferentCouplingMetric_PackageTest
[ 2635s] [INFO] Running org.gmetrics.metric.coupling.AfferentCouplingReferenceManagerTest
[ 2636s] [INFO] Tests run: 17, Failures: 0, Errors: 0, Skipped: 0, Time elapsed: 0.374 s - in org.gmetrics.metric.coupling.AfferentCouplingReferenceManagerTest
[ 2636s] [INFO] Running org.gmetrics.metric.coupling.EfferentCouplingMetric_PackageTest
[ 2637s] [INFO] Tests run: 5, Failures: 0, Errors: 0, Skipped: 0, Time elapsed: 0.166 s - in org.gmetrics.metric.coupling.EfferentCouplingMetric_PackageTest
[ 2637s] [INFO] Running org.gmetrics.metric.coupling.EfferentCouplingMetric_ClassTest
[ 2640s] [INFO] Tests run: 26, Failures: 0, Errors: 0, Skipped: 0, Time elapsed: 0.578 s - in org.gmetrics.metric.coupling.EfferentCouplingMetric_ClassTest
[ 2640s] [INFO] Running org.gmetrics.metric.coupling.EfferentCouplingReferenceManagerTest
[ 2642s] [INFO] Tests run: 16, Failures: 0, Errors: 0, Skipped: 0, Time elapsed: 0.354 s - in org.gmetrics.metric.coupling.EfferentCouplingReferenceManagerTest
[ 2642s] [INFO] Running org.gmetrics.metric.coupling.AfferentCouplingMetric_ClassTest
[ 2644s] [INFO] Tests run: 26, Failures: 0, Errors: 0, Skipped: 0, Time elapsed: 0.52 s - in org.gmetrics.metric.coupling.AfferentCouplingMetric_ClassTest
[ 2644s] [INFO] Running org.gmetrics.metric.coverage.CoberturaSignatureParserTest
[ 2645s] [INFO] Tests run: 8, Failures: 0, Errors: 0, Skipped: 0, Time elapsed: 0.183 s - in org.gmetrics.metric.coverage.CoberturaSignatureParserTest
[ 2645s] [INFO] Running org.gmetrics.metric.coverage.CoberturaCoverageFileTest
[ 2646s] [INFO] Tests run: 1, Failures: 0, Errors: 0, Skipped: 0, Time elapsed: 0.058 s - in org.gmetrics.metric.coverage.CoberturaCoverageFileTest
[ 2646s] [INFO] Running org.gmetrics.metric.coverage.CoberturaBranchCoverageMetricTest
[ 2649s] [INFO] Tests run: 36, Failures: 0, Errors: 0, Skipped: 0, Time elapsed: 1.18 s - in org.gmetrics.metric.coverage.CoberturaBranchCoverageMetricTest
[ 2649s] [INFO] Running org.gmetrics.metric.coverage.CoberturaLineCoverageMetricTest
[ 2652s] [INFO] Tests run: 36, Failures: 0, Errors: 0, Skipped: 0, Time elapsed: 0.785 s - in org.gmetrics.metric.coverage.CoberturaLineCoverageMetricTest
[ 2652s] [INFO] 
[ 2652s] [INFO] Results:
[ 2652s] [INFO] 
[ 2652s] [INFO] Tests run: 564, Failures: 0, Errors: 0, Skipped: 0
[ 2652s] [INFO] 
[ 2652s] [INFO] 
[ 2652s] [INFO] ------------------------------------------------------------------------
[ 2652s] [INFO] Skipping GMetrics
[ 2652s] [INFO] This project has been banned from the build due to previous failures.
[ 2653s] [INFO] ------------------------------------------------------------------------
[ 2653s] [INFO] ------------------------------------------------------------------------
[ 2653s] [INFO] BUILD FAILURE
[ 2653s] [INFO] ------------------------------------------------------------------------
[ 2653s] [INFO] Total time: 12:20 min
[ 2653s] [INFO] Finished at: 2022-04-16T01:34:35Z
[ 2653s] [INFO] ------------------------------------------------------------------------
[ 2653s] [ERROR] Failed to execute goal org.apache.maven.plugins:maven-surefire-plugin:2.22.0:test (default-test) on project GMetrics: There are test failures.
[ 2653s] [ERROR] 
[ 2653s] [ERROR] Please refer to /home/abuild/rpmbuild/BUILD/GMetrics-0.7/target/surefire-reports for the individual test results.
[ 2654s] [ERROR] Please refer to dump files (if any exist) [date]-jvmRun[N].dump, [date].dumpstream and [date]-jvmRun[N].dumpstream.
[ 2654s] [ERROR] The forked VM terminated without properly saying goodbye. VM crash or System.exit called?
[ 2654s] [ERROR] Command was /bin/sh -c cd /home/abuild/rpmbuild/BUILD/GMetrics-0.7 && /usr/lib/jvm/java-1.8.0-openjdk-1.8.0.181.b15-1.1.riscv64.fc29.riscv64/jre/bin/java -jar /home/abuild/rpmbuild/BUILD/GMetrics-0.7/target/surefire/surefirebooter4818914407773523021.jar /home/abuild/rpmbuild/BUILD/GMetrics-0.7/target/surefire 2022-04-16T01-33-07_006-jvmRun1 surefire3629949990038538637tmp surefire_08857651085360669465tmp
[ 2654s] [ERROR] Process Exit Code: 0
[ 2654s] [ERROR] org.apache.maven.surefire.booter.SurefireBooterForkException: The forked VM terminated without properly saying goodbye. VM crash or System.exit called?
[ 2654s] [ERROR] Command was /bin/sh -c cd /home/abuild/rpmbuild/BUILD/GMetrics-0.7 && /usr/lib/jvm/java-1.8.0-openjdk-1.8.0.181.b15-1.1.riscv64.fc29.riscv64/jre/bin/java -jar /home/abuild/rpmbuild/BUILD/GMetrics-0.7/target/surefire/surefirebooter4818914407773523021.jar /home/abuild/rpmbuild/BUILD/GMetrics-0.7/target/surefire 2022-04-16T01-33-07_006-jvmRun1 surefire3629949990038538637tmp surefire_08857651085360669465tmp
[ 2654s] [ERROR] Process Exit Code: 0
[ 2654s] [ERROR] 	at org.apache.maven.plugin.surefire.booterclient.ForkStarter.fork(ForkStarter.java:671)
[ 2654s] [ERROR] 	at org.apache.maven.plugin.surefire.booterclient.ForkStarter.fork(ForkStarter.java:533)
[ 2654s] [ERROR] 	at org.apache.maven.plugin.surefire.booterclient.ForkStarter.run(ForkStarter.java:278)
[ 2654s] [ERROR] 	at org.apache.maven.plugin.surefire.booterclient.ForkStarter.run(ForkStarter.java:244)
[ 2654s] [ERROR] 	at org.apache.maven.plugin.surefire.AbstractSurefireMojo.executeProvider(AbstractSurefireMojo.java:1194)
[ 2655s] [ERROR] 	at org.apache.maven.plugin.surefire.AbstractSurefireMojo.executeAfterPreconditionsChecked(AbstractSurefireMojo.java:1022)
[ 2655s] [ERROR] 	at org.apache.maven.plugin.surefire.AbstractSurefireMojo.execute(AbstractSurefireMojo.java:868)
[ 2655s] [ERROR] 	at org.apache.maven.plugin.DefaultBuildPluginManager.executeMojo(DefaultBuildPluginManager.java:137)
[ 2655s] [ERROR] 	at org.apache.maven.lifecycle.internal.MojoExecutor.execute(MojoExecutor.java:208)
[ 2655s] [ERROR] 	at org.apache.maven.lifecycle.internal.MojoExecutor.execute(MojoExecutor.java:154)
[ 2655s] [ERROR] 	at org.apache.maven.lifecycle.internal.MojoExecutor.execute(MojoExecutor.java:146)
[ 2655s] [ERROR] 	at org.apache.maven.lifecycle.internal.LifecycleModuleBuilder.buildProject(LifecycleModuleBuilder.java:117)
[ 2655s] [ERROR] 	at org.apache.maven.lifecycle.internal.LifecycleModuleBuilder.buildProject(LifecycleModuleBuilder.java:81)
[ 2655s] [ERROR] 	at org.apache.maven.lifecycle.internal.builder.singlethreaded.SingleThreadedBuilder.build(SingleThreadedBuilder.java:56)
[ 2655s] [ERROR] 	at org.apache.maven.lifecycle.internal.LifecycleStarter.execute(LifecycleStarter.java:128)
[ 2655s] [ERROR] 	at org.apache.maven.DefaultMaven.doExecute(DefaultMaven.java:305)
[ 2655s] [ERROR] 	at org.apache.maven.DefaultMaven.doExecute(DefaultMaven.java:192)
[ 2655s] [ERROR] 	at org.apache.maven.DefaultMaven.execute(DefaultMaven.java:105)
[ 2655s] [ERROR] 	at org.apache.maven.cli.MavenCli.execute(MavenCli.java:954)
[ 2655s] [ERROR] 	at org.apache.maven.cli.MavenCli.doMain(MavenCli.java:288)
[ 2655s] [ERROR] 	at org.apache.maven.cli.MavenCli.main(MavenCli.java:192)
[ 2655s] [ERROR] 	at sun.reflect.NativeMethodAccessorImpl.invoke0(Native Method)
[ 2655s] [ERROR] 	at sun.reflect.NativeMethodAccessorImpl.invoke(NativeMethodAccessorImpl.java:62)
[ 2655s] [ERROR] 	at sun.reflect.DelegatingMethodAccessorImpl.invoke(DelegatingMethodAccessorImpl.java:43)
[ 2655s] [ERROR] 	at java.lang.reflect.Method.invoke(Method.java:498)
[ 2655s] [ERROR] 	at org.codehaus.plexus.classworlds.launcher.Launcher.launchEnhanced(Launcher.java:289)
[ 2656s] [ERROR] 	at org.codehaus.plexus.classworlds.launcher.Launcher.launch(Launcher.java:229)
[ 2656s] [ERROR] 	at org.codehaus.plexus.classworlds.launcher.Launcher.mainWithExitCode(Launcher.java:415)
[ 2656s] [ERROR] 	at org.codehaus.plexus.classworlds.launcher.Launcher.main(Launcher.java:356)
[ 2656s] [ERROR] -> [Help 1]
[ 2656s] [ERROR] 
[ 2656s] [ERROR] To see the full stack trace of the errors, re-run Maven with the -e switch.
[ 2656s] [ERROR] Re-run Maven using the -X switch to enable full debug logging.
[ 2656s] [ERROR] 
[ 2656s] [ERROR] For more information about the errors and possible solutions, please read the following articles:
[ 2656s] [ERROR] [Help 1] http://cwiki.apache.org/confluence/display/MAVEN/MojoExecutionException
[ 2657s] error: Bad exit status from /var/tmp/rpm-tmp.DlLVJk (%build)
[ 2657s] 
[ 2657s] 
[ 2657s] RPM build errors:
[ 2657s]     Bad exit status from /var/tmp/rpm-tmp.DlLVJk (%build)
[ 2657s] 
[ 2657s] oe-RISCV-worker22 failed "build gmetrics.spec" at Sat Apr 16 01:34:39 UTC 2022.
[ 2657s] 
