[    0s] Memory limit set to 5447650KB
[    0s] Using BUILD_ROOT=/var/cache/obs/worker/root_1
[    0s] Using BUILD_ARCH=riscv64
[    0s] 
[    3s] 
[    3s] oe-RISCV-worker9 started "build _service:extract_file:google-gson.spec" at Sun Mar 27 22:46:26 UTC 2022.
[    3s] 
[    3s] Building google-gson for project 'openEuler:Mainline:RISC-V' repository 'advanced_riscv64' arch 'riscv64' srcmd5 'e340b949b089ffbedd3466ad9005e3a2'
[    3s] 
[    3s] processing recipe /var/cache/obs/worker/root_1/.build-srcdir/_service:extract_file:google-gson.spec ...
[    7s] running changelog2spec --target rpm --file /var/cache/obs/worker/root_1/.build-srcdir/_service:extract_file:google-gson.spec
[    8s] init_buildsystem --configdir /var/run/obs/worker/1/build/configs --cachedir /var/cache/build --clean --rpmlist /var/cache/obs/worker/root_1/.build.rpmlist /var/cache/obs/worker/root_1/.build-srcdir/_service:extract_file:google-gson.spec build ...
[   88s] cycle: bash -> coreutils
[   88s]   breaking dependency coreutils -> bash
[   88s] cycle: bash -> coreutils -> info
[   88s]   breaking dependency coreutils -> info
[   88s] cycle: glibc -> filesystem -> bash -> coreutils
[   88s]   breaking dependency filesystem -> bash
[   88s] cycle: glibc -> filesystem -> coreutils
[   88s]   breaking dependency coreutils -> glibc
[   88s] cycle: glibc -> filesystem -> coreutils -> libacl
[   88s]   breaking dependency coreutils -> libacl
[   88s] cycle: glibc -> filesystem -> coreutils -> attr
[   88s]   breaking dependency coreutils -> attr
[   88s] cycle: coreutils -> libcap -> bash
[   88s]   breaking dependency coreutils -> libcap
[   88s] cycle: glibc -> filesystem -> coreutils -> openssl-libs
[   88s]   breaking dependency coreutils -> openssl-libs
[   88s] cycle: glibc -> filesystem -> coreutils -> libselinux
[   88s]   breaking dependency libselinux -> glibc
[   88s] cycle: glibc -> filesystem -> coreutils -> libselinux -> pcre2
[   88s]   breaking dependency pcre2 -> glibc
[   88s] cycle: glibc -> filesystem -> coreutils -> libselinux -> pcre2 -> readline
[   88s]   breaking dependency readline -> glibc
[   88s] cycle: glibc -> filesystem -> coreutils -> libselinux -> pcre2 -> readline -> ncurses-libs
[   88s]   breaking dependency coreutils -> libselinux
[   88s] cycle: glibc -> filesystem -> coreutils -> ncurses
[   88s]   breaking dependency ncurses -> glibc
[   88s] cycle: glibc -> filesystem -> coreutils -> ncurses -> ncurses-libs
[   88s]   breaking dependency ncurses -> ncurses-libs
[   88s] cycle: filesystem -> coreutils -> ncurses -> libgcc
[   88s]   breaking dependency ncurses -> libgcc
[   88s] cycle: perl-Carp -> perl-libs
[   88s]   breaking dependency perl-libs -> perl-Carp
[   88s] cycle: perl-libs -> perl-Exporter
[   88s]   breaking dependency perl-libs -> perl-Exporter
[   88s] cycle: perl-Carp -> perl-Exporter
[   88s]   breaking dependency perl-Exporter -> perl-Carp
[   88s] cycle: nss-util -> nss
[   88s]   breaking dependency nss -> nss-util
[   88s] cycle: nss-softokn -> nss-util -> nss
[   88s]   breaking dependency nss -> nss-softokn
[   88s] cycle: systemd -> cryptsetup -> device-mapper
[   88s]   breaking dependency systemd -> cryptsetup
[   88s] cycle: audit -> systemd -> pam
[   88s]   breaking dependency systemd -> pam
[   88s] [1/84] preinstalling dbus...
[   89s] [2/84] preinstalling libffi-devel...
[   89s] [3/84] preinstalling nodejs-source-map...
[   91s] [4/84] preinstalling python3-pip...
[   94s] [5/84] preinstalling python3-setuptools_scm...
[   95s] [6/84] preinstalling ncurses...
[  100s] [7/84] preinstalling coreutils...
[  104s] [8/84] preinstalling filesystem...
[  107s] [9/84] preinstalling glibc...
[  110s] [10/84] preinstalling libgcc...
[  111s] [11/84] preinstalling diffutils...
[  113s] [12/84] preinstalling libcap-ng...
[  114s] [13/84] preinstalling libgpg-error...
[  115s] [14/84] preinstalling libpcap...
[  116s] [15/84] preinstalling libsmartcols...
[  117s] [16/84] preinstalling libuuid...
[  118s] [17/84] preinstalling libxcrypt...
[  119s] [18/84] preinstalling lz4...
[  119s] [19/84] preinstalling m4...
[  120s] [20/84] preinstalling ncurses-libs...
[  121s] [21/84] preinstalling nspr...
[  122s] [22/84] preinstalling xz-libs...
[  123s] [23/84] preinstalling zlib...
[  124s] [24/84] preinstalling attr...
[  125s] [25/84] preinstalling libdb...
[  129s] [26/84] preinstalling zstd...
[  131s] [27/84] preinstalling audit-libs...
[  132s] [28/84] preinstalling file...
[  132s] [29/84] preinstalling iptables-libs...
[  133s] [30/84] preinstalling libacl...
[  134s] [31/84] preinstalling libgcrypt...
[  135s] [32/84] preinstalling openssl-libs...
[  136s] [33/84] preinstalling readline...
[  137s] [34/84] preinstalling bash...
[  139s] [35/84] preinstalling cmake...
[  152s] [36/84] preinstalling perl-libs...
[  155s] [37/84] preinstalling dnf...
[  156s] [38/84] preinstalling pcre2...
[  157s] [39/84] preinstalling perl-Exporter...
[  158s] [40/84] preinstalling bzip2...
[  159s] [41/84] preinstalling elfutils...
[  160s] [42/84] preinstalling hostname...
[  161s] [43/84] preinstalling libcap...
[  162s] [44/84] preinstalling pcre...
[  163s] [45/84] preinstalling popt...
[  164s] [46/84] preinstalling acl...
[  165s] [47/84] preinstalling libblkid...
[  165s] [48/84] preinstalling openssl...
[  167s] [49/84] preinstalling sqlite...
[  168s] [50/84] preinstalling tar...
[  170s] [51/84] preinstalling info...
[  171s] [52/84] preinstalling libgcrypt-devel...
[  172s] [53/84] preinstalling lua...
[  173s] [54/84] preinstalling libselinux...
[  173s] [55/84] preinstalling perl-Carp...
[  175s] [56/84] preinstalling copy-jdk-configs...
[  176s] [57/84] preinstalling libfdisk...
[  177s] [58/84] preinstalling perl-Digest-MD5...
[  177s] [59/84] preinstalling grep...
[  178s] [60/84] preinstalling rpm-libs...
[  180s] [61/84] preinstalling chkconfig...
[  180s] [62/84] preinstalling sed...
[  181s] [63/84] preinstalling libmount...
[  182s] [64/84] preinstalling libsemanage...
[  183s] [65/84] preinstalling perl-constant...
[  184s] [66/84] preinstalling findutils...
[  185s] [67/84] preinstalling xz...
[  186s] [68/84] preinstalling perl-Getopt-Long...
[  187s] [69/84] preinstalling glib2...
[  191s] [70/84] preinstalling nss...
[  192s] [71/84] preinstalling perl-Data-Dumper...
[  193s] [72/84] preinstalling systemd-libs...
[  194s] [73/84] preinstalling systemd...
[  198s] [74/84] preinstalling dbus-libs...
[  199s] [75/84] preinstalling nss-util...
[  201s] [76/84] preinstalling audit...
[  201s] [77/84] preinstalling nss-softokn...
[  203s] [78/84] preinstalling pam...
[  204s] [79/84] preinstalling rpm...
[  206s] [80/84] preinstalling openEuler-rpm-config...
[  206s] [81/84] preinstalling util-linux...
[  211s] [82/84] preinstalling device-mapper...
[  212s] [83/84] preinstalling cryptsetup...
[  214s] [84/84] preinstalling lvm2...
[  216s] 
[  218s] initializing rpm db...
[  230s] reordering...cycle: bash -> coreutils
[  230s]   breaking dependency coreutils -> bash
[  230s] cycle: bash -> coreutils -> info
[  230s]   breaking dependency coreutils -> info
[  230s] cycle: glibc -> basesystem -> filesystem -> bash -> coreutils -> gmp
[  230s]   breaking dependency filesystem -> bash
[  230s] cycle: glibc -> basesystem -> filesystem -> coreutils -> gmp
[  230s]   breaking dependency coreutils -> gmp
[  230s] cycle: glibc -> basesystem -> filesystem -> coreutils
[  230s]   breaking dependency coreutils -> glibc
[  230s] cycle: glibc -> basesystem -> filesystem -> coreutils -> libacl
[  230s]   breaking dependency coreutils -> libacl
[  230s] cycle: glibc -> basesystem -> filesystem -> coreutils -> attr
[  230s]   breaking dependency coreutils -> attr
[  230s] cycle: coreutils -> libcap -> bash
[  230s]   breaking dependency coreutils -> libcap
[  230s] cycle: glibc -> basesystem -> filesystem -> coreutils -> openssl-libs
[  230s]   breaking dependency openssl-libs -> glibc
[  230s] cycle: coreutils -> openssl-libs -> ca-certificates -> bash
[  230s]   breaking dependency ca-certificates -> bash
[  230s] cycle: coreutils -> openssl-libs -> ca-certificates
[  230s]   breaking dependency ca-certificates -> coreutils
[  230s] cycle: coreutils -> openssl-libs -> ca-certificates -> grep -> bash
[  230s]   breaking dependency grep -> bash
[  230s] cycle: coreutils -> openssl-libs -> ca-certificates -> grep
[  230s]   breaking dependency ca-certificates -> grep
[  230s] cycle: glibc -> basesystem -> filesystem -> coreutils -> openssl-libs -> ca-certificates -> p11-kit
[  230s]   breaking dependency p11-kit -> glibc
[  230s] cycle: glibc -> basesystem -> filesystem -> coreutils -> openssl-libs -> ca-certificates -> p11-kit -> libffi
[  230s]   breaking dependency openssl-libs -> ca-certificates
[  230s] cycle: coreutils -> openssl-libs -> crypto-policies -> bash
[  230s]   breaking dependency crypto-policies -> bash
[  230s] cycle: coreutils -> openssl-libs -> crypto-policies
[  230s]   breaking dependency crypto-policies -> coreutils
[  230s] cycle: coreutils -> openssl-libs -> crypto-policies -> grep
[  230s]   breaking dependency grep -> coreutils
[  230s] cycle: glibc -> basesystem -> filesystem -> coreutils -> openssl-libs -> crypto-policies -> grep
[  230s]   breaking dependency glibc -> basesystem
[  230s] cycle: glibc -> glibc-common -> bash -> coreutils -> openssl-libs -> crypto-policies -> grep
[  230s]   breaking dependency glibc-common -> bash
[  230s] cycle: glibc -> glibc-common -> coreutils -> openssl-libs -> crypto-policies -> grep
[  230s]   breaking dependency glibc-common -> coreutils
[  230s] cycle: glibc -> glibc-common
[  230s]   breaking dependency glibc-common -> glibc
[  230s] cycle: glibc -> glibc-common -> libselinux
[  230s]   breaking dependency libselinux -> glibc
[  230s] cycle: glibc -> glibc-common -> libselinux -> pcre2
[  230s]   breaking dependency pcre2 -> glibc
[  230s] cycle: glibc -> glibc-common -> libselinux -> pcre2 -> readline
[  230s]   breaking dependency readline -> glibc
[  230s] cycle: glibc -> glibc-common -> libselinux -> pcre2 -> readline -> ncurses-libs
[  230s]   breaking dependency libselinux -> pcre2
[  230s] cycle: glibc -> glibc-common -> libselinux -> libsepol -> bash -> coreutils -> openssl-libs -> crypto-policies -> grep
[  230s]   breaking dependency bash -> coreutils
[  230s] cycle: glibc -> glibc-common -> libselinux -> libsepol -> bash -> filesystem -> coreutils -> openssl-libs -> crypto-policies -> grep
[  230s]   breaking dependency libsepol -> bash
[  230s] cycle: glibc -> glibc-common -> libselinux -> libsepol -> coreutils -> openssl-libs -> crypto-policies -> grep
[  230s]   breaking dependency coreutils -> openssl-libs
[  230s] cycle: libselinux -> libsepol -> coreutils
[  230s]   breaking dependency libsepol -> coreutils
[  230s] cycle: glibc -> glibc-common -> libselinux -> libsepol
[  230s]   breaking dependency glibc -> glibc-common
[  230s] cycle: glibc -> filesystem -> coreutils -> libselinux -> libsepol
[  230s]   breaking dependency filesystem -> coreutils
[  230s] cycle: filesystem -> setup
[  230s]   breaking dependency filesystem -> setup
[  230s] cycle: systemd -> cryptsetup -> device-mapper
[  230s]   breaking dependency systemd -> cryptsetup
[  230s] cycle: perl-libs -> perl-Carp
[  230s]   breaking dependency perl-libs -> perl-Carp
[  230s] cycle: perl-libs -> perl-Exporter
[  230s]   breaking dependency perl-libs -> perl-Exporter
[  230s] cycle: perl-Carp -> perl-Exporter
[  230s]   breaking dependency perl-Exporter -> perl-Carp
[  230s] cycle: perl -> perl-PathTools
[  230s]   breaking dependency perl -> perl-PathTools
[  230s] cycle: perl -> perl-ExtUtils-MakeMaker
[  230s]   breaking dependency perl -> perl-ExtUtils-MakeMaker
[  230s] cycle: perl -> perl-File-Path -> perl-PathTools
[  230s]   breaking dependency perl -> perl-File-Path
[  230s] cycle: perl -> perl-Getopt-Long -> perl-Pod-Usage
[  230s]   breaking dependency perl -> perl-Getopt-Long
[  230s] cycle: perl -> perl-Locale-Maketext
[  230s]   breaking dependency perl -> perl-Locale-Maketext
[  230s] cycle: perl -> perl-Pod-Simple
[  230s]   breaking dependency perl -> perl-Pod-Simple
[  230s] cycle: perl -> perl-Socket
[  230s]   breaking dependency perl -> perl-Socket
[  230s] cycle: perl -> perl-Storable
[  230s]   breaking dependency perl -> perl-Storable
[  230s] cycle: perl -> perl-Text-Tabs+Wrap
[  230s]   breaking dependency perl -> perl-Text-Tabs+Wrap
[  230s] cycle: perl -> perl-Time-Local -> perl-constant
[  230s]   breaking dependency perl -> perl-Time-Local
[  230s] cycle: perl -> perl-constant
[  230s]   breaking dependency perl -> perl-constant
[  230s] cycle: perl -> perl-threads
[  230s]   breaking dependency perl -> perl-threads
[  230s] cycle: perl -> perl-threads-shared
[  230s]   breaking dependency perl -> perl-threads-shared
[  230s] cycle: perl -> perl-Archive-Tar
[  230s]   breaking dependency perl -> perl-Archive-Tar
[  230s] cycle: perl -> perl-B-Debug
[  230s]   breaking dependency perl -> perl-B-Debug
[  230s] cycle: perl -> perl-CPAN-Meta -> perl-CPAN-Meta-Requirements
[  230s]   breaking dependency perl -> perl-CPAN-Meta
[  230s] cycle: perl -> perl-CPAN-Meta-Requirements
[  230s]   breaking dependency perl -> perl-CPAN-Meta-Requirements
[  230s] cycle: perl -> perl-CPAN-Meta-YAML
[  230s]   breaking dependency perl -> perl-CPAN-Meta-YAML
[  230s] cycle: perl -> perl-Compress-Raw-Bzip2
[  230s]   breaking dependency perl -> perl-Compress-Raw-Bzip2
[  230s] cycle: perl -> perl-Compress-Raw-Zlib
[  230s]   breaking dependency perl -> perl-Compress-Raw-Zlib
[  230s] cycle: perl -> perl-Config-Perl-V
[  230s]   breaking dependency perl -> perl-Config-Perl-V
[  230s] cycle: perl -> perl-DB_File
[  230s]   breaking dependency perl -> perl-DB_File
[  230s] cycle: perl -> perl-Data-Dumper
[  230s]   breaking dependency perl -> perl-Data-Dumper
[  230s] cycle: perl -> perl-Devel-PPPort
[  230s]   breaking dependency perl -> perl-Devel-PPPort
[  230s] cycle: perl -> perl-Digest -> perl-MIME-Base64
[  230s]   breaking dependency perl -> perl-Digest
[  230s] cycle: perl -> perl-Digest-MD5 -> perl-Digest -> perl-MIME-Base64
[  230s]   breaking dependency perl -> perl-Digest-MD5
[  230s] cycle: perl -> perl-Digest-SHA
[  230s]   breaking dependency perl -> perl-Digest-SHA
[  230s] cycle: perl -> perl-Encode
[  230s]   breaking dependency perl -> perl-Encode
[  230s] cycle: perl -> perl-Env
[  230s]   breaking dependency perl -> perl-Env
[  230s] cycle: perl -> perl-ExtUtils-Command
[  230s]   breaking dependency perl -> perl-ExtUtils-Command
[  230s] cycle: perl -> perl-ExtUtils-Install
[  230s]   breaking dependency perl -> perl-ExtUtils-Install
[  230s] cycle: perl -> perl-ExtUtils-Manifest
[  230s]   breaking dependency perl -> perl-ExtUtils-Manifest
[  230s] cycle: perl -> perl-ExtUtils-ParseXS
[  230s]   breaking dependency perl -> perl-ExtUtils-ParseXS
[  230s] cycle: perl -> perl-File-Fetch -> perl-PathTools
[  230s]   breaking dependency perl -> perl-File-Fetch
[  230s] cycle: perl -> perl-File-Temp -> perl-PathTools
[  230s]   breaking dependency perl -> perl-File-Temp
[  230s] cycle: perl -> perl-Filter
[  230s]   breaking dependency perl -> perl-Filter
[  230s] cycle: perl -> perl-Filter-Simple -> perl-Filter
[  230s]   breaking dependency perl -> perl-Filter-Simple
[  230s] cycle: perl -> perl-HTTP-Tiny
[  230s]   breaking dependency perl -> perl-HTTP-Tiny
[  230s] cycle: perl -> perl-IO-Compress
[  230s]   breaking dependency perl -> perl-IO-Compress
[  230s] cycle: perl -> perl-IO-Socket-IP
[  230s]   breaking dependency perl -> perl-IO-Socket-IP
[  230s] cycle: perl -> perl-IPC-Cmd -> perl-ExtUtils-MakeMaker
[  230s]   breaking dependency perl -> perl-IPC-Cmd
[  230s] cycle: perl -> perl-IPC-SysV
[  230s]   breaking dependency perl -> perl-IPC-SysV
[  230s] cycle: perl -> perl-JSON-PP
[  230s]   breaking dependency perl -> perl-JSON-PP
[  230s] cycle: perl -> perl-Locale-Codes -> perl-constant
[  230s]   breaking dependency perl -> perl-Locale-Codes
[  230s] cycle: perl -> perl-MIME-Base64
[  230s]   breaking dependency perl -> perl-MIME-Base64
[  230s] cycle: perl -> perl-Math-BigInt
[  230s]   breaking dependency perl -> perl-Math-BigInt
[  230s] cycle: perl -> perl-Math-BigInt-FastCalc -> perl-Math-BigInt
[  230s]   breaking dependency perl -> perl-Math-BigInt-FastCalc
[  230s] cycle: perl -> perl-Math-BigRat -> perl-Math-BigInt
[  230s]   breaking dependency perl -> perl-Math-BigRat
[  230s] cycle: perl -> perl-Module-CoreList
[  230s]   breaking dependency perl -> perl-Module-CoreList
[  230s] cycle: perl -> perl-Module-Load -> perl-PathTools
[  230s]   breaking dependency perl -> perl-Module-Load
[  230s] cycle: perl -> perl-Module-Load-Conditional
[  230s]   breaking dependency perl -> perl-Module-Load-Conditional
[  230s] cycle: perl -> perl-Module-Metadata
[  230s]   breaking dependency perl -> perl-Module-Metadata
[  230s] cycle: perl -> perl-Params-Check
[  230s]   breaking dependency perl -> perl-Params-Check
[  230s] cycle: perl -> perl-PerlIO-via-QuotedPrint -> perl-MIME-Base64
[  230s]   breaking dependency perl -> perl-PerlIO-via-QuotedPrint
[  230s] cycle: perl -> perl-Pod-Checker
[  230s]   breaking dependency perl -> perl-Pod-Checker
[  230s] cycle: perl -> perl-Pod-Escapes
[  230s]   breaking dependency perl -> perl-Pod-Escapes
[  230s] cycle: perl -> perl-Pod-Parser
[  230s]   breaking dependency perl -> perl-Pod-Parser
[  230s] cycle: perl -> perl-Pod-Perldoc
[  230s]   breaking dependency perl -> perl-Pod-Perldoc
[  230s] cycle: perl -> perl-Pod-Usage
[  230s]   breaking dependency perl -> perl-Pod-Usage
[  230s] cycle: perl -> perl-Sys-Syslog
[  230s]   breaking dependency perl -> perl-Sys-Syslog
[  230s] cycle: perl -> perl-Term-Cap
[  230s]   breaking dependency perl -> perl-Term-Cap
[  230s] cycle: perl -> perl-Test-Harness
[  230s]   breaking dependency perl -> perl-Test-Harness
[  230s] cycle: perl -> perl-Test-Simple
[  230s]   breaking dependency perl -> perl-Test-Simple
[  230s] cycle: perl -> perl-Text-Balanced
[  230s]   breaking dependency perl -> perl-Text-Balanced
[  230s] cycle: perl -> perl-Thread-Queue -> perl-threads-shared
[  230s]   breaking dependency perl -> perl-Thread-Queue
[  230s] cycle: perl -> perl-Unicode-Collate -> perl-PathTools
[  230s]   breaking dependency perl -> perl-Unicode-Collate
[  230s] cycle: perl -> perl-autodie
[  230s]   breaking dependency perl -> perl-autodie
[  230s] cycle: perl -> perl-bignum -> perl-Math-BigInt
[  230s]   breaking dependency perl -> perl-bignum
[  230s] cycle: perl -> perl-devel
[  230s]   breaking dependency perl -> perl-devel
[  230s] cycle: perl -> perl-Encode-devel
[  230s]   breaking dependency perl -> perl-Encode-devel
[  230s] cycle: perl -> perl-experimental
[  230s]   breaking dependency perl -> perl-experimental
[  230s] cycle: perl -> perl-libnet -> perl-Digest-MD5 -> perl-Digest -> perl-MIME-Base64
[  230s]   breaking dependency perl -> perl-libnet
[  230s] cycle: perl -> perl-podlators
[  230s]   breaking dependency perl -> perl-podlators
[  230s] cycle: perl -> perl-version
[  230s]   breaking dependency perl -> perl-version
[  230s] cycle: glib2 -> gamin
[  230s]   breaking dependency glib2 -> gamin
[  230s] cycle: systemd -> gnutls -> unbound-libs -> shadow -> pam -> audit
[  230s]   breaking dependency systemd -> gnutls
[  230s] cycle: systemd -> pam -> audit
[  230s]   breaking dependency systemd -> pam
[  230s] cycle: systemd -> shadow -> pam -> audit
[  230s]   breaking dependency systemd -> shadow
[  230s] cycle: pam -> libpwquality
[  230s]   breaking dependency pam -> libpwquality
[  231s] cycle: perl-Getopt-Long -> perl-Pod-Usage
[  231s]   breaking dependency perl-Pod-Usage -> perl-Getopt-Long
[  231s] cycle: perl-Getopt-Long -> perl-Pod-Usage -> perl-podlators -> perl-Encode
[  231s]   breaking dependency perl-podlators -> perl-Encode
[  231s] cycle: perl-Getopt-Long -> perl-Pod-Usage -> perl-podlators
[  231s]   breaking dependency perl-podlators -> perl-Getopt-Long
[  231s] cycle: perl-Getopt-Long -> perl-Pod-Usage -> perl-podlators -> perl-Pod-Simple -> perl-Encode
[  231s]   breaking dependency perl-Encode -> perl-Getopt-Long
[  231s] cycle: perl-Getopt-Long -> perl-Pod-Usage -> perl-podlators -> perl-Pod-Simple
[  231s]   breaking dependency perl-podlators -> perl-Pod-Simple
[  231s] cycle: perl-Pod-Usage -> perl-podlators
[  231s]   breaking dependency perl-podlators -> perl-Pod-Usage
[  231s] cycle: groff -> perl-Getopt-Long -> perl-Pod-Usage -> perl-Pod-Perldoc
[  231s]   breaking dependency groff -> perl-Getopt-Long
[  231s] cycle: nss -> nss-util
[  231s]   breaking dependency nss -> nss-util
[  231s] cycle: nss -> nss-softokn -> nss-util
[  231s]   breaking dependency nss -> nss-softokn
[  231s] cycle: libxcrypt-devel -> glibc-devel
[  231s]   breaking dependency glibc-devel -> libxcrypt-devel
[  231s] cycle: groovy-lib -> gpars
[  231s]   breaking dependency groovy-lib -> gpars
[  231s] cycle: batik-css -> batik
[  231s]   breaking dependency batik -> batik-css
[  231s] cycle: xalan-j2 -> xerces-j2
[  231s]   breaking dependency xerces-j2 -> xalan-j2
[  231s] cycle: cmake-data -> cmake
[  231s]   breaking dependency cmake -> cmake-data
[  231s] cycle: perl-Getopt-Long -> perl-Pod-Usage -> perl-Pod-Perldoc -> perl-Pod-Simple
[  231s]   breaking dependency perl-Pod-Perldoc -> perl-Pod-Simple
[  231s] cycle: openssh -> openssh-server
[  231s]   breaking dependency openssh-server -> openssh
[  231s] cycle: git -> perl-Git
[  231s]   breaking dependency git -> perl-Git
[  231s] cycle: perl-ExtUtils-Install -> perl-ExtUtils-MakeMaker
[  231s]   breaking dependency perl-ExtUtils-MakeMaker -> perl-ExtUtils-Install
[  231s] done
[  231s] querying package ids...
[  272s] [1/536] installing cmake-filesystem-3.22.0-1.oe1
[  274s] [2/536] installing fonts-filesystem-2.0.2-2.oe1
[  275s] [3/536] installing fuse-common-3.9.2-5.oe1
[  276s] [4/536] installing javapackages-filesystem-5.3.0-3.oe1
[  277s] [5/536] installing kernel-headers-5.10-3.oe1
[  282s] [6/536] installing libreport-filesystem-2.13.1-5.oe1
[  283s] [7/536] installing ncurses-base-6.1-14.oe1
[  284s] [8/536] installing openEuler-gpg-keys-1.0-2.5.oe1
[  285s] [9/536] installing python-setuptools-59.4.0-3.oe1
[  286s] [10/536] installing qt5-srpm-macros-5.15.2-1.oe1
[  287s] [11/536] installing tzdata-2021a-2.oe1
[  294s] [12/536] installing tzdata-java-2021a-2.oe1
[  296s] [13/536] installing dnf-data-4.10.0-1.oe1
[  297s] [14/536] installing openEuler-repos-1.0-2.5.oe1
[  298s] [15/536] installing wqy-zenhei-fonts-0.9.46-21.oe1
[  306s] [16/536] installing openEuler-release-20.03LTS-40.oe1
[  307s] [17/536] installing filesystem-3.9-3.oe1
[  317s] warning: group mail does not exist - using root
[  318s] [18/536] installing emacs-filesystem-1:27.1-5.oe1
[  318s] [19/536] installing libgcc-10.3.1-20220105.6.oe1
[  320s] [20/536] installing setup-2.13.3-4.oe1
[  321s] [21/536] installing glibc-2.34-64.oe1
[  327s] [22/536] installing brotli-1.0.9-2.oe1
[  328s] [23/536] installing chrpath-0.16-12.oe1
[  329s] [24/536] installing cpio-2.13-4.oe1
[  331s] [25/536] installing diffutils-3.7-4.oe1
[  332s] [26/536] installing expat-2.2.10-1.oe1
[  333s] [27/536] installing giflib-5.2.1-2.oe1
[  334s] [28/536] installing json-c-0.15-1.oe1
[  335s] [29/536] installing keyutils-libs-1.6.3-3.oe1
[  336s] [30/536] installing libICE-1.0.10-2.oe1
[  337s] [31/536] installing libXau-1.0.9-2.oe1
[  338s] [32/536] installing libaio-0.3.112-1.oe1
[  339s] [33/536] installing libargon2-20190702-1.oe1
[  340s] [34/536] installing libatomic-10.3.1-20220105.6.oe1
[  341s] [35/536] installing libcap-ng-0.7.11-1.oe1
[  342s] [36/536] installing libev-4.24-11.oe1
[  343s] [37/536] installing libffi-3.3-31.oe1
[  344s] [38/536] installing libgomp-10.3.1-20220105.6.oe1
[  346s] [39/536] installing libgpg-error-1.41-1.oe1
[  348s] [40/536] installing libjpeg-turbo-2.0.6-1.oe1
[  349s] [41/536] installing libnghttp2-1.42.0-1.oe1
[  350s] [42/536] installing libpcap-14:1.9.1-7.oe1
[  351s] [43/536] installing libpipeline-1.5.3-1.oe1
[  352s] [44/536] installing libsigsegv-2.11-10.oe1
[  353s] [45/536] installing libsmartcols-2.36.1-3.oe1
[  354s] [46/536] installing libtasn1-4.16.0-2.oe1
[  355s] [47/536] installing libtool-ltdl-2.4.6-34.oe1
[  356s] [48/536] installing libunistring-0.9.10-8.oe1
[  358s] [49/536] installing libuuid-2.36.1-3.oe1
[  359s] [50/536] installing libuv-1:1.40.0-1.oe1
[  360s] [51/536] installing libxcrypt-4.4.8-4.oe1
[  362s] [52/536] installing libyaml-0.2.5-1.oe1
[  363s] [53/536] installing lz4-1.9.3-1.oe1
[  364s] [54/536] installing m4-1.4.18-14.oe1
[  365s] [55/536] installing nspr-4.32.0-1.oe1
[  366s] [56/536] installing pkgconf-1.7.3-1.oe1
[  367s] [57/536] installing rhash-1.3.5-5.oe1
[  368s] [58/536] installing which-2.21-14.oe1
[  369s] [59/536] installing xz-libs-5.2.5-1.oe1
[  370s] [60/536] installing zlib-1.2.11-18.oe1
[  371s] [61/536] installing attr-2.4.48-12.oe1
[  373s] [62/536] installing basesystem-12-2.oe1
[  374s] [63/536] installing libstdc++-10.3.1-20220105.6.oe1
[  375s] [64/536] installing ncurses-libs-6.1-14.oe1
[  376s] [65/536] installing libsepol-3.1-4.oe1
[  378s] [66/536] installing libstdc++-devel-10.3.1-20220105.6.oe1
[  386s] [67/536] installing audit-libs-1:3.0-2.oe1
[  387s] [68/536] installing elfutils-libelf-0.185-3.oe1
[  388s] [69/536] installing file-libs-5.39-6.oe1
[  391s] [70/536] installing gmp-1:6.2.1-3.oe1
[  393s] [71/536] installing iptables-libs-1.8.1-4.oe1
[  394s] [72/536] installing less-563-2.oe1
[  395s] [73/536] installing libacl-2.2.53-7.oe1
[  396s] [74/536] installing libassuan-2.5.4-1.oe1
[  397s] [75/536] installing libedit-3.1-27.oe1
[  398s] [76/536] installing libffi-devel-3.3-31.oe1
[  399s] [77/536] installing libfontenc-1.1.4-2.oe1
[  400s] [78/536] installing libgcrypt-1.8.7-1.oe1
[  401s] [79/536] installing libmetalink-0.1.3-8.oe1
[  402s] [80/536] installing libpng-2:1.6.37-1.oe1
[  403s] [81/536] installing libxcb-1.14-1.oe1
[  405s] [82/536] installing readline-8.0-2.oe1
[  406s] [83/536] installing fuse-2.9.9-6.oe1
[  408s] [84/536] installing gc-8.0.4-2.oe1
[  409s] [85/536] installing libSM-1.2.3-2.oe1
[  411s] [86/536] installing libdb-5.3.28-35.oe1
[  415s] [87/536] installing libselinux-3.1-3.oe1
[  416s] [88/536] installing libxml2-2.9.10-15.oe1
[  418s] [89/536] installing bash-5.1-1.oe1
[  421s] [90/536] installing perl-libs-4:5.28.0-435.oe1
[  426s] [91/536] installing zstd-1.4.8-2.oe1
[  429s] [92/536] installing ncurses-6.1-14.oe1
[  438s] [93/536] installing thin-provisioning-tools-0.8.5-1.oe1
[  439s] [94/536] installing perl-parent-1:0.237-4.oe1
[  440s] [95/536] installing perl-perlfaq-5.20180915-5.oe1
[  441s] [96/536] installing libX11-1.6.9-2.oe1
[  444s] [97/536] installing mpfr-4.1.0-1.oe1
[  446s] [98/536] installing nettle-3.6-6.oe1
[  448s] [99/536] installing pcre2-10.36-1.oe1
[  450s] [100/536] installing perl-Exporter-5.74-1.oe1
[  451s] [101/536] installing file-5.39-6.oe1
[  452s] [102/536] installing gdbm-1:1.18.1-1.oe1
[  453s] [103/536] installing patch-2.7.6-12.oe1
[  455s] [104/536] installing qrencode-4.1.1-1
[  457s] [105/536] installing sed-4.8-2.oe1
[  458s] [106/536] installing acl-2.2.53-7.oe1
[  459s] [107/536] installing libcomps-0.1.15-1.oe1
[  461s] [108/536] installing pcre-8.44-1.oe1
[  462s] [109/536] installing glibc-common-2.34-64.oe1
[  474s] [110/536] installing coreutils-8.31-4.oe1
[  482s] [111/536] installing alsa-lib-1.2.4-1.oe1
[  484s] [112/536] installing crontabs-1.11-21.oe1
[  485s] [113/536] installing elfutils-default-yama-scope-0.185-3.oe1
[  486s] /usr/lib/systemd/systemd-sysctl: error while loading shared libraries: libkmod.so.2: cannot open shared object file: No such file or directory
[  486s] [114/536] installing libXcomposite-0.4.5-1.oe1
[  488s] [115/536] installing libXext-1.3.4-2.oe1
[  489s] [116/536] installing libXpm-3.5.12-11.oe1
[  491s] [117/536] installing libXrender-0.9.10-10.oe1
[  492s] [118/536] installing perl-Carp-1.50-418.oe1
[  494s] [119/536] installing perl-Perl-OSType-1.010-421.oe1
[  495s] [120/536] installing perl-Term-ANSIColor-4.06-511.oe1
[  496s] [121/536] installing publicsuffix-list-20200718-1.oe1
[  497s] [122/536] installing uname-build-checks-1.0-0.4.oe1
[  498s] [123/536] installing bzip2-1.0.8-3.oe1
[  500s] [124/536] installing gzip-1.10-1.oe1
[  501s] [125/536] installing hostname-3.21-2.oe1
[  503s] [126/536] installing libcap-2.32-2.oe1
[  505s] [127/536] installing libmpc-1.2.0-2.oe1
[  506s] [128/536] installing libseccomp-2.4.3-2.oe1
[  508s] [129/536] installing lksctp-tools-1.0.16-11.oe1
[  510s] [130/536] installing npth-1.5-7.oe1
[  511s] [131/536] installing popt-1.18-1.oe1
[  514s] [132/536] installing grep-3.6-1.oe1
[  516s] [133/536] installing libXt-1.2.0-0.oe1
[  517s] [134/536] installing libblkid-2.36.1-3.oe1
[  520s] [135/536] installing libidn2-2.3.0-1.oe1
[  525s] [136/536] installing libksba-1.3.5-12.oe1
[  527s] [137/536] installing tar-2:1.32-3.oe1
[  529s] [138/536] installing tcl-1:8.6.10-3.oe1
[  533s] [139/536] installing apr-1.7.0-4.oe1
[  535s] [140/536] installing info-6.7-2.oe1
[  536s] [141/536] installing jsoncpp-1.9.4-1.oe1
[  538s] [142/536] installing libgpg-error-devel-1.41-1.oe1
[  539s] [143/536] installing lua-5.3.5-6.oe1
[  541s] [144/536] installing slang-2.3.2-8.oe1
[  544s] [145/536] installing gawk-5.0.1-2.oe1
[  546s] [146/536] installing libxslt-1.1.32-7.oe1
[  548s] [147/536] installing guile-5:2.0.14-15.oe1
[  555s] [148/536] installing zip-3.0-29.oe1
[  557s] [149/536] installing libXi-1.7.10-1.oe1
[  558s] [150/536] installing libfdisk-2.36.1-3.oe1
[  560s] [151/536] installing newt-0.52.21-4.oe1
[  563s] [152/536] installing perl-Text-ParseWords-3.30-419.oe1
[  564s] [153/536] installing crypto-policies-20180925-3.git71ca85f.oe1
[  570s] [154/536] installing elfutils-libs-0.185-3.oe1
[  572s] [155/536] installing libXmu-1.1.3-1.oe1
[  573s] [156/536] installing libmount-2.36.1-3.oe1
[  575s] [157/536] installing lua-posix-33.3.1-12.oe1
[  577s] [158/536] installing unzip-6.0-47.oe1
[  579s] [159/536] installing cracklib-2.9.7-6.oe1
[  584s] [160/536] installing e2fsprogs-1.45.6-3.oe1
[  587s] [161/536] installing findutils-2:4.7.0-7.oe1
[  590s] [162/536] installing libsemanage-3.1-4.oe1
[  591s] [163/536] installing make-1:4.2.1-15.oe1
[  593s] [164/536] installing sqlite-3.24.0-9.oe1
[  595s] [165/536] installing xz-5.2.5-1.oe1
[  597s] [166/536] installing logrotate-3.15.1-2.oe1
[  599s] [167/536] installing perl-Scalar-List-Utils-3:1.52-2.oe1
[  600s] [168/536] installing perl-Time-HiRes-1.9760-2.oe1
[  602s] [169/536] installing perl-Unicode-Normalize-1.26-419.oe1
[  604s] [170/536] installing freetype-2.10.2-3.oe1
[  607s] [171/536] installing glibc-devel-2.34-64.oe1
[  617s] [172/536] installing libgcrypt-devel-1.8.7-1.oe1
[  618s] [173/536] installing cpp-10.3.1-20220105.6.oe1
[  627s] [174/536] installing gnupg2-2.2.27-2.oe1
[  632s] [175/536] installing systemd-libs-243-22.oe1
[  634s] [176/536] installing dbus-libs-1:1.12.20-3.oe1
[  636s] [177/536] installing libxcrypt-devel-4.4.8-4.oe1
[  638s] [178/536] installing p11-kit-0.23.22-1.oe1
[  641s] [179/536] installing procps-ng-3.3.16-15.oe1
[  643s] [180/536] installing copy-jdk-configs-4.0-1.oe1
[  644s] [181/536] installing gpgme-1.15.1-1.oe1
[  646s] [182/536] installing libXtst-1.2.3-10.oe1
[  648s] [183/536] installing openssl-libs-1:1.1.1f-2.oe1
[  652s] [184/536] installing chkconfig-1.14-2.oe1
[  654s] [185/536] installing elfutils-0.185-3.oe1
[  656s] [186/536] installing libXaw-1.0.13-13.oe1
[  658s] [187/536] installing xorg-x11-font-utils-1:7.5-43.oe1
[  660s] [188/536] installing fontconfig-2.13.92-1.oe1
[  665s] [189/536] installing glib2-2.66.8-1.oe1
[  673s] [190/536] installing dbus-tools-1:1.12.20-3.oe1
[  674s] [191/536] installing ima-evm-utils-libs-1.2.1-8.oe1
[  676s] [192/536] installing libevent-2.1.12-4
[  678s] [193/536] installing libcroco-0.6.12-13.oe1
[  680s] [194/536] installing libtcnative-1-0-1.2.23-3.oe1
[  681s] [195/536] installing fipscheck-1.5.0-7.oe1
[  683s] [196/536] installing gamin-0.1.10-38.oe1
[  686s] [197/536] installing kmod-libs-27-4.oe1
[  687s] [198/536] installing libsecret-0.18.6-5.oe1
[  690s] [199/536] installing obs-env-1.0-5.oe1
[  697s] [200/536] installing xorg-x11-fonts-others-7.5-24
[  712s] [201/536] installing kmod-27-4.oe1
[  714s] [202/536] installing binutils-2.37-6.oe1
[  722s] [203/536] installing p11-kit-trust-0.23.22-1.oe1
[  724s] [204/536] installing babeltrace-1.5.8-1.oe1
[  726s] [205/536] installing libarchive-3.5.1-1.oe1
[  729s] [206/536] installing nodejs-libs-1:16.10.0-1.oe1
[  764s] [207/536] installing libverto-0.3.1-2.oe1
[  766s] [208/536] installing ca-certificates-2020.2.46-2.oe1
[  775s] [209/536] installing gettext-0.20.1-2.oe1
[  778s] [210/536] installing gcc-10.3.1-20220105.6.oe1
[  800s] [211/536] installing rpm-libs-4.15.1-25.oe1
[  803s] [212/536] installing python-pip-wheel-19.2.3-2.fc32
[  804s] [213/536] installing libmodulemd-2.13.0-1.oe1
[  805s] [214/536] installing gcc-c++-10.3.1-20220105.6.oe1
[  815s] [215/536] installing krb5-libs-1.18.2-3.oe1
[  817s] [216/536] installing libtirpc-1.3.1-1.oe1
[  819s] [217/536] installing cyrus-sasl-lib-2.1.27-10.oe1
[  820s] [218/536] installing libssh-0.9.5-1.oe1
[  822s] [219/536] installing openldap-2.4.46-15.oe1
[  824s] [220/536] installing libnsl2-1.3.0-2.oe1
[  826s] [221/536] installing python3-3.8.5-13.oe1
[  848s] [222/536] installing python3-pyparsing-2.4.5-1.fc32
[  849s] [223/536] installing python3-setuptools-59.4.0-3.oe1
[  854s] [224/536] installing python3-setuptools_scm-3.3.3-6.fc32
[  855s] [225/536] installing python3-six-1.12.0-7.fc32
[  857s] [226/536] installing python3-gpgme-1.15.1-1.oe1
[  860s] [227/536] installing python3-lxml-4.4.1-3.fc32
[  863s] [228/536] installing python3-libcomps-0.1.15-1.oe1
[  864s] [229/536] installing libpsl-0.21.1-1.oe1
[  866s] [230/536] installing gdb-headless-9.2-5.oe1
[  872s] [231/536] installing systemtap-sdt-devel-4.1-3.oe1
[  873s] [232/536] installing gdb-9.2-5.oe1
[  875s] [233/536] installing python3-javapackages-5.3.0-3.oe1
[  877s] [234/536] installing python3-pip-19.2.3-2.fc32
[  883s] [235/536] installing libcurl-7.66.0-3.oe1
[  885s] [236/536] installing curl-7.66.0-3.oe1
[  886s] [237/536] installing librepo-1.14.2-2.oe1
[  888s] [238/536] installing rpm-4.15.1-25.oe1
[  891s] [239/536] installing efi-srpm-macros-4-3.oe1
[  893s] [240/536] installing cmake-rpm-macros-3.22.0-1.oe1
[  894s] [241/536] installing libsolv-0.7.20-1.oe1
[  896s] [242/536] installing python3-rpm-4.15.1-25.oe1
[  898s] [243/536] installing openEuler-rpm-config-30-21.oe1
[  899s] [244/536] installing cmake-3.22.0-1.oe1
[  912s] [245/536] installing libdnf-0.65.0-2.oe1
[  915s] [246/536] installing cmake-data-3.22.0-1.oe1
[  929s] [247/536] installing python3-libdnf-0.65.0-2.oe1
[  933s] [248/536] installing perl-4:5.28.0-435.oe1
[  940s] [249/536] installing perl-B-Debug-1.26-4.oe1
[  941s] [250/536] installing perl-Env-1.04-397.oe1
[  942s] [251/536] installing perl-Devel-PPPort-3.42-4.oe1
[  944s] [252/536] installing perl-Pod-Escapes-1:1.07-419.oe1
[  945s] [253/536] installing perl-Text-Tabs+Wrap-2013.0523-419.oe1
[  946s] [254/536] installing perl-Algorithm-Diff-1.1903-14.oe1
[  947s] [255/536] installing perl-Params-Check-1:0.38-418.oe1
[  948s] [256/536] installing perl-Term-Cap-1.17-510.oe1
[  949s] [257/536] installing perl-TermReadKey-2.38-2.oe1
[  952s] [258/536] installing perl-Text-Balanced-2.03-420.oe1
[  953s] [259/536] installing perl-threads-1:2.22-419.oe1
[  955s] [260/536] installing openssl-1:1.1.1f-2.oe1
[  957s] [261/536] installing perl-Config-Perl-V-0.30-5.oe1
[  958s] [262/536] installing perl-Error-1:0.17029-1.oe1
[  959s] [263/536] installing perl-Filter-2:1.59-2.oe1
[  961s] [264/536] installing perl-IPC-SysV-2.07-5.oe1
[  963s] [265/536] installing perl-Locale-Maketext-1:1.28-1.oe1
[  964s] [266/536] installing perl-constant-1.33-421.oe1
[  966s] [267/536] installing perl-MIME-Base64-3.15-418.oe1
[  968s] [268/536] installing perl-CPAN-Meta-YAML-0.018-420.oe1
[  969s] [269/536] installing perl-Socket-4:2.029-2.oe1
[  971s] [270/536] installing perl-Storable-1:3.15-2.oe1
[  973s] [271/536] installing python3-hawkey-0.65.0-2.oe1
[  975s] [272/536] installing perl-PerlIO-via-QuotedPrint-0.08-397.oe1
[  976s] [273/536] installing perl-Digest-1.17-419.oe1
[  977s] [274/536] installing perl-Filter-Simple-1:0.94-1.oe1
[  978s] [275/536] installing perl-IO-Socket-IP-0.39-420.oe1
[  980s] [276/536] installing perl-Text-Diff-1.45-7.oe1
[  981s] [277/536] installing perl-Time-Local-2:1.280-6.oe1
[  982s] [278/536] installing perl-version-8:0.99.24-3.oe1
[  984s] [279/536] installing perl-IPC-System-Simple-1.25-19.oe1
[  985s] [280/536] installing perl-threads-shared-1.59-2.oe1
[  987s] [281/536] installing perl-Compress-Raw-Bzip2-2.100-1.oe1
[  989s] [282/536] installing perl-Compress-Raw-Zlib-1:2.100-1.oe1
[  991s] [283/536] installing perl-Locale-Codes-3.58-2.oe1
[  993s] [284/536] installing perl-Math-BigInt-1:1.9998.13-5.oe1
[  995s] [285/536] installing perl-PathTools-3.75-4.oe1
[  996s] [286/536] installing python3-dnf-4.10.0-1.oe1
[  999s] [287/536] installing perl-Data-Dumper-2.172-3.oe1
[ 1002s] [288/536] installing perl-Sys-Syslog-0.35-420.oe1
[ 1004s] [289/536] installing perl-Encode-4:2.98-9.oe1
[ 1008s] [290/536] installing autogen-5.18.16-1.oe1
[ 1011s] [291/536] installing nodejs-1:16.10.0-1.oe1
[ 1013s] [292/536] installing systemd-243-22.oe1
[ 1028s] /var/tmp/rpm-tmp.Tn0tDg: line 8: groupadd: command not found
[ 1028s] /var/tmp/rpm-tmp.Tn0tDg: line 10: groupadd: command not found
[ 1028s] /var/tmp/rpm-tmp.Tn0tDg: line 13: groupadd: command not found
[ 1028s] /var/tmp/rpm-tmp.Tn0tDg: line 16: groupadd: command not found
[ 1028s] [293/536] installing dbus-common-1:1.12.20-3.oe1
[ 1029s] [294/536] installing nodejs-source-map-0.5.6-1.oe1
[ 1031s] [295/536] installing perl-Module-Load-1:0.32-418.oe1
[ 1032s] [296/536] installing nodejs-packaging-20-1.oe1
[ 1034s] [297/536] installing dnf-4.10.0-1.oe1
[ 1037s] Failed to preset unit, unit dnf-automatic.timer does not exist.
[ 1037s] Failed to preset unit, unit dnf-automatic-notifyonly.timer does not exist.
[ 1037s] Failed to preset unit, unit dnf-automatic-download.timer does not exist.
[ 1037s] Failed to preset unit, unit dnf-automatic-install.timer does not exist.
[ 1037s] [298/536] installing perl-File-Which-1.23-1.oe1
[ 1039s] [299/536] installing perl-Thread-Queue-3.13-3.oe1
[ 1040s] [300/536] installing perl-experimental-0.020-2.oe1
[ 1041s] [301/536] installing perl-Digest-MD5-2.55-419.oe1
[ 1043s] [302/536] installing perl-File-Path-2.16-4.oe1
[ 1045s] [303/536] installing perl-Math-BigInt-FastCalc-0.500.700-4.oe1
[ 1047s] [304/536] installing perl-Module-Metadata-1.000036-3.oe1
[ 1049s] [305/536] installing perl-CPAN-Meta-Requirements-2.140-419.oe1
[ 1050s] [306/536] installing perl-Encode-devel-4:2.98-9.oe1
[ 1052s] [307/536] installing perl-HTTP-Tiny-0.076-3.oe1
[ 1053s] [308/536] installing perl-Math-BigRat-0.2614-2.oe1
[ 1054s] [309/536] installing audit-1:3.0-2.oe1
[ 1057s] [310/536] installing perl-DB_File-1.842-2.oe1
[ 1059s] [311/536] installing perl-autodie-2.29-398.oe1
[ 1061s] [312/536] installing perl-Unicode-Collate-1.25-4.oe1
[ 1065s] [313/536] installing perl-IO-Compress-2.081-6.oe1
[ 1066s] [314/536] installing perl-podlators-1:4.14-1.oe1
[ 1067s] [315/536] installing perl-ExtUtils-Command-1:7.60-1.oe1
[ 1068s] [316/536] installing perl-ExtUtils-Manifest-1:1.71-4.oe1
[ 1070s] [317/536] installing perl-bignum-0.50-4.oe1
[ 1071s] [318/536] installing perl-File-Temp-1:0.230.800-4.oe1
[ 1073s] [319/536] installing perl-libnet-3.11-420.oe1
[ 1074s] [320/536] installing pam-1.5.1-1.oe1
[ 1078s] [321/536] installing libpwquality-1.4.4-1.oe1
[ 1081s] [322/536] installing perl-File-HomeDir-1.004-4.oe1
[ 1083s] [323/536] installing shadow-2:4.8.1-5.oe1
[ 1085s] [324/536] installing perl-Test-Simple-2:1.302175-2.oe1
[ 1087s] [325/536] installing libutempter-1.1.6-16.oe1
[ 1090s] [326/536] installing unbound-libs-1.10.1-4.oe1
[ 1093s] [327/536] installing dbus-daemon-1:1.12.20-3.oe1
[ 1097s] [328/536] installing openssh-server-8.2p1-10.oe1
[ 1100s] Created symlink /etc/systemd/system/multi-user.target.wants/sshd.service -> /usr/lib/systemd/system/sshd.service.
[ 1100s] [329/536] installing groff-1.22.4-4.oe1
[ 1107s] [330/536] installing dbus-1:1.12.20-3.oe1
[ 1108s] [331/536] installing man-db-2.9.3-2.oe1
[ 1113s] [332/536] installing perl-Pod-Perldoc-1:3.28-3.oe1
[ 1114s] [333/536] installing gnutls-3.6.15-3.oe1
[ 1118s] [334/536] installing util-linux-2.36.1-3.oe1
[ 1126s] [335/536] installing nss-help-3.54.0-9.oe1
[ 1128s] [336/536] installing perl-Pod-Usage-4:1.69-418.oe1
[ 1129s] [337/536] installing device-mapper-8:1.02.172-1.oe1
[ 1131s] [338/536] installing openssh-8.2p1-10.oe1
[ 1134s] [339/536] installing perl-Getopt-Long-1:2.52-1.oe1
[ 1135s] [340/536] installing cryptsetup-2.3.3-3.oe1
[ 1139s] [341/536] installing device-mapper-event-8:1.02.172-1.oe1
[ 1142s] Created symlink /etc/systemd/system/sockets.target.wants/dm-event.socket -> /usr/lib/systemd/system/dm-event.socket.
[ 1142s] [342/536] installing nss-3.54.0-9.oe1
[ 1150s] [343/536] installing openssh-clients-8.2p1-10.oe1
[ 1153s] [344/536] installing nss-util-3.54.0-9.oe1
[ 1156s] [345/536] installing perl-ExtUtils-ParseXS-2:3.35-1.oe1
[ 1157s] [346/536] installing perl-Module-CoreList-1:5.20180920-2.oe1
[ 1158s] [347/536] installing perl-Digest-SHA-1:6.02-7.oe1
[ 1160s] [348/536] installing perl-Pod-Parser-1.63-397.oe1
[ 1162s] [349/536] installing perl-Pod-Simple-1:3.35-418.oe1
[ 1163s] [350/536] installing perl-Test-Harness-1:3.43_02-1.oe1
[ 1165s] [351/536] installing perl-Archive-Tar-2.30-421.oe1
[ 1167s] [352/536] installing perl-JSON-PP-1:4.04-2.oe1
[ 1169s] [353/536] installing lvm2-8:2.03.11-1.oe1
[ 1175s] Created symlink /etc/systemd/system/sysinit.target.wants/lvm2-lvmpolld.socket -> /usr/lib/systemd/system/lvm2-lvmpolld.socket.
[ 1175s] [354/536] installing autoconf-2.69-30.oe1
[ 1178s] [355/536] installing git-2.23.0-12.oe1
[ 1188s] [356/536] installing nss-softokn-3.54.0-9.oe1
[ 1190s] [357/536] installing perl-Pod-Checker-4:1.73-398.oe1
[ 1192s] [358/536] installing perl-Git-2.23.0-12.oe1
[ 1193s] [359/536] installing perl-CPAN-Meta-2.150010-419.oe1
[ 1195s] [360/536] installing perl-Module-Load-Conditional-0.68-418.oe1
[ 1196s] [361/536] installing automake-1.16.1-6.oe1
[ 1199s] [362/536] installing perl-ExtUtils-MakeMaker-1:7.60-1.oe1
[ 1201s] [363/536] installing perl-ExtUtils-Install-2.14-419.oe1
[ 1202s] [364/536] installing perl-IPC-Cmd-2:1.04-4.oe1
[ 1203s] [365/536] installing java-1.8.0-openjdk-headless-1:1.8.0.181.b15-1.1.riscv64.fc29
[ 1239s] [366/536] installing rpm-build-4.15.1-25.oe1
[ 1241s] [367/536] installing ant-lib-1.10.5-2.fc29
[ 1243s] [368/536] installing aopalliance-1.0-19.oe1
[ 1244s] [369/536] installing apache-commons-cli-1.4-6.oe1
[ 1245s] [370/536] installing apache-commons-collections-3.2.2-11.oe1
[ 1247s] [371/536] installing apache-commons-compress-1.17-6.oe1
[ 1248s] [372/536] installing apache-commons-lang-2.6-23.oe1
[ 1249s] [373/536] installing apache-commons-lang3-3.9-3.oe1
[ 1251s] [374/536] installing apache-ivy-2.4.0-17.oe1
[ 1259s] [375/536] installing apache-resource-bundles-2-23.oe1
[ 1260s] [376/536] installing atinject-1-31.oe1
[ 1261s] [377/536] installing avalon-logkit-2.1-32.oe1
[ 1262s] [378/536] installing beust-jcommander-1.71-7.oe1
[ 1263s] [379/536] installing dain-snappy-0.4-7.oe1
[ 1265s] [380/536] installing extra166y-1.7.0-11.oe1
[ 1268s] [381/536] installing felix-utils-1.10.4-4.oe1
[ 1270s] [382/536] installing geronimo-annotation-1.0-25.oe1
[ 1271s] [383/536] installing glassfish-el-api-3.0.1-0.7.b09.oe1
[ 1272s] [384/536] installing guava20-20.0-8.fc29
[ 1275s] [385/536] installing hawtjni-runtime-1.16-4.oe1
[ 1276s] [386/536] installing httpcomponents-core-4.4.10-4.oe1
[ 1286s] [387/536] installing jboss-interceptors-1.2-api-1.0.0-9.oe1
[ 1288s] [388/536] installing jdom2-2.0.6-14.oe1
[ 1289s] [389/536] installing jzlib-1.1.3-11.oe1
[ 1290s] [390/536] installing maven-monitor-2.2.1-60.oe1
[ 1291s] [391/536] installing maven-resolver-api-1:1.1.1-3.oe1
[ 1293s] [392/536] installing multiverse-0.7.0-10.oe1
[ 1297s] [393/536] installing objenesis-2.6-4.oe1
[ 1300s] [394/536] installing osgi-annotation-7.0.0-1.oe1
[ 1302s] [395/536] installing osgi-compendium-7.0.0-1.oe1
[ 1303s] [396/536] installing osgi-core-7.0.0-1.oe1
[ 1305s] [397/536] installing plexus-cipher-1.7-16.oe1
[ 1307s] [398/536] installing plexus-classworlds-2.5.2-10.oe1
[ 1308s] [399/536] installing plexus-containers-component-annotations-1.7.1-7.oe1
[ 1310s] [400/536] installing plexus-interpolation-1.22-11.oe1
[ 1311s] [401/536] installing plexus-utils-3.1.0-4.oe1
[ 1312s] [402/536] installing qdox-2.0-5.M9.oe1
[ 1314s] [403/536] installing slf4j-1.7.25-8.oe1
[ 1315s] [404/536] installing sonatype-oss-parent-7-17.oe1
[ 1316s] [405/536] installing xml-commons-apis-1.4.01-29.oe1
[ 1324s] [406/536] installing xmvn-api-3.0.0-25.oe1
[ 1325s] [407/536] installing xmvn-core-3.0.0-25.oe1
[ 1326s] [408/536] installing xpp3-1.1.4-21.oe1
[ 1328s] [409/536] installing xz-java-1.8-4.oe1
[ 1330s] [410/536] installing ecj-1:4.9-1.fc29
[ 1333s] [411/536] installing netty-tcnative-1.1.33-1.oe1
[ 1335s] [412/536] installing antlr-tool-2.7.7-60.oe1
[ 1336s] [413/536] installing javapackages-tools-5.3.0-3.oe1
[ 1338s] [414/536] installing gcc_secure-1.0-0.9.oe1
[ 1340s] [415/536] installing perl-File-Fetch-0.56-4.oe1
[ 1341s] [416/536] installing perl-devel-4:5.28.0-435.oe1
[ 1350s] [417/536] installing java-1.8.0-openjdk-1:1.8.0.181.b15-1.1.riscv64.fc29
[ 1352s] [418/536] installing apache-commons-codec-1.11-4.fc29
[ 1353s] [419/536] installing apache-commons-logging-1.2-14.fc29
[ 1354s] [420/536] installing avalon-framework-4.3-22.oe1
[ 1355s] [421/536] installing jansi-native-1.7-7.oe1
[ 1357s] [422/536] installing jcsp-1.1-0.13.oe1
[ 1368s] [423/536] installing kxml-2.3.0-19.oe1
[ 1369s] [424/536] installing maven-artifact-2.2.1-60.oe1
[ 1370s] [425/536] installing maven-model-2.2.1-60.oe1
[ 1371s] [426/536] installing maven-resolver-spi-1:1.1.1-3.oe1
[ 1373s] [427/536] installing maven-resolver-util-1:1.1.1-3.oe1
[ 1374s] [428/536] installing maven-wagon-provider-api-3.1.0-2.oe1
[ 1375s] [429/536] installing plexus-build-api-0.0.7-23.oe1
[ 1376s] [430/536] installing plexus-component-api-1.0-0.25.alpha16.oe1
[ 1377s] [431/536] installing xstream-1.4.9-8.fc29
[ 1379s] [432/536] installing log4j12-1.2.17-23.fc29
[ 1380s] [433/536] installing maven-invoker-2.2-9.oe1
[ 1383s] [434/536] installing netty3-3.10.6-5.fc29
[ 1386s] [435/536] installing objectweb-asm-7.0-1.oe1
[ 1387s] [436/536] installing plexus-sec-dispatcher-1.4-26.oe1
[ 1389s] [437/536] installing velocity-1.7-26.oe1
[ 1391s] [438/536] installing xml-commons-resolver-1.2-27.oe1
[ 1392s] [439/536] installing xmvn-connector-aether-3.0.0-25.oe1
[ 1393s] [440/536] installing cdi-api-1.2-9.oe1
[ 1394s] [441/536] installing felix-bundlerepository-2.0.10-6.oe1
[ 1396s] [442/536] installing google-guice-4.1-13.oe1
[ 1397s] [443/536] installing aqute-bndlib-3.5.0-4.fc29
[ 1399s] [444/536] installing xmvn-resolve-3.0.0-25.oe1
[ 1400s] [445/536] installing xmvn-subst-3.0.0-25.oe1
[ 1401s] [446/536] installing java-1.8.0-openjdk-devel-1:1.8.0.181.b15-1.1.riscv64.fc29
[ 1416s] [447/536] installing bsf-2.4.0-32.oe1
[ 1418s] [448/536] installing cglib-3.2.4-8.fc29
[ 1419s] [449/536] installing fontbox-2.0.9-2.fc29
[ 1421s] [450/536] installing apache-commons-configuration-1.10-13.oe1
[ 1422s] [451/536] installing jakarta-commons-httpclient-1:3.1-30.oe1
[ 1431s] [452/536] installing jansi-1.17.1-2.oe1
[ 1432s] [453/536] installing maven-dependency-tree-3.0-7.oe1
[ 1433s] [454/536] installing plexus-interactivity-api-1.0-0.27.alpha6.fc29
[ 1434s] [455/536] installing plexus-languages-0.9.10-4.oe1
[ 1436s] [456/536] installing maven-resolver-impl-1:1.1.1-3.oe1
[ 1438s] [457/536] installing xmvn-mojo-3.0.0-25.oe1
[ 1439s] [458/536] installing httpcomponents-client-4.5.5-6.oe1
[ 1441s] [459/536] installing sisu-inject-1:0.3.3-5.oe1
[ 1447s] [460/536] installing xerces-j2-2.11.0-37.oe1
[ 1450s] [461/536] installing xmvn-install-3.0.0-25.oe1
[ 1451s] [462/536] installing jline-2.14.6-4.oe1
[ 1454s] [463/536] installing easymock-3.5-4.fc29
[ 1455s] [464/536] installing xalan-j2-2.7.1-38.fc29
[ 1458s] [465/536] installing javapackages-local-5.3.0-3.oe1
[ 1461s] [466/536] installing groovy-lib-2.4.8-7.fc29
[ 1472s] [467/536] installing hamcrest-1.3-25.oe1
[ 1474s] [468/536] installing bsh-2.0-15.b6.oe1
[ 1476s] [469/536] installing gpars-1.2.1-12.fc29
[ 1477s] [470/536] installing scala-2.10.6-14.fc29
[ 1494s] [471/536] installing xbean-4.9-3.oe1
[ 1500s] [472/536] installing junit-1:4.12-14.oe1
[ 1501s] [473/536] installing parboiled-1.1.6-17.oe1
[ 1503s] [474/536] installing plexus-containers-container-default-1.7.1-7.oe1
[ 1504s] [475/536] installing apache-commons-io-1:2.6-7.oe1
[ 1506s] [476/536] installing maven-doxia-logging-api-1.7-12.oe1
[ 1507s] [477/536] installing pegdown-1.4.2-14.oe1
[ 1509s] [478/536] installing maven-plugin-registry-2.2.1-60.oe1
[ 1511s] [479/536] installing plexus-i18n-1.0-0.12.b10.6.oe1
[ 1513s] [480/536] installing plexus-resources-1.0-0.25.a7.oe1
[ 1514s] [481/536] installing plexus-cli-1.6-9.oe1
[ 1515s] [482/536] installing plexus-velocity-1.2-6.oe1
[ 1516s] [483/536] installing xmlunit-1.6-10.oe1
[ 1519s] [484/536] installing maven-profile-2.2.1-60.oe1
[ 1520s] [485/536] installing maven-settings-2.2.1-60.oe1
[ 1521s] [486/536] installing maven-doxia-sink-api-1.7-12.oe1
[ 1523s] [487/536] installing maven-shared-utils-3.2.1-2.oe1
[ 1524s] [488/536] installing plexus-io-3.0.0-4.oe1
[ 1525s] [489/536] installing xmlgraphics-commons-2.2-3.oe1
[ 1536s] [490/536] installing maven-reporting-api-3.0-17.oe1
[ 1538s] [491/536] installing maven-verifier-1.6-8.oe1
[ 1540s] [492/536] installing batik-1.10-2.fc29
[ 1546s] [493/536] installing plexus-archiver-3.6.0-3.oe1
[ 1550s] [494/536] installing maven-doxia-core-1.7-12.oe1
[ 1552s] [495/536] installing maven-lib-1:3.5.4-8.oe1
[ 1555s] [496/536] installing maven-artifact-resolver-1:1.0-21.oe1
[ 1557s] [497/536] installing batik-css-1.10-2.fc29
[ 1558s] [498/536] installing maven-common-artifact-filters-3.0.1-7.oe1
[ 1560s] [499/536] installing maven-enforcer-api-1.4.1-11.oe1
[ 1561s] [500/536] installing maven-plugin-testing-harness-3.3.0-14.oe1
[ 1562s] [501/536] installing maven-shared-incremental-1.1-16.oe1
[ 1564s] [502/536] installing maven-doxia-module-apt-1.7-12.oe1
[ 1565s] [503/536] installing maven-doxia-module-fml-1.7-12.oe1
[ 1566s] [504/536] installing maven-doxia-module-xdoc-1.7-12.oe1
[ 1567s] [505/536] installing maven-doxia-module-xhtml-1.7-12.oe1
[ 1568s] [506/536] installing maven-artifact-manager-2.2.1-60.oe1
[ 1570s] [507/536] installing maven-filtering-3.1.1-7.oe1
[ 1572s] [508/536] installing maven-archiver-3.2.0-5.oe1
[ 1573s] [509/536] installing fop-2.2-2.fc29
[ 1578s] [510/536] installing xmvn-minimal-3.0.0-25.oe1
[ 1580s] [511/536] installing maven-jar-plugin-3.1.0-3.oe1
[ 1582s] [512/536] installing maven-resources-plugin-3.1.0-4.oe1
[ 1583s] [513/536] installing maven-doxia-module-markdown-1.7-12.oe1
[ 1584s] [514/536] installing maven-artifact-transfer-1:0.9.0-7.oe1
[ 1586s] [515/536] installing maven-doxia-module-fo-1.7-12.oe1
[ 1587s] [516/536] installing maven-project-2.2.1-60.oe1
[ 1588s] [517/536] installing maven-enforcer-rules-1.4.1-11.oe1
[ 1589s] [518/536] installing plexus-containers-component-metadata-1.7.1-7.oe1
[ 1591s] [519/536] installing maven-remote-resources-plugin-1.5-4.oe1
[ 1592s] [520/536] installing maven-doxia-sitetools-1.7.5-5.oe1
[ 1595s] [521/536] installing maven-enforcer-plugin-1.4.1-11.oe1
[ 1596s] [522/536] installing maven-reporting-impl-3.0.0-5.oe1
[ 1598s] [523/536] installing maven-javadoc-plugin-3.0.1-3.oe1
[ 1599s] [524/536] installing plexus-pom-5.0-4.oe1
[ 1601s] [525/536] installing apache-parent-19-5.oe1
[ 1602s] [526/536] installing maven-plugin-bundle-3.5.0-5.oe1
[ 1604s] [527/536] installing maven-parent-27-7.oe1
[ 1605s] [528/536] installing plexus-components-pom-1.3.1-14.oe1
[ 1607s] [529/536] installing plexus-compiler-2.8.2-4.oe1
[ 1609s] [530/536] installing maven-plugin-tools-3.5.1-7.oe1
[ 1614s] [531/536] installing maven-compiler-plugin-3.8.0-2.oe1
[ 1616s] [532/536] installing maven-surefire-2.22.0-6.oe1
[ 1618s] [533/536] installing maven-surefire-plugin-2.22.0-6.oe1
[ 1619s] [534/536] installing maven-surefire-provider-junit-2.22.0-6.oe1
[ 1620s] [535/536] installing maven-surefire-provider-testng-2.22.0-6.oe1
[ 1621s] [536/536] installing maven-local-5.3.0-3.oe1
[ 1622s] removing nis flags from /var/cache/obs/worker/root_1/etc/nsswitch.conf...
[ 1623s] now finalizing build dir...
[ 1634s] Running build time source services...
[ 1650s] -----------------------------------------------------------------
[ 1650s] ----- building google-gson.spec (user abuild)
[ 1650s] -----------------------------------------------------------------
[ 1650s] -----------------------------------------------------------------
[ 1656s] + exec rpmbuild -ba --define '_srcdefattr (-,root,root)' --nosignature --define 'disturl obs://private/openEuler:Mainline:RISC-V/advanced_riscv64/e340b949b089ffbedd3466ad9005e3a2-google-gson' /home/abuild/rpmbuild/SOURCES/google-gson.spec
[ 1657s] warning: line 12: It's not recommended to have unversioned Obsoletes: Obsoletes:      google-gson-javadoc
[ 1657s] Executing(%prep): /bin/sh -e /var/tmp/rpm-tmp.L3scYJ
[ 1657s] + umask 022
[ 1657s] + cd /home/abuild/rpmbuild/BUILD
[ 1657s] + cd /home/abuild/rpmbuild/BUILD
[ 1657s] + rm -rf gson-gson-parent-2.8.2
[ 1657s] + /usr/bin/gzip -dc /home/abuild/rpmbuild/SOURCES/gson-parent-2.8.2.tar.gz
[ 1657s] + /usr/bin/tar -xof -
[ 1658s] + STATUS=0
[ 1658s] + '[' 0 -ne 0 ']'
[ 1658s] + cd gson-gson-parent-2.8.2
[ 1658s] + /usr/bin/chmod -Rf a+rX,u+w,g-w,o-w .
[ 1658s] + /usr/bin/python3 /usr/share/java-utils/pom_editor.py pom_remove_plugin :bnd-maven-plugin gson
[ 1661s] + /usr/bin/python3 /usr/share/java-utils/pom_editor.py pom_xpath_inject 'pom:plugin[pom:artifactId='\''maven-bundle-plugin'\'']' '<configuration>
[ 1661s]     <instructions>
[ 1661s]       <_include>
[ 1661s]         bnd.bnd
[ 1661s]       </_include>
[ 1661s]     </instructions>
[ 1661s]   </configuration>
[ 1661s]   <executions>
[ 1661s]     <execution>
[ 1661s]       <id>
[ 1661s]         create-manifest
[ 1661s]       </id>
[ 1661s]       <phase>
[ 1661s]         process-classes
[ 1661s]       </phase>
[ 1661s]       <goals>
[ 1661s]         <goal>
[ 1661s]           manifest
[ 1661s]         </goal>
[ 1661s]       </goals>
[ 1661s]     </execution>
[ 1661s]   </executions>' gson
[ 1662s] + RPM_EC=0
[ 1662s] ++ jobs -p
[ 1662s] + exit 0
[ 1663s] Executing(%build): /bin/sh -e /var/tmp/rpm-tmp.VI6u9g
[ 1663s] + umask 022
[ 1663s] + cd /home/abuild/rpmbuild/BUILD
[ 1663s] + cd gson-gson-parent-2.8.2
[ 1663s] + /usr/bin/python3 /usr/share/java-utils/mvn_build.py
[ 1665s] Executing: xmvn --batch-mode --offline verify org.fedoraproject.xmvn:xmvn-mojo:install org.apache.maven.plugins:maven-javadoc-plugin:aggregate org.fedoraproject.xmvn:xmvn-mojo:builddep
[ 1665s] ['xmvn', '--batch-mode', '--offline', 'verify', 'org.fedoraproject.xmvn:xmvn-mojo:install', 'org.apache.maven.plugins:maven-javadoc-plugin:aggregate', 'org.fedoraproject.xmvn:xmvn-mojo:builddep']
[ 1729s] [INFO] Scanning for projects...
[ 1744s] [WARNING] 
[ 1744s] [WARNING] Some problems were encountered while building the effective model for com.google.code.gson:gson:jar:2.8.2
[ 1744s] [WARNING] 'build.plugins.plugin.version' for org.apache.maven.plugins:maven-jar-plugin is missing. @ com.google.code.gson:gson:[unknown-version], /home/abuild/rpmbuild/BUILD/gson-gson-parent-2.8.2/gson/pom.xml, line 34, column 15
[ 1744s] [WARNING] 
[ 1744s] [WARNING] It is highly recommended to fix these problems because they threaten the stability of your build.
[ 1744s] [WARNING] 
[ 1744s] [WARNING] For this reason, future Maven versions might no longer support building such malformed projects.
[ 1744s] [WARNING] 
[ 1745s] [INFO] ------------------------------------------------------------------------
[ 1745s] [INFO] Reactor Build Order:
[ 1745s] [INFO] 
[ 1745s] [INFO] Gson Parent                                                        [pom]
[ 1745s] [INFO] Gson                                                               [jar]
[ 1766s] [INFO] 
[ 1766s] [INFO] ------------------< com.google.code.gson:gson-parent >------------------
[ 1766s] [INFO] Building Gson Parent 2.8.2                                         [1/2]
[ 1766s] [INFO] --------------------------------[ pom ]---------------------------------
[ 1766s] [INFO] 
[ 1766s] [INFO] ---------------------< com.google.code.gson:gson >----------------------
[ 1766s] [INFO] Building Gson 2.8.2                                                [2/2]
[ 1766s] [INFO] --------------------------------[ jar ]---------------------------------
[ 1776s] [INFO] 
[ 1776s] [INFO] --- maven-resources-plugin:3.1.0:resources (default-resources) @ gson ---
[ 1791s] [INFO] Using 'UTF-8' encoding to copy filtered resources.
[ 1791s] [INFO] skip non existing resourceDirectory /home/abuild/rpmbuild/BUILD/gson-gson-parent-2.8.2/gson/src/main/resources
[ 1792s] [INFO] 
[ 1792s] [INFO] --- maven-compiler-plugin:3.8.0:compile (default-compile) @ gson ---
[ 1802s] [INFO] Changes detected - recompiling the module!
[ 1802s] [INFO] Compiling 67 source files to /home/abuild/rpmbuild/BUILD/gson-gson-parent-2.8.2/gson/target/classes
[ 1969s] [INFO] 
[ 1969s] [INFO] --- maven-bundle-plugin:3.5.0:manifest (create-manifest) @ gson ---
[ 2059s] [WARNING] Manifest com.google.code.gson:gson:jar:2.8.2 : Export com.google.gson,  has 1,  private references [com.google.gson.internal], 
[ 2060s] [WARNING] Manifest com.google.code.gson:gson:jar:2.8.2 : No translation found for macro: project.parent.url
[ 2060s] [INFO] 
[ 2060s] [INFO] --- maven-resources-plugin:3.1.0:testResources (default-testResources) @ gson ---
[ 2060s] [INFO] Using 'UTF-8' encoding to copy filtered resources.
[ 2060s] [INFO] skip non existing resourceDirectory /home/abuild/rpmbuild/BUILD/gson-gson-parent-2.8.2/gson/src/test/resources
[ 2060s] [INFO] 
[ 2060s] [INFO] --- maven-compiler-plugin:3.8.0:testCompile (default-testCompile) @ gson ---
[ 2062s] [INFO] Changes detected - recompiling the module!
[ 2062s] [INFO] Compiling 97 source files to /home/abuild/rpmbuild/BUILD/gson-gson-parent-2.8.2/gson/target/test-classes
[ 2434s] [INFO] /home/abuild/rpmbuild/BUILD/gson-gson-parent-2.8.2/gson/src/test/java/com/google/gson/common/MoreAsserts.java: Some input files use or override a deprecated API.
[ 2434s] [INFO] /home/abuild/rpmbuild/BUILD/gson-gson-parent-2.8.2/gson/src/test/java/com/google/gson/common/MoreAsserts.java: Recompile with -Xlint:deprecation for details.
[ 2434s] [INFO] 
[ 2434s] [INFO] --- maven-surefire-plugin:2.22.0:test (default-test) @ gson ---
[ 2459s] [INFO] 
[ 2459s] [INFO] -------------------------------------------------------
[ 2459s] [INFO]  T E S T S
[ 2459s] [INFO] -------------------------------------------------------
[ 2468s] [INFO] Running com.google.gson.functional.NamingPolicyTest
[ 2472s] [INFO] Tests run: 14, Failures: 0, Errors: 0, Skipped: 0, Time elapsed: 2.569 s - in com.google.gson.functional.NamingPolicyTest
[ 2472s] [INFO] Running com.google.gson.functional.LeniencyTest
[ 2473s] [INFO] Tests run: 1, Failures: 0, Errors: 0, Skipped: 0, Time elapsed: 0.056 s - in com.google.gson.functional.LeniencyTest
[ 2473s] [INFO] Running com.google.gson.functional.CircularReferenceTest
[ 2474s] [INFO] Tests run: 6, Failures: 0, Errors: 0, Skipped: 0, Time elapsed: 0.135 s - in com.google.gson.functional.CircularReferenceTest
[ 2474s] [INFO] Running com.google.gson.functional.InternationalizationTest
[ 2476s] [INFO] Tests run: 4, Failures: 0, Errors: 0, Skipped: 0, Time elapsed: 0.139 s - in com.google.gson.functional.InternationalizationTest
[ 2476s] [INFO] Running com.google.gson.functional.StringTest
[ 2477s] [INFO] Tests run: 18, Failures: 0, Errors: 0, Skipped: 0, Time elapsed: 0.29 s - in com.google.gson.functional.StringTest
[ 2478s] [INFO] Running com.google.gson.functional.ExposeFieldsTest
[ 2479s] [INFO] Tests run: 8, Failures: 0, Errors: 0, Skipped: 0, Time elapsed: 0.218 s - in com.google.gson.functional.ExposeFieldsTest
[ 2479s] [INFO] Running com.google.gson.functional.ReadersWritersTest
[ 2481s] [INFO] Tests run: 10, Failures: 0, Errors: 0, Skipped: 0, Time elapsed: 0.366 s - in com.google.gson.functional.ReadersWritersTest
[ 2481s] [INFO] Running com.google.gson.functional.MapAsArrayTypeAdapterTest
[ 2483s] [INFO] Tests run: 5, Failures: 0, Errors: 0, Skipped: 0, Time elapsed: 0.204 s - in com.google.gson.functional.MapAsArrayTypeAdapterTest
[ 2483s] [INFO] Running com.google.gson.functional.NullObjectAndFieldTest
[ 2485s] [INFO] Tests run: 16, Failures: 0, Errors: 0, Skipped: 0, Time elapsed: 0.32 s - in com.google.gson.functional.NullObjectAndFieldTest
[ 2485s] [INFO] Running com.google.gson.functional.StreamingTypeAdaptersTest
[ 2487s] [INFO] Tests run: 17, Failures: 0, Errors: 0, Skipped: 0, Time elapsed: 0.435 s - in com.google.gson.functional.StreamingTypeAdaptersTest
[ 2487s] [INFO] Running com.google.gson.functional.ConcurrencyTest
[ 2489s] [INFO] Tests run: 4, Failures: 0, Errors: 0, Skipped: 0, Time elapsed: 0.149 s - in com.google.gson.functional.ConcurrencyTest
[ 2489s] [INFO] Running com.google.gson.functional.TypeAdapterPrecedenceTest
[ 2490s] [INFO] Tests run: 8, Failures: 0, Errors: 0, Skipped: 0, Time elapsed: 0.193 s - in com.google.gson.functional.TypeAdapterPrecedenceTest
[ 2491s] [INFO] Running com.google.gson.functional.JavaUtilTest
[ 2492s] [INFO] Tests run: 2, Failures: 0, Errors: 0, Skipped: 0, Time elapsed: 0.059 s - in com.google.gson.functional.JavaUtilTest
[ 2492s] [INFO] Running com.google.gson.functional.EnumTest
[ 2493s] [INFO] Tests run: 11, Failures: 0, Errors: 0, Skipped: 0, Time elapsed: 0.365 s - in com.google.gson.functional.EnumTest
[ 2494s] [INFO] Running com.google.gson.functional.JsonAdapterSerializerDeserializerTest
[ 2495s] [INFO] Tests run: 3, Failures: 0, Errors: 0, Skipped: 0, Time elapsed: 0.111 s - in com.google.gson.functional.JsonAdapterSerializerDeserializerTest
[ 2495s] [INFO] Running com.google.gson.functional.JsonAdapterAnnotationOnFieldsTest
[ 2496s] [INFO] Tests run: 10, Failures: 0, Errors: 0, Skipped: 0, Time elapsed: 0.238 s - in com.google.gson.functional.JsonAdapterAnnotationOnFieldsTest
[ 2496s] [INFO] Running com.google.gson.functional.RawSerializationTest
[ 2498s] [INFO] Tests run: 5, Failures: 0, Errors: 0, Skipped: 0, Time elapsed: 0.21 s - in com.google.gson.functional.RawSerializationTest
[ 2498s] [INFO] Running com.google.gson.functional.CustomDeserializerTest
[ 2499s] [INFO] Tests run: 7, Failures: 0, Errors: 0, Skipped: 0, Time elapsed: 0.154 s - in com.google.gson.functional.CustomDeserializerTest
[ 2499s] [INFO] Running com.google.gson.functional.DefaultTypeAdaptersTest
[ 2503s] [INFO] Tests run: 65, Failures: 0, Errors: 0, Skipped: 0, Time elapsed: 1.599 s - in com.google.gson.functional.DefaultTypeAdaptersTest
[ 2503s] [INFO] Running com.google.gson.functional.ParameterizedTypesTest
[ 2506s] [INFO] Tests run: 17, Failures: 0, Errors: 0, Skipped: 0, Time elapsed: 0.51 s - in com.google.gson.functional.ParameterizedTypesTest
[ 2506s] [INFO] Running com.google.gson.functional.DelegateTypeAdapterTest
[ 2507s] [INFO] Tests run: 2, Failures: 0, Errors: 0, Skipped: 0, Time elapsed: 0.134 s - in com.google.gson.functional.DelegateTypeAdapterTest
[ 2507s] [INFO] Running com.google.gson.functional.InstanceCreatorTest
[ 2509s] [INFO] Tests run: 5, Failures: 0, Errors: 0, Skipped: 0, Time elapsed: 0.2 s - in com.google.gson.functional.InstanceCreatorTest
[ 2509s] [INFO] Running com.google.gson.functional.TreeTypeAdaptersTest
[ 2510s] [INFO] Tests run: 2, Failures: 0, Errors: 0, Skipped: 0, Time elapsed: 0.112 s - in com.google.gson.functional.TreeTypeAdaptersTest
[ 2510s] [INFO] Running com.google.gson.functional.JsonTreeTest
[ 2512s] [INFO] Tests run: 4, Failures: 0, Errors: 0, Skipped: 0, Time elapsed: 0.087 s - in com.google.gson.functional.JsonTreeTest
[ 2512s] [INFO] Running com.google.gson.functional.CustomTypeAdaptersTest
[ 2514s] [INFO] Tests run: 19, Failures: 0, Errors: 0, Skipped: 0, Time elapsed: 0.428 s - in com.google.gson.functional.CustomTypeAdaptersTest
[ 2514s] [INFO] Running com.google.gson.functional.RuntimeTypeAdapterFactoryFunctionalTest
[ 2515s] [INFO] Tests run: 1, Failures: 0, Errors: 0, Skipped: 0, Time elapsed: 0.068 s - in com.google.gson.functional.RuntimeTypeAdapterFactoryFunctionalTest
[ 2515s] [INFO] Running com.google.gson.functional.ArrayTest
[ 2517s] [INFO] Tests run: 26, Failures: 0, Errors: 0, Skipped: 0, Time elapsed: 0.534 s - in com.google.gson.functional.ArrayTest
[ 2517s] [INFO] Running com.google.gson.functional.JsonArrayTest
[ 2519s] [INFO] Tests run: 8, Failures: 0, Errors: 0, Skipped: 0, Time elapsed: 0.149 s - in com.google.gson.functional.JsonArrayTest
[ 2519s] [INFO] Running com.google.gson.functional.JsonParserTest
[ 2520s] [INFO] Tests run: 8, Failures: 0, Errors: 0, Skipped: 0, Time elapsed: 0.153 s - in com.google.gson.functional.JsonParserTest
[ 2520s] [INFO] Running com.google.gson.functional.ThrowableFunctionalTest
[ 2521s] [INFO] Tests run: 5, Failures: 0, Errors: 0, Skipped: 0, Time elapsed: 0.162 s - in com.google.gson.functional.ThrowableFunctionalTest
[ 2521s] [INFO] Running com.google.gson.functional.UncategorizedTest
[ 2523s] [INFO] Tests run: 6, Failures: 0, Errors: 0, Skipped: 0, Time elapsed: 0.131 s - in com.google.gson.functional.UncategorizedTest
[ 2523s] [INFO] Running com.google.gson.functional.SerializedNameTest
[ 2524s] [INFO] Tests run: 3, Failures: 0, Errors: 0, Skipped: 0, Time elapsed: 0.082 s - in com.google.gson.functional.SerializedNameTest
[ 2524s] [INFO] Running com.google.gson.functional.TypeHierarchyAdapterTest
[ 2525s] [INFO] Tests run: 3, Failures: 0, Errors: 0, Skipped: 0, Time elapsed: 0.122 s - in com.google.gson.functional.TypeHierarchyAdapterTest
[ 2525s] [INFO] Running com.google.gson.functional.MoreSpecificTypeSerializationTest
[ 2527s] [INFO] Tests run: 6, Failures: 0, Errors: 0, Skipped: 0, Time elapsed: 0.153 s - in com.google.gson.functional.MoreSpecificTypeSerializationTest
[ 2527s] [INFO] Running com.google.gson.functional.VersioningTest
[ 2529s] [INFO] Tests run: 10, Failures: 0, Errors: 0, Skipped: 0, Time elapsed: 0.349 s - in com.google.gson.functional.VersioningTest
[ 2529s] [INFO] Running com.google.gson.functional.CustomSerializerTest
[ 2530s] [INFO] Tests run: 5, Failures: 0, Errors: 0, Skipped: 0, Time elapsed: 0.124 s - in com.google.gson.functional.CustomSerializerTest
[ 2530s] [INFO] Running com.google.gson.functional.MapTest
[ 2533s] [INFO] Tests run: 48, Failures: 0, Errors: 0, Skipped: 0, Time elapsed: 0.853 s - in com.google.gson.functional.MapTest
[ 2533s] [INFO] Running com.google.gson.functional.CollectionTest
[ 2535s] [INFO] Tests run: 28, Failures: 0, Errors: 0, Skipped: 0, Time elapsed: 0.435 s - in com.google.gson.functional.CollectionTest
[ 2535s] [INFO] Running com.google.gson.functional.PrettyPrintingTest
[ 2538s] [INFO] Tests run: 8, Failures: 0, Errors: 0, Skipped: 0, Time elapsed: 0.277 s - in com.google.gson.functional.PrettyPrintingTest
[ 2538s] [INFO] Running com.google.gson.functional.FieldNamingTest
[ 2539s] [INFO] Tests run: 5, Failures: 0, Errors: 0, Skipped: 0, Time elapsed: 0.174 s - in com.google.gson.functional.FieldNamingTest
[ 2539s] [INFO] Running com.google.gson.functional.InterfaceTest
[ 2540s] [INFO] Tests run: 2, Failures: 0, Errors: 0, Skipped: 0, Time elapsed: 0.066 s - in com.google.gson.functional.InterfaceTest
[ 2540s] [INFO] Running com.google.gson.functional.FieldExclusionTest
[ 2541s] [INFO] Tests run: 3, Failures: 0, Errors: 0, Skipped: 0, Time elapsed: 0.084 s - in com.google.gson.functional.FieldExclusionTest
[ 2541s] [INFO] Running com.google.gson.functional.PrimitiveTest
[ 2548s] [INFO] Tests run: 99, Failures: 0, Errors: 0, Skipped: 0, Time elapsed: 1.741 s - in com.google.gson.functional.PrimitiveTest
[ 2548s] [INFO] Running com.google.gson.functional.SecurityTest
[ 2549s] [INFO] Tests run: 5, Failures: 0, Errors: 0, Skipped: 0, Time elapsed: 0.153 s - in com.google.gson.functional.SecurityTest
[ 2549s] [INFO] Running com.google.gson.functional.ObjectTest
[ 2552s] [INFO] Tests run: 44, Failures: 0, Errors: 0, Skipped: 0, Time elapsed: 0.904 s - in com.google.gson.functional.ObjectTest
[ 2552s] [INFO] Running com.google.gson.functional.TypeVariableTest
[ 2553s] [INFO] Tests run: 3, Failures: 0, Errors: 0, Skipped: 0, Time elapsed: 0.09 s - in com.google.gson.functional.TypeVariableTest
[ 2553s] [INFO] Running com.google.gson.functional.PrintFormattingTest
[ 2554s] [INFO] Tests run: 3, Failures: 0, Errors: 0, Skipped: 0, Time elapsed: 0.117 s - in com.google.gson.functional.PrintFormattingTest
[ 2554s] [INFO] Running com.google.gson.functional.EscapingTest
[ 2556s] [INFO] Tests run: 5, Failures: 0, Errors: 0, Skipped: 0, Time elapsed: 0.127 s - in com.google.gson.functional.EscapingTest
[ 2556s] [INFO] Running com.google.gson.functional.PrimitiveCharacterTest
[ 2557s] [INFO] Tests run: 2, Failures: 0, Errors: 0, Skipped: 0, Time elapsed: 0.073 s - in com.google.gson.functional.PrimitiveCharacterTest
[ 2557s] [INFO] Running com.google.gson.functional.ExclusionStrategyFunctionalTest
[ 2558s] [INFO] Tests run: 9, Failures: 0, Errors: 0, Skipped: 0, Time elapsed: 0.203 s - in com.google.gson.functional.ExclusionStrategyFunctionalTest
[ 2558s] [INFO] Running com.google.gson.functional.JsonAdapterAnnotationOnClassesTest
[ 2559s] [INFO] Tests run: 9, Failures: 0, Errors: 0, Skipped: 0, Time elapsed: 0.256 s - in com.google.gson.functional.JsonAdapterAnnotationOnClassesTest
[ 2559s] [INFO] Running com.google.gson.functional.InheritanceTest
[ 2561s] [INFO] Tests run: 13, Failures: 0, Errors: 0, Skipped: 0, Time elapsed: 0.299 s - in com.google.gson.functional.InheritanceTest
[ 2561s] [INFO] Running com.google.gson.functional.JavaUtilConcurrentAtomicTest
[ 2562s] [INFO] Tests run: 7, Failures: 0, Errors: 0, Skipped: 0, Time elapsed: 0.208 s - in com.google.gson.functional.JavaUtilConcurrentAtomicTest
[ 2562s] [INFO] Running com.google.gson.JsonNullTest
[ 2563s] [INFO] Tests run: 2, Failures: 0, Errors: 0, Skipped: 0, Time elapsed: 0.05 s - in com.google.gson.JsonNullTest
[ 2563s] [INFO] Running com.google.gson.internal.bind.RecursiveTypesResolveTest
[ 2564s] [INFO] Tests run: 9, Failures: 0, Errors: 0, Skipped: 0, Time elapsed: 0.187 s - in com.google.gson.internal.bind.RecursiveTypesResolveTest
[ 2564s] [INFO] Running com.google.gson.internal.bind.JsonTreeReaderTest
[ 2565s] [INFO] Tests run: 2, Failures: 0, Errors: 0, Skipped: 0, Time elapsed: 0.068 s - in com.google.gson.internal.bind.JsonTreeReaderTest
[ 2565s] [INFO] Running com.google.gson.internal.bind.JsonElementReaderTest
[ 2567s] [INFO] Tests run: 17, Failures: 0, Errors: 0, Skipped: 0, Time elapsed: 0.286 s - in com.google.gson.internal.bind.JsonElementReaderTest
[ 2567s] [INFO] Running com.google.gson.internal.bind.JsonTreeWriterTest
[ 2568s] [INFO] Tests run: 12, Failures: 0, Errors: 0, Skipped: 0, Time elapsed: 0.228 s - in com.google.gson.internal.bind.JsonTreeWriterTest
[ 2568s] [INFO] Running com.google.gson.internal.GsonTypesTest
[ 2570s] [INFO] Tests run: 2, Failures: 0, Errors: 0, Skipped: 0, Time elapsed: 0.091 s - in com.google.gson.internal.GsonTypesTest
[ 2570s] [INFO] Running com.google.gson.internal.LinkedTreeMapTest
[ 2571s] [INFO] Tests run: 11, Failures: 0, Errors: 0, Skipped: 0, Time elapsed: 0.183 s - in com.google.gson.internal.LinkedTreeMapTest
[ 2571s] [INFO] Running com.google.gson.internal.LazilyParsedNumberTest
[ 2573s] [INFO] Tests run: 2, Failures: 0, Errors: 0, Skipped: 0, Time elapsed: 0.063 s - in com.google.gson.internal.LazilyParsedNumberTest
[ 2573s] [INFO] Running com.google.gson.internal.LinkedHashTreeMapTest
[ 2574s] [INFO] Tests run: 15, Failures: 0, Errors: 0, Skipped: 0, Time elapsed: 0.307 s - in com.google.gson.internal.LinkedHashTreeMapTest
[ 2575s] [INFO] Running com.google.gson.internal.UnsafeAllocatorInstantiationTest
[ 2576s] [INFO] Tests run: 3, Failures: 0, Errors: 0, Skipped: 0, Time elapsed: 0.112 s - in com.google.gson.internal.UnsafeAllocatorInstantiationTest
[ 2576s] [INFO] Running com.google.gson.VersionExclusionStrategyTest
[ 2577s] [INFO] Tests run: 3, Failures: 0, Errors: 0, Skipped: 0, Time elapsed: 0.125 s - in com.google.gson.VersionExclusionStrategyTest
[ 2577s] [INFO] Running com.google.gson.stream.JsonReaderTest
[ 2581s] [INFO] 
[ 2581s] [INFO] Results:
[ 2581s] [INFO] 
[ 2581s] [INFO] Tests run: 715, Failures: 0, Errors: 0, Skipped: 0
[ 2581s] [INFO] 
[ 2581s] [INFO] 
[ 2581s] [INFO] ------------------------------------------------------------------------
[ 2581s] [INFO] Skipping Gson Parent
[ 2581s] [INFO] This project has been banned from the build due to previous failures.
[ 2581s] [INFO] ------------------------------------------------------------------------
[ 2582s] [INFO] ------------------------------------------------------------------------
[ 2582s] [INFO] Reactor Summary:
[ 2582s] [INFO] 
[ 2582s] [INFO] Gson Parent 2.8.2 .................................. SUCCESS [  0.169 s]
[ 2582s] [INFO] Gson 2.8.2 ......................................... FAILURE [13:35 min]
[ 2582s] [INFO] ------------------------------------------------------------------------
[ 2582s] [INFO] BUILD FAILURE
[ 2582s] [INFO] ------------------------------------------------------------------------
[ 2582s] [INFO] Total time: 14:15 min
[ 2582s] [INFO] Finished at: 2022-03-27T23:29:25Z
[ 2582s] [INFO] ------------------------------------------------------------------------
[ 2582s] [INFO] Tests run: 120, Failures: 0, Errors: 0, Skipped: 0, Time elapsed: 1.922 s - in com.google.gson.stream.JsonReaderTest
[ 2583s] [ERROR] Failed to execute goal org.apache.maven.plugins:maven-surefire-plugin:2.22.0:test (default-test) on project gson: There are test failures.
[ 2583s] [ERROR] 
[ 2583s] [ERROR] Please refer to /home/abuild/rpmbuild/BUILD/gson-gson-parent-2.8.2/gson/target/surefire-reports for the individual test results.
[ 2583s] [ERROR] Please refer to dump files (if any exist) [date]-jvmRun[N].dump, [date].dumpstream and [date]-jvmRun[N].dumpstream.
[ 2583s] [ERROR] The forked VM terminated without properly saying goodbye. VM crash or System.exit called?
[ 2583s] [ERROR] Command was /bin/sh -c cd /home/abuild/rpmbuild/BUILD/gson-gson-parent-2.8.2/gson && /usr/lib/jvm/java-1.8.0-openjdk-1.8.0.181.b15-1.1.riscv64.fc29.riscv64/jre/bin/java -jar /home/abuild/rpmbuild/BUILD/gson-gson-parent-2.8.2/gson/target/surefire/surefirebooter1569902399628377499.jar /home/abuild/rpmbuild/BUILD/gson-gson-parent-2.8.2/gson/target/surefire 2022-03-27T23-27-11_602-jvmRun1 surefire6731971981219801803tmp surefire_01088468636505961671tmp
[ 2583s] [ERROR] Process Exit Code: 0
[ 2583s] [ERROR] org.apache.maven.surefire.booter.SurefireBooterForkException: The forked VM terminated without properly saying goodbye. VM crash or System.exit called?
[ 2583s] [ERROR] Command was /bin/sh -c cd /home/abuild/rpmbuild/BUILD/gson-gson-parent-2.8.2/gson && /usr/lib/jvm/java-1.8.0-openjdk-1.8.0.181.b15-1.1.riscv64.fc29.riscv64/jre/bin/java -jar /home/abuild/rpmbuild/BUILD/gson-gson-parent-2.8.2/gson/target/surefire/surefirebooter1569902399628377499.jar /home/abuild/rpmbuild/BUILD/gson-gson-parent-2.8.2/gson/target/surefire 2022-03-27T23-27-11_602-jvmRun1 surefire6731971981219801803tmp surefire_01088468636505961671tmp
[ 2583s] [ERROR] Process Exit Code: 0
[ 2583s] [ERROR] 	at org.apache.maven.plugin.surefire.booterclient.ForkStarter.fork(ForkStarter.java:671)
[ 2584s] [ERROR] 	at org.apache.maven.plugin.surefire.booterclient.ForkStarter.fork(ForkStarter.java:533)
[ 2584s] [ERROR] 	at org.apache.maven.plugin.surefire.booterclient.ForkStarter.run(ForkStarter.java:278)
[ 2584s] [ERROR] 	at org.apache.maven.plugin.surefire.booterclient.ForkStarter.run(ForkStarter.java:244)
[ 2584s] [ERROR] 	at org.apache.maven.plugin.surefire.AbstractSurefireMojo.executeProvider(AbstractSurefireMojo.java:1194)
[ 2584s] [ERROR] 	at org.apache.maven.plugin.surefire.AbstractSurefireMojo.executeAfterPreconditionsChecked(AbstractSurefireMojo.java:1022)
[ 2584s] [ERROR] 	at org.apache.maven.plugin.surefire.AbstractSurefireMojo.execute(AbstractSurefireMojo.java:868)
[ 2584s] [ERROR] 	at org.apache.maven.plugin.DefaultBuildPluginManager.executeMojo(DefaultBuildPluginManager.java:137)
[ 2584s] [ERROR] 	at org.apache.maven.lifecycle.internal.MojoExecutor.execute(MojoExecutor.java:208)
[ 2584s] [ERROR] 	at org.apache.maven.lifecycle.internal.MojoExecutor.execute(MojoExecutor.java:154)
[ 2584s] [ERROR] 	at org.apache.maven.lifecycle.internal.MojoExecutor.execute(MojoExecutor.java:146)
[ 2584s] [ERROR] 	at org.apache.maven.lifecycle.internal.LifecycleModuleBuilder.buildProject(LifecycleModuleBuilder.java:117)
[ 2584s] [ERROR] 	at org.apache.maven.lifecycle.internal.LifecycleModuleBuilder.buildProject(LifecycleModuleBuilder.java:81)
[ 2584s] [ERROR] 	at org.apache.maven.lifecycle.internal.builder.singlethreaded.SingleThreadedBuilder.build(SingleThreadedBuilder.java:56)
[ 2584s] [ERROR] 	at org.apache.maven.lifecycle.internal.LifecycleStarter.execute(LifecycleStarter.java:128)
[ 2584s] [ERROR] 	at org.apache.maven.DefaultMaven.doExecute(DefaultMaven.java:305)
[ 2584s] [ERROR] 	at org.apache.maven.DefaultMaven.doExecute(DefaultMaven.java:192)
[ 2584s] [ERROR] 	at org.apache.maven.DefaultMaven.execute(DefaultMaven.java:105)
[ 2584s] [ERROR] 	at org.apache.maven.cli.MavenCli.execute(MavenCli.java:954)
[ 2584s] [ERROR] 	at org.apache.maven.cli.MavenCli.doMain(MavenCli.java:288)
[ 2585s] [ERROR] 	at org.apache.maven.cli.MavenCli.main(MavenCli.java:192)
[ 2585s] [ERROR] 	at sun.reflect.NativeMethodAccessorImpl.invoke0(Native Method)
[ 2585s] [ERROR] 	at sun.reflect.NativeMethodAccessorImpl.invoke(NativeMethodAccessorImpl.java:62)
[ 2585s] [ERROR] 	at sun.reflect.DelegatingMethodAccessorImpl.invoke(DelegatingMethodAccessorImpl.java:43)
[ 2585s] [ERROR] 	at java.lang.reflect.Method.invoke(Method.java:498)
[ 2585s] [ERROR] 	at org.codehaus.plexus.classworlds.launcher.Launcher.launchEnhanced(Launcher.java:289)
[ 2585s] [ERROR] 	at org.codehaus.plexus.classworlds.launcher.Launcher.launch(Launcher.java:229)
[ 2585s] [ERROR] 	at org.codehaus.plexus.classworlds.launcher.Launcher.mainWithExitCode(Launcher.java:415)
[ 2585s] [ERROR] 	at org.codehaus.plexus.classworlds.launcher.Launcher.main(Launcher.java:356)
[ 2585s] [ERROR] -> [Help 1]
[ 2585s] [ERROR] 
[ 2585s] [ERROR] To see the full stack trace of the errors, re-run Maven with the -e switch.
[ 2585s] [ERROR] Re-run Maven using the -X switch to enable full debug logging.
[ 2585s] [ERROR] 
[ 2585s] [ERROR] For more information about the errors and possible solutions, please read the following articles:
[ 2585s] [ERROR] [Help 1] http://cwiki.apache.org/confluence/display/MAVEN/MojoExecutionException
[ 2585s] [ERROR] 
[ 2585s] [ERROR] After correcting the problems, you can resume the build with the command
[ 2585s] [ERROR]   mvn <goals> -rf :gson
[ 2587s] error: Bad exit status from /var/tmp/rpm-tmp.VI6u9g (%build)
[ 2587s] 
[ 2587s] 
[ 2587s] RPM build errors:
[ 2587s]     line 12: It's not recommended to have unversioned Obsoletes: Obsoletes:      google-gson-javadoc
[ 2587s]     Bad exit status from /var/tmp/rpm-tmp.VI6u9g (%build)
[ 2588s] 
[ 2588s] oe-RISCV-worker9 failed "build google-gson.spec" at Sun Mar 27 23:29:31 UTC 2022.
[ 2588s] 
