[    0s] Memory limit set to 10955196KB
[    0s] Using BUILD_ROOT=/var/cache/obs/worker/root_1
[    0s] Using BUILD_ARCH=riscv64
[    0s] 
[    3s] 
[    3s] oe-RISCV-worker28 started "build _service:extract_file:jaxb2-common-basics.spec" at Sat Apr 16 01:24:05 UTC 2022.
[    3s] 
[    3s] Building jaxb2-common-basics for project 'openEuler:Mainline:RISC-V' repository 'advanced_riscv64' arch 'riscv64' srcmd5 'ba4202236200ebfa13d7a76502ba32b7'
[    3s] 
[    3s] processing recipe /var/cache/obs/worker/root_1/.build-srcdir/_service:extract_file:jaxb2-common-basics.spec ...
[    6s] running changelog2spec --target rpm --file /var/cache/obs/worker/root_1/.build-srcdir/_service:extract_file:jaxb2-common-basics.spec
[    7s] init_buildsystem --configdir /var/run/obs/worker/1/build/configs --cachedir /var/cache/build --clean --rpmlist /var/cache/obs/worker/root_1/.build.rpmlist /var/cache/obs/worker/root_1/.build-srcdir/_service:extract_file:jaxb2-common-basics.spec build ...
[   79s] cycle: bash -> coreutils
[   79s]   breaking dependency coreutils -> bash
[   79s] cycle: bash -> coreutils -> info
[   79s]   breaking dependency coreutils -> info
[   79s] cycle: glibc -> filesystem -> bash -> coreutils
[   79s]   breaking dependency filesystem -> bash
[   79s] cycle: glibc -> filesystem -> coreutils
[   79s]   breaking dependency coreutils -> glibc
[   79s] cycle: glibc -> filesystem -> coreutils -> libacl
[   79s]   breaking dependency coreutils -> libacl
[   79s] cycle: glibc -> filesystem -> coreutils -> attr
[   79s]   breaking dependency coreutils -> attr
[   79s] cycle: coreutils -> libcap -> bash
[   79s]   breaking dependency coreutils -> libcap
[   79s] cycle: glibc -> filesystem -> coreutils -> openssl-libs
[   79s]   breaking dependency coreutils -> openssl-libs
[   79s] cycle: glibc -> filesystem -> coreutils -> libselinux
[   79s]   breaking dependency libselinux -> glibc
[   79s] cycle: glibc -> filesystem -> coreutils -> libselinux -> pcre2
[   79s]   breaking dependency pcre2 -> glibc
[   79s] cycle: glibc -> filesystem -> coreutils -> libselinux -> pcre2 -> readline
[   79s]   breaking dependency readline -> glibc
[   79s] cycle: glibc -> filesystem -> coreutils -> libselinux -> pcre2 -> readline -> ncurses-libs
[   79s]   breaking dependency coreutils -> libselinux
[   79s] cycle: glibc -> filesystem -> coreutils -> ncurses
[   79s]   breaking dependency ncurses -> glibc
[   79s] cycle: glibc -> filesystem -> coreutils -> ncurses -> ncurses-libs
[   79s]   breaking dependency ncurses -> ncurses-libs
[   79s] cycle: filesystem -> coreutils -> ncurses -> libgcc
[   79s]   breaking dependency ncurses -> libgcc
[   79s] cycle: perl-Carp -> perl-libs
[   79s]   breaking dependency perl-libs -> perl-Carp
[   79s] cycle: perl-libs -> perl-Exporter
[   79s]   breaking dependency perl-libs -> perl-Exporter
[   79s] cycle: perl-Carp -> perl-Exporter
[   79s]   breaking dependency perl-Exporter -> perl-Carp
[   79s] cycle: nss-util -> nss
[   79s]   breaking dependency nss -> nss-util
[   79s] cycle: nss-softokn -> nss-util -> nss
[   79s]   breaking dependency nss -> nss-softokn
[   79s] cycle: systemd -> cryptsetup -> device-mapper
[   79s]   breaking dependency systemd -> cryptsetup
[   79s] cycle: audit -> systemd -> pam
[   79s]   breaking dependency systemd -> pam
[   79s] [1/84] preinstalling dbus...
[   80s] [2/84] preinstalling libffi-devel...
[   81s] [3/84] preinstalling nodejs-source-map...
[   81s] [4/84] preinstalling python3-pip...
[   84s] [5/84] preinstalling python3-setuptools_scm...
[   85s] [6/84] preinstalling ncurses...
[   90s] [7/84] preinstalling coreutils...
[   94s] [8/84] preinstalling filesystem...
[   96s] [9/84] preinstalling glibc...
[   98s] [10/84] preinstalling libgcc...
[   99s] [11/84] preinstalling diffutils...
[  100s] [12/84] preinstalling libcap-ng...
[  101s] [13/84] preinstalling libgpg-error...
[  102s] [14/84] preinstalling libpcap...
[  102s] [15/84] preinstalling libsmartcols...
[  103s] [16/84] preinstalling libuuid...
[  104s] [17/84] preinstalling libxcrypt...
[  105s] [18/84] preinstalling lz4...
[  105s] [19/84] preinstalling m4...
[  106s] [20/84] preinstalling ncurses-libs...
[  107s] [21/84] preinstalling nspr...
[  108s] [22/84] preinstalling xz-libs...
[  108s] [23/84] preinstalling zlib...
[  109s] [24/84] preinstalling attr...
[  110s] [25/84] preinstalling libdb...
[  113s] [26/84] preinstalling zstd...
[  115s] [27/84] preinstalling audit-libs...
[  116s] [28/84] preinstalling file...
[  116s] [29/84] preinstalling iptables-libs...
[  117s] [30/84] preinstalling libacl...
[  118s] [31/84] preinstalling libgcrypt...
[  119s] [32/84] preinstalling openssl-libs...
[  120s] [33/84] preinstalling readline...
[  121s] [34/84] preinstalling bash...
[  123s] [35/84] preinstalling cmake...
[  133s] [36/84] preinstalling perl-libs...
[  135s] [37/84] preinstalling dnf...
[  136s] [38/84] preinstalling pcre2...
[  137s] [39/84] preinstalling perl-Exporter...
[  138s] [40/84] preinstalling bzip2...
[  139s] [41/84] preinstalling elfutils...
[  140s] [42/84] preinstalling hostname...
[  141s] [43/84] preinstalling libcap...
[  142s] [44/84] preinstalling pcre...
[  143s] [45/84] preinstalling popt...
[  144s] [46/84] preinstalling acl...
[  145s] [47/84] preinstalling libblkid...
[  145s] [48/84] preinstalling openssl...
[  146s] [49/84] preinstalling sqlite...
[  148s] [50/84] preinstalling tar...
[  149s] [51/84] preinstalling info...
[  150s] [52/84] preinstalling libgcrypt-devel...
[  151s] [53/84] preinstalling lua...
[  151s] [54/84] preinstalling libselinux...
[  152s] [55/84] preinstalling perl-Carp...
[  153s] [56/84] preinstalling copy-jdk-configs...
[  153s] [57/84] preinstalling libfdisk...
[  154s] [58/84] preinstalling perl-Digest-MD5...
[  155s] [59/84] preinstalling grep...
[  156s] [60/84] preinstalling rpm-libs...
[  157s] [61/84] preinstalling chkconfig...
[  158s] [62/84] preinstalling sed...
[  158s] [63/84] preinstalling libmount...
[  159s] [64/84] preinstalling libsemanage...
[  160s] [65/84] preinstalling perl-constant...
[  161s] [66/84] preinstalling findutils...
[  162s] [67/84] preinstalling xz...
[  162s] [68/84] preinstalling perl-Getopt-Long...
[  163s] [69/84] preinstalling glib2...
[  166s] [70/84] preinstalling nss...
[  168s] [71/84] preinstalling perl-Data-Dumper...
[  169s] [72/84] preinstalling systemd-libs...
[  170s] [73/84] preinstalling systemd...
[  173s] [74/84] preinstalling dbus-libs...
[  174s] [75/84] preinstalling nss-util...
[  175s] [76/84] preinstalling audit...
[  176s] [77/84] preinstalling nss-softokn...
[  177s] [78/84] preinstalling pam...
[  178s] [79/84] preinstalling rpm...
[  180s] [80/84] preinstalling openEuler-rpm-config...
[  180s] [81/84] preinstalling util-linux...
[  184s] [82/84] preinstalling device-mapper...
[  184s] [83/84] preinstalling cryptsetup...
[  188s] [84/84] preinstalling lvm2...
[  190s] 
[  193s] initializing rpm db...
[  205s] reordering...cycle: coreutils -> bash
[  205s]   breaking dependency coreutils -> bash
[  205s] cycle: coreutils -> info
[  205s]   breaking dependency coreutils -> info
[  205s] cycle: glibc -> basesystem -> filesystem -> coreutils -> gmp
[  205s]   breaking dependency coreutils -> gmp
[  205s] cycle: glibc -> basesystem -> filesystem -> coreutils
[  205s]   breaking dependency coreutils -> glibc
[  205s] cycle: glibc -> basesystem -> filesystem -> coreutils -> libacl
[  205s]   breaking dependency coreutils -> libacl
[  205s] cycle: glibc -> basesystem -> filesystem -> coreutils -> attr
[  205s]   breaking dependency coreutils -> attr
[  205s] cycle: coreutils -> libcap
[  205s]   breaking dependency coreutils -> libcap
[  205s] cycle: glibc -> basesystem -> filesystem -> coreutils -> openssl-libs
[  205s]   breaking dependency openssl-libs -> glibc
[  205s] cycle: coreutils -> openssl-libs -> ca-certificates
[  205s]   breaking dependency ca-certificates -> coreutils
[  205s] cycle: coreutils -> openssl-libs -> ca-certificates -> bash
[  205s]   breaking dependency ca-certificates -> bash
[  205s] cycle: coreutils -> openssl-libs -> ca-certificates -> grep
[  205s]   breaking dependency grep -> coreutils
[  205s] cycle: coreutils -> openssl-libs -> ca-certificates -> grep -> bash
[  205s]   breaking dependency ca-certificates -> grep
[  205s] cycle: glibc -> basesystem -> filesystem -> coreutils -> openssl-libs -> ca-certificates -> p11-kit
[  205s]   breaking dependency p11-kit -> glibc
[  205s] cycle: glibc -> basesystem -> filesystem -> coreutils -> openssl-libs -> ca-certificates -> p11-kit -> libffi
[  205s]   breaking dependency openssl-libs -> ca-certificates
[  205s] cycle: coreutils -> openssl-libs -> crypto-policies -> bash
[  205s]   breaking dependency crypto-policies -> bash
[  205s] cycle: coreutils -> openssl-libs -> crypto-policies
[  205s]   breaking dependency crypto-policies -> coreutils
[  205s] cycle: coreutils -> openssl-libs -> crypto-policies -> grep -> bash
[  205s]   breaking dependency bash -> coreutils
[  205s] cycle: filesystem -> coreutils -> openssl-libs -> crypto-policies -> grep -> bash
[  205s]   breaking dependency grep -> bash
[  205s] cycle: glibc -> basesystem -> filesystem -> coreutils -> openssl-libs -> crypto-policies -> grep
[  205s]   breaking dependency glibc -> basesystem
[  205s] cycle: glibc -> glibc-common -> bash -> filesystem -> coreutils -> openssl-libs -> crypto-policies -> grep
[  205s]   breaking dependency glibc-common -> bash
[  205s] cycle: glibc -> glibc-common -> coreutils -> openssl-libs -> crypto-policies -> grep
[  205s]   breaking dependency glibc-common -> coreutils
[  205s] cycle: glibc -> glibc-common
[  205s]   breaking dependency glibc-common -> glibc
[  205s] cycle: glibc -> glibc-common -> libselinux
[  205s]   breaking dependency libselinux -> glibc
[  205s] cycle: glibc -> glibc-common -> libselinux -> pcre2
[  205s]   breaking dependency pcre2 -> glibc
[  205s] cycle: glibc -> glibc-common -> libselinux -> pcre2 -> readline
[  205s]   breaking dependency readline -> glibc
[  205s] cycle: glibc -> glibc-common -> libselinux -> pcre2 -> readline -> ncurses-libs
[  205s]   breaking dependency libselinux -> pcre2
[  205s] cycle: glibc -> glibc-common -> libselinux -> libsepol -> coreutils -> openssl-libs -> crypto-policies -> grep
[  205s]   breaking dependency libsepol -> coreutils
[  205s] cycle: glibc -> glibc-common -> libselinux -> libsepol -> bash -> filesystem -> coreutils -> openssl-libs -> crypto-policies -> grep
[  205s]   breaking dependency filesystem -> coreutils
[  205s] cycle: bash -> filesystem
[  205s]   breaking dependency filesystem -> bash
[  205s] cycle: filesystem -> setup
[  205s]   breaking dependency filesystem -> setup
[  205s] cycle: glibc -> glibc-common -> libselinux -> libsepol -> bash
[  205s]   breaking dependency bash -> glibc
[  205s] cycle: glibc -> glibc-common -> libselinux -> libsepol -> bash -> ncurses-libs
[  205s]   breaking dependency libsepol -> bash
[  205s] cycle: glibc -> glibc-common -> libselinux -> libsepol
[  205s]   breaking dependency glibc -> glibc-common
[  205s] cycle: systemd -> cryptsetup -> device-mapper
[  205s]   breaking dependency systemd -> cryptsetup
[  205s] cycle: perl-libs -> perl-Carp
[  205s]   breaking dependency perl-libs -> perl-Carp
[  205s] cycle: perl-libs -> perl-Exporter
[  205s]   breaking dependency perl-libs -> perl-Exporter
[  205s] cycle: perl-Carp -> perl-Exporter
[  205s]   breaking dependency perl-Exporter -> perl-Carp
[  205s] cycle: perl -> perl-PathTools
[  205s]   breaking dependency perl -> perl-PathTools
[  205s] cycle: perl -> perl-ExtUtils-MakeMaker
[  205s]   breaking dependency perl -> perl-ExtUtils-MakeMaker
[  205s] cycle: perl -> perl-File-Path -> perl-PathTools
[  205s]   breaking dependency perl -> perl-File-Path
[  205s] cycle: perl -> perl-Getopt-Long -> perl-Pod-Usage
[  205s]   breaking dependency perl -> perl-Getopt-Long
[  205s] cycle: perl -> perl-Locale-Maketext
[  205s]   breaking dependency perl -> perl-Locale-Maketext
[  205s] cycle: perl -> perl-Pod-Simple
[  205s]   breaking dependency perl -> perl-Pod-Simple
[  205s] cycle: perl -> perl-Socket
[  205s]   breaking dependency perl -> perl-Socket
[  205s] cycle: perl -> perl-Storable
[  205s]   breaking dependency perl -> perl-Storable
[  205s] cycle: perl -> perl-Text-Tabs+Wrap
[  205s]   breaking dependency perl -> perl-Text-Tabs+Wrap
[  205s] cycle: perl -> perl-Time-Local -> perl-constant
[  205s]   breaking dependency perl -> perl-Time-Local
[  205s] cycle: perl -> perl-constant
[  205s]   breaking dependency perl -> perl-constant
[  205s] cycle: perl -> perl-threads
[  205s]   breaking dependency perl -> perl-threads
[  205s] cycle: perl -> perl-threads-shared
[  205s]   breaking dependency perl -> perl-threads-shared
[  205s] cycle: perl -> perl-Archive-Tar
[  205s]   breaking dependency perl -> perl-Archive-Tar
[  205s] cycle: perl -> perl-B-Debug
[  205s]   breaking dependency perl -> perl-B-Debug
[  205s] cycle: perl -> perl-CPAN-Meta -> perl-CPAN-Meta-Requirements
[  205s]   breaking dependency perl -> perl-CPAN-Meta
[  205s] cycle: perl -> perl-CPAN-Meta-Requirements
[  205s]   breaking dependency perl -> perl-CPAN-Meta-Requirements
[  205s] cycle: perl -> perl-CPAN-Meta-YAML
[  205s]   breaking dependency perl -> perl-CPAN-Meta-YAML
[  205s] cycle: perl -> perl-Compress-Raw-Bzip2
[  205s]   breaking dependency perl -> perl-Compress-Raw-Bzip2
[  205s] cycle: perl -> perl-Compress-Raw-Zlib
[  205s]   breaking dependency perl -> perl-Compress-Raw-Zlib
[  205s] cycle: perl -> perl-Config-Perl-V
[  205s]   breaking dependency perl -> perl-Config-Perl-V
[  205s] cycle: perl -> perl-DB_File
[  205s]   breaking dependency perl -> perl-DB_File
[  205s] cycle: perl -> perl-Data-Dumper
[  205s]   breaking dependency perl -> perl-Data-Dumper
[  205s] cycle: perl -> perl-Devel-PPPort
[  205s]   breaking dependency perl -> perl-Devel-PPPort
[  205s] cycle: perl -> perl-Digest -> perl-MIME-Base64
[  205s]   breaking dependency perl -> perl-Digest
[  205s] cycle: perl -> perl-Digest-MD5 -> perl-Digest -> perl-MIME-Base64
[  205s]   breaking dependency perl -> perl-Digest-MD5
[  205s] cycle: perl -> perl-Digest-SHA
[  205s]   breaking dependency perl -> perl-Digest-SHA
[  205s] cycle: perl -> perl-Encode
[  205s]   breaking dependency perl -> perl-Encode
[  205s] cycle: perl -> perl-Env
[  205s]   breaking dependency perl -> perl-Env
[  205s] cycle: perl -> perl-ExtUtils-Command
[  205s]   breaking dependency perl -> perl-ExtUtils-Command
[  205s] cycle: perl -> perl-ExtUtils-Install
[  205s]   breaking dependency perl -> perl-ExtUtils-Install
[  205s] cycle: perl -> perl-ExtUtils-Manifest
[  205s]   breaking dependency perl -> perl-ExtUtils-Manifest
[  205s] cycle: perl -> perl-ExtUtils-ParseXS
[  205s]   breaking dependency perl -> perl-ExtUtils-ParseXS
[  205s] cycle: perl -> perl-File-Fetch -> perl-PathTools
[  205s]   breaking dependency perl -> perl-File-Fetch
[  205s] cycle: perl -> perl-File-Temp -> perl-PathTools
[  205s]   breaking dependency perl -> perl-File-Temp
[  205s] cycle: perl -> perl-Filter
[  205s]   breaking dependency perl -> perl-Filter
[  205s] cycle: perl -> perl-Filter-Simple -> perl-Filter
[  205s]   breaking dependency perl -> perl-Filter-Simple
[  205s] cycle: perl -> perl-HTTP-Tiny
[  205s]   breaking dependency perl -> perl-HTTP-Tiny
[  205s] cycle: perl -> perl-IO-Compress
[  205s]   breaking dependency perl -> perl-IO-Compress
[  205s] cycle: perl -> perl-IO-Socket-IP
[  205s]   breaking dependency perl -> perl-IO-Socket-IP
[  205s] cycle: perl -> perl-IPC-Cmd -> perl-ExtUtils-MakeMaker
[  205s]   breaking dependency perl -> perl-IPC-Cmd
[  205s] cycle: perl -> perl-IPC-SysV
[  205s]   breaking dependency perl -> perl-IPC-SysV
[  205s] cycle: perl -> perl-JSON-PP
[  205s]   breaking dependency perl -> perl-JSON-PP
[  205s] cycle: perl -> perl-Locale-Codes -> perl-constant
[  205s]   breaking dependency perl -> perl-Locale-Codes
[  205s] cycle: perl -> perl-MIME-Base64
[  205s]   breaking dependency perl -> perl-MIME-Base64
[  205s] cycle: perl -> perl-Math-BigInt
[  205s]   breaking dependency perl -> perl-Math-BigInt
[  205s] cycle: perl -> perl-Math-BigInt-FastCalc -> perl-Math-BigInt
[  205s]   breaking dependency perl -> perl-Math-BigInt-FastCalc
[  205s] cycle: perl -> perl-Math-BigRat -> perl-Math-BigInt
[  205s]   breaking dependency perl -> perl-Math-BigRat
[  205s] cycle: perl -> perl-Module-CoreList
[  205s]   breaking dependency perl -> perl-Module-CoreList
[  205s] cycle: perl -> perl-Module-Load -> perl-PathTools
[  205s]   breaking dependency perl -> perl-Module-Load
[  205s] cycle: perl -> perl-Module-Load-Conditional
[  205s]   breaking dependency perl -> perl-Module-Load-Conditional
[  205s] cycle: perl -> perl-Module-Metadata
[  205s]   breaking dependency perl -> perl-Module-Metadata
[  205s] cycle: perl -> perl-Params-Check
[  205s]   breaking dependency perl -> perl-Params-Check
[  205s] cycle: perl -> perl-PerlIO-via-QuotedPrint -> perl-MIME-Base64
[  205s]   breaking dependency perl -> perl-PerlIO-via-QuotedPrint
[  205s] cycle: perl -> perl-Pod-Checker
[  205s]   breaking dependency perl -> perl-Pod-Checker
[  205s] cycle: perl -> perl-Pod-Escapes
[  205s]   breaking dependency perl -> perl-Pod-Escapes
[  205s] cycle: perl -> perl-Pod-Parser
[  205s]   breaking dependency perl -> perl-Pod-Parser
[  205s] cycle: perl -> perl-Pod-Perldoc
[  205s]   breaking dependency perl -> perl-Pod-Perldoc
[  205s] cycle: perl -> perl-Pod-Usage
[  205s]   breaking dependency perl -> perl-Pod-Usage
[  205s] cycle: perl -> perl-Sys-Syslog
[  205s]   breaking dependency perl -> perl-Sys-Syslog
[  205s] cycle: perl -> perl-Term-Cap
[  205s]   breaking dependency perl -> perl-Term-Cap
[  205s] cycle: perl -> perl-Test-Harness
[  205s]   breaking dependency perl -> perl-Test-Harness
[  205s] cycle: perl -> perl-Test-Simple
[  205s]   breaking dependency perl -> perl-Test-Simple
[  205s] cycle: perl -> perl-Text-Balanced
[  205s]   breaking dependency perl -> perl-Text-Balanced
[  205s] cycle: perl -> perl-Thread-Queue -> perl-threads-shared
[  205s]   breaking dependency perl -> perl-Thread-Queue
[  205s] cycle: perl -> perl-Unicode-Collate -> perl-PathTools
[  205s]   breaking dependency perl -> perl-Unicode-Collate
[  205s] cycle: perl -> perl-autodie
[  205s]   breaking dependency perl -> perl-autodie
[  205s] cycle: perl -> perl-bignum -> perl-Math-BigInt
[  205s]   breaking dependency perl -> perl-bignum
[  205s] cycle: perl -> perl-devel
[  205s]   breaking dependency perl -> perl-devel
[  205s] cycle: perl -> perl-Encode-devel
[  205s]   breaking dependency perl -> perl-Encode-devel
[  205s] cycle: perl -> perl-experimental
[  205s]   breaking dependency perl -> perl-experimental
[  205s] cycle: perl -> perl-libnet -> perl-Digest-MD5 -> perl-Digest -> perl-MIME-Base64
[  205s]   breaking dependency perl -> perl-libnet
[  205s] cycle: perl -> perl-podlators
[  205s]   breaking dependency perl -> perl-podlators
[  205s] cycle: perl -> perl-version
[  205s]   breaking dependency perl -> perl-version
[  205s] cycle: glib2 -> gamin
[  205s]   breaking dependency glib2 -> gamin
[  205s] cycle: systemd -> gnutls -> unbound-libs -> shadow -> pam -> audit
[  205s]   breaking dependency systemd -> gnutls
[  205s] cycle: systemd -> pam -> audit
[  205s]   breaking dependency systemd -> pam
[  205s] cycle: systemd -> shadow -> pam -> audit
[  205s]   breaking dependency systemd -> shadow
[  205s] cycle: pam -> libpwquality
[  205s]   breaking dependency pam -> libpwquality
[  205s] cycle: perl-Getopt-Long -> perl-Pod-Usage
[  205s]   breaking dependency perl-Pod-Usage -> perl-Getopt-Long
[  205s] cycle: perl-Getopt-Long -> perl-Pod-Usage -> perl-podlators -> perl-Encode
[  205s]   breaking dependency perl-podlators -> perl-Encode
[  205s] cycle: perl-Getopt-Long -> perl-Pod-Usage -> perl-podlators
[  205s]   breaking dependency perl-podlators -> perl-Getopt-Long
[  205s] cycle: perl-Getopt-Long -> perl-Pod-Usage -> perl-podlators -> perl-Pod-Simple -> perl-Encode
[  205s]   breaking dependency perl-Encode -> perl-Getopt-Long
[  205s] cycle: perl-Getopt-Long -> perl-Pod-Usage -> perl-podlators -> perl-Pod-Simple
[  205s]   breaking dependency perl-podlators -> perl-Pod-Simple
[  205s] cycle: perl-Pod-Usage -> perl-podlators
[  205s]   breaking dependency perl-podlators -> perl-Pod-Usage
[  205s] cycle: groff -> perl-Getopt-Long -> perl-Pod-Usage -> perl-Pod-Perldoc
[  205s]   breaking dependency groff -> perl-Getopt-Long
[  205s] cycle: nss -> nss-util
[  205s]   breaking dependency nss -> nss-util
[  205s] cycle: nss -> nss-softokn -> nss-util
[  205s]   breaking dependency nss -> nss-softokn
[  205s] cycle: libxcrypt-devel -> glibc-devel
[  205s]   breaking dependency glibc-devel -> libxcrypt-devel
[  205s] cycle: groovy-lib -> gpars
[  205s]   breaking dependency groovy-lib -> gpars
[  205s] cycle: batik-css -> batik
[  205s]   breaking dependency batik -> batik-css
[  205s] cycle: xalan-j2 -> xerces-j2
[  205s]   breaking dependency xerces-j2 -> xalan-j2
[  205s] cycle: cmake-data -> cmake
[  205s]   breaking dependency cmake -> cmake-data
[  205s] cycle: perl-Getopt-Long -> perl-Pod-Usage -> perl-Pod-Perldoc -> perl-Pod-Simple
[  205s]   breaking dependency perl-Pod-Perldoc -> perl-Pod-Simple
[  205s] cycle: openssh -> openssh-server
[  205s]   breaking dependency openssh-server -> openssh
[  205s] cycle: git -> perl-Git
[  205s]   breaking dependency git -> perl-Git
[  205s] cycle: perl-ExtUtils-Install -> perl-ExtUtils-MakeMaker
[  205s]   breaking dependency perl-ExtUtils-MakeMaker -> perl-ExtUtils-Install
[  206s] done
[  206s] querying package ids...
[  242s] [1/569] installing cmake-filesystem-3.22.0-1.oe1
[  243s] [2/569] installing fonts-filesystem-2.0.2-2.oe1
[  243s] [3/569] installing fuse-common-3.9.2-5.oe1
[  244s] [4/569] installing javapackages-filesystem-5.3.0-3.oe1
[  245s] [5/569] installing kernel-headers-5.10-3.oe1
[  250s] [6/569] installing libreport-filesystem-2.13.1-5.oe1
[  250s] [7/569] installing ncurses-base-6.1-14.oe1
[  252s] [8/569] installing openEuler-gpg-keys-1.0-2.5.oe1
[  252s] [9/569] installing python-setuptools-59.4.0-3.oe1
[  254s] [10/569] installing qt5-srpm-macros-5.15.2-1.oe1
[  255s] [11/569] installing tzdata-2021a-2.oe1
[  260s] [12/569] installing tzdata-java-2021a-2.oe1
[  262s] [13/569] installing dnf-data-4.10.0-1.oe1
[  263s] [14/569] installing openEuler-repos-1.0-2.5.oe1
[  264s] [15/569] installing wqy-zenhei-fonts-0.9.46-21.oe1
[  271s] [16/569] installing openEuler-release-20.03LTS-40.oe1
[  272s] [17/569] installing filesystem-3.9-3.oe1
[  280s] warning: group mail does not exist - using root
[  280s] [18/569] installing emacs-filesystem-1:27.1-5.oe1
[  281s] [19/569] installing libgcc-10.3.1-20220105.6.oe1
[  282s] [20/569] installing setup-2.13.3-4.oe1
[  283s] [21/569] installing glibc-2.34-64.oe1
[  289s] [22/569] installing brotli-1.0.9-2.oe1
[  290s] [23/569] installing chrpath-0.16-12.oe1
[  292s] [24/569] installing cpio-2.13-4.oe1
[  294s] [25/569] installing diffutils-3.7-4.oe1
[  296s] [26/569] installing expat-2.2.10-1.oe1
[  296s] [27/569] installing giflib-5.2.1-2.oe1
[  298s] [28/569] installing json-c-0.15-1.oe1
[  298s] [29/569] installing keyutils-libs-1.6.3-3.oe1
[  299s] [30/569] installing libICE-1.0.10-2.oe1
[  300s] [31/569] installing libXau-1.0.9-2.oe1
[  301s] [32/569] installing libaio-0.3.112-1.oe1
[  302s] [33/569] installing libargon2-20190702-1.oe1
[  304s] [34/569] installing libatomic-10.3.1-20220105.6.oe1
[  305s] [35/569] installing libcap-ng-0.7.11-1.oe1
[  306s] [36/569] installing libev-4.24-11.oe1
[  307s] [37/569] installing libffi-3.3-31.oe1
[  307s] [38/569] installing libgomp-10.3.1-20220105.6.oe1
[  308s] [39/569] installing libgpg-error-1.41-1.oe1
[  310s] [40/569] installing libjpeg-turbo-2.0.6-1.oe1
[  311s] [41/569] installing libnghttp2-1.42.0-1.oe1
[  314s] [42/569] installing libpcap-14:1.9.1-7.oe1
[  315s] [43/569] installing libpipeline-1.5.3-1.oe1
[  316s] [44/569] installing libsigsegv-2.11-10.oe1
[  317s] [45/569] installing libsmartcols-2.36.1-3.oe1
[  318s] [46/569] installing libtasn1-4.16.0-2.oe1
[  322s] [47/569] installing libtool-ltdl-2.4.6-34.oe1
[  323s] [48/569] installing libunistring-0.9.10-8.oe1
[  324s] [49/569] installing libuuid-2.36.1-3.oe1
[  325s] [50/569] installing libuv-1:1.40.0-1.oe1
[  326s] [51/569] installing libxcrypt-4.4.8-4.oe1
[  327s] [52/569] installing libyaml-0.2.5-1.oe1
[  328s] [53/569] installing lz4-1.9.3-1.oe1
[  329s] [54/569] installing m4-1.4.18-14.oe1
[  333s] [55/569] installing nspr-4.32.0-1.oe1
[  334s] [56/569] installing pkgconf-1.7.3-1.oe1
[  335s] [57/569] installing rhash-1.3.5-5.oe1
[  337s] [58/569] installing which-2.21-14.oe1
[  338s] [59/569] installing xz-libs-5.2.5-1.oe1
[  339s] [60/569] installing zlib-1.2.11-18.oe1
[  340s] [61/569] installing attr-2.4.48-12.oe1
[  341s] [62/569] installing basesystem-12-2.oe1
[  342s] [63/569] installing libstdc++-10.3.1-20220105.6.oe1
[  345s] [64/569] installing ncurses-libs-6.1-14.oe1
[  346s] [65/569] installing libsepol-3.1-4.oe1
[  351s] [66/569] installing libstdc++-devel-10.3.1-20220105.6.oe1
[  360s] [67/569] installing audit-libs-1:3.0-2.oe1
[  361s] [68/569] installing elfutils-libelf-0.185-3.oe1
[  362s] [69/569] installing file-libs-5.39-6.oe1
[  365s] [70/569] installing gmp-1:6.2.1-3.oe1
[  366s] [71/569] installing iptables-libs-1.8.1-4.oe1
[  367s] [72/569] installing less-563-2.oe1
[  368s] [73/569] installing libacl-2.2.53-7.oe1
[  369s] [74/569] installing libassuan-2.5.4-1.oe1
[  370s] [75/569] installing libedit-3.1-27.oe1
[  371s] [76/569] installing libffi-devel-3.3-31.oe1
[  372s] [77/569] installing libfontenc-1.1.4-2.oe1
[  373s] [78/569] installing libgcrypt-1.8.7-1.oe1
[  374s] [79/569] installing libpng-2:1.6.37-1.oe1
[  375s] [80/569] installing libxcb-1.14-1.oe1
[  376s] [81/569] installing readline-8.0-2.oe1
[  377s] [82/569] installing fuse-2.9.9-6.oe1
[  379s] [83/569] installing gc-8.0.4-2.oe1
[  381s] [84/569] installing libSM-1.2.3-2.oe1
[  383s] [85/569] installing libdb-5.3.28-35.oe1
[  387s] [86/569] installing libselinux-3.1-3.oe1
[  388s] [87/569] installing libxml2-2.9.12-5.oe1
[  390s] [88/569] installing bash-5.1-1.oe1
[  395s] [89/569] installing perl-libs-4:5.28.0-435.oe1
[  400s] [90/569] installing zstd-1.4.8-2.oe1
[  402s] [91/569] installing ncurses-6.1-14.oe1
[  411s] [92/569] installing thin-provisioning-tools-0.8.5-1.oe1
[  413s] [93/569] installing perl-parent-1:0.237-4.oe1
[  413s] [94/569] installing perl-perlfaq-5.20180915-5.oe1
[  415s] [95/569] installing libX11-1.6.9-2.oe1
[  422s] [96/569] installing mpfr-4.1.0-1.oe1
[  426s] [97/569] installing nettle-3.6-6.oe1
[  428s] [98/569] installing pcre2-10.36-1.oe1
[  430s] [99/569] installing perl-Exporter-5.74-1.oe1
[  431s] [100/569] installing file-5.39-6.oe1
[  431s] [101/569] installing gdbm-1:1.18.1-1.oe1
[  433s] [102/569] installing patch-2.7.6-12.oe1
[  434s] [103/569] installing qrencode-4.1.1-1
[  435s] [104/569] installing sed-4.8-2.oe1
[  437s] [105/569] installing acl-2.2.53-7.oe1
[  440s] [106/569] installing libcomps-0.1.15-1.oe1
[  442s] [107/569] installing pcre-8.44-1.oe1
[  444s] [108/569] installing glibc-common-2.34-64.oe1
[  462s] [109/569] installing crontabs-1.11-21.oe1
[  464s] [110/569] installing libXcomposite-0.4.5-1.oe1
[  467s] [111/569] installing libXext-1.3.4-2.oe1
[  468s] [112/569] installing libXpm-3.5.12-11.oe1
[  470s] [113/569] installing libXrender-0.9.10-10.oe1
[  472s] [114/569] installing perl-Carp-1.50-418.oe1
[  472s] [115/569] installing perl-Perl-OSType-1.010-421.oe1
[  473s] [116/569] installing perl-Term-ANSIColor-4.06-511.oe1
[  475s] [117/569] installing libmpc-1.2.0-2.oe1
[  477s] [118/569] installing grep-3.6-1.oe1
[  479s] [119/569] installing libXt-1.2.0-0.oe1
[  480s] [120/569] installing gawk-5.0.1-2.oe1
[  482s] [121/569] installing libXi-1.7.10-1.oe1
[  483s] [122/569] installing perl-Text-ParseWords-3.30-419.oe1
[  484s] [123/569] installing crypto-policies-20180925-3.git71ca85f.oe1
[  490s] [124/569] installing libXmu-1.1.3-1.oe1
[  492s] [125/569] installing cpp-10.3.1-20220105.6.oe1
[  504s] [126/569] installing libXtst-1.2.3-10.oe1
[  507s] [127/569] installing openssl-libs-1:1.1.1f-2.oe1
[  512s] [128/569] installing libXaw-1.0.13-13.oe1
[  515s] [129/569] installing ima-evm-utils-libs-1.2.1-8.oe1
[  517s] [130/569] installing libevent-2.1.12-4
[  519s] [131/569] installing kmod-libs-27-4.oe1
[  522s] [132/569] installing kmod-27-4.oe1
[  525s] [133/569] installing nodejs-libs-1:16.10.0-1.oe1
[  562s] [134/569] installing coreutils-8.31-4.oe1
[  570s] [135/569] installing alsa-lib-1.2.4-1.oe1
[  572s] [136/569] installing elfutils-default-yama-scope-0.185-3.oe1
[  574s] /usr/lib/systemd/systemd-sysctl: error while loading shared libraries: libseccomp.so.2: cannot open shared object file: No such file or directory
[  574s] [137/569] installing publicsuffix-list-20200718-1.oe1
[  575s] [138/569] installing uname-build-checks-1.0-0.4.oe1
[  577s] [139/569] installing bzip2-1.0.8-3.oe1
[  578s] [140/569] installing gzip-1.10-1.oe1
[  579s] [141/569] installing hostname-3.21-2.oe1
[  581s] [142/569] installing libcap-2.32-2.oe1
[  582s] [143/569] installing libseccomp-2.4.3-2.oe1
[  584s] [144/569] installing lksctp-tools-1.0.16-11.oe1
[  587s] [145/569] installing npth-1.5-7.oe1
[  588s] [146/569] installing popt-1.18-1.oe1
[  590s] [147/569] installing fipscheck-1.5.0-7.oe1
[  592s] [148/569] installing libblkid-2.36.1-3.oe1
[  594s] [149/569] installing libidn2-2.3.0-1.oe1
[  596s] [150/569] installing libksba-1.3.5-12.oe1
[  598s] [151/569] installing tar-2:1.32-3.oe1
[  602s] [152/569] installing tcl-1:8.6.10-3.oe1
[  606s] [153/569] installing apr-1.7.0-4.oe1
[  608s] [154/569] installing info-6.7-2.oe1
[  609s] [155/569] installing jsoncpp-1.9.4-1.oe1
[  611s] [156/569] installing libgpg-error-devel-1.41-1.oe1
[  612s] [157/569] installing lua-5.3.5-6.oe1
[  613s] [158/569] installing slang-2.3.2-8.oe1
[  616s] [159/569] installing xz-5.2.5-1.oe1
[  617s] [160/569] installing libxslt-1.1.32-7.oe1
[  620s] [161/569] installing perl-Scalar-List-Utils-3:1.52-2.oe1
[  621s] [162/569] installing perl-Time-HiRes-1.9760-2.oe1
[  623s] [163/569] installing perl-Unicode-Normalize-1.26-419.oe1
[  624s] [164/569] installing systemd-libs-243-22.oe1
[  627s] [165/569] installing guile-5:2.0.14-15.oe1
[  636s] [166/569] installing dbus-libs-1:1.12.20-3.oe1
[  639s] [167/569] installing zip-3.0-29.oe1
[  642s] [168/569] installing libfdisk-2.36.1-3.oe1
[  646s] [169/569] installing libtcnative-1-0-1.2.23-3.oe1
[  649s] [170/569] installing newt-0.52.21-4.oe1
[  652s] [171/569] installing p11-kit-0.23.22-1.oe1
[  654s] [172/569] installing procps-ng-3.3.16-15.oe1
[  656s] [173/569] installing elfutils-libs-0.185-3.oe1
[  658s] [174/569] installing libmount-2.36.1-3.oe1
[  661s] [175/569] installing lua-posix-33.3.1-12.oe1
[  663s] [176/569] installing unzip-6.0-47.oe1
[  665s] [177/569] installing cracklib-2.9.7-6.oe1
[  671s] [178/569] installing e2fsprogs-1.45.6-3.oe1
[  678s] [179/569] installing findutils-2:4.7.0-7.oe1
[  682s] [180/569] installing libsemanage-3.1-4.oe1
[  684s] [181/569] installing make-1:4.2.1-15.oe1
[  686s] [182/569] installing sqlite-3.24.0-9.oe1
[  696s] [183/569] installing logrotate-3.15.1-2.oe1
[  698s] [184/569] installing freetype-2.10.2-3.oe1
[  700s] [185/569] installing glibc-devel-2.34-64.oe1
[  711s] [186/569] installing libgcrypt-devel-1.8.7-1.oe1
[  712s] [187/569] installing gnupg2-2.2.27-2.oe1
[  718s] [188/569] installing libarchive-3.5.1-1.oe1
[  720s] [189/569] installing dbus-tools-1:1.12.20-3.oe1
[  722s] [190/569] installing libxcrypt-devel-4.4.8-4.oe1
[  723s] [191/569] installing copy-jdk-configs-4.0-1.oe1
[  725s] [192/569] installing gpgme-1.15.1-1.oe1
[  727s] [193/569] installing obs-env-1.0-5.oe1
[  733s] [194/569] installing chkconfig-1.14-2.oe1
[  737s] [195/569] installing elfutils-0.185-3.oe1
[  739s] [196/569] installing xorg-x11-font-utils-1:7.5-43.oe1
[  740s] [197/569] installing fontconfig-2.13.92-1.oe1
[  746s] [198/569] installing glib2-2.66.8-1.oe1
[  752s] [199/569] installing rpm-libs-4.15.1-25.oe1
[  754s] [200/569] installing libcroco-0.6.12-13.oe1
[  756s] [201/569] installing gamin-0.1.10-38.oe1
[  758s] [202/569] installing libsecret-0.18.6-5.oe1
[  760s] [203/569] installing libverto-0.3.1-2.oe1
[  762s] [204/569] installing xorg-x11-fonts-others-7.5-24
[  777s] [205/569] installing libmodulemd-2.13.0-1.oe1
[  784s] [206/569] installing binutils-2.37-6.oe1
[  794s] [207/569] installing p11-kit-trust-0.23.22-1.oe1
[  797s] [208/569] installing babeltrace-1.5.8-1.oe1
[  801s] [209/569] installing ca-certificates-2020.2.46-2.oe1
[  809s] [210/569] installing gettext-0.20.1-2.oe1
[  816s] [211/569] installing krb5-libs-1.18.2-3.oe1
[  819s] [212/569] installing gcc-10.3.1-20220105.6.oe1
[  842s] [213/569] installing python-pip-wheel-19.2.3-2.fc32
[  843s] [214/569] installing libtirpc-1.3.1-1.oe1
[  845s] [215/569] installing cyrus-sasl-lib-2.1.27-10.oe1
[  848s] [216/569] installing libssh-0.9.5-1.oe1
[  850s] [217/569] installing gcc-c++-10.3.1-20220105.6.oe1
[  859s] [218/569] installing openldap-2.4.46-15.oe1
[  860s] [219/569] installing libnsl2-1.3.0-2.oe1
[  862s] [220/569] installing python3-3.8.5-13.oe1
[  896s] [221/569] installing python3-pyparsing-2.4.5-1.fc32
[  899s] [222/569] installing python3-setuptools-59.4.0-3.oe1
[  907s] [223/569] installing python3-setuptools_scm-3.3.3-6.fc32
[  909s] [224/569] installing python3-six-1.15.0-3.oe1
[  916s] [225/569] installing python3-gpgme-1.15.1-1.oe1
[  919s] [226/569] installing python3-lxml-4.4.1-3.fc32
[  925s] [227/569] installing python3-libcomps-0.1.15-1.oe1
[  927s] [228/569] installing libpsl-0.21.1-1.oe1
[  931s] [229/569] installing gdb-headless-9.2-5.oe1
[  939s] [230/569] installing systemtap-sdt-devel-4.1-3.oe1
[  940s] [231/569] installing gdb-9.2-5.oe1
[  942s] [232/569] installing python3-javapackages-5.3.0-3.oe1
[  944s] [233/569] installing python3-pip-19.2.3-2.fc32
[  950s] [234/569] installing libcurl-7.79.1-1.oe1
[  952s] [235/569] installing curl-7.79.1-1.oe1
[  953s] [236/569] installing librepo-1.14.2-2.oe1
[  956s] [237/569] installing rpm-4.15.1-25.oe1
[  959s] [238/569] installing efi-srpm-macros-4-3.oe1
[  961s] [239/569] installing cmake-rpm-macros-3.22.0-1.oe1
[  963s] [240/569] installing libsolv-0.7.20-1.oe1
[  965s] [241/569] installing python3-rpm-4.15.1-25.oe1
[  967s] [242/569] installing openEuler-rpm-config-30-22.oe1
[  971s] [243/569] installing cmake-3.22.0-1.oe1
[  985s] [244/569] installing libdnf-0.65.0-2.oe1
[  990s] [245/569] installing cmake-data-3.22.0-1.oe1
[ 1010s] [246/569] installing python3-libdnf-0.65.0-2.oe1
[ 1013s] [247/569] installing perl-4:5.28.0-435.oe1
[ 1025s] [248/569] installing perl-B-Debug-1.26-4.oe1
[ 1026s] [249/569] installing perl-Env-1.04-397.oe1
[ 1030s] [250/569] installing perl-Devel-PPPort-3.42-4.oe1
[ 1032s] [251/569] installing perl-Pod-Escapes-1:1.07-419.oe1
[ 1033s] [252/569] installing perl-Text-Tabs+Wrap-2013.0523-419.oe1
[ 1035s] [253/569] installing perl-Algorithm-Diff-1.1903-14.oe1
[ 1036s] [254/569] installing perl-Params-Check-1:0.38-418.oe1
[ 1037s] [255/569] installing perl-Term-Cap-1.17-510.oe1
[ 1038s] [256/569] installing perl-TermReadKey-2.38-2.oe1
[ 1039s] [257/569] installing perl-Text-Balanced-2.03-420.oe1
[ 1041s] [258/569] installing perl-threads-1:2.22-419.oe1
[ 1043s] [259/569] installing openssl-1:1.1.1f-2.oe1
[ 1045s] [260/569] installing perl-Config-Perl-V-0.30-5.oe1
[ 1046s] [261/569] installing perl-Error-1:0.17029-1.oe1
[ 1047s] [262/569] installing perl-Filter-2:1.59-2.oe1
[ 1048s] [263/569] installing perl-IPC-SysV-2.07-5.oe1
[ 1052s] [264/569] installing perl-Locale-Maketext-1:1.28-1.oe1
[ 1054s] [265/569] installing perl-constant-1.33-421.oe1
[ 1056s] [266/569] installing perl-MIME-Base64-3.15-418.oe1
[ 1058s] [267/569] installing perl-CPAN-Meta-YAML-0.018-420.oe1
[ 1063s] [268/569] installing perl-Socket-4:2.029-2.oe1
[ 1066s] [269/569] installing perl-Storable-1:3.15-2.oe1
[ 1068s] [270/569] installing python3-hawkey-0.65.0-2.oe1
[ 1070s] [271/569] installing perl-PerlIO-via-QuotedPrint-0.08-397.oe1
[ 1071s] [272/569] installing perl-Digest-1.17-419.oe1
[ 1072s] [273/569] installing perl-Filter-Simple-1:0.94-1.oe1
[ 1073s] [274/569] installing perl-IO-Socket-IP-0.39-420.oe1
[ 1074s] [275/569] installing perl-Text-Diff-1.45-7.oe1
[ 1076s] [276/569] installing perl-Time-Local-2:1.280-6.oe1
[ 1077s] [277/569] installing perl-version-8:0.99.24-3.oe1
[ 1078s] [278/569] installing perl-IPC-System-Simple-1.25-19.oe1
[ 1081s] [279/569] installing perl-threads-shared-1.59-2.oe1
[ 1083s] [280/569] installing perl-Compress-Raw-Bzip2-2.100-1.oe1
[ 1086s] [281/569] installing perl-Compress-Raw-Zlib-1:2.100-1.oe1
[ 1088s] [282/569] installing perl-Locale-Codes-3.58-2.oe1
[ 1091s] [283/569] installing perl-Math-BigInt-1:1.9998.13-5.oe1
[ 1093s] [284/569] installing perl-PathTools-3.75-4.oe1
[ 1096s] [285/569] installing python3-dnf-4.10.0-1.oe1
[ 1099s] [286/569] installing perl-Data-Dumper-2.172-3.oe1
[ 1101s] [287/569] installing perl-Sys-Syslog-0.35-420.oe1
[ 1103s] [288/569] installing perl-Encode-4:2.98-9.oe1
[ 1106s] [289/569] installing autogen-5.18.16-1.oe1
[ 1110s] [290/569] installing nodejs-1:16.10.0-1.oe1
[ 1112s] [291/569] installing systemd-243-22.oe1
[ 1128s] /var/tmp/rpm-tmp.lyHa8n: line 8: groupadd: command not found
[ 1128s] /var/tmp/rpm-tmp.lyHa8n: line 10: groupadd: command not found
[ 1128s] /var/tmp/rpm-tmp.lyHa8n: line 13: groupadd: command not found
[ 1128s] /var/tmp/rpm-tmp.lyHa8n: line 16: groupadd: command not found
[ 1128s] [292/569] installing dbus-common-1:1.12.20-3.oe1
[ 1130s] [293/569] installing nodejs-source-map-0.5.6-1.oe1
[ 1131s] [294/569] installing perl-Module-Load-1:0.32-418.oe1
[ 1132s] [295/569] installing nodejs-packaging-20-1.oe1
[ 1134s] [296/569] installing dnf-4.10.0-1.oe1
[ 1137s] Failed to preset unit, unit dnf-automatic.timer does not exist.
[ 1137s] Failed to preset unit, unit dnf-automatic-notifyonly.timer does not exist.
[ 1137s] Failed to preset unit, unit dnf-automatic-download.timer does not exist.
[ 1137s] Failed to preset unit, unit dnf-automatic-install.timer does not exist.
[ 1137s] [297/569] installing perl-File-Which-1.23-1.oe1
[ 1138s] [298/569] installing perl-Thread-Queue-3.13-3.oe1
[ 1139s] [299/569] installing perl-experimental-0.020-2.oe1
[ 1141s] [300/569] installing perl-Digest-MD5-2.55-419.oe1
[ 1143s] [301/569] installing perl-File-Path-2.16-4.oe1
[ 1145s] [302/569] installing perl-Math-BigInt-FastCalc-0.500.700-4.oe1
[ 1147s] [303/569] installing perl-Module-Metadata-1.000036-3.oe1
[ 1148s] [304/569] installing perl-CPAN-Meta-Requirements-2.140-419.oe1
[ 1149s] [305/569] installing perl-Encode-devel-4:2.98-9.oe1
[ 1151s] [306/569] installing perl-HTTP-Tiny-0.076-3.oe1
[ 1152s] [307/569] installing perl-Math-BigRat-0.2614-2.oe1
[ 1154s] [308/569] installing audit-1:3.0-2.oe1
[ 1158s] [309/569] installing perl-DB_File-1.842-2.oe1
[ 1162s] [310/569] installing perl-autodie-2.29-398.oe1
[ 1163s] [311/569] installing perl-Unicode-Collate-1.25-4.oe1
[ 1166s] [312/569] installing perl-IO-Compress-2.081-6.oe1
[ 1168s] [313/569] installing perl-podlators-1:4.14-1.oe1
[ 1169s] [314/569] installing perl-ExtUtils-Command-1:7.60-1.oe1
[ 1170s] [315/569] installing perl-ExtUtils-Manifest-1:1.71-4.oe1
[ 1171s] [316/569] installing perl-bignum-0.50-4.oe1
[ 1173s] [317/569] installing perl-File-Temp-1:0.230.800-4.oe1
[ 1174s] [318/569] installing perl-libnet-3.11-420.oe1
[ 1176s] [319/569] installing pam-1.5.1-1.oe1
[ 1184s] [320/569] installing libpwquality-1.4.4-1.oe1
[ 1187s] [321/569] installing perl-File-HomeDir-1.004-4.oe1
[ 1191s] [322/569] installing shadow-2:4.8.1-5.oe1
[ 1193s] [323/569] installing perl-Test-Simple-2:1.302175-2.oe1
[ 1195s] [324/569] installing libutempter-1.1.6-16.oe1
[ 1198s] [325/569] installing unbound-libs-1.10.1-4.oe1
[ 1203s] [326/569] installing dbus-daemon-1:1.12.20-3.oe1
[ 1208s] [327/569] installing openssh-server-8.2p1-10.oe1
[ 1213s] Created symlink /etc/systemd/system/multi-user.target.wants/sshd.service -> /usr/lib/systemd/system/sshd.service.
[ 1213s] [328/569] installing groff-1.22.4-4.oe1
[ 1221s] [329/569] installing dbus-1:1.12.20-3.oe1
[ 1222s] [330/569] installing man-db-2.9.3-2.oe1
[ 1227s] [331/569] installing perl-Pod-Perldoc-1:3.28-3.oe1
[ 1228s] [332/569] installing gnutls-3.6.15-3.oe1
[ 1233s] [333/569] installing util-linux-2.36.1-3.oe1
[ 1239s] [334/569] installing nss-help-3.72.0-2.oe1
[ 1243s] [335/569] installing perl-Pod-Usage-4:1.69-418.oe1
[ 1244s] [336/569] installing device-mapper-8:1.02.172-1.oe1
[ 1247s] [337/569] installing openssh-8.2p1-10.oe1
[ 1249s] [338/569] installing perl-Getopt-Long-1:2.52-1.oe1
[ 1251s] [339/569] installing cryptsetup-2.3.3-3.oe1
[ 1255s] [340/569] installing device-mapper-event-8:1.02.172-1.oe1
[ 1258s] Created symlink /etc/systemd/system/sockets.target.wants/dm-event.socket -> /usr/lib/systemd/system/dm-event.socket.
[ 1258s] [341/569] installing nss-3.72.0-2.oe1
[ 1266s] [342/569] installing openssh-clients-8.2p1-10.oe1
[ 1268s] [343/569] installing nss-util-3.72.0-2.oe1
[ 1272s] [344/569] installing perl-ExtUtils-ParseXS-2:3.35-1.oe1
[ 1274s] [345/569] installing perl-Module-CoreList-1:5.20180920-2.oe1
[ 1275s] [346/569] installing perl-Digest-SHA-1:6.02-7.oe1
[ 1277s] [347/569] installing perl-Pod-Parser-1.63-397.oe1
[ 1278s] [348/569] installing perl-Pod-Simple-1:3.35-418.oe1
[ 1280s] [349/569] installing perl-Test-Harness-1:3.43_02-1.oe1
[ 1282s] [350/569] installing perl-Archive-Tar-2.30-421.oe1
[ 1283s] [351/569] installing perl-JSON-PP-1:4.04-2.oe1
[ 1285s] [352/569] installing lvm2-8:2.03.11-1.oe1
[ 1290s] Created symlink /etc/systemd/system/sysinit.target.wants/lvm2-lvmpolld.socket -> /usr/lib/systemd/system/lvm2-lvmpolld.socket.
[ 1290s] [353/569] installing autoconf-2.69-30.oe1
[ 1293s] [354/569] installing git-2.23.0-12.oe1
[ 1304s] [355/569] installing nss-softokn-3.72.0-2.oe1
[ 1308s] [356/569] installing perl-Pod-Checker-4:1.73-398.oe1
[ 1310s] [357/569] installing perl-Git-2.23.0-12.oe1
[ 1311s] [358/569] installing perl-CPAN-Meta-2.150010-419.oe1
[ 1314s] [359/569] installing perl-Module-Load-Conditional-0.68-418.oe1
[ 1315s] [360/569] installing automake-1.16.1-6.oe1
[ 1318s] [361/569] installing perl-ExtUtils-MakeMaker-1:7.60-1.oe1
[ 1319s] [362/569] installing perl-ExtUtils-Install-2.14-419.oe1
[ 1321s] [363/569] installing perl-IPC-Cmd-2:1.04-4.oe1
[ 1322s] [364/569] installing java-1.8.0-openjdk-headless-1:1.8.0.181.b15-1.1.riscv64.fc29
[ 1358s] [365/569] installing rpm-build-4.15.1-25.oe1
[ 1361s] [366/569] installing ant-lib-1.10.5-2.fc29
[ 1365s] [367/569] installing aopalliance-1.0-19.oe1
[ 1366s] [368/569] installing apache-commons-cli-1.4-6.oe1
[ 1367s] [369/569] installing apache-commons-collections-3.2.2-11.oe1
[ 1369s] [370/569] installing apache-commons-compress-1.17-6.oe1
[ 1371s] [371/569] installing apache-commons-lang-2.6-23.oe1
[ 1373s] [372/569] installing apache-commons-lang3-3.9-3.oe1
[ 1376s] [373/569] installing apache-ivy-2.4.0-17.oe1
[ 1384s] [374/569] installing apache-resource-bundles-2-23.oe1
[ 1385s] [375/569] installing atinject-1-31.oe1
[ 1386s] [376/569] installing avalon-logkit-2.1-32.oe1
[ 1388s] [377/569] installing bea-stax-api-1.2.0-18.oe1
[ 1389s] [378/569] installing beust-jcommander-1.71-7.oe1
[ 1390s] [379/569] installing codemodel-2.6-1.oe1
[ 1391s] [380/569] installing dain-snappy-0.4-7.oe1
[ 1395s] [381/569] installing extra166y-1.7.0-11.oe1
[ 1402s] [382/569] installing felix-utils-1.10.4-4.oe1
[ 1403s] [383/569] installing geronimo-annotation-1.0-25.oe1
[ 1405s] [384/569] installing geronimo-interceptor-1.0.1-20.oe1
[ 1406s] [385/569] installing glassfish-dtd-parser-1.2-1.oe1
[ 1407s] [386/569] installing glassfish-el-api-3.0.1-0.7.b09.oe1
[ 1408s] [387/569] installing glassfish-jaxb-api-2.2.12-11.oe1
[ 1409s] [388/569] installing guava20-20.0-8.fc29
[ 1414s] [389/569] installing hawtjni-runtime-1.16-4.oe1
[ 1420s] [390/569] installing hibernate-jpa-2.0-api-1.0.1-1.oe1
[ 1423s] [391/569] installing httpcomponents-core-4.4.10-4.oe1
[ 1438s] [392/569] installing istack-commons-runtime-2.21-1.oe1
[ 1439s] [393/569] installing jboss-interceptors-1.2-api-1.0.0-9.oe1
[ 1441s] [394/569] installing jcodings-1.0.9-15.oe1
[ 1444s] [395/569] installing jdom2-2.0.6-14.oe1
[ 1446s] [396/569] installing jzlib-1.1.3-11.oe1
[ 1447s] [397/569] installing maven-monitor-2.2.1-60.oe1
[ 1448s] [398/569] installing maven-resolver-api-1:1.1.1-3.oe1
[ 1450s] [399/569] installing multiverse-0.7.0-10.oe1
[ 1455s] [400/569] installing objenesis-2.6-4.oe1
[ 1458s] [401/569] installing osgi-annotation-7.0.0-1.oe1
[ 1460s] [402/569] installing osgi-core-7.0.0-1.oe1
[ 1464s] [403/569] installing plexus-cipher-1.7-16.oe1
[ 1465s] [404/569] installing plexus-classworlds-2.5.2-10.oe1
[ 1467s] [405/569] installing plexus-containers-component-annotations-1.7.1-7.oe1
[ 1468s] [406/569] installing plexus-interpolation-1.22-11.oe1
[ 1469s] [407/569] installing plexus-utils-3.1.0-4.oe1
[ 1470s] [408/569] installing qdox-2.0-5.M9.oe1
[ 1471s] [409/569] installing relaxngDatatype-2011.1-9.oe1
[ 1472s] [410/569] installing slf4j-1.7.25-8.oe1
[ 1473s] [411/569] installing sonatype-oss-parent-7-17.oe1
[ 1474s] [412/569] installing xml-commons-apis-1.4.01-29.oe1
[ 1482s] [413/569] installing xmvn-api-3.0.0-25.oe1
[ 1484s] [414/569] installing xmvn-core-3.0.0-25.oe1
[ 1486s] [415/569] installing xpp3-1.1.4-21.oe1
[ 1488s] [416/569] installing xz-java-1.8-4.oe1
[ 1490s] [417/569] installing ecj-1:4.9-1.fc29
[ 1492s] [418/569] installing netty-tcnative-1.1.33-1.oe1
[ 1494s] [419/569] installing antlr-tool-2.7.7-60.oe1
[ 1496s] [420/569] installing javapackages-tools-5.3.0-3.oe1
[ 1499s] [421/569] installing tomcat-el-3.0-api-1:9.0.10-1.fc29
[ 1502s] [422/569] installing tomcat-servlet-4.0-api-1:9.0.10-1.fc29
[ 1503s] [423/569] installing gcc_secure-1.0-0.9.oe1
[ 1505s] [424/569] installing perl-File-Fetch-0.56-4.oe1
[ 1506s] [425/569] installing perl-devel-4:5.28.0-435.oe1
[ 1517s] [426/569] installing java-1.8.0-openjdk-1:1.8.0.181.b15-1.1.riscv64.fc29
[ 1519s] [427/569] installing apache-commons-codec-1.11-4.fc29
[ 1522s] [428/569] installing apache-commons-logging-1.2-14.fc29
[ 1523s] [429/569] installing geronimo-validation-1.1-19.fc29
[ 1524s] [430/569] installing glassfish-jaxb-codemodel-2.2.11-10.fc29
[ 1525s] [431/569] installing glassfish-jaxb-txw2-2.2.11-10.fc29
[ 1526s] [432/569] installing javaparser-1.0.11-6.fc29
[ 1533s] [433/569] installing jts-1.15.0-2.fc29
[ 1535s] [434/569] installing osgi-compendium-6.0.0-6.fc29
[ 1536s] [435/569] installing avalon-framework-4.3-22.oe1
[ 1537s] [436/569] installing bytelist-1.0.8-16.fc29
[ 1539s] [437/569] installing glassfish-jaxb-rngom-2.2.11-10.fc29
[ 1540s] [438/569] installing jansi-native-1.7-7.oe1
[ 1542s] [439/569] installing jcl-over-slf4j-1.7.25-8.oe1
[ 1543s] [440/569] installing jcsp-1.1-0.13.oe1
[ 1553s] [441/569] installing kxml-2.3.0-19.oe1
[ 1554s] [442/569] installing maven-artifact-2.2.1-60.oe1
[ 1557s] [443/569] installing maven-model-2.2.1-60.oe1
[ 1559s] [444/569] installing maven-resolver-spi-1:1.1.1-3.oe1
[ 1560s] [445/569] installing maven-resolver-util-1:1.1.1-3.oe1
[ 1561s] [446/569] installing maven-wagon-provider-api-3.1.0-2.oe1
[ 1568s] [447/569] installing plexus-build-api-0.0.7-23.oe1
[ 1571s] [448/569] installing plexus-component-api-1.0-0.25.alpha16.oe1
[ 1573s] [449/569] installing stax-ex-1.7.7-11.oe1
[ 1574s] [450/569] installing xsom-0-1.oe1
[ 1576s] [451/569] installing xstream-1.4.9-8.fc29
[ 1581s] [452/569] installing istack-commons-tools-2.21-1.oe1
[ 1587s] [453/569] installing log4j12-1.2.17-23.fc29
[ 1590s] [454/569] installing maven-invoker-2.2-9.oe1
[ 1592s] [455/569] installing netty3-3.10.6-5.fc29
[ 1596s] [456/569] installing objectweb-asm-7.0-1.oe1
[ 1604s] [457/569] installing plexus-sec-dispatcher-1.4-26.oe1
[ 1606s] [458/569] installing velocity-1.7-26.oe1
[ 1608s] [459/569] installing xml-commons-resolver-1.2-27.oe1
[ 1609s] [460/569] installing xmvn-connector-aether-3.0.0-25.oe1
[ 1610s] [461/569] installing cdi-api-1.2-9.oe1
[ 1611s] [462/569] installing google-guice-4.1-13.oe1
[ 1613s] [463/569] installing xmvn-resolve-3.0.0-25.oe1
[ 1614s] [464/569] installing xmvn-subst-3.0.0-25.oe1
[ 1615s] [465/569] installing java-1.8.0-openjdk-devel-1:1.8.0.181.b15-1.1.riscv64.fc29
[ 1629s] [466/569] installing bsf-2.4.0-32.oe1
[ 1630s] [467/569] installing cglib-3.2.4-8.fc29
[ 1632s] [468/569] installing fontbox-2.0.9-2.fc29
[ 1634s] [469/569] installing xmlstreambuffer-1.5.4-1.oe1
[ 1636s] [470/569] installing apache-commons-beanutils-1.9.4-2.oe1
[ 1637s] [471/569] installing apache-commons-configuration-1.10-13.oe1
[ 1643s] [472/569] installing jakarta-commons-httpclient-1:3.1-30.oe1
[ 1671s] [473/569] installing jansi-1.17.1-2.oe1
[ 1672s] [474/569] installing maven-dependency-tree-3.0-7.oe1
[ 1674s] [475/569] installing plexus-interactivity-api-1.0-0.27.alpha6.fc29
[ 1675s] [476/569] installing plexus-languages-0.9.10-4.oe1
[ 1677s] [477/569] installing felix-bundlerepository-2.0.10-6.oe1
[ 1679s] [478/569] installing glassfish-jaxb-core-2.2.11-10.fc29
[ 1680s] [479/569] installing maven-resolver-impl-1:1.1.1-3.oe1
[ 1681s] [480/569] installing xmvn-mojo-3.0.0-25.oe1
[ 1683s] [481/569] installing aqute-bndlib-3.5.0-4.fc29
[ 1685s] [482/569] installing httpcomponents-client-4.5.5-6.oe1
[ 1688s] [483/569] installing sisu-inject-1:0.3.3-5.oe1
[ 1697s] [484/569] installing xerces-j2-2.11.0-37.oe1
[ 1701s] [485/569] installing xmvn-install-3.0.0-25.oe1
[ 1702s] [486/569] installing jline-2.14.6-4.oe1
[ 1705s] [487/569] installing glassfish-fastinfoset-1.2.13-11.oe1
[ 1707s] [488/569] installing easymock-3.5-4.fc29
[ 1709s] [489/569] installing springframework-3.2.18-4.fc28
[ 1710s] [490/569] installing xalan-j2-2.7.1-38.fc29
[ 1713s] [491/569] installing javapackages-local-5.3.0-3.oe1
[ 1716s] [492/569] installing glassfish-jaxb-xjc-2.2.11-10.fc29
[ 1719s] [493/569] installing groovy-lib-2.4.8-7.fc29
[ 1729s] [494/569] installing springframework-expression-3.2.18-4.fc28
[ 1730s] [495/569] installing hamcrest-1.3-25.oe1
[ 1731s] [496/569] installing springframework-beans-3.2.18-4.fc28
[ 1735s] [497/569] installing glassfish-jaxb-runtime-2.2.11-10.fc29
[ 1737s] [498/569] installing bsh-2.0-15.b6.oe1
[ 1739s] [499/569] installing gpars-1.2.1-12.fc29
[ 1742s] [500/569] installing scala-2.10.6-14.fc29
[ 1761s] [501/569] installing xbean-4.9-3.oe1
[ 1776s] [502/569] installing junit-1:4.12-14.oe1
[ 1778s] [503/569] installing parboiled-1.1.6-17.oe1
[ 1780s] [504/569] installing springframework-aop-3.2.18-4.fc28
[ 1782s] [505/569] installing plexus-containers-container-default-1.7.1-7.oe1
[ 1785s] [506/569] installing apache-commons-io-1:2.6-7.oe1
[ 1786s] [507/569] installing maven-doxia-logging-api-1.7-12.oe1
[ 1787s] [508/569] installing pegdown-1.4.2-14.oe1
[ 1790s] [509/569] installing maven-plugin-registry-2.2.1-60.oe1
[ 1791s] [510/569] installing plexus-i18n-1.0-0.12.b10.6.oe1
[ 1792s] [511/569] installing plexus-resources-1.0-0.25.a7.oe1
[ 1794s] [512/569] installing plexus-cli-1.6-9.oe1
[ 1795s] [513/569] installing plexus-velocity-1.2-6.oe1
[ 1797s] [514/569] installing xmlunit-1.6-10.oe1
[ 1799s] [515/569] installing maven-profile-2.2.1-60.oe1
[ 1801s] [516/569] installing maven-settings-2.2.1-60.oe1
[ 1803s] [517/569] installing springframework-context-3.2.18-4.fc28
[ 1805s] [518/569] installing maven-doxia-sink-api-1.7-12.oe1
[ 1807s] [519/569] installing maven-shared-utils-3.2.1-2.oe1
[ 1809s] [520/569] installing plexus-io-3.0.0-4.oe1
[ 1811s] [521/569] installing xmlgraphics-commons-2.2-3.oe1
[ 1823s] [522/569] installing maven-reporting-api-3.0-17.oe1
[ 1825s] [523/569] installing maven-verifier-1.6-8.oe1
[ 1827s] [524/569] installing batik-1.10-2.fc29
[ 1834s] [525/569] installing plexus-archiver-3.6.0-3.oe1
[ 1839s] [526/569] installing maven-doxia-core-1.7-12.oe1
[ 1840s] [527/569] installing maven-lib-1:3.5.4-8.oe1
[ 1843s] [528/569] installing maven-artifact-resolver-1:1.0-21.oe1
[ 1844s] [529/569] installing batik-css-1.10-2.fc29
[ 1845s] [530/569] installing maven-common-artifact-filters-3.0.1-7.oe1
[ 1847s] [531/569] installing maven-enforcer-api-1.4.1-11.oe1
[ 1848s] [532/569] installing maven-plugin-testing-harness-3.3.0-14.oe1
[ 1849s] [533/569] installing maven-shared-incremental-1.1-16.oe1
[ 1851s] [534/569] installing maven-doxia-module-apt-1.7-12.oe1
[ 1852s] [535/569] installing maven-doxia-module-fml-1.7-12.oe1
[ 1853s] [536/569] installing maven-doxia-module-xdoc-1.7-12.oe1
[ 1854s] [537/569] installing maven-doxia-module-xhtml-1.7-12.oe1
[ 1855s] [538/569] installing maven-artifact-manager-2.2.1-60.oe1
[ 1857s] [539/569] installing maven-filtering-3.1.1-7.oe1
[ 1859s] [540/569] installing maven-archiver-3.2.0-5.oe1
[ 1861s] [541/569] installing fop-2.2-2.fc29
[ 1866s] [542/569] installing xmvn-minimal-3.0.0-25.oe1
[ 1867s] [543/569] installing maven-jar-plugin-3.1.0-3.oe1
[ 1868s] [544/569] installing maven-resources-plugin-3.1.0-4.oe1
[ 1869s] [545/569] installing maven-doxia-module-markdown-1.7-12.oe1
[ 1870s] [546/569] installing maven-artifact-transfer-1:0.9.0-7.oe1
[ 1871s] [547/569] installing maven-doxia-module-fo-1.7-12.oe1
[ 1872s] [548/569] installing maven-project-2.2.1-60.oe1
[ 1874s] [549/569] installing maven-enforcer-rules-1.4.1-11.oe1
[ 1875s] [550/569] installing plexus-containers-component-metadata-1.7.1-7.oe1
[ 1876s] [551/569] installing maven-remote-resources-plugin-1.5-4.oe1
[ 1878s] [552/569] installing maven-doxia-sitetools-1.7.5-5.oe1
[ 1881s] [553/569] installing maven-enforcer-plugin-1.4.1-11.oe1
[ 1882s] [554/569] installing maven-reporting-impl-3.0.0-5.oe1
[ 1883s] [555/569] installing maven-javadoc-plugin-3.0.1-3.oe1
[ 1891s] [556/569] installing plexus-pom-5.0-4.oe1
[ 1893s] [557/569] installing apache-parent-19-5.oe1
[ 1897s] [558/569] installing maven-plugin-bundle-3.5.0-5.oe1
[ 1900s] [559/569] installing maven-parent-27-7.oe1
[ 1901s] [560/569] installing plexus-components-pom-1.3.1-14.oe1
[ 1903s] [561/569] installing plexus-compiler-2.8.2-4.oe1
[ 1907s] [562/569] installing maven-plugin-tools-3.5.1-7.oe1
[ 1911s] [563/569] installing maven-compiler-plugin-3.8.0-2.oe1
[ 1914s] [564/569] installing maven-surefire-2.22.0-6.oe1
[ 1916s] [565/569] installing maven-jaxb2-plugin-0.13.0-1.oe1
[ 1918s] [566/569] installing maven-surefire-plugin-2.22.0-6.oe1
[ 1920s] [567/569] installing maven-surefire-provider-junit-2.22.0-6.oe1
[ 1922s] [568/569] installing maven-surefire-provider-testng-2.22.0-6.oe1
[ 1925s] [569/569] installing maven-local-5.3.0-3.oe1
[ 1926s] removing nis flags from /var/cache/obs/worker/root_1/etc/nsswitch.conf...
[ 1927s] now finalizing build dir...
[ 1940s] Running build time source services...
[ 1955s] -----------------------------------------------------------------
[ 1955s] ----- building jaxb2-common-basics.spec (user abuild)
[ 1955s] -----------------------------------------------------------------
[ 1955s] -----------------------------------------------------------------
[ 1961s] + exec rpmbuild -ba --define '_srcdefattr (-,root,root)' --nosignature --define 'disturl obs://private/openEuler:Mainline:RISC-V/advanced_riscv64/ba4202236200ebfa13d7a76502ba32b7-jaxb2-common-basics' /home/abuild/rpmbuild/SOURCES/jaxb2-common-basics.spec
[ 1962s] Executing(%prep): /bin/sh -e /var/tmp/rpm-tmp.re6vSa
[ 1962s] + umask 022
[ 1962s] + cd /home/abuild/rpmbuild/BUILD
[ 1962s] + cd /home/abuild/rpmbuild/BUILD
[ 1962s] + rm -rf jaxb2-basics-0.9.5
[ 1962s] + /usr/bin/tar -xof -
[ 1962s] + /usr/bin/gzip -dc /home/abuild/rpmbuild/SOURCES/0.9.5.tar.gz
[ 1963s] + STATUS=0
[ 1963s] + '[' 0 -ne 0 ']'
[ 1963s] + cd jaxb2-basics-0.9.5
[ 1963s] + /usr/bin/chmod -Rf a+rX,u+w,g-w,o-w .
[ 1963s] + echo 'Patch #0 (0001-Port-to-latest-version-of-javaparser.patch):'
[ 1963s] Patch #0 (0001-Port-to-latest-version-of-javaparser.patch):
[ 1963s] + /usr/bin/patch --no-backup-if-mismatch -p1 --fuzz=0
[ 1963s] patching file basic/pom.xml
[ 1963s] patching file basic/src/main/java/org/jvnet/jaxb2_commons/plugin/inheritance/util/JavaTypeParser.java
[ 1963s] patching file basic/src/main/java/org/jvnet/jaxb2_commons/plugin/inheritance/util/TypeToJTypeConvertingVisitor.java
[ 1963s] patching file basic/src/test/java/org/jvnet/jaxb2_commons/plugin/inheritance/tests/JavaTypeParserTest.java
[ 1964s] patching file pom.xml
[ 1964s] + find -name '*.bat' -print -delete
[ 1964s] ./build-1.6.bat
[ 1964s] ./deploy.bat
[ 1964s] ./full-build-1.6.bat
[ 1964s] ./install-1.6.bat
[ 1964s] ./install.bat
[ 1964s] ./qrelease.bat
[ 1964s] ./release.bat
[ 1964s] ./tests/build-1.5.bat
[ 1964s] ./tests/build-1.6.bat
[ 1964s] + find -name '*.class' -print -delete
[ 1964s] + find -name '*.jar' -print -delete
[ 1965s] + /usr/bin/python3 /usr/share/java-utils/pom_editor.py pom_remove_plugin :maven-source-plugin
[ 1967s] + /usr/bin/python3 /usr/share/java-utils/pom_editor.py pom_remove_plugin :maven-deploy-plugin plugins
[ 1969s] + /usr/bin/python3 /usr/share/java-utils/pom_editor.py pom_remove_plugin :maven-shade-plugin plugins
[ 1971s] + /usr/bin/python3 /usr/share/java-utils/pom_editor.py pom_disable_module dist
[ 1973s] + /usr/bin/python3 /usr/share/java-utils/pom_editor.py pom_disable_module samples
[ 1976s] + /usr/bin/python3 /usr/share/java-utils/pom_editor.py pom_disable_module tests
[ 1978s] + /usr/bin/python3 /usr/share/java-utils/pom_editor.py pom_change_dep :ant-optional org.apache.ant:ant
[ 1980s] + /usr/bin/python3 /usr/share/java-utils/pom_editor.py pom_change_dep :maven-jaxb2-plugin :maven-jaxb22-plugin
[ 1981s] + /usr/bin/python3 /usr/share/java-utils/pom_editor.py pom_change_dep -r org.springframework:spring org.springframework:spring-context
[ 1983s] + /usr/bin/python3 /usr/share/java-utils/pom_editor.py pom_xpath_set 'pom:dependency[pom:artifactId = '\''tools'\'' ]/pom:groupId' com.sun
[ 1985s] + /usr/bin/python3 /usr/share/java-utils/pom_editor.py pom_xpath_remove 'pom:dependency[pom:artifactId = '\''tools'\'' ]/pom:scope'
[ 1987s] + /usr/bin/python3 /usr/share/java-utils/pom_editor.py pom_xpath_remove 'pom:dependency[pom:artifactId = '\''tools'\'' ]/pom:systemPath'
[ 1988s] + /usr/bin/python3 /usr/share/java-utils/pom_editor.py pom_xpath_set 'pom:plugin[pom:groupId = '\''org.jvnet.jaxb2.maven2'\'' ]/pom:artifactId' maven-jaxb22-plugin
[ 1990s] ++ find -name '*.java'
[ 1991s] + sed -i -e 's/com\.vividsolutions\.jts/org.locationtech.jts/' ./ant/src/main/java/org/jvnet/jaxb2_commons/xjc/XJC2Task.java ./basic/src/main/java/org/jvnet/jaxb2_commons/plugin/Customizations.java ./basic/src/main/java/org/jvnet/jaxb2_commons/plugin/CustomizedIgnoring.java ./basic/src/main/java/org/jvnet/jaxb2_commons/plugin/Ignoring.java ./basic/src/main/java/org/jvnet/jaxb2_commons/plugin/autoinheritance/AutoInheritancePlugin.java ./basic/src/main/java/org/jvnet/jaxb2_commons/plugin/codegenerator/AbstractCodeGenerationImplementor.java ./basic/src/main/java/org/jvnet/jaxb2_commons/plugin/codegenerator/AbstractCodeGenerator.java ./basic/src/main/java/org/jvnet/jaxb2_commons/plugin/codegenerator/AbstractCodeGeneratorPlugin.java ./basic/src/main/java/org/jvnet/jaxb2_commons/plugin/codegenerator/Arguments.java ./basic/src/main/java/org/jvnet/jaxb2_commons/plugin/codegenerator/ArrayCodeGenerator.java ./basic/src/main/java/org/jvnet/jaxb2_commons/plugin/codegenerator/BooleanCodeGenerator.java ./basic/src/main/java/org/jvnet/jaxb2_commons/plugin/codegenerator/ByteCodeGenerator.java ./basic/src/main/java/org/jvnet/jaxb2_commons/plugin/codegenerator/CharCodeGenerator.java ./basic/src/main/java/org/jvnet/jaxb2_commons/plugin/codegenerator/CodeGenerationAbstraction.java ./basic/src/main/java/org/jvnet/jaxb2_commons/plugin/codegenerator/CodeGenerationImplementor.java ./basic/src/main/java/org/jvnet/jaxb2_commons/plugin/codegenerator/CodeGenerator.java ./basic/src/main/java/org/jvnet/jaxb2_commons/plugin/codegenerator/DoubleCodeGenerator.java ./basic/src/main/java/org/jvnet/jaxb2_commons/plugin/codegenerator/FloatCodeGenerator.java ./basic/src/main/java/org/jvnet/jaxb2_commons/plugin/codegenerator/IntCodeGenerator.java ./basic/src/main/java/org/jvnet/jaxb2_commons/plugin/codegenerator/JAXBElementCodeGenerator.java ./basic/src/main/java/org/jvnet/jaxb2_commons/plugin/codegenerator/ListCodeGenerator.java ./basic/src/main/java/org/jvnet/jaxb2_commons/plugin/codegenerator/LongCodeGenerator.java ./basic/src/main/java/org/jvnet/jaxb2_commons/plugin/codegenerator/ObjectCodeGenerator.java ./basic/src/main/java/org/jvnet/jaxb2_commons/plugin/codegenerator/ShortCodeGenerator.java ./basic/src/main/java/org/jvnet/jaxb2_commons/plugin/copyable/CopyablePlugin.java ./basic/src/main/java/org/jvnet/jaxb2_commons/plugin/copyable/Customizations.java ./basic/src/main/java/org/jvnet/jaxb2_commons/plugin/elementwrapper/Customizations.java ./basic/src/main/java/org/jvnet/jaxb2_commons/plugin/elementwrapper/ElementWrapperPlugin.java ./basic/src/main/java/org/jvnet/jaxb2_commons/plugin/elementwrapper/ElementWrapperPlugin1.java ./basic/src/main/java/org/jvnet/jaxb2_commons/plugin/enumvalue/Customizations.java ./basic/src/main/java/org/jvnet/jaxb2_commons/plugin/enumvalue/EnumValuePlugin.java ./basic/src/main/java/org/jvnet/jaxb2_commons/plugin/equals/Customizations.java ./basic/src/main/java/org/jvnet/jaxb2_commons/plugin/equals/EqualsPlugin.java ./basic/src/main/java/org/jvnet/jaxb2_commons/plugin/fixjaxb1058/FixJAXB1058Plugin.java ./basic/src/main/java/org/jvnet/jaxb2_commons/plugin/hashcode/Customizations.java ./basic/src/main/java/org/jvnet/jaxb2_commons/plugin/hashcode/HashCodePlugin.java ./basic/src/main/java/org/jvnet/jaxb2_commons/plugin/inheritance/Customizations.java ./basic/src/main/java/org/jvnet/jaxb2_commons/plugin/inheritance/ExtendsClass.java ./basic/src/main/java/org/jvnet/jaxb2_commons/plugin/inheritance/ImplementsInterface.java ./basic/src/main/java/org/jvnet/jaxb2_commons/plugin/inheritance/InheritancePlugin.java ./basic/src/main/java/org/jvnet/jaxb2_commons/plugin/inheritance/ObjectFactory.java ./basic/src/main/java/org/jvnet/jaxb2_commons/plugin/inheritance/ObjectFactoryCustomization.java ./basic/src/main/java/org/jvnet/jaxb2_commons/plugin/inheritance/util/JavaTypeParser.java ./basic/src/main/java/org/jvnet/jaxb2_commons/plugin/inheritance/util/TypeToJTypeConvertingVisitor.java ./basic/src/main/java/org/jvnet/jaxb2_commons/plugin/jaxbindex/JaxbIndexPlugin.java ./basic/src/main/java/org/jvnet/jaxb2_commons/plugin/mergeable/Customizations.java ./basic/src/main/java/org/jvnet/jaxb2_commons/plugin/mergeable/MergeablePlugin.java ./basic/src/main/java/org/jvnet/jaxb2_commons/plugin/model/AbstractModelPlugin.java ./basic/src/main/java/org/jvnet/jaxb2_commons/plugin/setters/Customizations.java ./basic/src/main/java/org/jvnet/jaxb2_commons/plugin/setters/SettersPlugin.java ./basic/src/main/java/org/jvnet/jaxb2_commons/plugin/simpleequals/EqualsArguments.java ./basic/src/main/java/org/jvnet/jaxb2_commons/plugin/simpleequals/EqualsCodeGenerationImplementor.java ./basic/src/main/java/org/jvnet/jaxb2_commons/plugin/simpleequals/EqualsCodeGenerator.java ./basic/src/main/java/org/jvnet/jaxb2_commons/plugin/simpleequals/SimpleEqualsPlugin.java ./basic/src/main/java/org/jvnet/jaxb2_commons/plugin/simplehashcode/HashCodeArguments.java ./basic/src/main/java/org/jvnet/jaxb2_commons/plugin/simplehashcode/HashCodeCodeGenerationImplementor.java ./basic/src/main/java/org/jvnet/jaxb2_commons/plugin/simplehashcode/HashCodeCodeGenerator.java ./basic/src/main/java/org/jvnet/jaxb2_commons/plugin/simplehashcode/SimpleHashCodePlugin.java ./basic/src/main/java/org/jvnet/jaxb2_commons/plugin/simpletostring/SimpleToStringPlugin.java ./basic/src/main/java/org/jvnet/jaxb2_commons/plugin/simplify/Customizations.java ./basic/src/main/java/org/jvnet/jaxb2_commons/plugin/simplify/SimplifyPlugin.java ./basic/src/main/java/org/jvnet/jaxb2_commons/plugin/tostring/Customizations.java ./basic/src/main/java/org/jvnet/jaxb2_commons/plugin/tostring/ToStringPlugin.java ./basic/src/main/java/org/jvnet/jaxb2_commons/plugin/util/ArrayUtils.java ./basic/src/main/java/org/jvnet/jaxb2_commons/plugin/util/FieldOutlineUtils.java ./basic/src/main/java/org/jvnet/jaxb2_commons/plugin/util/Predicate.java ./basic/src/main/java/org/jvnet/jaxb2_commons/plugin/util/StrategyClassUtils.java ./basic/src/main/java/org/jvnet/jaxb2_commons/plugin/wildcard/Customizations.java ./basic/src/main/java/org/jvnet/jaxb2_commons/plugin/wildcard/WildcardPlugin.java ./basic/src/test/java/org/jvnet/jaxb2_commons/plugin/copyable/tests/RunCopyablePlugin.java ./basic/src/test/java/org/jvnet/jaxb2_commons/plugin/equals/tests/RunEqualsPlugin.java ./basic/src/test/java/org/jvnet/jaxb2_commons/plugin/inheritance/tests/JavaParserTest.java ./basic/src/test/java/org/jvnet/jaxb2_commons/plugin/inheritance/tests/JavaTypeParserTest.java ./basic/src/test/java/org/jvnet/jaxb2_commons/plugin/mergeable/tests/RunMergeablePlugin.java ./basic/src/test/java/org/jvnet/jaxb2_commons/plugin/tostring/tests/RunToStringPlugin.java ./plugins/src/main/java/org/jvnet/jaxb2_commons/plugin/Dummy.java ./runtime/src/main/java/org/jvnet/jaxb2_commons/i18n/Reportable.java ./runtime/src/main/java/org/jvnet/jaxb2_commons/lang/ClassUtils.java ./runtime/src/main/java/org/jvnet/jaxb2_commons/lang/ContextUtils.java ./runtime/src/main/java/org/jvnet/jaxb2_commons/lang/CopyStrategy.java ./runtime/src/main/java/org/jvnet/jaxb2_commons/lang/CopyTo.java ./runtime/src/main/java/org/jvnet/jaxb2_commons/lang/DefaultCopyStrategy.java ./runtime/src/main/java/org/jvnet/jaxb2_commons/lang/DefaultEqualsStrategy.java ./runtime/src/main/java/org/jvnet/jaxb2_commons/lang/DefaultHashCodeStrategy.java ./runtime/src/main/java/org/jvnet/jaxb2_commons/lang/DefaultMergeStrategy.java ./runtime/src/main/java/org/jvnet/jaxb2_commons/lang/DefaultToStringStrategy.java ./runtime/src/main/java/org/jvnet/jaxb2_commons/lang/EnumValue.java ./runtime/src/main/java/org/jvnet/jaxb2_commons/lang/Equals.java ./runtime/src/main/java/org/jvnet/jaxb2_commons/lang/EqualsStrategy.java ./runtime/src/main/java/org/jvnet/jaxb2_commons/lang/HashCode.java ./runtime/src/main/java/org/jvnet/jaxb2_commons/lang/HashCodeStrategy.java ./runtime/src/main/java/org/jvnet/jaxb2_commons/lang/JAXBCopyStrategy.java ./runtime/src/main/java/org/jvnet/jaxb2_commons/lang/JAXBEqualsStrategy.java ./runtime/src/main/java/org/jvnet/jaxb2_commons/lang/JAXBHashCodeStrategy.java ./runtime/src/main/java/org/jvnet/jaxb2_commons/lang/JAXBMergeCollectionsStrategy.java ./runtime/src/main/java/org/jvnet/jaxb2_commons/lang/JAXBMergeStrategy.java ./runtime/src/main/java/org/jvnet/jaxb2_commons/lang/JAXBToStringStrategy.java ./runtime/src/main/java/org/jvnet/jaxb2_commons/lang/MergeFrom.java ./runtime/src/main/java/org/jvnet/jaxb2_commons/lang/MergeStrategy.java ./runtime/src/main/java/org/jvnet/jaxb2_commons/lang/StringUtils.java ./runtime/src/main/java/org/jvnet/jaxb2_commons/lang/ToString.java ./runtime/src/main/java/org/jvnet/jaxb2_commons/lang/ToStringStrategy.java ./runtime/src/main/java/org/jvnet/jaxb2_commons/lang/Validate.java ./runtime/src/main/java/org/jvnet/jaxb2_commons/locator/AbstractObjectLocator.java ./runtime/src/main/java/org/jvnet/jaxb2_commons/locator/DefaultItemObjectLocator.java ./runtime/src/main/java/org/jvnet/jaxb2_commons/locator/DefaultPropertyObjectLocator.java ./runtime/src/main/java/org/jvnet/jaxb2_commons/locator/DefaultRootObjectLocator.java ./runtime/src/main/java/org/jvnet/jaxb2_commons/locator/ItemObjectLocator.java ./runtime/src/main/java/org/jvnet/jaxb2_commons/locator/ObjectLocator.java ./runtime/src/main/java/org/jvnet/jaxb2_commons/locator/PropertyObjectLocator.java ./runtime/src/main/java/org/jvnet/jaxb2_commons/locator/RootObjectLocator.java ./runtime/src/main/java/org/jvnet/jaxb2_commons/locator/util/LocatorUtils.java ./runtime/src/main/java/org/jvnet/jaxb2_commons/xml/bind/AfterMarshallCallback.java ./runtime/src/main/java/org/jvnet/jaxb2_commons/xml/bind/AfterUnmarshallCallback.java ./runtime/src/main/java/org/jvnet/jaxb2_commons/xml/bind/BeforeMarshallCallback.java ./runtime/src/main/java/org/jvnet/jaxb2_commons/xml/bind/BeforeUnmarshallCallback.java ./runtime/src/main/java/org/jvnet/jaxb2_commons/xml/bind/ContextPathAware.java ./runtime/src/main/java/org/jvnet/jaxb2_commons/xml/bind/annotation/adapters/CommaDelimitedStringAdapter.java ./runtime/src/main/java/org/jvnet/jaxb2_commons/xml/bind/model/MAnyAttributePropertyInfo.java ./runtime/src/main/java/org/jvnet/jaxb2_commons/xml/bind/model/MAnyElementPropertyInfo.java ./runtime/src/main/java/org/jvnet/jaxb2_commons/xml/bind/model/MAttributePropertyInfo.java ./runtime/src/main/java/org/jvnet/jaxb2_commons/xml/bind/model/MBuiltinLeafInfo.java ./runtime/src/main/java/org/jvnet/jaxb2_commons/xml/bind/model/MClassInfo.java ./runtime/src/main/java/org/jvnet/jaxb2_commons/xml/bind/model/MClassRef.java ./runtime/src/main/java/org/jvnet/jaxb2_commons/xml/bind/model/MClassTypeInfo.java ./runtime/src/main/java/org/jvnet/jaxb2_commons/xml/bind/model/MClassTypeInfoVisitor.java ./runtime/src/main/java/org/jvnet/jaxb2_commons/xml/bind/model/MContained.java ./runtime/src/main/java/org/jvnet/jaxb2_commons/xml/bind/model/MContainer.java ./runtime/src/main/java/org/jvnet/jaxb2_commons/xml/bind/model/MCustomizable.java ./runtime/src/main/java/org/jvnet/jaxb2_commons/xml/bind/model/MCustomization.java ./runtime/src/main/java/org/jvnet/jaxb2_commons/xml/bind/model/MCustomizations.java ./runtime/src/main/java/org/jvnet/jaxb2_commons/xml/bind/model/MDefaultValue.java ./runtime/src/main/java/org/jvnet/jaxb2_commons/xml/bind/model/MElementInfo.java ./runtime/src/main/java/org/jvnet/jaxb2_commons/xml/bind/model/MElementPropertyInfo.java ./runtime/src/main/java/org/jvnet/jaxb2_commons/xml/bind/model/MElementRefPropertyInfo.java ./runtime/src/main/java/org/jvnet/jaxb2_commons/xml/bind/model/MElementRefsPropertyInfo.java ./runtime/src/main/java/org/jvnet/jaxb2_commons/xml/bind/model/MElementTypeInfo.java ./runtime/src/main/java/org/jvnet/jaxb2_commons/xml/bind/model/MElementTypeInfos.java ./runtime/src/main/java/org/jvnet/jaxb2_commons/xml/bind/model/MElementsPropertyInfo.java ./runtime/src/main/java/org/jvnet/jaxb2_commons/xml/bind/model/MEnumConstantInfo.java ./runtime/src/main/java/org/jvnet/jaxb2_commons/xml/bind/model/MEnumLeafInfo.java ./runtime/src/main/java/org/jvnet/jaxb2_commons/xml/bind/model/MID.java ./runtime/src/main/java/org/jvnet/jaxb2_commons/xml/bind/model/MIDREF.java ./runtime/src/main/java/org/jvnet/jaxb2_commons/xml/bind/model/MIDREFS.java ./runtime/src/main/java/org/jvnet/jaxb2_commons/xml/bind/model/MList.java ./runtime/src/main/java/org/jvnet/jaxb2_commons/xml/bind/model/MMixable.java ./runtime/src/main/java/org/jvnet/jaxb2_commons/xml/bind/model/MModelInfo.java ./runtime/src/main/java/org/jvnet/jaxb2_commons/xml/bind/model/MNillable.java ./runtime/src/main/java/org/jvnet/jaxb2_commons/xml/bind/model/MPackageInfo.java ./runtime/src/main/java/org/jvnet/jaxb2_commons/xml/bind/model/MPackaged.java ./runtime/src/main/java/org/jvnet/jaxb2_commons/xml/bind/model/MPackagedTypeInfo.java ./runtime/src/main/java/org/jvnet/jaxb2_commons/xml/bind/model/MPackagedTypeInfoVisitor.java ./runtime/src/main/java/org/jvnet/jaxb2_commons/xml/bind/model/MPropertyInfo.java ./runtime/src/main/java/org/jvnet/jaxb2_commons/xml/bind/model/MPropertyInfoVisitor.java ./runtime/src/main/java/org/jvnet/jaxb2_commons/xml/bind/model/MSingleTypePropertyInfo.java ./runtime/src/main/java/org/jvnet/jaxb2_commons/xml/bind/model/MSourced.java ./runtime/src/main/java/org/jvnet/jaxb2_commons/xml/bind/model/MTargeted.java ./runtime/src/main/java/org/jvnet/jaxb2_commons/xml/bind/model/MTransientPropertyInfo.java ./runtime/src/main/java/org/jvnet/jaxb2_commons/xml/bind/model/MTypeInfo.java ./runtime/src/main/java/org/jvnet/jaxb2_commons/xml/bind/model/MTypeInfoVisitor.java ./runtime/src/main/java/org/jvnet/jaxb2_commons/xml/bind/model/MTyped.java ./runtime/src/main/java/org/jvnet/jaxb2_commons/xml/bind/model/MValuePropertyInfo.java ./runtime/src/main/java/org/jvnet/jaxb2_commons/xml/bind/model/MWildcard.java ./runtime/src/main/java/org/jvnet/jaxb2_commons/xml/bind/model/MWildcardTypeInfo.java ./runtime/src/main/java/org/jvnet/jaxb2_commons/xml/bind/model/MWrappable.java ./runtime/src/main/java/org/jvnet/jaxb2_commons/xml/bind/model/concrete/CMAnyAttributePropertyInfo.java ./runtime/src/main/java/org/jvnet/jaxb2_commons/xml/bind/model/concrete/CMAnyElementPropertyInfo.java ./runtime/src/main/java/org/jvnet/jaxb2_commons/xml/bind/model/concrete/CMAttributePropertyInfo.java ./runtime/src/main/java/org/jvnet/jaxb2_commons/xml/bind/model/concrete/CMBuiltinLeafInfo.java ./runtime/src/main/java/org/jvnet/jaxb2_commons/xml/bind/model/concrete/CMClassInfo.java ./runtime/src/main/java/org/jvnet/jaxb2_commons/xml/bind/model/concrete/CMClassRef.java ./runtime/src/main/java/org/jvnet/jaxb2_commons/xml/bind/model/concrete/CMCustomization.java ./runtime/src/main/java/org/jvnet/jaxb2_commons/xml/bind/model/concrete/CMCustomizations.java ./runtime/src/main/java/org/jvnet/jaxb2_commons/xml/bind/model/concrete/CMElementInfo.java ./runtime/src/main/java/org/jvnet/jaxb2_commons/xml/bind/model/concrete/CMElementPropertyInfo.java ./runtime/src/main/java/org/jvnet/jaxb2_commons/xml/bind/model/concrete/CMElementRefPropertyInfo.java ./runtime/src/main/java/org/jvnet/jaxb2_commons/xml/bind/model/concrete/CMElementRefsPropertyInfo.java ./runtime/src/main/java/org/jvnet/jaxb2_commons/xml/bind/model/concrete/CMElementTypeInfo.java ./runtime/src/main/java/org/jvnet/jaxb2_commons/xml/bind/model/concrete/CMElementsPropertyInfo.java ./runtime/src/main/java/org/jvnet/jaxb2_commons/xml/bind/model/concrete/CMEnumConstantInfo.java ./runtime/src/main/java/org/jvnet/jaxb2_commons/xml/bind/model/concrete/CMEnumLeafInfo.java ./runtime/src/main/java/org/jvnet/jaxb2_commons/xml/bind/model/concrete/CMID.java ./runtime/src/main/java/org/jvnet/jaxb2_commons/xml/bind/model/concrete/CMIDREF.java ./runtime/src/main/java/org/jvnet/jaxb2_commons/xml/bind/model/concrete/CMIDREFS.java ./runtime/src/main/java/org/jvnet/jaxb2_commons/xml/bind/model/concrete/CMInfoFactory.java ./runtime/src/main/java/org/jvnet/jaxb2_commons/xml/bind/model/concrete/CMList.java ./runtime/src/main/java/org/jvnet/jaxb2_commons/xml/bind/model/concrete/CMModel.java ./runtime/src/main/java/org/jvnet/jaxb2_commons/xml/bind/model/concrete/CMPackageInfo.java ./runtime/src/main/java/org/jvnet/jaxb2_commons/xml/bind/model/concrete/CMPropertyInfo.java ./runtime/src/main/java/org/jvnet/jaxb2_commons/xml/bind/model/concrete/CMSingleTypePropertyInfo.java ./runtime/src/main/java/org/jvnet/jaxb2_commons/xml/bind/model/concrete/CMValuePropertyInfo.java ./runtime/src/main/java/org/jvnet/jaxb2_commons/xml/bind/model/concrete/CMWildcardTypeInfo.java ./runtime/src/main/java/org/jvnet/jaxb2_commons/xml/bind/model/concrete/origin/BuiltinLeafInfoOrigin.java ./runtime/src/main/java/org/jvnet/jaxb2_commons/xml/bind/model/concrete/origin/CMAnyAttributePropertyInfoOrigin.java ./runtime/src/main/java/org/jvnet/jaxb2_commons/xml/bind/model/concrete/origin/CMBuiltinLeafInfoOrigin.java ./runtime/src/main/java/org/jvnet/jaxb2_commons/xml/bind/model/concrete/origin/CMClassElementInfoOrigin.java ./runtime/src/main/java/org/jvnet/jaxb2_commons/xml/bind/model/concrete/origin/CMClassInfoOrigin.java ./runtime/src/main/java/org/jvnet/jaxb2_commons/xml/bind/model/concrete/origin/CMElementInfoOrigin.java ./runtime/src/main/java/org/jvnet/jaxb2_commons/xml/bind/model/concrete/origin/CMEnumConstantInfoOrigin.java ./runtime/src/main/java/org/jvnet/jaxb2_commons/xml/bind/model/concrete/origin/CMEnumElementInfoOrigin.java ./runtime/src/main/java/org/jvnet/jaxb2_commons/xml/bind/model/concrete/origin/CMEnumLeafInfoOrigin.java ./runtime/src/main/java/org/jvnet/jaxb2_commons/xml/bind/model/concrete/origin/CMModelInfoOrigin.java ./runtime/src/main/java/org/jvnet/jaxb2_commons/xml/bind/model/concrete/origin/CMPackageInfoOrigin.java ./runtime/src/main/java/org/jvnet/jaxb2_commons/xml/bind/model/concrete/origin/CMPropertyInfoOrigin.java ./runtime/src/main/java/org/jvnet/jaxb2_commons/xml/bind/model/concrete/origin/CMWildcardTypeInfoOrigin.java ./runtime/src/main/java/org/jvnet/jaxb2_commons/xml/bind/model/concrete/origin/ClassInfoOrigin.java ./runtime/src/main/java/org/jvnet/jaxb2_commons/xml/bind/model/concrete/origin/ElementInfoOrigin.java ./runtime/src/main/java/org/jvnet/jaxb2_commons/xml/bind/model/concrete/origin/EnumConstantOrigin.java ./runtime/src/main/java/org/jvnet/jaxb2_commons/xml/bind/model/concrete/origin/EnumLeafInfoOrigin.java ./runtime/src/main/java/org/jvnet/jaxb2_commons/xml/bind/model/concrete/origin/PropertyInfoOrigin.java ./runtime/src/main/java/org/jvnet/jaxb2_commons/xml/bind/model/concrete/origin/TypeInfoSetOrigin.java ./runtime/src/main/java/org/jvnet/jaxb2_commons/xml/bind/model/concrete/origin/WildcardTypeInfoOrigin.java ./runtime/src/main/java/org/jvnet/jaxb2_commons/xml/bind/model/origin/MBuiltinLeafInfoOrigin.java ./runtime/src/main/java/org/jvnet/jaxb2_commons/xml/bind/model/origin/MClassInfoOrigin.java ./runtime/src/main/java/org/jvnet/jaxb2_commons/xml/bind/model/origin/MElementInfoOrigin.java ./runtime/src/main/java/org/jvnet/jaxb2_commons/xml/bind/model/origin/MEnumConstantInfoOrigin.java ./runtime/src/main/java/org/jvnet/jaxb2_commons/xml/bind/model/origin/MEnumLeafInfoOrigin.java ./runtime/src/main/java/org/jvnet/jaxb2_commons/xml/bind/model/origin/MModelInfoOrigin.java ./runtime/src/main/java/org/jvnet/jaxb2_commons/xml/bind/model/origin/MOriginated.java ./runtime/src/main/java/org/jvnet/jaxb2_commons/xml/bind/model/origin/MPackageInfoOrigin.java ./runtime/src/main/java/org/jvnet/jaxb2_commons/xml/bind/model/origin/MPropertyInfoOrigin.java ./runtime/src/main/java/org/jvnet/jaxb2_commons/xml/bind/model/origin/MWildcardTypeInfoOrigin.java ./runtime/src/main/java/org/jvnet/jaxb2_commons/xml/bind/model/util/DefaultPropertyInfoVisitor.java ./runtime/src/main/java/org/jvnet/jaxb2_commons/xml/bind/model/util/DefaultTypeInfoVisitor.java ./runtime/src/main/java/org/jvnet/jaxb2_commons/xml/bind/model/util/PackageInfoQNameAnalyzer.java ./runtime/src/main/java/org/jvnet/jaxb2_commons/xml/bind/model/util/QNameCollectingPropertyInfoVisitor.java ./runtime/src/main/java/org/jvnet/jaxb2_commons/xml/bind/model/util/QNameCollector.java ./runtime/src/main/java/org/jvnet/jaxb2_commons/xml/bind/model/util/XmlTypeUtils.java ./runtime/src/main/java/org/jvnet/jaxb2_commons/xml/namespace/util/QNameUtils.java ./runtime/src/main/java/org/jvnet/jaxb2_commons/xmlschema/XmlSchemaConstants.java ./runtime/src/test/java/org/hisrc/xml/bind/tests/DynamicSchemaTest.java ./runtime/src/test/java/org/hisrc/xml/bind/tests/addelement/AddElementTest.java ./runtime/src/test/java/org/hisrc/xml/bind/tests/dogs/Dog.java ./runtime/src/test/java/org/hisrc/xml/bind/tests/dogs/DogTest.java ./runtime/src/test/java/org/hisrc/xml/bind/tests/dogs/DogType.java ./runtime/src/test/java/org/hisrc/xml/bind/tests/dogs/Dogs.java ./runtime/src/test/java/org/hisrc/xml/bind/tests/dogs/ObjectFactory.java ./runtime/src/test/java/org/hisrc/xml/bind/tests/dynamicelementname/DynamicElementNameTest.java ./runtime/src/test/java/org/jvnet/jaxb2_commons/lang/tests/CopyStrategyTest.java ./runtime/src/test/java/org/jvnet/jaxb2_commons/lang/tests/CyclicTests.java ./runtime/src/test/java/org/jvnet/jaxb2_commons/xml/bind/model/util/tests/XmlTypeUtilsTest.java ./runtime/src/test/java/org/jvnet/jaxb2_commons/xml/bind/model/util/tests/alpha/A1.java ./runtime/src/test/java/org/jvnet/jaxb2_commons/xml/bind/model/util/tests/alpha/A2.java ./runtime/src/test/java/org/jvnet/jaxb2_commons/xml/bind/model/util/tests/alpha/A3.java ./runtime/src/test/java/org/jvnet/jaxb2_commons/xml/bind/model/util/tests/alpha/A4.java ./runtime/src/test/java/org/jvnet/jaxb2_commons/xml/bind/model/util/tests/alpha/A5.java ./runtime/src/test/java/org/jvnet/jaxb2_commons/xml/bind/model/util/tests/alpha/A6.java ./runtime/src/test/java/org/jvnet/jaxb2_commons/xml/bind/model/util/tests/alpha/A7.java ./runtime/src/test/java/org/jvnet/jaxb2_commons/xml/bind/model/util/tests/alpha/A8.java ./runtime/src/test/java/org/jvnet/jaxb2_commons/xml/bind/model/util/tests/alpha/A9.java ./runtime/src/test/java/org/jvnet/jaxb2_commons/xml/bind/model/util/tests/beta/A1.java ./runtime/src/test/java/org/jvnet/jaxb2_commons/xml/bind/model/util/tests/beta/A2.java ./runtime/src/test/java/org/jvnet/jaxb2_commons/xml/bind/model/util/tests/beta/A3.java ./runtime/src/test/java/org/jvnet/jaxb2_commons/xml/bind/model/util/tests/beta/A4.java ./runtime/src/test/java/org/jvnet/jaxb2_commons/xml/bind/model/util/tests/beta/A5.java ./runtime/src/test/java/org/jvnet/jaxb2_commons/xml/bind/model/util/tests/beta/A6.java ./runtime/src/test/java/org/jvnet/jaxb2_commons/xml/bind/model/util/tests/beta/A7.java ./runtime/src/test/java/org/jvnet/jaxb2_commons/xml/bind/model/util/tests/beta/A8.java ./runtime/src/test/java/org/jvnet/jaxb2_commons/xml/bind/model/util/tests/beta/A9.java ./runtime/src/test/java/org/jvnet/jaxb2_commons/xml/bind/model/util/tests/beta/package-info.java ./runtime/src/test/java/org/jvnet/jaxb2_commons/xml/bind/model/util/tests/delta/A1.java ./runtime/src/test/java/org/jvnet/jaxb2_commons/xml/bind/model/util/tests/delta/A2.java ./runtime/src/test/java/org/jvnet/jaxb2_commons/xml/bind/model/util/tests/delta/A3.java ./runtime/src/test/java/org/jvnet/jaxb2_commons/xml/bind/model/util/tests/delta/A4.java ./runtime/src/test/java/org/jvnet/jaxb2_commons/xml/bind/model/util/tests/delta/A5.java ./runtime/src/test/java/org/jvnet/jaxb2_commons/xml/bind/model/util/tests/delta/A6.java ./runtime/src/test/java/org/jvnet/jaxb2_commons/xml/bind/model/util/tests/delta/A7.java ./runtime/src/test/java/org/jvnet/jaxb2_commons/xml/bind/model/util/tests/delta/A8.java ./runtime/src/test/java/org/jvnet/jaxb2_commons/xml/bind/model/util/tests/delta/A9.java ./runtime/src/test/java/org/jvnet/jaxb2_commons/xml/bind/model/util/tests/delta/package-info.java ./runtime/src/test/java/org/jvnet/jaxb2_commons/xml/bind/model/util/tests/gamma/A1.java ./runtime/src/test/java/org/jvnet/jaxb2_commons/xml/bind/model/util/tests/gamma/A2.java ./runtime/src/test/java/org/jvnet/jaxb2_commons/xml/bind/model/util/tests/gamma/A3.java ./runtime/src/test/java/org/jvnet/jaxb2_commons/xml/bind/model/util/tests/gamma/A4.java ./runtime/src/test/java/org/jvnet/jaxb2_commons/xml/bind/model/util/tests/gamma/A5.java ./runtime/src/test/java/org/jvnet/jaxb2_commons/xml/bind/model/util/tests/gamma/A6.java ./runtime/src/test/java/org/jvnet/jaxb2_commons/xml/bind/model/util/tests/gamma/A7.java ./runtime/src/test/java/org/jvnet/jaxb2_commons/xml/bind/model/util/tests/gamma/A8.java ./runtime/src/test/java/org/jvnet/jaxb2_commons/xml/bind/model/util/tests/gamma/A9.java ./runtime/src/test/java/org/jvnet/jaxb2_commons/xml/bind/model/util/tests/gamma/package-info.java ./runtime/src/test/java/org/jvnet/jaxb2_commons/xml/namespace/util/tests/QNameUtilsTest.java ./samples/basic/src/test/java/org/jvnet/jaxb2_commons/tests/one/CopyableTest.java ./samples/basic/src/test/java/org/jvnet/jaxb2_commons/tests/one/EqualsTest.java ./samples/basic/src/test/java/org/jvnet/jaxb2_commons/tests/one/ToStringTest.java ./samples/po-simple/src/test/java/org/jvnet/jaxb2_commons/tests/posimple/EqualsTest.java ./samples/po/src/test/java/org/jvnet/jaxb2_commons/tests/po/CopyableTest.java ./samples/po/src/test/java/org/jvnet/jaxb2_commons/tests/po/EqualsTest.java ./samples/po/src/test/java/org/jvnet/jaxb2_commons/tests/po/ToStringTest.java ./testing/src/main/java/org/jvnet/jaxb2_commons/lang/ExtendedJAXBEqualsStrategy.java ./testing/src/main/java/org/jvnet/jaxb2_commons/test/AbstractSamplesTest.java ./testing/src/test/java/org/jvnet/jaxb2_commons/test/tests/TrivialSamplesTest.java ./tests/JAXB-1058/src/test/java/org/jvnet/jaxb2_commons/tests/JAXB_1058/ExecuteJAXB1058.java ./tests/issues/src/main/java/org/jvnet/jaxb2_commons/tests/issues/IssueJIIB14BaseClass.java ./tests/issues/src/main/java/org/jvnet/jaxb2_commons/tests/issues/IssueJIIB14BaseInterfaceFour.java ./tests/issues/src/main/java/org/jvnet/jaxb2_commons/tests/issues/IssueJIIB14BaseInterfaceOne.java ./tests/issues/src/main/java/org/jvnet/jaxb2_commons/tests/issues/IssueJIIB14BaseInterfaceThree.java ./tests/issues/src/main/java/org/jvnet/jaxb2_commons/tests/issues/IssueJIIB14BaseInterfaceTwo.java ./tests/issues/src/main/java/org/jvnet/jaxb2_commons/tests/issues/IssueJIIB42EqualsStrategy.java ./tests/issues/src/main/java/org/jvnet/jaxb2_commons/tests/issues/IssueJIIB48Interface.java ./tests/issues/src/main/java/org/jvnet/jaxb2_commons/tests/issues/IssueJIIB53ABaseClass.java ./tests/issues/src/test/java/org/jvnet/jaxb2_commons/tests/issues/CopyableTest.java ./tests/issues/src/test/java/org/jvnet/jaxb2_commons/tests/issues/JIIB10Test.java ./tests/issues/src/test/java/org/jvnet/jaxb2_commons/tests/issues/JIIB14Test.java ./tests/issues/src/test/java/org/jvnet/jaxb2_commons/tests/issues/JIIB20Test.java ./tests/issues/src/test/java/org/jvnet/jaxb2_commons/tests/issues/JIIB35Test.java ./tests/issues/src/test/java/org/jvnet/jaxb2_commons/tests/issues/JIIB36Test.java ./tests/issues/src/test/java/org/jvnet/jaxb2_commons/tests/issues/JIIB38Test.java ./tests/issues/src/test/java/org/jvnet/jaxb2_commons/tests/issues/JIIB8Test.java ./tests/issues/src/test/java/org/jvnet/jaxb2_commons/tests/issues/RunIssuesPlugin.java ./tests/issues/src/test/java/org/jvnet/jaxb2_commons/tests/issues/RunPlugins.java ./tests/one/src/test/java/org/jvnet/jaxb2_commons/tests/one/CopyableTest.java ./tests/one/src/test/java/org/jvnet/jaxb2_commons/tests/one/EqualsTest.java ./tests/one/src/test/java/org/jvnet/jaxb2_commons/tests/one/HashCodeTest.java ./tests/one/src/test/java/org/jvnet/jaxb2_commons/tests/one/RunOnePlugin.java ./tests/one/src/test/java/org/jvnet/jaxb2_commons/tests/one/ToStringTest.java ./tests/simple-hashCode-equals-01/src/test/java/org/jvnet/jaxb2_commons/tests/simple_hashcode_equals_01/cases/PrimitivesTest.java ./tests/simple-hashCode-equals-01/src/test/java/org/jvnet/jaxb2_commons/tests/simple_hashcode_equals_01/cases/RunPluginsForCases.java ./tests/simple-hashCode-equals-01/src/test/java/org/jvnet/jaxb2_commons/tests/simple_hashcode_equals_01/cases/UnboxedPrimitivesTest.java ./tests/simple-hashCode-equals-01/src/test/java/org/jvnet/jaxb2_commons/tests/simple_hashcode_equals_01/customer/Customer2.java ./tests/simple-hashCode-equals-01/src/test/java/org/jvnet/jaxb2_commons/tests/simple_hashcode_equals_01/customer/CustomerTest.java ./tests/simple-hashCode-equals-01/src/test/java/org/jvnet/jaxb2_commons/tests/simple_hashcode_equals_01/customer/RunPluginsForCustomer.java ./tests/simple-hashCode-equals-01/src/test/java/org/jvnet/jaxb2_commons/tests/simple_hashcode_equals_01/main/RunPluginsForMain.java ./tests/simplify-01/src/main/java/org/jvnet/jaxb2_commons/plugin/simplify/tests01/BaseElementRef.java ./tests/simplify-01/src/main/java/org/jvnet/jaxb2_commons/plugin/simplify/tests01/DateAdapter.java ./tests/simplify-01/src/test/java/org/jvnet/jaxb2_commons/plugin/simplify/tests01/Gh18Test.java ./tests/simplify-01/src/test/java/org/jvnet/jaxb2_commons/plugin/simplify/tests01/Gh1Test.java ./tests/simplify-01/src/test/java/org/jvnet/jaxb2_commons/plugin/simplify/tests01/Gh2Test.java ./tests/simplify-01/src/test/java/org/jvnet/jaxb2_commons/plugin/simplify/tests01/Gh4Test.java ./tests/simplify-01/src/test/java/org/jvnet/jaxb2_commons/plugin/simplify/tests01/Gh5Test.java ./tests/simplify-01/src/test/java/org/jvnet/jaxb2_commons/plugin/simplify/tests01/Gh6Test.java ./tests/simplify-01/src/test/java/org/jvnet/jaxb2_commons/plugin/simplify/tests01/RunSimplifyPlugin.java ./tests/zj/src/test/java/org/jvnet/jaxb2_commons/tests/zj/EqualsTest.java ./tools/src/main/java/org/hisrc/xml/xsom/DefaultFunctionImpl.java ./tools/src/main/java/org/hisrc/xml/xsom/SchemaComponentAware.java ./tools/src/main/java/org/hisrc/xml/xsom/XSFunctionApplier.java ./tools/src/main/java/org/jvnet/jaxb2_commons/codemodel/DefaultJCMTypeVisitor.java ./tools/src/main/java/org/jvnet/jaxb2_commons/codemodel/JCMArrayClass.java ./tools/src/main/java/org/jvnet/jaxb2_commons/codemodel/JCMClass.java ./tools/src/main/java/org/jvnet/jaxb2_commons/codemodel/JCMNullType.java ./tools/src/main/java/org/jvnet/jaxb2_commons/codemodel/JCMPrimitiveType.java ./tools/src/main/java/org/jvnet/jaxb2_commons/codemodel/JCMType.java ./tools/src/main/java/org/jvnet/jaxb2_commons/codemodel/JCMTypeFactory.java ./tools/src/main/java/org/jvnet/jaxb2_commons/codemodel/JCMTypeVar.java ./tools/src/main/java/org/jvnet/jaxb2_commons/codemodel/JCMTypeVisitor.java ./tools/src/main/java/org/jvnet/jaxb2_commons/codemodel/JCMTypeWildcard.java ./tools/src/main/java/org/jvnet/jaxb2_commons/codemodel/JConditionable.java ./tools/src/main/java/org/jvnet/jaxb2_commons/plugin/AbstractParameterizablePlugin.java ./tools/src/main/java/org/jvnet/jaxb2_commons/plugin/AbstractPlugin.java ./tools/src/main/java/org/jvnet/jaxb2_commons/plugin/spring/AbstractSpringConfigurablePlugin.java ./tools/src/main/java/org/jvnet/jaxb2_commons/reflection/util/Accessor.java ./tools/src/main/java/org/jvnet/jaxb2_commons/reflection/util/FieldAccessor.java ./tools/src/main/java/org/jvnet/jaxb2_commons/strategy/ClassOutlineProcessor.java ./tools/src/main/java/org/jvnet/jaxb2_commons/strategy/FieldOutlineProcessor.java ./tools/src/main/java/org/jvnet/jaxb2_commons/strategy/OutlineProcessor.java ./tools/src/main/java/org/jvnet/jaxb2_commons/strategy/PackageOutlineProcessor.java ./tools/src/main/java/org/jvnet/jaxb2_commons/strategy/impl/DefaultOutlineProcessor.java ./tools/src/main/java/org/jvnet/jaxb2_commons/util/ClassUtils.java ./tools/src/main/java/org/jvnet/jaxb2_commons/util/CodeModelUtils.java ./tools/src/main/java/org/jvnet/jaxb2_commons/util/CustomizationUtils.java ./tools/src/main/java/org/jvnet/jaxb2_commons/util/FieldAccessorFactory.java ./tools/src/main/java/org/jvnet/jaxb2_commons/util/FieldAccessorUtils.java ./tools/src/main/java/org/jvnet/jaxb2_commons/util/FieldUtils.java ./tools/src/main/java/org/jvnet/jaxb2_commons/util/GeneratorContextUtils.java ./tools/src/main/java/org/jvnet/jaxb2_commons/util/OutlineUtils.java ./tools/src/main/java/org/jvnet/jaxb2_commons/util/PropertyFieldAccessorFactory.java ./tools/src/main/java/org/jvnet/jaxb2_commons/xjc/generator/MClassOutlineGenerator.java ./tools/src/main/java/org/jvnet/jaxb2_commons/xjc/generator/MElementOutlineGenerator.java ./tools/src/main/java/org/jvnet/jaxb2_commons/xjc/generator/MEnumConstantOutlineGenerator.java ./tools/src/main/java/org/jvnet/jaxb2_commons/xjc/generator/MEnumOutlineGenerator.java ./tools/src/main/java/org/jvnet/jaxb2_commons/xjc/generator/MModelOutlineGenerator.java ./tools/src/main/java/org/jvnet/jaxb2_commons/xjc/generator/MObjectFactoryOutlineGenerator.java ./tools/src/main/java/org/jvnet/jaxb2_commons/xjc/generator/MPackageOutlineGenerator.java ./tools/src/main/java/org/jvnet/jaxb2_commons/xjc/generator/MPropertyOutlineGenerator.java ./tools/src/main/java/org/jvnet/jaxb2_commons/xjc/generator/artificial/WrapperPropertyOutlineGenerator.java ./tools/src/main/java/org/jvnet/jaxb2_commons/xjc/generator/concrete/CMClassOutlineGenerator.java ./tools/src/main/java/org/jvnet/jaxb2_commons/xjc/generator/concrete/CMElementOutlineGenerator.java ./tools/src/main/java/org/jvnet/jaxb2_commons/xjc/generator/concrete/CMEnumConstantOutlineGenerator.java ./tools/src/main/java/org/jvnet/jaxb2_commons/xjc/generator/concrete/CMEnumOutlineGenerator.java ./tools/src/main/java/org/jvnet/jaxb2_commons/xjc/generator/concrete/CMModelOutlineGenerator.java ./tools/src/main/java/org/jvnet/jaxb2_commons/xjc/generator/concrete/CMPackageOutlineGenerator.java ./tools/src/main/java/org/jvnet/jaxb2_commons/xjc/generator/concrete/CMPropertyOutlineGenerator.java ./tools/src/main/java/org/jvnet/jaxb2_commons/xjc/generator/concrete/ClassOutlineGeneratorFactory.java ./tools/src/main/java/org/jvnet/jaxb2_commons/xjc/generator/concrete/ElementOutlineGeneratorFactory.java ./tools/src/main/java/org/jvnet/jaxb2_commons/xjc/generator/concrete/EnumConstantOutlineGeneratorFactory.java ./tools/src/main/java/org/jvnet/jaxb2_commons/xjc/generator/concrete/EnumOutlineGeneratorFactory.java ./tools/src/main/java/org/jvnet/jaxb2_commons/xjc/generator/concrete/ModelOutlineGeneratorFactory.java ./tools/src/main/java/org/jvnet/jaxb2_commons/xjc/generator/concrete/OutlineGeneratorFactory.java ./tools/src/main/java/org/jvnet/jaxb2_commons/xjc/generator/concrete/PackageOutlineGeneratorFactory.java ./tools/src/main/java/org/jvnet/jaxb2_commons/xjc/generator/concrete/PropertyOutlineGeneratorFactory.java ./tools/src/main/java/org/jvnet/jaxb2_commons/xjc/model/concrete/XJCCMInfoFactory.java ./tools/src/main/java/org/jvnet/jaxb2_commons/xjc/model/concrete/origin/DefaultPropertyInfoOrigin.java ./tools/src/main/java/org/jvnet/jaxb2_commons/xjc/model/concrete/origin/DummyPropertyInfoOrigin.java ./tools/src/main/java/org/jvnet/jaxb2_commons/xjc/model/concrete/origin/PackageInfoOrigin.java ./tools/src/main/java/org/jvnet/jaxb2_commons/xjc/model/concrete/origin/XJCCMClassInfoOrigin.java ./tools/src/main/java/org/jvnet/jaxb2_commons/xjc/model/concrete/origin/XJCCMElementInfoOrigin.java ./tools/src/main/java/org/jvnet/jaxb2_commons/xjc/model/concrete/origin/XJCCMEnumConstantInfoOrigin.java ./tools/src/main/java/org/jvnet/jaxb2_commons/xjc/model/concrete/origin/XJCCMEnumLeafInfoOrigin.java ./tools/src/main/java/org/jvnet/jaxb2_commons/xjc/model/concrete/origin/XJCCMModelInfoOrigin.java ./tools/src/main/java/org/jvnet/jaxb2_commons/xjc/model/concrete/origin/XJCCMPackageInfoOrigin.java ./tools/src/main/java/org/jvnet/jaxb2_commons/xjc/model/concrete/origin/XJCCMPropertyInfoOrigin.java ./tools/src/main/java/org/jvnet/jaxb2_commons/xjc/outline/FieldAccessorEx.java ./tools/src/main/java/org/jvnet/jaxb2_commons/xjc/outline/MChildOutline.java ./tools/src/main/java/org/jvnet/jaxb2_commons/xjc/outline/MClassOutline.java ./tools/src/main/java/org/jvnet/jaxb2_commons/xjc/outline/MElementOutline.java ./tools/src/main/java/org/jvnet/jaxb2_commons/xjc/outline/MEnumConstantOutline.java ./tools/src/main/java/org/jvnet/jaxb2_commons/xjc/outline/MEnumOutline.java ./tools/src/main/java/org/jvnet/jaxb2_commons/xjc/outline/MModelOutline.java ./tools/src/main/java/org/jvnet/jaxb2_commons/xjc/outline/MObjectFactoryOutline.java ./tools/src/main/java/org/jvnet/jaxb2_commons/xjc/outline/MPackageOutline.java ./tools/src/main/java/org/jvnet/jaxb2_commons/xjc/outline/MPackagedOutline.java ./tools/src/main/java/org/jvnet/jaxb2_commons/xjc/outline/MPropertyAccessor.java ./tools/src/main/java/org/jvnet/jaxb2_commons/xjc/outline/MPropertyAccessorFactory.java ./tools/src/main/java/org/jvnet/jaxb2_commons/xjc/outline/MPropertyOutline.java ./tools/src/main/java/org/jvnet/jaxb2_commons/xjc/outline/artificial/AbstractPropertyAccessorFactory.java ./tools/src/main/java/org/jvnet/jaxb2_commons/xjc/outline/artificial/AbstractPropertyOutline.java ./tools/src/main/java/org/jvnet/jaxb2_commons/xjc/outline/artificial/AbstractSinglePropertyOutline.java ./tools/src/main/java/org/jvnet/jaxb2_commons/xjc/outline/artificial/AnnotatePropertyVisitor.java ./tools/src/main/java/org/jvnet/jaxb2_commons/xjc/outline/artificial/AnyAttributePropertyOutline.java ./tools/src/main/java/org/jvnet/jaxb2_commons/xjc/outline/artificial/ConstantPropertyOutline.java ./tools/src/main/java/org/jvnet/jaxb2_commons/xjc/outline/artificial/PropertyTypeVisitor.java ./tools/src/main/java/org/jvnet/jaxb2_commons/xjc/outline/artificial/SinglePropertyOutline.java ./tools/src/main/java/org/jvnet/jaxb2_commons/xjc/outline/concrete/CMClassOutline.java ./tools/src/main/java/org/jvnet/jaxb2_commons/xjc/outline/concrete/CMElementOutline.java ./tools/src/main/java/org/jvnet/jaxb2_commons/xjc/outline/concrete/CMEnumConstantOutline.java ./tools/src/main/java/org/jvnet/jaxb2_commons/xjc/outline/concrete/CMEnumOutline.java ./tools/src/main/java/org/jvnet/jaxb2_commons/xjc/outline/concrete/CMModelOutline.java ./tools/src/main/java/org/jvnet/jaxb2_commons/xjc/outline/concrete/CMObjectFactoryOutline.java ./tools/src/main/java/org/jvnet/jaxb2_commons/xjc/outline/concrete/CMPackageOutline.java ./tools/src/main/java/org/jvnet/jaxb2_commons/xjc/outline/concrete/CMPropertyAccessor.java ./tools/src/main/java/org/jvnet/jaxb2_commons/xjc/outline/concrete/CMPropertyAccessorFactory.java ./tools/src/main/java/org/jvnet/jaxb2_commons/xjc/outline/concrete/CMPropertyOutline.java ./tools/src/test/java/org/jvnet/jaxb2_commons/reflection/util/test/FieldAccessorTest.java ./tools/src/test/java/org/jvnet/jaxb2_commons/xjc/model/concrete/tests/ahpla/KnownReferencedType.java ./tools/src/test/java/org/jvnet/jaxb2_commons/xjc/model/concrete/tests/ahpla/package-info.java ./tools/src/test/java/org/jvnet/jaxb2_commons/xjc/model/concrete/tests/alpha/AlphaMInfoFactoryTest.java
[ 1992s] + RPM_EC=0
[ 1992s] ++ jobs -p
[ 1992s] + exit 0
[ 1993s] Executing(%build): /bin/sh -e /var/tmp/rpm-tmp.F7DFHn
[ 1993s] + umask 022
[ 1993s] + cd /home/abuild/rpmbuild/BUILD
[ 1993s] + cd jaxb2-basics-0.9.5
[ 1993s] + /usr/bin/python3 /usr/share/java-utils/mvn_build.py
[ 1994s] Executing: xmvn --batch-mode --offline verify org.fedoraproject.xmvn:xmvn-mojo:install org.apache.maven.plugins:maven-javadoc-plugin:aggregate org.fedoraproject.xmvn:xmvn-mojo:builddep
[ 1994s] ['xmvn', '--batch-mode', '--offline', 'verify', 'org.fedoraproject.xmvn:xmvn-mojo:install', 'org.apache.maven.plugins:maven-javadoc-plugin:aggregate', 'org.fedoraproject.xmvn:xmvn-mojo:builddep']
[ 2055s] [INFO] Scanning for projects...
[ 2072s] [INFO] ------------------------------------------------------------------------
[ 2072s] [INFO] Reactor Build Order:
[ 2072s] [INFO] 
[ 2072s] [INFO] JAXB2 Basics - Project                                             [pom]
[ 2072s] [INFO] JAXB2 Basics - Ant Task                                            [jar]
[ 2072s] [INFO] JAXB2 Basics - Runtime                                             [jar]
[ 2073s] [INFO] JAXB2 Basics - Tools                                               [jar]
[ 2073s] [INFO] JAXB2 Basics - Testing                                             [jar]
[ 2073s] [INFO] JAXB2 Basics - Basic Plugins                                       [jar]
[ 2073s] [INFO] JAXB2 Basics - Full Plugins JAR                                    [jar]
[ 2094s] [INFO] 
[ 2094s] [INFO] ------------< org.jvnet.jaxb2_commons:jaxb2-basics-project >------------
[ 2094s] [INFO] Building JAXB2 Basics - Project 0.9.5                              [1/7]
[ 2094s] [INFO] --------------------------------[ pom ]---------------------------------
[ 2094s] [INFO] 
[ 2094s] [INFO] --------------< org.jvnet.jaxb2_commons:jaxb2-basics-ant >--------------
[ 2094s] [INFO] Building JAXB2 Basics - Ant Task 0.9.5                             [2/7]
[ 2094s] [INFO] --------------------------------[ jar ]---------------------------------
[ 2102s] [WARNING] The POM for com.sun:tools:jar:any is missing, no dependency information available
[ 2104s] [INFO] 
[ 2104s] [INFO] --- maven-resources-plugin:3.1.0:resources (default-resources) @ jaxb2-basics-ant ---
[ 2121s] [INFO] Using 'UTF-8' encoding to copy filtered resources.
[ 2121s] [INFO] skip non existing resourceDirectory /home/abuild/rpmbuild/BUILD/jaxb2-basics-0.9.5/ant/src/main/resources
[ 2121s] [INFO] 
[ 2121s] [INFO] --- maven-compiler-plugin:3.8.0:compile (default-compile) @ jaxb2-basics-ant ---
[ 2130s] [INFO] Changes detected - recompiling the module!
[ 2130s] [INFO] Compiling 1 source file to /home/abuild/rpmbuild/BUILD/jaxb2-basics-0.9.5/ant/target/classes
[ 2155s] [INFO] 
[ 2155s] [INFO] --- maven-resources-plugin:3.1.0:testResources (default-testResources) @ jaxb2-basics-ant ---
[ 2155s] [INFO] Using 'UTF-8' encoding to copy filtered resources.
[ 2155s] [INFO] skip non existing resourceDirectory /home/abuild/rpmbuild/BUILD/jaxb2-basics-0.9.5/ant/src/test/resources
[ 2155s] [INFO] 
[ 2155s] [INFO] --- maven-compiler-plugin:3.8.0:testCompile (default-testCompile) @ jaxb2-basics-ant ---
[ 2156s] [INFO] No sources to compile
[ 2156s] [INFO] 
[ 2156s] [INFO] --- maven-surefire-plugin:2.22.0:test (default-test) @ jaxb2-basics-ant ---
[ 2172s] [INFO] No tests to run.
[ 2172s] [INFO] 
[ 2172s] [INFO] --- maven-jar-plugin:3.1.0:jar (default-jar) @ jaxb2-basics-ant ---
[ 2187s] [INFO] Building jar: /home/abuild/rpmbuild/BUILD/jaxb2-basics-0.9.5/ant/target/jaxb2-basics-ant-0.9.5.jar
[ 2189s] [INFO] 
[ 2189s] [INFO] ------------< org.jvnet.jaxb2_commons:jaxb2-basics-runtime >------------
[ 2189s] [INFO] Building JAXB2 Basics - Runtime 0.9.5                              [3/7]
[ 2189s] [INFO] --------------------------------[ jar ]---------------------------------
[ 2198s] [INFO] 
[ 2198s] [INFO] --- maven-resources-plugin:3.1.0:resources (default-resources) @ jaxb2-basics-runtime ---
[ 2198s] [INFO] Using 'UTF-8' encoding to copy filtered resources.
[ 2198s] [INFO] Copying 1 resource
[ 2198s] [INFO] 
[ 2198s] [INFO] --- maven-compiler-plugin:3.8.0:compile (default-compile) @ jaxb2-basics-runtime ---
[ 2201s] [INFO] Changes detected - recompiling the module!
[ 2201s] [INFO] Compiling 154 source files to /home/abuild/rpmbuild/BUILD/jaxb2-basics-0.9.5/runtime/target/classes
[ 2368s] [INFO] /home/abuild/rpmbuild/BUILD/jaxb2-basics-0.9.5/runtime/src/main/java/org/jvnet/jaxb2_commons/xml/bind/model/concrete/CMInfoFactory.java: Some input files use unchecked or unsafe operations.
[ 2368s] [INFO] /home/abuild/rpmbuild/BUILD/jaxb2-basics-0.9.5/runtime/src/main/java/org/jvnet/jaxb2_commons/xml/bind/model/concrete/CMInfoFactory.java: Recompile with -Xlint:unchecked for details.
[ 2368s] [INFO] 
[ 2368s] [INFO] --- maven-bundle-plugin:3.5.0:manifest (bundle-manifest) @ jaxb2-basics-runtime ---
[ 2453s] [INFO] 
[ 2453s] [INFO] --- maven-resources-plugin:3.1.0:testResources (default-testResources) @ jaxb2-basics-runtime ---
[ 2453s] [INFO] Using 'UTF-8' encoding to copy filtered resources.
[ 2454s] [INFO] Copying 3 resources
[ 2454s] [INFO] 
[ 2454s] [INFO] --- maven-compiler-plugin:3.8.0:testCompile (default-testCompile) @ jaxb2-basics-runtime ---
[ 2456s] [INFO] Changes detected - recompiling the module!
[ 2456s] [INFO] Compiling 51 source files to /home/abuild/rpmbuild/BUILD/jaxb2-basics-0.9.5/runtime/target/test-classes
[ 2485s] [INFO] /home/abuild/rpmbuild/BUILD/jaxb2-basics-0.9.5/runtime/src/test/java/org/jvnet/jaxb2_commons/lang/tests/CopyStrategyTest.java: /home/abuild/rpmbuild/BUILD/jaxb2-basics-0.9.5/runtime/src/test/java/org/jvnet/jaxb2_commons/lang/tests/CopyStrategyTest.java uses or overrides a deprecated API.
[ 2485s] [INFO] /home/abuild/rpmbuild/BUILD/jaxb2-basics-0.9.5/runtime/src/test/java/org/jvnet/jaxb2_commons/lang/tests/CopyStrategyTest.java: Recompile with -Xlint:deprecation for details.
[ 2485s] [INFO] 
[ 2485s] [INFO] --- maven-surefire-plugin:2.22.0:test (default-test) @ jaxb2-basics-runtime ---
[ 2494s] [INFO] 
[ 2494s] [INFO] -------------------------------------------------------
[ 2494s] [INFO]  T E S T S
[ 2494s] [INFO] -------------------------------------------------------
[ 2502s] [INFO] Running org.hisrc.xml.bind.tests.addelement.AddElementTest
[ 2510s] [INFO] Tests run: 1, Failures: 0, Errors: 0, Skipped: 0, Time elapsed: 7.014 s - in org.hisrc.xml.bind.tests.addelement.AddElementTest
[ 2510s] [INFO] Running org.hisrc.xml.bind.tests.dogs.DogTest
[ 2511s] [INFO] Tests run: 1, Failures: 0, Errors: 0, Skipped: 0, Time elapsed: 0.106 s - in org.hisrc.xml.bind.tests.dogs.DogTest
[ 2511s] [INFO] Running org.hisrc.xml.bind.tests.dynamicelementname.DynamicElementNameTest
[ 2512s] <?xml version="1.0" encoding="UTF-8" standalone="yes"?><characteristics><store_capacity>40</store_capacity></characteristics>[INFO] Tests run: 1, Failures: 0, Errors: 0, Skipped: 0, Time elapsed: 0.128 s - in org.hisrc.xml.bind.tests.dynamicelementname.DynamicElementNameTest
[ 2512s] [INFO] Running org.hisrc.xml.bind.tests.DynamicSchemaTest
[ 2518s] <?xml version="1.0" encoding="UTF-8" standalone="yes"?><a name="works"/>[INFO] Tests run: 1, Failures: 0, Errors: 0, Skipped: 0, Time elapsed: 4.3 s - in org.hisrc.xml.bind.tests.DynamicSchemaTest
[ 2518s] [INFO] Running org.jvnet.jaxb2_commons.lang.tests.CopyStrategyTest
[ 2520s] [INFO] Tests run: 2, Failures: 0, Errors: 0, Skipped: 0, Time elapsed: 0.508 s - in org.jvnet.jaxb2_commons.lang.tests.CopyStrategyTest
[ 2520s] [INFO] Running org.jvnet.jaxb2_commons.lang.tests.CyclicTests
[ 2521s] [INFO] Tests run: 1, Failures: 0, Errors: 0, Skipped: 0, Time elapsed: 0.063 s - in org.jvnet.jaxb2_commons.lang.tests.CyclicTests
[ 2521s] [INFO] Running org.jvnet.jaxb2_commons.xml.bind.model.util.tests.XmlTypeUtilsTest
[ 2524s] [INFO] Tests run: 36, Failures: 0, Errors: 0, Skipped: 0, Time elapsed: 0.814 s - in org.jvnet.jaxb2_commons.xml.bind.model.util.tests.XmlTypeUtilsTest
[ 2524s] [INFO] Running org.jvnet.jaxb2_commons.xml.namespace.util.tests.QNameUtilsTest
[ 2525s] [INFO] Tests run: 1, Failures: 0, Errors: 0, Skipped: 0, Time elapsed: 0.114 s - in org.jvnet.jaxb2_commons.xml.namespace.util.tests.QNameUtilsTest
[ 2535s] [INFO] 
[ 2535s] [INFO] Results:
[ 2535s] [INFO] 
[ 2535s] [INFO] Tests run: 44, Failures: 0, Errors: 0, Skipped: 0
[ 2535s] [INFO] 
[ 2535s] [INFO] 
[ 2535s] [INFO] --- maven-jar-plugin:3.1.0:jar (default-jar) @ jaxb2-basics-runtime ---
[ 2538s] [INFO] Building jar: /home/abuild/rpmbuild/BUILD/jaxb2-basics-0.9.5/runtime/target/jaxb2-basics-runtime-0.9.5.jar
[ 2543s] [INFO] 
[ 2543s] [INFO] -------------< org.jvnet.jaxb2_commons:jaxb2-basics-tools >-------------
[ 2543s] [INFO] Building JAXB2 Basics - Tools 0.9.5                                [4/7]
[ 2543s] [INFO] --------------------------------[ jar ]---------------------------------
[ 2550s] [INFO] 
[ 2550s] [INFO] --- maven-resources-plugin:3.1.0:resources (default-resources) @ jaxb2-basics-tools ---
[ 2550s] [INFO] Using 'UTF-8' encoding to copy filtered resources.
[ 2550s] [INFO] skip non existing resourceDirectory /home/abuild/rpmbuild/BUILD/jaxb2-basics-0.9.5/tools/src/main/resources
[ 2550s] [INFO] 
[ 2550s] [INFO] --- maven-compiler-plugin:3.8.0:compile (default-compile) @ jaxb2-basics-tools ---
[ 2553s] [INFO] Changes detected - recompiling the module!
[ 2553s] [INFO] Compiling 99 source files to /home/abuild/rpmbuild/BUILD/jaxb2-basics-0.9.5/tools/target/classes
[ 2648s] [INFO] 
[ 2648s] [INFO] --- maven-resources-plugin:3.1.0:testResources (default-testResources) @ jaxb2-basics-tools ---
[ 2648s] [INFO] Using 'UTF-8' encoding to copy filtered resources.
[ 2648s] [INFO] Copying 2 resources
[ 2649s] [INFO] 
[ 2649s] [INFO] --- maven-compiler-plugin:3.8.0:testCompile (default-testCompile) @ jaxb2-basics-tools ---
[ 2650s] [INFO] Changes detected - recompiling the module!
[ 2650s] [INFO] Compiling 4 source files to /home/abuild/rpmbuild/BUILD/jaxb2-basics-0.9.5/tools/target/test-classes
[ 2659s] [INFO] 
[ 2659s] [INFO] --- maven-surefire-plugin:2.22.0:test (default-test) @ jaxb2-basics-tools ---
[ 2660s] [INFO] 
[ 2660s] [INFO] -------------------------------------------------------
[ 2660s] [INFO]  T E S T S
[ 2660s] [INFO] -------------------------------------------------------
[ 2668s] [INFO] Running org.jvnet.jaxb2_commons.xjc.model.concrete.tests.alpha.AlphaMInfoFactoryTest
[ 2706s] [INFO] Tests run: 8, Failures: 0, Errors: 0, Skipped: 0, Time elapsed: 36.739 s - in org.jvnet.jaxb2_commons.xjc.model.concrete.tests.alpha.AlphaMInfoFactoryTest
[ 2706s] [INFO] Running org.jvnet.jaxb2_commons.reflection.util.test.FieldAccessorTest
[ 2708s] [INFO] Tests run: 1, Failures: 0, Errors: 0, Skipped: 0, Time elapsed: 0.06 s - in org.jvnet.jaxb2_commons.reflection.util.test.FieldAccessorTest
[ 2710s] [INFO] 
[ 2710s] [INFO] Results:
[ 2710s] [INFO] 
[ 2710s] [INFO] Tests run: 9, Failures: 0, Errors: 0, Skipped: 0
[ 2710s] [INFO] 
[ 2710s] [INFO] 
[ 2710s] [INFO] --- maven-jar-plugin:3.1.0:jar (default-jar) @ jaxb2-basics-tools ---
[ 2713s] [INFO] Building jar: /home/abuild/rpmbuild/BUILD/jaxb2-basics-0.9.5/tools/target/jaxb2-basics-tools-0.9.5.jar
[ 2717s] [INFO] 
[ 2717s] [INFO] ------------< org.jvnet.jaxb2_commons:jaxb2-basics-testing >------------
[ 2718s] [INFO] Building JAXB2 Basics - Testing 0.9.5                              [5/7]
[ 2718s] [INFO] --------------------------------[ jar ]---------------------------------
[ 2719s] [INFO] 
[ 2719s] [INFO] --- maven-resources-plugin:3.1.0:resources (default-resources) @ jaxb2-basics-testing ---
[ 2719s] [INFO] Using 'UTF-8' encoding to copy filtered resources.
[ 2719s] [INFO] skip non existing resourceDirectory /home/abuild/rpmbuild/BUILD/jaxb2-basics-0.9.5/testing/src/main/resources
[ 2719s] [INFO] 
[ 2719s] [INFO] --- maven-compiler-plugin:3.8.0:compile (default-compile) @ jaxb2-basics-testing ---
[ 2720s] [INFO] Changes detected - recompiling the module!
[ 2720s] [INFO] Compiling 2 source files to /home/abuild/rpmbuild/BUILD/jaxb2-basics-0.9.5/testing/target/classes
[ 2731s] [INFO] /home/abuild/rpmbuild/BUILD/jaxb2-basics-0.9.5/testing/src/main/java/org/jvnet/jaxb2_commons/test/AbstractSamplesTest.java: /home/abuild/rpmbuild/BUILD/jaxb2-basics-0.9.5/testing/src/main/java/org/jvnet/jaxb2_commons/test/AbstractSamplesTest.java uses or overrides a deprecated API.
[ 2731s] [INFO] /home/abuild/rpmbuild/BUILD/jaxb2-basics-0.9.5/testing/src/main/java/org/jvnet/jaxb2_commons/test/AbstractSamplesTest.java: Recompile with -Xlint:deprecation for details.
[ 2731s] [INFO] 
[ 2731s] [INFO] --- maven-resources-plugin:3.1.0:testResources (default-testResources) @ jaxb2-basics-testing ---
[ 2731s] [INFO] Using 'UTF-8' encoding to copy filtered resources.
[ 2731s] [INFO] skip non existing resourceDirectory /home/abuild/rpmbuild/BUILD/jaxb2-basics-0.9.5/testing/src/test/resources
[ 2731s] [INFO] 
[ 2731s] [INFO] --- maven-compiler-plugin:3.8.0:testCompile (default-testCompile) @ jaxb2-basics-testing ---
[ 2732s] [INFO] Changes detected - recompiling the module!
[ 2732s] [INFO] Compiling 1 source file to /home/abuild/rpmbuild/BUILD/jaxb2-basics-0.9.5/testing/target/test-classes
[ 2734s] [INFO] 
[ 2734s] [INFO] --- maven-surefire-plugin:2.22.0:test (default-test) @ jaxb2-basics-testing ---
[ 2735s] [INFO] 
[ 2735s] [INFO] -------------------------------------------------------
[ 2735s] [INFO]  T E S T S
[ 2735s] [INFO] -------------------------------------------------------
[ 2741s] [INFO] Running org.jvnet.jaxb2_commons.test.tests.TrivialSamplesTest
[ 2741s] SLF4J: Failed to load class "org.slf4j.impl.StaticLoggerBinder".
[ 2741s] SLF4J: Defaulting to no-operation (NOP) logger implementation
[ 2741s] SLF4J: See http://www.slf4j.org/codes.html#StaticLoggerBinder for further details.
[ 2743s] [INFO] Tests run: 1, Failures: 0, Errors: 0, Skipped: 0, Time elapsed: 1.224 s - in org.jvnet.jaxb2_commons.test.tests.TrivialSamplesTest
[ 2745s] [INFO] 
[ 2745s] [INFO] Results:
[ 2745s] [INFO] 
[ 2745s] [INFO] Tests run: 1, Failures: 0, Errors: 0, Skipped: 0
[ 2745s] [INFO] 
[ 2745s] [INFO] 
[ 2746s] [INFO] --- maven-jar-plugin:3.1.0:jar (default-jar) @ jaxb2-basics-testing ---
[ 2746s] [INFO] Building jar: /home/abuild/rpmbuild/BUILD/jaxb2-basics-0.9.5/testing/target/jaxb2-basics-testing-0.9.5.jar
[ 2746s] [INFO] 
[ 2746s] [INFO] ----------------< org.jvnet.jaxb2_commons:jaxb2-basics >----------------
[ 2746s] [INFO] Building JAXB2 Basics - Basic Plugins 0.9.5                        [6/7]
[ 2746s] [INFO] --------------------------------[ jar ]---------------------------------
[ 2747s] [WARNING] The POM for com.github.javaparser:javaparser-core:jar:3.3.5 is missing, no dependency information available
[ 2754s] [INFO] 
[ 2754s] [INFO] ------------------------------------------------------------------------
[ 2754s] [INFO] Skipping JAXB2 Basics - Project
[ 2754s] [INFO] This project has been banned from the build due to previous failures.
[ 2754s] [INFO] ------------------------------------------------------------------------
[ 2754s] [INFO] ------------------------------------------------------------------------
[ 2754s] [INFO] Reactor Summary:
[ 2754s] [INFO] 
[ 2754s] [INFO] JAXB2 Basics - Project 0.9.5 ....................... SUCCESS [  0.170 s]
[ 2754s] [INFO] JAXB2 Basics - Ant Task ............................ SUCCESS [01:35 min]
[ 2754s] [INFO] JAXB2 Basics - Runtime ............................. SUCCESS [05:53 min]
[ 2754s] [INFO] JAXB2 Basics - Tools ............................... SUCCESS [02:54 min]
[ 2754s] [INFO] JAXB2 Basics - Testing ............................. SUCCESS [ 28.813 s]
[ 2754s] [INFO] JAXB2 Basics - Basic Plugins ....................... FAILURE [  7.390 s]
[ 2754s] [INFO] JAXB2 Basics - Full Plugins JAR 0.9.5 .............. SKIPPED
[ 2754s] [INFO] ------------------------------------------------------------------------
[ 2754s] [INFO] BUILD FAILURE
[ 2754s] [INFO] ------------------------------------------------------------------------
[ 2754s] [INFO] Total time: 11:40 min
[ 2754s] [INFO] Finished at: 2022-04-16T02:09:56Z
[ 2754s] [INFO] ------------------------------------------------------------------------
[ 2755s] [ERROR] Failed to execute goal on project jaxb2-basics: Could not resolve dependencies for project org.jvnet.jaxb2_commons:jaxb2-basics:jar:0.9.5: Cannot access huaweicloud (https://mirrors.huaweicloud.com/repository/maven/) in offline mode and the artifact com.github.javaparser:javaparser-core:jar:3.3.5 has not been downloaded from it before. -> [Help 1]
[ 2755s] [ERROR] 
[ 2755s] [ERROR] To see the full stack trace of the errors, re-run Maven with the -e switch.
[ 2755s] [ERROR] Re-run Maven using the -X switch to enable full debug logging.
[ 2755s] [ERROR] 
[ 2755s] [ERROR] For more information about the errors and possible solutions, please read the following articles:
[ 2755s] [ERROR] [Help 1] http://cwiki.apache.org/confluence/display/MAVEN/DependencyResolutionException
[ 2755s] [ERROR] 
[ 2755s] [ERROR] After correcting the problems, you can resume the build with the command
[ 2755s] [ERROR]   mvn <goals> -rf :jaxb2-basics
[ 2758s] error: Bad exit status from /var/tmp/rpm-tmp.F7DFHn (%build)
[ 2758s] 
[ 2758s] 
[ 2758s] RPM build errors:
[ 2758s]     Bad exit status from /var/tmp/rpm-tmp.F7DFHn (%build)
[ 2758s] 
[ 2758s] oe-RISCV-worker28 failed "build jaxb2-common-basics.spec" at Sat Apr 16 02:10:00 UTC 2022.
[ 2758s] 
