[    0s] Memory limit set to 10955196KB
[    0s] Using BUILD_ROOT=/var/cache/obs/worker/root_2
[    0s] Using BUILD_ARCH=riscv64
[    0s] 
[    5s] 
[    6s] oe-RISCV-worker22 started "build _service:extract_file:metadata-extractor2.spec" at Sun Apr 17 07:47:05 UTC 2022.
[    6s] 
[    6s] Building metadata-extractor2 for project 'openEuler:Mainline:RISC-V' repository 'advanced_riscv64' arch 'riscv64' srcmd5 'd6d592a6f4bd72da5698c30c418a7111'
[    6s] 
[    6s] processing recipe /var/cache/obs/worker/root_2/.build-srcdir/_service:extract_file:metadata-extractor2.spec ...
[   10s] running changelog2spec --target rpm --file /var/cache/obs/worker/root_2/.build-srcdir/_service:extract_file:metadata-extractor2.spec
[   12s] init_buildsystem --configdir /var/run/obs/worker/2/build/configs --cachedir /var/cache/build --clean --rpmlist /var/cache/obs/worker/root_2/.build.rpmlist /var/cache/obs/worker/root_2/.build-srcdir/_service:extract_file:metadata-extractor2.spec build ...
[  128s] cycle: coreutils -> bash
[  128s]   breaking dependency coreutils -> bash
[  128s] cycle: coreutils -> info
[  128s]   breaking dependency coreutils -> info
[  128s] cycle: glibc -> filesystem -> coreutils
[  128s]   breaking dependency coreutils -> glibc
[  128s] cycle: glibc -> filesystem -> coreutils -> libacl
[  128s]   breaking dependency coreutils -> libacl
[  128s] cycle: glibc -> filesystem -> coreutils -> attr
[  128s]   breaking dependency coreutils -> attr
[  128s] cycle: coreutils -> libcap
[  128s]   breaking dependency coreutils -> libcap
[  128s] cycle: glibc -> filesystem -> coreutils -> openssl-libs
[  128s]   breaking dependency coreutils -> openssl-libs
[  128s] cycle: glibc -> filesystem -> coreutils -> libselinux
[  128s]   breaking dependency libselinux -> glibc
[  128s] cycle: glibc -> filesystem -> coreutils -> libselinux -> pcre2
[  128s]   breaking dependency pcre2 -> glibc
[  128s] cycle: glibc -> filesystem -> coreutils -> libselinux -> pcre2 -> readline
[  128s]   breaking dependency readline -> glibc
[  128s] cycle: glibc -> filesystem -> coreutils -> libselinux -> pcre2 -> readline -> ncurses-libs
[  128s]   breaking dependency filesystem -> coreutils
[  128s] cycle: glibc -> filesystem -> bash -> coreutils -> libselinux -> pcre2 -> readline -> ncurses-libs
[  128s]   breaking dependency filesystem -> bash
[  128s] cycle: perl-Carp -> perl-libs
[  128s]   breaking dependency perl-libs -> perl-Carp
[  128s] cycle: perl-libs -> perl-Exporter
[  128s]   breaking dependency perl-libs -> perl-Exporter
[  128s] cycle: perl-Carp -> perl-Exporter
[  128s]   breaking dependency perl-Exporter -> perl-Carp
[  128s] cycle: nss-util -> nss
[  128s]   breaking dependency nss -> nss-util
[  128s] cycle: nss-softokn -> nss-util -> nss
[  128s]   breaking dependency nss -> nss-softokn
[  128s] cycle: systemd -> cryptsetup -> device-mapper
[  128s]   breaking dependency systemd -> cryptsetup
[  128s] cycle: audit -> systemd -> pam
[  128s]   breaking dependency systemd -> pam
[  128s] [1/84] preinstalling dbus...
[  129s] [2/84] preinstalling libffi-devel...
[  130s] [3/84] preinstalling nodejs-source-map...
[  131s] [4/84] preinstalling python3-pip...
[  135s] [5/84] preinstalling python3-setuptools_scm...
[  135s] [6/84] preinstalling filesystem...
[  138s] [7/84] preinstalling glibc...
[  142s] [8/84] preinstalling libgcc...
[  143s] [9/84] preinstalling diffutils...
[  145s] [10/84] preinstalling libcap-ng...
[  146s] [11/84] preinstalling libgpg-error...
[  147s] [12/84] preinstalling libpcap...
[  148s] [13/84] preinstalling libsmartcols...
[  149s] [14/84] preinstalling libuuid...
[  150s] [15/84] preinstalling libxcrypt...
[  151s] [16/84] preinstalling lz4...
[  152s] [17/84] preinstalling m4...
[  153s] [18/84] preinstalling ncurses-libs...
[  154s] [19/84] preinstalling nspr...
[  156s] [20/84] preinstalling xz-libs...
[  157s] [21/84] preinstalling zlib...
[  158s] [22/84] preinstalling attr...
[  159s] [23/84] preinstalling libdb...
[  163s] [24/84] preinstalling zstd...
[  165s] [25/84] preinstalling audit-libs...
[  166s] [26/84] preinstalling file...
[  167s] [27/84] preinstalling iptables-libs...
[  167s] [28/84] preinstalling libacl...
[  168s] [29/84] preinstalling libgcrypt...
[  170s] [30/84] preinstalling openssl-libs...
[  172s] [31/84] preinstalling readline...
[  172s] [32/84] preinstalling ncurses...
[  179s] [33/84] preinstalling cmake...
[  195s] [34/84] preinstalling perl-libs...
[  198s] [35/84] preinstalling pcre2...
[  199s] [36/84] preinstalling perl-Exporter...
[  200s] [37/84] preinstalling pcre...
[  201s] [38/84] preinstalling acl...
[  202s] [39/84] preinstalling sqlite...
[  204s] [40/84] preinstalling libselinux...
[  205s] [41/84] preinstalling perl-Carp...
[  206s] [42/84] preinstalling perl-Digest-MD5...
[  207s] [43/84] preinstalling sed...
[  208s] [44/84] preinstalling coreutils...
[  212s] [45/84] preinstalling bash...
[  215s] [46/84] preinstalling openssl...
[  217s] [47/84] preinstalling dnf...
[  218s] [48/84] preinstalling bzip2...
[  219s] [49/84] preinstalling elfutils...
[  220s] [50/84] preinstalling hostname...
[  221s] [51/84] preinstalling libcap...
[  222s] [52/84] preinstalling popt...
[  223s] [53/84] preinstalling grep...
[  224s] [54/84] preinstalling libblkid...
[  225s] [55/84] preinstalling perl-constant...
[  226s] [56/84] preinstalling tar...
[  228s] [57/84] preinstalling info...
[  229s] [58/84] preinstalling libgcrypt-devel...
[  229s] [59/84] preinstalling lua...
[  230s] [60/84] preinstalling nss...
[  232s] [61/84] preinstalling chkconfig...
[  233s] [62/84] preinstalling copy-jdk-configs...
[  234s] [63/84] preinstalling libfdisk...
[  235s] [64/84] preinstalling libmount...
[  236s] [65/84] preinstalling libsemanage...
[  237s] [66/84] preinstalling nss-util...
[  238s] [67/84] preinstalling findutils...
[  240s] [68/84] preinstalling perl-Getopt-Long...
[  241s] [69/84] preinstalling xz...
[  241s] [70/84] preinstalling perl-Data-Dumper...
[  242s] [71/84] preinstalling systemd-libs...
[  243s] [72/84] preinstalling rpm-libs...
[  244s] [73/84] preinstalling dbus-libs...
[  245s] [74/84] preinstalling nss-softokn...
[  248s] [75/84] preinstalling glib2...
[  252s] [76/84] preinstalling systemd...
[  256s] [77/84] preinstalling audit...
[  257s] [78/84] preinstalling rpm...
[  258s] [79/84] preinstalling openEuler-rpm-config...
[  259s] [80/84] preinstalling pam...
[  260s] [81/84] preinstalling util-linux...
[  264s] [82/84] preinstalling device-mapper...
[  266s] [83/84] preinstalling cryptsetup...
[  267s] [84/84] preinstalling lvm2...
[  270s] 
[  275s] initializing rpm db...
[  290s] reordering...cycle: bash -> coreutils
[  290s]   breaking dependency coreutils -> bash
[  290s] cycle: bash -> coreutils -> info
[  290s]   breaking dependency coreutils -> info
[  290s] cycle: glibc -> basesystem -> filesystem -> bash -> coreutils -> gmp
[  290s]   breaking dependency filesystem -> bash
[  290s] cycle: glibc -> basesystem -> filesystem -> coreutils -> gmp
[  290s]   breaking dependency coreutils -> gmp
[  290s] cycle: glibc -> basesystem -> filesystem -> coreutils
[  290s]   breaking dependency coreutils -> glibc
[  290s] cycle: glibc -> basesystem -> filesystem -> coreutils -> libacl
[  290s]   breaking dependency coreutils -> libacl
[  290s] cycle: glibc -> basesystem -> filesystem -> coreutils -> attr
[  290s]   breaking dependency coreutils -> attr
[  290s] cycle: coreutils -> libcap -> bash
[  290s]   breaking dependency coreutils -> libcap
[  290s] cycle: glibc -> basesystem -> filesystem -> coreutils -> openssl-libs
[  290s]   breaking dependency openssl-libs -> glibc
[  290s] cycle: coreutils -> openssl-libs -> ca-certificates -> bash
[  290s]   breaking dependency ca-certificates -> bash
[  290s] cycle: coreutils -> openssl-libs -> ca-certificates
[  290s]   breaking dependency ca-certificates -> coreutils
[  290s] cycle: coreutils -> openssl-libs -> ca-certificates -> grep -> bash
[  290s]   breaking dependency grep -> bash
[  290s] cycle: coreutils -> openssl-libs -> ca-certificates -> grep
[  290s]   breaking dependency ca-certificates -> grep
[  290s] cycle: glibc -> basesystem -> filesystem -> coreutils -> openssl-libs -> ca-certificates -> p11-kit
[  290s]   breaking dependency p11-kit -> glibc
[  290s] cycle: glibc -> basesystem -> filesystem -> coreutils -> openssl-libs -> ca-certificates -> p11-kit -> libffi
[  290s]   breaking dependency openssl-libs -> ca-certificates
[  290s] cycle: coreutils -> openssl-libs -> crypto-policies -> bash
[  290s]   breaking dependency crypto-policies -> bash
[  290s] cycle: coreutils -> openssl-libs -> crypto-policies
[  290s]   breaking dependency crypto-policies -> coreutils
[  290s] cycle: coreutils -> openssl-libs -> crypto-policies -> grep
[  290s]   breaking dependency grep -> coreutils
[  290s] cycle: glibc -> basesystem -> filesystem -> coreutils -> openssl-libs -> crypto-policies -> grep
[  290s]   breaking dependency glibc -> basesystem
[  290s] cycle: glibc -> glibc-common -> bash -> coreutils -> openssl-libs -> crypto-policies -> grep
[  290s]   breaking dependency glibc-common -> bash
[  290s] cycle: glibc -> glibc-common -> coreutils -> openssl-libs -> crypto-policies -> grep
[  290s]   breaking dependency glibc-common -> coreutils
[  290s] cycle: glibc -> glibc-common
[  290s]   breaking dependency glibc-common -> glibc
[  290s] cycle: glibc -> glibc-common -> libselinux
[  290s]   breaking dependency libselinux -> glibc
[  290s] cycle: glibc -> glibc-common -> libselinux -> pcre2
[  290s]   breaking dependency pcre2 -> glibc
[  290s] cycle: glibc -> glibc-common -> libselinux -> pcre2 -> readline
[  290s]   breaking dependency readline -> glibc
[  290s] cycle: glibc -> glibc-common -> libselinux -> pcre2 -> readline -> ncurses-libs
[  290s]   breaking dependency libselinux -> pcre2
[  290s] cycle: glibc -> glibc-common -> libselinux -> libsepol -> bash -> coreutils -> openssl-libs -> crypto-policies -> grep
[  290s]   breaking dependency bash -> coreutils
[  290s] cycle: glibc -> glibc-common -> libselinux -> libsepol -> bash -> filesystem -> coreutils -> openssl-libs -> crypto-policies -> grep
[  290s]   breaking dependency libsepol -> bash
[  290s] cycle: glibc -> glibc-common -> libselinux -> libsepol -> coreutils -> openssl-libs -> crypto-policies -> grep
[  290s]   breaking dependency coreutils -> openssl-libs
[  290s] cycle: libselinux -> libsepol -> coreutils
[  290s]   breaking dependency libsepol -> coreutils
[  290s] cycle: glibc -> glibc-common -> libselinux -> libsepol
[  290s]   breaking dependency glibc -> glibc-common
[  290s] cycle: glibc -> filesystem -> coreutils -> libselinux -> libsepol
[  290s]   breaking dependency filesystem -> coreutils
[  290s] cycle: filesystem -> setup
[  290s]   breaking dependency filesystem -> setup
[  290s] cycle: systemd -> cryptsetup -> device-mapper
[  290s]   breaking dependency systemd -> cryptsetup
[  290s] cycle: perl-libs -> perl-Carp
[  290s]   breaking dependency perl-libs -> perl-Carp
[  290s] cycle: perl-libs -> perl-Exporter
[  290s]   breaking dependency perl-libs -> perl-Exporter
[  290s] cycle: perl-Carp -> perl-Exporter
[  290s]   breaking dependency perl-Exporter -> perl-Carp
[  290s] cycle: perl -> perl-PathTools
[  290s]   breaking dependency perl -> perl-PathTools
[  290s] cycle: perl -> perl-ExtUtils-MakeMaker
[  290s]   breaking dependency perl -> perl-ExtUtils-MakeMaker
[  290s] cycle: perl -> perl-File-Path -> perl-PathTools
[  290s]   breaking dependency perl -> perl-File-Path
[  290s] cycle: perl -> perl-Getopt-Long -> perl-Pod-Usage
[  290s]   breaking dependency perl -> perl-Getopt-Long
[  290s] cycle: perl -> perl-Locale-Maketext
[  290s]   breaking dependency perl -> perl-Locale-Maketext
[  290s] cycle: perl -> perl-Pod-Simple
[  290s]   breaking dependency perl -> perl-Pod-Simple
[  290s] cycle: perl -> perl-Socket
[  290s]   breaking dependency perl -> perl-Socket
[  290s] cycle: perl -> perl-Storable
[  290s]   breaking dependency perl -> perl-Storable
[  290s] cycle: perl -> perl-Text-Tabs+Wrap
[  290s]   breaking dependency perl -> perl-Text-Tabs+Wrap
[  290s] cycle: perl -> perl-Time-Local -> perl-constant
[  290s]   breaking dependency perl -> perl-Time-Local
[  290s] cycle: perl -> perl-constant
[  290s]   breaking dependency perl -> perl-constant
[  290s] cycle: perl -> perl-threads
[  290s]   breaking dependency perl -> perl-threads
[  290s] cycle: perl -> perl-threads-shared
[  290s]   breaking dependency perl -> perl-threads-shared
[  290s] cycle: perl -> perl-Archive-Tar
[  290s]   breaking dependency perl -> perl-Archive-Tar
[  290s] cycle: perl -> perl-B-Debug
[  290s]   breaking dependency perl -> perl-B-Debug
[  290s] cycle: perl -> perl-CPAN-Meta -> perl-CPAN-Meta-Requirements
[  290s]   breaking dependency perl -> perl-CPAN-Meta
[  290s] cycle: perl -> perl-CPAN-Meta-Requirements
[  290s]   breaking dependency perl -> perl-CPAN-Meta-Requirements
[  290s] cycle: perl -> perl-CPAN-Meta-YAML
[  290s]   breaking dependency perl -> perl-CPAN-Meta-YAML
[  290s] cycle: perl -> perl-Compress-Raw-Bzip2
[  290s]   breaking dependency perl -> perl-Compress-Raw-Bzip2
[  290s] cycle: perl -> perl-Compress-Raw-Zlib
[  290s]   breaking dependency perl -> perl-Compress-Raw-Zlib
[  290s] cycle: perl -> perl-Config-Perl-V
[  290s]   breaking dependency perl -> perl-Config-Perl-V
[  290s] cycle: perl -> perl-DB_File
[  290s]   breaking dependency perl -> perl-DB_File
[  290s] cycle: perl -> perl-Data-Dumper
[  290s]   breaking dependency perl -> perl-Data-Dumper
[  290s] cycle: perl -> perl-Devel-PPPort
[  290s]   breaking dependency perl -> perl-Devel-PPPort
[  290s] cycle: perl -> perl-Digest -> perl-MIME-Base64
[  290s]   breaking dependency perl -> perl-Digest
[  290s] cycle: perl -> perl-Digest-MD5 -> perl-Digest -> perl-MIME-Base64
[  290s]   breaking dependency perl -> perl-Digest-MD5
[  290s] cycle: perl -> perl-Digest-SHA
[  290s]   breaking dependency perl -> perl-Digest-SHA
[  290s] cycle: perl -> perl-Encode
[  290s]   breaking dependency perl -> perl-Encode
[  290s] cycle: perl -> perl-Env
[  290s]   breaking dependency perl -> perl-Env
[  290s] cycle: perl -> perl-ExtUtils-Command
[  290s]   breaking dependency perl -> perl-ExtUtils-Command
[  290s] cycle: perl -> perl-ExtUtils-Install
[  290s]   breaking dependency perl -> perl-ExtUtils-Install
[  290s] cycle: perl -> perl-ExtUtils-Manifest
[  290s]   breaking dependency perl -> perl-ExtUtils-Manifest
[  290s] cycle: perl -> perl-ExtUtils-ParseXS
[  290s]   breaking dependency perl -> perl-ExtUtils-ParseXS
[  290s] cycle: perl -> perl-File-Fetch -> perl-PathTools
[  290s]   breaking dependency perl -> perl-File-Fetch
[  290s] cycle: perl -> perl-File-Temp -> perl-PathTools
[  290s]   breaking dependency perl -> perl-File-Temp
[  290s] cycle: perl -> perl-Filter
[  290s]   breaking dependency perl -> perl-Filter
[  290s] cycle: perl -> perl-Filter-Simple -> perl-Filter
[  290s]   breaking dependency perl -> perl-Filter-Simple
[  290s] cycle: perl -> perl-HTTP-Tiny
[  290s]   breaking dependency perl -> perl-HTTP-Tiny
[  290s] cycle: perl -> perl-IO-Compress
[  290s]   breaking dependency perl -> perl-IO-Compress
[  290s] cycle: perl -> perl-IO-Socket-IP
[  290s]   breaking dependency perl -> perl-IO-Socket-IP
[  290s] cycle: perl -> perl-IPC-Cmd -> perl-ExtUtils-MakeMaker
[  290s]   breaking dependency perl -> perl-IPC-Cmd
[  290s] cycle: perl -> perl-IPC-SysV
[  290s]   breaking dependency perl -> perl-IPC-SysV
[  290s] cycle: perl -> perl-JSON-PP
[  290s]   breaking dependency perl -> perl-JSON-PP
[  290s] cycle: perl -> perl-Locale-Codes -> perl-constant
[  290s]   breaking dependency perl -> perl-Locale-Codes
[  290s] cycle: perl -> perl-MIME-Base64
[  290s]   breaking dependency perl -> perl-MIME-Base64
[  290s] cycle: perl -> perl-Math-BigInt
[  290s]   breaking dependency perl -> perl-Math-BigInt
[  290s] cycle: perl -> perl-Math-BigInt-FastCalc -> perl-Math-BigInt
[  290s]   breaking dependency perl -> perl-Math-BigInt-FastCalc
[  290s] cycle: perl -> perl-Math-BigRat -> perl-Math-BigInt
[  290s]   breaking dependency perl -> perl-Math-BigRat
[  290s] cycle: perl -> perl-Module-CoreList
[  290s]   breaking dependency perl -> perl-Module-CoreList
[  290s] cycle: perl -> perl-Module-Load -> perl-PathTools
[  290s]   breaking dependency perl -> perl-Module-Load
[  290s] cycle: perl -> perl-Module-Load-Conditional
[  290s]   breaking dependency perl -> perl-Module-Load-Conditional
[  290s] cycle: perl -> perl-Module-Metadata
[  290s]   breaking dependency perl -> perl-Module-Metadata
[  290s] cycle: perl -> perl-Params-Check
[  290s]   breaking dependency perl -> perl-Params-Check
[  290s] cycle: perl -> perl-PerlIO-via-QuotedPrint -> perl-MIME-Base64
[  290s]   breaking dependency perl -> perl-PerlIO-via-QuotedPrint
[  290s] cycle: perl -> perl-Pod-Checker
[  290s]   breaking dependency perl -> perl-Pod-Checker
[  290s] cycle: perl -> perl-Pod-Escapes
[  290s]   breaking dependency perl -> perl-Pod-Escapes
[  290s] cycle: perl -> perl-Pod-Parser
[  290s]   breaking dependency perl -> perl-Pod-Parser
[  290s] cycle: perl -> perl-Pod-Perldoc
[  290s]   breaking dependency perl -> perl-Pod-Perldoc
[  290s] cycle: perl -> perl-Pod-Usage
[  290s]   breaking dependency perl -> perl-Pod-Usage
[  290s] cycle: perl -> perl-Sys-Syslog
[  290s]   breaking dependency perl -> perl-Sys-Syslog
[  290s] cycle: perl -> perl-Term-Cap
[  290s]   breaking dependency perl -> perl-Term-Cap
[  290s] cycle: perl -> perl-Test-Harness
[  290s]   breaking dependency perl -> perl-Test-Harness
[  290s] cycle: perl -> perl-Test-Simple
[  290s]   breaking dependency perl -> perl-Test-Simple
[  290s] cycle: perl -> perl-Text-Balanced
[  290s]   breaking dependency perl -> perl-Text-Balanced
[  290s] cycle: perl -> perl-Thread-Queue -> perl-threads-shared
[  290s]   breaking dependency perl -> perl-Thread-Queue
[  290s] cycle: perl -> perl-Unicode-Collate -> perl-PathTools
[  290s]   breaking dependency perl -> perl-Unicode-Collate
[  290s] cycle: perl -> perl-autodie
[  290s]   breaking dependency perl -> perl-autodie
[  290s] cycle: perl -> perl-bignum -> perl-Math-BigInt
[  290s]   breaking dependency perl -> perl-bignum
[  290s] cycle: perl -> perl-devel
[  290s]   breaking dependency perl -> perl-devel
[  290s] cycle: perl -> perl-Encode-devel
[  290s]   breaking dependency perl -> perl-Encode-devel
[  290s] cycle: perl -> perl-experimental
[  290s]   breaking dependency perl -> perl-experimental
[  290s] cycle: perl -> perl-libnet -> perl-Digest-MD5 -> perl-Digest -> perl-MIME-Base64
[  290s]   breaking dependency perl -> perl-libnet
[  290s] cycle: perl -> perl-podlators
[  290s]   breaking dependency perl -> perl-podlators
[  290s] cycle: perl -> perl-version
[  290s]   breaking dependency perl -> perl-version
[  290s] cycle: glib2 -> gamin
[  290s]   breaking dependency glib2 -> gamin
[  290s] cycle: systemd -> gnutls -> unbound-libs -> shadow -> pam -> audit
[  290s]   breaking dependency systemd -> gnutls
[  290s] cycle: systemd -> pam -> audit
[  290s]   breaking dependency systemd -> pam
[  290s] cycle: systemd -> shadow -> pam -> audit
[  290s]   breaking dependency systemd -> shadow
[  290s] cycle: pam -> libpwquality
[  290s]   breaking dependency pam -> libpwquality
[  290s] cycle: perl-Getopt-Long -> perl-Pod-Usage
[  290s]   breaking dependency perl-Pod-Usage -> perl-Getopt-Long
[  290s] cycle: perl-Getopt-Long -> perl-Pod-Usage -> perl-podlators -> perl-Encode
[  290s]   breaking dependency perl-podlators -> perl-Encode
[  290s] cycle: perl-Getopt-Long -> perl-Pod-Usage -> perl-podlators
[  290s]   breaking dependency perl-podlators -> perl-Getopt-Long
[  290s] cycle: perl-Getopt-Long -> perl-Pod-Usage -> perl-podlators -> perl-Pod-Simple -> perl-Encode
[  290s]   breaking dependency perl-Encode -> perl-Getopt-Long
[  290s] cycle: perl-Getopt-Long -> perl-Pod-Usage -> perl-podlators -> perl-Pod-Simple
[  290s]   breaking dependency perl-podlators -> perl-Pod-Simple
[  290s] cycle: perl-Pod-Usage -> perl-podlators
[  290s]   breaking dependency perl-podlators -> perl-Pod-Usage
[  290s] cycle: groff -> perl-Getopt-Long -> perl-Pod-Usage -> perl-Pod-Perldoc
[  290s]   breaking dependency groff -> perl-Getopt-Long
[  290s] cycle: nss -> nss-util
[  290s]   breaking dependency nss -> nss-util
[  290s] cycle: nss -> nss-softokn -> nss-util
[  290s]   breaking dependency nss -> nss-softokn
[  290s] cycle: libxcrypt-devel -> glibc-devel
[  290s]   breaking dependency glibc-devel -> libxcrypt-devel
[  290s] cycle: groovy-lib -> gpars
[  290s]   breaking dependency groovy-lib -> gpars
[  290s] cycle: batik-css -> batik
[  290s]   breaking dependency batik -> batik-css
[  290s] cycle: xalan-j2 -> xerces-j2
[  290s]   breaking dependency xerces-j2 -> xalan-j2
[  290s] cycle: cmake-data -> cmake
[  290s]   breaking dependency cmake -> cmake-data
[  290s] cycle: perl-Getopt-Long -> perl-Pod-Usage -> perl-Pod-Perldoc -> perl-Pod-Simple
[  290s]   breaking dependency perl-Pod-Perldoc -> perl-Pod-Simple
[  290s] cycle: openssh -> openssh-server
[  290s]   breaking dependency openssh-server -> openssh
[  290s] cycle: git -> perl-Git
[  290s]   breaking dependency git -> perl-Git
[  290s] cycle: perl-ExtUtils-Install -> perl-ExtUtils-MakeMaker
[  290s]   breaking dependency perl-ExtUtils-MakeMaker -> perl-ExtUtils-Install
[  291s] done
[  291s] querying package ids...
[  335s] [1/536] installing cmake-filesystem-3.22.0-1.oe1
[  337s] [2/536] installing fonts-filesystem-2.0.2-2.oe1
[  338s] [3/536] installing fuse-common-3.9.2-5.oe1
[  339s] [4/536] installing javapackages-filesystem-5.3.0-3.oe1
[  341s] [5/536] installing kernel-headers-5.10-3.oe1
[  350s] [6/536] installing libreport-filesystem-2.13.1-5.oe1
[  351s] [7/536] installing ncurses-base-6.1-14.oe1
[  353s] [8/536] installing openEuler-gpg-keys-1.0-2.5.oe1
[  354s] [9/536] installing python-setuptools-59.4.0-3.oe1
[  355s] [10/536] installing qt5-srpm-macros-5.15.2-1.oe1
[  356s] [11/536] installing tzdata-2021a-2.oe1
[  364s] [12/536] installing tzdata-java-2021a-2.oe1
[  367s] [13/536] installing dnf-data-4.10.0-1.oe1
[  368s] [14/536] installing openEuler-repos-1.0-2.5.oe1
[  369s] [15/536] installing wqy-zenhei-fonts-0.9.46-21.oe1
[  377s] [16/536] installing openEuler-release-20.03LTS-40.oe1
[  378s] [17/536] installing filesystem-3.9-3.oe1
[  390s] warning: group mail does not exist - using root
[  390s] [18/536] installing emacs-filesystem-1:27.1-5.oe1
[  391s] [19/536] installing libgcc-10.3.1-20220105.6.oe1
[  394s] [20/536] installing setup-2.13.3-4.oe1
[  396s] [21/536] installing glibc-2.34-64.oe1
[  402s] [22/536] installing brotli-1.0.9-2.oe1
[  404s] [23/536] installing chrpath-0.16-12.oe1
[  405s] [24/536] installing cpio-2.13-4.oe1
[  408s] [25/536] installing diffutils-3.7-4.oe1
[  410s] [26/536] installing expat-2.2.10-1.oe1
[  412s] [27/536] installing giflib-5.2.1-2.oe1
[  413s] [28/536] installing json-c-0.15-1.oe1
[  414s] [29/536] installing keyutils-libs-1.6.3-3.oe1
[  415s] [30/536] installing libICE-1.0.10-2.oe1
[  416s] [31/536] installing libXau-1.0.9-2.oe1
[  417s] [32/536] installing libaio-0.3.112-1.oe1
[  418s] [33/536] installing libargon2-20190702-1.oe1
[  420s] [34/536] installing libatomic-10.3.1-20220105.6.oe1
[  421s] [35/536] installing libcap-ng-0.7.11-1.oe1
[  422s] [36/536] installing libev-4.24-11.oe1
[  423s] [37/536] installing libffi-3.3-31.oe1
[  424s] [38/536] installing libgomp-10.3.1-20220105.6.oe1
[  425s] [39/536] installing libgpg-error-1.41-1.oe1
[  427s] [40/536] installing libjpeg-turbo-2.0.6-1.oe1
[  429s] [41/536] installing libnghttp2-1.42.0-1.oe1
[  430s] [42/536] installing libpcap-14:1.9.1-7.oe1
[  433s] [43/536] installing libpipeline-1.5.3-1.oe1
[  434s] [44/536] installing libsigsegv-2.11-10.oe1
[  436s] [45/536] installing libsmartcols-2.36.1-3.oe1
[  438s] [46/536] installing libtasn1-4.16.0-2.oe1
[  441s] [47/536] installing libtool-ltdl-2.4.6-34.oe1
[  445s] [48/536] installing libunistring-0.9.10-8.oe1
[  447s] [49/536] installing libuuid-2.36.1-3.oe1
[  449s] [50/536] installing libuv-1:1.40.0-1.oe1
[  450s] [51/536] installing libxcrypt-4.4.8-4.oe1
[  451s] [52/536] installing libyaml-0.2.5-1.oe1
[  452s] [53/536] installing lz4-1.9.3-1.oe1
[  454s] [54/536] installing m4-1.4.18-14.oe1
[  455s] [55/536] installing nspr-4.32.0-1.oe1
[  457s] [56/536] installing pkgconf-1.7.3-1.oe1
[  458s] [57/536] installing rhash-1.3.5-5.oe1
[  459s] [58/536] installing which-2.21-14.oe1
[  460s] [59/536] installing xz-libs-5.2.5-1.oe1
[  461s] [60/536] installing zlib-1.2.11-18.oe1
[  463s] [61/536] installing attr-2.4.48-12.oe1
[  464s] [62/536] installing basesystem-12-2.oe1
[  465s] [63/536] installing libstdc++-10.3.1-20220105.6.oe1
[  467s] [64/536] installing ncurses-libs-6.1-14.oe1
[  469s] [65/536] installing libsepol-3.1-4.oe1
[  471s] [66/536] installing libstdc++-devel-10.3.1-20220105.6.oe1
[  493s] [67/536] installing audit-libs-1:3.0-2.oe1
[  494s] [68/536] installing elfutils-libelf-0.185-3.oe1
[  498s] [69/536] installing file-libs-5.39-6.oe1
[  502s] [70/536] installing gmp-1:6.2.1-3.oe1
[  504s] [71/536] installing iptables-libs-1.8.1-4.oe1
[  505s] [72/536] installing less-563-2.oe1
[  506s] [73/536] installing libacl-2.2.53-7.oe1
[  508s] [74/536] installing libassuan-2.5.4-1.oe1
[  509s] [75/536] installing libedit-3.1-27.oe1
[  510s] [76/536] installing libffi-devel-3.3-31.oe1
[  511s] [77/536] installing libfontenc-1.1.4-2.oe1
[  512s] [78/536] installing libgcrypt-1.8.7-1.oe1
[  514s] [79/536] installing libpng-2:1.6.37-1.oe1
[  515s] [80/536] installing libxcb-1.14-1.oe1
[  518s] [81/536] installing readline-8.0-2.oe1
[  519s] [82/536] installing fuse-2.9.9-6.oe1
[  521s] [83/536] installing gc-8.0.4-2.oe1
[  522s] [84/536] installing libSM-1.2.3-2.oe1
[  523s] [85/536] installing libdb-5.3.28-35.oe1
[  528s] [86/536] installing libselinux-3.1-3.oe1
[  530s] [87/536] installing libxml2-2.9.12-5.oe1
[  532s] [88/536] installing bash-5.1-1.oe1
[  535s] [89/536] installing perl-libs-4:5.28.0-435.oe1
[  541s] [90/536] installing zstd-1.4.8-2.oe1
[  545s] [91/536] installing ncurses-6.1-14.oe1
[  556s] [92/536] installing thin-provisioning-tools-0.8.5-1.oe1
[  558s] [93/536] installing perl-parent-1:0.237-4.oe1
[  559s] [94/536] installing perl-perlfaq-5.20180915-5.oe1
[  560s] [95/536] installing libX11-1.6.9-2.oe1
[  563s] [96/536] installing mpfr-4.1.0-1.oe1
[  566s] [97/536] installing nettle-3.6-6.oe1
[  568s] [98/536] installing pcre2-10.36-1.oe1
[  570s] [99/536] installing perl-Exporter-5.74-1.oe1
[  571s] [100/536] installing file-5.39-6.oe1
[  573s] [101/536] installing gdbm-1:1.18.1-1.oe1
[  575s] [102/536] installing patch-2.7.6-12.oe1
[  577s] [103/536] installing qrencode-4.1.1-1
[  579s] [104/536] installing sed-4.8-2.oe1
[  580s] [105/536] installing acl-2.2.53-7.oe1
[  582s] [106/536] installing libcomps-0.1.15-1.oe1
[  583s] [107/536] installing pcre-8.44-1.oe1
[  585s] [108/536] installing glibc-common-2.34-64.oe1
[  598s] [109/536] installing coreutils-8.31-4.oe1
[  607s] [110/536] installing alsa-lib-1.2.4-1.oe1
[  610s] [111/536] installing crontabs-1.11-21.oe1
[  612s] [112/536] installing elfutils-default-yama-scope-0.185-3.oe1
[  614s] /usr/lib/systemd/systemd-sysctl: error while loading shared libraries: libkmod.so.2: cannot open shared object file: No such file or directory
[  614s] [113/536] installing libXcomposite-0.4.5-1.oe1
[  616s] [114/536] installing libXext-1.3.4-2.oe1
[  619s] [115/536] installing libXpm-3.5.12-11.oe1
[  622s] [116/536] installing libXrender-0.9.10-10.oe1
[  624s] [117/536] installing perl-Carp-1.50-418.oe1
[  625s] [118/536] installing perl-Perl-OSType-1.010-421.oe1
[  626s] [119/536] installing perl-Term-ANSIColor-4.06-511.oe1
[  627s] [120/536] installing publicsuffix-list-20200718-1.oe1
[  628s] [121/536] installing uname-build-checks-1.0-0.4.oe1
[  630s] [122/536] installing bzip2-1.0.8-3.oe1
[  632s] [123/536] installing gzip-1.10-1.oe1
[  633s] [124/536] installing hostname-3.21-2.oe1
[  635s] [125/536] installing libcap-2.32-2.oe1
[  637s] [126/536] installing libmpc-1.2.0-2.oe1
[  639s] [127/536] installing libseccomp-2.4.3-2.oe1
[  641s] [128/536] installing lksctp-tools-1.0.16-11.oe1
[  643s] [129/536] installing npth-1.5-7.oe1
[  644s] [130/536] installing popt-1.18-1.oe1
[  647s] [131/536] installing grep-3.6-1.oe1
[  650s] [132/536] installing libXt-1.2.0-0.oe1
[  652s] [133/536] installing libblkid-2.36.1-3.oe1
[  654s] [134/536] installing libidn2-2.3.0-1.oe1
[  656s] [135/536] installing libksba-1.3.5-12.oe1
[  659s] [136/536] installing tar-2:1.32-3.oe1
[  663s] [137/536] installing tcl-1:8.6.10-3.oe1
[  669s] [138/536] installing apr-1.7.0-4.oe1
[  671s] [139/536] installing info-6.7-2.oe1
[  672s] [140/536] installing jsoncpp-1.9.4-1.oe1
[  675s] [141/536] installing libgpg-error-devel-1.41-1.oe1
[  677s] [142/536] installing lua-5.3.5-6.oe1
[  678s] [143/536] installing slang-2.3.2-8.oe1
[  682s] [144/536] installing gawk-5.0.1-2.oe1
[  685s] [145/536] installing libxslt-1.1.32-7.oe1
[  687s] [146/536] installing guile-5:2.0.14-15.oe1
[  695s] [147/536] installing zip-3.0-29.oe1
[  697s] [148/536] installing libXi-1.7.10-1.oe1
[  698s] [149/536] installing libfdisk-2.36.1-3.oe1
[  701s] [150/536] installing newt-0.52.21-4.oe1
[  703s] [151/536] installing perl-Text-ParseWords-3.30-419.oe1
[  704s] [152/536] installing crypto-policies-20180925-3.git71ca85f.oe1
[  712s] [153/536] installing elfutils-libs-0.185-3.oe1
[  714s] [154/536] installing libXmu-1.1.3-1.oe1
[  717s] [155/536] installing libmount-2.36.1-3.oe1
[  719s] [156/536] installing lua-posix-33.3.1-12.oe1
[  722s] [157/536] installing unzip-6.0-47.oe1
[  723s] [158/536] installing cracklib-2.9.7-6.oe1
[  734s] [159/536] installing e2fsprogs-1.45.6-3.oe1
[  746s] [160/536] installing findutils-2:4.7.0-7.oe1
[  751s] [161/536] installing libsemanage-3.1-4.oe1
[  754s] [162/536] installing make-1:4.2.1-15.oe1
[  756s] [163/536] installing sqlite-3.24.0-9.oe1
[  759s] [164/536] installing xz-5.2.5-1.oe1
[  762s] [165/536] installing logrotate-3.15.1-2.oe1
[  764s] [166/536] installing perl-Scalar-List-Utils-3:1.52-2.oe1
[  766s] [167/536] installing perl-Time-HiRes-1.9760-2.oe1
[  770s] [168/536] installing perl-Unicode-Normalize-1.26-419.oe1
[  772s] [169/536] installing freetype-2.10.2-3.oe1
[  775s] [170/536] installing glibc-devel-2.34-64.oe1
[  787s] [171/536] installing libgcrypt-devel-1.8.7-1.oe1
[  795s] [172/536] installing cpp-10.3.1-20220105.6.oe1
[  805s] [173/536] installing gnupg2-2.2.27-2.oe1
[  810s] [174/536] installing systemd-libs-243-22.oe1
[  813s] [175/536] installing dbus-libs-1:1.12.20-3.oe1
[  815s] [176/536] installing libxcrypt-devel-4.4.8-4.oe1
[  817s] [177/536] installing p11-kit-0.23.22-1.oe1
[  819s] [178/536] installing procps-ng-3.3.16-15.oe1
[  822s] [179/536] installing copy-jdk-configs-4.0-1.oe1
[  823s] [180/536] installing gpgme-1.15.1-1.oe1
[  826s] [181/536] installing libXtst-1.2.3-10.oe1
[  828s] [182/536] installing openssl-libs-1:1.1.1f-2.oe1
[  832s] [183/536] installing chkconfig-1.14-2.oe1
[  834s] [184/536] installing elfutils-0.185-3.oe1
[  838s] [185/536] installing libXaw-1.0.13-13.oe1
[  842s] [186/536] installing xorg-x11-font-utils-1:7.5-43.oe1
[  844s] [187/536] installing fontconfig-2.13.92-1.oe1
[  851s] [188/536] installing glib2-2.66.8-1.oe1
[  860s] [189/536] installing dbus-tools-1:1.12.20-3.oe1
[  860s] [190/536] installing ima-evm-utils-libs-1.2.1-8.oe1
[  862s] [191/536] installing libevent-2.1.12-4
[  864s] [192/536] installing libcroco-0.6.12-13.oe1
[  866s] [193/536] installing libtcnative-1-0-1.2.23-3.oe1
[  869s] [194/536] installing fipscheck-1.5.0-7.oe1
[  877s] [195/536] installing gamin-0.1.10-38.oe1
[  883s] [196/536] installing kmod-libs-27-4.oe1
[  885s] [197/536] installing libsecret-0.18.6-5.oe1
[  888s] [198/536] installing obs-env-1.0-5.oe1
[  896s] [199/536] installing xorg-x11-fonts-others-7.5-24
[  915s] [200/536] installing kmod-27-4.oe1
[  919s] [201/536] installing binutils-2.37-6.oe1
[  929s] [202/536] installing p11-kit-trust-0.23.22-1.oe1
[  934s] [203/536] installing babeltrace-1.5.8-1.oe1
[  937s] [204/536] installing libarchive-3.5.1-1.oe1
[  939s] [205/536] installing nodejs-libs-1:16.10.0-1.oe1
[  977s] [206/536] installing libverto-0.3.1-2.oe1
[  979s] [207/536] installing ca-certificates-2020.2.46-2.oe1
[  988s] [208/536] installing gettext-0.20.1-2.oe1
[  994s] [209/536] installing gcc-10.3.1-20220105.6.oe1
[ 1020s] [210/536] installing rpm-libs-4.15.1-25.oe1
[ 1022s] [211/536] installing python-pip-wheel-19.2.3-2.fc32
[ 1023s] [212/536] installing libmodulemd-2.13.0-1.oe1
[ 1025s] [213/536] installing gcc-c++-10.3.1-20220105.6.oe1
[ 1037s] [214/536] installing krb5-libs-1.18.2-3.oe1
[ 1040s] [215/536] installing libtirpc-1.3.1-1.oe1
[ 1043s] [216/536] installing cyrus-sasl-lib-2.1.27-10.oe1
[ 1045s] [217/536] installing libssh-0.9.5-1.oe1
[ 1048s] [218/536] installing openldap-2.4.46-15.oe1
[ 1051s] [219/536] installing libnsl2-1.3.0-2.oe1
[ 1054s] [220/536] installing python3-3.8.5-13.oe1
[ 1080s] [221/536] installing python3-pyparsing-2.4.5-1.fc32
[ 1082s] [222/536] installing python3-setuptools-59.4.0-3.oe1
[ 1092s] [223/536] installing python3-setuptools_scm-3.3.3-6.fc32
[ 1095s] [224/536] installing python3-six-1.15.0-3.oe1
[ 1096s] [225/536] installing python3-gpgme-1.15.1-1.oe1
[ 1099s] [226/536] installing python3-lxml-4.4.1-3.fc32
[ 1102s] [227/536] installing python3-libcomps-0.1.15-1.oe1
[ 1104s] [228/536] installing libpsl-0.21.1-1.oe1
[ 1106s] [229/536] installing gdb-headless-9.2-5.oe1
[ 1112s] [230/536] installing systemtap-sdt-devel-4.1-3.oe1
[ 1114s] [231/536] installing gdb-9.2-5.oe1
[ 1117s] [232/536] installing python3-javapackages-5.3.0-3.oe1
[ 1121s] [233/536] installing python3-pip-19.2.3-2.fc32
[ 1128s] [234/536] installing libcurl-7.79.1-1.oe1
[ 1131s] [235/536] installing curl-7.79.1-1.oe1
[ 1134s] [236/536] installing librepo-1.14.2-2.oe1
[ 1136s] [237/536] installing rpm-4.15.1-25.oe1
[ 1140s] [238/536] installing efi-srpm-macros-4-3.oe1
[ 1142s] [239/536] installing cmake-rpm-macros-3.22.0-1.oe1
[ 1144s] [240/536] installing libsolv-0.7.20-1.oe1
[ 1146s] [241/536] installing python3-rpm-4.15.1-25.oe1
[ 1148s] [242/536] installing openEuler-rpm-config-30-22.oe1
[ 1150s] [243/536] installing cmake-3.22.0-1.oe1
[ 1163s] [244/536] installing libdnf-0.65.0-2.oe1
[ 1167s] [245/536] installing cmake-data-3.22.0-1.oe1
[ 1185s] [246/536] installing python3-libdnf-0.65.0-2.oe1
[ 1189s] [247/536] installing perl-4:5.28.0-435.oe1
[ 1197s] [248/536] installing perl-B-Debug-1.26-4.oe1
[ 1199s] [249/536] installing perl-Env-1.04-397.oe1
[ 1201s] [250/536] installing perl-Devel-PPPort-3.42-4.oe1
[ 1202s] [251/536] installing perl-Pod-Escapes-1:1.07-419.oe1
[ 1203s] [252/536] installing perl-Text-Tabs+Wrap-2013.0523-419.oe1
[ 1204s] [253/536] installing perl-Algorithm-Diff-1.1903-14.oe1
[ 1205s] [254/536] installing perl-Params-Check-1:0.38-418.oe1
[ 1207s] [255/536] installing perl-Term-Cap-1.17-510.oe1
[ 1208s] [256/536] installing perl-TermReadKey-2.38-2.oe1
[ 1210s] [257/536] installing perl-Text-Balanced-2.03-420.oe1
[ 1211s] [258/536] installing perl-threads-1:2.22-419.oe1
[ 1215s] [259/536] installing openssl-1:1.1.1f-2.oe1
[ 1217s] [260/536] installing perl-Config-Perl-V-0.30-5.oe1
[ 1219s] [261/536] installing perl-Error-1:0.17029-1.oe1
[ 1222s] [262/536] installing perl-Filter-2:1.59-2.oe1
[ 1224s] [263/536] installing perl-IPC-SysV-2.07-5.oe1
[ 1227s] [264/536] installing perl-Locale-Maketext-1:1.28-1.oe1
[ 1228s] [265/536] installing perl-constant-1.33-421.oe1
[ 1230s] [266/536] installing perl-MIME-Base64-3.15-418.oe1
[ 1233s] [267/536] installing perl-CPAN-Meta-YAML-0.018-420.oe1
[ 1235s] [268/536] installing perl-Socket-4:2.029-2.oe1
[ 1237s] [269/536] installing perl-Storable-1:3.15-2.oe1
[ 1239s] [270/536] installing python3-hawkey-0.65.0-2.oe1
[ 1241s] [271/536] installing perl-PerlIO-via-QuotedPrint-0.08-397.oe1
[ 1243s] [272/536] installing perl-Digest-1.17-419.oe1
[ 1244s] [273/536] installing perl-Filter-Simple-1:0.94-1.oe1
[ 1245s] [274/536] installing perl-IO-Socket-IP-0.39-420.oe1
[ 1246s] [275/536] installing perl-Text-Diff-1.45-7.oe1
[ 1247s] [276/536] installing perl-Time-Local-2:1.280-6.oe1
[ 1249s] [277/536] installing perl-version-8:0.99.24-3.oe1
[ 1257s] [278/536] installing perl-IPC-System-Simple-1.25-19.oe1
[ 1264s] [279/536] installing perl-threads-shared-1.59-2.oe1
[ 1267s] [280/536] installing perl-Compress-Raw-Bzip2-2.100-1.oe1
[ 1276s] [281/536] installing perl-Compress-Raw-Zlib-1:2.100-1.oe1
[ 1279s] [282/536] installing perl-Locale-Codes-3.58-2.oe1
[ 1281s] [283/536] installing perl-Math-BigInt-1:1.9998.13-5.oe1
[ 1283s] [284/536] installing perl-PathTools-3.75-4.oe1
[ 1286s] [285/536] installing python3-dnf-4.10.0-1.oe1
[ 1289s] [286/536] installing perl-Data-Dumper-2.172-3.oe1
[ 1292s] [287/536] installing perl-Sys-Syslog-0.35-420.oe1
[ 1302s] [288/536] installing perl-Encode-4:2.98-9.oe1
[ 1309s] [289/536] installing autogen-5.18.16-1.oe1
[ 1313s] [290/536] installing nodejs-1:16.10.0-1.oe1
[ 1316s] [291/536] installing systemd-243-22.oe1
[ 1334s] /var/tmp/rpm-tmp.nvSeWJ: line 8: groupadd: command not found
[ 1334s] /var/tmp/rpm-tmp.nvSeWJ: line 10: groupadd: command not found
[ 1334s] /var/tmp/rpm-tmp.nvSeWJ: line 13: groupadd: command not found
[ 1334s] /var/tmp/rpm-tmp.nvSeWJ: line 16: groupadd: command not found
[ 1334s] [292/536] installing dbus-common-1:1.12.20-3.oe1
[ 1336s] [293/536] installing nodejs-source-map-0.5.6-1.oe1
[ 1338s] [294/536] installing perl-Module-Load-1:0.32-418.oe1
[ 1339s] [295/536] installing nodejs-packaging-20-1.oe1
[ 1342s] [296/536] installing dnf-4.10.0-1.oe1
[ 1346s] Failed to preset unit, unit dnf-automatic.timer does not exist.
[ 1346s] Failed to preset unit, unit dnf-automatic-notifyonly.timer does not exist.
[ 1346s] Failed to preset unit, unit dnf-automatic-download.timer does not exist.
[ 1346s] Failed to preset unit, unit dnf-automatic-install.timer does not exist.
[ 1346s] [297/536] installing perl-File-Which-1.23-1.oe1
[ 1347s] [298/536] installing perl-Thread-Queue-3.13-3.oe1
[ 1349s] [299/536] installing perl-experimental-0.020-2.oe1
[ 1350s] [300/536] installing perl-Digest-MD5-2.55-419.oe1
[ 1352s] [301/536] installing perl-File-Path-2.16-4.oe1
[ 1354s] [302/536] installing perl-Math-BigInt-FastCalc-0.500.700-4.oe1
[ 1357s] [303/536] installing perl-Module-Metadata-1.000036-3.oe1
[ 1358s] [304/536] installing perl-CPAN-Meta-Requirements-2.140-419.oe1
[ 1360s] [305/536] installing perl-Encode-devel-4:2.98-9.oe1
[ 1362s] [306/536] installing perl-HTTP-Tiny-0.076-3.oe1
[ 1363s] [307/536] installing perl-Math-BigRat-0.2614-2.oe1
[ 1365s] [308/536] installing audit-1:3.0-2.oe1
[ 1369s] [309/536] installing perl-DB_File-1.842-2.oe1
[ 1371s] [310/536] installing perl-autodie-2.29-398.oe1
[ 1374s] [311/536] installing perl-Unicode-Collate-1.25-4.oe1
[ 1378s] [312/536] installing perl-IO-Compress-2.081-6.oe1
[ 1380s] [313/536] installing perl-podlators-1:4.14-1.oe1
[ 1382s] [314/536] installing perl-ExtUtils-Command-1:7.60-1.oe1
[ 1383s] [315/536] installing perl-ExtUtils-Manifest-1:1.71-4.oe1
[ 1384s] [316/536] installing perl-bignum-0.50-4.oe1
[ 1386s] [317/536] installing perl-File-Temp-1:0.230.800-4.oe1
[ 1387s] [318/536] installing perl-libnet-3.11-420.oe1
[ 1389s] [319/536] installing pam-1.5.1-1.oe1
[ 1394s] [320/536] installing libpwquality-1.4.4-1.oe1
[ 1398s] [321/536] installing perl-File-HomeDir-1.004-4.oe1
[ 1399s] [322/536] installing shadow-2:4.8.1-5.oe1
[ 1402s] [323/536] installing perl-Test-Simple-2:1.302175-2.oe1
[ 1404s] [324/536] installing libutempter-1.1.6-16.oe1
[ 1408s] [325/536] installing unbound-libs-1.10.1-4.oe1
[ 1414s] [326/536] installing dbus-daemon-1:1.12.20-3.oe1
[ 1418s] [327/536] installing openssh-server-8.2p1-10.oe1
[ 1425s] Created symlink /etc/systemd/system/multi-user.target.wants/sshd.service -> /usr/lib/systemd/system/sshd.service.
[ 1425s] [328/536] installing groff-1.22.4-4.oe1
[ 1433s] [329/536] installing dbus-1:1.12.20-3.oe1
[ 1434s] [330/536] installing man-db-2.9.3-2.oe1
[ 1440s] [331/536] installing perl-Pod-Perldoc-1:3.28-3.oe1
[ 1441s] [332/536] installing gnutls-3.6.15-3.oe1
[ 1446s] [333/536] installing util-linux-2.36.1-3.oe1
[ 1457s] [334/536] installing nss-help-3.72.0-2.oe1
[ 1459s] [335/536] installing perl-Pod-Usage-4:1.69-418.oe1
[ 1461s] [336/536] installing device-mapper-8:1.02.172-1.oe1
[ 1464s] [337/536] installing openssh-8.2p1-10.oe1
[ 1467s] [338/536] installing perl-Getopt-Long-1:2.52-1.oe1
[ 1469s] [339/536] installing cryptsetup-2.3.3-3.oe1
[ 1473s] [340/536] installing device-mapper-event-8:1.02.172-1.oe1
[ 1476s] Created symlink /etc/systemd/system/sockets.target.wants/dm-event.socket -> /usr/lib/systemd/system/dm-event.socket.
[ 1476s] [341/536] installing nss-3.72.0-2.oe1
[ 1486s] [342/536] installing openssh-clients-8.2p1-10.oe1
[ 1489s] [343/536] installing nss-util-3.72.0-2.oe1
[ 1493s] [344/536] installing perl-ExtUtils-ParseXS-2:3.35-1.oe1
[ 1494s] [345/536] installing perl-Module-CoreList-1:5.20180920-2.oe1
[ 1496s] [346/536] installing perl-Digest-SHA-1:6.02-7.oe1
[ 1498s] [347/536] installing perl-Pod-Parser-1.63-397.oe1
[ 1500s] [348/536] installing perl-Pod-Simple-1:3.35-418.oe1
[ 1502s] [349/536] installing perl-Test-Harness-1:3.43_02-1.oe1
[ 1504s] [350/536] installing perl-Archive-Tar-2.30-421.oe1
[ 1506s] [351/536] installing perl-JSON-PP-1:4.04-2.oe1
[ 1507s] [352/536] installing lvm2-8:2.03.11-1.oe1
[ 1514s] Created symlink /etc/systemd/system/sysinit.target.wants/lvm2-lvmpolld.socket -> /usr/lib/systemd/system/lvm2-lvmpolld.socket.
[ 1514s] [353/536] installing autoconf-2.69-30.oe1
[ 1517s] [354/536] installing git-2.23.0-12.oe1
[ 1529s] [355/536] installing nss-softokn-3.72.0-2.oe1
[ 1532s] [356/536] installing perl-Pod-Checker-4:1.73-398.oe1
[ 1533s] [357/536] installing perl-Git-2.23.0-12.oe1
[ 1534s] [358/536] installing perl-CPAN-Meta-2.150010-419.oe1
[ 1538s] [359/536] installing perl-Module-Load-Conditional-0.68-418.oe1
[ 1540s] [360/536] installing automake-1.16.1-6.oe1
[ 1543s] [361/536] installing perl-ExtUtils-MakeMaker-1:7.60-1.oe1
[ 1544s] [362/536] installing perl-ExtUtils-Install-2.14-419.oe1
[ 1546s] [363/536] installing perl-IPC-Cmd-2:1.04-4.oe1
[ 1548s] [364/536] installing java-1.8.0-openjdk-headless-1:1.8.0.181.b15-1.1.riscv64.fc29
[ 1593s] [365/536] installing rpm-build-4.15.1-25.oe1
[ 1596s] [366/536] installing ant-lib-1.10.5-2.fc29
[ 1599s] [367/536] installing aopalliance-1.0-19.oe1
[ 1600s] [368/536] installing apache-commons-cli-1.4-6.oe1
[ 1601s] [369/536] installing apache-commons-collections-3.2.2-11.oe1
[ 1603s] [370/536] installing apache-commons-compress-1.17-6.oe1
[ 1604s] [371/536] installing apache-commons-lang-2.6-23.oe1
[ 1606s] [372/536] installing apache-commons-lang3-3.9-3.oe1
[ 1608s] [373/536] installing apache-ivy-2.4.0-17.oe1
[ 1617s] [374/536] installing apache-resource-bundles-2-23.oe1
[ 1619s] [375/536] installing atinject-1-31.oe1
[ 1621s] [376/536] installing avalon-logkit-2.1-32.oe1
[ 1622s] [377/536] installing beust-jcommander-1.71-7.oe1
[ 1623s] [378/536] installing dain-snappy-0.4-7.oe1
[ 1628s] [379/536] installing extra166y-1.7.0-11.oe1
[ 1632s] [380/536] installing felix-utils-1.10.4-4.oe1
[ 1634s] [381/536] installing geronimo-annotation-1.0-25.oe1
[ 1635s] [382/536] installing glassfish-el-api-3.0.1-0.7.b09.oe1
[ 1637s] [383/536] installing guava20-20.0-8.fc29
[ 1640s] [384/536] installing hawtjni-runtime-1.16-4.oe1
[ 1642s] [385/536] installing httpcomponents-core-4.4.10-4.oe1
[ 1653s] [386/536] installing jboss-interceptors-1.2-api-1.0.0-9.oe1
[ 1655s] [387/536] installing jdom2-2.0.6-14.oe1
[ 1657s] [388/536] installing jzlib-1.1.3-11.oe1
[ 1659s] [389/536] installing maven-monitor-2.2.1-60.oe1
[ 1661s] [390/536] installing maven-resolver-api-1:1.1.1-3.oe1
[ 1662s] [391/536] installing multiverse-0.7.0-10.oe1
[ 1667s] [392/536] installing objenesis-2.6-4.oe1
[ 1672s] [393/536] installing osgi-annotation-7.0.0-1.oe1
[ 1674s] [394/536] installing osgi-core-7.0.0-1.oe1
[ 1676s] [395/536] installing plexus-cipher-1.7-16.oe1
[ 1678s] [396/536] installing plexus-classworlds-2.5.2-10.oe1
[ 1680s] [397/536] installing plexus-containers-component-annotations-1.7.1-7.oe1
[ 1681s] [398/536] installing plexus-interpolation-1.22-11.oe1
[ 1682s] [399/536] installing plexus-utils-3.1.0-4.oe1
[ 1684s] [400/536] installing qdox-2.0-5.M9.oe1
[ 1685s] [401/536] installing slf4j-1.7.25-8.oe1
[ 1686s] [402/536] installing sonatype-oss-parent-7-17.oe1
[ 1688s] [403/536] installing xml-commons-apis-1.4.01-29.oe1
[ 1696s] [404/536] installing xmpcore-5.1.2-1.oe1
[ 1699s] [405/536] installing xmvn-api-3.0.0-25.oe1
[ 1701s] [406/536] installing xmvn-core-3.0.0-25.oe1
[ 1704s] [407/536] installing xpp3-1.1.4-21.oe1
[ 1705s] [408/536] installing xz-java-1.8-4.oe1
[ 1708s] [409/536] installing ecj-1:4.9-1.fc29
[ 1712s] [410/536] installing netty-tcnative-1.1.33-1.oe1
[ 1713s] [411/536] installing antlr-tool-2.7.7-60.oe1
[ 1715s] [412/536] installing javapackages-tools-5.3.0-3.oe1
[ 1717s] [413/536] installing gcc_secure-1.0-0.9.oe1
[ 1719s] [414/536] installing perl-File-Fetch-0.56-4.oe1
[ 1721s] [415/536] installing perl-devel-4:5.28.0-435.oe1
[ 1731s] [416/536] installing java-1.8.0-openjdk-1:1.8.0.181.b15-1.1.riscv64.fc29
[ 1734s] [417/536] installing apache-commons-codec-1.11-4.fc29
[ 1735s] [418/536] installing apache-commons-logging-1.2-14.fc29
[ 1737s] [419/536] installing osgi-compendium-6.0.0-6.fc29
[ 1739s] [420/536] installing avalon-framework-4.3-22.oe1
[ 1740s] [421/536] installing jansi-native-1.7-7.oe1
[ 1742s] [422/536] installing jcsp-1.1-0.13.oe1
[ 1758s] [423/536] installing kxml-2.3.0-19.oe1
[ 1759s] [424/536] installing maven-artifact-2.2.1-60.oe1
[ 1761s] [425/536] installing maven-model-2.2.1-60.oe1
[ 1763s] [426/536] installing maven-resolver-spi-1:1.1.1-3.oe1
[ 1764s] [427/536] installing maven-resolver-util-1:1.1.1-3.oe1
[ 1766s] [428/536] installing maven-wagon-provider-api-3.1.0-2.oe1
[ 1767s] [429/536] installing plexus-build-api-0.0.7-23.oe1
[ 1768s] [430/536] installing plexus-component-api-1.0-0.25.alpha16.oe1
[ 1770s] [431/536] installing xstream-1.4.9-8.fc29
[ 1772s] [432/536] installing log4j12-1.2.17-23.fc29
[ 1774s] [433/536] installing maven-invoker-2.2-9.oe1
[ 1776s] [434/536] installing netty3-3.10.6-5.fc29
[ 1778s] [435/536] installing objectweb-asm-7.0-1.oe1
[ 1779s] [436/536] installing plexus-sec-dispatcher-1.4-26.oe1
[ 1781s] [437/536] installing velocity-1.7-26.oe1
[ 1783s] [438/536] installing xml-commons-resolver-1.2-27.oe1
[ 1784s] [439/536] installing xmvn-connector-aether-3.0.0-25.oe1
[ 1785s] [440/536] installing cdi-api-1.2-9.oe1
[ 1787s] [441/536] installing google-guice-4.1-13.oe1
[ 1789s] [442/536] installing xmvn-resolve-3.0.0-25.oe1
[ 1790s] [443/536] installing xmvn-subst-3.0.0-25.oe1
[ 1792s] [444/536] installing java-1.8.0-openjdk-devel-1:1.8.0.181.b15-1.1.riscv64.fc29
[ 1808s] [445/536] installing bsf-2.4.0-32.oe1
[ 1809s] [446/536] installing cglib-3.2.4-8.fc29
[ 1811s] [447/536] installing fontbox-2.0.9-2.fc29
[ 1815s] [448/536] installing apache-commons-configuration-1.10-13.oe1
[ 1817s] [449/536] installing jakarta-commons-httpclient-1:3.1-30.oe1
[ 1831s] [450/536] installing jansi-1.17.1-2.oe1
[ 1832s] [451/536] installing maven-dependency-tree-3.0-7.oe1
[ 1834s] [452/536] installing plexus-interactivity-api-1.0-0.27.alpha6.fc29
[ 1839s] [453/536] installing plexus-languages-0.9.10-4.oe1
[ 1842s] [454/536] installing felix-bundlerepository-2.0.10-6.oe1
[ 1844s] [455/536] installing maven-resolver-impl-1:1.1.1-3.oe1
[ 1845s] [456/536] installing xmvn-mojo-3.0.0-25.oe1
[ 1846s] [457/536] installing aqute-bndlib-3.5.0-4.fc29
[ 1849s] [458/536] installing httpcomponents-client-4.5.5-6.oe1
[ 1851s] [459/536] installing sisu-inject-1:0.3.3-5.oe1
[ 1859s] [460/536] installing xerces-j2-2.11.0-37.oe1
[ 1861s] [461/536] installing xmvn-install-3.0.0-25.oe1
[ 1863s] [462/536] installing jline-2.14.6-4.oe1
[ 1866s] [463/536] installing easymock-3.5-4.fc29
[ 1867s] [464/536] installing xalan-j2-2.7.1-38.fc29
[ 1870s] [465/536] installing javapackages-local-5.3.0-3.oe1
[ 1872s] [466/536] installing groovy-lib-2.4.8-7.fc29
[ 1885s] [467/536] installing hamcrest-1.3-25.oe1
[ 1887s] [468/536] installing bsh-2.0-15.b6.oe1
[ 1890s] [469/536] installing gpars-1.2.1-12.fc29
[ 1892s] [470/536] installing scala-2.10.6-14.fc29
[ 1910s] [471/536] installing xbean-4.9-3.oe1
[ 1918s] [472/536] installing junit-1:4.12-14.oe1
[ 1920s] [473/536] installing parboiled-1.1.6-17.oe1
[ 1922s] [474/536] installing plexus-containers-container-default-1.7.1-7.oe1
[ 1924s] [475/536] installing apache-commons-io-1:2.6-7.oe1
[ 1925s] [476/536] installing maven-doxia-logging-api-1.7-12.oe1
[ 1927s] [477/536] installing pegdown-1.4.2-14.oe1
[ 1930s] [478/536] installing maven-plugin-registry-2.2.1-60.oe1
[ 1934s] [479/536] installing plexus-i18n-1.0-0.12.b10.6.oe1
[ 1935s] [480/536] installing plexus-resources-1.0-0.25.a7.oe1
[ 1937s] [481/536] installing plexus-cli-1.6-9.oe1
[ 1938s] [482/536] installing plexus-velocity-1.2-6.oe1
[ 1940s] [483/536] installing xmlunit-1.6-10.oe1
[ 1943s] [484/536] installing maven-profile-2.2.1-60.oe1
[ 1944s] [485/536] installing maven-settings-2.2.1-60.oe1
[ 1945s] [486/536] installing maven-doxia-sink-api-1.7-12.oe1
[ 1948s] [487/536] installing maven-shared-utils-3.2.1-2.oe1
[ 1950s] [488/536] installing plexus-io-3.0.0-4.oe1
[ 1952s] [489/536] installing xmlgraphics-commons-2.2-3.oe1
[ 1964s] [490/536] installing maven-reporting-api-3.0-17.oe1
[ 1966s] [491/536] installing maven-verifier-1.6-8.oe1
[ 1968s] [492/536] installing batik-1.10-2.fc29
[ 1975s] [493/536] installing plexus-archiver-3.6.0-3.oe1
[ 1986s] [494/536] installing maven-doxia-core-1.7-12.oe1
[ 1987s] [495/536] installing maven-lib-1:3.5.4-8.oe1
[ 1991s] [496/536] installing maven-artifact-resolver-1:1.0-21.oe1
[ 1992s] [497/536] installing batik-css-1.10-2.fc29
[ 1994s] [498/536] installing maven-common-artifact-filters-3.0.1-7.oe1
[ 1997s] [499/536] installing maven-enforcer-api-1.4.1-11.oe1
[ 1998s] [500/536] installing maven-plugin-testing-harness-3.3.0-14.oe1
[ 2000s] [501/536] installing maven-shared-incremental-1.1-16.oe1
[ 2002s] [502/536] installing maven-doxia-module-apt-1.7-12.oe1
[ 2003s] [503/536] installing maven-doxia-module-fml-1.7-12.oe1
[ 2006s] [504/536] installing maven-doxia-module-xdoc-1.7-12.oe1
[ 2007s] [505/536] installing maven-doxia-module-xhtml-1.7-12.oe1
[ 2009s] [506/536] installing maven-artifact-manager-2.2.1-60.oe1
[ 2011s] [507/536] installing maven-filtering-3.1.1-7.oe1
[ 2013s] [508/536] installing maven-archiver-3.2.0-5.oe1
[ 2015s] [509/536] installing fop-2.2-2.fc29
[ 2021s] [510/536] installing xmvn-minimal-3.0.0-25.oe1
[ 2022s] [511/536] installing maven-jar-plugin-3.1.0-3.oe1
[ 2024s] [512/536] installing maven-resources-plugin-3.1.0-4.oe1
[ 2026s] [513/536] installing maven-doxia-module-markdown-1.7-12.oe1
[ 2027s] [514/536] installing maven-artifact-transfer-1:0.9.0-7.oe1
[ 2028s] [515/536] installing maven-doxia-module-fo-1.7-12.oe1
[ 2030s] [516/536] installing maven-project-2.2.1-60.oe1
[ 2031s] [517/536] installing maven-enforcer-rules-1.4.1-11.oe1
[ 2033s] [518/536] installing plexus-containers-component-metadata-1.7.1-7.oe1
[ 2035s] [519/536] installing maven-remote-resources-plugin-1.5-4.oe1
[ 2036s] [520/536] installing maven-doxia-sitetools-1.7.5-5.oe1
[ 2040s] [521/536] installing maven-enforcer-plugin-1.4.1-11.oe1
[ 2041s] [522/536] installing maven-reporting-impl-3.0.0-5.oe1
[ 2042s] [523/536] installing maven-javadoc-plugin-3.0.1-3.oe1
[ 2044s] [524/536] installing plexus-pom-5.0-4.oe1
[ 2045s] [525/536] installing apache-parent-19-5.oe1
[ 2047s] [526/536] installing maven-plugin-bundle-3.5.0-5.oe1
[ 2049s] [527/536] installing maven-parent-27-7.oe1
[ 2050s] [528/536] installing plexus-components-pom-1.3.1-14.oe1
[ 2052s] [529/536] installing plexus-compiler-2.8.2-4.oe1
[ 2055s] [530/536] installing maven-plugin-tools-3.5.1-7.oe1
[ 2060s] [531/536] installing maven-compiler-plugin-3.8.0-2.oe1
[ 2062s] [532/536] installing maven-surefire-2.22.0-6.oe1
[ 2064s] [533/536] installing maven-surefire-plugin-2.22.0-6.oe1
[ 2065s] [534/536] installing maven-surefire-provider-junit-2.22.0-6.oe1
[ 2067s] [535/536] installing maven-surefire-provider-testng-2.22.0-6.oe1
[ 2069s] [536/536] installing maven-local-5.3.0-3.oe1
[ 2071s] removing nis flags from /var/cache/obs/worker/root_2/etc/nsswitch.conf...
[ 2071s] now finalizing build dir...
[ 2084s] Running build time source services...
[ 2102s] -----------------------------------------------------------------
[ 2103s] ----- building metadata-extractor2.spec (user abuild)
[ 2103s] -----------------------------------------------------------------
[ 2103s] -----------------------------------------------------------------
[ 2111s] + exec rpmbuild -ba --define '_srcdefattr (-,root,root)' --nosignature --define 'disturl obs://private/openEuler:Mainline:RISC-V/advanced_riscv64/d6d592a6f4bd72da5698c30c418a7111-metadata-extractor2' /home/abuild/rpmbuild/SOURCES/metadata-extractor2.spec
[ 2112s] Executing(%prep): /bin/sh -e /var/tmp/rpm-tmp.5asus7
[ 2112s] + umask 022
[ 2112s] + cd /home/abuild/rpmbuild/BUILD
[ 2112s] + cd /home/abuild/rpmbuild/BUILD
[ 2112s] + rm -rf metadata-extractor-2.10.1
[ 2112s] + /usr/bin/gzip -dc /home/abuild/rpmbuild/SOURCES/metadata-extractor-2.10.1.tar.gz
[ 2112s] + /usr/bin/tar -xof -
[ 2113s] + STATUS=0
[ 2113s] + '[' 0 -ne 0 ']'
[ 2113s] + cd metadata-extractor-2.10.1
[ 2113s] + /usr/bin/chmod -Rf a+rX,u+w,g-w,o-w .
[ 2114s] + find -name '*.jar' -delete
[ 2114s] + find -name '*.class' -delete
[ 2114s] + /usr/bin/python3 /usr/share/java-utils/pom_editor.py pom_remove_plugin org.sonatype.plugins:nexus-staging-maven-plugin
[ 2117s] + /usr/bin/python3 /usr/share/java-utils/pom_editor.py pom_remove_plugin org.apache.maven.plugins:maven-gpg-plugin
[ 2119s] + /usr/bin/python3 /usr/share/java-utils/pom_editor.py pom_remove_plugin org.apache.maven.plugins:maven-source-plugin
[ 2121s] + /usr/bin/python3 /usr/share/java-utils/pom_editor.py pom_xpath_remove 'pom:build/pom:plugins/pom:plugin[pom:artifactId='\''maven-javadoc-plugin'\'']/pom:executions'
[ 2124s] + /usr/bin/python3 /usr/share/java-utils/pom_editor.py pom_xpath_set 'pom:build/pom:plugins/pom:plugin[pom:artifactId='\''maven-jar-plugin'\'']/pom:configuration/pom:archive/pom:manifest/pom:addClasspath' false
[ 2126s] + /usr/bin/python3 /usr/share/java-utils/pom_editor.py pom_xpath_inject 'pom:build/pom:plugins/pom:plugin[pom:artifactId='\''maven-jar-plugin'\'']/pom:configuration/pom:archive/pom:manifest' '<mainClass>com.drew.imaging.ImageMetadataReader</mainClass>'
[ 2128s] + /usr/bin/python3 /usr/share/java-utils/pom_editor.py pom_xpath_remove pom:build/pom:directory
[ 2130s] + /usr/bin/python3 /usr/share/java-utils/pom_editor.py pom_xpath_remove pom:build/pom:outputDirectory
[ 2132s] + /usr/bin/python3 /usr/share/java-utils/pom_editor.py pom_xpath_remove 'pom:build/pom:plugins/pom:plugin[pom:artifactId='\''maven-javadoc-plugin'\'']/pom:configuration/pom:bottom'
[ 2134s] + /usr/bin/python3 /usr/share/java-utils/pom_editor.py pom_xpath_set pom:project/pom:packaging bundle
[ 2136s] + /usr/bin/python3 /usr/share/java-utils/pom_editor.py pom_add_plugin org.apache.felix:maven-bundle-plugin . '
[ 2136s] 
[ 2136s] <extensions>true</extensions>
[ 2136s] <executions>
[ 2136s]   <execution>
[ 2136s]     <id>bundle-manifest</id>
[ 2136s]     <phase>process-classes</phase>
[ 2136s]     <goals>
[ 2136s]       <goal>manifest</goal>
[ 2136s]     </goals>
[ 2136s]   </execution>
[ 2136s] </executions>'
[ 2138s] + for s in Source/com/drew/lang/GeoLocation.java Source/com/drew/metadata/icc/IccDescriptor.java
[ 2138s] + native2ascii -encoding UTF8 Source/com/drew/lang/GeoLocation.java Source/com/drew/lang/GeoLocation.java
[ 2142s] + for s in Source/com/drew/lang/GeoLocation.java Source/com/drew/metadata/icc/IccDescriptor.java
[ 2142s] + native2ascii -encoding UTF8 Source/com/drew/metadata/icc/IccDescriptor.java Source/com/drew/metadata/icc/IccDescriptor.java
[ 2147s] + sed -i 's/\r//' LICENSE-2.0.txt README.md Resources/javadoc-stylesheet.css
[ 2147s] + /usr/bin/python3 /usr/share/java-utils/mvn_file.py :metadata-extractor metadata-extractor2
[ 2150s] + /usr/bin/python3 /usr/share/java-utils/mvn_alias.py :metadata-extractor drew:metadata-extractor
[ 2152s] + /usr/bin/python3 /usr/share/java-utils/mvn_compat_version.py :metadata-extractor 2
[ 2155s] + RPM_EC=0
[ 2155s] ++ jobs -p
[ 2155s] + exit 0
[ 2155s] Executing(%build): /bin/sh -e /var/tmp/rpm-tmp.t3HE8w
[ 2156s] + umask 022
[ 2156s] + cd /home/abuild/rpmbuild/BUILD
[ 2156s] + cd metadata-extractor-2.10.1
[ 2156s] + /usr/bin/python3 /usr/share/java-utils/mvn_build.py
[ 2158s] Executing: xmvn --batch-mode --offline verify org.fedoraproject.xmvn:xmvn-mojo:install org.apache.maven.plugins:maven-javadoc-plugin:aggregate org.fedoraproject.xmvn:xmvn-mojo:builddep
[ 2158s] ['xmvn', '--batch-mode', '--offline', 'verify', 'org.fedoraproject.xmvn:xmvn-mojo:install', 'org.apache.maven.plugins:maven-javadoc-plugin:aggregate', 'org.fedoraproject.xmvn:xmvn-mojo:builddep']
[ 2232s] [INFO] Scanning for projects...
[ 2334s] [INFO] 
[ 2334s] [INFO] -----------------< com.drewnoakes:metadata-extractor >------------------
[ 2334s] [INFO] Building com.drewnoakes:metadata-extractor 2.10.1
[ 2334s] [INFO] -------------------------------[ bundle ]-------------------------------
[ 2345s] [INFO] 
[ 2345s] [INFO] --- maven-resources-plugin:3.1.0:resources (default-resources) @ metadata-extractor ---
[ 2352s] [INFO] Using 'UTF-8' encoding to copy filtered resources.
[ 2352s] [INFO] skip non existing resourceDirectory /home/abuild/rpmbuild/BUILD/metadata-extractor-2.10.1/src/main/resources
[ 2352s] [INFO] 
[ 2352s] [INFO] --- maven-compiler-plugin:3.8.0:compile (default-compile) @ metadata-extractor ---
[ 2368s] [INFO] Changes detected - recompiling the module!
[ 2369s] [INFO] Compiling 259 source files to /home/abuild/rpmbuild/BUILD/metadata-extractor-2.10.1/target/classes
[ 2940s] [INFO] 
[ 2940s] [INFO] --- maven-bundle-plugin:3.5.0:manifest (bundle-manifest) @ metadata-extractor ---
[ 3181s] [INFO] 
[ 3181s] [INFO] --- maven-resources-plugin:3.1.0:testResources (default-testResources) @ metadata-extractor ---
[ 3181s] [INFO] Using 'UTF-8' encoding to copy filtered resources.
[ 3182s] [INFO] Copying 93 resources
[ 3185s] [INFO] 
[ 3185s] [INFO] --- maven-compiler-plugin:3.8.0:testCompile (default-testCompile) @ metadata-extractor ---
[ 3189s] [INFO] Changes detected - recompiling the module!
[ 3189s] [INFO] Compiling 55 source files to /home/abuild/rpmbuild/BUILD/metadata-extractor-2.10.1/target/test-classes
[ 3287s] [INFO] 
[ 3288s] [INFO] --- maven-surefire-plugin:2.22.0:test (default-test) @ metadata-extractor ---
[ 3315s] [INFO] 
[ 3315s] [INFO] -------------------------------------------------------
[ 3315s] [INFO]  T E S T S
[ 3316s] [INFO] -------------------------------------------------------
[ 3327s] [INFO] Running com.drew.metadata.exif.ExifDirectoryTest
[ 3330s] [INFO] Tests run: 5, Failures: 0, Errors: 0, Skipped: 0, Time elapsed: 2.54 s - in com.drew.metadata.exif.ExifDirectoryTest
[ 3330s] [INFO] Running com.drew.metadata.exif.SonyType1MakernoteTest
[ 3332s] [INFO] Tests run: 1, Failures: 0, Errors: 0, Skipped: 0, Time elapsed: 0.048 s - in com.drew.metadata.exif.SonyType1MakernoteTest
[ 3332s] [INFO] Running com.drew.metadata.exif.ExifIFD0DescriptorTest
[ 3333s] [INFO] Tests run: 3, Failures: 0, Errors: 0, Skipped: 0, Time elapsed: 0.112 s - in com.drew.metadata.exif.ExifIFD0DescriptorTest
[ 3333s] [INFO] Running com.drew.metadata.exif.NikonType2MakernoteTest1
[ 3335s] [INFO] Tests run: 5, Failures: 0, Errors: 0, Skipped: 0, Time elapsed: 0.2 s - in com.drew.metadata.exif.NikonType2MakernoteTest1
[ 3335s] [INFO] Running com.drew.metadata.exif.SonyType6MakernoteTest
[ 3336s] [INFO] Tests run: 1, Failures: 0, Errors: 0, Skipped: 0, Time elapsed: 0.05 s - in com.drew.metadata.exif.SonyType6MakernoteTest
[ 3336s] [INFO] Running com.drew.metadata.exif.CanonMakernoteDescriptorTest
[ 3338s] [INFO] Tests run: 1, Failures: 0, Errors: 0, Skipped: 0, Time elapsed: 0.105 s - in com.drew.metadata.exif.CanonMakernoteDescriptorTest
[ 3338s] [INFO] Running com.drew.metadata.exif.NikonType1MakernoteTest
[ 3339s] [INFO] Tests run: 2, Failures: 0, Errors: 0, Skipped: 0, Time elapsed: 0.078 s - in com.drew.metadata.exif.NikonType1MakernoteTest
[ 3339s] [INFO] Running com.drew.metadata.exif.PanasonicMakernoteDescriptorTest
[ 3341s] [INFO] Tests run: 2, Failures: 0, Errors: 0, Skipped: 0, Time elapsed: 0.1 s - in com.drew.metadata.exif.PanasonicMakernoteDescriptorTest
[ 3341s] [INFO] Running com.drew.metadata.exif.ExifInteropDescriptorTest
[ 3342s] [INFO] Tests run: 2, Failures: 0, Errors: 0, Skipped: 0, Time elapsed: 0.073 s - in com.drew.metadata.exif.ExifInteropDescriptorTest
[ 3342s] [INFO] Running com.drew.metadata.exif.ExifReaderTest
[ 3344s] [INFO] Tests run: 12, Failures: 0, Errors: 0, Skipped: 0, Time elapsed: 0.242 s - in com.drew.metadata.exif.ExifReaderTest
[ 3344s] [INFO] Running com.drew.metadata.exif.ExifSubIFDDescriptorTest
[ 3345s] [INFO] Tests run: 7, Failures: 0, Errors: 0, Skipped: 0, Time elapsed: 0.182 s - in com.drew.metadata.exif.ExifSubIFDDescriptorTest
[ 3345s] [INFO] Running com.drew.metadata.exif.NikonType2MakernoteTest2
[ 3347s] [INFO] Tests run: 3, Failures: 0, Errors: 0, Skipped: 0, Time elapsed: 0.161 s - in com.drew.metadata.exif.NikonType2MakernoteTest2
[ 3347s] [INFO] Running com.drew.metadata.exif.ExifThumbnailDescriptorTest
[ 3348s] [INFO] Tests run: 1, Failures: 0, Errors: 0, Skipped: 0, Time elapsed: 0.097 s - in com.drew.metadata.exif.ExifThumbnailDescriptorTest
[ 3348s] [INFO] Running com.drew.metadata.icc.IccReaderTest
[ 3350s] [INFO] Tests run: 3, Failures: 0, Errors: 0, Skipped: 0, Time elapsed: 0.072 s - in com.drew.metadata.icc.IccReaderTest
[ 3350s] [INFO] Running com.drew.metadata.jpeg.JpegDirectoryTest
[ 3351s] [INFO] Tests run: 6, Failures: 0, Errors: 0, Skipped: 0, Time elapsed: 0.155 s - in com.drew.metadata.jpeg.JpegDirectoryTest
[ 3351s] [INFO] Running com.drew.metadata.jpeg.JpegReaderTest
[ 3354s] [INFO] Tests run: 7, Failures: 0, Errors: 0, Skipped: 0, Time elapsed: 0.128 s - in com.drew.metadata.jpeg.JpegReaderTest
[ 3354s] [INFO] Running com.drew.metadata.jpeg.JpegDescriptorTest
[ 3355s] [INFO] Tests run: 5, Failures: 0, Errors: 0, Skipped: 0, Time elapsed: 0.173 s - in com.drew.metadata.jpeg.JpegDescriptorTest
[ 3355s] [INFO] Running com.drew.metadata.jpeg.HuffmanTablesDescriptorTest
[ 3357s] [INFO] Tests run: 1, Failures: 0, Errors: 0, Skipped: 0, Time elapsed: 0.1 s - in com.drew.metadata.jpeg.HuffmanTablesDescriptorTest
[ 3357s] [INFO] Running com.drew.metadata.jpeg.HuffmanTablesDirectoryTest
[ 3358s] [INFO] Tests run: 4, Failures: 0, Errors: 0, Skipped: 0, Time elapsed: 0.168 s - in com.drew.metadata.jpeg.HuffmanTablesDirectoryTest
[ 3358s] [INFO] Running com.drew.metadata.jpeg.JpegComponentTest
[ 3360s] [INFO] Tests run: 1, Failures: 0, Errors: 0, Skipped: 0, Time elapsed: 0.099 s - in com.drew.metadata.jpeg.JpegComponentTest
[ 3360s] [INFO] Running com.drew.metadata.jpeg.JpegDhtReaderTest
[ 3361s] [INFO] Tests run: 2, Failures: 0, Errors: 0, Skipped: 0, Time elapsed: 0.12 s - in com.drew.metadata.jpeg.JpegDhtReaderTest
[ 3361s] [INFO] Running com.drew.metadata.jfif.JfifReaderTest
[ 3363s] [INFO] Tests run: 1, Failures: 0, Errors: 0, Skipped: 0, Time elapsed: 0.078 s - in com.drew.metadata.jfif.JfifReaderTest
[ 3363s] [INFO] Running com.drew.metadata.MetadataTest
[ 3364s] [INFO] Tests run: 5, Failures: 0, Errors: 0, Skipped: 0, Time elapsed: 0.148 s - in com.drew.metadata.MetadataTest
[ 3364s] [INFO] Running com.drew.metadata.bmp.BmpReaderTest
[ 3366s] [INFO] Tests run: 2, Failures: 0, Errors: 0, Skipped: 0, Time elapsed: 0.084 s - in com.drew.metadata.bmp.BmpReaderTest
[ 3366s] [INFO] Running com.drew.metadata.adobe.AdobeJpegReaderTest
[ 3367s] [INFO] Tests run: 2, Failures: 0, Errors: 0, Skipped: 0, Time elapsed: 0.073 s - in com.drew.metadata.adobe.AdobeJpegReaderTest
[ 3367s] [INFO] Running com.drew.metadata.iptc.Iso2022ConverterTest
[ 3369s] [INFO] Tests run: 1, Failures: 0, Errors: 0, Skipped: 0, Time elapsed: 0.105 s - in com.drew.metadata.iptc.Iso2022ConverterTest
[ 3369s] [INFO] Running com.drew.metadata.iptc.IptcDirectoryTest
[ 3370s] [INFO] Tests run: 5, Failures: 0, Errors: 0, Skipped: 0, Time elapsed: 0.166 s - in com.drew.metadata.iptc.IptcDirectoryTest
[ 3370s] [INFO] Running com.drew.metadata.iptc.IptcReaderTest
[ 3372s] [INFO] Tests run: 6, Failures: 0, Errors: 0, Skipped: 0, Time elapsed: 0.108 s - in com.drew.metadata.iptc.IptcReaderTest
[ 3372s] [INFO] Running com.drew.metadata.DirectoryTest
[ 3373s] [INFO] Tests run: 10, Failures: 0, Errors: 0, Skipped: 0, Time elapsed: 0.16 s - in com.drew.metadata.DirectoryTest
[ 3373s] [INFO] Running com.drew.metadata.photoshop.PsdReaderTest
[ 3375s] [INFO] Tests run: 2, Failures: 0, Errors: 0, Skipped: 0, Time elapsed: 0.062 s - in com.drew.metadata.photoshop.PsdReaderTest
[ 3375s] [INFO] Running com.drew.metadata.AgeTest
[ 3376s] [INFO] Tests run: 2, Failures: 0, Errors: 0, Skipped: 0, Time elapsed: 0.081 s - in com.drew.metadata.AgeTest
[ 3377s] [INFO] Running com.drew.metadata.xmp.XmpReaderTest
[ 3378s] [INFO] Tests run: 3, Failures: 0, Errors: 0, Skipped: 0, Time elapsed: 0.114 s - in com.drew.metadata.xmp.XmpReaderTest
[ 3378s] [INFO] Running com.drew.metadata.gif.GifReaderTest
[ 3380s] [INFO] Tests run: 2, Failures: 0, Errors: 0, Skipped: 0, Time elapsed: 0.077 s - in com.drew.metadata.gif.GifReaderTest
[ 3380s] [INFO] Running com.drew.lang.StreamReaderTest
[ 3381s] [INFO] Tests run: 23, Failures: 0, Errors: 0, Skipped: 0, Time elapsed: 0.313 s - in com.drew.lang.StreamReaderTest
[ 3382s] [INFO] Running com.drew.lang.CompoundExceptionTest
[ 3383s] [INFO] Tests run: 3, Failures: 0, Errors: 0, Skipped: 0, Time elapsed: 0.12 s - in com.drew.lang.CompoundExceptionTest
[ 3383s] [INFO] Running com.drew.lang.ByteConvertTest
[ 3385s] [INFO] Tests run: 2, Failures: 0, Errors: 0, Skipped: 0, Time elapsed: 0.095 s - in com.drew.lang.ByteConvertTest
[ 3385s] [INFO] Running com.drew.lang.ByteTrieTest
[ 3386s] [INFO] Tests run: 1, Failures: 0, Errors: 0, Skipped: 0, Time elapsed: 0.064 s - in com.drew.lang.ByteTrieTest
[ 3386s] [INFO] Running com.drew.lang.RandomAccessFileReaderTest
[ 3386s] [INFO] 
[ 3386s] [INFO] Results:
[ 3386s] [INFO] 
[ 3386s] [INFO] Tests run: 144, Failures: 0, Errors: 0, Skipped: 0
[ 3386s] [INFO] 
[ 3387s] [INFO] 
[ 3387s] [INFO] ------------------------------------------------------------------------
[ 3387s] [INFO] Skipping com.drewnoakes:metadata-extractor
[ 3387s] [INFO] This project has been banned from the build due to previous failures.
[ 3387s] [INFO] ------------------------------------------------------------------------
[ 3387s] [INFO] ------------------------------------------------------------------------
[ 3387s] [INFO] BUILD FAILURE
[ 3387s] [INFO] ------------------------------------------------------------------------
[ 3387s] [INFO] Total time: 19:16 min
[ 3387s] [INFO] Finished at: 2022-04-17T08:43:26Z
[ 3387s] [INFO] ------------------------------------------------------------------------
[ 3388s] [ERROR] Failed to execute goal org.apache.maven.plugins:maven-surefire-plugin:2.22.0:test (default-test) on project metadata-extractor: There are test failures.
[ 3388s] [ERROR] 
[ 3388s] [ERROR] Please refer to /home/abuild/rpmbuild/BUILD/metadata-extractor-2.10.1/target/surefire-reports for the individual test results.
[ 3388s] [ERROR] Please refer to dump files (if any exist) [date]-jvmRun[N].dump, [date].dumpstream and [date]-jvmRun[N].dumpstream.
[ 3388s] [ERROR] The forked VM terminated without properly saying goodbye. VM crash or System.exit called?
[ 3389s] [ERROR] Command was /bin/sh -c cd /home/abuild/rpmbuild/BUILD/metadata-extractor-2.10.1 && /usr/lib/jvm/java-1.8.0-openjdk-1.8.0.181.b15-1.1.riscv64.fc29.riscv64/jre/bin/java -jar /home/abuild/rpmbuild/BUILD/metadata-extractor-2.10.1/target/surefire/surefirebooter1161319830988313091.jar /home/abuild/rpmbuild/BUILD/metadata-extractor-2.10.1/target/surefire 2022-04-17T08-42-05_248-jvmRun1 surefire178507234377224973tmp surefire_01010024778358370664tmp
[ 3389s] [ERROR] Process Exit Code: 0
[ 3389s] [ERROR] org.apache.maven.surefire.booter.SurefireBooterForkException: The forked VM terminated without properly saying goodbye. VM crash or System.exit called?
[ 3389s] [ERROR] Command was /bin/sh -c cd /home/abuild/rpmbuild/BUILD/metadata-extractor-2.10.1 && /usr/lib/jvm/java-1.8.0-openjdk-1.8.0.181.b15-1.1.riscv64.fc29.riscv64/jre/bin/java -jar /home/abuild/rpmbuild/BUILD/metadata-extractor-2.10.1/target/surefire/surefirebooter1161319830988313091.jar /home/abuild/rpmbuild/BUILD/metadata-extractor-2.10.1/target/surefire 2022-04-17T08-42-05_248-jvmRun1 surefire178507234377224973tmp surefire_01010024778358370664tmp
[ 3389s] [ERROR] Process Exit Code: 0
[ 3389s] [ERROR] 	at org.apache.maven.plugin.surefire.booterclient.ForkStarter.fork(ForkStarter.java:671)
[ 3389s] [ERROR] 	at org.apache.maven.plugin.surefire.booterclient.ForkStarter.fork(ForkStarter.java:533)
[ 3389s] [ERROR] 	at org.apache.maven.plugin.surefire.booterclient.ForkStarter.run(ForkStarter.java:278)
[ 3389s] [ERROR] 	at org.apache.maven.plugin.surefire.booterclient.ForkStarter.run(ForkStarter.java:244)
[ 3389s] [ERROR] 	at org.apache.maven.plugin.surefire.AbstractSurefireMojo.executeProvider(AbstractSurefireMojo.java:1194)
[ 3390s] [ERROR] 	at org.apache.maven.plugin.surefire.AbstractSurefireMojo.executeAfterPreconditionsChecked(AbstractSurefireMojo.java:1022)
[ 3390s] [ERROR] 	at org.apache.maven.plugin.surefire.AbstractSurefireMojo.execute(AbstractSurefireMojo.java:868)
[ 3390s] [ERROR] 	at org.apache.maven.plugin.DefaultBuildPluginManager.executeMojo(DefaultBuildPluginManager.java:137)
[ 3390s] [ERROR] 	at org.apache.maven.lifecycle.internal.MojoExecutor.execute(MojoExecutor.java:208)
[ 3390s] [ERROR] 	at org.apache.maven.lifecycle.internal.MojoExecutor.execute(MojoExecutor.java:154)
[ 3390s] [ERROR] 	at org.apache.maven.lifecycle.internal.MojoExecutor.execute(MojoExecutor.java:146)
[ 3390s] [ERROR] 	at org.apache.maven.lifecycle.internal.LifecycleModuleBuilder.buildProject(LifecycleModuleBuilder.java:117)
[ 3390s] [ERROR] 	at org.apache.maven.lifecycle.internal.LifecycleModuleBuilder.buildProject(LifecycleModuleBuilder.java:81)
[ 3390s] [ERROR] 	at org.apache.maven.lifecycle.internal.builder.singlethreaded.SingleThreadedBuilder.build(SingleThreadedBuilder.java:56)
[ 3390s] [ERROR] 	at org.apache.maven.lifecycle.internal.LifecycleStarter.execute(LifecycleStarter.java:128)
[ 3390s] [ERROR] 	at org.apache.maven.DefaultMaven.doExecute(DefaultMaven.java:305)
[ 3391s] [ERROR] 	at org.apache.maven.DefaultMaven.doExecute(DefaultMaven.java:192)
[ 3391s] [ERROR] 	at org.apache.maven.DefaultMaven.execute(DefaultMaven.java:105)
[ 3391s] [ERROR] 	at org.apache.maven.cli.MavenCli.execute(MavenCli.java:954)
[ 3391s] [ERROR] 	at org.apache.maven.cli.MavenCli.doMain(MavenCli.java:288)
[ 3391s] [ERROR] 	at org.apache.maven.cli.MavenCli.main(MavenCli.java:192)
[ 3391s] [ERROR] 	at sun.reflect.NativeMethodAccessorImpl.invoke0(Native Method)
[ 3391s] [ERROR] 	at sun.reflect.NativeMethodAccessorImpl.invoke(NativeMethodAccessorImpl.java:62)
[ 3391s] [ERROR] 	at sun.reflect.DelegatingMethodAccessorImpl.invoke(DelegatingMethodAccessorImpl.java:43)
[ 3391s] [ERROR] 	at java.lang.reflect.Method.invoke(Method.java:498)
[ 3391s] [ERROR] 	at org.codehaus.plexus.classworlds.launcher.Launcher.launchEnhanced(Launcher.java:289)
[ 3391s] [ERROR] 	at org.codehaus.plexus.classworlds.launcher.Launcher.launch(Launcher.java:229)
[ 3391s] [ERROR] 	at org.codehaus.plexus.classworlds.launcher.Launcher.mainWithExitCode(Launcher.java:415)
[ 3391s] [ERROR] 	at org.codehaus.plexus.classworlds.launcher.Launcher.main(Launcher.java:356)
[ 3391s] [ERROR] -> [Help 1]
[ 3391s] [ERROR] 
[ 3391s] [ERROR] To see the full stack trace of the errors, re-run Maven with the -e switch.
[ 3391s] [ERROR] Re-run Maven using the -X switch to enable full debug logging.
[ 3391s] [ERROR] 
[ 3391s] [ERROR] For more information about the errors and possible solutions, please read the following articles:
[ 3391s] [ERROR] [Help 1] http://cwiki.apache.org/confluence/display/MAVEN/MojoExecutionException
[ 3394s] error: Bad exit status from /var/tmp/rpm-tmp.t3HE8w (%build)
[ 3394s] 
[ 3394s] 
[ 3394s] RPM build errors:
[ 3394s]     Bad exit status from /var/tmp/rpm-tmp.t3HE8w (%build)
[ 3394s] 
[ 3394s] oe-RISCV-worker22 failed "build metadata-extractor2.spec" at Sun Apr 17 08:43:33 UTC 2022.
[ 3394s] 
