[    1s] Memory limit set to 5447466KB
[    1s] Using BUILD_ROOT=/var/cache/obs/worker/root_2
[    1s] Using BUILD_ARCH=riscv64
[    1s] 
[    4s] 
[    4s] oe-RISCV-worker8 started "build _service:extract_file:easymock.spec" at Sun Mar 27 17:31:09 UTC 2022.
[    4s] 
[    4s] Building easymock for project 'openEuler:Mainline:RISC-V' repository 'advanced_riscv64' arch 'riscv64' srcmd5 '9f3b9990d99b42542707af18128dbdaa'
[    4s] 
[    4s] processing recipe /var/cache/obs/worker/root_2/.build-srcdir/_service:extract_file:easymock.spec ...
[    7s] running changelog2spec --target rpm --file /var/cache/obs/worker/root_2/.build-srcdir/_service:extract_file:easymock.spec
[    8s] init_buildsystem --configdir /var/run/obs/worker/2/build/configs --cachedir /var/cache/build --clean --rpmlist /var/cache/obs/worker/root_2/.build.rpmlist /var/cache/obs/worker/root_2/.build-srcdir/_service:extract_file:easymock.spec build ...
[   90s] cycle: coreutils -> bash
[   90s]   breaking dependency coreutils -> bash
[   90s] cycle: coreutils -> info
[   90s]   breaking dependency coreutils -> info
[   90s] cycle: glibc -> filesystem -> coreutils
[   90s]   breaking dependency coreutils -> glibc
[   90s] cycle: glibc -> filesystem -> coreutils -> libacl
[   90s]   breaking dependency coreutils -> libacl
[   90s] cycle: glibc -> filesystem -> coreutils -> attr
[   90s]   breaking dependency coreutils -> attr
[   90s] cycle: coreutils -> libcap
[   90s]   breaking dependency coreutils -> libcap
[   90s] cycle: glibc -> filesystem -> coreutils -> openssl-libs
[   90s]   breaking dependency coreutils -> openssl-libs
[   90s] cycle: glibc -> filesystem -> coreutils -> libselinux
[   90s]   breaking dependency libselinux -> glibc
[   90s] cycle: glibc -> filesystem -> coreutils -> libselinux -> pcre2
[   90s]   breaking dependency pcre2 -> glibc
[   90s] cycle: glibc -> filesystem -> coreutils -> libselinux -> pcre2 -> readline
[   90s]   breaking dependency readline -> glibc
[   90s] cycle: glibc -> filesystem -> coreutils -> libselinux -> pcre2 -> readline -> ncurses-libs
[   90s]   breaking dependency filesystem -> coreutils
[   90s] cycle: glibc -> filesystem -> bash -> coreutils -> libselinux -> pcre2 -> readline -> ncurses-libs
[   90s]   breaking dependency filesystem -> bash
[   90s] cycle: perl-Carp -> perl-libs
[   90s]   breaking dependency perl-libs -> perl-Carp
[   90s] cycle: perl-libs -> perl-Exporter
[   90s]   breaking dependency perl-libs -> perl-Exporter
[   90s] cycle: perl-Carp -> perl-Exporter
[   91s]   breaking dependency perl-Exporter -> perl-Carp
[   91s] cycle: nss-util -> nss
[   91s]   breaking dependency nss -> nss-util
[   91s] cycle: nss-softokn -> nss-util -> nss
[   91s]   breaking dependency nss -> nss-softokn
[   91s] cycle: systemd -> cryptsetup -> device-mapper
[   91s]   breaking dependency systemd -> cryptsetup
[   91s] cycle: audit -> systemd -> pam
[   91s]   breaking dependency systemd -> pam
[   91s] [1/84] preinstalling dbus...
[   91s] [2/84] preinstalling libffi-devel...
[   92s] [3/84] preinstalling nodejs-source-map...
[   93s] [4/84] preinstalling python3-pip...
[   96s] [5/84] preinstalling python3-setuptools_scm...
[   97s] [6/84] preinstalling filesystem...
[  100s] [7/84] preinstalling glibc...
[  103s] [8/84] preinstalling libgcc...
[  104s] [9/84] preinstalling diffutils...
[  105s] [10/84] preinstalling libcap-ng...
[  106s] [11/84] preinstalling libgpg-error...
[  107s] [12/84] preinstalling libpcap...
[  107s] [13/84] preinstalling libsmartcols...
[  109s] [14/84] preinstalling libuuid...
[  109s] [15/84] preinstalling libxcrypt...
[  110s] [16/84] preinstalling lz4...
[  111s] [17/84] preinstalling m4...
[  112s] [18/84] preinstalling ncurses-libs...
[  113s] [19/84] preinstalling nspr...
[  114s] [20/84] preinstalling xz-libs...
[  114s] [21/84] preinstalling zlib...
[  115s] [22/84] preinstalling attr...
[  116s] [23/84] preinstalling libdb...
[  120s] [24/84] preinstalling zstd...
[  121s] [25/84] preinstalling audit-libs...
[  122s] [26/84] preinstalling file...
[  123s] [27/84] preinstalling iptables-libs...
[  124s] [28/84] preinstalling libacl...
[  125s] [29/84] preinstalling libgcrypt...
[  127s] [30/84] preinstalling openssl-libs...
[  128s] [31/84] preinstalling readline...
[  129s] [32/84] preinstalling ncurses...
[  134s] [33/84] preinstalling cmake...
[  145s] [34/84] preinstalling perl-libs...
[  149s] [35/84] preinstalling pcre2...
[  150s] [36/84] preinstalling perl-Exporter...
[  151s] [37/84] preinstalling pcre...
[  152s] [38/84] preinstalling acl...
[  153s] [39/84] preinstalling sqlite...
[  154s] [40/84] preinstalling libselinux...
[  155s] [41/84] preinstalling perl-Carp...
[  156s] [42/84] preinstalling perl-Digest-MD5...
[  157s] [43/84] preinstalling sed...
[  158s] [44/84] preinstalling coreutils...
[  161s] [45/84] preinstalling bash...
[  163s] [46/84] preinstalling openssl...
[  165s] [47/84] preinstalling dnf...
[  165s] [48/84] preinstalling bzip2...
[  166s] [49/84] preinstalling elfutils...
[  168s] [50/84] preinstalling hostname...
[  168s] [51/84] preinstalling libcap...
[  169s] [52/84] preinstalling popt...
[  170s] [53/84] preinstalling grep...
[  171s] [54/84] preinstalling libblkid...
[  172s] [55/84] preinstalling perl-constant...
[  174s] [56/84] preinstalling tar...
[  175s] [57/84] preinstalling info...
[  176s] [58/84] preinstalling libgcrypt-devel...
[  177s] [59/84] preinstalling lua...
[  178s] [60/84] preinstalling nss...
[  179s] [61/84] preinstalling chkconfig...
[  180s] [62/84] preinstalling copy-jdk-configs...
[  181s] [63/84] preinstalling libfdisk...
[  182s] [64/84] preinstalling libmount...
[  183s] [65/84] preinstalling libsemanage...
[  184s] [66/84] preinstalling nss-util...
[  185s] [67/84] preinstalling findutils...
[  186s] [68/84] preinstalling perl-Getopt-Long...
[  187s] [69/84] preinstalling xz...
[  188s] [70/84] preinstalling perl-Data-Dumper...
[  189s] [71/84] preinstalling systemd-libs...
[  190s] [72/84] preinstalling rpm-libs...
[  191s] [73/84] preinstalling dbus-libs...
[  192s] [74/84] preinstalling nss-softokn...
[  193s] [75/84] preinstalling glib2...
[  197s] [76/84] preinstalling systemd...
[  201s] [77/84] preinstalling audit...
[  202s] [78/84] preinstalling rpm...
[  204s] [79/84] preinstalling openEuler-rpm-config...
[  205s] [80/84] preinstalling pam...
[  206s] [81/84] preinstalling util-linux...
[  210s] [82/84] preinstalling device-mapper...
[  211s] [83/84] preinstalling cryptsetup...
[  212s] [84/84] preinstalling lvm2...
[  215s] 
[  217s] initializing rpm db...
[  230s] reordering...cycle: coreutils -> bash
[  230s]   breaking dependency coreutils -> bash
[  230s] cycle: coreutils -> info
[  230s]   breaking dependency coreutils -> info
[  230s] cycle: glibc -> basesystem -> filesystem -> coreutils -> gmp
[  230s]   breaking dependency coreutils -> gmp
[  230s] cycle: glibc -> basesystem -> filesystem -> coreutils
[  230s]   breaking dependency coreutils -> glibc
[  230s] cycle: glibc -> basesystem -> filesystem -> coreutils -> libacl
[  230s]   breaking dependency coreutils -> libacl
[  230s] cycle: glibc -> basesystem -> filesystem -> coreutils -> attr
[  230s]   breaking dependency coreutils -> attr
[  230s] cycle: coreutils -> libcap
[  230s]   breaking dependency coreutils -> libcap
[  230s] cycle: glibc -> basesystem -> filesystem -> coreutils -> openssl-libs
[  230s]   breaking dependency openssl-libs -> glibc
[  230s] cycle: coreutils -> openssl-libs -> ca-certificates
[  230s]   breaking dependency ca-certificates -> coreutils
[  230s] cycle: coreutils -> openssl-libs -> ca-certificates -> bash
[  230s]   breaking dependency ca-certificates -> bash
[  230s] cycle: coreutils -> openssl-libs -> ca-certificates -> grep
[  230s]   breaking dependency grep -> coreutils
[  230s] cycle: coreutils -> openssl-libs -> ca-certificates -> grep -> bash
[  230s]   breaking dependency ca-certificates -> grep
[  230s] cycle: glibc -> basesystem -> filesystem -> coreutils -> openssl-libs -> ca-certificates -> p11-kit
[  230s]   breaking dependency p11-kit -> glibc
[  230s] cycle: glibc -> basesystem -> filesystem -> coreutils -> openssl-libs -> ca-certificates -> p11-kit -> libffi
[  230s]   breaking dependency openssl-libs -> ca-certificates
[  230s] cycle: coreutils -> openssl-libs -> crypto-policies -> bash
[  230s]   breaking dependency crypto-policies -> bash
[  230s] cycle: coreutils -> openssl-libs -> crypto-policies
[  230s]   breaking dependency crypto-policies -> coreutils
[  230s] cycle: coreutils -> openssl-libs -> crypto-policies -> grep -> bash
[  230s]   breaking dependency bash -> coreutils
[  230s] cycle: filesystem -> coreutils -> openssl-libs -> crypto-policies -> grep -> bash
[  230s]   breaking dependency grep -> bash
[  230s] cycle: glibc -> basesystem -> filesystem -> coreutils -> openssl-libs -> crypto-policies -> grep
[  230s]   breaking dependency glibc -> basesystem
[  230s] cycle: glibc -> glibc-common -> bash -> filesystem -> coreutils -> openssl-libs -> crypto-policies -> grep
[  230s]   breaking dependency glibc-common -> bash
[  230s] cycle: glibc -> glibc-common -> coreutils -> openssl-libs -> crypto-policies -> grep
[  230s]   breaking dependency glibc-common -> coreutils
[  230s] cycle: glibc -> glibc-common
[  230s]   breaking dependency glibc-common -> glibc
[  230s] cycle: glibc -> glibc-common -> libselinux
[  230s]   breaking dependency libselinux -> glibc
[  230s] cycle: glibc -> glibc-common -> libselinux -> pcre2
[  230s]   breaking dependency pcre2 -> glibc
[  230s] cycle: glibc -> glibc-common -> libselinux -> pcre2 -> readline
[  230s]   breaking dependency readline -> glibc
[  230s] cycle: glibc -> glibc-common -> libselinux -> pcre2 -> readline -> ncurses-libs
[  230s]   breaking dependency libselinux -> pcre2
[  230s] cycle: glibc -> glibc-common -> libselinux -> libsepol -> coreutils -> openssl-libs -> crypto-policies -> grep
[  230s]   breaking dependency libsepol -> coreutils
[  230s] cycle: glibc -> glibc-common -> libselinux -> libsepol -> bash -> filesystem -> coreutils -> openssl-libs -> crypto-policies -> grep
[  230s]   breaking dependency filesystem -> coreutils
[  230s] cycle: bash -> filesystem
[  230s]   breaking dependency filesystem -> bash
[  230s] cycle: filesystem -> setup
[  230s]   breaking dependency filesystem -> setup
[  230s] cycle: glibc -> glibc-common -> libselinux -> libsepol -> bash
[  230s]   breaking dependency bash -> glibc
[  230s] cycle: glibc -> glibc-common -> libselinux -> libsepol -> bash -> ncurses-libs
[  230s]   breaking dependency libsepol -> bash
[  230s] cycle: glibc -> glibc-common -> libselinux -> libsepol
[  230s]   breaking dependency glibc -> glibc-common
[  230s] cycle: systemd -> cryptsetup -> device-mapper
[  230s]   breaking dependency systemd -> cryptsetup
[  230s] cycle: perl-libs -> perl-Carp
[  230s]   breaking dependency perl-libs -> perl-Carp
[  230s] cycle: perl-libs -> perl-Exporter
[  230s]   breaking dependency perl-libs -> perl-Exporter
[  230s] cycle: perl-Carp -> perl-Exporter
[  230s]   breaking dependency perl-Exporter -> perl-Carp
[  230s] cycle: perl -> perl-PathTools
[  230s]   breaking dependency perl -> perl-PathTools
[  230s] cycle: perl -> perl-ExtUtils-MakeMaker
[  230s]   breaking dependency perl -> perl-ExtUtils-MakeMaker
[  230s] cycle: perl -> perl-File-Path -> perl-PathTools
[  230s]   breaking dependency perl -> perl-File-Path
[  230s] cycle: perl -> perl-Getopt-Long -> perl-Pod-Usage
[  230s]   breaking dependency perl -> perl-Getopt-Long
[  230s] cycle: perl -> perl-Locale-Maketext
[  230s]   breaking dependency perl -> perl-Locale-Maketext
[  230s] cycle: perl -> perl-Pod-Simple
[  230s]   breaking dependency perl -> perl-Pod-Simple
[  230s] cycle: perl -> perl-Socket
[  230s]   breaking dependency perl -> perl-Socket
[  230s] cycle: perl -> perl-Storable
[  230s]   breaking dependency perl -> perl-Storable
[  230s] cycle: perl -> perl-Text-Tabs+Wrap
[  230s]   breaking dependency perl -> perl-Text-Tabs+Wrap
[  230s] cycle: perl -> perl-Time-Local -> perl-constant
[  230s]   breaking dependency perl -> perl-Time-Local
[  230s] cycle: perl -> perl-constant
[  230s]   breaking dependency perl -> perl-constant
[  230s] cycle: perl -> perl-threads
[  230s]   breaking dependency perl -> perl-threads
[  230s] cycle: perl -> perl-threads-shared
[  230s]   breaking dependency perl -> perl-threads-shared
[  230s] cycle: perl -> perl-Archive-Tar
[  230s]   breaking dependency perl -> perl-Archive-Tar
[  230s] cycle: perl -> perl-B-Debug
[  230s]   breaking dependency perl -> perl-B-Debug
[  230s] cycle: perl -> perl-CPAN-Meta -> perl-CPAN-Meta-Requirements
[  230s]   breaking dependency perl -> perl-CPAN-Meta
[  230s] cycle: perl -> perl-CPAN-Meta-Requirements
[  230s]   breaking dependency perl -> perl-CPAN-Meta-Requirements
[  230s] cycle: perl -> perl-CPAN-Meta-YAML
[  230s]   breaking dependency perl -> perl-CPAN-Meta-YAML
[  230s] cycle: perl -> perl-Compress-Raw-Bzip2
[  230s]   breaking dependency perl -> perl-Compress-Raw-Bzip2
[  230s] cycle: perl -> perl-Compress-Raw-Zlib
[  230s]   breaking dependency perl -> perl-Compress-Raw-Zlib
[  230s] cycle: perl -> perl-Config-Perl-V
[  230s]   breaking dependency perl -> perl-Config-Perl-V
[  230s] cycle: perl -> perl-DB_File
[  230s]   breaking dependency perl -> perl-DB_File
[  230s] cycle: perl -> perl-Data-Dumper
[  230s]   breaking dependency perl -> perl-Data-Dumper
[  230s] cycle: perl -> perl-Devel-PPPort
[  230s]   breaking dependency perl -> perl-Devel-PPPort
[  230s] cycle: perl -> perl-Digest -> perl-MIME-Base64
[  230s]   breaking dependency perl -> perl-Digest
[  230s] cycle: perl -> perl-Digest-MD5 -> perl-Digest -> perl-MIME-Base64
[  230s]   breaking dependency perl -> perl-Digest-MD5
[  230s] cycle: perl -> perl-Digest-SHA
[  230s]   breaking dependency perl -> perl-Digest-SHA
[  230s] cycle: perl -> perl-Encode
[  230s]   breaking dependency perl -> perl-Encode
[  230s] cycle: perl -> perl-Env
[  230s]   breaking dependency perl -> perl-Env
[  230s] cycle: perl -> perl-ExtUtils-Command
[  230s]   breaking dependency perl -> perl-ExtUtils-Command
[  230s] cycle: perl -> perl-ExtUtils-Install
[  230s]   breaking dependency perl -> perl-ExtUtils-Install
[  230s] cycle: perl -> perl-ExtUtils-Manifest
[  230s]   breaking dependency perl -> perl-ExtUtils-Manifest
[  230s] cycle: perl -> perl-ExtUtils-ParseXS
[  230s]   breaking dependency perl -> perl-ExtUtils-ParseXS
[  230s] cycle: perl -> perl-File-Fetch -> perl-PathTools
[  230s]   breaking dependency perl -> perl-File-Fetch
[  230s] cycle: perl -> perl-File-Temp -> perl-PathTools
[  230s]   breaking dependency perl -> perl-File-Temp
[  230s] cycle: perl -> perl-Filter
[  230s]   breaking dependency perl -> perl-Filter
[  230s] cycle: perl -> perl-Filter-Simple -> perl-Filter
[  230s]   breaking dependency perl -> perl-Filter-Simple
[  230s] cycle: perl -> perl-HTTP-Tiny
[  230s]   breaking dependency perl -> perl-HTTP-Tiny
[  230s] cycle: perl -> perl-IO-Compress
[  230s]   breaking dependency perl -> perl-IO-Compress
[  230s] cycle: perl -> perl-IO-Socket-IP
[  230s]   breaking dependency perl -> perl-IO-Socket-IP
[  230s] cycle: perl -> perl-IPC-Cmd -> perl-ExtUtils-MakeMaker
[  230s]   breaking dependency perl -> perl-IPC-Cmd
[  230s] cycle: perl -> perl-IPC-SysV
[  230s]   breaking dependency perl -> perl-IPC-SysV
[  230s] cycle: perl -> perl-JSON-PP
[  230s]   breaking dependency perl -> perl-JSON-PP
[  230s] cycle: perl -> perl-Locale-Codes -> perl-constant
[  230s]   breaking dependency perl -> perl-Locale-Codes
[  230s] cycle: perl -> perl-MIME-Base64
[  230s]   breaking dependency perl -> perl-MIME-Base64
[  230s] cycle: perl -> perl-Math-BigInt
[  230s]   breaking dependency perl -> perl-Math-BigInt
[  230s] cycle: perl -> perl-Math-BigInt-FastCalc -> perl-Math-BigInt
[  230s]   breaking dependency perl -> perl-Math-BigInt-FastCalc
[  230s] cycle: perl -> perl-Math-BigRat -> perl-Math-BigInt
[  230s]   breaking dependency perl -> perl-Math-BigRat
[  230s] cycle: perl -> perl-Module-CoreList
[  230s]   breaking dependency perl -> perl-Module-CoreList
[  230s] cycle: perl -> perl-Module-Load -> perl-PathTools
[  230s]   breaking dependency perl -> perl-Module-Load
[  230s] cycle: perl -> perl-Module-Load-Conditional
[  230s]   breaking dependency perl -> perl-Module-Load-Conditional
[  230s] cycle: perl -> perl-Module-Metadata
[  230s]   breaking dependency perl -> perl-Module-Metadata
[  230s] cycle: perl -> perl-Params-Check
[  230s]   breaking dependency perl -> perl-Params-Check
[  230s] cycle: perl -> perl-PerlIO-via-QuotedPrint -> perl-MIME-Base64
[  230s]   breaking dependency perl -> perl-PerlIO-via-QuotedPrint
[  230s] cycle: perl -> perl-Pod-Checker
[  230s]   breaking dependency perl -> perl-Pod-Checker
[  230s] cycle: perl -> perl-Pod-Escapes
[  230s]   breaking dependency perl -> perl-Pod-Escapes
[  230s] cycle: perl -> perl-Pod-Parser
[  230s]   breaking dependency perl -> perl-Pod-Parser
[  230s] cycle: perl -> perl-Pod-Perldoc
[  230s]   breaking dependency perl -> perl-Pod-Perldoc
[  230s] cycle: perl -> perl-Pod-Usage
[  230s]   breaking dependency perl -> perl-Pod-Usage
[  230s] cycle: perl -> perl-Sys-Syslog
[  230s]   breaking dependency perl -> perl-Sys-Syslog
[  230s] cycle: perl -> perl-Term-Cap
[  230s]   breaking dependency perl -> perl-Term-Cap
[  230s] cycle: perl -> perl-Test-Harness
[  230s]   breaking dependency perl -> perl-Test-Harness
[  230s] cycle: perl -> perl-Test-Simple
[  230s]   breaking dependency perl -> perl-Test-Simple
[  230s] cycle: perl -> perl-Text-Balanced
[  230s]   breaking dependency perl -> perl-Text-Balanced
[  230s] cycle: perl -> perl-Thread-Queue -> perl-threads-shared
[  230s]   breaking dependency perl -> perl-Thread-Queue
[  230s] cycle: perl -> perl-Unicode-Collate -> perl-PathTools
[  230s]   breaking dependency perl -> perl-Unicode-Collate
[  230s] cycle: perl -> perl-autodie
[  230s]   breaking dependency perl -> perl-autodie
[  230s] cycle: perl -> perl-bignum -> perl-Math-BigInt
[  230s]   breaking dependency perl -> perl-bignum
[  230s] cycle: perl -> perl-devel
[  230s]   breaking dependency perl -> perl-devel
[  230s] cycle: perl -> perl-Encode-devel
[  230s]   breaking dependency perl -> perl-Encode-devel
[  230s] cycle: perl -> perl-experimental
[  230s]   breaking dependency perl -> perl-experimental
[  230s] cycle: perl -> perl-libnet -> perl-Digest-MD5 -> perl-Digest -> perl-MIME-Base64
[  230s]   breaking dependency perl -> perl-libnet
[  230s] cycle: perl -> perl-podlators
[  230s]   breaking dependency perl -> perl-podlators
[  230s] cycle: perl -> perl-version
[  230s]   breaking dependency perl -> perl-version
[  230s] cycle: glib2 -> gamin
[  230s]   breaking dependency glib2 -> gamin
[  230s] cycle: systemd -> gnutls -> unbound-libs -> shadow -> pam -> audit
[  230s]   breaking dependency systemd -> gnutls
[  230s] cycle: systemd -> pam -> audit
[  230s]   breaking dependency systemd -> pam
[  230s] cycle: systemd -> shadow -> pam -> audit
[  230s]   breaking dependency systemd -> shadow
[  230s] cycle: pam -> libpwquality
[  230s]   breaking dependency pam -> libpwquality
[  230s] cycle: perl-Getopt-Long -> perl-Pod-Usage
[  230s]   breaking dependency perl-Pod-Usage -> perl-Getopt-Long
[  230s] cycle: perl-Getopt-Long -> perl-Pod-Usage -> perl-podlators -> perl-Encode
[  230s]   breaking dependency perl-podlators -> perl-Encode
[  230s] cycle: perl-Getopt-Long -> perl-Pod-Usage -> perl-podlators
[  230s]   breaking dependency perl-podlators -> perl-Getopt-Long
[  230s] cycle: perl-Getopt-Long -> perl-Pod-Usage -> perl-podlators -> perl-Pod-Simple -> perl-Encode
[  230s]   breaking dependency perl-Encode -> perl-Getopt-Long
[  230s] cycle: perl-Getopt-Long -> perl-Pod-Usage -> perl-podlators -> perl-Pod-Simple
[  230s]   breaking dependency perl-podlators -> perl-Pod-Simple
[  230s] cycle: perl-Pod-Usage -> perl-podlators
[  230s]   breaking dependency perl-podlators -> perl-Pod-Usage
[  230s] cycle: groff -> perl-Getopt-Long -> perl-Pod-Usage -> perl-Pod-Perldoc
[  230s]   breaking dependency groff -> perl-Getopt-Long
[  230s] cycle: nss -> nss-util
[  230s]   breaking dependency nss -> nss-util
[  230s] cycle: nss -> nss-softokn -> nss-util
[  230s]   breaking dependency nss -> nss-softokn
[  230s] cycle: libxcrypt-devel -> glibc-devel
[  230s]   breaking dependency glibc-devel -> libxcrypt-devel
[  230s] cycle: groovy-lib -> gpars
[  230s]   breaking dependency groovy-lib -> gpars
[  230s] cycle: batik-css -> batik
[  230s]   breaking dependency batik -> batik-css
[  230s] cycle: xalan-j2 -> xerces-j2
[  230s]   breaking dependency xerces-j2 -> xalan-j2
[  230s] cycle: cmake-data -> cmake
[  230s]   breaking dependency cmake -> cmake-data
[  230s] cycle: perl-Getopt-Long -> perl-Pod-Usage -> perl-Pod-Perldoc -> perl-Pod-Simple
[  230s]   breaking dependency perl-Pod-Perldoc -> perl-Pod-Simple
[  230s] cycle: openssh -> openssh-server
[  230s]   breaking dependency openssh-server -> openssh
[  230s] cycle: git -> perl-Git
[  230s]   breaking dependency git -> perl-Git
[  230s] cycle: perl-ExtUtils-Install -> perl-ExtUtils-MakeMaker
[  230s]   breaking dependency perl-ExtUtils-MakeMaker -> perl-ExtUtils-Install
[  230s] done
[  230s] querying package ids...
[  270s] [1/539] installing cmake-filesystem-3.22.0-1.oe1
[  271s] [2/539] installing fonts-filesystem-2.0.2-2.oe1
[  271s] [3/539] installing fuse-common-3.9.2-5.oe1
[  272s] [4/539] installing javapackages-filesystem-5.3.0-3.oe1
[  273s] [5/539] installing kernel-headers-5.10-3.oe1
[  279s] [6/539] installing libreport-filesystem-2.13.1-5.oe1
[  280s] [7/539] installing ncurses-base-6.1-14.oe1
[  281s] [8/539] installing openEuler-gpg-keys-1.0-2.5.oe1
[  282s] [9/539] installing python-setuptools-59.4.0-3.oe1
[  283s] [10/539] installing qt5-srpm-macros-5.15.2-1.oe1
[  284s] [11/539] installing tzdata-2021a-2.oe1
[  290s] [12/539] installing tzdata-java-2021a-2.oe1
[  292s] [13/539] installing dnf-data-4.10.0-1.oe1
[  293s] [14/539] installing openEuler-repos-1.0-2.5.oe1
[  294s] [15/539] installing wqy-zenhei-fonts-0.9.46-21.oe1
[  302s] [16/539] installing openEuler-release-20.03LTS-40.oe1
[  303s] [17/539] installing filesystem-3.9-3.oe1
[  312s] warning: group mail does not exist - using root
[  312s] [18/539] installing emacs-filesystem-1:27.1-5.oe1
[  314s] [19/539] installing libgcc-10.3.1-20220105.6.oe1
[  315s] [20/539] installing setup-2.13.3-4.oe1
[  317s] [21/539] installing glibc-2.34-64.oe1
[  322s] [22/539] installing brotli-1.0.9-2.oe1
[  324s] [23/539] installing chrpath-0.16-12.oe1
[  325s] [24/539] installing cpio-2.13-4.oe1
[  326s] [25/539] installing diffutils-3.7-4.oe1
[  328s] [26/539] installing expat-2.2.10-1.oe1
[  329s] [27/539] installing giflib-5.2.1-2.oe1
[  330s] [28/539] installing json-c-0.15-1.oe1
[  331s] [29/539] installing keyutils-libs-1.6.3-3.oe1
[  332s] [30/539] installing libICE-1.0.10-2.oe1
[  333s] [31/539] installing libXau-1.0.9-2.oe1
[  334s] [32/539] installing libaio-0.3.112-1.oe1
[  336s] [33/539] installing libargon2-20190702-1.oe1
[  337s] [34/539] installing libatomic-10.3.1-20220105.6.oe1
[  338s] [35/539] installing libcap-ng-0.7.11-1.oe1
[  339s] [36/539] installing libev-4.24-11.oe1
[  339s] [37/539] installing libffi-3.3-31.oe1
[  340s] [38/539] installing libgomp-10.3.1-20220105.6.oe1
[  342s] [39/539] installing libgpg-error-1.41-1.oe1
[  344s] [40/539] installing libjpeg-turbo-2.0.6-1.oe1
[  345s] [41/539] installing libnghttp2-1.42.0-1.oe1
[  346s] [42/539] installing libpcap-14:1.9.1-7.oe1
[  347s] [43/539] installing libpipeline-1.5.3-1.oe1
[  348s] [44/539] installing libsigsegv-2.11-10.oe1
[  349s] [45/539] installing libsmartcols-2.36.1-3.oe1
[  351s] [46/539] installing libtasn1-4.16.0-2.oe1
[  352s] [47/539] installing libtool-ltdl-2.4.6-34.oe1
[  353s] [48/539] installing libunistring-0.9.10-8.oe1
[  354s] [49/539] installing libuuid-2.36.1-3.oe1
[  356s] [50/539] installing libuv-1:1.40.0-1.oe1
[  357s] [51/539] installing libxcrypt-4.4.8-4.oe1
[  358s] [52/539] installing libyaml-0.2.5-1.oe1
[  359s] [53/539] installing lz4-1.9.3-1.oe1
[  360s] [54/539] installing m4-1.4.18-14.oe1
[  361s] [55/539] installing nspr-4.32.0-1.oe1
[  363s] [56/539] installing pkgconf-1.7.3-1.oe1
[  364s] [57/539] installing rhash-1.3.5-5.oe1
[  365s] [58/539] installing which-2.21-14.oe1
[  366s] [59/539] installing xz-libs-5.2.5-1.oe1
[  367s] [60/539] installing zlib-1.2.11-18.oe1
[  368s] [61/539] installing attr-2.4.48-12.oe1
[  370s] [62/539] installing basesystem-12-2.oe1
[  371s] [63/539] installing libstdc++-10.3.1-20220105.6.oe1
[  373s] [64/539] installing ncurses-libs-6.1-14.oe1
[  374s] [65/539] installing libsepol-3.1-4.oe1
[  376s] [66/539] installing libstdc++-devel-10.3.1-20220105.6.oe1
[  383s] [67/539] installing audit-libs-1:3.0-2.oe1
[  384s] [68/539] installing elfutils-libelf-0.185-3.oe1
[  386s] [69/539] installing file-libs-5.39-6.oe1
[  388s] [70/539] installing gmp-1:6.2.1-3.oe1
[  390s] [71/539] installing iptables-libs-1.8.1-4.oe1
[  391s] [72/539] installing less-563-2.oe1
[  392s] [73/539] installing libacl-2.2.53-7.oe1
[  393s] [74/539] installing libassuan-2.5.4-1.oe1
[  394s] [75/539] installing libedit-3.1-27.oe1
[  395s] [76/539] installing libffi-devel-3.3-31.oe1
[  396s] [77/539] installing libfontenc-1.1.4-2.oe1
[  398s] [78/539] installing libgcrypt-1.8.7-1.oe1
[  400s] [79/539] installing libmetalink-0.1.3-8.oe1
[  401s] [80/539] installing libpng-2:1.6.37-1.oe1
[  402s] [81/539] installing libxcb-1.14-1.oe1
[  404s] [82/539] installing readline-8.0-2.oe1
[  405s] [83/539] installing fuse-2.9.9-6.oe1
[  407s] [84/539] installing gc-8.0.4-2.oe1
[  408s] [85/539] installing libSM-1.2.3-2.oe1
[  409s] [86/539] installing libdb-5.3.28-35.oe1
[  413s] [87/539] installing libselinux-3.1-3.oe1
[  415s] [88/539] installing libxml2-2.9.10-15.oe1
[  417s] [89/539] installing bash-5.1-1.oe1
[  420s] [90/539] installing perl-libs-4:5.28.0-435.oe1
[  425s] [91/539] installing zstd-1.4.8-2.oe1
[  427s] [92/539] installing ncurses-6.1-14.oe1
[  437s] [93/539] installing thin-provisioning-tools-0.8.5-1.oe1
[  439s] [94/539] installing perl-parent-1:0.237-4.oe1
[  440s] [95/539] installing perl-perlfaq-5.20180915-5.oe1
[  441s] [96/539] installing libX11-1.6.9-2.oe1
[  444s] [97/539] installing mpfr-4.1.0-1.oe1
[  446s] [98/539] installing nettle-3.6-6.oe1
[  447s] [99/539] installing pcre2-10.36-1.oe1
[  449s] [100/539] installing perl-Exporter-5.74-1.oe1
[  450s] [101/539] installing file-5.39-6.oe1
[  452s] [102/539] installing gdbm-1:1.18.1-1.oe1
[  453s] [103/539] installing patch-2.7.6-12.oe1
[  454s] [104/539] installing qrencode-4.1.1-1
[  456s] [105/539] installing sed-4.8-2.oe1
[  458s] [106/539] installing acl-2.2.53-7.oe1
[  459s] [107/539] installing libcomps-0.1.15-1.oe1
[  460s] [108/539] installing pcre-8.44-1.oe1
[  462s] [109/539] installing glibc-common-2.34-64.oe1
[  473s] [110/539] installing crontabs-1.11-21.oe1
[  474s] [111/539] installing libXcomposite-0.4.5-1.oe1
[  475s] [112/539] installing libXext-1.3.4-2.oe1
[  477s] [113/539] installing libXpm-3.5.12-11.oe1
[  478s] [114/539] installing libXrender-0.9.10-10.oe1
[  480s] [115/539] installing perl-Carp-1.50-418.oe1
[  481s] [116/539] installing perl-Perl-OSType-1.010-421.oe1
[  482s] [117/539] installing perl-Term-ANSIColor-4.06-511.oe1
[  484s] [118/539] installing libmpc-1.2.0-2.oe1
[  486s] [119/539] installing grep-3.6-1.oe1
[  488s] [120/539] installing libXt-1.2.0-0.oe1
[  489s] [121/539] installing gawk-5.0.1-2.oe1
[  491s] [122/539] installing libXi-1.7.10-1.oe1
[  493s] [123/539] installing perl-Text-ParseWords-3.30-419.oe1
[  494s] [124/539] installing crypto-policies-20180925-3.git71ca85f.oe1
[  500s] [125/539] installing libXmu-1.1.3-1.oe1
[  501s] [126/539] installing cpp-10.3.1-20220105.6.oe1
[  510s] [127/539] installing libXtst-1.2.3-10.oe1
[  511s] [128/539] installing openssl-libs-1:1.1.1f-2.oe1
[  514s] [129/539] installing libXaw-1.0.13-13.oe1
[  516s] [130/539] installing ima-evm-utils-libs-1.2.1-8.oe1
[  518s] [131/539] installing libevent-2.1.12-4
[  520s] [132/539] installing kmod-libs-27-4.oe1
[  521s] [133/539] installing kmod-27-4.oe1
[  523s] [134/539] installing nodejs-libs-1:16.10.0-1.oe1
[  558s] [135/539] installing coreutils-8.31-4.oe1
[  566s] [136/539] installing alsa-lib-1.2.4-1.oe1
[  568s] [137/539] installing elfutils-default-yama-scope-0.185-3.oe1
[  569s] /usr/lib/systemd/systemd-sysctl: error while loading shared libraries: libseccomp.so.2: cannot open shared object file: No such file or directory
[  569s] [138/539] installing publicsuffix-list-20200718-1.oe1
[  570s] [139/539] installing uname-build-checks-1.0-0.4.oe1
[  572s] [140/539] installing bzip2-1.0.8-3.oe1
[  573s] [141/539] installing gzip-1.10-1.oe1
[  575s] [142/539] installing hostname-3.21-2.oe1
[  577s] [143/539] installing libcap-2.32-2.oe1
[  579s] [144/539] installing libseccomp-2.4.3-2.oe1
[  581s] [145/539] installing lksctp-tools-1.0.16-11.oe1
[  583s] [146/539] installing npth-1.5-7.oe1
[  584s] [147/539] installing popt-1.18-1.oe1
[  586s] [148/539] installing fipscheck-1.5.0-7.oe1
[  588s] [149/539] installing libblkid-2.36.1-3.oe1
[  591s] [150/539] installing libidn2-2.3.0-1.oe1
[  592s] [151/539] installing libksba-1.3.5-12.oe1
[  595s] [152/539] installing tar-2:1.32-3.oe1
[  598s] [153/539] installing tcl-1:8.6.10-3.oe1
[  602s] [154/539] installing apr-1.7.0-4.oe1
[  604s] [155/539] installing info-6.7-2.oe1
[  605s] [156/539] installing jsoncpp-1.9.4-1.oe1
[  608s] [157/539] installing libgpg-error-devel-1.41-1.oe1
[  609s] [158/539] installing lua-5.3.5-6.oe1
[  611s] [159/539] installing slang-2.3.2-8.oe1
[  614s] [160/539] installing xz-5.2.5-1.oe1
[  615s] [161/539] installing libxslt-1.1.32-7.oe1
[  618s] [162/539] installing perl-Scalar-List-Utils-3:1.52-2.oe1
[  619s] [163/539] installing perl-Time-HiRes-1.9760-2.oe1
[  621s] [164/539] installing perl-Unicode-Normalize-1.26-419.oe1
[  623s] [165/539] installing systemd-libs-243-22.oe1
[  625s] [166/539] installing guile-5:2.0.14-15.oe1
[  632s] [167/539] installing dbus-libs-1:1.12.20-3.oe1
[  634s] [168/539] installing zip-3.0-29.oe1
[  636s] [169/539] installing libfdisk-2.36.1-3.oe1
[  638s] [170/539] installing libtcnative-1-0-1.2.23-3.oe1
[  640s] [171/539] installing newt-0.52.21-4.oe1
[  642s] [172/539] installing p11-kit-0.23.22-1.oe1
[  646s] [173/539] installing procps-ng-3.3.16-15.oe1
[  648s] [174/539] installing elfutils-libs-0.185-3.oe1
[  650s] [175/539] installing libmount-2.36.1-3.oe1
[  652s] [176/539] installing lua-posix-33.3.1-12.oe1
[  654s] [177/539] installing unzip-6.0-47.oe1
[  655s] [178/539] installing cracklib-2.9.7-6.oe1
[  661s] [179/539] installing e2fsprogs-1.45.6-3.oe1
[  664s] [180/539] installing findutils-2:4.7.0-7.oe1
[  666s] [181/539] installing libsemanage-3.1-4.oe1
[  668s] [182/539] installing make-1:4.2.1-15.oe1
[  670s] [183/539] installing sqlite-3.24.0-9.oe1
[  672s] [184/539] installing logrotate-3.15.1-2.oe1
[  673s] [185/539] installing freetype-2.10.2-3.oe1
[  676s] [186/539] installing glibc-devel-2.34-64.oe1
[  685s] [187/539] installing libgcrypt-devel-1.8.7-1.oe1
[  687s] [188/539] installing gnupg2-2.2.27-2.oe1
[  692s] [189/539] installing libarchive-3.5.1-1.oe1
[  694s] [190/539] installing dbus-tools-1:1.12.20-3.oe1
[  695s] [191/539] installing libxcrypt-devel-4.4.8-4.oe1
[  697s] [192/539] installing copy-jdk-configs-4.0-1.oe1
[  698s] [193/539] installing gpgme-1.15.1-1.oe1
[  700s] [194/539] installing obs-env-1.0-5.oe1
[  708s] [195/539] installing chkconfig-1.14-2.oe1
[  710s] [196/539] installing elfutils-0.185-3.oe1
[  712s] [197/539] installing xorg-x11-font-utils-1:7.5-43.oe1
[  713s] [198/539] installing fontconfig-2.13.92-1.oe1
[  719s] [199/539] installing glib2-2.66.8-1.oe1
[  725s] [200/539] installing rpm-libs-4.15.1-25.oe1
[  727s] [201/539] installing libcroco-0.6.12-13.oe1
[  731s] [202/539] installing gamin-0.1.10-38.oe1
[  733s] [203/539] installing libsecret-0.18.6-5.oe1
[  735s] [204/539] installing libverto-0.3.1-2.oe1
[  737s] [205/539] installing xorg-x11-fonts-others-7.5-24
[  751s] [206/539] installing libmodulemd-2.13.0-1.oe1
[  753s] [207/539] installing binutils-2.37-6.oe1
[  762s] [208/539] installing p11-kit-trust-0.23.22-1.oe1
[  764s] [209/539] installing babeltrace-1.5.8-1.oe1
[  767s] [210/539] installing ca-certificates-2020.2.46-2.oe1
[  775s] [211/539] installing gettext-0.20.1-2.oe1
[  779s] [212/539] installing krb5-libs-1.18.2-3.oe1
[  781s] [213/539] installing gcc-10.3.1-20220105.6.oe1
[  803s] [214/539] installing python-pip-wheel-19.2.3-2.fc32
[  804s] [215/539] installing libtirpc-1.3.1-1.oe1
[  806s] [216/539] installing cyrus-sasl-lib-2.1.27-10.oe1
[  808s] [217/539] installing libssh-0.9.5-1.oe1
[  810s] [218/539] installing gcc-c++-10.3.1-20220105.6.oe1
[  820s] [219/539] installing openldap-2.4.46-15.oe1
[  821s] [220/539] installing libnsl2-1.3.0-2.oe1
[  823s] [221/539] installing python3-3.8.5-13.oe1
[  845s] [222/539] installing python3-pyparsing-2.4.5-1.fc32
[  847s] [223/539] installing python3-setuptools-59.4.0-3.oe1
[  851s] [224/539] installing python3-setuptools_scm-3.3.3-6.fc32
[  853s] [225/539] installing python3-six-1.12.0-7.fc32
[  855s] [226/539] installing python3-gpgme-1.15.1-1.oe1
[  857s] [227/539] installing python3-lxml-4.4.1-3.fc32
[  860s] [228/539] installing python3-libcomps-0.1.15-1.oe1
[  861s] [229/539] installing libpsl-0.21.1-1.oe1
[  863s] [230/539] installing gdb-headless-9.2-5.oe1
[  869s] [231/539] installing systemtap-sdt-devel-4.1-3.oe1
[  871s] [232/539] installing gdb-9.2-5.oe1
[  873s] [233/539] installing python3-javapackages-5.3.0-3.oe1
[  875s] [234/539] installing python3-pip-19.2.3-2.fc32
[  881s] [235/539] installing libcurl-7.66.0-3.oe1
[  883s] [236/539] installing curl-7.66.0-3.oe1
[  885s] [237/539] installing librepo-1.14.2-2.oe1
[  886s] [238/539] installing rpm-4.15.1-25.oe1
[  889s] [239/539] installing efi-srpm-macros-4-3.oe1
[  891s] [240/539] installing cmake-rpm-macros-3.22.0-1.oe1
[  893s] [241/539] installing libsolv-0.7.20-1.oe1
[  894s] [242/539] installing python3-rpm-4.15.1-25.oe1
[  896s] [243/539] installing openEuler-rpm-config-30-21.oe1
[  898s] [244/539] installing cmake-3.22.0-1.oe1
[  911s] [245/539] installing libdnf-0.65.0-2.oe1
[  913s] [246/539] installing cmake-data-3.22.0-1.oe1
[  926s] [247/539] installing python3-libdnf-0.65.0-2.oe1
[  929s] [248/539] installing perl-4:5.28.0-435.oe1
[  936s] [249/539] installing perl-B-Debug-1.26-4.oe1
[  937s] [250/539] installing perl-Env-1.04-397.oe1
[  938s] [251/539] installing perl-Devel-PPPort-3.42-4.oe1
[  940s] [252/539] installing perl-Pod-Escapes-1:1.07-419.oe1
[  941s] [253/539] installing perl-Text-Tabs+Wrap-2013.0523-419.oe1
[  942s] [254/539] installing perl-Algorithm-Diff-1.1903-14.oe1
[  943s] [255/539] installing perl-Params-Check-1:0.38-418.oe1
[  945s] [256/539] installing perl-Term-Cap-1.17-510.oe1
[  946s] [257/539] installing perl-TermReadKey-2.38-2.oe1
[  947s] [258/539] installing perl-Text-Balanced-2.03-420.oe1
[  949s] [259/539] installing perl-threads-1:2.22-419.oe1
[  950s] [260/539] installing openssl-1:1.1.1f-2.oe1
[  952s] [261/539] installing perl-Config-Perl-V-0.30-5.oe1
[  953s] [262/539] installing perl-Error-1:0.17029-1.oe1
[  955s] [263/539] installing perl-Filter-2:1.59-2.oe1
[  956s] [264/539] installing perl-IPC-SysV-2.07-5.oe1
[  958s] [265/539] installing perl-Locale-Maketext-1:1.28-1.oe1
[  959s] [266/539] installing perl-constant-1.33-421.oe1
[  961s] [267/539] installing perl-MIME-Base64-3.15-418.oe1
[  962s] [268/539] installing perl-CPAN-Meta-YAML-0.018-420.oe1
[  964s] [269/539] installing perl-Socket-4:2.029-2.oe1
[  966s] [270/539] installing perl-Storable-1:3.15-2.oe1
[  968s] [271/539] installing python3-hawkey-0.65.0-2.oe1
[  971s] [272/539] installing perl-PerlIO-via-QuotedPrint-0.08-397.oe1
[  972s] [273/539] installing perl-Digest-1.17-419.oe1
[  973s] [274/539] installing perl-Filter-Simple-1:0.94-1.oe1
[  974s] [275/539] installing perl-IO-Socket-IP-0.39-420.oe1
[  975s] [276/539] installing perl-Text-Diff-1.45-7.oe1
[  977s] [277/539] installing perl-Time-Local-2:1.280-6.oe1
[  978s] [278/539] installing perl-version-8:0.99.24-3.oe1
[  979s] [279/539] installing perl-IPC-System-Simple-1.25-19.oe1
[  981s] [280/539] installing perl-threads-shared-1.59-2.oe1
[  983s] [281/539] installing perl-Compress-Raw-Bzip2-2.100-1.oe1
[  984s] [282/539] installing perl-Compress-Raw-Zlib-1:2.100-1.oe1
[  986s] [283/539] installing perl-Locale-Codes-3.58-2.oe1
[  988s] [284/539] installing perl-Math-BigInt-1:1.9998.13-5.oe1
[  990s] [285/539] installing perl-PathTools-3.75-4.oe1
[  992s] [286/539] installing python3-dnf-4.10.0-1.oe1
[  995s] [287/539] installing perl-Data-Dumper-2.172-3.oe1
[  996s] [288/539] installing perl-Sys-Syslog-0.35-420.oe1
[  998s] [289/539] installing perl-Encode-4:2.98-9.oe1
[ 1003s] [290/539] installing autogen-5.18.16-1.oe1
[ 1005s] [291/539] installing nodejs-1:16.10.0-1.oe1
[ 1007s] [292/539] installing systemd-243-22.oe1
[ 1021s] /var/tmp/rpm-tmp.XH6miZ: line 8: groupadd: command not found
[ 1021s] /var/tmp/rpm-tmp.XH6miZ: line 10: groupadd: command not found
[ 1021s] /var/tmp/rpm-tmp.XH6miZ: line 13: groupadd: command not found
[ 1021s] /var/tmp/rpm-tmp.XH6miZ: line 16: groupadd: command not found
[ 1022s] [293/539] installing dbus-common-1:1.12.20-3.oe1
[ 1023s] [294/539] installing nodejs-source-map-0.5.6-1.oe1
[ 1025s] [295/539] installing perl-Module-Load-1:0.32-418.oe1
[ 1026s] [296/539] installing nodejs-packaging-20-1.oe1
[ 1028s] [297/539] installing dnf-4.10.0-1.oe1
[ 1031s] Failed to preset unit, unit dnf-automatic.timer does not exist.
[ 1031s] Failed to preset unit, unit dnf-automatic-notifyonly.timer does not exist.
[ 1031s] Failed to preset unit, unit dnf-automatic-download.timer does not exist.
[ 1031s] Failed to preset unit, unit dnf-automatic-install.timer does not exist.
[ 1031s] [298/539] installing perl-File-Which-1.23-1.oe1
[ 1032s] [299/539] installing perl-Thread-Queue-3.13-3.oe1
[ 1033s] [300/539] installing perl-experimental-0.020-2.oe1
[ 1034s] [301/539] installing perl-Digest-MD5-2.55-419.oe1
[ 1036s] [302/539] installing perl-File-Path-2.16-4.oe1
[ 1037s] [303/539] installing perl-Math-BigInt-FastCalc-0.500.700-4.oe1
[ 1040s] [304/539] installing perl-Module-Metadata-1.000036-3.oe1
[ 1041s] [305/539] installing perl-CPAN-Meta-Requirements-2.140-419.oe1
[ 1042s] [306/539] installing perl-Encode-devel-4:2.98-9.oe1
[ 1044s] [307/539] installing perl-HTTP-Tiny-0.076-3.oe1
[ 1046s] [308/539] installing perl-Math-BigRat-0.2614-2.oe1
[ 1047s] [309/539] installing audit-1:3.0-2.oe1
[ 1050s] [310/539] installing perl-DB_File-1.842-2.oe1
[ 1052s] [311/539] installing perl-autodie-2.29-398.oe1
[ 1054s] [312/539] installing perl-Unicode-Collate-1.25-4.oe1
[ 1057s] [313/539] installing perl-IO-Compress-2.081-6.oe1
[ 1058s] [314/539] installing perl-podlators-1:4.14-1.oe1
[ 1060s] [315/539] installing perl-ExtUtils-Command-1:7.60-1.oe1
[ 1061s] [316/539] installing perl-ExtUtils-Manifest-1:1.71-4.oe1
[ 1062s] [317/539] installing perl-bignum-0.50-4.oe1
[ 1064s] [318/539] installing perl-File-Temp-1:0.230.800-4.oe1
[ 1065s] [319/539] installing perl-libnet-3.11-420.oe1
[ 1066s] [320/539] installing pam-1.5.1-1.oe1
[ 1071s] [321/539] installing libpwquality-1.4.4-1.oe1
[ 1073s] [322/539] installing perl-File-HomeDir-1.004-4.oe1
[ 1075s] [323/539] installing shadow-2:4.8.1-5.oe1
[ 1077s] [324/539] installing perl-Test-Simple-2:1.302175-2.oe1
[ 1079s] [325/539] installing libutempter-1.1.6-16.oe1
[ 1081s] [326/539] installing unbound-libs-1.10.1-4.oe1
[ 1085s] [327/539] installing dbus-daemon-1:1.12.20-3.oe1
[ 1088s] [328/539] installing openssh-server-8.2p1-10.oe1
[ 1091s] Created symlink /etc/systemd/system/multi-user.target.wants/sshd.service -> /usr/lib/systemd/system/sshd.service.
[ 1091s] [329/539] installing groff-1.22.4-4.oe1
[ 1097s] [330/539] installing dbus-1:1.12.20-3.oe1
[ 1099s] [331/539] installing man-db-2.9.3-2.oe1
[ 1104s] [332/539] installing perl-Pod-Perldoc-1:3.28-3.oe1
[ 1105s] [333/539] installing gnutls-3.6.15-3.oe1
[ 1108s] [334/539] installing util-linux-2.36.1-3.oe1
[ 1114s] [335/539] installing nss-help-3.54.0-9.oe1
[ 1116s] [336/539] installing perl-Pod-Usage-4:1.69-418.oe1
[ 1117s] [337/539] installing device-mapper-8:1.02.172-1.oe1
[ 1120s] [338/539] installing openssh-8.2p1-10.oe1
[ 1122s] [339/539] installing perl-Getopt-Long-1:2.52-1.oe1
[ 1124s] [340/539] installing cryptsetup-2.3.3-3.oe1
[ 1127s] [341/539] installing device-mapper-event-8:1.02.172-1.oe1
[ 1130s] Created symlink /etc/systemd/system/sockets.target.wants/dm-event.socket -> /usr/lib/systemd/system/dm-event.socket.
[ 1130s] [342/539] installing nss-3.54.0-9.oe1
[ 1139s] [343/539] installing openssh-clients-8.2p1-10.oe1
[ 1141s] [344/539] installing nss-util-3.54.0-9.oe1
[ 1143s] [345/539] installing perl-ExtUtils-ParseXS-2:3.35-1.oe1
[ 1144s] [346/539] installing perl-Module-CoreList-1:5.20180920-2.oe1
[ 1146s] [347/539] installing perl-Digest-SHA-1:6.02-7.oe1
[ 1148s] [348/539] installing perl-Pod-Parser-1.63-397.oe1
[ 1149s] [349/539] installing perl-Pod-Simple-1:3.35-418.oe1
[ 1151s] [350/539] installing perl-Test-Harness-1:3.43_02-1.oe1
[ 1152s] [351/539] installing perl-Archive-Tar-2.30-421.oe1
[ 1153s] [352/539] installing perl-JSON-PP-1:4.04-2.oe1
[ 1156s] [353/539] installing lvm2-8:2.03.11-1.oe1
[ 1161s] Created symlink /etc/systemd/system/sysinit.target.wants/lvm2-lvmpolld.socket -> /usr/lib/systemd/system/lvm2-lvmpolld.socket.
[ 1161s] [354/539] installing autoconf-2.69-30.oe1
[ 1164s] [355/539] installing git-2.23.0-12.oe1
[ 1173s] [356/539] installing nss-softokn-3.54.0-9.oe1
[ 1176s] [357/539] installing perl-Pod-Checker-4:1.73-398.oe1
[ 1177s] [358/539] installing perl-Git-2.23.0-12.oe1
[ 1179s] [359/539] installing perl-CPAN-Meta-2.150010-419.oe1
[ 1181s] [360/539] installing perl-Module-Load-Conditional-0.68-418.oe1
[ 1182s] [361/539] installing automake-1.16.1-6.oe1
[ 1185s] [362/539] installing perl-ExtUtils-MakeMaker-1:7.60-1.oe1
[ 1187s] [363/539] installing perl-ExtUtils-Install-2.14-419.oe1
[ 1188s] [364/539] installing perl-IPC-Cmd-2:1.04-4.oe1
[ 1190s] [365/539] installing java-1.8.0-openjdk-headless-1:1.8.0.181.b15-1.1.riscv64.fc29
[ 1225s] [366/539] installing rpm-build-4.15.1-25.oe1
[ 1227s] [367/539] installing ant-lib-1.10.5-2.fc29
[ 1230s] [368/539] installing aopalliance-1.0-19.oe1
[ 1231s] [369/539] installing apache-commons-cli-1.4-6.oe1
[ 1232s] [370/539] installing apache-commons-collections-3.2.2-11.oe1
[ 1234s] [371/539] installing apache-commons-compress-1.17-6.oe1
[ 1237s] [372/539] installing apache-commons-lang-2.6-23.oe1
[ 1238s] [373/539] installing apache-commons-lang3-3.9-3.oe1
[ 1239s] [374/539] installing apache-ivy-2.4.0-17.oe1
[ 1247s] [375/539] installing apache-resource-bundles-2-23.oe1
[ 1249s] [376/539] installing atinject-1-31.oe1
[ 1250s] [377/539] installing avalon-logkit-2.1-32.oe1
[ 1251s] [378/539] installing base64coder-20101219-23.oe1
[ 1252s] [379/539] installing beust-jcommander-1.71-7.oe1
[ 1253s] [380/539] installing dain-snappy-0.4-7.oe1
[ 1254s] [381/539] installing extra166y-1.7.0-11.oe1
[ 1257s] [382/539] installing felix-utils-1.10.4-4.oe1
[ 1258s] [383/539] installing geronimo-annotation-1.0-25.oe1
[ 1259s] [384/539] installing glassfish-el-api-3.0.1-0.7.b09.oe1
[ 1260s] [385/539] installing guava20-20.0-8.fc29
[ 1263s] [386/539] installing hawtjni-runtime-1.16-4.oe1
[ 1264s] [387/539] installing httpcomponents-core-4.4.10-4.oe1
[ 1273s] [388/539] installing jboss-interceptors-1.2-api-1.0.0-9.oe1
[ 1275s] [389/539] installing jdom2-2.0.6-14.oe1
[ 1277s] [390/539] installing jzlib-1.1.3-11.oe1
[ 1278s] [391/539] installing maven-monitor-2.2.1-60.oe1
[ 1279s] [392/539] installing maven-resolver-api-1:1.1.1-3.oe1
[ 1280s] [393/539] installing multiverse-0.7.0-10.oe1
[ 1284s] [394/539] installing objenesis-2.6-4.oe1
[ 1287s] [395/539] installing osgi-annotation-7.0.0-1.oe1
[ 1288s] [396/539] installing osgi-compendium-7.0.0-1.oe1
[ 1290s] [397/539] installing osgi-core-7.0.0-1.oe1
[ 1292s] [398/539] installing plexus-cipher-1.7-16.oe1
[ 1293s] [399/539] installing plexus-classworlds-2.5.2-10.oe1
[ 1295s] [400/539] installing plexus-containers-component-annotations-1.7.1-7.oe1
[ 1296s] [401/539] installing plexus-interpolation-1.22-11.oe1
[ 1296s] [402/539] installing plexus-utils-3.1.0-4.oe1
[ 1298s] [403/539] installing qdox-2.0-5.M9.oe1
[ 1299s] [404/539] installing slf4j-1.7.25-8.oe1
[ 1300s] [405/539] installing xml-commons-apis-1.4.01-29.oe1
[ 1306s] [406/539] installing xmvn-api-3.0.0-25.oe1
[ 1308s] [407/539] installing xmvn-core-3.0.0-25.oe1
[ 1309s] [408/539] installing xpp3-1.1.4-21.oe1
[ 1310s] [409/539] installing xz-java-1.8-4.oe1
[ 1312s] [410/539] installing ecj-1:4.9-1.fc29
[ 1315s] [411/539] installing netty-tcnative-1.1.33-1.oe1
[ 1317s] [412/539] installing antlr-tool-2.7.7-60.oe1
[ 1318s] [413/539] installing javapackages-tools-5.3.0-3.oe1
[ 1320s] [414/539] installing gcc_secure-1.0-0.9.oe1
[ 1322s] [415/539] installing perl-File-Fetch-0.56-4.oe1
[ 1323s] [416/539] installing perl-devel-4:5.28.0-435.oe1
[ 1331s] [417/539] installing java-1.8.0-openjdk-1:1.8.0.181.b15-1.1.riscv64.fc29
[ 1333s] [418/539] installing apache-commons-codec-1.11-4.fc29
[ 1335s] [419/539] installing apache-commons-logging-1.2-14.fc29
[ 1336s] [420/539] installing avalon-framework-4.3-22.oe1
[ 1338s] [421/539] installing jansi-native-1.7-7.oe1
[ 1339s] [422/539] installing jcsp-1.1-0.13.oe1
[ 1348s] [423/539] installing kxml-2.3.0-19.oe1
[ 1349s] [424/539] installing maven-artifact-2.2.1-60.oe1
[ 1350s] [425/539] installing maven-model-2.2.1-60.oe1
[ 1351s] [426/539] installing maven-resolver-spi-1:1.1.1-3.oe1
[ 1352s] [427/539] installing maven-resolver-util-1:1.1.1-3.oe1
[ 1353s] [428/539] installing maven-wagon-provider-api-3.1.0-2.oe1
[ 1354s] [429/539] installing plexus-build-api-0.0.7-23.oe1
[ 1355s] [430/539] installing plexus-component-api-1.0-0.25.alpha16.oe1
[ 1356s] [431/539] installing xstream-1.4.9-8.fc29
[ 1358s] [432/539] installing log4j12-1.2.17-23.fc29
[ 1359s] [433/539] installing maven-invoker-2.2-9.oe1
[ 1361s] [434/539] installing netty3-3.10.6-5.fc29
[ 1363s] [435/539] installing objectweb-asm-7.0-1.oe1
[ 1364s] [436/539] installing plexus-sec-dispatcher-1.4-26.oe1
[ 1366s] [437/539] installing velocity-1.7-26.oe1
[ 1367s] [438/539] installing xml-commons-resolver-1.2-27.oe1
[ 1368s] [439/539] installing xmvn-connector-aether-3.0.0-25.oe1
[ 1369s] [440/539] installing cdi-api-1.2-9.oe1
[ 1371s] [441/539] installing felix-bundlerepository-2.0.10-6.oe1
[ 1372s] [442/539] installing google-guice-4.1-13.oe1
[ 1373s] [443/539] installing aqute-bndlib-3.5.0-4.fc29
[ 1375s] [444/539] installing xmvn-resolve-3.0.0-25.oe1
[ 1377s] [445/539] installing xmvn-subst-3.0.0-25.oe1
[ 1378s] [446/539] installing java-1.8.0-openjdk-devel-1:1.8.0.181.b15-1.1.riscv64.fc29
[ 1391s] [447/539] installing bsf-2.4.0-32.oe1
[ 1392s] [448/539] installing cglib-3.2.4-8.fc29
[ 1393s] [449/539] installing fontbox-2.0.9-2.fc29
[ 1395s] [450/539] installing apache-commons-configuration-1.10-13.oe1
[ 1397s] [451/539] installing jakarta-commons-httpclient-1:3.1-30.oe1
[ 1403s] [452/539] installing jansi-1.17.1-2.oe1
[ 1404s] [453/539] installing maven-dependency-tree-3.0-7.oe1
[ 1405s] [454/539] installing plexus-interactivity-api-1.0-0.27.alpha6.fc29
[ 1406s] [455/539] installing plexus-languages-0.9.10-4.oe1
[ 1408s] [456/539] installing snakeyaml-1.17-6.fc29
[ 1409s] [457/539] installing maven-resolver-impl-1:1.1.1-3.oe1
[ 1410s] [458/539] installing xmvn-mojo-3.0.0-25.oe1
[ 1412s] [459/539] installing httpcomponents-client-4.5.5-6.oe1
[ 1413s] [460/539] installing sisu-inject-1:0.3.3-5.oe1
[ 1419s] [461/539] installing xerces-j2-2.11.0-37.oe1
[ 1421s] [462/539] installing xmvn-install-3.0.0-25.oe1
[ 1422s] [463/539] installing jline-2.14.6-4.oe1
[ 1425s] [464/539] installing testng-6.14.3-6.oe1
[ 1427s] [465/539] installing easymock-3.5-4.fc29
[ 1428s] [466/539] installing xalan-j2-2.7.1-38.fc29
[ 1430s] [467/539] installing javapackages-local-5.3.0-3.oe1
[ 1432s] [468/539] installing groovy-lib-2.4.8-7.fc29
[ 1442s] [469/539] installing hamcrest-1.3-25.oe1
[ 1443s] [470/539] installing bsh-2.0-15.b6.oe1
[ 1445s] [471/539] installing gpars-1.2.1-12.fc29
[ 1446s] [472/539] installing scala-2.10.6-14.fc29
[ 1462s] [473/539] installing xbean-4.9-3.oe1
[ 1467s] [474/539] installing junit-1:4.12-14.oe1
[ 1469s] [475/539] installing parboiled-1.1.6-17.oe1
[ 1471s] [476/539] installing plexus-containers-container-default-1.7.1-7.oe1
[ 1472s] [477/539] installing apache-commons-io-1:2.6-7.oe1
[ 1473s] [478/539] installing maven-doxia-logging-api-1.7-12.oe1
[ 1474s] [479/539] installing pegdown-1.4.2-14.oe1
[ 1476s] [480/539] installing maven-plugin-registry-2.2.1-60.oe1
[ 1478s] [481/539] installing plexus-i18n-1.0-0.12.b10.6.oe1
[ 1479s] [482/539] installing plexus-resources-1.0-0.25.a7.oe1
[ 1479s] [483/539] installing plexus-cli-1.6-9.oe1
[ 1480s] [484/539] installing plexus-velocity-1.2-6.oe1
[ 1482s] [485/539] installing xmlunit-1.6-10.oe1
[ 1484s] [486/539] installing maven-profile-2.2.1-60.oe1
[ 1485s] [487/539] installing maven-settings-2.2.1-60.oe1
[ 1486s] [488/539] installing maven-doxia-sink-api-1.7-12.oe1
[ 1487s] [489/539] installing maven-shared-utils-3.2.1-2.oe1
[ 1488s] [490/539] installing plexus-io-3.0.0-4.oe1
[ 1489s] [491/539] installing xmlgraphics-commons-2.2-3.oe1
[ 1497s] [492/539] installing maven-reporting-api-3.0-17.oe1
[ 1498s] [493/539] installing maven-verifier-1.6-8.oe1
[ 1500s] [494/539] installing batik-1.10-2.fc29
[ 1507s] [495/539] installing plexus-archiver-3.6.0-3.oe1
[ 1510s] [496/539] installing maven-doxia-core-1.7-12.oe1
[ 1511s] [497/539] installing maven-lib-1:3.5.4-8.oe1
[ 1514s] [498/539] installing maven-artifact-resolver-1:1.0-21.oe1
[ 1515s] [499/539] installing batik-css-1.10-2.fc29
[ 1516s] [500/539] installing maven-common-artifact-filters-3.0.1-7.oe1
[ 1519s] [501/539] installing maven-enforcer-api-1.4.1-11.oe1
[ 1520s] [502/539] installing maven-plugin-testing-harness-3.3.0-14.oe1
[ 1521s] [503/539] installing maven-shared-incremental-1.1-16.oe1
[ 1523s] [504/539] installing maven-doxia-module-apt-1.7-12.oe1
[ 1524s] [505/539] installing maven-doxia-module-fml-1.7-12.oe1
[ 1525s] [506/539] installing maven-doxia-module-xdoc-1.7-12.oe1
[ 1526s] [507/539] installing maven-doxia-module-xhtml-1.7-12.oe1
[ 1527s] [508/539] installing maven-artifact-manager-2.2.1-60.oe1
[ 1528s] [509/539] installing maven-filtering-3.1.1-7.oe1
[ 1530s] [510/539] installing maven-archiver-3.2.0-5.oe1
[ 1531s] [511/539] installing fop-2.2-2.fc29
[ 1536s] [512/539] installing xmvn-minimal-3.0.0-25.oe1
[ 1537s] [513/539] installing maven-jar-plugin-3.1.0-3.oe1
[ 1539s] [514/539] installing maven-resources-plugin-3.1.0-4.oe1
[ 1540s] [515/539] installing maven-doxia-module-markdown-1.7-12.oe1
[ 1541s] [516/539] installing maven-artifact-transfer-1:0.9.0-7.oe1
[ 1542s] [517/539] installing maven-doxia-module-fo-1.7-12.oe1
[ 1543s] [518/539] installing maven-project-2.2.1-60.oe1
[ 1545s] [519/539] installing maven-plugin-build-helper-1.9.1-10.oe1
[ 1546s] [520/539] installing maven-enforcer-rules-1.4.1-11.oe1
[ 1547s] [521/539] installing plexus-containers-component-metadata-1.7.1-7.oe1
[ 1548s] [522/539] installing maven-remote-resources-plugin-1.5-4.oe1
[ 1549s] [523/539] installing maven-doxia-sitetools-1.7.5-5.oe1
[ 1552s] [524/539] installing maven-enforcer-plugin-1.4.1-11.oe1
[ 1553s] [525/539] installing maven-reporting-impl-3.0.0-5.oe1
[ 1554s] [526/539] installing maven-javadoc-plugin-3.0.1-3.oe1
[ 1555s] [527/539] installing plexus-pom-5.0-4.oe1
[ 1557s] [528/539] installing apache-parent-19-5.oe1
[ 1558s] [529/539] installing maven-plugin-bundle-3.5.0-5.oe1
[ 1559s] [530/539] installing maven-parent-27-7.oe1
[ 1561s] [531/539] installing plexus-components-pom-1.3.1-14.oe1
[ 1563s] [532/539] installing plexus-compiler-2.8.2-4.oe1
[ 1565s] [533/539] installing maven-plugin-tools-3.5.1-7.oe1
[ 1569s] [534/539] installing maven-compiler-plugin-3.8.0-2.oe1
[ 1570s] [535/539] installing maven-surefire-2.22.0-6.oe1
[ 1572s] [536/539] installing maven-surefire-plugin-2.22.0-6.oe1
[ 1573s] [537/539] installing maven-surefire-provider-junit-2.22.0-6.oe1
[ 1574s] [538/539] installing maven-surefire-provider-testng-2.22.0-6.oe1
[ 1575s] [539/539] installing maven-local-5.3.0-3.oe1
[ 1577s] removing nis flags from /var/cache/obs/worker/root_2/etc/nsswitch.conf...
[ 1578s] now finalizing build dir...
[ 1590s] Running build time source services...
[ 1603s] -----------------------------------------------------------------
[ 1603s] ----- building easymock.spec (user abuild)
[ 1603s] -----------------------------------------------------------------
[ 1603s] -----------------------------------------------------------------
[ 1610s] + exec rpmbuild -ba --define '_srcdefattr (-,root,root)' --nosignature --define 'disturl obs://private/openEuler:Mainline:RISC-V/advanced_riscv64/9f3b9990d99b42542707af18128dbdaa-easymock' /home/abuild/rpmbuild/SOURCES/easymock.spec
[ 1611s] Executing(%prep): /bin/sh -e /var/tmp/rpm-tmp.j5jMyJ
[ 1611s] + umask 022
[ 1611s] + cd /home/abuild/rpmbuild/BUILD
[ 1611s] + cd /home/abuild/rpmbuild/BUILD
[ 1611s] + rm -rf easymock-easymock-3.6
[ 1611s] + /usr/bin/gzip -dc /home/abuild/rpmbuild/SOURCES/easymock-3.6.tar.gz
[ 1611s] + /usr/bin/tar -xof -
[ 1612s] + STATUS=0
[ 1612s] + '[' 0 -ne 0 ']'
[ 1612s] + cd easymock-easymock-3.6
[ 1612s] + /usr/bin/chmod -Rf a+rX,u+w,g-w,o-w .
[ 1612s] + /usr/bin/cat /home/abuild/rpmbuild/SOURCES/0001-Disable-android-support.patch
[ 1612s] + /usr/bin/patch -p1 -s --fuzz=0 --no-backup-if-mismatch
[ 1612s] + /usr/bin/cat /home/abuild/rpmbuild/SOURCES/0002-Unshade-cglib-and-asm.patch
[ 1612s] + /usr/bin/patch -p1 -s --fuzz=0 --no-backup-if-mismatch
[ 1612s] + /usr/bin/cat /home/abuild/rpmbuild/SOURCES/0003-Fix-OSGi-manifest.patch
[ 1612s] + /usr/bin/patch -p1 -s --fuzz=0 --no-backup-if-mismatch
[ 1612s] + find -name '*.jar' -delete
[ 1612s] + find -name '*.class' -delete
[ 1612s] + rm -rf website/404.html website/CNAME website/Gemfile website/Gemfile.lock website/LICENSE website/_config.yml website/_includes website/_layouts website/api website/contributors.html website/css website/easymock.sublime-project website/easymock.sublime-workspace website/favicon.ico website/fonts website/getting-started.html website/googlefda9c590a38fa17b.html website/img website/index.html website/js website/license.html website/news.html website/resources.html website/robots.txt website/support.html website/user-guide.html
[ 1613s] + /usr/bin/python3 /usr/share/java-utils/pom_editor.py pom_remove_plugin :maven-license-plugin
[ 1615s] + /usr/bin/python3 /usr/share/java-utils/pom_editor.py pom_remove_plugin :maven-timestamp-plugin
[ 1616s] + /usr/bin/python3 /usr/share/java-utils/pom_editor.py pom_remove_plugin :maven-enforcer-plugin
[ 1618s] + /usr/bin/python3 /usr/share/java-utils/pom_editor.py pom_remove_plugin :animal-sniffer-maven-plugin
[ 1620s] + /usr/bin/python3 /usr/share/java-utils/pom_editor.py pom_remove_plugin :animal-sniffer-maven-plugin core
[ 1622s] + rm core/src/main/java/org/easymock/internal/AndroidClassProxyFactory.java core/src/main/java/org/easymock/internal/AndroidSupport.java
[ 1622s] + rm core/src/test/java/org/easymock/tests2/ClassExtensionHelperTest.java
[ 1622s] + /usr/bin/python3 /usr/share/java-utils/pom_editor.py pom_disable_module test-android
[ 1624s] + /usr/bin/python3 /usr/share/java-utils/pom_editor.py pom_remove_dep :dexmaker core
[ 1625s] + /usr/bin/python3 /usr/share/java-utils/pom_editor.py pom_disable_module test-nodeps
[ 1628s] + /usr/bin/python3 /usr/share/java-utils/pom_editor.py pom_remove_plugin :maven-shade-plugin core
[ 1630s] + /usr/bin/python3 /usr/share/java-utils/pom_editor.py pom_disable_module test-integration
[ 1632s] + /usr/bin/python3 /usr/share/java-utils/pom_editor.py pom_disable_module test-osgi
[ 1633s] + /usr/bin/python3 /usr/share/java-utils/pom_editor.py pom_remove_plugin org.codehaus.mojo:versions-maven-plugin
[ 1635s] + /usr/bin/python3 /usr/share/java-utils/mvn_file.py ':easymock{*}' easymock@1 easymock3@1
[ 1637s] + /usr/bin/python3 /usr/share/java-utils/pom_editor.py pom_xpath_remove pom:extensions
[ 1638s] + RPM_EC=0
[ 1638s] ++ jobs -p
[ 1638s] + exit 0
[ 1639s] Executing(%build): /bin/sh -e /var/tmp/rpm-tmp.zdMxKL
[ 1639s] + umask 022
[ 1639s] + cd /home/abuild/rpmbuild/BUILD
[ 1639s] + cd easymock-easymock-3.6
[ 1639s] + /usr/bin/python3 /usr/share/java-utils/mvn_build.py
[ 1641s] Executing: xmvn --batch-mode --offline verify org.fedoraproject.xmvn:xmvn-mojo:install org.apache.maven.plugins:maven-javadoc-plugin:aggregate org.fedoraproject.xmvn:xmvn-mojo:builddep
[ 1641s] ['xmvn', '--batch-mode', '--offline', 'verify', 'org.fedoraproject.xmvn:xmvn-mojo:install', 'org.apache.maven.plugins:maven-javadoc-plugin:aggregate', 'org.fedoraproject.xmvn:xmvn-mojo:builddep']
[ 1700s] [INFO] Scanning for projects...
[ 1765s] [INFO] ------------------------------------------------------------------------
[ 1765s] [INFO] Reactor Build Order:
[ 1765s] [INFO] 
[ 1765s] [INFO] EasyMock Parent                                                    [pom]
[ 1765s] [INFO] EasyMock                                                           [jar]
[ 1765s] [INFO] EasyMock Test TestNG                                               [jar]
[ 1765s] [INFO] EasyMock Test Java 8                                               [jar]
[ 1785s] [INFO] 
[ 1785s] [INFO] --------------------< org.easymock:easymock-parent >--------------------
[ 1785s] [INFO] Building EasyMock Parent 3.6                                       [1/4]
[ 1785s] [INFO] --------------------------------[ pom ]---------------------------------
[ 1787s] [INFO] 
[ 1787s] [INFO] --- maven-remote-resources-plugin:1.5:process (default) @ easymock-parent ---
[ 1809s] [INFO] 
[ 1809s] [INFO] -----------------------< org.easymock:easymock >------------------------
[ 1809s] [INFO] Building EasyMock 3.6                                              [2/4]
[ 1809s] [INFO] --------------------------------[ jar ]---------------------------------
[ 1821s] [INFO] 
[ 1821s] [INFO] --- maven-remote-resources-plugin:1.5:process (default) @ easymock ---
[ 1839s] [INFO] 
[ 1839s] [INFO] --- maven-resources-plugin:3.1.0:resources (default-resources) @ easymock ---
[ 1844s] [INFO] Using 'ISO-8859-1' encoding to copy filtered resources.
[ 1844s] [INFO] skip non existing resourceDirectory /home/abuild/rpmbuild/BUILD/easymock-easymock-3.6/core/src/main/resources
[ 1844s] [INFO] Copying 5 resources
[ 1845s] [INFO] 
[ 1845s] [INFO] --- maven-compiler-plugin:3.8.0:compile (default-compile) @ easymock ---
[ 1854s] [INFO] Changes detected - recompiling the module!
[ 1854s] [INFO] Compiling 82 source files to /home/abuild/rpmbuild/BUILD/easymock-easymock-3.6/core/target/classes
[ 1958s] [INFO] 
[ 1958s] [INFO] --- maven-bundle-plugin:3.5.0:manifest (bundle-manifest) @ easymock ---
[ 2001s] [INFO] 
[ 2001s] [INFO] --- build-helper-maven-plugin:1.9.1:add-test-source (default) @ easymock ---
[ 2007s] [INFO] Test Source directory: /home/abuild/rpmbuild/BUILD/easymock-easymock-3.6/core/src/samples/java added.
[ 2007s] [INFO] 
[ 2007s] [INFO] --- maven-resources-plugin:3.1.0:testResources (default-testResources) @ easymock ---
[ 2008s] [INFO] Using 'ISO-8859-1' encoding to copy filtered resources.
[ 2008s] [INFO] skip non existing resourceDirectory /home/abuild/rpmbuild/BUILD/easymock-easymock-3.6/core/src/test/resources
[ 2008s] [INFO] Copying 5 resources
[ 2008s] [INFO] 
[ 2008s] [INFO] --- maven-compiler-plugin:3.8.0:testCompile (default-testCompile) @ easymock ---
[ 2010s] [INFO] Changes detected - recompiling the module!
[ 2010s] [INFO] Compiling 99 source files to /home/abuild/rpmbuild/BUILD/easymock-easymock-3.6/core/target/test-classes
[ 2170s] [INFO] 
[ 2170s] [INFO] --- maven-surefire-plugin:2.22.0:test (default-test) @ easymock ---
[ 2193s] [INFO] 
[ 2193s] [INFO] -------------------------------------------------------
[ 2193s] [INFO]  T E S T S
[ 2193s] [INFO] -------------------------------------------------------
[ 2209s] [INFO] Running org.easymock.tests2.CallbackAndArgumentsTest
[ 2210s] [INFO] Tests run: 3, Failures: 0, Errors: 0, Skipped: 0, Time elapsed: 0.359 s - in org.easymock.tests2.CallbackAndArgumentsTest
[ 2210s] [INFO] Running org.easymock.tests2.NiceMockTest
[ 2211s] [INFO] Tests run: 4, Failures: 0, Errors: 0, Skipped: 0, Time elapsed: 0.07 s - in org.easymock.tests2.NiceMockTest
[ 2211s] [INFO] Running org.easymock.tests2.NameTest
[ 2213s] [INFO] Tests run: 5, Failures: 0, Errors: 0, Skipped: 0, Time elapsed: 0.083 s - in org.easymock.tests2.NameTest
[ 2213s] [INFO] Running org.easymock.tests2.MocksControlTest
[ 2215s] [INFO] Tests run: 10, Failures: 0, Errors: 0, Skipped: 0, Time elapsed: 1.129 s - in org.easymock.tests2.MocksControlTest
[ 2215s] [INFO] Running org.easymock.tests2.EasyMockClassExtensionTest
[ 2217s] [INFO] Tests run: 17, Failures: 0, Errors: 0, Skipped: 0, Time elapsed: 0.965 s - in org.easymock.tests2.EasyMockClassExtensionTest
[ 2217s] [INFO] Running org.easymock.tests2.ThreadingTest
[ 2219s] [INFO] Tests run: 6, Failures: 0, Errors: 0, Skipped: 0, Time elapsed: 0.101 s - in org.easymock.tests2.ThreadingTest
[ 2219s] [INFO] Running org.easymock.tests2.EasyMockSupportClassTest
[ 2220s] [INFO] Tests run: 13, Failures: 0, Errors: 0, Skipped: 0, Time elapsed: 0.247 s - in org.easymock.tests2.EasyMockSupportClassTest
[ 2220s] [INFO] Running org.easymock.tests2.SerializationTest
[ 2222s] [WARNING] Tests run: 4, Failures: 0, Errors: 0, Skipped: 1, Time elapsed: 0.081 s - in org.easymock.tests2.SerializationTest
[ 2222s] [INFO] Running org.easymock.tests2.EasyMockPropertiesTest
[ 2223s] [INFO] Tests run: 6, Failures: 0, Errors: 0, Skipped: 0, Time elapsed: 0.121 s - in org.easymock.tests2.EasyMockPropertiesTest
[ 2223s] [INFO] Running org.easymock.tests2.ConstructorArgsTest
[ 2224s] [INFO] Tests run: 9, Failures: 0, Errors: 0, Skipped: 0, Time elapsed: 0.162 s - in org.easymock.tests2.ConstructorArgsTest
[ 2224s] [INFO] Running org.easymock.tests2.CompareToTest
[ 2225s] [INFO] Tests run: 6, Failures: 0, Errors: 0, Skipped: 0, Time elapsed: 0.124 s - in org.easymock.tests2.CompareToTest
[ 2225s] [INFO] Running org.easymock.tests2.MockedExceptionTest
[ 2227s] [INFO] Tests run: 4, Failures: 0, Errors: 0, Skipped: 0, Time elapsed: 0.113 s - in org.easymock.tests2.MockedExceptionTest
[ 2227s] [INFO] Running org.easymock.tests2.EasyMockRunnerTest
[ 2228s] [INFO] Tests run: 14, Failures: 0, Errors: 0, Skipped: 0, Time elapsed: 0.245 s - in org.easymock.tests2.EasyMockRunnerTest
[ 2228s] [INFO] Running org.easymock.tests2.MockBuilderTest
[ 2230s] [INFO] Tests run: 27, Failures: 0, Errors: 0, Skipped: 0, Time elapsed: 0.383 s - in org.easymock.tests2.MockBuilderTest
[ 2230s] [INFO] Running org.easymock.tests2.PartialMockingTest
[ 2231s] [INFO] Tests run: 5, Failures: 0, Errors: 0, Skipped: 0, Time elapsed: 0.105 s - in org.easymock.tests2.PartialMockingTest
[ 2231s] [INFO] Running org.easymock.tests2.CallbackTest
[ 2232s] [INFO] Tests run: 1, Failures: 0, Errors: 0, Skipped: 0, Time elapsed: 0.042 s - in org.easymock.tests2.CallbackTest
[ 2233s] [INFO] Running org.easymock.tests2.UsageMatchersTest
[ 2234s] [INFO] Tests run: 2, Failures: 0, Errors: 0, Skipped: 0, Time elapsed: 0.064 s - in org.easymock.tests2.UsageMatchersTest
[ 2234s] [INFO] Running org.easymock.tests2.UsageConstraintsTest
[ 2236s] [INFO] Tests run: 29, Failures: 0, Errors: 0, Skipped: 0, Time elapsed: 0.396 s - in org.easymock.tests2.UsageConstraintsTest
[ 2236s] [INFO] Running org.easymock.tests2.DelegateToTest
[ 2237s] [INFO] Tests run: 7, Failures: 0, Errors: 0, Skipped: 0, Time elapsed: 0.116 s - in org.easymock.tests2.DelegateToTest
[ 2237s] [INFO] Running org.easymock.tests2.CaptureTest
[ 2238s] [INFO] Tests run: 18, Failures: 0, Errors: 0, Skipped: 0, Time elapsed: 0.29 s - in org.easymock.tests2.CaptureTest
[ 2238s] [INFO] Running org.easymock.tests2.ReflectionUtilsTest
[ 2240s] [INFO] Tests run: 18, Failures: 0, Errors: 0, Skipped: 0, Time elapsed: 0.287 s - in org.easymock.tests2.ReflectionUtilsTest
[ 2240s] [INFO] Running org.easymock.tests2.EasyMockRuleTest
[ 2242s] [INFO] Tests run: 14, Failures: 0, Errors: 0, Skipped: 0, Time elapsed: 0.236 s - in org.easymock.tests2.EasyMockRuleTest
[ 2242s] [INFO] Running org.easymock.tests2.ConstraintsToStringTest
[ 2243s] [INFO] Tests run: 20, Failures: 0, Errors: 0, Skipped: 0, Time elapsed: 0.373 s - in org.easymock.tests2.ConstraintsToStringTest
[ 2244s] [INFO] Running org.easymock.tests2.AnswerTest
[ 2245s] [INFO] Tests run: 6, Failures: 0, Errors: 0, Skipped: 0, Time elapsed: 0.093 s - in org.easymock.tests2.AnswerTest
[ 2245s] [INFO] Running org.easymock.tests2.StubTest
[ 2246s] [INFO] Tests run: 2, Failures: 0, Errors: 0, Skipped: 0, Time elapsed: 0.048 s - in org.easymock.tests2.StubTest
[ 2246s] [INFO] Running org.easymock.tests2.EasyMockSupportTest
[ 2247s] [INFO] Tests run: 16, Failures: 0, Errors: 0, Skipped: 0, Time elapsed: 0.24 s - in org.easymock.tests2.EasyMockSupportTest
[ 2247s] [INFO] Running org.easymock.tests2.UsageStrictMockTest
[ 2249s] [INFO] Tests run: 7, Failures: 0, Errors: 0, Skipped: 0, Time elapsed: 0.135 s - in org.easymock.tests2.UsageStrictMockTest
[ 2249s] [INFO] Running org.easymock.tests2.UsageTest
[ 2250s] [INFO] Tests run: 13, Failures: 0, Errors: 0, Skipped: 0, Time elapsed: 0.17 s - in org.easymock.tests2.UsageTest
[ 2250s] [INFO] Running org.easymock.tests.UsageVerifyTest
[ 2251s] [INFO] Tests run: 8, Failures: 0, Errors: 0, Skipped: 0, Time elapsed: 0.123 s - in org.easymock.tests.UsageVerifyTest
[ 2251s] [INFO] Running org.easymock.tests.LimitationsTest
[ 2252s] [INFO] Tests run: 4, Failures: 0, Errors: 0, Skipped: 0, Time elapsed: 0.076 s - in org.easymock.tests.LimitationsTest
[ 2252s] [INFO] Running org.easymock.tests.UsageTest
[ 2254s] [INFO] Tests run: 13, Failures: 0, Errors: 0, Skipped: 0, Time elapsed: 0.198 s - in org.easymock.tests.UsageTest
[ 2254s] [INFO] Running org.easymock.tests.MockNameTest
[ 2255s] [INFO] Tests run: 1, Failures: 0, Errors: 0, Skipped: 0, Time elapsed: 0.041 s - in org.easymock.tests.MockNameTest
[ 2255s] [INFO] Running org.easymock.tests.UsageOverloadedDefaultValueTest
[ 2256s] [INFO] Tests run: 2, Failures: 0, Errors: 0, Skipped: 0, Time elapsed: 0.066 s - in org.easymock.tests.UsageOverloadedDefaultValueTest
[ 2256s] [INFO] Running org.easymock.tests.UsageDefaultReturnValueTest
[ 2257s] [INFO] Tests run: 5, Failures: 0, Errors: 0, Skipped: 0, Time elapsed: 0.108 s - in org.easymock.tests.UsageDefaultReturnValueTest
[ 2257s] [INFO] Running org.easymock.tests.UsageUnorderedTest
[ 2258s] [INFO] Tests run: 1, Failures: 0, Errors: 0, Skipped: 0, Time elapsed: 0.043 s - in org.easymock.tests.UsageUnorderedTest
[ 2258s] [INFO] Running org.easymock.tests.NiceMockControlLongCompatibleReturnValueTest
[ 2260s] [INFO] Tests run: 5, Failures: 0, Errors: 0, Skipped: 0, Time elapsed: 0.159 s - in org.easymock.tests.NiceMockControlLongCompatibleReturnValueTest
[ 2260s] [INFO] Running org.easymock.tests.InvocationTest
[ 2261s] [INFO] Tests run: 4, Failures: 0, Errors: 0, Skipped: 0, Time elapsed: 0.082 s - in org.easymock.tests.InvocationTest
[ 2261s] [INFO] Running org.easymock.tests.CglibTest
[ 2262s] [INFO] Tests run: 2, Failures: 0, Errors: 0, Skipped: 0, Time elapsed: 0.047 s - in org.easymock.tests.CglibTest
[ 2262s] [INFO] Running org.easymock.tests.NiceMockControlTest
[ 2263s] [INFO] Tests run: 4, Failures: 0, Errors: 0, Skipped: 0, Time elapsed: 0.087 s - in org.easymock.tests.NiceMockControlTest
[ 2263s] [INFO] Running org.easymock.tests.RecordStateInvalidDefaultThrowableTest
[ 2264s] [INFO] Tests run: 3, Failures: 0, Errors: 0, Skipped: 0, Time elapsed: 0.095 s - in org.easymock.tests.RecordStateInvalidDefaultThrowableTest
[ 2264s] [INFO] Running org.easymock.tests.UsageRangeTest
[ 2266s] [INFO] Tests run: 4, Failures: 0, Errors: 0, Skipped: 0, Time elapsed: 0.076 s - in org.easymock.tests.UsageRangeTest
[ 2266s] [INFO] Running org.easymock.tests.ConstructorTest
[ 2267s] [INFO] Tests run: 1, Failures: 0, Errors: 0, Skipped: 0, Time elapsed: 0.044 s - in org.easymock.tests.ConstructorTest
[ 2267s] [INFO] Running org.easymock.tests.RecordStateInvalidRangeTest
[ 2268s] [INFO] Tests run: 5, Failures: 0, Errors: 0, Skipped: 0, Time elapsed: 0.107 s - in org.easymock.tests.RecordStateInvalidRangeTest
[ 2268s] [INFO] Running org.easymock.tests.ErrorMessageTest
[ 2269s] [INFO] Tests run: 4, Failures: 0, Errors: 0, Skipped: 0, Time elapsed: 0.081 s - in org.easymock.tests.ErrorMessageTest
[ 2269s] [INFO] Running org.easymock.tests.RecordStateInvalidThrowableTest
[ 2270s] [INFO] Tests run: 3, Failures: 0, Errors: 0, Skipped: 0, Time elapsed: 0.085 s - in org.easymock.tests.RecordStateInvalidThrowableTest
[ 2270s] [INFO] Running org.easymock.tests.RecordStateInvalidUsageTest
[ 2271s] [INFO] Tests run: 3, Failures: 0, Errors: 0, Skipped: 0, Time elapsed: 0.082 s - in org.easymock.tests.RecordStateInvalidUsageTest
[ 2271s] [INFO] Running org.easymock.tests.ReplayStateInvalidUsageTest
[ 2273s] [INFO] Tests run: 14, Failures: 0, Errors: 0, Skipped: 0, Time elapsed: 0.232 s - in org.easymock.tests.ReplayStateInvalidUsageTest
[ 2273s] [INFO] Running org.easymock.tests.FinalEqualsTest
[ 2274s] [INFO] Tests run: 1, Failures: 0, Errors: 0, Skipped: 0, Time elapsed: 0.045 s - in org.easymock.tests.FinalEqualsTest
[ 2274s] [INFO] 
[ 2274s] [INFO] ------------------------------------------------------------------------
[ 2274s] [INFO] Skipping EasyMock Parent
[ 2274s] [INFO] This project has been banned from the build due to previous failures.
[ 2274s] [INFO] ------------------------------------------------------------------------
[ 2274s] [INFO] ------------------------------------------------------------------------
[ 2274s] [INFO] Reactor Summary:
[ 2274s] [INFO] 
[ 2274s] [INFO] EasyMock Parent 3.6 ................................ SUCCESS [ 23.533 s]
[ 2274s] [INFO] EasyMock ........................................... FAILURE [07:45 min]
[ 2274s] [INFO] EasyMock Test TestNG ............................... SKIPPED
[ 2274s] [INFO] EasyMock Test Java 8 3.6 ........................... SKIPPED
[ 2274s] [INFO] ------------------------------------------------------------------------
[ 2275s] [INFO] BUILD FAILURE
[ 2275s] [INFO] ------------------------------------------------------------------------
[ 2275s] [INFO] Total time: 09:36 min
[ 2275s] [INFO] Finished at: 2022-03-27T18:09:00Z
[ 2275s] [INFO] ------------------------------------------------------------------------
[ 2276s] [ERROR] Failed to execute goal org.apache.maven.plugins:maven-surefire-plugin:2.22.0:test (default-test) on project easymock: Execution default-test of goal org.apache.maven.plugins:maven-surefire-plugin:2.22.0:test failed. ConcurrentModificationException -> [Help 1]
[ 2276s] [ERROR] 
[ 2276s] [ERROR] To see the full stack trace of the errors, re-run Maven with the -e switch.
[ 2276s] [ERROR] Re-run Maven using the -X switch to enable full debug logging.
[ 2276s] [ERROR] 
[ 2276s] [ERROR] For more information about the errors and possible solutions, please read the following articles:
[ 2276s] [ERROR] [Help 1] http://cwiki.apache.org/confluence/display/MAVEN/PluginExecutionException
[ 2276s] [ERROR] 
[ 2276s] [ERROR] After correcting the problems, you can resume the build with the command
[ 2276s] [ERROR]   mvn <goals> -rf :easymock
[ 2278s] error: Bad exit status from /var/tmp/rpm-tmp.zdMxKL (%build)
[ 2278s] 
[ 2278s] 
[ 2278s] RPM build errors:
[ 2278s]     Bad exit status from /var/tmp/rpm-tmp.zdMxKL (%build)
[ 2279s] 
[ 2279s] oe-RISCV-worker8 failed "build easymock.spec" at Sun Mar 27 18:09:04 UTC 2022.
[ 2279s] 
