[    0s] Memory limit set to 10955196KB
[    0s] Using BUILD_ROOT=/var/cache/obs/worker/root_1
[    0s] Using BUILD_ARCH=riscv64
[    0s] 
[    3s] 
[    3s] oe-RISCV-worker24 started "build _service:extract_file:icu4j.spec" at Mon Mar 28 02:54:43 UTC 2022.
[    3s] 
[    3s] Building icu4j for project 'openEuler:Mainline:RISC-V' repository 'advanced_riscv64' arch 'riscv64' srcmd5 '1993eeff22a5d9b9564e25722a368cef'
[    3s] 
[    4s] processing recipe /var/cache/obs/worker/root_1/.build-srcdir/_service:extract_file:icu4j.spec ...
[    7s] running changelog2spec --target rpm --file /var/cache/obs/worker/root_1/.build-srcdir/_service:extract_file:icu4j.spec
[    7s] init_buildsystem --configdir /var/run/obs/worker/1/build/configs --cachedir /var/cache/build --clean --rpmlist /var/cache/obs/worker/root_1/.build.rpmlist /var/cache/obs/worker/root_1/.build-srcdir/_service:extract_file:icu4j.spec build ...
[   97s] cycle: bash -> coreutils
[   97s]   breaking dependency coreutils -> bash
[   97s] cycle: bash -> coreutils -> info
[   97s]   breaking dependency coreutils -> info
[   97s] cycle: glibc -> filesystem -> bash -> coreutils
[   97s]   breaking dependency filesystem -> bash
[   97s] cycle: glibc -> filesystem -> coreutils
[   97s]   breaking dependency coreutils -> glibc
[   97s] cycle: glibc -> filesystem -> coreutils -> libacl
[   97s]   breaking dependency coreutils -> libacl
[   97s] cycle: glibc -> filesystem -> coreutils -> attr
[   97s]   breaking dependency coreutils -> attr
[   97s] cycle: coreutils -> libcap -> bash
[   97s]   breaking dependency coreutils -> libcap
[   97s] cycle: glibc -> filesystem -> coreutils -> openssl-libs
[   97s]   breaking dependency coreutils -> openssl-libs
[   97s] cycle: glibc -> filesystem -> coreutils -> libselinux
[   97s]   breaking dependency libselinux -> glibc
[   97s] cycle: glibc -> filesystem -> coreutils -> libselinux -> pcre2
[   97s]   breaking dependency pcre2 -> glibc
[   97s] cycle: glibc -> filesystem -> coreutils -> libselinux -> pcre2 -> readline
[   97s]   breaking dependency readline -> glibc
[   97s] cycle: glibc -> filesystem -> coreutils -> libselinux -> pcre2 -> readline -> ncurses-libs
[   97s]   breaking dependency coreutils -> libselinux
[   97s] cycle: glibc -> filesystem -> coreutils -> ncurses
[   97s]   breaking dependency ncurses -> glibc
[   97s] cycle: glibc -> filesystem -> coreutils -> ncurses -> ncurses-libs
[   97s]   breaking dependency ncurses -> ncurses-libs
[   97s] cycle: filesystem -> coreutils -> ncurses -> libgcc
[   97s]   breaking dependency ncurses -> libgcc
[   97s] cycle: perl-Carp -> perl-libs
[   97s]   breaking dependency perl-libs -> perl-Carp
[   97s] cycle: perl-libs -> perl-Exporter
[   97s]   breaking dependency perl-libs -> perl-Exporter
[   97s] cycle: perl-Carp -> perl-Exporter
[   97s]   breaking dependency perl-Exporter -> perl-Carp
[   97s] cycle: nss-util -> nss
[   97s]   breaking dependency nss -> nss-util
[   97s] cycle: nss-softokn -> nss-util -> nss
[   97s]   breaking dependency nss -> nss-softokn
[   97s] cycle: systemd -> cryptsetup -> device-mapper
[   97s]   breaking dependency systemd -> cryptsetup
[   97s] cycle: audit -> systemd -> pam
[   97s]   breaking dependency systemd -> pam
[   98s] [1/84] preinstalling dbus...
[   98s] [2/84] preinstalling libffi-devel...
[   99s] [3/84] preinstalling nodejs-source-map...
[  100s] [4/84] preinstalling python3-pip...
[  104s] [5/84] preinstalling python3-setuptools_scm...
[  105s] [6/84] preinstalling ncurses...
[  111s] [7/84] preinstalling coreutils...
[  115s] [8/84] preinstalling filesystem...
[  118s] [9/84] preinstalling glibc...
[  121s] [10/84] preinstalling libgcc...
[  122s] [11/84] preinstalling diffutils...
[  123s] [12/84] preinstalling libcap-ng...
[  124s] [13/84] preinstalling libgpg-error...
[  125s] [14/84] preinstalling libpcap...
[  126s] [15/84] preinstalling libsmartcols...
[  127s] [16/84] preinstalling libuuid...
[  128s] [17/84] preinstalling libxcrypt...
[  129s] [18/84] preinstalling lz4...
[  130s] [19/84] preinstalling m4...
[  131s] [20/84] preinstalling ncurses-libs...
[  132s] [21/84] preinstalling nspr...
[  133s] [22/84] preinstalling xz-libs...
[  134s] [23/84] preinstalling zlib...
[  135s] [24/84] preinstalling attr...
[  136s] [25/84] preinstalling libdb...
[  140s] [26/84] preinstalling zstd...
[  142s] [27/84] preinstalling audit-libs...
[  143s] [28/84] preinstalling file...
[  144s] [29/84] preinstalling iptables-libs...
[  145s] [30/84] preinstalling libacl...
[  146s] [31/84] preinstalling libgcrypt...
[  147s] [32/84] preinstalling openssl-libs...
[  149s] [33/84] preinstalling readline...
[  150s] [34/84] preinstalling bash...
[  153s] [35/84] preinstalling cmake...
[  164s] [36/84] preinstalling perl-libs...
[  167s] [37/84] preinstalling dnf...
[  168s] [38/84] preinstalling pcre2...
[  169s] [39/84] preinstalling perl-Exporter...
[  170s] [40/84] preinstalling bzip2...
[  171s] [41/84] preinstalling elfutils...
[  173s] [42/84] preinstalling hostname...
[  173s] [43/84] preinstalling libcap...
[  174s] [44/84] preinstalling pcre...
[  175s] [45/84] preinstalling popt...
[  176s] [46/84] preinstalling acl...
[  177s] [47/84] preinstalling libblkid...
[  177s] [48/84] preinstalling openssl...
[  180s] [49/84] preinstalling sqlite...
[  181s] [50/84] preinstalling tar...
[  183s] [51/84] preinstalling info...
[  183s] [52/84] preinstalling libgcrypt-devel...
[  184s] [53/84] preinstalling lua...
[  185s] [54/84] preinstalling libselinux...
[  186s] [55/84] preinstalling perl-Carp...
[  186s] [56/84] preinstalling copy-jdk-configs...
[  187s] [57/84] preinstalling libfdisk...
[  188s] [58/84] preinstalling perl-Digest-MD5...
[  189s] [59/84] preinstalling grep...
[  190s] [60/84] preinstalling rpm-libs...
[  191s] [61/84] preinstalling chkconfig...
[  192s] [62/84] preinstalling sed...
[  193s] [63/84] preinstalling libmount...
[  194s] [64/84] preinstalling libsemanage...
[  195s] [65/84] preinstalling perl-constant...
[  196s] [66/84] preinstalling findutils...
[  197s] [67/84] preinstalling xz...
[  198s] [68/84] preinstalling perl-Getopt-Long...
[  198s] [69/84] preinstalling glib2...
[  202s] [70/84] preinstalling nss...
[  204s] [71/84] preinstalling perl-Data-Dumper...
[  205s] [72/84] preinstalling systemd-libs...
[  207s] [73/84] preinstalling systemd...
[  211s] [74/84] preinstalling dbus-libs...
[  212s] [75/84] preinstalling nss-util...
[  214s] [76/84] preinstalling audit...
[  214s] [77/84] preinstalling nss-softokn...
[  216s] [78/84] preinstalling pam...
[  217s] [79/84] preinstalling rpm...
[  219s] [80/84] preinstalling openEuler-rpm-config...
[  220s] [81/84] preinstalling util-linux...
[  224s] [82/84] preinstalling device-mapper...
[  225s] [83/84] preinstalling cryptsetup...
[  227s] [84/84] preinstalling lvm2...
[  230s] 
[  232s] initializing rpm db...
[  245s] reordering...cycle: bash -> coreutils
[  245s]   breaking dependency coreutils -> bash
[  245s] cycle: bash -> coreutils -> info
[  245s]   breaking dependency coreutils -> info
[  245s] cycle: glibc -> basesystem -> filesystem -> bash -> coreutils -> gmp
[  245s]   breaking dependency filesystem -> bash
[  245s] cycle: glibc -> basesystem -> filesystem -> coreutils -> gmp
[  245s]   breaking dependency coreutils -> gmp
[  245s] cycle: glibc -> basesystem -> filesystem -> coreutils
[  245s]   breaking dependency coreutils -> glibc
[  245s] cycle: glibc -> basesystem -> filesystem -> coreutils -> libacl
[  245s]   breaking dependency coreutils -> libacl
[  245s] cycle: glibc -> basesystem -> filesystem -> coreutils -> attr
[  245s]   breaking dependency coreutils -> attr
[  245s] cycle: coreutils -> libcap -> bash
[  245s]   breaking dependency coreutils -> libcap
[  245s] cycle: glibc -> basesystem -> filesystem -> coreutils -> openssl-libs
[  245s]   breaking dependency openssl-libs -> glibc
[  245s] cycle: coreutils -> openssl-libs -> ca-certificates -> bash
[  245s]   breaking dependency ca-certificates -> bash
[  245s] cycle: coreutils -> openssl-libs -> ca-certificates
[  245s]   breaking dependency ca-certificates -> coreutils
[  245s] cycle: coreutils -> openssl-libs -> ca-certificates -> grep -> bash
[  245s]   breaking dependency grep -> bash
[  245s] cycle: coreutils -> openssl-libs -> ca-certificates -> grep
[  245s]   breaking dependency ca-certificates -> grep
[  245s] cycle: glibc -> basesystem -> filesystem -> coreutils -> openssl-libs -> ca-certificates -> p11-kit
[  245s]   breaking dependency p11-kit -> glibc
[  245s] cycle: glibc -> basesystem -> filesystem -> coreutils -> openssl-libs -> ca-certificates -> p11-kit -> libffi
[  245s]   breaking dependency openssl-libs -> ca-certificates
[  245s] cycle: coreutils -> openssl-libs -> crypto-policies -> bash
[  245s]   breaking dependency crypto-policies -> bash
[  245s] cycle: coreutils -> openssl-libs -> crypto-policies
[  245s]   breaking dependency crypto-policies -> coreutils
[  245s] cycle: coreutils -> openssl-libs -> crypto-policies -> grep
[  245s]   breaking dependency grep -> coreutils
[  245s] cycle: glibc -> basesystem -> filesystem -> coreutils -> openssl-libs -> crypto-policies -> grep
[  245s]   breaking dependency glibc -> basesystem
[  245s] cycle: glibc -> glibc-common -> bash -> coreutils -> openssl-libs -> crypto-policies -> grep
[  245s]   breaking dependency glibc-common -> bash
[  245s] cycle: glibc -> glibc-common -> coreutils -> openssl-libs -> crypto-policies -> grep
[  245s]   breaking dependency glibc-common -> coreutils
[  245s] cycle: glibc -> glibc-common
[  245s]   breaking dependency glibc-common -> glibc
[  245s] cycle: glibc -> glibc-common -> libselinux
[  245s]   breaking dependency libselinux -> glibc
[  245s] cycle: glibc -> glibc-common -> libselinux -> pcre2
[  245s]   breaking dependency pcre2 -> glibc
[  245s] cycle: glibc -> glibc-common -> libselinux -> pcre2 -> readline
[  245s]   breaking dependency readline -> glibc
[  245s] cycle: glibc -> glibc-common -> libselinux -> pcre2 -> readline -> ncurses-libs
[  245s]   breaking dependency libselinux -> pcre2
[  245s] cycle: glibc -> glibc-common -> libselinux -> libsepol -> bash -> coreutils -> openssl-libs -> crypto-policies -> grep
[  245s]   breaking dependency bash -> coreutils
[  245s] cycle: glibc -> glibc-common -> libselinux -> libsepol -> bash -> filesystem -> coreutils -> openssl-libs -> crypto-policies -> grep
[  245s]   breaking dependency libsepol -> bash
[  245s] cycle: glibc -> glibc-common -> libselinux -> libsepol -> coreutils -> openssl-libs -> crypto-policies -> grep
[  245s]   breaking dependency coreutils -> openssl-libs
[  245s] cycle: libselinux -> libsepol -> coreutils
[  245s]   breaking dependency libsepol -> coreutils
[  245s] cycle: glibc -> glibc-common -> libselinux -> libsepol
[  245s]   breaking dependency glibc -> glibc-common
[  245s] cycle: glibc -> filesystem -> coreutils -> libselinux -> libsepol
[  245s]   breaking dependency filesystem -> coreutils
[  245s] cycle: filesystem -> setup
[  245s]   breaking dependency filesystem -> setup
[  245s] cycle: systemd -> cryptsetup -> device-mapper
[  245s]   breaking dependency systemd -> cryptsetup
[  245s] cycle: perl-libs -> perl-Carp
[  245s]   breaking dependency perl-libs -> perl-Carp
[  245s] cycle: perl-libs -> perl-Exporter
[  245s]   breaking dependency perl-libs -> perl-Exporter
[  245s] cycle: perl-Carp -> perl-Exporter
[  245s]   breaking dependency perl-Exporter -> perl-Carp
[  245s] cycle: perl -> perl-PathTools
[  245s]   breaking dependency perl -> perl-PathTools
[  245s] cycle: perl -> perl-ExtUtils-MakeMaker
[  245s]   breaking dependency perl -> perl-ExtUtils-MakeMaker
[  245s] cycle: perl -> perl-File-Path -> perl-PathTools
[  245s]   breaking dependency perl -> perl-File-Path
[  245s] cycle: perl -> perl-Getopt-Long -> perl-Pod-Usage
[  245s]   breaking dependency perl -> perl-Getopt-Long
[  245s] cycle: perl -> perl-Locale-Maketext
[  245s]   breaking dependency perl -> perl-Locale-Maketext
[  245s] cycle: perl -> perl-Pod-Simple
[  245s]   breaking dependency perl -> perl-Pod-Simple
[  245s] cycle: perl -> perl-Socket
[  245s]   breaking dependency perl -> perl-Socket
[  245s] cycle: perl -> perl-Storable
[  245s]   breaking dependency perl -> perl-Storable
[  245s] cycle: perl -> perl-Text-Tabs+Wrap
[  245s]   breaking dependency perl -> perl-Text-Tabs+Wrap
[  245s] cycle: perl -> perl-Time-Local -> perl-constant
[  245s]   breaking dependency perl -> perl-Time-Local
[  245s] cycle: perl -> perl-constant
[  245s]   breaking dependency perl -> perl-constant
[  245s] cycle: perl -> perl-threads
[  245s]   breaking dependency perl -> perl-threads
[  245s] cycle: perl -> perl-threads-shared
[  245s]   breaking dependency perl -> perl-threads-shared
[  245s] cycle: perl -> perl-Archive-Tar
[  245s]   breaking dependency perl -> perl-Archive-Tar
[  245s] cycle: perl -> perl-B-Debug
[  245s]   breaking dependency perl -> perl-B-Debug
[  245s] cycle: perl -> perl-CPAN-Meta -> perl-CPAN-Meta-Requirements
[  245s]   breaking dependency perl -> perl-CPAN-Meta
[  245s] cycle: perl -> perl-CPAN-Meta-Requirements
[  245s]   breaking dependency perl -> perl-CPAN-Meta-Requirements
[  245s] cycle: perl -> perl-CPAN-Meta-YAML
[  245s]   breaking dependency perl -> perl-CPAN-Meta-YAML
[  245s] cycle: perl -> perl-Compress-Raw-Bzip2
[  245s]   breaking dependency perl -> perl-Compress-Raw-Bzip2
[  245s] cycle: perl -> perl-Compress-Raw-Zlib
[  245s]   breaking dependency perl -> perl-Compress-Raw-Zlib
[  245s] cycle: perl -> perl-Config-Perl-V
[  245s]   breaking dependency perl -> perl-Config-Perl-V
[  245s] cycle: perl -> perl-DB_File
[  245s]   breaking dependency perl -> perl-DB_File
[  245s] cycle: perl -> perl-Data-Dumper
[  245s]   breaking dependency perl -> perl-Data-Dumper
[  245s] cycle: perl -> perl-Devel-PPPort
[  245s]   breaking dependency perl -> perl-Devel-PPPort
[  245s] cycle: perl -> perl-Digest -> perl-MIME-Base64
[  245s]   breaking dependency perl -> perl-Digest
[  245s] cycle: perl -> perl-Digest-MD5 -> perl-Digest -> perl-MIME-Base64
[  245s]   breaking dependency perl -> perl-Digest-MD5
[  245s] cycle: perl -> perl-Digest-SHA
[  245s]   breaking dependency perl -> perl-Digest-SHA
[  245s] cycle: perl -> perl-Encode
[  245s]   breaking dependency perl -> perl-Encode
[  245s] cycle: perl -> perl-Env
[  245s]   breaking dependency perl -> perl-Env
[  245s] cycle: perl -> perl-ExtUtils-Command
[  245s]   breaking dependency perl -> perl-ExtUtils-Command
[  245s] cycle: perl -> perl-ExtUtils-Install
[  245s]   breaking dependency perl -> perl-ExtUtils-Install
[  245s] cycle: perl -> perl-ExtUtils-Manifest
[  245s]   breaking dependency perl -> perl-ExtUtils-Manifest
[  245s] cycle: perl -> perl-ExtUtils-ParseXS
[  245s]   breaking dependency perl -> perl-ExtUtils-ParseXS
[  245s] cycle: perl -> perl-File-Fetch -> perl-PathTools
[  245s]   breaking dependency perl -> perl-File-Fetch
[  245s] cycle: perl -> perl-File-Temp -> perl-PathTools
[  245s]   breaking dependency perl -> perl-File-Temp
[  245s] cycle: perl -> perl-Filter
[  245s]   breaking dependency perl -> perl-Filter
[  245s] cycle: perl -> perl-Filter-Simple -> perl-Filter
[  245s]   breaking dependency perl -> perl-Filter-Simple
[  245s] cycle: perl -> perl-HTTP-Tiny
[  245s]   breaking dependency perl -> perl-HTTP-Tiny
[  245s] cycle: perl -> perl-IO-Compress
[  245s]   breaking dependency perl -> perl-IO-Compress
[  245s] cycle: perl -> perl-IO-Socket-IP
[  245s]   breaking dependency perl -> perl-IO-Socket-IP
[  245s] cycle: perl -> perl-IPC-Cmd -> perl-ExtUtils-MakeMaker
[  245s]   breaking dependency perl -> perl-IPC-Cmd
[  245s] cycle: perl -> perl-IPC-SysV
[  245s]   breaking dependency perl -> perl-IPC-SysV
[  245s] cycle: perl -> perl-JSON-PP
[  245s]   breaking dependency perl -> perl-JSON-PP
[  245s] cycle: perl -> perl-Locale-Codes -> perl-constant
[  245s]   breaking dependency perl -> perl-Locale-Codes
[  245s] cycle: perl -> perl-MIME-Base64
[  245s]   breaking dependency perl -> perl-MIME-Base64
[  245s] cycle: perl -> perl-Math-BigInt
[  245s]   breaking dependency perl -> perl-Math-BigInt
[  245s] cycle: perl -> perl-Math-BigInt-FastCalc -> perl-Math-BigInt
[  245s]   breaking dependency perl -> perl-Math-BigInt-FastCalc
[  245s] cycle: perl -> perl-Math-BigRat -> perl-Math-BigInt
[  245s]   breaking dependency perl -> perl-Math-BigRat
[  245s] cycle: perl -> perl-Module-CoreList
[  245s]   breaking dependency perl -> perl-Module-CoreList
[  245s] cycle: perl -> perl-Module-Load -> perl-PathTools
[  245s]   breaking dependency perl -> perl-Module-Load
[  245s] cycle: perl -> perl-Module-Load-Conditional
[  245s]   breaking dependency perl -> perl-Module-Load-Conditional
[  245s] cycle: perl -> perl-Module-Metadata
[  245s]   breaking dependency perl -> perl-Module-Metadata
[  245s] cycle: perl -> perl-Params-Check
[  245s]   breaking dependency perl -> perl-Params-Check
[  245s] cycle: perl -> perl-PerlIO-via-QuotedPrint -> perl-MIME-Base64
[  245s]   breaking dependency perl -> perl-PerlIO-via-QuotedPrint
[  245s] cycle: perl -> perl-Pod-Checker
[  245s]   breaking dependency perl -> perl-Pod-Checker
[  245s] cycle: perl -> perl-Pod-Escapes
[  245s]   breaking dependency perl -> perl-Pod-Escapes
[  245s] cycle: perl -> perl-Pod-Parser
[  245s]   breaking dependency perl -> perl-Pod-Parser
[  245s] cycle: perl -> perl-Pod-Perldoc
[  245s]   breaking dependency perl -> perl-Pod-Perldoc
[  245s] cycle: perl -> perl-Pod-Usage
[  245s]   breaking dependency perl -> perl-Pod-Usage
[  245s] cycle: perl -> perl-Sys-Syslog
[  245s]   breaking dependency perl -> perl-Sys-Syslog
[  245s] cycle: perl -> perl-Term-Cap
[  245s]   breaking dependency perl -> perl-Term-Cap
[  245s] cycle: perl -> perl-Test-Harness
[  245s]   breaking dependency perl -> perl-Test-Harness
[  245s] cycle: perl -> perl-Test-Simple
[  245s]   breaking dependency perl -> perl-Test-Simple
[  245s] cycle: perl -> perl-Text-Balanced
[  245s]   breaking dependency perl -> perl-Text-Balanced
[  245s] cycle: perl -> perl-Thread-Queue -> perl-threads-shared
[  245s]   breaking dependency perl -> perl-Thread-Queue
[  245s] cycle: perl -> perl-Unicode-Collate -> perl-PathTools
[  245s]   breaking dependency perl -> perl-Unicode-Collate
[  245s] cycle: perl -> perl-autodie
[  245s]   breaking dependency perl -> perl-autodie
[  245s] cycle: perl -> perl-bignum -> perl-Math-BigInt
[  245s]   breaking dependency perl -> perl-bignum
[  245s] cycle: perl -> perl-devel
[  245s]   breaking dependency perl -> perl-devel
[  245s] cycle: perl -> perl-Encode-devel
[  245s]   breaking dependency perl -> perl-Encode-devel
[  245s] cycle: perl -> perl-experimental
[  245s]   breaking dependency perl -> perl-experimental
[  245s] cycle: perl -> perl-libnet -> perl-Digest-MD5 -> perl-Digest -> perl-MIME-Base64
[  245s]   breaking dependency perl -> perl-libnet
[  245s] cycle: perl -> perl-podlators
[  245s]   breaking dependency perl -> perl-podlators
[  245s] cycle: perl -> perl-version
[  245s]   breaking dependency perl -> perl-version
[  245s] cycle: glib2 -> gamin
[  245s]   breaking dependency glib2 -> gamin
[  245s] cycle: systemd -> gnutls -> unbound-libs -> shadow -> pam -> audit
[  245s]   breaking dependency systemd -> gnutls
[  245s] cycle: systemd -> pam -> audit
[  245s]   breaking dependency systemd -> pam
[  245s] cycle: systemd -> shadow -> pam -> audit
[  245s]   breaking dependency systemd -> shadow
[  245s] cycle: pam -> libpwquality
[  245s]   breaking dependency pam -> libpwquality
[  245s] cycle: perl-Getopt-Long -> perl-Pod-Usage
[  245s]   breaking dependency perl-Pod-Usage -> perl-Getopt-Long
[  245s] cycle: perl-Getopt-Long -> perl-Pod-Usage -> perl-podlators -> perl-Encode
[  245s]   breaking dependency perl-podlators -> perl-Encode
[  245s] cycle: perl-Getopt-Long -> perl-Pod-Usage -> perl-podlators
[  245s]   breaking dependency perl-podlators -> perl-Getopt-Long
[  245s] cycle: perl-Getopt-Long -> perl-Pod-Usage -> perl-podlators -> perl-Pod-Simple -> perl-Encode
[  245s]   breaking dependency perl-Encode -> perl-Getopt-Long
[  245s] cycle: perl-Getopt-Long -> perl-Pod-Usage -> perl-podlators -> perl-Pod-Simple
[  245s]   breaking dependency perl-podlators -> perl-Pod-Simple
[  245s] cycle: perl-Pod-Usage -> perl-podlators
[  245s]   breaking dependency perl-podlators -> perl-Pod-Usage
[  245s] cycle: groff -> perl-Getopt-Long -> perl-Pod-Usage -> perl-Pod-Perldoc
[  245s]   breaking dependency groff -> perl-Getopt-Long
[  245s] cycle: nss -> nss-util
[  245s]   breaking dependency nss -> nss-util
[  245s] cycle: nss -> nss-softokn -> nss-util
[  245s]   breaking dependency nss -> nss-softokn
[  245s] cycle: libxcrypt-devel -> glibc-devel
[  245s]   breaking dependency glibc-devel -> libxcrypt-devel
[  245s] cycle: cmake-data -> cmake
[  245s]   breaking dependency cmake -> cmake-data
[  245s] cycle: perl-Getopt-Long -> perl-Pod-Usage -> perl-Pod-Perldoc -> perl-Pod-Simple
[  245s]   breaking dependency perl-Pod-Perldoc -> perl-Pod-Simple
[  245s] cycle: openssh -> openssh-server
[  245s]   breaking dependency openssh-server -> openssh
[  245s] cycle: git -> perl-Git
[  245s]   breaking dependency git -> perl-Git
[  246s] cycle: perl-ExtUtils-Install -> perl-ExtUtils-MakeMaker
[  246s]   breaking dependency perl-ExtUtils-MakeMaker -> perl-ExtUtils-Install
[  246s] done
[  246s] querying package ids...
[  280s] [1/393] installing cmake-filesystem-3.22.0-1.oe1
[  281s] [2/393] installing fonts-filesystem-2.0.2-2.oe1
[  282s] [3/393] installing fuse-common-3.9.2-5.oe1
[  284s] [4/393] installing javapackages-filesystem-5.3.0-3.oe1
[  285s] [5/393] installing kernel-headers-5.10-3.oe1
[  293s] [6/393] installing libreport-filesystem-2.13.1-5.oe1
[  295s] [7/393] installing ncurses-base-6.1-14.oe1
[  298s] [8/393] installing openEuler-gpg-keys-1.0-2.5.oe1
[  301s] [9/393] installing python-setuptools-59.4.0-3.oe1
[  302s] [10/393] installing qt5-srpm-macros-5.15.2-1.oe1
[  303s] [11/393] installing tzdata-2021a-2.oe1
[  315s] [12/393] installing tzdata-java-2021a-2.oe1
[  320s] [13/393] installing dnf-data-4.10.0-1.oe1
[  322s] [14/393] installing openEuler-repos-1.0-2.5.oe1
[  323s] [15/393] installing wqy-zenhei-fonts-0.9.46-21.oe1
[  331s] [16/393] installing openEuler-release-20.03LTS-40.oe1
[  333s] [17/393] installing filesystem-3.9-3.oe1
[  341s] warning: group mail does not exist - using root
[  341s] [18/393] installing emacs-filesystem-1:27.1-5.oe1
[  342s] [19/393] installing libgcc-10.3.1-20220105.6.oe1
[  344s] [20/393] installing setup-2.13.3-4.oe1
[  347s] [21/393] installing glibc-2.34-64.oe1
[  354s] [22/393] installing brotli-1.0.9-2.oe1
[  357s] [23/393] installing chrpath-0.16-12.oe1
[  359s] [24/393] installing cpio-2.13-4.oe1
[  362s] [25/393] installing diffutils-3.7-4.oe1
[  365s] [26/393] installing expat-2.2.10-1.oe1
[  367s] [27/393] installing giflib-5.2.1-2.oe1
[  368s] [28/393] installing json-c-0.15-1.oe1
[  370s] [29/393] installing keyutils-libs-1.6.3-3.oe1
[  371s] [30/393] installing libICE-1.0.10-2.oe1
[  374s] [31/393] installing libXau-1.0.9-2.oe1
[  375s] [32/393] installing libaio-0.3.112-1.oe1
[  376s] [33/393] installing libargon2-20190702-1.oe1
[  378s] [34/393] installing libatomic-10.3.1-20220105.6.oe1
[  379s] [35/393] installing libcap-ng-0.7.11-1.oe1
[  380s] [36/393] installing libev-4.24-11.oe1
[  381s] [37/393] installing libffi-3.3-31.oe1
[  383s] [38/393] installing libgomp-10.3.1-20220105.6.oe1
[  384s] [39/393] installing libgpg-error-1.41-1.oe1
[  386s] [40/393] installing libjpeg-turbo-2.0.6-1.oe1
[  388s] [41/393] installing libnghttp2-1.42.0-1.oe1
[  390s] [42/393] installing libpcap-14:1.9.1-7.oe1
[  392s] [43/393] installing libpipeline-1.5.3-1.oe1
[  393s] [44/393] installing libsigsegv-2.11-10.oe1
[  394s] [45/393] installing libsmartcols-2.36.1-3.oe1
[  397s] [46/393] installing libtasn1-4.16.0-2.oe1
[  399s] [47/393] installing libtool-ltdl-2.4.6-34.oe1
[  401s] [48/393] installing libunistring-0.9.10-8.oe1
[  404s] [49/393] installing libuuid-2.36.1-3.oe1
[  406s] [50/393] installing libuv-1:1.40.0-1.oe1
[  408s] [51/393] installing libxcrypt-4.4.8-4.oe1
[  409s] [52/393] installing libyaml-0.2.5-1.oe1
[  411s] [53/393] installing lz4-1.9.3-1.oe1
[  413s] [54/393] installing m4-1.4.18-14.oe1
[  415s] [55/393] installing nspr-4.32.0-1.oe1
[  416s] [56/393] installing pkgconf-1.7.3-1.oe1
[  419s] [57/393] installing rhash-1.3.5-5.oe1
[  425s] [58/393] installing which-2.21-14.oe1
[  427s] [59/393] installing xz-libs-5.2.5-1.oe1
[  429s] [60/393] installing zlib-1.2.11-18.oe1
[  431s] [61/393] installing attr-2.4.48-12.oe1
[  433s] [62/393] installing basesystem-12-2.oe1
[  434s] [63/393] installing libstdc++-10.3.1-20220105.6.oe1
[  436s] [64/393] installing ncurses-libs-6.1-14.oe1
[  439s] [65/393] installing libsepol-3.1-4.oe1
[  442s] [66/393] installing libstdc++-devel-10.3.1-20220105.6.oe1
[  463s] [67/393] installing audit-libs-1:3.0-2.oe1
[  465s] [68/393] installing elfutils-libelf-0.185-3.oe1
[  466s] [69/393] installing file-libs-5.39-6.oe1
[  473s] [70/393] installing gmp-1:6.2.1-3.oe1
[  477s] [71/393] installing iptables-libs-1.8.1-4.oe1
[  478s] [72/393] installing less-563-2.oe1
[  479s] [73/393] installing libacl-2.2.53-7.oe1
[  482s] [74/393] installing libassuan-2.5.4-1.oe1
[  485s] [75/393] installing libedit-3.1-27.oe1
[  487s] [76/393] installing libffi-devel-3.3-31.oe1
[  489s] [77/393] installing libfontenc-1.1.4-2.oe1
[  490s] [78/393] installing libgcrypt-1.8.7-1.oe1
[  491s] [79/393] installing libmetalink-0.1.3-8.oe1
[  493s] [80/393] installing libpng-2:1.6.37-1.oe1
[  495s] [81/393] installing libxcb-1.14-1.oe1
[  499s] [82/393] installing readline-8.0-2.oe1
[  502s] [83/393] installing fuse-2.9.9-6.oe1
[  506s] [84/393] installing gc-8.0.4-2.oe1
[  507s] [85/393] installing libSM-1.2.3-2.oe1
[  510s] [86/393] installing libdb-5.3.28-35.oe1
[  515s] [87/393] installing libselinux-3.1-3.oe1
[  518s] [88/393] installing libxml2-2.9.10-15.oe1
[  520s] [89/393] installing bash-5.1-1.oe1
[  524s] [90/393] installing perl-libs-4:5.28.0-435.oe1
[  531s] [91/393] installing zstd-1.4.8-2.oe1
[  535s] [92/393] installing ncurses-6.1-14.oe1
[  547s] [93/393] installing thin-provisioning-tools-0.8.5-1.oe1
[  551s] [94/393] installing perl-parent-1:0.237-4.oe1
[  553s] [95/393] installing perl-perlfaq-5.20180915-5.oe1
[  555s] [96/393] installing libX11-1.6.9-2.oe1
[  558s] [97/393] installing mpfr-4.1.0-1.oe1
[  560s] [98/393] installing nettle-3.6-6.oe1
[  563s] [99/393] installing pcre2-10.36-1.oe1
[  566s] [100/393] installing perl-Exporter-5.74-1.oe1
[  567s] [101/393] installing file-5.39-6.oe1
[  569s] [102/393] installing gdbm-1:1.18.1-1.oe1
[  573s] [103/393] installing patch-2.7.6-12.oe1
[  575s] [104/393] installing qrencode-4.1.1-1
[  577s] [105/393] installing sed-4.8-2.oe1
[  580s] [106/393] installing acl-2.2.53-7.oe1
[  582s] [107/393] installing libcomps-0.1.15-1.oe1
[  583s] [108/393] installing pcre-8.44-1.oe1
[  585s] [109/393] installing glibc-common-2.34-64.oe1
[  599s] [110/393] installing coreutils-8.31-4.oe1
[  608s] [111/393] installing alsa-lib-1.2.4-1.oe1
[  612s] [112/393] installing crontabs-1.11-21.oe1
[  615s] [113/393] installing elfutils-default-yama-scope-0.185-3.oe1
[  619s] /usr/lib/systemd/systemd-sysctl: error while loading shared libraries: libkmod.so.2: cannot open shared object file: No such file or directory
[  619s] [114/393] installing libXcomposite-0.4.5-1.oe1
[  622s] [115/393] installing libXext-1.3.4-2.oe1
[  625s] [116/393] installing libXpm-3.5.12-11.oe1
[  628s] [117/393] installing libXrender-0.9.10-10.oe1
[  631s] [118/393] installing perl-Carp-1.50-418.oe1
[  633s] [119/393] installing perl-Perl-OSType-1.010-421.oe1
[  634s] [120/393] installing perl-Term-ANSIColor-4.06-511.oe1
[  637s] [121/393] installing publicsuffix-list-20200718-1.oe1
[  643s] [122/393] installing uname-build-checks-1.0-0.4.oe1
[  645s] [123/393] installing bzip2-1.0.8-3.oe1
[  650s] [124/393] installing gzip-1.10-1.oe1
[  653s] [125/393] installing hostname-3.21-2.oe1
[  656s] [126/393] installing libcap-2.32-2.oe1
[  658s] [127/393] installing libmpc-1.2.0-2.oe1
[  659s] [128/393] installing libseccomp-2.4.3-2.oe1
[  663s] [129/393] installing lksctp-tools-1.0.16-11.oe1
[  666s] [130/393] installing npth-1.5-7.oe1
[  669s] [131/393] installing popt-1.18-1.oe1
[  673s] [132/393] installing grep-3.6-1.oe1
[  679s] [133/393] installing libXt-1.2.0-0.oe1
[  681s] [134/393] installing libblkid-2.36.1-3.oe1
[  684s] [135/393] installing libidn2-2.3.0-1.oe1
[  689s] [136/393] installing libksba-1.3.5-12.oe1
[  694s] [137/393] installing tar-2:1.32-3.oe1
[  699s] [138/393] installing tcl-1:8.6.10-3.oe1
[  705s] [139/393] installing info-6.7-2.oe1
[  707s] [140/393] installing jsoncpp-1.9.4-1.oe1
[  709s] [141/393] installing libgpg-error-devel-1.41-1.oe1
[  711s] [142/393] installing lua-5.3.5-6.oe1
[  714s] [143/393] installing slang-2.3.2-8.oe1
[  719s] [144/393] installing gawk-5.0.1-2.oe1
[  723s] [145/393] installing libxslt-1.1.32-7.oe1
[  726s] [146/393] installing guile-5:2.0.14-15.oe1
[  735s] [147/393] installing zip-3.0-29.oe1
[  738s] [148/393] installing libXi-1.7.10-1.oe1
[  745s] [149/393] installing libfdisk-2.36.1-3.oe1
[  749s] [150/393] installing newt-0.52.21-4.oe1
[  752s] [151/393] installing perl-Text-ParseWords-3.30-419.oe1
[  755s] [152/393] installing crypto-policies-20180925-3.git71ca85f.oe1
[  762s] [153/393] installing elfutils-libs-0.185-3.oe1
[  764s] [154/393] installing libXmu-1.1.3-1.oe1
[  767s] [155/393] installing libmount-2.36.1-3.oe1
[  770s] [156/393] installing lua-posix-33.3.1-12.oe1
[  774s] [157/393] installing unzip-6.0-47.oe1
[  777s] [158/393] installing cracklib-2.9.7-6.oe1
[  783s] [159/393] installing e2fsprogs-1.45.6-3.oe1
[  792s] [160/393] installing findutils-2:4.7.0-7.oe1
[  800s] [161/393] installing libsemanage-3.1-4.oe1
[  804s] [162/393] installing make-1:4.2.1-15.oe1
[  807s] [163/393] installing sqlite-3.24.0-9.oe1
[  813s] [164/393] installing xz-5.2.5-1.oe1
[  816s] [165/393] installing logrotate-3.15.1-2.oe1
[  818s] [166/393] installing perl-Scalar-List-Utils-3:1.52-2.oe1
[  821s] [167/393] installing perl-Time-HiRes-1.9760-2.oe1
[  824s] [168/393] installing perl-Unicode-Normalize-1.26-419.oe1
[  826s] [169/393] installing freetype-2.10.2-3.oe1
[  829s] [170/393] installing glibc-devel-2.34-64.oe1
[  840s] [171/393] installing libgcrypt-devel-1.8.7-1.oe1
[  842s] [172/393] installing cpp-10.3.1-20220105.6.oe1
[  853s] [173/393] installing gnupg2-2.2.27-2.oe1
[  860s] [174/393] installing systemd-libs-243-22.oe1
[  864s] [175/393] installing dbus-libs-1:1.12.20-3.oe1
[  867s] [176/393] installing libxcrypt-devel-4.4.8-4.oe1
[  870s] [177/393] installing p11-kit-0.23.22-1.oe1
[  874s] [178/393] installing procps-ng-3.3.16-15.oe1
[  877s] [179/393] installing copy-jdk-configs-4.0-1.oe1
[  879s] [180/393] installing gpgme-1.15.1-1.oe1
[  882s] [181/393] installing libXtst-1.2.3-10.oe1
[  885s] [182/393] installing openssl-libs-1:1.1.1f-2.oe1
[  890s] [183/393] installing chkconfig-1.14-2.oe1
[  893s] [184/393] installing elfutils-0.185-3.oe1
[  895s] [185/393] installing libXaw-1.0.13-13.oe1
[  898s] [186/393] installing xorg-x11-font-utils-1:7.5-43.oe1
[  901s] [187/393] installing fontconfig-2.13.92-1.oe1
[  907s] [188/393] installing glib2-2.66.8-1.oe1
[  916s] [189/393] installing dbus-tools-1:1.12.20-3.oe1
[  922s] [190/393] installing ima-evm-utils-libs-1.2.1-8.oe1
[  925s] [191/393] installing libevent-2.1.12-4
[  927s] [192/393] installing libcroco-0.6.12-13.oe1
[  937s] [193/393] installing fipscheck-1.5.0-7.oe1
[  942s] [194/393] installing gamin-0.1.10-38.oe1
[  944s] [195/393] installing java-1.8.0-openjdk-javadoc-1:1.8.0.181.b15-1.1.riscv64.fc29
[ 1162s] [196/393] installing kmod-libs-27-4.oe1
[ 1168s] [197/393] installing libsecret-0.18.6-5.oe1
[ 1171s] [198/393] installing obs-env-1.0-5.oe1
[ 1180s] [199/393] installing xorg-x11-fonts-others-7.5-24
[ 1207s] [200/393] installing kmod-27-4.oe1
[ 1213s] [201/393] installing binutils-2.37-6.oe1
[ 1231s] [202/393] installing p11-kit-trust-0.23.22-1.oe1
[ 1233s] [203/393] installing babeltrace-1.5.8-1.oe1
[ 1237s] [204/393] installing libarchive-3.5.1-1.oe1
[ 1241s] [205/393] installing nodejs-libs-1:16.10.0-1.oe1
[ 1280s] [206/393] installing libverto-0.3.1-2.oe1
[ 1282s] [207/393] installing ca-certificates-2020.2.46-2.oe1
[ 1292s] [208/393] installing gettext-0.20.1-2.oe1
[ 1299s] [209/393] installing gcc-10.3.1-20220105.6.oe1
[ 1323s] [210/393] installing rpm-libs-4.15.1-25.oe1
[ 1326s] [211/393] installing python-pip-wheel-19.2.3-2.fc32
[ 1327s] [212/393] installing libmodulemd-2.13.0-1.oe1
[ 1329s] [213/393] installing gcc-c++-10.3.1-20220105.6.oe1
[ 1340s] [214/393] installing krb5-libs-1.18.2-3.oe1
[ 1347s] [215/393] installing libtirpc-1.3.1-1.oe1
[ 1351s] [216/393] installing cyrus-sasl-lib-2.1.27-10.oe1
[ 1352s] [217/393] installing libssh-0.9.5-1.oe1
[ 1356s] [218/393] installing openldap-2.4.46-15.oe1
[ 1359s] [219/393] installing libnsl2-1.3.0-2.oe1
[ 1362s] [220/393] installing python3-3.8.5-13.oe1
[ 1400s] [221/393] installing python3-pyparsing-2.4.5-1.fc32
[ 1402s] [222/393] installing python3-setuptools-59.4.0-3.oe1
[ 1412s] [223/393] installing python3-setuptools_scm-3.3.3-6.fc32
[ 1415s] [224/393] installing python3-six-1.12.0-7.fc32
[ 1417s] [225/393] installing python3-gpgme-1.15.1-1.oe1
[ 1421s] [226/393] installing python3-lxml-4.4.1-3.fc32
[ 1425s] [227/393] installing python3-libcomps-0.1.15-1.oe1
[ 1428s] [228/393] installing libpsl-0.21.1-1.oe1
[ 1431s] [229/393] installing gdb-headless-9.2-5.oe1
[ 1437s] [230/393] installing systemtap-sdt-devel-4.1-3.oe1
[ 1439s] [231/393] installing gdb-9.2-5.oe1
[ 1441s] [232/393] installing python3-javapackages-5.3.0-3.oe1
[ 1444s] [233/393] installing python3-pip-19.2.3-2.fc32
[ 1455s] [234/393] installing libcurl-7.66.0-3.oe1
[ 1457s] [235/393] installing curl-7.66.0-3.oe1
[ 1459s] [236/393] installing librepo-1.14.2-2.oe1
[ 1462s] [237/393] installing rpm-4.15.1-25.oe1
[ 1468s] [238/393] installing efi-srpm-macros-4-3.oe1
[ 1471s] [239/393] installing cmake-rpm-macros-3.22.0-1.oe1
[ 1473s] [240/393] installing libsolv-0.7.20-1.oe1
[ 1477s] [241/393] installing python3-rpm-4.15.1-25.oe1
[ 1479s] [242/393] installing openEuler-rpm-config-30-22.oe1
[ 1481s] [243/393] installing cmake-3.22.0-1.oe1
[ 1495s] [244/393] installing libdnf-0.65.0-2.oe1
[ 1499s] [245/393] installing cmake-data-3.22.0-1.oe1
[ 1517s] [246/393] installing python3-libdnf-0.65.0-2.oe1
[ 1524s] [247/393] installing perl-4:5.28.0-435.oe1
[ 1534s] [248/393] installing perl-B-Debug-1.26-4.oe1
[ 1536s] [249/393] installing perl-Env-1.04-397.oe1
[ 1537s] [250/393] installing perl-Devel-PPPort-3.42-4.oe1
[ 1539s] [251/393] installing perl-Pod-Escapes-1:1.07-419.oe1
[ 1541s] [252/393] installing perl-Text-Tabs+Wrap-2013.0523-419.oe1
[ 1542s] [253/393] installing perl-Algorithm-Diff-1.1903-14.oe1
[ 1543s] [254/393] installing perl-Params-Check-1:0.38-418.oe1
[ 1546s] [255/393] installing perl-Term-Cap-1.17-510.oe1
[ 1548s] [256/393] installing perl-TermReadKey-2.38-2.oe1
[ 1551s] [257/393] installing perl-Text-Balanced-2.03-420.oe1
[ 1554s] [258/393] installing perl-threads-1:2.22-419.oe1
[ 1561s] [259/393] installing openssl-1:1.1.1f-2.oe1
[ 1565s] [260/393] installing perl-Config-Perl-V-0.30-5.oe1
[ 1568s] [261/393] installing perl-Error-1:0.17029-1.oe1
[ 1570s] [262/393] installing perl-Filter-2:1.59-2.oe1
[ 1574s] [263/393] installing perl-IPC-SysV-2.07-5.oe1
[ 1578s] [264/393] installing perl-Locale-Maketext-1:1.28-1.oe1
[ 1584s] [265/393] installing perl-constant-1.33-421.oe1
[ 1586s] [266/393] installing perl-MIME-Base64-3.15-418.oe1
[ 1590s] [267/393] installing perl-CPAN-Meta-YAML-0.018-420.oe1
[ 1593s] [268/393] installing perl-Socket-4:2.029-2.oe1
[ 1597s] [269/393] installing perl-Storable-1:3.15-2.oe1
[ 1600s] [270/393] installing python3-hawkey-0.65.0-2.oe1
[ 1603s] [271/393] installing perl-PerlIO-via-QuotedPrint-0.08-397.oe1
[ 1606s] [272/393] installing perl-Digest-1.17-419.oe1
[ 1608s] [273/393] installing perl-Filter-Simple-1:0.94-1.oe1
[ 1610s] [274/393] installing perl-IO-Socket-IP-0.39-420.oe1
[ 1613s] [275/393] installing perl-Text-Diff-1.45-7.oe1
[ 1614s] [276/393] installing perl-Time-Local-2:1.280-6.oe1
[ 1616s] [277/393] installing perl-version-8:0.99.24-3.oe1
[ 1618s] [278/393] installing perl-IPC-System-Simple-1.25-19.oe1
[ 1620s] [279/393] installing perl-threads-shared-1.59-2.oe1
[ 1622s] [280/393] installing perl-Compress-Raw-Bzip2-2.100-1.oe1
[ 1624s] [281/393] installing perl-Compress-Raw-Zlib-1:2.100-1.oe1
[ 1627s] [282/393] installing perl-Locale-Codes-3.58-2.oe1
[ 1630s] [283/393] installing perl-Math-BigInt-1:1.9998.13-5.oe1
[ 1632s] [284/393] installing perl-PathTools-3.75-4.oe1
[ 1634s] [285/393] installing python3-dnf-4.10.0-1.oe1
[ 1640s] [286/393] installing perl-Data-Dumper-2.172-3.oe1
[ 1642s] [287/393] installing perl-Sys-Syslog-0.35-420.oe1
[ 1645s] [288/393] installing perl-Encode-4:2.98-9.oe1
[ 1651s] [289/393] installing autogen-5.18.16-1.oe1
[ 1656s] [290/393] installing nodejs-1:16.10.0-1.oe1
[ 1659s] [291/393] installing systemd-243-22.oe1
[ 1680s] /var/tmp/rpm-tmp.Xh8EKG: line 8: groupadd: command not found
[ 1680s] /var/tmp/rpm-tmp.Xh8EKG: line 10: groupadd: command not found
[ 1680s] /var/tmp/rpm-tmp.Xh8EKG: line 13: groupadd: command not found
[ 1680s] /var/tmp/rpm-tmp.Xh8EKG: line 16: groupadd: command not found
[ 1680s] [292/393] installing dbus-common-1:1.12.20-3.oe1
[ 1683s] [293/393] installing nodejs-source-map-0.5.6-1.oe1
[ 1689s] [294/393] installing perl-Module-Load-1:0.32-418.oe1
[ 1692s] [295/393] installing nodejs-packaging-20-1.oe1
[ 1696s] [296/393] installing dnf-4.10.0-1.oe1
[ 1700s] Failed to preset unit, unit dnf-automatic.timer does not exist.
[ 1700s] Failed to preset unit, unit dnf-automatic-notifyonly.timer does not exist.
[ 1700s] Failed to preset unit, unit dnf-automatic-download.timer does not exist.
[ 1700s] Failed to preset unit, unit dnf-automatic-install.timer does not exist.
[ 1700s] [297/393] installing perl-File-Which-1.23-1.oe1
[ 1702s] [298/393] installing perl-Thread-Queue-3.13-3.oe1
[ 1704s] [299/393] installing perl-experimental-0.020-2.oe1
[ 1706s] [300/393] installing perl-Digest-MD5-2.55-419.oe1
[ 1708s] [301/393] installing perl-File-Path-2.16-4.oe1
[ 1709s] [302/393] installing perl-Math-BigInt-FastCalc-0.500.700-4.oe1
[ 1712s] [303/393] installing perl-Module-Metadata-1.000036-3.oe1
[ 1714s] [304/393] installing perl-CPAN-Meta-Requirements-2.140-419.oe1
[ 1718s] [305/393] installing perl-Encode-devel-4:2.98-9.oe1
[ 1720s] [306/393] installing perl-HTTP-Tiny-0.076-3.oe1
[ 1722s] [307/393] installing perl-Math-BigRat-0.2614-2.oe1
[ 1724s] [308/393] installing audit-1:3.0-2.oe1
[ 1728s] [309/393] installing perl-DB_File-1.842-2.oe1
[ 1730s] [310/393] installing perl-autodie-2.29-398.oe1
[ 1732s] [311/393] installing perl-Unicode-Collate-1.25-4.oe1
[ 1736s] [312/393] installing perl-IO-Compress-2.081-6.oe1
[ 1738s] [313/393] installing perl-podlators-1:4.14-1.oe1
[ 1740s] [314/393] installing perl-ExtUtils-Command-1:7.60-1.oe1
[ 1742s] [315/393] installing perl-ExtUtils-Manifest-1:1.71-4.oe1
[ 1745s] [316/393] installing perl-bignum-0.50-4.oe1
[ 1748s] [317/393] installing perl-File-Temp-1:0.230.800-4.oe1
[ 1750s] [318/393] installing perl-libnet-3.11-420.oe1
[ 1753s] [319/393] installing pam-1.5.1-1.oe1
[ 1758s] [320/393] installing libpwquality-1.4.4-1.oe1
[ 1761s] [321/393] installing perl-File-HomeDir-1.004-4.oe1
[ 1762s] [322/393] installing shadow-2:4.8.1-5.oe1
[ 1766s] [323/393] installing perl-Test-Simple-2:1.302175-2.oe1
[ 1768s] [324/393] installing libutempter-1.1.6-16.oe1
[ 1775s] [325/393] installing unbound-libs-1.10.1-4.oe1
[ 1781s] [326/393] installing dbus-daemon-1:1.12.20-3.oe1
[ 1786s] [327/393] installing openssh-server-8.2p1-10.oe1
[ 1793s] Created symlink /etc/systemd/system/multi-user.target.wants/sshd.service -> /usr/lib/systemd/system/sshd.service.
[ 1793s] [328/393] installing groff-1.22.4-4.oe1
[ 1802s] [329/393] installing dbus-1:1.12.20-3.oe1
[ 1804s] [330/393] installing man-db-2.9.3-2.oe1
[ 1809s] [331/393] installing perl-Pod-Perldoc-1:3.28-3.oe1
[ 1811s] [332/393] installing gnutls-3.6.15-3.oe1
[ 1817s] [333/393] installing util-linux-2.36.1-3.oe1
[ 1827s] [334/393] installing nss-help-3.54.0-9.oe1
[ 1830s] [335/393] installing perl-Pod-Usage-4:1.69-418.oe1
[ 1832s] [336/393] installing device-mapper-8:1.02.172-1.oe1
[ 1836s] [337/393] installing openssh-8.2p1-10.oe1
[ 1839s] [338/393] installing perl-Getopt-Long-1:2.52-1.oe1
[ 1842s] [339/393] installing cryptsetup-2.3.3-3.oe1
[ 1848s] [340/393] installing device-mapper-event-8:1.02.172-1.oe1
[ 1855s] Created symlink /etc/systemd/system/sockets.target.wants/dm-event.socket -> /usr/lib/systemd/system/dm-event.socket.
[ 1855s] [341/393] installing nss-3.54.0-9.oe1
[ 1867s] [342/393] installing openssh-clients-8.2p1-10.oe1
[ 1870s] [343/393] installing nss-util-3.54.0-9.oe1
[ 1873s] [344/393] installing perl-ExtUtils-ParseXS-2:3.35-1.oe1
[ 1875s] [345/393] installing perl-Module-CoreList-1:5.20180920-2.oe1
[ 1877s] [346/393] installing perl-Digest-SHA-1:6.02-7.oe1
[ 1879s] [347/393] installing perl-Pod-Parser-1.63-397.oe1
[ 1881s] [348/393] installing perl-Pod-Simple-1:3.35-418.oe1
[ 1883s] [349/393] installing perl-Test-Harness-1:3.43_02-1.oe1
[ 1885s] [350/393] installing perl-Archive-Tar-2.30-421.oe1
[ 1886s] [351/393] installing perl-JSON-PP-1:4.04-2.oe1
[ 1888s] [352/393] installing lvm2-8:2.03.11-1.oe1
[ 1895s] Created symlink /etc/systemd/system/sysinit.target.wants/lvm2-lvmpolld.socket -> /usr/lib/systemd/system/lvm2-lvmpolld.socket.
[ 1895s] [353/393] installing autoconf-2.69-30.oe1
[ 1899s] [354/393] installing git-2.23.0-12.oe1
[ 1913s] [355/393] installing nss-softokn-3.54.0-9.oe1
[ 1916s] [356/393] installing perl-Pod-Checker-4:1.73-398.oe1
[ 1918s] [357/393] installing perl-Git-2.23.0-12.oe1
[ 1919s] [358/393] installing perl-CPAN-Meta-2.150010-419.oe1
[ 1924s] [359/393] installing perl-Module-Load-Conditional-0.68-418.oe1
[ 1926s] [360/393] installing automake-1.16.1-6.oe1
[ 1934s] [361/393] installing perl-ExtUtils-MakeMaker-1:7.60-1.oe1
[ 1938s] [362/393] installing perl-ExtUtils-Install-2.14-419.oe1
[ 1940s] [363/393] installing perl-IPC-Cmd-2:1.04-4.oe1
[ 1942s] [364/393] installing java-1.8.0-openjdk-headless-1:1.8.0.181.b15-1.1.riscv64.fc29
[ 1986s] [365/393] installing rpm-build-4.15.1-25.oe1
[ 1989s] [366/393] installing ant-lib-1.10.5-2.fc29
[ 1992s] [367/393] installing apache-commons-compress-1.17-6.oe1
[ 1995s] [368/393] installing apache-ivy-2.4.0-17.oe1
[ 2006s] [369/393] installing beust-jcommander-1.71-7.oe1
[ 2008s] [370/393] installing objenesis-2.6-4.oe1
[ 2012s] [371/393] installing qdox-2.0-5.M9.oe1
[ 2016s] [372/393] installing slf4j-1.7.25-8.oe1
[ 2018s] [373/393] installing xmvn-api-3.0.0-25.oe1
[ 2020s] [374/393] installing xmvn-core-3.0.0-25.oe1
[ 2023s] [375/393] installing javapackages-tools-5.3.0-3.oe1
[ 2026s] [376/393] installing gcc_secure-1.0-0.9.oe1
[ 2028s] [377/393] installing perl-File-Fetch-0.56-4.oe1
[ 2030s] [378/393] installing perl-devel-4:5.28.0-435.oe1
[ 2044s] [379/393] installing java-1.8.0-openjdk-1:1.8.0.181.b15-1.1.riscv64.fc29
[ 2046s] [380/393] installing ant-1.10.5-2.fc29
[ 2049s] [381/393] installing objectweb-asm-7.0-1.oe1
[ 2052s] [382/393] installing xmvn-connector-ivy-3.0.0-25.oe1
[ 2056s] [383/393] installing xmvn-resolve-3.0.0-25.oe1
[ 2059s] [384/393] installing xmvn-subst-3.0.0-25.oe1
[ 2060s] [385/393] installing java-1.8.0-openjdk-devel-1:1.8.0.181.b15-1.1.riscv64.fc29
[ 2078s] [386/393] installing cglib-3.2.4-8.fc29
[ 2080s] [387/393] installing xmvn-install-3.0.0-25.oe1
[ 2082s] [388/393] installing easymock-3.5-4.fc29
[ 2083s] [389/393] installing javapackages-local-5.3.0-3.oe1
[ 2086s] [390/393] installing hamcrest-1.3-25.oe1
[ 2087s] [391/393] installing ivy-local-5.3.0-3.oe1
[ 2088s] [392/393] installing junit-1:4.12-14.oe1
[ 2090s] [393/393] installing ant-junit-1.10.5-2.fc29
[ 2091s] removing nis flags from /var/cache/obs/worker/root_1/etc/nsswitch.conf...
[ 2092s] now finalizing build dir...
[ 2106s] Running build time source services...
[ 2124s] -----------------------------------------------------------------
[ 2124s] ----- building icu4j.spec (user abuild)
[ 2124s] -----------------------------------------------------------------
[ 2124s] -----------------------------------------------------------------
[ 2134s] + exec rpmbuild -ba --define '_srcdefattr (-,root,root)' --nosignature --define 'disturl obs://private/openEuler:Mainline:RISC-V/advanced_riscv64/1993eeff22a5d9b9564e25722a368cef-icu4j' /home/abuild/rpmbuild/SOURCES/icu4j.spec
[ 2135s] Executing(%prep): /bin/sh -e /var/tmp/rpm-tmp.RAWmlO
[ 2136s] + umask 022
[ 2136s] + cd /home/abuild/rpmbuild/BUILD
[ 2136s] + cd /home/abuild/rpmbuild/BUILD
[ 2136s] + rm -rf icu4j-63.2
[ 2136s] + /usr/bin/mkdir -p icu4j-63.2
[ 2136s] + cd icu4j-63.2
[ 2136s] + /usr/bin/gzip -dc /home/abuild/rpmbuild/SOURCES/icu4j-63_2.tgz
[ 2136s] + /usr/bin/tar -xof -
[ 2144s] + STATUS=0
[ 2144s] + '[' 0 -ne 0 ']'
[ 2144s] + /usr/bin/chmod -Rf a+rX,u+w,g-w,o-w .
[ 2145s] + echo 'Patch #0 (improve-osgi-manifest.patch):'
[ 2145s] Patch #0 (improve-osgi-manifest.patch):
[ 2145s] + /usr/bin/patch --no-backup-if-mismatch -p0 --fuzz=0
[ 2145s] patching file manifest.stub
[ 2145s] patching file main/shared/build/common-targets.xml
[ 2145s] patching file build.xml
[ 2145s] + sed -i -e s/junit-4.12/junit-SYSTEM/ -e s/hamcrest-core-1.3/hamcrest-core-SYSTEM/ build.xml
[ 2145s] + sed -i -e /pl.pragmatists/d ivy.xml
[ 2145s] + rm main/tests/core/src/com/ibm/icu/dev/test/format/DataDrivenFormatTest.java
[ 2145s] + rm main/tests/core/src/com/ibm/icu/dev/test/calendar/DataDrivenCalendarTest.java
[ 2145s] + rm main/tests/core/src/com/ibm/icu/dev/test/serializable/CompatibilityTest.java
[ 2145s] + rm main/tests/core/src/com/ibm/icu/dev/test/serializable/CoverageTest.java
[ 2146s] + rm main/tests/charset/src/com/ibm/icu/dev/test/charset/TestConversion.java
[ 2146s] + rm main/tests/translit/src/com/ibm/icu/dev/test/translit/TransliteratorDisorderedMarksTest.java
[ 2146s] + rm main/tests/charset/src/com/ibm/icu/dev/test/charset/TestSelection.java
[ 2146s] + rm main/tests/charset/src/com/ibm/icu/dev/test/charset/TestCharset.java
[ 2146s] + rm main/tests/core/src/com/ibm/icu/dev/test/format/TimeZoneFormatTest.java
[ 2146s] + RPM_EC=0
[ 2146s] ++ jobs -p
[ 2146s] + exit 0
[ 2146s] Executing(%build): /bin/sh -e /var/tmp/rpm-tmp.xgr3Yu
[ 2147s] + umask 022
[ 2147s] + cd /home/abuild/rpmbuild/BUILD
[ 2147s] + cd icu4j-63.2
[ 2147s] + export JAVA_HOME=/usr/lib/jvm/java/
[ 2147s] + JAVA_HOME=/usr/lib/jvm/java/
[ 2147s] + mkdir -p /home/abuild/.ant/lib
[ 2147s] + ant -Divy.mode=local -Doffline=true -Dicu4j.api.doc.jdk.link=/usr/share/javadoc/java all check
[ 2158s] Buildfile: /home/abuild/rpmbuild/BUILD/icu4j-63.2/build.xml
[ 2182s] 
[ 2182s] info:
[ 2182s]      [echo] ----- Build Environment Information -------------------
[ 2182s]      [echo] Java Home:    /usr/lib/jvm/java-1.8.0-openjdk-1.8.0.181.b15-1.1.riscv64.fc29.riscv64/jre
[ 2182s]      [echo] Java Version: 1.8.0_181
[ 2182s]      [echo] Ant Home:     /usr/share/ant
[ 2183s]      [echo] Ant Version:  Apache Ant(TM) version 1.10.5 compiled on August 20 2018
[ 2183s]      [echo] OS:           Linux
[ 2183s]      [echo] OS Version:   5.10.0
[ 2183s]      [echo] OS Arch:      riscv64
[ 2183s]      [echo] Host:         oe-RISCV-worker24
[ 2183s]      [echo] -------------------------------------------------------
[ 2183s] 
[ 2183s] core:
[ 2187s] 
[ 2187s] @compile:
[ 2187s]      [echo] build-local:     ../../shared/../../build-local.properties
[ 2187s]      [echo] --- java compiler arguments ------------------------
[ 2187s]      [echo] source dir:     /home/abuild/rpmbuild/BUILD/icu4j-63.2/main/classes/core/src
[ 2187s]      [echo] output dir:     /home/abuild/rpmbuild/BUILD/icu4j-63.2/main/classes/core/out/bin
[ 2187s]      [echo] bootclasspath:  
[ 2187s]      [echo] classpath:      
[ 2187s]      [echo] source:         1.7
[ 2187s]      [echo] target:         1.7
[ 2187s]      [echo] debug:          on
[ 2187s]      [echo] encoding:       UTF-8
[ 2187s]      [echo] compiler arg:   -Xlint:all,-deprecation,-dep-ann,-options,-overrides
[ 2187s]      [echo] ----------------------------------------------------
[ 2187s]     [mkdir] Created dir: /home/abuild/rpmbuild/BUILD/icu4j-63.2/main/classes/core/out/bin
[ 2205s]     [javac] Compiling 470 source files to /home/abuild/rpmbuild/BUILD/icu4j-63.2/main/classes/core/out/bin
[ 4325s]     [javac] Note: Some input files use or override a deprecated API.
[ 4325s]     [javac] Note: Recompile with -Xlint:deprecation for details.
[ 4325s] 
[ 4325s] compile:
[ 4325s] 
[ 4325s] @copy:
[ 4330s]      [copy] Copying 24 files to /home/abuild/rpmbuild/BUILD/icu4j-63.2/main/classes/core/out/bin
[ 4331s] 
[ 4331s] set-icuconfig-datapath:
[ 4331s] 
[ 4331s] copy-data:
[ 4331s]     [unjar] Expanding: /home/abuild/rpmbuild/BUILD/icu4j-63.2/main/shared/data/icudata.jar into /home/abuild/rpmbuild/BUILD/icu4j-63.2/main/classes/core/out/bin
[ 4455s]     [unjar] Expanding: /home/abuild/rpmbuild/BUILD/icu4j-63.2/main/shared/data/icutzdata.jar into /home/abuild/rpmbuild/BUILD/icu4j-63.2/main/classes/core/out/bin
[ 4458s] 
[ 4458s] @full-locale-names:
[ 4458s]      [echo] Generating out/bin/com/ibm/icu/impl/data/icudt63b/fullLocaleNames.lst
[ 4474s] 
[ 4474s] @full-locale-names:
[ 4474s]      [echo] Generating out/bin/com/ibm/icu/impl/data/icudt63b/brkitr/fullLocaleNames.lst
[ 4476s] 
[ 4476s] @full-locale-names:
[ 4476s]      [echo] Generating out/bin/com/ibm/icu/impl/data/icudt63b/rbnf/fullLocaleNames.lst
[ 4481s] 
[ 4481s] @full-locale-names:
[ 4481s]      [echo] Generating out/bin/com/ibm/icu/impl/data/icudt63b/zone/fullLocaleNames.lst
[ 4490s] 
[ 4490s] copy:
[ 4490s] 
[ 4490s] @jar:
[ 4490s]     [mkdir] Created dir: /home/abuild/rpmbuild/BUILD/icu4j-63.2/main/classes/core/out/lib
[ 4490s]      [copy] Copying 1 file to /home/abuild/rpmbuild/BUILD/icu4j-63.2/main/classes/core/out
[ 4529s]       [jar] Building jar: /home/abuild/rpmbuild/BUILD/icu4j-63.2/main/classes/core/out/lib/icu4j-core.jar
[ 4652s] 
[ 4652s] jar:
[ 4652s] 
[ 4652s] @src-jar:
[ 4659s]       [jar] Building jar: /home/abuild/rpmbuild/BUILD/icu4j-63.2/main/classes/core/out/lib/icu4j-core-src.jar
[ 4679s] 
[ 4679s] src-jar:
[ 4679s] 
[ 4679s] build:
[ 4679s] 
[ 4679s] collate:
[ 4682s] 
[ 4682s] @compile:
[ 4682s]      [echo] build-local:     ../../shared/../../build-local.properties
[ 4682s]      [echo] --- java compiler arguments ------------------------
[ 4682s]      [echo] source dir:     /home/abuild/rpmbuild/BUILD/icu4j-63.2/main/classes/collate/src
[ 4682s]      [echo] output dir:     /home/abuild/rpmbuild/BUILD/icu4j-63.2/main/classes/collate/out/bin
[ 4682s]      [echo] bootclasspath:  
[ 4682s]      [echo] classpath:      /home/abuild/rpmbuild/BUILD/icu4j-63.2/main/classes/core/out/lib/icu4j-core.jar
[ 4682s]      [echo] source:         1.7
[ 4682s]      [echo] target:         1.7
[ 4682s]      [echo] debug:          on
[ 4682s]      [echo] encoding:       UTF-8
[ 4683s]      [echo] compiler arg:   -Xlint:all,-deprecation,-dep-ann,-options
[ 4683s]      [echo] ----------------------------------------------------
[ 4683s]     [mkdir] Created dir: /home/abuild/rpmbuild/BUILD/icu4j-63.2/main/classes/collate/out/bin
[ 4684s]     [javac] Compiling 39 source files to /home/abuild/rpmbuild/BUILD/icu4j-63.2/main/classes/collate/out/bin
[ 4967s]     [javac] Note: Some input files use or override a deprecated API.
[ 4967s]     [javac] Note: Recompile with -Xlint:deprecation for details.
[ 4967s] 
[ 4967s] compile:
[ 4967s] 
[ 4967s] @copy:
[ 4967s] 
[ 4967s] copy-data:
[ 4967s]     [unjar] Expanding: /home/abuild/rpmbuild/BUILD/icu4j-63.2/main/shared/data/icudata.jar into /home/abuild/rpmbuild/BUILD/icu4j-63.2/main/classes/collate/out/bin
[ 5008s] 
[ 5008s] @full-locale-names:
[ 5008s]      [echo] Generating out/bin/com/ibm/icu/impl/data/icudt63b/coll/fullLocaleNames.lst
[ 5012s] 
[ 5012s] copy:
[ 5012s] 
[ 5012s] @jar:
[ 5012s]     [mkdir] Created dir: /home/abuild/rpmbuild/BUILD/icu4j-63.2/main/classes/collate/out/lib
[ 5012s]      [copy] Copying 1 file to /home/abuild/rpmbuild/BUILD/icu4j-63.2/main/classes/collate/out
[ 5015s]       [jar] Building jar: /home/abuild/rpmbuild/BUILD/icu4j-63.2/main/classes/collate/out/lib/icu4j-collate.jar
[ 5028s] 
[ 5028s] jar:
[ 5028s] 
[ 5028s] @src-jar:
[ 5029s]       [jar] Building jar: /home/abuild/rpmbuild/BUILD/icu4j-63.2/main/classes/collate/out/lib/icu4j-collate-src.jar
[ 5031s] 
[ 5031s] src-jar:
[ 5031s] 
[ 5031s] build:
[ 5031s] 
[ 5031s] charset:
[ 5035s] 
[ 5035s] @compile:
[ 5035s]      [echo] build-local:     ../../shared/../../build-local.properties
[ 5035s]      [echo] --- java compiler arguments ------------------------
[ 5035s]      [echo] source dir:     /home/abuild/rpmbuild/BUILD/icu4j-63.2/main/classes/charset/src
[ 5035s]      [echo] output dir:     /home/abuild/rpmbuild/BUILD/icu4j-63.2/main/classes/charset/out/bin
[ 5035s]      [echo] bootclasspath:  
[ 5035s]      [echo] classpath:      /home/abuild/rpmbuild/BUILD/icu4j-63.2/main/classes/core/out/lib/icu4j-core.jar
[ 5035s]      [echo] source:         1.7
[ 5035s]      [echo] target:         1.7
[ 5035s]      [echo] debug:          on
[ 5035s]      [echo] encoding:       UTF-8
[ 5035s]      [echo] compiler arg:   -Xlint:all,-deprecation,-dep-ann,-options
[ 5035s]      [echo] ----------------------------------------------------
[ 5035s]     [mkdir] Created dir: /home/abuild/rpmbuild/BUILD/icu4j-63.2/main/classes/charset/out/bin
[ 5036s]     [javac] Compiling 32 source files to /home/abuild/rpmbuild/BUILD/icu4j-63.2/main/classes/charset/out/bin
[ 5340s]     [javac] Note: Some input files use or override a deprecated API.
[ 5340s]     [javac] Note: Recompile with -Xlint:deprecation for details.
[ 5340s] 
[ 5340s] compile:
[ 5340s] 
[ 5340s] @copy:
[ 5341s]      [copy] Copying 2 files to /home/abuild/rpmbuild/BUILD/icu4j-63.2/main/classes/charset/out/bin
[ 5341s] 
[ 5341s] copy-data:
[ 5341s]     [unjar] Expanding: /home/abuild/rpmbuild/BUILD/icu4j-63.2/main/shared/data/icudata.jar into /home/abuild/rpmbuild/BUILD/icu4j-63.2/main/classes/charset/out/bin
[ 5387s] 
[ 5387s] copy:
[ 5387s] 
[ 5387s] @jar:
[ 5387s]     [mkdir] Created dir: /home/abuild/rpmbuild/BUILD/icu4j-63.2/main/classes/charset/out/lib
[ 5387s]      [copy] Copying 1 file to /home/abuild/rpmbuild/BUILD/icu4j-63.2/main/classes/charset/out
[ 5391s]       [jar] Building jar: /home/abuild/rpmbuild/BUILD/icu4j-63.2/main/classes/charset/out/lib/icu4j-charset.jar
[ 5406s] 
[ 5406s] jar:
[ 5406s] 
[ 5406s] @src-jar:
[ 5407s]       [jar] Building jar: /home/abuild/rpmbuild/BUILD/icu4j-63.2/main/classes/charset/out/lib/icu4j-charset-src.jar
[ 5408s] 
[ 5408s] src-jar:
[ 5408s] 
[ 5408s] build:
[ 5408s] 
[ 5408s] currdata:
[ 5412s] 
[ 5412s] @compile:
[ 5412s]      [echo] build-local:     ../../shared/../../build-local.properties
[ 5412s]      [echo] --- java compiler arguments ------------------------
[ 5412s]      [echo] source dir:     /home/abuild/rpmbuild/BUILD/icu4j-63.2/main/classes/currdata/src
[ 5412s]      [echo] output dir:     /home/abuild/rpmbuild/BUILD/icu4j-63.2/main/classes/currdata/out/bin
[ 5412s]      [echo] bootclasspath:  
[ 5412s]      [echo] classpath:      /home/abuild/rpmbuild/BUILD/icu4j-63.2/main/classes/core/out/lib/icu4j-core.jar
[ 5412s]      [echo] source:         1.7
[ 5412s]      [echo] target:         1.7
[ 5412s]      [echo] debug:          on
[ 5412s]      [echo] encoding:       UTF-8
[ 5412s]      [echo] compiler arg:   -Xlint:all,-deprecation,-dep-ann,-options
[ 5412s]      [echo] ----------------------------------------------------
[ 5412s]     [mkdir] Created dir: /home/abuild/rpmbuild/BUILD/icu4j-63.2/main/classes/currdata/out/bin
[ 5413s]     [javac] Compiling 2 source files to /home/abuild/rpmbuild/BUILD/icu4j-63.2/main/classes/currdata/out/bin
[ 5432s]     [javac] Note: /home/abuild/rpmbuild/BUILD/icu4j-63.2/main/classes/currdata/src/com/ibm/icu/impl/ICUCurrencyMetaInfo.java uses or overrides a deprecated API.
[ 5432s]     [javac] Note: Recompile with -Xlint:deprecation for details.
[ 5432s] 
[ 5432s] compile:
[ 5432s] 
[ 5432s] @copy:
[ 5432s] 
[ 5432s] copy-data:
[ 5433s]     [unjar] Expanding: /home/abuild/rpmbuild/BUILD/icu4j-63.2/main/shared/data/icudata.jar into /home/abuild/rpmbuild/BUILD/icu4j-63.2/main/classes/currdata/out/bin
[ 5481s] 
[ 5481s] @full-locale-names:
[ 5481s]      [echo] Generating out/bin/com/ibm/icu/impl/data/icudt63b/curr/fullLocaleNames.lst
[ 5491s] 
[ 5491s] copy:
[ 5491s] 
[ 5491s] @jar:
[ 5491s]     [mkdir] Created dir: /home/abuild/rpmbuild/BUILD/icu4j-63.2/main/classes/currdata/out/lib
[ 5492s]      [copy] Copying 1 file to /home/abuild/rpmbuild/BUILD/icu4j-63.2/main/classes/currdata/out
[ 5499s]       [jar] Building jar: /home/abuild/rpmbuild/BUILD/icu4j-63.2/main/classes/currdata/out/lib/icu4j-currdata.jar
[ 5521s] 
[ 5521s] jar:
[ 5521s] 
[ 5521s] @src-jar:
[ 5521s]       [jar] Building jar: /home/abuild/rpmbuild/BUILD/icu4j-63.2/main/classes/currdata/out/lib/icu4j-currdata-src.jar
[ 5521s] 
[ 5521s] src-jar:
[ 5521s] 
[ 5521s] build:
[ 5521s] 
[ 5521s] langdata:
[ 5526s] 
[ 5526s] @compile:
[ 5526s]      [echo] build-local:     ../../shared/../../build-local.properties
[ 5526s]      [echo] --- java compiler arguments ------------------------
[ 5526s]      [echo] source dir:     /home/abuild/rpmbuild/BUILD/icu4j-63.2/main/classes/langdata/src
[ 5526s]      [echo] output dir:     /home/abuild/rpmbuild/BUILD/icu4j-63.2/main/classes/langdata/out/bin
[ 5526s]      [echo] bootclasspath:  
[ 5526s]      [echo] classpath:      /home/abuild/rpmbuild/BUILD/icu4j-63.2/main/classes/core/out/lib/icu4j-core.jar
[ 5526s]      [echo] source:         1.7
[ 5526s]      [echo] target:         1.7
[ 5526s]      [echo] debug:          on
[ 5526s]      [echo] encoding:       UTF-8
[ 5527s]      [echo] compiler arg:   -Xlint:all,-deprecation,-dep-ann,-options
[ 5527s]      [echo] ----------------------------------------------------
[ 5527s]     [mkdir] Created dir: /home/abuild/rpmbuild/BUILD/icu4j-63.2/main/classes/langdata/out/bin
[ 5527s]     [javac] Compiling 1 source file to /home/abuild/rpmbuild/BUILD/icu4j-63.2/main/classes/langdata/out/bin
[ 5533s] 
[ 5533s] compile:
[ 5533s] 
[ 5533s] @copy:
[ 5533s] 
[ 5533s] copy-data:
[ 5533s]     [unjar] Expanding: /home/abuild/rpmbuild/BUILD/icu4j-63.2/main/shared/data/icudata.jar into /home/abuild/rpmbuild/BUILD/icu4j-63.2/main/classes/langdata/out/bin
[ 5583s] 
[ 5583s] @full-locale-names:
[ 5583s]      [echo] Generating out/bin/com/ibm/icu/impl/data/icudt63b/lang/fullLocaleNames.lst
[ 5593s] 
[ 5593s] copy:
[ 5593s] 
[ 5593s] @jar:
[ 5593s]     [mkdir] Created dir: /home/abuild/rpmbuild/BUILD/icu4j-63.2/main/classes/langdata/out/lib
[ 5593s]      [copy] Copying 1 file to /home/abuild/rpmbuild/BUILD/icu4j-63.2/main/classes/langdata/out
[ 5599s]       [jar] Building jar: /home/abuild/rpmbuild/BUILD/icu4j-63.2/main/classes/langdata/out/lib/icu4j-langdata.jar
[ 5618s] 
[ 5618s] jar:
[ 5618s] 
[ 5618s] @src-jar:
[ 5618s]       [jar] Building jar: /home/abuild/rpmbuild/BUILD/icu4j-63.2/main/classes/langdata/out/lib/icu4j-langdata-src.jar
[ 5618s] 
[ 5618s] src-jar:
[ 5618s] 
[ 5618s] build:
[ 5618s] 
[ 5618s] regiondata:
[ 5623s] 
[ 5623s] @compile:
[ 5623s]      [echo] build-local:     ../../shared/../../build-local.properties
[ 5623s]      [echo] --- java compiler arguments ------------------------
[ 5623s]      [echo] source dir:     /home/abuild/rpmbuild/BUILD/icu4j-63.2/main/classes/regiondata/src
[ 5623s]      [echo] output dir:     /home/abuild/rpmbuild/BUILD/icu4j-63.2/main/classes/regiondata/out/bin
[ 5623s]      [echo] bootclasspath:  
[ 5623s]      [echo] classpath:      /home/abuild/rpmbuild/BUILD/icu4j-63.2/main/classes/core/out/lib/icu4j-core.jar
[ 5623s]      [echo] source:         1.7
[ 5623s]      [echo] target:         1.7
[ 5623s]      [echo] debug:          on
[ 5623s]      [echo] encoding:       UTF-8
[ 5623s]      [echo] compiler arg:   -Xlint:all,-deprecation,-dep-ann,-options
[ 5623s]      [echo] ----------------------------------------------------
[ 5623s]     [mkdir] Created dir: /home/abuild/rpmbuild/BUILD/icu4j-63.2/main/classes/regiondata/out/bin
[ 5623s]     [javac] Compiling 1 source file to /home/abuild/rpmbuild/BUILD/icu4j-63.2/main/classes/regiondata/out/bin
[ 5630s] 
[ 5630s] compile:
[ 5630s] 
[ 5630s] @copy:
[ 5630s] 
[ 5630s] copy-data:
[ 5630s]     [unjar] Expanding: /home/abuild/rpmbuild/BUILD/icu4j-63.2/main/shared/data/icudata.jar into /home/abuild/rpmbuild/BUILD/icu4j-63.2/main/classes/regiondata/out/bin
[ 5678s] 
[ 5678s] @full-locale-names:
[ 5678s]      [echo] Generating out/bin/com/ibm/icu/impl/data/icudt63b/region/fullLocaleNames.lst
[ 5690s] 
[ 5690s] copy:
[ 5690s] 
[ 5690s] @jar:
[ 5690s]     [mkdir] Created dir: /home/abuild/rpmbuild/BUILD/icu4j-63.2/main/classes/regiondata/out/lib
[ 5690s]      [copy] Copying 1 file to /home/abuild/rpmbuild/BUILD/icu4j-63.2/main/classes/regiondata/out
[ 5697s]       [jar] Building jar: /home/abuild/rpmbuild/BUILD/icu4j-63.2/main/classes/regiondata/out/lib/icu4j-regiondata.jar
[ 5717s] 
[ 5717s] jar:
[ 5717s] 
[ 5717s] @src-jar:
[ 5718s]       [jar] Building jar: /home/abuild/rpmbuild/BUILD/icu4j-63.2/main/classes/regiondata/out/lib/icu4j-regiondata-src.jar
[ 5718s] 
[ 5718s] src-jar:
[ 5718s] 
[ 5718s] build:
[ 5718s] 
[ 5718s] translit:
[ 5722s] 
[ 5722s] @compile:
[ 5722s]      [echo] build-local:     ../../shared/../../build-local.properties
[ 5722s]      [echo] --- java compiler arguments ------------------------
[ 5722s]      [echo] source dir:     /home/abuild/rpmbuild/BUILD/icu4j-63.2/main/classes/translit/src
[ 5722s]      [echo] output dir:     /home/abuild/rpmbuild/BUILD/icu4j-63.2/main/classes/translit/out/bin
[ 5722s]      [echo] bootclasspath:  
[ 5723s]      [echo] classpath:      /home/abuild/rpmbuild/BUILD/icu4j-63.2/main/classes/core/out/lib/icu4j-core.jar:/home/abuild/rpmbuild/BUILD/icu4j-63.2/main/classes/translit/out/lib/icu4j-translit.jar
[ 5723s]      [echo] source:         1.7
[ 5723s]      [echo] target:         1.7
[ 5723s]      [echo] debug:          on
[ 5723s]      [echo] encoding:       UTF-8
[ 5723s]      [echo] compiler arg:   -Xlint:all,-deprecation,-dep-ann,-options
[ 5723s]      [echo] ----------------------------------------------------
[ 5723s]     [mkdir] Created dir: /home/abuild/rpmbuild/BUILD/icu4j-63.2/main/classes/translit/out/bin
[ 5724s]     [javac] Compiling 26 source files to /home/abuild/rpmbuild/BUILD/icu4j-63.2/main/classes/translit/out/bin
[ 5840s]     [javac] Note: Some input files use or override a deprecated API.
[ 5840s]     [javac] Note: Recompile with -Xlint:deprecation for details.
[ 5840s] 
[ 5840s] compile:
[ 5840s] 
[ 5840s] @copy:
[ 5840s] 
[ 5840s] copy-data:
[ 5840s]     [unjar] Expanding: /home/abuild/rpmbuild/BUILD/icu4j-63.2/main/shared/data/icudata.jar into /home/abuild/rpmbuild/BUILD/icu4j-63.2/main/classes/translit/out/bin
[ 5882s] 
[ 5882s] @full-locale-names:
[ 5882s]      [echo] Generating out/bin/com/ibm/icu/impl/data/icudt63b/translit/fullLocaleNames.lst
[ 5882s] 
[ 5882s] copy:
[ 5882s] 
[ 5882s] @jar:
[ 5882s]     [mkdir] Created dir: /home/abuild/rpmbuild/BUILD/icu4j-63.2/main/classes/translit/out/lib
[ 5882s]      [copy] Copying 1 file to /home/abuild/rpmbuild/BUILD/icu4j-63.2/main/classes/translit/out
[ 5884s]       [jar] Building jar: /home/abuild/rpmbuild/BUILD/icu4j-63.2/main/classes/translit/out/lib/icu4j-translit.jar
[ 5888s] 
[ 5888s] jar:
[ 5888s] 
[ 5888s] @src-jar:
[ 5888s]       [jar] Building jar: /home/abuild/rpmbuild/BUILD/icu4j-63.2/main/classes/translit/out/lib/icu4j-translit-src.jar
[ 5889s] 
[ 5889s] src-jar:
[ 5889s] 
[ 5889s] build:
[ 5889s] 
[ 5889s] localespi:
[ 5893s] 
[ 5893s] @compile:
[ 5893s]      [echo] build-local:     ../../shared/../../build-local.properties
[ 5893s]      [echo] --- java compiler arguments ------------------------
[ 5893s]      [echo] source dir:     /home/abuild/rpmbuild/BUILD/icu4j-63.2/main/classes/localespi/src
[ 5893s]      [echo] output dir:     /home/abuild/rpmbuild/BUILD/icu4j-63.2/main/classes/localespi/out/bin
[ 5893s]      [echo] bootclasspath:  
[ 5893s]      [echo] classpath:      /home/abuild/rpmbuild/BUILD/icu4j-63.2/main/classes/core/out/lib/icu4j-core.jar:/home/abuild/rpmbuild/BUILD/icu4j-63.2/main/classes/collate/out/lib/icu4j-collate.jar
[ 5893s]      [echo] source:         1.7
[ 5893s]      [echo] target:         1.7
[ 5893s]      [echo] debug:          on
[ 5893s]      [echo] encoding:       UTF-8
[ 5893s]      [echo] compiler arg:   -Xlint:all,-deprecation,-dep-ann,-options
[ 5893s]      [echo] ----------------------------------------------------
[ 5894s]     [mkdir] Created dir: /home/abuild/rpmbuild/BUILD/icu4j-63.2/main/classes/localespi/out/bin
[ 5895s]     [javac] Compiling 22 source files to /home/abuild/rpmbuild/BUILD/icu4j-63.2/main/classes/localespi/out/bin
[ 5955s] 
[ 5955s] compile:
[ 5955s] 
[ 5955s] @copy:
[ 5956s]      [copy] Copying 11 files to /home/abuild/rpmbuild/BUILD/icu4j-63.2/main/classes/localespi/out/bin
[ 5956s] 
[ 5956s] copy:
[ 5956s] 
[ 5956s] @jar:
[ 5956s]     [mkdir] Created dir: /home/abuild/rpmbuild/BUILD/icu4j-63.2/main/classes/localespi/out/lib
[ 5956s]      [copy] Copying 1 file to /home/abuild/rpmbuild/BUILD/icu4j-63.2/main/classes/localespi/out
[ 5957s]       [jar] Building jar: /home/abuild/rpmbuild/BUILD/icu4j-63.2/main/classes/localespi/out/lib/icu4j-localespi.jar
[ 5959s] 
[ 5959s] jar:
[ 5959s] 
[ 5959s] @src-jar:
[ 5959s]       [jar] Building jar: /home/abuild/rpmbuild/BUILD/icu4j-63.2/main/classes/localespi/out/lib/icu4j-localespi-src.jar
[ 5960s] 
[ 5960s] src-jar:
[ 5960s] 
[ 5960s] build:
[ 5960s] 
[ 5960s] main:
[ 5960s] 
[ 5960s] download-ivy:
[ 5960s] 
[ 5960s] init-ivy:
[ 5967s] 
[ 5967s] test-init-junit-dependency:
[ 5975s] [ivy:retrieve] :: Apache Ivy 2.4.0-local-20220111234528 - 20220111234528 :: http://ant.apache.org/ivy/ ::
[ 5975s] [ivy:retrieve] :: loading settings :: file = /etc/ivy/ivysettings.xml
[ 5981s] [ivy:retrieve] :: resolving dependencies :: com.ibm.icu#icu4j;working@oe-RISCV-worker24
[ 5981s] [ivy:retrieve] 	confs: [default]
[ 5990s] [ivy:retrieve] 	found junit#junit;SYSTEM in xmvn
[ 5990s] [ivy:retrieve] 	[SYSTEM] junit#junit;4.12 (forced)
[ 5990s] [ivy:retrieve] 	found org.hamcrest#hamcrest-core;SYSTEM in xmvn
[ 5990s] [ivy:retrieve] 	[SYSTEM] org.hamcrest#hamcrest-core;1.3 (forced)
[ 5991s] [ivy:retrieve] :: resolution report :: resolve 9678ms :: artifacts dl 57ms
[ 5991s] 	---------------------------------------------------------------------
[ 5991s] 	|                  |            modules            ||   artifacts   |
[ 5991s] 	|       conf       | number| search|dwnlded|evicted|| number|dwnlded|
[ 5991s] 	---------------------------------------------------------------------
[ 5991s] 	|      default     |   2   |   2   |   0   |   0   ||   2   |   2   |
[ 5991s] 	---------------------------------------------------------------------
[ 5991s] [ivy:retrieve] :: retrieving :: com.ibm.icu#icu4j
[ 5991s] [ivy:retrieve] 	confs: [default]
[ 5992s] [ivy:retrieve] 	2 artifacts copied, 0 already retrieved (360kB/378ms)
[ 5992s] 
[ 5992s] init:
[ 5992s] 
[ 5992s] test-framework:
[ 5996s] 
[ 5996s] @compile:
[ 5996s]      [echo] build-local:     ../../shared/../../build-local.properties
[ 5996s]      [echo] --- java compiler arguments ------------------------
[ 5996s]      [echo] source dir:     /home/abuild/rpmbuild/BUILD/icu4j-63.2/main/tests/framework/src
[ 5996s]      [echo] output dir:     /home/abuild/rpmbuild/BUILD/icu4j-63.2/main/tests/framework/out/bin
[ 5996s]      [echo] bootclasspath:  
[ 5996s]      [echo] classpath:      /home/abuild/rpmbuild/BUILD/icu4j-63.2/lib/junit-SYSTEM.jar:/home/abuild/rpmbuild/BUILD/icu4j-63.2/lib/hamcrest-core-SYSTEM.jar:/home/abuild/rpmbuild/BUILD/icu4j-63.2/lib/JUnitParams-1.0.5.jar:/home/abuild/rpmbuild/BUILD/icu4j-63.2/main/classes/core/out/lib/icu4j-core.jar
[ 5996s]      [echo] source:         1.7
[ 5996s]      [echo] target:         1.7
[ 5996s]      [echo] debug:          on
[ 5996s]      [echo] encoding:       UTF-8
[ 5996s]      [echo] compiler arg:   -Xlint:none
[ 5996s]      [echo] ----------------------------------------------------
[ 5996s]     [mkdir] Created dir: /home/abuild/rpmbuild/BUILD/icu4j-63.2/main/tests/framework/out/bin
[ 5997s]     [javac] Compiling 15 source files to /home/abuild/rpmbuild/BUILD/icu4j-63.2/main/tests/framework/out/bin
[ 6070s]     [javac] Note: Some input files use or override a deprecated API.
[ 6070s]     [javac] Note: Recompile with -Xlint:deprecation for details.
[ 6070s]     [javac] Note: Some input files use unchecked or unsafe operations.
[ 6070s]     [javac] Note: Recompile with -Xlint:unchecked for details.
[ 6070s] 
[ 6070s] compile:
[ 6070s] 
[ 6070s] @copy:
[ 6070s]      [copy] Copying 2 files to /home/abuild/rpmbuild/BUILD/icu4j-63.2/main/tests/framework/out/bin
[ 6070s] 
[ 6070s] copy:
[ 6070s] 
[ 6070s] @jar:
[ 6070s]     [mkdir] Created dir: /home/abuild/rpmbuild/BUILD/icu4j-63.2/main/tests/framework/out/lib
[ 6070s]      [copy] Copying 1 file to /home/abuild/rpmbuild/BUILD/icu4j-63.2/main/tests/framework/out
[ 6071s]       [jar] Building jar: /home/abuild/rpmbuild/BUILD/icu4j-63.2/main/tests/framework/out/lib/icu4j-test-framework.jar
[ 6074s] 
[ 6074s] jar:
[ 6074s] 
[ 6074s] @src-jar:
[ 6074s]       [jar] Building jar: /home/abuild/rpmbuild/BUILD/icu4j-63.2/main/tests/framework/out/lib/icu4j-test-framework-src.jar
[ 6075s] 
[ 6075s] src-jar:
[ 6075s] 
[ 6075s] build:
[ 6075s] 
[ 6075s] core-tests:
[ 6079s] 
[ 6079s] @compile:
[ 6079s]      [echo] build-local:     ../../shared/../../build-local.properties
[ 6079s]      [echo] --- java compiler arguments ------------------------
[ 6079s]      [echo] source dir:     /home/abuild/rpmbuild/BUILD/icu4j-63.2/main/tests/core/src
[ 6079s]      [echo] output dir:     /home/abuild/rpmbuild/BUILD/icu4j-63.2/main/tests/core/out/bin
[ 6079s]      [echo] bootclasspath:  
[ 6079s]      [echo] classpath:      /home/abuild/rpmbuild/BUILD/icu4j-63.2/lib/junit-SYSTEM.jar:/home/abuild/rpmbuild/BUILD/icu4j-63.2/lib/hamcrest-core-SYSTEM.jar:/home/abuild/rpmbuild/BUILD/icu4j-63.2/lib/JUnitParams-1.0.5.jar:/home/abuild/rpmbuild/BUILD/icu4j-63.2/main/classes/core/out/lib/icu4j-core.jar:/home/abuild/rpmbuild/BUILD/icu4j-63.2/main/tests/framework/out/lib/icu4j-test-framework.jar
[ 6079s]      [echo] source:         1.7
[ 6079s]      [echo] target:         1.7
[ 6080s]      [echo] debug:          on
[ 6080s]      [echo] encoding:       UTF-8
[ 6080s]      [echo] compiler arg:   -Xlint:none
[ 6080s]      [echo] ----------------------------------------------------
[ 6080s]     [mkdir] Created dir: /home/abuild/rpmbuild/BUILD/icu4j-63.2/main/tests/core/out/bin
[ 6098s]     [javac] Compiling 245 source files to /home/abuild/rpmbuild/BUILD/icu4j-63.2/main/tests/core/out/bin
[10601s]     [javac] Note: Some input files use or override a deprecated API.
[10601s]     [javac] Note: Recompile with -Xlint:deprecation for details.
[10601s]     [javac] Note: Some input files use unchecked or unsafe operations.
[10601s]     [javac] Note: Recompile with -Xlint:unchecked for details.
[10601s] 
[10601s] compile:
[10601s] 
[10601s] @copy:
[10644s]      [copy] Copying 474 files to /home/abuild/rpmbuild/BUILD/icu4j-63.2/main/tests/core/out/bin
[10675s] 
[10675s] copy-test-data:
[10675s]     [unjar] Expanding: /home/abuild/rpmbuild/BUILD/icu4j-63.2/main/shared/data/testdata.jar into /home/abuild/rpmbuild/BUILD/icu4j-63.2/main/tests/core/out/bin
[10685s] 
[10685s] copy:
[10685s] 
[10685s] @jar:
[10685s]     [mkdir] Created dir: /home/abuild/rpmbuild/BUILD/icu4j-63.2/main/tests/core/out/lib
[10685s]      [copy] Copying 1 file to /home/abuild/rpmbuild/BUILD/icu4j-63.2/main/tests/core/out
[10721s]       [jar] Building jar: /home/abuild/rpmbuild/BUILD/icu4j-63.2/main/tests/core/out/lib/icu4j-core-tests.jar
[10818s] 
[10818s] jar:
[10818s] 
[10818s] @src-jar:
[10828s]       [jar] Building jar: /home/abuild/rpmbuild/BUILD/icu4j-63.2/main/tests/core/out/lib/icu4j-core-tests-src.jar
[10848s] 
[10848s] src-jar:
[10848s] 
[10848s] build:
[10848s] 
[10848s] charset-tests:
[10856s] 
[10856s] @compile:
[10856s]      [echo] build-local:     ../../shared/../../build-local.properties
[10856s]      [echo] --- java compiler arguments ------------------------
[10856s]      [echo] source dir:     /home/abuild/rpmbuild/BUILD/icu4j-63.2/main/tests/charset/src
[10856s]      [echo] output dir:     /home/abuild/rpmbuild/BUILD/icu4j-63.2/main/tests/charset/out/bin
[10856s]      [echo] bootclasspath:  
[10856s]      [echo] classpath:      /home/abuild/rpmbuild/BUILD/icu4j-63.2/lib/junit-SYSTEM.jar:/home/abuild/rpmbuild/BUILD/icu4j-63.2/lib/hamcrest-core-SYSTEM.jar:/home/abuild/rpmbuild/BUILD/icu4j-63.2/lib/JUnitParams-1.0.5.jar:/home/abuild/rpmbuild/BUILD/icu4j-63.2/main/classes/core/out/lib/icu4j-core.jar:/home/abuild/rpmbuild/BUILD/icu4j-63.2/main/classes/charset/out/lib/icu4j-charset.jar:/home/abuild/rpmbuild/BUILD/icu4j-63.2/main/tests/framework/out/lib/icu4j-test-framework.jar
[10856s]      [echo] source:         1.7
[10856s]      [echo] target:         1.7
[10856s]      [echo] debug:          on
[10856s]      [echo] encoding:       UTF-8
[10856s]      [echo] compiler arg:   -Xlint:none
[10857s]      [echo] ----------------------------------------------------
[10857s]     [mkdir] Created dir: /home/abuild/rpmbuild/BUILD/icu4j-63.2/main/tests/charset/out/bin
[10857s] 
[10857s] compile:
[10857s] 
[10857s] @copy:
[10858s]      [copy] Copied 6 empty directories to 6 empty directories under /home/abuild/rpmbuild/BUILD/icu4j-63.2/main/tests/charset/out/bin
[10858s] 
[10858s] copy-charset-test-data:
[10858s]     [unjar] Expanding: /home/abuild/rpmbuild/BUILD/icu4j-63.2/main/shared/data/testdata.jar into /home/abuild/rpmbuild/BUILD/icu4j-63.2/main/tests/charset/out/bin
[10859s] 
[10859s] copy:
[10859s] 
[10859s] @jar:
[10859s]     [mkdir] Created dir: /home/abuild/rpmbuild/BUILD/icu4j-63.2/main/tests/charset/out/lib
[10859s]      [copy] Copying 1 file to /home/abuild/rpmbuild/BUILD/icu4j-63.2/main/tests/charset/out
[10860s]       [jar] Building jar: /home/abuild/rpmbuild/BUILD/icu4j-63.2/main/tests/charset/out/lib/icu4j-charset-tests.jar
[10861s] 
[10861s] jar:
[10861s] 
[10861s] @src-jar:
[10862s]       [jar] Building jar: /home/abuild/rpmbuild/BUILD/icu4j-63.2/main/tests/charset/out/lib/icu4j-charset-tests-src.jar
[10862s] 
[10862s] src-jar:
[10862s] 
[10862s] build:
[10862s] 
[10862s] collate-tests:
[10870s] 
[10870s] @compile:
[10870s]      [echo] build-local:     ../../shared/../../build-local.properties
[10870s]      [echo] --- java compiler arguments ------------------------
[10870s]      [echo] source dir:     /home/abuild/rpmbuild/BUILD/icu4j-63.2/main/tests/collate/src
[10870s]      [echo] output dir:     /home/abuild/rpmbuild/BUILD/icu4j-63.2/main/tests/collate/out/bin
[10870s]      [echo] bootclasspath:  
[10871s]      [echo] classpath:      /home/abuild/rpmbuild/BUILD/icu4j-63.2/lib/junit-SYSTEM.jar:/home/abuild/rpmbuild/BUILD/icu4j-63.2/lib/hamcrest-core-SYSTEM.jar:/home/abuild/rpmbuild/BUILD/icu4j-63.2/lib/JUnitParams-1.0.5.jar:/home/abuild/rpmbuild/BUILD/icu4j-63.2/main/classes/core/out/lib/icu4j-core.jar:/home/abuild/rpmbuild/BUILD/icu4j-63.2/main/classes/collate/out/lib/icu4j-collate.jar:/home/abuild/rpmbuild/BUILD/icu4j-63.2/main/tests/framework/out/lib/icu4j-test-framework.jar
[10871s]      [echo] source:         1.7
[10871s]      [echo] target:         1.7
[10871s]      [echo] debug:          on
[10871s]      [echo] encoding:       UTF-8
[10871s]      [echo] compiler arg:   -Xlint:none
[10871s]      [echo] ----------------------------------------------------
[10871s]     [mkdir] Created dir: /home/abuild/rpmbuild/BUILD/icu4j-63.2/main/tests/collate/out/bin
[10873s]     [javac] Compiling 32 source files to /home/abuild/rpmbuild/BUILD/icu4j-63.2/main/tests/collate/out/bin
[11494s]     [javac] Note: Some input files use or override a deprecated API.
[11494s]     [javac] Note: Recompile with -Xlint:deprecation for details.
[11494s]     [javac] Note: Some input files use unchecked or unsafe operations.
[11494s]     [javac] Note: Recompile with -Xlint:unchecked for details.
[11494s] 
[11494s] compile:
[11494s] 
[11494s] @copy:
[11495s]      [copy] Copying 5 files to /home/abuild/rpmbuild/BUILD/icu4j-63.2/main/tests/collate/out/bin
[11495s] 
[11495s] copy-collate-test-data:
[11495s]     [unjar] Expanding: /home/abuild/rpmbuild/BUILD/icu4j-63.2/main/shared/data/testdata.jar into /home/abuild/rpmbuild/BUILD/icu4j-63.2/main/tests/collate/out/bin
[11496s] 
[11496s] copy:
[11496s] 
[11496s] @jar:
[11496s]     [mkdir] Created dir: /home/abuild/rpmbuild/BUILD/icu4j-63.2/main/tests/collate/out/lib
[11496s]      [copy] Copying 1 file to /home/abuild/rpmbuild/BUILD/icu4j-63.2/main/tests/collate/out
[11497s]       [jar] Building jar: /home/abuild/rpmbuild/BUILD/icu4j-63.2/main/tests/collate/out/lib/icu4j-collate-tests.jar
[11504s] 
[11504s] jar:
[11504s] 
[11504s] @src-jar:
[11504s]       [jar] Building jar: /home/abuild/rpmbuild/BUILD/icu4j-63.2/main/tests/collate/out/lib/icu4j-collate-tests-src.jar
[11506s] 
[11506s] src-jar:
[11506s] 
[11506s] build:
[11506s] 
[11506s] packaging-tests:
[11510s] 
[11510s] @compile:
[11510s]      [echo] build-local:     ../../shared/../../build-local.properties
[11510s]      [echo] --- java compiler arguments ------------------------
[11510s]      [echo] source dir:     /home/abuild/rpmbuild/BUILD/icu4j-63.2/main/tests/packaging/src
[11510s]      [echo] output dir:     /home/abuild/rpmbuild/BUILD/icu4j-63.2/main/tests/packaging/out/bin
[11510s]      [echo] bootclasspath:  
[11510s]      [echo] classpath:      /home/abuild/rpmbuild/BUILD/icu4j-63.2/lib/junit-SYSTEM.jar:/home/abuild/rpmbuild/BUILD/icu4j-63.2/lib/hamcrest-core-SYSTEM.jar:/home/abuild/rpmbuild/BUILD/icu4j-63.2/lib/JUnitParams-1.0.5.jar:/home/abuild/rpmbuild/BUILD/icu4j-63.2/main/classes/core/out/lib/icu4j-core.jar:/home/abuild/rpmbuild/BUILD/icu4j-63.2/main/classes/charset/out/lib/icu4j-charset.jar:/home/abuild/rpmbuild/BUILD/icu4j-63.2/main/tests/framework/out/lib/icu4j-test-framework.jar
[11510s]      [echo] source:         1.7
[11510s]      [echo] target:         1.7
[11510s]      [echo] debug:          on
[11510s]      [echo] encoding:       UTF-8
[11510s]      [echo] compiler arg:   -Xlint:none
[11510s]      [echo] ----------------------------------------------------
[11510s]     [mkdir] Created dir: /home/abuild/rpmbuild/BUILD/icu4j-63.2/main/tests/packaging/out/bin
[11510s]     [javac] Compiling 1 source file to /home/abuild/rpmbuild/BUILD/icu4j-63.2/main/tests/packaging/out/bin
[11524s] 
[11524s] compile:
[11524s] 
[11524s] @copy:
[11524s] 
[11524s] copy:
[11524s] 
[11524s] @jar:
[11524s]     [mkdir] Created dir: /home/abuild/rpmbuild/BUILD/icu4j-63.2/main/tests/packaging/out/lib
[11524s]      [copy] Copying 1 file to /home/abuild/rpmbuild/BUILD/icu4j-63.2/main/tests/packaging/out
[11525s]       [jar] Building jar: /home/abuild/rpmbuild/BUILD/icu4j-63.2/main/tests/packaging/out/lib/icu4j-packaging-tests.jar
[11525s] 
[11525s] jar:
[11525s] 
[11525s] @src-jar:
[11525s]       [jar] Building jar: /home/abuild/rpmbuild/BUILD/icu4j-63.2/main/tests/packaging/out/lib/icu4j-packaging-tests-src.jar
[11525s] 
[11525s] src-jar:
[11525s] 
[11525s] build:
[11525s] 
[11525s] translit-tests:
[11530s] 
[11530s] @compile:
[11530s]      [echo] build-local:     ../../shared/../../build-local.properties
[11530s]      [echo] --- java compiler arguments ------------------------
[11530s]      [echo] source dir:     /home/abuild/rpmbuild/BUILD/icu4j-63.2/main/tests/translit/src
[11530s]      [echo] output dir:     /home/abuild/rpmbuild/BUILD/icu4j-63.2/main/tests/translit/out/bin
[11530s]      [echo] bootclasspath:  
[11530s]      [echo] classpath:      /home/abuild/rpmbuild/BUILD/icu4j-63.2/lib/junit-SYSTEM.jar:/home/abuild/rpmbuild/BUILD/icu4j-63.2/lib/hamcrest-core-SYSTEM.jar:/home/abuild/rpmbuild/BUILD/icu4j-63.2/lib/JUnitParams-1.0.5.jar:/home/abuild/rpmbuild/BUILD/icu4j-63.2/main/classes/core/out/lib/icu4j-core.jar:/home/abuild/rpmbuild/BUILD/icu4j-63.2/main/classes/translit/out/lib/icu4j-translit.jar:/home/abuild/rpmbuild/BUILD/icu4j-63.2/main/tests/framework/out/lib/icu4j-test-framework.jar
[11530s]      [echo] source:         1.7
[11531s]      [echo] target:         1.7
[11531s]      [echo] debug:          on
[11531s]      [echo] encoding:       UTF-8
[11531s]      [echo] compiler arg:   -Xlint:none
[11531s]      [echo] ----------------------------------------------------
[11531s]     [mkdir] Created dir: /home/abuild/rpmbuild/BUILD/icu4j-63.2/main/tests/translit/out/bin
[11532s]     [javac] Compiling 18 source files to /home/abuild/rpmbuild/BUILD/icu4j-63.2/main/tests/translit/out/bin
[11741s]     [javac] Note: Some input files use or override a deprecated API.
[11741s]     [javac] Note: Recompile with -Xlint:deprecation for details.
[11741s]     [javac] Note: Some input files use unchecked or unsafe operations.
[11741s]     [javac] Note: Recompile with -Xlint:unchecked for details.
[11741s] 
[11741s] compile:
[11741s] 
[11741s] @copy:
[11742s]      [copy] Copying 2 files to /home/abuild/rpmbuild/BUILD/icu4j-63.2/main/tests/translit/out/bin
[11742s] 
[11742s] copy-translit-test-data:
[11742s] 
[11742s] copy:
[11742s] 
[11742s] @jar:
[11742s]     [mkdir] Created dir: /home/abuild/rpmbuild/BUILD/icu4j-63.2/main/tests/translit/out/lib
[11742s]      [copy] Copying 1 file to /home/abuild/rpmbuild/BUILD/icu4j-63.2/main/tests/translit/out
[11743s]       [jar] Building jar: /home/abuild/rpmbuild/BUILD/icu4j-63.2/main/tests/translit/out/lib/icu4j-translit-tests.jar
[11745s] 
[11745s] jar:
[11745s] 
[11745s] @src-jar:
[11746s]       [jar] Building jar: /home/abuild/rpmbuild/BUILD/icu4j-63.2/main/tests/translit/out/lib/icu4j-translit-tests-src.jar
[11747s] 
[11747s] src-jar:
[11747s] 
[11747s] build:
[11747s] 
[11747s] localespi-tests:
[11752s] 
[11752s] @compile:
[11752s]      [echo] build-local:     ../../shared/../../build-local.properties
[11752s]      [echo] --- java compiler arguments ------------------------
[11752s]      [echo] source dir:     /home/abuild/rpmbuild/BUILD/icu4j-63.2/main/tests/localespi/src
[11752s]      [echo] output dir:     /home/abuild/rpmbuild/BUILD/icu4j-63.2/main/tests/localespi/out/bin
[11752s]      [echo] bootclasspath:  
[11753s]      [echo] classpath:      /home/abuild/rpmbuild/BUILD/icu4j-63.2/lib/junit-SYSTEM.jar:/home/abuild/rpmbuild/BUILD/icu4j-63.2/lib/hamcrest-core-SYSTEM.jar:/home/abuild/rpmbuild/BUILD/icu4j-63.2/lib/JUnitParams-1.0.5.jar:/home/abuild/rpmbuild/BUILD/icu4j-63.2/main/classes/core/out/lib/icu4j-core.jar:/home/abuild/rpmbuild/BUILD/icu4j-63.2/main/classes/collate/out/lib/icu4j-collate.jar:/home/abuild/rpmbuild/BUILD/icu4j-63.2/main/classes/localespi/out/lib/icu4j-localespi.jar:/home/abuild/rpmbuild/BUILD/icu4j-63.2/main/tests/framework/out/lib/icu4j-test-framework.jar
[11753s]      [echo] source:         1.7
[11753s]      [echo] target:         1.7
[11753s]      [echo] debug:          on
[11753s]      [echo] encoding:       UTF-8
[11753s]      [echo] compiler arg:   -Xlint:none
[11753s]      [echo] ----------------------------------------------------
[11753s]     [mkdir] Created dir: /home/abuild/rpmbuild/BUILD/icu4j-63.2/main/tests/localespi/out/bin
[11754s]     [javac] Compiling 10 source files to /home/abuild/rpmbuild/BUILD/icu4j-63.2/main/tests/localespi/out/bin
[11845s] 
[11845s] compile:
[11845s] 
[11845s] @copy:
[11846s] 
[11846s] copy:
[11846s] 
[11846s] @jar:
[11846s]     [mkdir] Created dir: /home/abuild/rpmbuild/BUILD/icu4j-63.2/main/tests/localespi/out/lib
[11846s]      [copy] Copying 1 file to /home/abuild/rpmbuild/BUILD/icu4j-63.2/main/tests/localespi/out
[11847s]       [jar] Building jar: /home/abuild/rpmbuild/BUILD/icu4j-63.2/main/tests/localespi/out/lib/icu4j-localespi-tests.jar
[11848s] 
[11848s] jar:
[11848s] 
[11848s] @src-jar:
[11848s]       [jar] Building jar: /home/abuild/rpmbuild/BUILD/icu4j-63.2/main/tests/localespi/out/lib/icu4j-localespi-tests-src.jar
[11848s] 
[11848s] src-jar:
[11848s] 
[11848s] build:
[11849s] 
[11849s] tests:
[11849s] 
[11849s] build-tools:
[11853s] 
[11853s] copy-src-pre8:
[11853s] 
[11853s] @compile:
[11853s]      [echo] build-local:     ../../main/shared/../../build-local.properties
[11853s]      [echo] --- java compiler arguments ------------------------
[11853s]      [echo] source dir:     /home/abuild/rpmbuild/BUILD/icu4j-63.2/tools/build/src
[11853s]      [echo] output dir:     /home/abuild/rpmbuild/BUILD/icu4j-63.2/tools/build/out/bin
[11853s]      [echo] bootclasspath:  
[11853s]      [echo] classpath:      /usr/lib/jvm/java/lib/tools.jar
[11853s]      [echo] source:         1.7
[11853s]      [echo] target:         1.7
[11853s]      [echo] debug:          on
[11853s]      [echo] encoding:       UTF-8
[11853s]      [echo] compiler arg:   -Xlint:none
[11854s]      [echo] ----------------------------------------------------
[11854s]     [mkdir] Created dir: /home/abuild/rpmbuild/BUILD/icu4j-63.2/tools/build/out/bin
[11855s]     [javac] Compiling 18 source files to /home/abuild/rpmbuild/BUILD/icu4j-63.2/tools/build/out/bin
[12037s]     [javac] Note: Some input files use unchecked or unsafe operations.
[12037s]     [javac] Note: Recompile with -Xlint:unchecked for details.
[12037s] 
[12037s] compile:
[12037s] 
[12037s] @copy:
[12038s] 
[12038s] copy:
[12038s] 
[12038s] @jar:
[12038s]     [mkdir] Created dir: /home/abuild/rpmbuild/BUILD/icu4j-63.2/tools/build/out/lib
[12038s]      [copy] Copying 1 file to /home/abuild/rpmbuild/BUILD/icu4j-63.2/tools/build/out
[12039s]       [jar] Building jar: /home/abuild/rpmbuild/BUILD/icu4j-63.2/tools/build/out/lib/icu4j-build-tools.jar
[12041s] 
[12041s] jar:
[12041s] 
[12041s] build:
[12041s] 
[12041s] tools:
[12045s] 
[12045s] @compile:
[12045s]      [echo] build-local:     ../../main/shared/../../build-local.properties
[12045s]      [echo] --- java compiler arguments ------------------------
[12045s]      [echo] source dir:     /home/abuild/rpmbuild/BUILD/icu4j-63.2/tools/misc/src
[12045s]      [echo] output dir:     /home/abuild/rpmbuild/BUILD/icu4j-63.2/tools/misc/out/bin
[12045s]      [echo] bootclasspath:  
[12045s]      [echo] classpath:      /home/abuild/rpmbuild/BUILD/icu4j-63.2/main/classes/core/out/lib/icu4j-core.jar:/home/abuild/rpmbuild/BUILD/icu4j-63.2/main/classes/collate/out/lib/icu4j-collate.jar:/home/abuild/rpmbuild/BUILD/icu4j-63.2/main/classes/translit/out/lib/icu4j-translit.jar:/home/abuild/rpmbuild/BUILD/icu4j-63.2/main/tests/framework/out/lib/icu4j-test-framework.jar:/home/abuild/rpmbuild/BUILD/icu4j-63.2/main/tests/core/out/lib/icu4j-core-tests.jar:/home/abuild/rpmbuild/BUILD/icu4j-63.2/main/tests/translit/out/lib/icu4j-translit-tests.jar
[12045s]      [echo] source:         1.7
[12045s]      [echo] target:         1.7
[12045s]      [echo] debug:          on
[12045s]      [echo] encoding:       UTF-8
[12045s]      [echo] compiler arg:   -Xlint:none
[12045s]      [echo] ----------------------------------------------------
[12045s]     [mkdir] Created dir: /home/abuild/rpmbuild/BUILD/icu4j-63.2/tools/misc/out/bin
[12048s]     [javac] Compiling 76 source files to /home/abuild/rpmbuild/BUILD/icu4j-63.2/tools/misc/out/bin
[12267s]     [javac] Note: Some input files use or override a deprecated API.
[12267s]     [javac] Note: Recompile with -Xlint:deprecation for details.
[12267s]     [javac] Note: Some input files use unchecked or unsafe operations.
[12267s]     [javac] Note: Recompile with -Xlint:unchecked for details.
[12267s] 
[12267s] compile:
[12267s] 
[12267s] @copy:
[12269s]      [copy] Copying 16 files to /home/abuild/rpmbuild/BUILD/icu4j-63.2/tools/misc/out/bin
[12270s] 
[12270s] copy:
[12270s] 
[12270s] @jar:
[12270s]     [mkdir] Created dir: /home/abuild/rpmbuild/BUILD/icu4j-63.2/tools/misc/out/lib
[12270s]      [copy] Copying 1 file to /home/abuild/rpmbuild/BUILD/icu4j-63.2/tools/misc/out
[12272s]       [jar] Building jar: /home/abuild/rpmbuild/BUILD/icu4j-63.2/tools/misc/out/lib/icu4j-tools.jar
[12277s] 
[12277s] jar:
[12277s] 
[12277s] @src-jar:
[12279s]       [jar] Building jar: /home/abuild/rpmbuild/BUILD/icu4j-63.2/tools/misc/out/lib/icu4j-tools-src.jar
[12282s] 
[12282s] src-jar:
[12282s] 
[12282s] build:
[12282s] 
[12282s] demos:
[12286s] 
[12286s] @compile:
[12286s]      [echo] build-local:     ../main/shared/../../build-local.properties
[12286s]      [echo] --- java compiler arguments ------------------------
[12286s]      [echo] source dir:     /home/abuild/rpmbuild/BUILD/icu4j-63.2/demos/src
[12286s]      [echo] output dir:     /home/abuild/rpmbuild/BUILD/icu4j-63.2/demos/out/bin
[12286s]      [echo] bootclasspath:  
[12286s]      [echo] classpath:      /home/abuild/rpmbuild/BUILD/icu4j-63.2/main/classes/core/out/lib/icu4j-core.jar:/home/abuild/rpmbuild/BUILD/icu4j-63.2/main/classes/translit/out/lib/icu4j-translit.jar:/home/abuild/rpmbuild/BUILD/icu4j-63.2/main/classes/charset/out/lib/icu4j-charset.jar
[12286s]      [echo] source:         1.7
[12287s]      [echo] target:         1.7
[12287s]      [echo] debug:          on
[12287s]      [echo] encoding:       UTF-8
[12287s]      [echo] compiler arg:   -Xlint:none
[12287s]      [echo] ----------------------------------------------------
[12287s]     [mkdir] Created dir: /home/abuild/rpmbuild/BUILD/icu4j-63.2/demos/out/bin
[12288s]     [javac] Compiling 25 source files to /home/abuild/rpmbuild/BUILD/icu4j-63.2/demos/out/bin
[12486s]     [javac] Note: Some input files use or override a deprecated API.
[12486s]     [javac] Note: Recompile with -Xlint:deprecation for details.
[12486s]     [javac] Note: Some input files use unchecked or unsafe operations.
[12486s]     [javac] Note: Recompile with -Xlint:unchecked for details.
[12486s] 
[12486s] compile:
[12486s] 
[12486s] @copy:
[12487s]      [copy] Copying 17 files to /home/abuild/rpmbuild/BUILD/icu4j-63.2/demos/out/bin
[12488s] 
[12488s] copy:
[12488s] 
[12488s] @jar:
[12488s]     [mkdir] Created dir: /home/abuild/rpmbuild/BUILD/icu4j-63.2/demos/out/lib
[12488s]      [copy] Copying 1 file to /home/abuild/rpmbuild/BUILD/icu4j-63.2/demos/out
[12491s]       [jar] Building jar: /home/abuild/rpmbuild/BUILD/icu4j-63.2/demos/out/lib/icu4j-demos.jar
[12497s] 
[12497s] jar:
[12497s] 
[12497s] @src-jar:
[12497s]       [jar] Building jar: /home/abuild/rpmbuild/BUILD/icu4j-63.2/demos/out/lib/icu4j-demos-src.jar
[12499s] 
[12499s] src-jar:
[12499s] 
[12499s] build:
[12499s] 
[12499s] samples:
[12504s] 
[12504s] @compile:
[12504s]      [echo] build-local:     ../main/shared/../../build-local.properties
[12504s]      [echo] --- java compiler arguments ------------------------
[12504s]      [echo] source dir:     /home/abuild/rpmbuild/BUILD/icu4j-63.2/samples/src
[12505s]      [echo] output dir:     /home/abuild/rpmbuild/BUILD/icu4j-63.2/samples/out/bin
[12505s]      [echo] bootclasspath:  
[12505s]      [echo] classpath:      /home/abuild/rpmbuild/BUILD/icu4j-63.2/main/classes/core/out/lib/icu4j-core.jar:/home/abuild/rpmbuild/BUILD/icu4j-63.2/main/classes/collate/out/lib/icu4j-collate.jar:/home/abuild/rpmbuild/BUILD/icu4j-63.2/main/classes/translit/out/lib/icu4j-translit.jar:/home/abuild/rpmbuild/BUILD/icu4j-63.2/main/classes/charset/out/lib/icu4j-charset.jar
[12505s]      [echo] source:         1.7
[12505s]      [echo] target:         1.7
[12505s]      [echo] debug:          on
[12505s]      [echo] encoding:       UTF-8
[12505s]      [echo] compiler arg:   -Xlint:none
[12505s]      [echo] ----------------------------------------------------
[12505s]     [mkdir] Created dir: /home/abuild/rpmbuild/BUILD/icu4j-63.2/samples/out/bin
[12507s]     [javac] Compiling 16 source files to /home/abuild/rpmbuild/BUILD/icu4j-63.2/samples/out/bin
[12564s]     [javac] Creating empty /home/abuild/rpmbuild/BUILD/icu4j-63.2/samples/out/bin/com/ibm/icu/samples/iuc/package-info.class
[12564s] 
[12564s] compile:
[12564s] 
[12564s] @copy:
[12565s]      [copy] Copying 8 files to /home/abuild/rpmbuild/BUILD/icu4j-63.2/samples/out/bin
[12566s] 
[12566s] copy:
[12566s] 
[12566s] @jar:
[12566s]     [mkdir] Created dir: /home/abuild/rpmbuild/BUILD/icu4j-63.2/samples/out/lib
[12566s]      [copy] Copying 1 file to /home/abuild/rpmbuild/BUILD/icu4j-63.2/samples/out
[12567s]       [jar] Building jar: /home/abuild/rpmbuild/BUILD/icu4j-63.2/samples/out/lib/icu4j-samples.jar
[12569s] 
[12569s] jar:
[12569s] 
[12569s] @src-jar:
[12570s]       [jar] Building jar: /home/abuild/rpmbuild/BUILD/icu4j-63.2/samples/out/lib/icu4j-samples-src.jar
[12571s] 
[12571s] src-jar:
[12571s] 
[12571s] build:
[12571s] 
[12571s] perf-tests:
[12575s] 
[12575s] @compile:
[12576s]      [echo] build-local:     ../main/shared/../../build-local.properties
[12576s]      [echo] --- java compiler arguments ------------------------
[12576s]      [echo] source dir:     /home/abuild/rpmbuild/BUILD/icu4j-63.2/perf-tests/src
[12576s]      [echo] output dir:     /home/abuild/rpmbuild/BUILD/icu4j-63.2/perf-tests/out/bin
[12576s]      [echo] bootclasspath:  
[12576s]      [echo] classpath:      /home/abuild/rpmbuild/BUILD/icu4j-63.2/main/classes/core/out/lib/icu4j-core.jar:/home/abuild/rpmbuild/BUILD/icu4j-63.2/main/classes/charset/out/lib/icu4j-charset.jar:/home/abuild/rpmbuild/BUILD/icu4j-63.2/main/classes/collate/out/lib/icu4j-collate.jar:/home/abuild/rpmbuild/BUILD/icu4j-63.2/tools/misc/out/lib/icu4j-tools.jar
[12576s]      [echo] source:         1.7
[12576s]      [echo] target:         1.7
[12576s]      [echo] debug:          on
[12576s]      [echo] encoding:       UTF-8
[12576s]      [echo] compiler arg:   -Xlint:none
[12576s]      [echo] ----------------------------------------------------
[12576s]     [mkdir] Created dir: /home/abuild/rpmbuild/BUILD/icu4j-63.2/perf-tests/out/bin
[12577s]     [javac] Compiling 12 source files to /home/abuild/rpmbuild/BUILD/icu4j-63.2/perf-tests/out/bin
[12676s]     [javac] Note: /home/abuild/rpmbuild/BUILD/icu4j-63.2/perf-tests/src/com/ibm/icu/dev/test/perf/NormalizerPerformanceTest.java uses or overrides a deprecated API.
[12676s]     [javac] Note: Recompile with -Xlint:deprecation for details.
[12676s]     [javac] Note: Some input files use unchecked or unsafe operations.
[12676s]     [javac] Note: Recompile with -Xlint:unchecked for details.
[12676s] 
[12676s] compile:
[12676s] 
[12676s] @copy:
[12676s] 
[12676s] copy:
[12676s] 
[12676s] @src-jar:
[12676s]     [mkdir] Created dir: /home/abuild/rpmbuild/BUILD/icu4j-63.2/perf-tests/out/lib
[12676s]       [jar] Building jar: /home/abuild/rpmbuild/BUILD/icu4j-63.2/perf-tests/out/lib/icu4j-perf-tests-src.jar
[12677s] 
[12677s] src-jar:
[12677s] 
[12677s] @jar:
[12677s]      [copy] Copying 1 file to /home/abuild/rpmbuild/BUILD/icu4j-63.2/perf-tests/out
[12679s]       [jar] Building jar: /home/abuild/rpmbuild/BUILD/icu4j-63.2/perf-tests/out/lib/icu4j-perf-tests.jar
[12684s] 
[12684s] jar:
[12684s] 
[12684s] build:
[12684s] 
[12684s] icu4jJar:
[12684s]     [mkdir] Created dir: /home/abuild/rpmbuild/BUILD/icu4j-63.2/out
[12684s]      [copy] Copying 1 file to /home/abuild/rpmbuild/BUILD/icu4j-63.2/out
[12752s]       [jar] Building jar: /home/abuild/rpmbuild/BUILD/icu4j-63.2/icu4j.jar
[12956s] 
[12956s] jar:
[12956s]      [copy] Copying 1 file to /home/abuild/rpmbuild/BUILD/icu4j-63.2
[12957s]      [copy] Copying 1 file to /home/abuild/rpmbuild/BUILD/icu4j-63.2
[12957s] 
[12957s] _checkJCite:
[12957s] 
[12957s] _docsStyleSheet:
[12957s] 
[12957s] _docsLintOption:
[12957s] 
[12957s] _docsWithJCite:
[12957s] 
[12957s] _docsWithoutJCite:
[12957s]      [echo] Javadoc lint option:            -Xdoclint:reference,html
[12961s]   [javadoc] Generating Javadoc
[12961s]   [javadoc] Javadoc execution
[12974s]   [javadoc] Loading source files for package com.ibm.icu.lang...
[13000s]   [javadoc] Loading source files for package com.ibm.icu.math...
[13010s]   [javadoc] Loading source files for package com.ibm.icu.number...
[13024s]   [javadoc] Loading source files for package com.ibm.icu.text...
[13269s]   [javadoc] Loading source files for package com.ibm.icu.util...
[13378s]   [javadoc] Loading source files for package com.ibm.icu.charset...
[13423s]   [javadoc] Constructing Javadoc information...
[13742s]   [javadoc] Creating destination directory: "/home/abuild/rpmbuild/BUILD/icu4j-63.2/doc/"
[13742s]   [javadoc] Registered Taglet com.ibm.icu.dev.tool.docs.ICUTaglet ...
[13743s]   [javadoc] Standard Doclet version 1.8.0_181
[13743s]   [javadoc] Building tree for all the packages and classes...
[15913s]   [javadoc] Building index for all the packages and classes...
[16211s]   [javadoc] Building index for all classes...
[16219s]   [javadoc] Generating /home/abuild/rpmbuild/BUILD/icu4j-63.2/doc/help-doc.html...
[16219s]   [javadoc] Note: Custom tags that could override future standard tags:  @discouraged. To avoid potential overrides, use at least one period character (.) in custom tag names.
[16223s] 
[16223s] docs:
[16223s] 
[16223s] all:
[16224s] 
[16224s] info:
[16224s]      [echo] ----- Build Environment Information -------------------
[16224s]      [echo] Java Home:    /usr/lib/jvm/java-1.8.0-openjdk-1.8.0.181.b15-1.1.riscv64.fc29.riscv64/jre
[16224s]      [echo] Java Version: 1.8.0_181
[16224s]      [echo] Ant Home:     /usr/share/ant
[16224s]      [echo] Ant Version:  Apache Ant(TM) version 1.10.5 compiled on August 20 2018
[16224s]      [echo] OS:           Linux
[16224s]      [echo] OS Version:   5.10.0
[16224s]      [echo] OS Arch:      riscv64
[16224s]      [echo] Host:         oe-RISCV-worker24
[16224s]      [echo] -------------------------------------------------------
[16224s] 
[16224s] core:
[16229s] 
[16229s] @compile:
[16229s]      [echo] build-local:     ../../shared/../../build-local.properties
[16229s]      [echo] --- java compiler arguments ------------------------
[16229s]      [echo] source dir:     /home/abuild/rpmbuild/BUILD/icu4j-63.2/main/classes/core/src
[16229s]      [echo] output dir:     /home/abuild/rpmbuild/BUILD/icu4j-63.2/main/classes/core/out/bin
[16229s]      [echo] bootclasspath:  
[16229s]      [echo] classpath:      
[16229s]      [echo] source:         1.7
[16229s]      [echo] target:         1.7
[16229s]      [echo] debug:          on
[16230s]      [echo] encoding:       UTF-8
[16230s]      [echo] compiler arg:   -Xlint:all,-deprecation,-dep-ann,-options,-overrides
[16230s]      [echo] ----------------------------------------------------
[16250s] 
[16250s] compile:
[16250s] 
[16250s] @copy:
[16254s] 
[16254s] set-icuconfig-datapath:
[16254s] 
[16254s] copy-data:
[16255s]     [unjar] Expanding: /home/abuild/rpmbuild/BUILD/icu4j-63.2/main/shared/data/icudata.jar into /home/abuild/rpmbuild/BUILD/icu4j-63.2/main/classes/core/out/bin
[16420s]     [unjar] Expanding: /home/abuild/rpmbuild/BUILD/icu4j-63.2/main/shared/data/icutzdata.jar into /home/abuild/rpmbuild/BUILD/icu4j-63.2/main/classes/core/out/bin
[16423s] 
[16423s] @full-locale-names:
[16424s]      [echo] Generating out/bin/com/ibm/icu/impl/data/icudt63b/fullLocaleNames.lst
[16445s] 
[16445s] @full-locale-names:
[16445s]      [echo] Generating out/bin/com/ibm/icu/impl/data/icudt63b/brkitr/fullLocaleNames.lst
[16448s] 
[16448s] @full-locale-names:
[16448s]      [echo] Generating out/bin/com/ibm/icu/impl/data/icudt63b/rbnf/fullLocaleNames.lst
[16455s] 
[16455s] @full-locale-names:
[16455s]      [echo] Generating out/bin/com/ibm/icu/impl/data/icudt63b/zone/fullLocaleNames.lst
[16465s] 
[16465s] copy:
[16465s] 
[16465s] @jar:
[16738s]       [jar] Building jar: /home/abuild/rpmbuild/BUILD/icu4j-63.2/main/classes/core/out/lib/icu4j-core.jar
[16865s] 
[16865s] jar:
[16865s] 
[16865s] @src-jar:
[16900s] 
[16900s] src-jar:
[16900s] 
[16900s] build:
[16900s] 
[16900s] collate:
[16904s] 
[16904s] @compile:
[16904s]      [echo] build-local:     ../../shared/../../build-local.properties
[16904s]      [echo] --- java compiler arguments ------------------------
[16904s]      [echo] source dir:     /home/abuild/rpmbuild/BUILD/icu4j-63.2/main/classes/collate/src
[16904s]      [echo] output dir:     /home/abuild/rpmbuild/BUILD/icu4j-63.2/main/classes/collate/out/bin
[16904s]      [echo] bootclasspath:  
[16904s]      [echo] classpath:      /home/abuild/rpmbuild/BUILD/icu4j-63.2/main/classes/core/out/lib/icu4j-core.jar
[16904s]      [echo] source:         1.7
[16904s]      [echo] target:         1.7
[16904s]      [echo] debug:          on
[16904s]      [echo] encoding:       UTF-8
[16904s]      [echo] compiler arg:   -Xlint:all,-deprecation,-dep-ann,-options
[16904s]      [echo] ----------------------------------------------------
[16906s] 
[16906s] compile:
[16906s] 
[16906s] @copy:
[16906s] 
[16906s] copy-data:
[16907s]     [unjar] Expanding: /home/abuild/rpmbuild/BUILD/icu4j-63.2/main/shared/data/icudata.jar into /home/abuild/rpmbuild/BUILD/icu4j-63.2/main/classes/collate/out/bin
[16950s] 
[16950s] @full-locale-names:
[16950s]      [echo] Generating out/bin/com/ibm/icu/impl/data/icudt63b/coll/fullLocaleNames.lst
[16954s] 
[16954s] copy:
[16954s] 
[16954s] @jar:
[16977s]       [jar] Building jar: /home/abuild/rpmbuild/BUILD/icu4j-63.2/main/classes/collate/out/lib/icu4j-collate.jar
[16992s] 
[16992s] jar:
[16992s] 
[16992s] @src-jar:
[16996s] 
[16996s] src-jar:
[16996s] 
[16996s] build:
[16996s] 
[16996s] charset:
[17000s] 
[17000s] @compile:
[17000s]      [echo] build-local:     ../../shared/../../build-local.properties
[17000s]      [echo] --- java compiler arguments ------------------------
[17000s]      [echo] source dir:     /home/abuild/rpmbuild/BUILD/icu4j-63.2/main/classes/charset/src
[17000s]      [echo] output dir:     /home/abuild/rpmbuild/BUILD/icu4j-63.2/main/classes/charset/out/bin
[17000s]      [echo] bootclasspath:  
[17000s]      [echo] classpath:      /home/abuild/rpmbuild/BUILD/icu4j-63.2/main/classes/core/out/lib/icu4j-core.jar
[17000s]      [echo] source:         1.7
[17000s]      [echo] target:         1.7
[17000s]      [echo] debug:          on
[17000s]      [echo] encoding:       UTF-8
[17000s]      [echo] compiler arg:   -Xlint:all,-deprecation,-dep-ann,-options
[17000s]      [echo] ----------------------------------------------------
[17002s] 
[17002s] compile:
[17002s] 
[17002s] @copy:
[17002s] 
[17002s] copy-data:
[17003s]     [unjar] Expanding: /home/abuild/rpmbuild/BUILD/icu4j-63.2/main/shared/data/icudata.jar into /home/abuild/rpmbuild/BUILD/icu4j-63.2/main/classes/charset/out/bin
[17048s] 
[17048s] copy:
[17048s] 
[17048s] @jar:
[17072s] 
[17072s] jar:
[17072s] 
[17072s] @src-jar:
[17076s] 
[17076s] src-jar:
[17076s] 
[17076s] build:
[17076s] 
[17076s] currdata:
[17079s] 
[17079s] @compile:
[17079s]      [echo] build-local:     ../../shared/../../build-local.properties
[17079s]      [echo] --- java compiler arguments ------------------------
[17079s]      [echo] source dir:     /home/abuild/rpmbuild/BUILD/icu4j-63.2/main/classes/currdata/src
[17079s]      [echo] output dir:     /home/abuild/rpmbuild/BUILD/icu4j-63.2/main/classes/currdata/out/bin
[17079s]      [echo] bootclasspath:  
[17079s]      [echo] classpath:      /home/abuild/rpmbuild/BUILD/icu4j-63.2/main/classes/core/out/lib/icu4j-core.jar
[17079s]      [echo] source:         1.7
[17079s]      [echo] target:         1.7
[17079s]      [echo] debug:          on
[17079s]      [echo] encoding:       UTF-8
[17079s]      [echo] compiler arg:   -Xlint:all,-deprecation,-dep-ann,-options
[17080s]      [echo] ----------------------------------------------------
[17080s] 
[17080s] compile:
[17080s] 
[17080s] @copy:
[17080s] 
[17080s] copy-data:
[17080s]     [unjar] Expanding: /home/abuild/rpmbuild/BUILD/icu4j-63.2/main/shared/data/icudata.jar into /home/abuild/rpmbuild/BUILD/icu4j-63.2/main/classes/currdata/out/bin
[17129s] 
[17129s] @full-locale-names:
[17129s]      [echo] Generating out/bin/com/ibm/icu/impl/data/icudt63b/curr/fullLocaleNames.lst
[17142s] 
[17142s] copy:
[17142s] 
[17142s] @jar:
[17185s]       [jar] Building jar: /home/abuild/rpmbuild/BUILD/icu4j-63.2/main/classes/currdata/out/lib/icu4j-currdata.jar
[17206s] 
[17206s] jar:
[17206s] 
[17206s] @src-jar:
[17207s] 
[17207s] src-jar:
[17207s] 
[17207s] build:
[17207s] 
[17207s] langdata:
[17210s] 
[17210s] @compile:
[17210s]      [echo] build-local:     ../../shared/../../build-local.properties
[17210s]      [echo] --- java compiler arguments ------------------------
[17210s]      [echo] source dir:     /home/abuild/rpmbuild/BUILD/icu4j-63.2/main/classes/langdata/src
[17210s]      [echo] output dir:     /home/abuild/rpmbuild/BUILD/icu4j-63.2/main/classes/langdata/out/bin
[17210s]      [echo] bootclasspath:  
[17210s]      [echo] classpath:      /home/abuild/rpmbuild/BUILD/icu4j-63.2/main/classes/core/out/lib/icu4j-core.jar
[17211s]      [echo] source:         1.7
[17211s]      [echo] target:         1.7
[17211s]      [echo] debug:          on
[17211s]      [echo] encoding:       UTF-8
[17211s]      [echo] compiler arg:   -Xlint:all,-deprecation,-dep-ann,-options
[17211s]      [echo] ----------------------------------------------------
[17211s] 
[17211s] compile:
[17211s] 
[17211s] @copy:
[17211s] 
[17211s] copy-data:
[17211s]     [unjar] Expanding: /home/abuild/rpmbuild/BUILD/icu4j-63.2/main/shared/data/icudata.jar into /home/abuild/rpmbuild/BUILD/icu4j-63.2/main/classes/langdata/out/bin
[17257s] 
[17257s] @full-locale-names:
[17257s]      [echo] Generating out/bin/com/ibm/icu/impl/data/icudt63b/lang/fullLocaleNames.lst
[17268s] 
[17268s] copy:
[17268s] 
[17268s] @jar:
[17303s]       [jar] Building jar: /home/abuild/rpmbuild/BUILD/icu4j-63.2/main/classes/langdata/out/lib/icu4j-langdata.jar
[17320s] 
[17320s] jar:
[17320s] 
[17320s] @src-jar:
[17320s] 
[17320s] src-jar:
[17320s] 
[17320s] build:
[17320s] 
[17320s] regiondata:
[17324s] 
[17324s] @compile:
[17324s]      [echo] build-local:     ../../shared/../../build-local.properties
[17324s]      [echo] --- java compiler arguments ------------------------
[17324s]      [echo] source dir:     /home/abuild/rpmbuild/BUILD/icu4j-63.2/main/classes/regiondata/src
[17324s]      [echo] output dir:     /home/abuild/rpmbuild/BUILD/icu4j-63.2/main/classes/regiondata/out/bin
[17324s]      [echo] bootclasspath:  
[17324s]      [echo] classpath:      /home/abuild/rpmbuild/BUILD/icu4j-63.2/main/classes/core/out/lib/icu4j-core.jar
[17324s]      [echo] source:         1.7
[17324s]      [echo] target:         1.7
[17324s]      [echo] debug:          on
[17324s]      [echo] encoding:       UTF-8
[17324s]      [echo] compiler arg:   -Xlint:all,-deprecation,-dep-ann,-options
[17324s]      [echo] ----------------------------------------------------
[17324s] 
[17324s] compile:
[17324s] 
[17324s] @copy:
[17325s] 
[17325s] copy-data:
[17325s]     [unjar] Expanding: /home/abuild/rpmbuild/BUILD/icu4j-63.2/main/shared/data/icudata.jar into /home/abuild/rpmbuild/BUILD/icu4j-63.2/main/classes/regiondata/out/bin
[17373s] 
[17373s] @full-locale-names:
[17373s]      [echo] Generating out/bin/com/ibm/icu/impl/data/icudt63b/region/fullLocaleNames.lst
[17383s] 
[17383s] copy:
[17383s] 
[17383s] @jar:
[17420s]       [jar] Building jar: /home/abuild/rpmbuild/BUILD/icu4j-63.2/main/classes/regiondata/out/lib/icu4j-regiondata.jar
[17438s] 
[17438s] jar:
[17438s] 
[17438s] @src-jar:
[17439s] 
[17439s] src-jar:
[17439s] 
[17439s] build:
[17439s] 
[17439s] translit:
[17443s] 
[17443s] @compile:
[17443s]      [echo] build-local:     ../../shared/../../build-local.properties
[17444s]      [echo] --- java compiler arguments ------------------------
[17444s]      [echo] source dir:     /home/abuild/rpmbuild/BUILD/icu4j-63.2/main/classes/translit/src
[17444s]      [echo] output dir:     /home/abuild/rpmbuild/BUILD/icu4j-63.2/main/classes/translit/out/bin
[17444s]      [echo] bootclasspath:  
[17444s]      [echo] classpath:      /home/abuild/rpmbuild/BUILD/icu4j-63.2/main/classes/core/out/lib/icu4j-core.jar:/home/abuild/rpmbuild/BUILD/icu4j-63.2/main/classes/translit/out/lib/icu4j-translit.jar
[17444s]      [echo] source:         1.7
[17444s]      [echo] target:         1.7
[17444s]      [echo] debug:          on
[17444s]      [echo] encoding:       UTF-8
[17444s]      [echo] compiler arg:   -Xlint:all,-deprecation,-dep-ann,-options
[17444s]      [echo] ----------------------------------------------------
[17445s] 
[17445s] compile:
[17445s] 
[17445s] @copy:
[17445s] 
[17445s] copy-data:
[17445s]     [unjar] Expanding: /home/abuild/rpmbuild/BUILD/icu4j-63.2/main/shared/data/icudata.jar into /home/abuild/rpmbuild/BUILD/icu4j-63.2/main/classes/translit/out/bin
[17485s] 
[17485s] @full-locale-names:
[17485s]      [echo] Generating out/bin/com/ibm/icu/impl/data/icudt63b/translit/fullLocaleNames.lst
[17485s] 
[17485s] copy:
[17485s] 
[17485s] @jar:
[17491s]       [jar] Building jar: /home/abuild/rpmbuild/BUILD/icu4j-63.2/main/classes/translit/out/lib/icu4j-translit.jar
[17495s] 
[17495s] jar:
[17495s] 
[17495s] @src-jar:
[17497s] 
[17497s] src-jar:
[17497s] 
[17497s] build:
[17497s] 
[17497s] localespi:
[17501s] 
[17501s] @compile:
[17501s]      [echo] build-local:     ../../shared/../../build-local.properties
[17501s]      [echo] --- java compiler arguments ------------------------
[17501s]      [echo] source dir:     /home/abuild/rpmbuild/BUILD/icu4j-63.2/main/classes/localespi/src
[17501s]      [echo] output dir:     /home/abuild/rpmbuild/BUILD/icu4j-63.2/main/classes/localespi/out/bin
[17501s]      [echo] bootclasspath:  
[17501s]      [echo] classpath:      /home/abuild/rpmbuild/BUILD/icu4j-63.2/main/classes/core/out/lib/icu4j-core.jar:/home/abuild/rpmbuild/BUILD/icu4j-63.2/main/classes/collate/out/lib/icu4j-collate.jar
[17501s]      [echo] source:         1.7
[17501s]      [echo] target:         1.7
[17501s]      [echo] debug:          on
[17501s]      [echo] encoding:       UTF-8
[17501s]      [echo] compiler arg:   -Xlint:all,-deprecation,-dep-ann,-options
[17502s]      [echo] ----------------------------------------------------
[17503s] 
[17503s] compile:
[17503s] 
[17503s] @copy:
[17503s] 
[17503s] copy:
[17503s] 
[17503s] @jar:
[17507s] 
[17507s] jar:
[17507s] 
[17507s] @src-jar:
[17509s] 
[17509s] src-jar:
[17509s] 
[17509s] build:
[17509s] 
[17509s] main:
[17509s] 
[17509s] download-ivy:
[17509s] 
[17509s] init-ivy:
[17514s] 
[17514s] test-init-junit-dependency:
[17514s] [ivy:retrieve] :: retrieving :: com.ibm.icu#icu4j
[17514s] [ivy:retrieve] 	confs: [default]
[17514s] [ivy:retrieve] 	0 artifacts copied, 2 already retrieved (0kB/178ms)
[17514s] 
[17514s] init:
[17514s] 
[17514s] test-framework:
[17518s] 
[17518s] @compile:
[17518s]      [echo] build-local:     ../../shared/../../build-local.properties
[17519s]      [echo] --- java compiler arguments ------------------------
[17519s]      [echo] source dir:     /home/abuild/rpmbuild/BUILD/icu4j-63.2/main/tests/framework/src
[17519s]      [echo] output dir:     /home/abuild/rpmbuild/BUILD/icu4j-63.2/main/tests/framework/out/bin
[17519s]      [echo] bootclasspath:  
[17519s]      [echo] classpath:      /home/abuild/rpmbuild/BUILD/icu4j-63.2/lib/junit-SYSTEM.jar:/home/abuild/rpmbuild/BUILD/icu4j-63.2/lib/hamcrest-core-SYSTEM.jar:/home/abuild/rpmbuild/BUILD/icu4j-63.2/lib/JUnitParams-1.0.5.jar:/home/abuild/rpmbuild/BUILD/icu4j-63.2/main/classes/core/out/lib/icu4j-core.jar
[17519s]      [echo] source:         1.7
[17519s]      [echo] target:         1.7
[17519s]      [echo] debug:          on
[17519s]      [echo] encoding:       UTF-8
[17519s]      [echo] compiler arg:   -Xlint:none
[17519s]      [echo] ----------------------------------------------------
[17520s] 
[17520s] compile:
[17520s] 
[17520s] @copy:
[17520s] 
[17520s] copy:
[17520s] 
[17520s] @jar:
[17524s] 
[17524s] jar:
[17524s] 
[17524s] @src-jar:
[17526s] 
[17526s] src-jar:
[17526s] 
[17526s] build:
[17526s] 
[17526s] core-tests:
[17529s] 
[17529s] @compile:
[17529s]      [echo] build-local:     ../../shared/../../build-local.properties
[17529s]      [echo] --- java compiler arguments ------------------------
[17529s]      [echo] source dir:     /home/abuild/rpmbuild/BUILD/icu4j-63.2/main/tests/core/src
[17529s]      [echo] output dir:     /home/abuild/rpmbuild/BUILD/icu4j-63.2/main/tests/core/out/bin
[17529s]      [echo] bootclasspath:  
[17529s]      [echo] classpath:      /home/abuild/rpmbuild/BUILD/icu4j-63.2/lib/junit-SYSTEM.jar:/home/abuild/rpmbuild/BUILD/icu4j-63.2/lib/hamcrest-core-SYSTEM.jar:/home/abuild/rpmbuild/BUILD/icu4j-63.2/lib/JUnitParams-1.0.5.jar:/home/abuild/rpmbuild/BUILD/icu4j-63.2/main/classes/core/out/lib/icu4j-core.jar:/home/abuild/rpmbuild/BUILD/icu4j-63.2/main/tests/framework/out/lib/icu4j-test-framework.jar
[17529s]      [echo] source:         1.7
[17530s]      [echo] target:         1.7
[17530s]      [echo] debug:          on
[17530s]      [echo] encoding:       UTF-8
[17530s]      [echo] compiler arg:   -Xlint:none
[17530s]      [echo] ----------------------------------------------------
[17549s] 
[17549s] compile:
[17549s] 
[17549s] @copy:
[17568s] 
[17568s] copy-test-data:
[17568s]     [unjar] Expanding: /home/abuild/rpmbuild/BUILD/icu4j-63.2/main/shared/data/testdata.jar into /home/abuild/rpmbuild/BUILD/icu4j-63.2/main/tests/core/out/bin
[17573s] 
[17573s] copy:
[17573s] 
[17573s] @jar:
[17662s] 
[17662s] jar:
[17662s] 
[17662s] @src-jar:
[17682s] 
[17682s] src-jar:
[17682s] 
[17682s] build:
[17682s] 
[17682s] charset-tests:
[17687s] 
[17687s] @compile:
[17687s]      [echo] build-local:     ../../shared/../../build-local.properties
[17687s]      [echo] --- java compiler arguments ------------------------
[17687s]      [echo] source dir:     /home/abuild/rpmbuild/BUILD/icu4j-63.2/main/tests/charset/src
[17687s]      [echo] output dir:     /home/abuild/rpmbuild/BUILD/icu4j-63.2/main/tests/charset/out/bin
[17687s]      [echo] bootclasspath:  
[17688s]      [echo] classpath:      /home/abuild/rpmbuild/BUILD/icu4j-63.2/lib/junit-SYSTEM.jar:/home/abuild/rpmbuild/BUILD/icu4j-63.2/lib/hamcrest-core-SYSTEM.jar:/home/abuild/rpmbuild/BUILD/icu4j-63.2/lib/JUnitParams-1.0.5.jar:/home/abuild/rpmbuild/BUILD/icu4j-63.2/main/classes/core/out/lib/icu4j-core.jar:/home/abuild/rpmbuild/BUILD/icu4j-63.2/main/classes/charset/out/lib/icu4j-charset.jar:/home/abuild/rpmbuild/BUILD/icu4j-63.2/main/tests/framework/out/lib/icu4j-test-framework.jar
[17688s]      [echo] source:         1.7
[17688s]      [echo] target:         1.7
[17688s]      [echo] debug:          on
[17688s]      [echo] encoding:       UTF-8
[17688s]      [echo] compiler arg:   -Xlint:none
[17688s]      [echo] ----------------------------------------------------
[17688s] 
[17688s] compile:
[17688s] 
[17688s] @copy:
[17688s] 
[17688s] copy-charset-test-data:
[17688s]     [unjar] Expanding: /home/abuild/rpmbuild/BUILD/icu4j-63.2/main/shared/data/testdata.jar into /home/abuild/rpmbuild/BUILD/icu4j-63.2/main/tests/charset/out/bin
[17689s] 
[17689s] copy:
[17689s] 
[17689s] @jar:
[17691s] 
[17691s] jar:
[17691s] 
[17691s] @src-jar:
[17691s] 
[17691s] src-jar:
[17691s] 
[17691s] build:
[17691s] 
[17691s] collate-tests:
[17696s] 
[17696s] @compile:
[17696s]      [echo] build-local:     ../../shared/../../build-local.properties
[17696s]      [echo] --- java compiler arguments ------------------------
[17696s]      [echo] source dir:     /home/abuild/rpmbuild/BUILD/icu4j-63.2/main/tests/collate/src
[17696s]      [echo] output dir:     /home/abuild/rpmbuild/BUILD/icu4j-63.2/main/tests/collate/out/bin
[17696s]      [echo] bootclasspath:  
[17696s]      [echo] classpath:      /home/abuild/rpmbuild/BUILD/icu4j-63.2/lib/junit-SYSTEM.jar:/home/abuild/rpmbuild/BUILD/icu4j-63.2/lib/hamcrest-core-SYSTEM.jar:/home/abuild/rpmbuild/BUILD/icu4j-63.2/lib/JUnitParams-1.0.5.jar:/home/abuild/rpmbuild/BUILD/icu4j-63.2/main/classes/core/out/lib/icu4j-core.jar:/home/abuild/rpmbuild/BUILD/icu4j-63.2/main/classes/collate/out/lib/icu4j-collate.jar:/home/abuild/rpmbuild/BUILD/icu4j-63.2/main/tests/framework/out/lib/icu4j-test-framework.jar
[17696s]      [echo] source:         1.7
[17696s]      [echo] target:         1.7
[17696s]      [echo] debug:          on
[17696s]      [echo] encoding:       UTF-8
[17696s]      [echo] compiler arg:   -Xlint:none
[17696s]      [echo] ----------------------------------------------------
[17697s] 
[17697s] compile:
[17697s] 
[17697s] @copy:
[17698s] 
[17698s] copy-collate-test-data:
[17698s]     [unjar] Expanding: /home/abuild/rpmbuild/BUILD/icu4j-63.2/main/shared/data/testdata.jar into /home/abuild/rpmbuild/BUILD/icu4j-63.2/main/tests/collate/out/bin
[17699s] 
[17699s] copy:
[17699s] 
[17699s] @jar:
[17707s] 
[17707s] jar:
[17707s] 
[17707s] @src-jar:
[17710s] 
[17710s] src-jar:
[17710s] 
[17710s] build:
[17710s] 
[17710s] packaging-tests:
[17715s] 
[17715s] @compile:
[17715s]      [echo] build-local:     ../../shared/../../build-local.properties
[17715s]      [echo] --- java compiler arguments ------------------------
[17715s]      [echo] source dir:     /home/abuild/rpmbuild/BUILD/icu4j-63.2/main/tests/packaging/src
[17715s]      [echo] output dir:     /home/abuild/rpmbuild/BUILD/icu4j-63.2/main/tests/packaging/out/bin
[17715s]      [echo] bootclasspath:  
[17715s]      [echo] classpath:      /home/abuild/rpmbuild/BUILD/icu4j-63.2/lib/junit-SYSTEM.jar:/home/abuild/rpmbuild/BUILD/icu4j-63.2/lib/hamcrest-core-SYSTEM.jar:/home/abuild/rpmbuild/BUILD/icu4j-63.2/lib/JUnitParams-1.0.5.jar:/home/abuild/rpmbuild/BUILD/icu4j-63.2/main/classes/core/out/lib/icu4j-core.jar:/home/abuild/rpmbuild/BUILD/icu4j-63.2/main/classes/charset/out/lib/icu4j-charset.jar:/home/abuild/rpmbuild/BUILD/icu4j-63.2/main/tests/framework/out/lib/icu4j-test-framework.jar
[17715s]      [echo] source:         1.7
[17715s]      [echo] target:         1.7
[17715s]      [echo] debug:          on
[17715s]      [echo] encoding:       UTF-8
[17715s]      [echo] compiler arg:   -Xlint:none
[17715s]      [echo] ----------------------------------------------------
[17715s] 
[17715s] compile:
[17715s] 
[17715s] @copy:
[17716s] 
[17716s] copy:
[17716s] 
[17716s] @jar:
[17717s] 
[17717s] jar:
[17717s] 
[17717s] @src-jar:
[17717s] 
[17717s] src-jar:
[17717s] 
[17717s] build:
[17717s] 
[17717s] translit-tests:
[17721s] 
[17721s] @compile:
[17721s]      [echo] build-local:     ../../shared/../../build-local.properties
[17721s]      [echo] --- java compiler arguments ------------------------
[17721s]      [echo] source dir:     /home/abuild/rpmbuild/BUILD/icu4j-63.2/main/tests/translit/src
[17721s]      [echo] output dir:     /home/abuild/rpmbuild/BUILD/icu4j-63.2/main/tests/translit/out/bin
[17721s]      [echo] bootclasspath:  
[17721s]      [echo] classpath:      /home/abuild/rpmbuild/BUILD/icu4j-63.2/lib/junit-SYSTEM.jar:/home/abuild/rpmbuild/BUILD/icu4j-63.2/lib/hamcrest-core-SYSTEM.jar:/home/abuild/rpmbuild/BUILD/icu4j-63.2/lib/JUnitParams-1.0.5.jar:/home/abuild/rpmbuild/BUILD/icu4j-63.2/main/classes/core/out/lib/icu4j-core.jar:/home/abuild/rpmbuild/BUILD/icu4j-63.2/main/classes/translit/out/lib/icu4j-translit.jar:/home/abuild/rpmbuild/BUILD/icu4j-63.2/main/tests/framework/out/lib/icu4j-test-framework.jar
[17721s]      [echo] source:         1.7
[17721s]      [echo] target:         1.7
[17721s]      [echo] debug:          on
[17721s]      [echo] encoding:       UTF-8
[17721s]      [echo] compiler arg:   -Xlint:none
[17722s]      [echo] ----------------------------------------------------
[17722s] 
[17722s] compile:
[17722s] 
[17722s] @copy:
[17723s] 
[17723s] copy-translit-test-data:
[17723s] 
[17723s] copy:
[17723s] 
[17723s] @jar:
[17727s] 
[17727s] jar:
[17727s] 
[17727s] @src-jar:
[17728s] 
[17728s] src-jar:
[17728s] 
[17728s] build:
[17728s] 
[17728s] localespi-tests:
[17732s] 
[17732s] @compile:
[17732s]      [echo] build-local:     ../../shared/../../build-local.properties
[17732s]      [echo] --- java compiler arguments ------------------------
[17732s]      [echo] source dir:     /home/abuild/rpmbuild/BUILD/icu4j-63.2/main/tests/localespi/src
[17732s]      [echo] output dir:     /home/abuild/rpmbuild/BUILD/icu4j-63.2/main/tests/localespi/out/bin
[17732s]      [echo] bootclasspath:  
[17732s]      [echo] classpath:      /home/abuild/rpmbuild/BUILD/icu4j-63.2/lib/junit-SYSTEM.jar:/home/abuild/rpmbuild/BUILD/icu4j-63.2/lib/hamcrest-core-SYSTEM.jar:/home/abuild/rpmbuild/BUILD/icu4j-63.2/lib/JUnitParams-1.0.5.jar:/home/abuild/rpmbuild/BUILD/icu4j-63.2/main/classes/core/out/lib/icu4j-core.jar:/home/abuild/rpmbuild/BUILD/icu4j-63.2/main/classes/collate/out/lib/icu4j-collate.jar:/home/abuild/rpmbuild/BUILD/icu4j-63.2/main/classes/localespi/out/lib/icu4j-localespi.jar:/home/abuild/rpmbuild/BUILD/icu4j-63.2/main/tests/framework/out/lib/icu4j-test-framework.jar
[17732s]      [echo] source:         1.7
[17732s]      [echo] target:         1.7
[17733s]      [echo] debug:          on
[17733s]      [echo] encoding:       UTF-8
[17733s]      [echo] compiler arg:   -Xlint:none
[17733s]      [echo] ----------------------------------------------------
[17733s] 
[17733s] compile:
[17733s] 
[17733s] @copy:
[17733s] 
[17733s] copy:
[17733s] 
[17733s] @jar:
[17735s] 
[17735s] jar:
[17735s] 
[17735s] @src-jar:
[17736s] 
[17736s] src-jar:
[17736s] 
[17736s] build:
[17736s] 
[17736s] tests:
[17736s] 
[17736s] check:
[17745s] 
[17745s] _check:
[17756s] 
[17756s] _charsetCheck:
[17756s] 
[17756s] _coreCheck:
[17756s]      [echo] 
[17756s]      [echo] 
[17756s] 
[17756s] _translitCheck:
[17756s]     [mkdir] Created dir: /home/abuild/rpmbuild/BUILD/icu4j-63.2/out/junit-results/core
[17756s]     [mkdir] Created dir: /home/abuild/rpmbuild/BUILD/icu4j-63.2/out/junit-results/charset
[17756s]      [echo] 
[17756s]     [mkdir] Created dir: /home/abuild/rpmbuild/BUILD/icu4j-63.2/out/junit-results/translit
[17757s] 
[17757s] _collateCheck:
[17757s]      [echo] 
[17757s]     [mkdir] Created dir: /home/abuild/rpmbuild/BUILD/icu4j-63.2/out/junit-results/collate
[17759s] [junitreport] Processing /home/abuild/rpmbuild/BUILD/icu4j-63.2/out/junit-results/charset/charset-TestSuite.xml to /tmp/null249586189
[17759s] [junitreport] Loading stylesheet jar:file:/usr/share/java/ant/ant-junit.jar!/org/apache/tools/ant/taskdefs/optional/junit/xsl/junit-frames.xsl
[17773s]     [junit] Running com.ibm.icu.dev.test.translit.AnyScriptTest
[17774s]     [junit] Running com.ibm.icu.dev.test.collator.AlphabeticIndexTest
[17781s] [junitreport] Transform time: 22325ms
[17781s] [junitreport] Deleting: /tmp/null249586189
[17781s]     [junit] Running com.ibm.icu.dev.test.bidi.BiDiConformanceTest
[18313s]     [junit] Tests run: 4, Failures: 0, Errors: 0, Skipped: 0, Time elapsed: 539.999 sec
[18315s]     [junit] Running com.ibm.icu.dev.test.translit.CompoundTransliteratorTest
[18339s]     [junit] Tests run: 3, Failures: 0, Errors: 0, Skipped: 0, Time elapsed: 23.489 sec
[18341s]     [junit] Running com.ibm.icu.dev.test.translit.ErrorTest
[18343s]     [junit] Tests run: 3, Failures: 0, Errors: 0, Skipped: 0, Time elapsed: 1.3 sec
[18347s]     [junit] Running com.ibm.icu.dev.test.translit.IncrementalProgressTest
[18455s]     [junit] Tests run: 5, Failures: 0, Errors: 0, Skipped: 0, Time elapsed: 107.905 sec
[18457s]     [junit] Running com.ibm.icu.dev.test.translit.JamoTest
[18473s]     [junit] Tests run: 4, Failures: 0, Errors: 0, Skipped: 0, Time elapsed: 16.452 sec
[18476s]     [junit] Running com.ibm.icu.dev.test.translit.RegexUtilitiesTest
[18661s]     [junit] Tests run: 5, Failures: 0, Errors: 0, Skipped: 0, Time elapsed: 185.709 sec
[18664s]     [junit] Running com.ibm.icu.dev.test.translit.ReplaceableTest
[18665s]     [junit] Tests run: 2, Failures: 0, Errors: 0, Skipped: 0, Time elapsed: 1.41 sec
[18667s]     [junit] Running com.ibm.icu.dev.test.translit.RoundTripTest
[18940s]     [junit] Tests run: 26, Failures: 0, Errors: 0, Skipped: 0, Time elapsed: 1,165.389 sec
[18942s]     [junit] Running com.ibm.icu.dev.test.collator.CollationAPITest
[19845s]     [junit] Tests run: 2, Failures: 0, Errors: 0, Skipped: 0, Time elapsed: 2,063.926 sec
[19848s]     [junit] Running com.ibm.icu.dev.test.bidi.TestBidi
[19851s]     [junit] Tests run: 2, Failures: 0, Errors: 0, Skipped: 0, Time elapsed: 3.011 sec
[19853s]     [junit] Running com.ibm.icu.dev.test.bidi.TestBidiTransform
[19856s]     [junit] Tests run: 1, Failures: 0, Errors: 0, Skipped: 0, Time elapsed: 3.231 sec
[19858s]     [junit] Running com.ibm.icu.dev.test.bidi.TestCharFromDirProp
[19858s]     [junit] Tests run: 1, Failures: 0, Errors: 0, Skipped: 0, Time elapsed: 0.503 sec
[19861s]     [junit] Running com.ibm.icu.dev.test.bidi.TestClassOverride
[19861s]     [junit] Tests run: 1, Failures: 0, Errors: 0, Skipped: 0, Time elapsed: 0.52 sec
[19864s]     [junit] Running com.ibm.icu.dev.test.bidi.TestCompatibility
[19866s]     [junit] Tests run: 1, Failures: 0, Errors: 0, Skipped: 0, Time elapsed: 2.128 sec
[19868s]     [junit] Running com.ibm.icu.dev.test.bidi.TestContext
[19869s]     [junit] Tests run: 1, Failures: 0, Errors: 0, Skipped: 0, Time elapsed: 0.511 sec
[19871s]     [junit] Running com.ibm.icu.dev.test.bidi.TestFailureRecovery
[19871s]     [junit] Tests run: 1, Failures: 0, Errors: 0, Skipped: 0, Time elapsed: 0.382 sec
[19873s]     [junit] Running com.ibm.icu.dev.test.bidi.TestInverse
[19880s]     [junit] Tests run: 1, Failures: 0, Errors: 0, Skipped: 0, Time elapsed: 6.679 sec
[19882s]     [junit] Running com.ibm.icu.dev.test.bidi.TestMultipleParagraphs
[19883s]     [junit] Tests run: 1, Failures: 0, Errors: 0, Skipped: 0, Time elapsed: 0.487 sec
[19885s]     [junit] Running com.ibm.icu.dev.test.bidi.TestReorder
[19885s]     [junit] Tests run: 1, Failures: 0, Errors: 0, Skipped: 0, Time elapsed: 0.713 sec
[19887s]     [junit] Running com.ibm.icu.dev.test.bidi.TestReorderArabicMathSymbols
[19888s]     [junit] Tests run: 1, Failures: 0, Errors: 0, Skipped: 0, Time elapsed: 0.413 sec
[19891s]     [junit] Running com.ibm.icu.dev.test.bidi.TestReorderRunsOnly
[19893s]     [junit] Tests run: 1, Failures: 0, Errors: 0, Skipped: 0, Time elapsed: 1.603 sec
[19895s]     [junit] Running com.ibm.icu.dev.test.bidi.TestReorderingMode
[19897s]     [junit] Tests run: 1, Failures: 0, Errors: 0, Skipped: 0, Time elapsed: 2.068 sec
[19899s]     [junit] Running com.ibm.icu.dev.test.bidi.TestStreaming
[19900s]     [junit] Tests run: 1, Failures: 0, Errors: 0, Skipped: 0, Time elapsed: 0.497 sec
[19903s]     [junit] Running com.ibm.icu.dev.test.bigdec.DiagBigDecimalTest
[19914s]     [junit] Tests run: 38, Failures: 0, Errors: 0, Skipped: 0, Time elapsed: 10.749 sec
[19917s]     [junit] Running com.ibm.icu.dev.test.calendar.AstroTest
[19919s]     [junit] Tests run: 7, Failures: 0, Errors: 0, Skipped: 0, Time elapsed: 2.542 sec
[19922s]     [junit] Running com.ibm.icu.dev.test.calendar.CalendarRegressionTest
[19953s]     [junit] Tests run: 29, Failures: 0, Errors: 0, Skipped: 0, Time elapsed: 1,010.257 sec
[19956s]     [junit] Running com.ibm.icu.dev.test.collator.CollationChineseTest
[19972s]     [junit] Tests run: 1, Failures: 0, Errors: 0, Skipped: 0, Time elapsed: 16.215 sec
[19974s]     [junit] Running com.ibm.icu.dev.test.collator.CollationCreationMethodTest
[22005s]     [junit] Tests run: 17, Failures: 0, Errors: 0, Skipped: 0, Time elapsed: 3,337.365 sec
[22007s]     [junit] Running com.ibm.icu.dev.test.translit.StringBoilerplateTest
[22008s]     [junit] Tests run: 1, Failures: 0, Errors: 0, Skipped: 0, Time elapsed: 0.606 sec
[22010s]     [junit] Running com.ibm.icu.dev.test.translit.ThreadTest
[22369s]     [junit] Tests run: 63, Failures: 0, Errors: 0, Skipped: 0, Time elapsed: 2,447.252 sec
[22372s]     [junit] Running com.ibm.icu.dev.test.calendar.ChineseTest
[22448s]     [junit] Tests run: 13, Failures: 0, Errors: 0, Skipped: 0, Time elapsed: 75.463 sec
[22450s]     [junit] Running com.ibm.icu.dev.test.calendar.CompatibilityTest
[22467s]     [junit] Tests run: 22, Failures: 0, Errors: 0, Skipped: 0, Time elapsed: 16.472 sec
[22469s]     [junit] Running com.ibm.icu.dev.test.calendar.CopticTest
[22475s]     [junit] Tests run: 9, Failures: 0, Errors: 0, Skipped: 0, Time elapsed: 5.771 sec
[22477s]     [junit] Running com.ibm.icu.dev.test.calendar.DangiTest
[22542s]     [junit] Tests run: 9, Failures: 0, Errors: 0, Skipped: 0, Time elapsed: 64.502 sec
[22544s]     [junit] Running com.ibm.icu.dev.test.calendar.EraRulesTest
[22546s]     [junit] Tests run: 2, Failures: 0, Errors: 0, Skipped: 0, Time elapsed: 1.632 sec
[22547s]     [junit] Running com.ibm.icu.dev.test.calendar.EthiopicTest
[22552s]     [junit] Tests run: 7, Failures: 0, Errors: 0, Skipped: 0, Time elapsed: 4.822 sec
[22555s]     [junit] Running com.ibm.icu.dev.test.calendar.HebrewTest
[22580s]     [junit] Tests run: 11, Failures: 0, Errors: 0, Skipped: 0, Time elapsed: 25.235 sec
[22582s]     [junit] Running com.ibm.icu.dev.test.calendar.HolidayTest
[22590s]     [junit] Tests run: 5, Failures: 0, Errors: 0, Skipped: 0, Time elapsed: 8.037 sec
[22593s]     [junit] Running com.ibm.icu.dev.test.calendar.IBMCalendarTest
[22769s]     [junit] Tests run: 29, Failures: 0, Errors: 0, Skipped: 0, Time elapsed: 175.998 sec
[22772s]     [junit] Running com.ibm.icu.dev.test.calendar.IndianTest
[22778s]     [junit] Tests run: 7, Failures: 0, Errors: 0, Skipped: 0, Time elapsed: 6.682 sec
[22780s]     [junit] Running com.ibm.icu.dev.test.calendar.IslamicTest
[23030s]     [junit] Tests run: 1, Failures: 0, Errors: 0, Skipped: 0, Time elapsed: 3,055.682 sec
[23033s]     [junit] Running com.ibm.icu.dev.test.collator.CollationCurrencyTest
[23035s]     [junit] Tests run: 1, Failures: 0, Errors: 0, Skipped: 0, Time elapsed: 1.559 sec
[23038s]     [junit] Running com.ibm.icu.dev.test.collator.CollationDummyTest
[23298s]     [junit] Tests run: 11, Failures: 0, Errors: 0, Skipped: 0, Time elapsed: 517.698 sec
[23301s]     [junit] Running com.ibm.icu.dev.test.calendar.JapaneseTest
[23338s]     [junit] Tests run: 6, Failures: 0, Errors: 0, Skipped: 0, Time elapsed: 36.816 sec
[23341s]     [junit] Running com.ibm.icu.dev.test.calendar.PersianTest
[23342s]     [junit] Tests run: 2, Failures: 0, Errors: 0, Skipped: 0, Time elapsed: 0.785 sec
[23345s]     [junit] Tests run: 9, Failures: 0, Errors: 0, Skipped: 0, Time elapsed: 306.735 sec
[23345s]     [junit] Running com.ibm.icu.dev.test.charsetdet.TestCharsetDetector
[23348s]     [junit] Running com.ibm.icu.dev.test.collator.CollationEnglishTest
[23350s]     [junit] Tests run: 3, Failures: 0, Errors: 0, Skipped: 0, Time elapsed: 1.972 sec
[23353s]     [junit] Running com.ibm.icu.dev.test.collator.CollationFinnishTest
[23353s]     [junit] Tests run: 2, Failures: 0, Errors: 0, Skipped: 0, Time elapsed: 0.778 sec
[23356s]     [junit] Running com.ibm.icu.dev.test.collator.CollationFrenchTest
[23389s]     [junit] Tests run: 4, Failures: 0, Errors: 0, Skipped: 0, Time elapsed: 32.842 sec
[23392s]     [junit] Running com.ibm.icu.dev.test.collator.CollationFrozenMonkeyTest
[23458s]     [junit] Tests run: 3, Failures: 0, Errors: 0, Skipped: 0, Time elapsed: 65.883 sec
[23461s]     [junit] Running com.ibm.icu.dev.test.collator.CollationGermanTest
[23461s]     [junit] Tests run: 3, Failures: 0, Errors: 0, Skipped: 0, Time elapsed: 0.64 sec
[23464s]     [junit] Running com.ibm.icu.dev.test.collator.CollationIteratorTest
[24495s]     [junit] Tests run: 10, Failures: 0, Errors: 0, Skipped: 0, Time elapsed: 1,031.037 sec
[24502s]     [junit] Running com.ibm.icu.dev.test.collator.CollationKanaTest
[24503s]     [junit] Tests run: 7, Failures: 0, Errors: 0, Skipped: 0, Time elapsed: 1.614 sec
[24512s]     [junit] Running com.ibm.icu.dev.test.collator.CollationMiscTest
[24844s]     [junit] Tests run: 18, Failures: 0, Errors: 0, Skipped: 0, Time elapsed: 1,499.001 sec
[24847s]     [junit] Running com.ibm.icu.dev.test.compression.DecompressionTest
[24848s]     [junit] Tests run: 2, Failures: 0, Errors: 0, Skipped: 0, Time elapsed: 0.765 sec
[24853s]     [junit] Running com.ibm.icu.dev.test.compression.ExhaustiveTest
[24853s]     [junit] Tests run: 3, Failures: 0, Errors: 0, Skipped: 0, Time elapsed: 0.889 sec
[24856s]     [junit] Running com.ibm.icu.dev.test.duration.DataReadWriteTest
[24858s]     [junit] Tests run: 11, Failures: 0, Errors: 0, Skipped: 0, Time elapsed: 1.26 sec
[24861s]     [junit] Running com.ibm.icu.dev.test.duration.ICUDurationTest
[24867s]     [junit] Tests run: 8, Failures: 0, Errors: 0, Skipped: 0, Time elapsed: 5.907 sec
[24870s]     [junit] Running com.ibm.icu.dev.test.duration.PeriodBuilderFactoryTest
[24871s]     [junit] Tests run: 3, Failures: 0, Errors: 0, Skipped: 0, Time elapsed: 0.723 sec
[24874s]     [junit] Running com.ibm.icu.dev.test.duration.PeriodTest
[24874s]     [junit] Tests run: 5, Failures: 0, Errors: 0, Skipped: 0, Time elapsed: 0.595 sec
[24877s]     [junit] Running com.ibm.icu.dev.test.duration.RegressionTest
[24878s]     [junit] Tests run: 1, Failures: 0, Errors: 0, Skipped: 0, Time elapsed: 0.555 sec
[24881s]     [junit] Running com.ibm.icu.dev.test.duration.ResourceBasedPeriodFormatterDataServiceTest
[24890s]     [junit] Tests run: 1, Failures: 0, Errors: 0, Skipped: 0, Time elapsed: 9.153 sec
[24893s]     [junit] Running com.ibm.icu.dev.test.duration.languages.Test_ar_EG
[24895s]     [junit] Tests run: 8, Failures: 0, Errors: 0, Skipped: 0, Time elapsed: 1.978 sec
[24897s]     [junit] Running com.ibm.icu.dev.test.duration.languages.Test_en
[24899s]     [junit] Tests run: 8, Failures: 0, Errors: 0, Skipped: 0, Time elapsed: 1.545 sec
[24902s]     [junit] Running com.ibm.icu.dev.test.duration.languages.Test_es
[24904s]     [junit] Tests run: 8, Failures: 0, Errors: 0, Skipped: 0, Time elapsed: 1.437 sec
[24907s]     [junit] Running com.ibm.icu.dev.test.duration.languages.Test_fr
[24908s]     [junit] Tests run: 8, Failures: 0, Errors: 0, Skipped: 0, Time elapsed: 1.637 sec
[24911s]     [junit] Running com.ibm.icu.dev.test.duration.languages.Test_he_IL
[24913s]     [junit] Tests run: 8, Failures: 0, Errors: 0, Skipped: 0, Time elapsed: 1.692 sec
[24916s]     [junit] Running com.ibm.icu.dev.test.duration.languages.Test_hi
[24918s]     [junit] Tests run: 9, Failures: 0, Errors: 0, Skipped: 0, Time elapsed: 2.379 sec
[24921s]     [junit] Running com.ibm.icu.dev.test.duration.languages.Test_it
[24924s]     [junit] Tests run: 8, Failures: 0, Errors: 0, Skipped: 0, Time elapsed: 2.561 sec
[24927s]     [junit] Running com.ibm.icu.dev.test.duration.languages.Test_ja
[24929s]     [junit] Tests run: 10, Failures: 0, Errors: 0, Skipped: 0, Time elapsed: 1.894 sec
[24932s]     [junit] Running com.ibm.icu.dev.test.duration.languages.Test_ko
[24933s]     [junit] Tests run: 8, Failures: 0, Errors: 0, Skipped: 0, Time elapsed: 1.588 sec
[24936s]     [junit] Running com.ibm.icu.dev.test.duration.languages.Test_ru
[24938s]     [junit] Tests run: 8, Failures: 0, Errors: 0, Skipped: 0, Time elapsed: 1.658 sec
[24941s]     [junit] Running com.ibm.icu.dev.test.duration.languages.Test_zh_Hans
[24943s]     [junit] Tests run: 8, Failures: 0, Errors: 0, Skipped: 0, Time elapsed: 1.784 sec
[24946s]     [junit] Running com.ibm.icu.dev.test.duration.languages.Test_zh_Hans_SG
[24948s]     [junit] Tests run: 8, Failures: 0, Errors: 0, Skipped: 0, Time elapsed: 1.93 sec
[24951s]     [junit] Running com.ibm.icu.dev.test.duration.languages.Test_zh_Hant
[24952s]     [junit] Tests run: 8, Failures: 0, Errors: 0, Skipped: 0, Time elapsed: 1.592 sec
[24956s]     [junit] Running com.ibm.icu.dev.test.duration.languages.Test_zh_Hant_HK
[24957s]     [junit] Tests run: 8, Failures: 0, Errors: 0, Skipped: 0, Time elapsed: 1.566 sec
[24961s]     [junit] Running com.ibm.icu.dev.test.format.BigNumberFormatTest
[24972s]     [junit] Tests run: 9, Failures: 0, Errors: 0, Skipped: 0, Time elapsed: 10.694 sec
[24975s]     [junit] Running com.ibm.icu.dev.test.format.CompactDecimalFormatTest
[25426s]     [junit] Tests run: 35, Failures: 0, Errors: 0, Skipped: 0, Time elapsed: 450.996 sec
[25429s]     [junit] Running com.ibm.icu.dev.test.format.DateFormatMiscTests
[25441s]     [junit] Tests run: 3, Failures: 0, Errors: 0, Skipped: 0, Time elapsed: 12.029 sec
[25445s]     [junit] Running com.ibm.icu.dev.test.format.DateFormatRegressionTest
[25481s]     [junit] Tests run: 37, Failures: 0, Errors: 0, Skipped: 0, Time elapsed: 36.763 sec
[25485s]     [junit] Running com.ibm.icu.dev.test.format.DateFormatRegressionTestJ
[25486s]     [junit] Tests run: 9, Failures: 0, Errors: 0, Skipped: 0, Time elapsed: 1.258 sec
[25489s]     [junit] Running com.ibm.icu.dev.test.format.DateFormatRoundTripTest
[25500s]     [junit] Tests run: 1, Failures: 0, Errors: 0, Skipped: 0, Time elapsed: 11.137 sec
[25504s]     [junit] Running com.ibm.icu.dev.test.format.DateFormatTest
[25699s]     [junit] Tests run: 72, Failures: 0, Errors: 0, Skipped: 0, Time elapsed: 194.371 sec
[25703s]     [junit] Running com.ibm.icu.dev.test.format.DateIntervalFormatTest
[25809s]     [junit] Tests run: 28, Failures: 0, Errors: 0, Skipped: 0, Time elapsed: 106.111 sec
[25812s]     [junit] Running com.ibm.icu.dev.test.format.DateTimeGeneratorTest
[26300s]     [junit] Tests run: 39, Failures: 0, Errors: 0, Skipped: 0, Time elapsed: 487.209 sec
[26304s]     [junit] Running com.ibm.icu.dev.test.format.IntlTestDateFormat
[26462s]     [junit] Tests run: 3, Failures: 0, Errors: 0, Skipped: 0, Time elapsed: 157.494 sec
[26465s]     [junit] Running com.ibm.icu.dev.test.format.IntlTestDateFormatAPI
[26474s]     [junit] Tests run: 2, Failures: 0, Errors: 0, Skipped: 0, Time elapsed: 9.759 sec
[26477s]     [junit] Running com.ibm.icu.dev.test.format.IntlTestDateFormatAPIC
[26478s]     [junit] Tests run: 1, Failures: 0, Errors: 0, Skipped: 0, Time elapsed: 0.725 sec
[26482s]     [junit] Running com.ibm.icu.dev.test.format.IntlTestDateFormatSymbols
[26492s]     [junit] Tests run: 6, Failures: 0, Errors: 0, Skipped: 0, Time elapsed: 9.622 sec
[26495s]     [junit] Running com.ibm.icu.dev.test.format.IntlTestDecimalFormatAPI
[26497s]     [junit] Tests run: 6, Failures: 0, Errors: 0, Skipped: 0, Time elapsed: 1.355 sec
[26500s]     [junit] Running com.ibm.icu.dev.test.format.IntlTestDecimalFormatAPIC
[26504s]     [junit] Tests run: 3, Failures: 0, Errors: 0, Skipped: 0, Time elapsed: 4.231 sec
[26507s]     [junit] Running com.ibm.icu.dev.test.format.IntlTestDecimalFormatSymbols
[26508s]     [junit] Tests run: 5, Failures: 0, Errors: 0, Skipped: 0, Time elapsed: 1.311 sec
[26511s]     [junit] Running com.ibm.icu.dev.test.format.IntlTestDecimalFormatSymbolsC
[26511s]     [junit] Tests run: 1, Failures: 0, Errors: 0, Skipped: 0, Time elapsed: 0.583 sec
[26514s]     [junit] Running com.ibm.icu.dev.test.format.IntlTestNumberFormat
[26567s]     [junit] Tests run: 3, Failures: 0, Errors: 0, Skipped: 0, Time elapsed: 52.664 sec
[26570s]     [junit] Running com.ibm.icu.dev.test.format.IntlTestNumberFormatAPI
[26578s]     [junit] Tests run: 2, Failures: 0, Errors: 0, Skipped: 0, Time elapsed: 8.133 sec
[26581s]     [junit] Running com.ibm.icu.dev.test.format.IntlTestSimpleDateFormatAPI
[26582s]     [junit] Tests run: 2, Failures: 0, Errors: 0, Skipped: 0, Time elapsed: 0.982 sec
[26585s]     [junit] Running com.ibm.icu.dev.test.format.ListFormatterTest
[26586s]     [junit] Tests run: 12, Failures: 0, Errors: 0, Skipped: 0, Time elapsed: 0.972 sec
[26589s]     [junit] Running com.ibm.icu.dev.test.format.MeasureUnitTest
[26611s]     [junit] Tests run: 44, Failures: 0, Errors: 0, Skipped: 0, Time elapsed: 22.059 sec
[26614s]     [junit] Running com.ibm.icu.dev.test.format.MeasureUnitThreadTest
[26615s]     [junit] Tests run: 2, Failures: 0, Errors: 0, Skipped: 0, Time elapsed: 0.58 sec
[26618s]     [junit] Running com.ibm.icu.dev.test.format.MessagePatternUtilTest
[26619s]     [junit] Tests run: 12, Failures: 0, Errors: 0, Skipped: 0, Time elapsed: 1.23 sec
[26623s]     [junit] Running com.ibm.icu.dev.test.format.MessageRegressionTest
[26625s]     [junit] Tests run: 25, Failures: 0, Errors: 0, Skipped: 0, Time elapsed: 2.25 sec
[26628s]     [junit] Running com.ibm.icu.dev.test.format.NumberFormatDataDrivenTest
[26722s]     [junit] Tests run: 5, Failures: 0, Errors: 0, Skipped: 0, Time elapsed: 94.267 sec
[26725s]     [junit] Running com.ibm.icu.dev.test.format.NumberFormatRegistrationTest
[26727s]     [junit] Tests run: 1, Failures: 0, Errors: 0, Skipped: 0, Time elapsed: 1.369 sec
[26730s]     [junit] Running com.ibm.icu.dev.test.format.NumberFormatRegressionTest
[26732s]     [junit] Tests run: 11, Failures: 0, Errors: 0, Skipped: 0, Time elapsed: 2.24 sec
[26735s]     [junit] Running com.ibm.icu.dev.test.format.NumberFormatRoundTripTest
[26764s]     [junit] Tests run: 1, Failures: 0, Errors: 0, Skipped: 0, Time elapsed: 29.225 sec
[26767s]     [junit] Running com.ibm.icu.dev.test.format.NumberFormatSpecificationTest
[26769s]     [junit] Tests run: 8, Failures: 0, Errors: 0, Skipped: 0, Time elapsed: 1.607 sec
[26774s]     [junit] Running com.ibm.icu.dev.test.format.NumberFormatTest
[27064s]     [junit] Tests run: 193, Failures: 0, Errors: 0, Skipped: 2, Time elapsed: 289.852 sec
[27070s]     [junit] Running com.ibm.icu.dev.test.format.NumberRegressionTests
[27660s]     [junit] Tests run: 62, Failures: 0, Errors: 0, Skipped: 1, Time elapsed: 590.17 sec
[27664s]     [junit] Running com.ibm.icu.dev.test.format.PluralFormatTest
[27705s]     [junit] Tests run: 17, Failures: 0, Errors: 0, Skipped: 0, Time elapsed: 41.484 sec
[27709s]     [junit] Running com.ibm.icu.dev.test.format.PluralFormatUnitTest
[27719s]     [junit] Tests run: 12, Failures: 0, Errors: 0, Skipped: 0, Time elapsed: 10.317 sec
[27722s]     [junit] Running com.ibm.icu.dev.test.format.PluralRangesTest
[27723s]     [junit] Tests run: 4, Failures: 0, Errors: 0, Skipped: 1, Time elapsed: 1.256 sec
[27727s]     [junit] Running com.ibm.icu.dev.test.format.PluralRulesTest
[27794s]     [junit] Tests run: 2, Failures: 0, Errors: 0, Skipped: 0, Time elapsed: 5,783.985 sec
[27865s]     [junit] Running com.ibm.icu.dev.test.translit.TransliteratorInstantiateAllTest
[27887s]     [junit] Tests run: 27, Failures: 0, Errors: 0, Skipped: 0, Time elapsed: 160.879 sec
[27890s]     [junit] Running com.ibm.icu.dev.test.format.RBNFParseTest
[27892s]     [junit] Tests run: 3, Failures: 0, Errors: 0, Skipped: 1, Time elapsed: 1.407 sec
[27895s]     [junit] Running com.ibm.icu.dev.test.format.RbnfRoundTripTest
[29580s]     [junit] Tests run: 672, Failures: 0, Errors: 0, Skipped: 0, Time elapsed: 1,715.013 sec
[29588s]     [junit] Running com.ibm.icu.dev.test.translit.TransliteratorTest
[32869s]     [junit] Tests run: 84, Failures: 0, Errors: 0, Skipped: 0, Time elapsed: 8,357.612 sec
[32873s]     [junit] Running com.ibm.icu.dev.test.collator.CollationMonkeyTest
[32935s]     [junit] Tests run: 3, Failures: 0, Errors: 0, Skipped: 0, Time elapsed: 62.109 sec
[32938s]     [junit] Running com.ibm.icu.dev.test.collator.CollationRegressionTest
[33442s]     [junit] Tests run: 41, Failures: 0, Errors: 0, Skipped: 0, Time elapsed: 503.842 sec
[33448s]     [junit] Running com.ibm.icu.dev.test.collator.CollationServiceTest
[33453s]     [junit] Tests run: 5, Failures: 0, Errors: 0, Skipped: 0, Time elapsed: 4.763 sec
[33457s]     [junit] Running com.ibm.icu.dev.test.collator.CollationSpanishTest
[33459s]     [junit] Tests run: 2, Failures: 0, Errors: 0, Skipped: 0, Time elapsed: 1.299 sec
[33464s]     [junit] Running com.ibm.icu.dev.test.collator.CollationTest
[38977s]     [junit] Tests run: 94, Failures: 0, Errors: 0, Skipped: 0, Time elapsed: 9,388.253 sec
[38982s]     [junit] Running com.ibm.icu.dev.test.translit.UnicodeMapBoilerplateTest
[38983s]     [junit] Tests run: 1, Failures: 0, Errors: 0, Skipped: 0, Time elapsed: 1.229 sec
[38986s]     [junit] Running com.ibm.icu.dev.test.translit.UnicodeMapTest
[39035s]     [junit] Tests run: 9, Failures: 0, Errors: 0, Skipped: 0, Time elapsed: 5,571.031 sec
[39039s]     [junit] Running com.ibm.icu.dev.test.collator.CollationThaiTest
[39154s]     [junit] Tests run: 4, Failures: 0, Errors: 0, Skipped: 0, Time elapsed: 115.26 sec
[39157s]     [junit] Running com.ibm.icu.dev.test.collator.CollationThreadTest
[39168s]     [junit] Tests run: 2, Failures: 0, Errors: 0, Skipped: 0, Time elapsed: 11.347 sec
[39171s]     [junit] Running com.ibm.icu.dev.test.collator.CollationTurkishTest
[39172s]     [junit] Tests run: 2, Failures: 0, Errors: 0, Skipped: 0, Time elapsed: 0.722 sec
[39175s]     [junit] Running com.ibm.icu.dev.test.collator.G7CollationTest
[39563s]     [junit] Tests run: 5, Failures: 0, Errors: 0, Skipped: 0, Time elapsed: 387.796 sec
[39565s]     [junit] Running com.ibm.icu.dev.test.collator.LotusCollationKoreanTest
[39568s]     [junit] Tests run: 1, Failures: 0, Errors: 0, Skipped: 0, Time elapsed: 3.024 sec
[39571s]     [junit] Running com.ibm.icu.dev.test.collator.UCAConformanceTest
[41538s]     [junit] Tests run: 4, Failures: 0, Errors: 0, Skipped: 0, Time elapsed: 1,966.673 sec
[41544s]     [junit] Running com.ibm.icu.dev.test.format.GlobalizationPreferencesTest
[41587s]     [junit] Tests run: 14, Failures: 0, Errors: 0, Skipped: 0, Time elapsed: 43.044 sec
[41592s]     [junit] Running com.ibm.icu.dev.test.format.RbnfLenientScannerTest
[43109s]     [junit] Tests run: 6, Failures: 0, Errors: 0, Skipped: 0, Time elapsed: 1,516.303 sec
[43115s]     [junit] Running com.ibm.icu.dev.test.search.SearchTest
[47513s]     [junit] Tests run: 39, Failures: 0, Errors: 0, Skipped: 0, Time elapsed: 4,398.06 sec
[47521s]     [junit] Running com.ibm.icu.dev.test.util.ICUResourceBundleCollationTest
[47527s]     [junit] Tests run: 4, Failures: 0, Errors: 0, Skipped: 0, Time elapsed: 5.793 sec
[47536s]     [junit] Running com.ibm.icu.dev.test.util.LocaleAliasCollationTest
[47539s]     [junit] Tests run: 1, Failures: 0, Errors: 0, Skipped: 0, Time elapsed: 3.774 sec
[47548s]     [junit] Running com.ibm.icu.dev.test.util.ULocaleCollationTest
[47565s]     [junit] Tests run: 3, Failures: 0, Errors: 0, Skipped: 0, Time elapsed: 16.932 sec
[48112s] [junitreport] Processing /home/abuild/rpmbuild/BUILD/icu4j-63.2/out/junit-results/collate/collate-TestSuite.xml to /tmp/null1604620497
[48112s] [junitreport] Loading stylesheet jar:file:/usr/share/java/ant/ant-junit.jar!/org/apache/tools/ant/taskdefs/optional/junit/xsl/junit-frames.xsl
[48451s] [junitreport] Transform time: 338584ms
[48451s] [junitreport] Deleting: /tmp/null1604620497
[50108s]     [junit] Tests run: 9, Failures: 0, Errors: 0, Skipped: 0, Time elapsed: 11,121.887 sec
[50111s]     [junit] Running com.ibm.icu.dev.test.translit.UnicodeSetBoilerplateTest
[50111s]     [junit] Tests run: 1, Failures: 0, Errors: 0, Skipped: 0, Time elapsed: 0.894 sec
[50115s]     [junit] Running com.ibm.icu.dev.test.util.TestUtilities
[50687s]     [junit] Tests run: 2, Failures: 0, Errors: 0, Skipped: 0, Time elapsed: 571.305 sec
[50788s] [junitreport] Processing /home/abuild/rpmbuild/BUILD/icu4j-63.2/out/junit-results/translit/translit-TestSuite.xml to /tmp/null1360276822
[50788s] [junitreport] Loading stylesheet jar:file:/usr/share/java/ant/ant-junit.jar!/org/apache/tools/ant/taskdefs/optional/junit/xsl/junit-frames.xsl
[50915s] [junitreport] Transform time: 126901ms
[50915s] [junitreport] Deleting: /tmp/null1360276822
[53159s]     [junit] Tests run: 13, Failures: 0, Errors: 0, Skipped: 0, Time elapsed: 25,263.636 sec
[53161s]     [junit] Running com.ibm.icu.dev.test.format.RbnfTest
[53513s]     [junit] Tests run: 33, Failures: 0, Errors: 0, Skipped: 0, Time elapsed: 351.961 sec
[53516s]     [junit] Running com.ibm.icu.dev.test.format.RelativeDateTimeFormatterTest
[53828s]     [junit] Tests run: 21, Failures: 0, Errors: 0, Skipped: 0, Time elapsed: 311.436 sec
[53831s]     [junit] Running com.ibm.icu.dev.test.format.ScientificNumberFormatterTest
[53831s]     [junit] Tests run: 6, Failures: 0, Errors: 0, Skipped: 0, Time elapsed: 0.776 sec
[53834s]     [junit] Running com.ibm.icu.dev.test.format.SelectFormatAPITest
[53835s]     [junit] Tests run: 8, Failures: 0, Errors: 0, Skipped: 0, Time elapsed: 0.811 sec
[53838s]     [junit] Running com.ibm.icu.dev.test.format.SelectFormatUnitTest
[53839s]     [junit] Tests run: 3, Failures: 0, Errors: 0, Skipped: 0, Time elapsed: 0.805 sec
[53842s]     [junit] Running com.ibm.icu.dev.test.format.TestMessageFormat
[53868s]     [junit] Tests run: 48, Failures: 0, Errors: 0, Skipped: 0, Time elapsed: 26.129 sec
[53872s]     [junit] Running com.ibm.icu.dev.test.format.TimeUnitTest
[53966s]     [junit] Tests run: 16, Failures: 0, Errors: 0, Skipped: 0, Time elapsed: 93.893 sec
[53968s]     [junit] Running com.ibm.icu.dev.test.impl.CSCharacterIteratorTest
[53969s]     [junit] Tests run: 1, Failures: 0, Errors: 0, Skipped: 0, Time elapsed: 0.578 sec
[53971s]     [junit] Running com.ibm.icu.dev.test.impl.CacheTest
[53972s]     [junit] Tests run: 3, Failures: 0, Errors: 0, Skipped: 0, Time elapsed: 0.626 sec
[53974s]     [junit] Running com.ibm.icu.dev.test.impl.StringSegmentTest
[53975s]     [junit] Tests run: 5, Failures: 0, Errors: 0, Skipped: 0, Time elapsed: 0.71 sec
[53978s]     [junit] Running com.ibm.icu.dev.test.iterator.TestUCharacterIterator
[53979s]     [junit] Tests run: 6, Failures: 0, Errors: 0, Skipped: 0, Time elapsed: 0.725 sec
[53987s]     [junit] Running com.ibm.icu.dev.test.lang.DataDrivenUScriptTest
[53992s]     [junit] Tests run: 108, Failures: 0, Errors: 0, Skipped: 0, Time elapsed: 4.18 sec
[53995s]     [junit] Running com.ibm.icu.dev.test.lang.TestUScript
[54388s]     [junit] Tests run: 9, Failures: 0, Errors: 0, Skipped: 0, Time elapsed: 392.729 sec
[54391s]     [junit] Running com.ibm.icu.dev.test.lang.TestUScriptRun
[54392s]     [junit] Tests run: 3, Failures: 0, Errors: 0, Skipped: 0, Time elapsed: 0.551 sec
[54394s]     [junit] Running com.ibm.icu.dev.test.lang.UCharacterCaseTest
[54474s]     [junit] Tests run: 20, Failures: 0, Errors: 0, Skipped: 0, Time elapsed: 79.842 sec
[54477s]     [junit] Running com.ibm.icu.dev.test.lang.UCharacterCategoryTest
[54477s]     [junit] Tests run: 1, Failures: 0, Errors: 0, Skipped: 0, Time elapsed: 0.41 sec
[54480s]     [junit] Running com.ibm.icu.dev.test.lang.UCharacterDirectionTest
[54480s]     [junit] Tests run: 1, Failures: 0, Errors: 0, Skipped: 0, Time elapsed: 0.596 sec
[54484s]     [junit] Running com.ibm.icu.dev.test.lang.UCharacterSurrogateTest
[54485s]     [junit] Tests run: 12, Failures: 0, Errors: 0, Skipped: 0, Time elapsed: 1.291 sec
[54488s]     [junit] Running com.ibm.icu.dev.test.lang.UCharacterTest
[56754s]     [junit] Tests run: 65, Failures: 0, Errors: 0, Skipped: 0, Time elapsed: 2,265.268 sec
[56756s]     [junit] Running com.ibm.icu.dev.test.lang.UCharacterThreadTest
[56942s]     [junit] Tests run: 1, Failures: 0, Errors: 0, Skipped: 0, Time elapsed: 185.946 sec
[56945s]     [junit] Running com.ibm.icu.dev.test.lang.UPropertyAliasesTest
[56955s]     [junit] Tests run: 2, Failures: 0, Errors: 0, Skipped: 0, Time elapsed: 9.795 sec
[56958s]     [junit] Running com.ibm.icu.dev.test.lang.UTF16Test
[58381s]     [junit] Tests run: 20, Failures: 0, Errors: 0, Skipped: 0, Time elapsed: 1,422.144 sec
[58384s]     [junit] Running com.ibm.icu.dev.test.lang.UnicodeSetStringSpanTest
[59167s]     [junit] Tests run: 7, Failures: 0, Errors: 0, Skipped: 0, Time elapsed: 783.173 sec
[59170s]     [junit] Running com.ibm.icu.dev.test.lang.UnicodeSetTest
[63479s]     [junit] Tests run: 43, Failures: 0, Errors: 0, Skipped: 0, Time elapsed: 4,309.629 sec
[63483s]     [junit] Running com.ibm.icu.dev.test.normalizer.BasicTest
[66211s]     [junit] Tests run: 59, Failures: 0, Errors: 0, Skipped: 0, Time elapsed: 2,727.865 sec
[66215s]     [junit] Running com.ibm.icu.dev.test.normalizer.ConformanceTest
[68188s]     [junit] Tests run: 3, Failures: 0, Errors: 0, Skipped: 1, Time elapsed: 1,973.509 sec
[68190s]     [junit] Running com.ibm.icu.dev.test.normalizer.NormalizationMonkeyTest
[68214s]     [junit] Tests run: 1, Failures: 0, Errors: 0, Skipped: 0, Time elapsed: 23.915 sec
[68217s]     [junit] Running com.ibm.icu.dev.test.normalizer.NormalizerRegressionTests
[68217s]     [junit] Tests run: 1, Failures: 0, Errors: 0, Skipped: 0, Time elapsed: 0.523 sec
[68219s]     [junit] Running com.ibm.icu.dev.test.normalizer.TestCanonicalIterator
[72865s]     [junit] Tests run: 2, Failures: 0, Errors: 0, Skipped: 0, Time elapsed: 4,645.915 sec
[72867s]     [junit] Running com.ibm.icu.dev.test.normalizer.TestDeprecatedNormalizerAPI
[72893s]     [junit] Tests run: 3, Failures: 0, Errors: 0, Skipped: 0, Time elapsed: 25.263 sec
[72895s]     [junit] Running com.ibm.icu.dev.test.normalizer.UTS46Test
[72974s]     [junit] Tests run: 4, Failures: 0, Errors: 0, Skipped: 0, Time elapsed: 79.035 sec
[72976s]     [junit] Running com.ibm.icu.dev.test.normalizer.UnicodeNormalizerConformanceTest
[73142s]     [junit] Tests run: 2, Failures: 0, Errors: 0, Skipped: 1, Time elapsed: 165.773 sec
[73145s]     [junit] Running com.ibm.icu.dev.test.number.AffixUtilsTest
[73146s]     [junit] Tests run: 6, Failures: 0, Errors: 0, Skipped: 0, Time elapsed: 0.802 sec
[73149s]     [junit] Running com.ibm.icu.dev.test.number.DecimalQuantityTest
[73150s]     [junit] Tests run: 9, Failures: 0, Errors: 0, Skipped: 1, Time elapsed: 0.853 sec
[73153s]     [junit] Running com.ibm.icu.dev.test.number.ExhaustiveNumberTest
[73153s]     [junit] Tests run: 3, Failures: 0, Errors: 0, Skipped: 3, Time elapsed: 0.782 sec
[73156s]     [junit] Running com.ibm.icu.dev.test.number.ModifierTest
[73157s]     [junit] Tests run: 5, Failures: 0, Errors: 0, Skipped: 0, Time elapsed: 0.701 sec
[73159s]     [junit] Running com.ibm.icu.dev.test.number.MutablePatternModifierTest
[73160s]     [junit] Tests run: 3, Failures: 0, Errors: 0, Skipped: 0, Time elapsed: 0.465 sec
[73162s]     [junit] Running com.ibm.icu.dev.test.number.NumberFormatterApiTest
[73195s]     [junit] Tests run: 25, Failures: 0, Errors: 0, Skipped: 1, Time elapsed: 33.023 sec
[73198s]     [junit] Running com.ibm.icu.dev.test.number.NumberParserTest
[73220s]     [junit] Tests run: 7, Failures: 0, Errors: 0, Skipped: 0, Time elapsed: 22.288 sec
[73223s]     [junit] Running com.ibm.icu.dev.test.number.NumberRangeFormatterTest
[73227s]     [junit] Tests run: 6, Failures: 0, Errors: 0, Skipped: 0, Time elapsed: 4.312 sec
[73229s]     [junit] Running com.ibm.icu.dev.test.number.NumberSkeletonTest
[73230s]     [junit] Tests run: 9, Failures: 0, Errors: 0, Skipped: 0, Time elapsed: 0.884 sec
[73233s]     [junit] Running com.ibm.icu.dev.test.number.NumberStringBuilderTest
[73234s]     [junit] Tests run: 7, Failures: 0, Errors: 0, Skipped: 0, Time elapsed: 1.349 sec
[73236s]     [junit] Running com.ibm.icu.dev.test.number.PatternStringTest
[73237s]     [junit] Tests run: 5, Failures: 0, Errors: 0, Skipped: 0, Time elapsed: 0.828 sec
[73240s]     [junit] Running com.ibm.icu.dev.test.number.PropertiesTest
[73248s]     [junit] Tests run: 3, Failures: 0, Errors: 0, Skipped: 0, Time elapsed: 8.083 sec
[73250s]     [junit] Running com.ibm.icu.dev.test.rbbi.AbstractBreakIteratorTests
[73251s]     [junit] Tests run: 2, Failures: 0, Errors: 0, Skipped: 0, Time elapsed: 0.573 sec
[73253s]     [junit] Running com.ibm.icu.dev.test.rbbi.BreakIteratorRegTest
[73267s]     [junit] Tests run: 1, Failures: 0, Errors: 0, Skipped: 0, Time elapsed: 13.194 sec
[73269s]     [junit] Running com.ibm.icu.dev.test.rbbi.BreakIteratorTest
[74915s]     [junit] Tests run: 8, Failures: 0, Errors: 0, Skipped: 0, Time elapsed: 1,646.435 sec
[74918s]     [junit] Running com.ibm.icu.dev.test.rbbi.RBBIAPITest
[74936s]     [junit] Tests run: 10, Failures: 0, Errors: 0, Skipped: 0, Time elapsed: 18.389 sec
[74938s]     [junit] Running com.ibm.icu.dev.test.rbbi.RBBIMonkeyTest
[85545s]     [junit] Tests run: 1, Failures: 0, Errors: 0, Skipped: 0, Time elapsed: 10,606.642 sec
[85548s]     [junit] Running com.ibm.icu.dev.test.rbbi.RBBITest
[95967s]     [junit] Tests run: 20, Failures: 0, Errors: 0, Skipped: 0, Time elapsed: 10,419.084 sec
[95969s]     [junit] Running com.ibm.icu.dev.test.rbbi.RBBITestExtended
[96046s]     [junit] Tests run: 1, Failures: 0, Errors: 0, Skipped: 0, Time elapsed: 76.038 sec
[96048s]     [junit] Running com.ibm.icu.dev.test.rbbi.RBBITestMonkey
[99988s]     [junit] Tests run: 8, Failures: 0, Errors: 0, Skipped: 0, Time elapsed: 3,940.45 sec
[99990s]     [junit] Running com.ibm.icu.dev.test.shaping.ArabicShapingRegTest
[99990s]     [junit] Tests run: 4, Failures: 0, Errors: 0, Skipped: 0, Time elapsed: 0.43 sec
[99995s]     [junit] Running com.ibm.icu.dev.test.shaping.DataDrivenArabicShapingRegTest
[99997s]     [junit] Tests run: 45, Failures: 0, Errors: 0, Skipped: 0, Time elapsed: 1.181 sec
[99999s]     [junit] Running com.ibm.icu.dev.test.stringprep.IDNAConformanceTest
[100001s]     [junit] Tests run: 1, Failures: 0, Errors: 0, Skipped: 0, Time elapsed: 1.686 sec
[100003s]     [junit] Running com.ibm.icu.dev.test.stringprep.TestIDNA
[100021s]     [junit] Tests run: 21, Failures: 0, Errors: 0, Skipped: 1, Time elapsed: 17.826 sec
[100023s]     [junit] Running com.ibm.icu.dev.test.stringprep.TestIDNARef
[100146s]     [junit] Tests run: 10, Failures: 0, Errors: 0, Skipped: 0, Time elapsed: 122.677 sec
[100148s]     [junit] Running com.ibm.icu.dev.test.stringprep.TestInputDataStructure
[100148s]     [junit] Tests run: 1, Failures: 0, Errors: 0, Skipped: 1, Time elapsed: 0.364 sec
[100150s]     [junit] Running com.ibm.icu.dev.test.stringprep.TestStringPrep
[100152s]     [junit] Tests run: 10, Failures: 0, Errors: 0, Skipped: 0, Time elapsed: 2.274 sec
[100154s]     [junit] Running com.ibm.icu.dev.test.stringprep.TestStringPrepProfiles
[100157s]     [junit] Tests run: 1, Failures: 0, Errors: 0, Skipped: 0, Time elapsed: 2.587 sec
[100159s]     [junit] Running com.ibm.icu.dev.test.text.SpoofCheckerTest
[100354s]     [junit] Tests run: 25, Failures: 0, Errors: 0, Skipped: 0, Time elapsed: 195.153 sec
[100356s]     [junit] Running com.ibm.icu.dev.test.timescale.TimeScaleAPITest
[100357s]     [junit] Tests run: 9, Failures: 0, Errors: 0, Skipped: 0, Time elapsed: 1.234 sec
[100359s]     [junit] Running com.ibm.icu.dev.test.timescale.TimeScaleDataTest
[100360s]     [junit] Tests run: 4, Failures: 0, Errors: 0, Skipped: 0, Time elapsed: 0.591 sec
[100362s]     [junit] Running com.ibm.icu.dev.test.timescale.TimeScaleMonkeyTest
[100363s]     [junit] Tests run: 1, Failures: 0, Errors: 0, Skipped: 0, Time elapsed: 0.992 sec
[100365s]     [junit] Running com.ibm.icu.dev.test.timezone.TimeZoneAliasTest
[100366s]     [junit] Tests run: 2, Failures: 0, Errors: 0, Skipped: 2, Time elapsed: 0.413 sec
[100368s]     [junit] Running com.ibm.icu.dev.test.timezone.TimeZoneBoundaryTest
[100369s]     [junit] Tests run: 3, Failures: 0, Errors: 0, Skipped: 0, Time elapsed: 1.353 sec
[100371s]     [junit] Running com.ibm.icu.dev.test.timezone.TimeZoneOffsetLocalTest
[100371s]     [junit] Tests run: 1, Failures: 0, Errors: 0, Skipped: 0, Time elapsed: 0.438 sec
[100373s]     [junit] Running com.ibm.icu.dev.test.timezone.TimeZoneRegressionTest
[100569s]     [junit] Tests run: 26, Failures: 0, Errors: 0, Skipped: 0, Time elapsed: 195.501 sec
[100571s]     [junit] Running com.ibm.icu.dev.test.timezone.TimeZoneRuleTest
[100637s]     [junit] Tests run: 18, Failures: 0, Errors: 0, Skipped: 0, Time elapsed: 66.033 sec
[100640s]     [junit] Running com.ibm.icu.dev.test.timezone.TimeZoneTest
[100714s]     [junit] Tests run: 34, Failures: 0, Errors: 0, Skipped: 0, Time elapsed: 73.84 sec
[100717s]     [junit] Running com.ibm.icu.dev.test.util.BytesTrieTest
[100719s]     [junit] Tests run: 18, Failures: 0, Errors: 0, Skipped: 0, Time elapsed: 2.599 sec
[100722s]     [junit] Running com.ibm.icu.dev.test.util.CharsTrieTest
[100824s]     [junit] Tests run: 21, Failures: 0, Errors: 0, Skipped: 0, Time elapsed: 102.742 sec
[100827s]     [junit] Running com.ibm.icu.dev.test.util.CodePointTrieTest
[104563s]     [junit] Tests run: 15, Failures: 0, Errors: 0, Skipped: 0, Time elapsed: 3,736.087 sec
[104566s]     [junit] Running com.ibm.icu.dev.test.util.CompactArrayTest
[104578s]     [junit] Tests run: 2, Failures: 0, Errors: 0, Skipped: 0, Time elapsed: 12.052 sec
[104580s]     [junit] Running com.ibm.icu.dev.test.util.CurrencyTest
[104594s]     [junit] Tests run: 25, Failures: 0, Errors: 0, Skipped: 0, Time elapsed: 13.735 sec
[104597s]     [junit] Running com.ibm.icu.dev.test.util.DebugUtilitiesTest
[104597s]     [junit] Tests run: 1, Failures: 0, Errors: 0, Skipped: 0, Time elapsed: 0.691 sec
[104600s]     [junit] Running com.ibm.icu.dev.test.util.DisplayNameTest
[104600s]     [junit] Tests run: 3, Failures: 0, Errors: 0, Skipped: 3, Time elapsed: 0.5 sec
[104602s]     [junit] Running com.ibm.icu.dev.test.util.GenderInfoTest
[104603s]     [junit] Tests run: 4, Failures: 0, Errors: 0, Skipped: 0, Time elapsed: 0.782 sec
[104606s]     [junit] Running com.ibm.icu.dev.test.util.ICUBinaryTest
[104606s]     [junit] Tests run: 1, Failures: 0, Errors: 0, Skipped: 0, Time elapsed: 0.38 sec
[104609s]     [junit] Running com.ibm.icu.dev.test.util.ICUResourceBundleTest
[104705s]     [junit] Tests run: 24, Failures: 0, Errors: 0, Skipped: 0, Time elapsed: 95.364 sec
[104707s]     [junit] Running com.ibm.icu.dev.test.util.ICUServiceTest
[104914s]     [junit] Tests run: 4, Failures: 0, Errors: 0, Skipped: 0, Time elapsed: 206.792 sec
[104916s]     [junit] Running com.ibm.icu.dev.test.util.ICUServiceThreadTest
[104951s]     [junit] Tests run: 6, Failures: 0, Errors: 0, Skipped: 0, Time elapsed: 35.303 sec
[104955s]     [junit] Running com.ibm.icu.dev.test.util.LocaleAliasTest
[105061s]     [junit] Tests run: 5, Failures: 0, Errors: 0, Skipped: 0, Time elapsed: 105.571 sec
[105063s]     [junit] Running com.ibm.icu.dev.test.util.LocaleBuilderTest
[105064s]     [junit] Tests run: 2, Failures: 0, Errors: 0, Skipped: 0, Time elapsed: 1.061 sec
[105067s]     [junit] Running com.ibm.icu.dev.test.util.LocaleDataTest
[105297s]     [junit] Tests run: 10, Failures: 0, Errors: 0, Skipped: 0, Time elapsed: 230.471 sec
[105300s]     [junit] Running com.ibm.icu.dev.test.util.LocaleMatcherTest
[105401s]     [junit] Tests run: 34, Failures: 0, Errors: 0, Skipped: 0, Time elapsed: 100.161 sec
[105403s]     [junit] Running com.ibm.icu.dev.test.util.LocalePriorityListTest
[105404s]     [junit] Tests run: 1, Failures: 0, Errors: 0, Skipped: 0, Time elapsed: 0.535 sec
[105406s]     [junit] Running com.ibm.icu.dev.test.util.RegionTest
[105412s]     [junit] Tests run: 10, Failures: 0, Errors: 0, Skipped: 0, Time elapsed: 6.08 sec
[105415s]     [junit] Running com.ibm.icu.dev.test.util.SimpleFormatterTest
[105415s]     [junit] Tests run: 15, Failures: 0, Errors: 0, Skipped: 0, Time elapsed: 0.761 sec
[105418s]     [junit] Running com.ibm.icu.dev.test.util.StaticUnicodeSetsTest
[105419s]     [junit] Tests run: 2, Failures: 0, Errors: 0, Skipped: 0, Time elapsed: 0.532 sec
[105421s]     [junit] Running com.ibm.icu.dev.test.util.StringTokenizerTest
[105429s]     [junit] Tests run: 28, Failures: 0, Errors: 0, Skipped: 0, Time elapsed: 7.402 sec
[105431s]     [junit] Running com.ibm.icu.dev.test.util.TestLocaleValidity
[105440s]     [junit] Tests run: 5, Failures: 0, Errors: 0, Skipped: 0, Time elapsed: 9.149 sec
[105443s]     [junit] Running com.ibm.icu.dev.test.util.TextTrieMapTest
[105443s]     [junit] Tests run: 2, Failures: 0, Errors: 0, Skipped: 0, Time elapsed: 0.61 sec
[105446s]     [junit] Running com.ibm.icu.dev.test.util.Trie2Test
[109037s]     [junit] Tests run: 4, Failures: 0, Errors: 0, Skipped: 0, Time elapsed: 3,590.678 sec
[109039s]     [junit] Running com.ibm.icu.dev.test.util.TrieMapTest
[109040s]     [junit] Tests run: 8, Failures: 0, Errors: 0, Skipped: 8, Time elapsed: 0.635 sec
[109041s]     [junit] Running com.ibm.icu.dev.test.util.TrieTest
[109416s]     [junit] Tests run: 3, Failures: 0, Errors: 0, Skipped: 0, Time elapsed: 374.989 sec
[109419s]     [junit] Running com.ibm.icu.dev.test.util.ULocaleTest
[115786s]     [junit] Tests run: 43, Failures: 0, Errors: 0, Skipped: 0, Time elapsed: 6,366.823 sec
[115788s]     [junit] Running com.ibm.icu.dev.test.util.UtilityTest
[115790s]     [junit] Tests run: 10, Failures: 0, Errors: 0, Skipped: 0, Time elapsed: 2.344 sec
[115792s]     [junit] Running com.ibm.icu.dev.test.util.VersionInfoTest
[115793s]     [junit] Tests run: 7, Failures: 0, Errors: 0, Skipped: 0, Time elapsed: 0.833 sec
[115795s]     [junit] Running com.ibm.icu.dev.test.util.XLocaleDistanceTest
[115797s]     [junit] Tests run: 4, Failures: 0, Errors: 0, Skipped: 1, Time elapsed: 1.637 sec
[115799s]     [junit] Running com.ibm.icu.dev.test.util.XLocaleMatcherTest
[118519s]     [junit] Tests run: 4, Failures: 0, Errors: 0, Skipped: 0, Time elapsed: 2,720.083 sec
[118521s]     [junit] Running com.ibm.icu.dev.text.DigitListTest
[118521s]     [junit] Tests run: 3, Failures: 0, Errors: 0, Skipped: 0, Time elapsed: 0.398 sec
[119510s] [junitreport] Processing /home/abuild/rpmbuild/BUILD/icu4j-63.2/out/junit-results/core/core-TestSuite.xml to /tmp/null1772067581
[119510s] [junitreport] Loading stylesheet jar:file:/usr/share/java/ant/ant-junit.jar!/org/apache/tools/ant/taskdefs/optional/junit/xsl/junit-frames.xsl
[120780s] [junitreport] Transform time: 1269403ms
[120780s] [junitreport] Deleting: /tmp/null1772067581
[120780s] 
[120780s] BUILD SUCCESSFUL
[120780s] Total time: 1977 minutes 1 second
[120780s] + mkdir -p maven/icu4j maven/icu4j-charset maven/icu4j-localespi
[120780s] + cp -p /home/abuild/rpmbuild/SOURCES/icu4j-63.2.pom maven/icu4j/pom.xml
[120781s] + cp -p /home/abuild/rpmbuild/SOURCES/icu4j-charset-63.2.pom maven/icu4j-charset/pom.xml
[120781s] + cp -p /home/abuild/rpmbuild/SOURCES/icu4j-localespi-63.2.pom maven/icu4j-localespi/pom.xml
[120781s] + for jar in icu4j icu4j-charset icu4j-localespi
[120781s] + sed -i -e s/@POMVERSION@/63.2/ maven/icu4j/pom.xml
[120781s] + /usr/bin/python3 /usr/share/java-utils/mvn_artifact.py maven/icu4j/pom.xml icu4j.jar
[120782s] Traceback (most recent call last):
[120782s]   File "/usr/share/java-utils/mvn_artifact.py", line 35, in <module>
[120782s]     from javapackages.metadata.metadata import Metadata
[120782s] ModuleNotFoundError: No module named 'javapackages'
[120782s] error: Bad exit status from /var/tmp/rpm-tmp.xgr3Yu (%build)
[120782s] 
[120782s] 
[120782s] RPM build errors:
[120782s]     Bad exit status from /var/tmp/rpm-tmp.xgr3Yu (%build)
[120782s] 
[120782s] oe-RISCV-worker24 failed "build icu4j.spec" at Tue Mar 29 12:27:42 UTC 2022.
[120782s] 
