[    0s] Memory limit set to 10955196KB
[    0s] Using BUILD_ROOT=/var/cache/obs/worker/root_1
[    0s] Using BUILD_ARCH=riscv64
[    0s] 
[    4s] 
[    4s] oe-RISCV-worker21 started "build _service:extract_file:jboss-classfilewriter.spec" at Fri Apr 15 11:32:39 UTC 2022.
[    4s] 
[    4s] Building jboss-classfilewriter for project 'openEuler:Mainline:RISC-V' repository 'advanced_riscv64' arch 'riscv64' srcmd5 '2132ce4769fb21f4b4cf10310df867bf'
[    4s] 
[    4s] processing recipe /var/cache/obs/worker/root_1/.build-srcdir/_service:extract_file:jboss-classfilewriter.spec ...
[    7s] running changelog2spec --target rpm --file /var/cache/obs/worker/root_1/.build-srcdir/_service:extract_file:jboss-classfilewriter.spec
[    8s] init_buildsystem --configdir /var/run/obs/worker/1/build/configs --cachedir /var/cache/build --clean --rpmlist /var/cache/obs/worker/root_1/.build.rpmlist /var/cache/obs/worker/root_1/.build-srcdir/_service:extract_file:jboss-classfilewriter.spec build ...
[   99s] cycle: coreutils -> bash
[   99s]   breaking dependency coreutils -> bash
[   99s] cycle: coreutils -> info
[   99s]   breaking dependency coreutils -> info
[   99s] cycle: glibc -> filesystem -> coreutils
[   99s]   breaking dependency coreutils -> glibc
[   99s] cycle: glibc -> filesystem -> coreutils -> libacl
[   99s]   breaking dependency coreutils -> libacl
[   99s] cycle: glibc -> filesystem -> coreutils -> attr
[   99s]   breaking dependency coreutils -> attr
[   99s] cycle: coreutils -> libcap
[   99s]   breaking dependency coreutils -> libcap
[   99s] cycle: glibc -> filesystem -> coreutils -> openssl-libs
[   99s]   breaking dependency coreutils -> openssl-libs
[   99s] cycle: glibc -> filesystem -> coreutils -> libselinux
[   99s]   breaking dependency libselinux -> glibc
[   99s] cycle: glibc -> filesystem -> coreutils -> libselinux -> pcre2
[   99s]   breaking dependency pcre2 -> glibc
[   99s] cycle: glibc -> filesystem -> coreutils -> libselinux -> pcre2 -> readline
[   99s]   breaking dependency readline -> glibc
[   99s] cycle: glibc -> filesystem -> coreutils -> libselinux -> pcre2 -> readline -> ncurses-libs
[   99s]   breaking dependency filesystem -> coreutils
[   99s] cycle: glibc -> filesystem -> bash -> coreutils -> libselinux -> pcre2 -> readline -> ncurses-libs
[   99s]   breaking dependency filesystem -> bash
[   99s] cycle: perl-Carp -> perl-libs
[   99s]   breaking dependency perl-libs -> perl-Carp
[   99s] cycle: perl-libs -> perl-Exporter
[   99s]   breaking dependency perl-libs -> perl-Exporter
[   99s] cycle: perl-Carp -> perl-Exporter
[   99s]   breaking dependency perl-Exporter -> perl-Carp
[   99s] cycle: nss-util -> nss
[   99s]   breaking dependency nss -> nss-util
[   99s] cycle: nss-softokn -> nss-util -> nss
[   99s]   breaking dependency nss -> nss-softokn
[   99s] cycle: systemd -> cryptsetup -> device-mapper
[   99s]   breaking dependency systemd -> cryptsetup
[   99s] cycle: audit -> systemd -> pam
[   99s]   breaking dependency systemd -> pam
[   99s] [1/84] preinstalling dbus...
[  100s] [2/84] preinstalling libffi-devel...
[  101s] [3/84] preinstalling nodejs-source-map...
[  103s] [4/84] preinstalling python3-pip...
[  106s] [5/84] preinstalling python3-setuptools_scm...
[  107s] [6/84] preinstalling filesystem...
[  110s] [7/84] preinstalling glibc...
[  113s] [8/84] preinstalling libgcc...
[  114s] [9/84] preinstalling diffutils...
[  115s] [10/84] preinstalling libcap-ng...
[  116s] [11/84] preinstalling libgpg-error...
[  117s] [12/84] preinstalling libpcap...
[  118s] [13/84] preinstalling libsmartcols...
[  119s] [14/84] preinstalling libuuid...
[  120s] [15/84] preinstalling libxcrypt...
[  121s] [16/84] preinstalling lz4...
[  122s] [17/84] preinstalling m4...
[  123s] [18/84] preinstalling ncurses-libs...
[  124s] [19/84] preinstalling nspr...
[  124s] [20/84] preinstalling xz-libs...
[  125s] [21/84] preinstalling zlib...
[  126s] [22/84] preinstalling attr...
[  127s] [23/84] preinstalling libdb...
[  131s] [24/84] preinstalling zstd...
[  133s] [25/84] preinstalling audit-libs...
[  134s] [26/84] preinstalling file...
[  135s] [27/84] preinstalling iptables-libs...
[  136s] [28/84] preinstalling libacl...
[  137s] [29/84] preinstalling libgcrypt...
[  138s] [30/84] preinstalling openssl-libs...
[  143s] [31/84] preinstalling readline...
[  144s] [32/84] preinstalling ncurses...
[  150s] [33/84] preinstalling cmake...
[  163s] [34/84] preinstalling perl-libs...
[  168s] [35/84] preinstalling pcre2...
[  169s] [36/84] preinstalling perl-Exporter...
[  170s] [37/84] preinstalling pcre...
[  171s] [38/84] preinstalling acl...
[  172s] [39/84] preinstalling sqlite...
[  174s] [40/84] preinstalling libselinux...
[  175s] [41/84] preinstalling perl-Carp...
[  175s] [42/84] preinstalling perl-Digest-MD5...
[  176s] [43/84] preinstalling sed...
[  177s] [44/84] preinstalling coreutils...
[  182s] [45/84] preinstalling bash...
[  184s] [46/84] preinstalling openssl...
[  186s] [47/84] preinstalling dnf...
[  186s] [48/84] preinstalling bzip2...
[  188s] [49/84] preinstalling elfutils...
[  189s] [50/84] preinstalling hostname...
[  190s] [51/84] preinstalling libcap...
[  192s] [52/84] preinstalling popt...
[  193s] [53/84] preinstalling grep...
[  194s] [54/84] preinstalling libblkid...
[  195s] [55/84] preinstalling perl-constant...
[  196s] [56/84] preinstalling tar...
[  197s] [57/84] preinstalling info...
[  198s] [58/84] preinstalling libgcrypt-devel...
[  199s] [59/84] preinstalling lua...
[  200s] [60/84] preinstalling nss...
[  201s] [61/84] preinstalling chkconfig...
[  202s] [62/84] preinstalling copy-jdk-configs...
[  203s] [63/84] preinstalling libfdisk...
[  205s] [64/84] preinstalling libmount...
[  206s] [65/84] preinstalling libsemanage...
[  206s] [66/84] preinstalling nss-util...
[  208s] [67/84] preinstalling findutils...
[  209s] [68/84] preinstalling perl-Getopt-Long...
[  210s] [69/84] preinstalling xz...
[  211s] [70/84] preinstalling perl-Data-Dumper...
[  213s] [71/84] preinstalling systemd-libs...
[  215s] [72/84] preinstalling rpm-libs...
[  216s] [73/84] preinstalling dbus-libs...
[  218s] [74/84] preinstalling nss-softokn...
[  220s] [75/84] preinstalling glib2...
[  226s] [76/84] preinstalling systemd...
[  231s] [77/84] preinstalling audit...
[  232s] [78/84] preinstalling rpm...
[  234s] [79/84] preinstalling openEuler-rpm-config...
[  236s] [80/84] preinstalling pam...
[  237s] [81/84] preinstalling util-linux...
[  243s] [82/84] preinstalling device-mapper...
[  245s] [83/84] preinstalling cryptsetup...
[  247s] [84/84] preinstalling lvm2...
[  251s] 
[  255s] initializing rpm db...
[  271s] reordering...cycle: coreutils -> bash
[  271s]   breaking dependency coreutils -> bash
[  271s] cycle: coreutils -> info
[  271s]   breaking dependency coreutils -> info
[  271s] cycle: glibc -> basesystem -> filesystem -> coreutils -> gmp
[  271s]   breaking dependency coreutils -> gmp
[  271s] cycle: glibc -> basesystem -> filesystem -> coreutils
[  271s]   breaking dependency coreutils -> glibc
[  271s] cycle: glibc -> basesystem -> filesystem -> coreutils -> libacl
[  271s]   breaking dependency coreutils -> libacl
[  271s] cycle: glibc -> basesystem -> filesystem -> coreutils -> attr
[  271s]   breaking dependency coreutils -> attr
[  271s] cycle: coreutils -> libcap
[  271s]   breaking dependency coreutils -> libcap
[  271s] cycle: glibc -> basesystem -> filesystem -> coreutils -> openssl-libs
[  271s]   breaking dependency openssl-libs -> glibc
[  271s] cycle: coreutils -> openssl-libs -> ca-certificates
[  271s]   breaking dependency ca-certificates -> coreutils
[  271s] cycle: coreutils -> openssl-libs -> ca-certificates -> bash
[  271s]   breaking dependency ca-certificates -> bash
[  271s] cycle: coreutils -> openssl-libs -> ca-certificates -> grep
[  271s]   breaking dependency grep -> coreutils
[  271s] cycle: coreutils -> openssl-libs -> ca-certificates -> grep -> bash
[  271s]   breaking dependency ca-certificates -> grep
[  271s] cycle: glibc -> basesystem -> filesystem -> coreutils -> openssl-libs -> ca-certificates -> p11-kit
[  271s]   breaking dependency p11-kit -> glibc
[  271s] cycle: glibc -> basesystem -> filesystem -> coreutils -> openssl-libs -> ca-certificates -> p11-kit -> libffi
[  271s]   breaking dependency openssl-libs -> ca-certificates
[  271s] cycle: coreutils -> openssl-libs -> crypto-policies -> bash
[  271s]   breaking dependency crypto-policies -> bash
[  271s] cycle: coreutils -> openssl-libs -> crypto-policies
[  271s]   breaking dependency crypto-policies -> coreutils
[  271s] cycle: coreutils -> openssl-libs -> crypto-policies -> grep -> bash
[  271s]   breaking dependency bash -> coreutils
[  271s] cycle: filesystem -> coreutils -> openssl-libs -> crypto-policies -> grep -> bash
[  271s]   breaking dependency grep -> bash
[  271s] cycle: glibc -> basesystem -> filesystem -> coreutils -> openssl-libs -> crypto-policies -> grep
[  271s]   breaking dependency glibc -> basesystem
[  271s] cycle: glibc -> glibc-common -> bash -> filesystem -> coreutils -> openssl-libs -> crypto-policies -> grep
[  271s]   breaking dependency glibc-common -> bash
[  271s] cycle: glibc -> glibc-common -> coreutils -> openssl-libs -> crypto-policies -> grep
[  271s]   breaking dependency glibc-common -> coreutils
[  271s] cycle: glibc -> glibc-common
[  271s]   breaking dependency glibc-common -> glibc
[  271s] cycle: glibc -> glibc-common -> libselinux
[  271s]   breaking dependency libselinux -> glibc
[  271s] cycle: glibc -> glibc-common -> libselinux -> pcre2
[  271s]   breaking dependency pcre2 -> glibc
[  271s] cycle: glibc -> glibc-common -> libselinux -> pcre2 -> readline
[  271s]   breaking dependency readline -> glibc
[  271s] cycle: glibc -> glibc-common -> libselinux -> pcre2 -> readline -> ncurses-libs
[  271s]   breaking dependency libselinux -> pcre2
[  271s] cycle: glibc -> glibc-common -> libselinux -> libsepol -> coreutils -> openssl-libs -> crypto-policies -> grep
[  271s]   breaking dependency libsepol -> coreutils
[  271s] cycle: glibc -> glibc-common -> libselinux -> libsepol -> bash -> filesystem -> coreutils -> openssl-libs -> crypto-policies -> grep
[  271s]   breaking dependency filesystem -> coreutils
[  271s] cycle: bash -> filesystem
[  271s]   breaking dependency filesystem -> bash
[  271s] cycle: filesystem -> setup
[  271s]   breaking dependency filesystem -> setup
[  271s] cycle: glibc -> glibc-common -> libselinux -> libsepol -> bash
[  271s]   breaking dependency bash -> glibc
[  271s] cycle: glibc -> glibc-common -> libselinux -> libsepol -> bash -> ncurses-libs
[  271s]   breaking dependency libsepol -> bash
[  271s] cycle: glibc -> glibc-common -> libselinux -> libsepol
[  271s]   breaking dependency glibc -> glibc-common
[  271s] cycle: systemd -> cryptsetup -> device-mapper
[  271s]   breaking dependency systemd -> cryptsetup
[  271s] cycle: perl-libs -> perl-Carp
[  271s]   breaking dependency perl-libs -> perl-Carp
[  271s] cycle: perl-libs -> perl-Exporter
[  271s]   breaking dependency perl-libs -> perl-Exporter
[  271s] cycle: perl-Carp -> perl-Exporter
[  271s]   breaking dependency perl-Exporter -> perl-Carp
[  271s] cycle: perl -> perl-PathTools
[  271s]   breaking dependency perl -> perl-PathTools
[  271s] cycle: perl -> perl-ExtUtils-MakeMaker
[  271s]   breaking dependency perl -> perl-ExtUtils-MakeMaker
[  271s] cycle: perl -> perl-File-Path -> perl-PathTools
[  271s]   breaking dependency perl -> perl-File-Path
[  271s] cycle: perl -> perl-Getopt-Long -> perl-Pod-Usage
[  271s]   breaking dependency perl -> perl-Getopt-Long
[  271s] cycle: perl -> perl-Locale-Maketext
[  271s]   breaking dependency perl -> perl-Locale-Maketext
[  271s] cycle: perl -> perl-Pod-Simple
[  271s]   breaking dependency perl -> perl-Pod-Simple
[  271s] cycle: perl -> perl-Socket
[  271s]   breaking dependency perl -> perl-Socket
[  271s] cycle: perl -> perl-Storable
[  271s]   breaking dependency perl -> perl-Storable
[  271s] cycle: perl -> perl-Text-Tabs+Wrap
[  271s]   breaking dependency perl -> perl-Text-Tabs+Wrap
[  271s] cycle: perl -> perl-Time-Local -> perl-constant
[  271s]   breaking dependency perl -> perl-Time-Local
[  271s] cycle: perl -> perl-constant
[  271s]   breaking dependency perl -> perl-constant
[  271s] cycle: perl -> perl-threads
[  271s]   breaking dependency perl -> perl-threads
[  271s] cycle: perl -> perl-threads-shared
[  271s]   breaking dependency perl -> perl-threads-shared
[  271s] cycle: perl -> perl-Archive-Tar
[  271s]   breaking dependency perl -> perl-Archive-Tar
[  271s] cycle: perl -> perl-B-Debug
[  271s]   breaking dependency perl -> perl-B-Debug
[  271s] cycle: perl -> perl-CPAN-Meta -> perl-CPAN-Meta-Requirements
[  271s]   breaking dependency perl -> perl-CPAN-Meta
[  271s] cycle: perl -> perl-CPAN-Meta-Requirements
[  271s]   breaking dependency perl -> perl-CPAN-Meta-Requirements
[  271s] cycle: perl -> perl-CPAN-Meta-YAML
[  271s]   breaking dependency perl -> perl-CPAN-Meta-YAML
[  271s] cycle: perl -> perl-Compress-Raw-Bzip2
[  271s]   breaking dependency perl -> perl-Compress-Raw-Bzip2
[  271s] cycle: perl -> perl-Compress-Raw-Zlib
[  271s]   breaking dependency perl -> perl-Compress-Raw-Zlib
[  271s] cycle: perl -> perl-Config-Perl-V
[  271s]   breaking dependency perl -> perl-Config-Perl-V
[  271s] cycle: perl -> perl-DB_File
[  271s]   breaking dependency perl -> perl-DB_File
[  271s] cycle: perl -> perl-Data-Dumper
[  271s]   breaking dependency perl -> perl-Data-Dumper
[  271s] cycle: perl -> perl-Devel-PPPort
[  271s]   breaking dependency perl -> perl-Devel-PPPort
[  271s] cycle: perl -> perl-Digest -> perl-MIME-Base64
[  271s]   breaking dependency perl -> perl-Digest
[  271s] cycle: perl -> perl-Digest-MD5 -> perl-Digest -> perl-MIME-Base64
[  271s]   breaking dependency perl -> perl-Digest-MD5
[  271s] cycle: perl -> perl-Digest-SHA
[  271s]   breaking dependency perl -> perl-Digest-SHA
[  271s] cycle: perl -> perl-Encode
[  271s]   breaking dependency perl -> perl-Encode
[  271s] cycle: perl -> perl-Env
[  271s]   breaking dependency perl -> perl-Env
[  271s] cycle: perl -> perl-ExtUtils-Command
[  271s]   breaking dependency perl -> perl-ExtUtils-Command
[  271s] cycle: perl -> perl-ExtUtils-Install
[  271s]   breaking dependency perl -> perl-ExtUtils-Install
[  271s] cycle: perl -> perl-ExtUtils-Manifest
[  271s]   breaking dependency perl -> perl-ExtUtils-Manifest
[  271s] cycle: perl -> perl-ExtUtils-ParseXS
[  271s]   breaking dependency perl -> perl-ExtUtils-ParseXS
[  271s] cycle: perl -> perl-File-Fetch -> perl-PathTools
[  271s]   breaking dependency perl -> perl-File-Fetch
[  271s] cycle: perl -> perl-File-Temp -> perl-PathTools
[  271s]   breaking dependency perl -> perl-File-Temp
[  271s] cycle: perl -> perl-Filter
[  271s]   breaking dependency perl -> perl-Filter
[  271s] cycle: perl -> perl-Filter-Simple -> perl-Filter
[  271s]   breaking dependency perl -> perl-Filter-Simple
[  271s] cycle: perl -> perl-HTTP-Tiny
[  271s]   breaking dependency perl -> perl-HTTP-Tiny
[  271s] cycle: perl -> perl-IO-Compress
[  271s]   breaking dependency perl -> perl-IO-Compress
[  271s] cycle: perl -> perl-IO-Socket-IP
[  271s]   breaking dependency perl -> perl-IO-Socket-IP
[  271s] cycle: perl -> perl-IPC-Cmd -> perl-ExtUtils-MakeMaker
[  271s]   breaking dependency perl -> perl-IPC-Cmd
[  271s] cycle: perl -> perl-IPC-SysV
[  271s]   breaking dependency perl -> perl-IPC-SysV
[  271s] cycle: perl -> perl-JSON-PP
[  271s]   breaking dependency perl -> perl-JSON-PP
[  271s] cycle: perl -> perl-Locale-Codes -> perl-constant
[  271s]   breaking dependency perl -> perl-Locale-Codes
[  271s] cycle: perl -> perl-MIME-Base64
[  271s]   breaking dependency perl -> perl-MIME-Base64
[  271s] cycle: perl -> perl-Math-BigInt
[  271s]   breaking dependency perl -> perl-Math-BigInt
[  271s] cycle: perl -> perl-Math-BigInt-FastCalc -> perl-Math-BigInt
[  271s]   breaking dependency perl -> perl-Math-BigInt-FastCalc
[  271s] cycle: perl -> perl-Math-BigRat -> perl-Math-BigInt
[  271s]   breaking dependency perl -> perl-Math-BigRat
[  271s] cycle: perl -> perl-Module-CoreList
[  271s]   breaking dependency perl -> perl-Module-CoreList
[  271s] cycle: perl -> perl-Module-Load -> perl-PathTools
[  271s]   breaking dependency perl -> perl-Module-Load
[  271s] cycle: perl -> perl-Module-Load-Conditional
[  271s]   breaking dependency perl -> perl-Module-Load-Conditional
[  271s] cycle: perl -> perl-Module-Metadata
[  271s]   breaking dependency perl -> perl-Module-Metadata
[  271s] cycle: perl -> perl-Params-Check
[  271s]   breaking dependency perl -> perl-Params-Check
[  271s] cycle: perl -> perl-PerlIO-via-QuotedPrint -> perl-MIME-Base64
[  271s]   breaking dependency perl -> perl-PerlIO-via-QuotedPrint
[  271s] cycle: perl -> perl-Pod-Checker
[  271s]   breaking dependency perl -> perl-Pod-Checker
[  271s] cycle: perl -> perl-Pod-Escapes
[  271s]   breaking dependency perl -> perl-Pod-Escapes
[  271s] cycle: perl -> perl-Pod-Parser
[  271s]   breaking dependency perl -> perl-Pod-Parser
[  271s] cycle: perl -> perl-Pod-Perldoc
[  271s]   breaking dependency perl -> perl-Pod-Perldoc
[  271s] cycle: perl -> perl-Pod-Usage
[  271s]   breaking dependency perl -> perl-Pod-Usage
[  271s] cycle: perl -> perl-Sys-Syslog
[  271s]   breaking dependency perl -> perl-Sys-Syslog
[  271s] cycle: perl -> perl-Term-Cap
[  271s]   breaking dependency perl -> perl-Term-Cap
[  271s] cycle: perl -> perl-Test-Harness
[  271s]   breaking dependency perl -> perl-Test-Harness
[  271s] cycle: perl -> perl-Test-Simple
[  271s]   breaking dependency perl -> perl-Test-Simple
[  271s] cycle: perl -> perl-Text-Balanced
[  271s]   breaking dependency perl -> perl-Text-Balanced
[  271s] cycle: perl -> perl-Thread-Queue -> perl-threads-shared
[  271s]   breaking dependency perl -> perl-Thread-Queue
[  271s] cycle: perl -> perl-Unicode-Collate -> perl-PathTools
[  271s]   breaking dependency perl -> perl-Unicode-Collate
[  271s] cycle: perl -> perl-autodie
[  271s]   breaking dependency perl -> perl-autodie
[  271s] cycle: perl -> perl-bignum -> perl-Math-BigInt
[  271s]   breaking dependency perl -> perl-bignum
[  271s] cycle: perl -> perl-devel
[  271s]   breaking dependency perl -> perl-devel
[  271s] cycle: perl -> perl-Encode-devel
[  271s]   breaking dependency perl -> perl-Encode-devel
[  271s] cycle: perl -> perl-experimental
[  271s]   breaking dependency perl -> perl-experimental
[  271s] cycle: perl -> perl-libnet -> perl-Digest-MD5 -> perl-Digest -> perl-MIME-Base64
[  271s]   breaking dependency perl -> perl-libnet
[  271s] cycle: perl -> perl-podlators
[  271s]   breaking dependency perl -> perl-podlators
[  271s] cycle: perl -> perl-version
[  271s]   breaking dependency perl -> perl-version
[  271s] cycle: glib2 -> gamin
[  271s]   breaking dependency glib2 -> gamin
[  271s] cycle: systemd -> gnutls -> unbound-libs -> shadow -> pam -> audit
[  271s]   breaking dependency systemd -> gnutls
[  271s] cycle: systemd -> pam -> audit
[  271s]   breaking dependency systemd -> pam
[  271s] cycle: systemd -> shadow -> pam -> audit
[  271s]   breaking dependency systemd -> shadow
[  271s] cycle: pam -> libpwquality
[  271s]   breaking dependency pam -> libpwquality
[  271s] cycle: perl-Getopt-Long -> perl-Pod-Usage
[  271s]   breaking dependency perl-Pod-Usage -> perl-Getopt-Long
[  271s] cycle: perl-Getopt-Long -> perl-Pod-Usage -> perl-podlators -> perl-Encode
[  271s]   breaking dependency perl-podlators -> perl-Encode
[  271s] cycle: perl-Getopt-Long -> perl-Pod-Usage -> perl-podlators
[  271s]   breaking dependency perl-podlators -> perl-Getopt-Long
[  271s] cycle: perl-Getopt-Long -> perl-Pod-Usage -> perl-podlators -> perl-Pod-Simple -> perl-Encode
[  271s]   breaking dependency perl-Encode -> perl-Getopt-Long
[  271s] cycle: perl-Getopt-Long -> perl-Pod-Usage -> perl-podlators -> perl-Pod-Simple
[  271s]   breaking dependency perl-podlators -> perl-Pod-Simple
[  271s] cycle: perl-Pod-Usage -> perl-podlators
[  271s]   breaking dependency perl-podlators -> perl-Pod-Usage
[  271s] cycle: groff -> perl-Getopt-Long -> perl-Pod-Usage -> perl-Pod-Perldoc
[  271s]   breaking dependency groff -> perl-Getopt-Long
[  271s] cycle: nss -> nss-util
[  271s]   breaking dependency nss -> nss-util
[  271s] cycle: nss -> nss-softokn -> nss-util
[  271s]   breaking dependency nss -> nss-softokn
[  271s] cycle: libxcrypt-devel -> glibc-devel
[  271s]   breaking dependency glibc-devel -> libxcrypt-devel
[  271s] cycle: groovy-lib -> gpars
[  271s]   breaking dependency groovy-lib -> gpars
[  271s] cycle: batik-css -> batik
[  271s]   breaking dependency batik -> batik-css
[  271s] cycle: xalan-j2 -> xerces-j2
[  271s]   breaking dependency xerces-j2 -> xalan-j2
[  271s] cycle: cmake-data -> cmake
[  271s]   breaking dependency cmake -> cmake-data
[  271s] cycle: perl-Getopt-Long -> perl-Pod-Usage -> perl-Pod-Perldoc -> perl-Pod-Simple
[  271s]   breaking dependency perl-Pod-Perldoc -> perl-Pod-Simple
[  271s] cycle: openssh -> openssh-server
[  271s]   breaking dependency openssh-server -> openssh
[  271s] cycle: git -> perl-Git
[  271s]   breaking dependency git -> perl-Git
[  271s] cycle: perl-ExtUtils-Install -> perl-ExtUtils-MakeMaker
[  271s]   breaking dependency perl-ExtUtils-MakeMaker -> perl-ExtUtils-Install
[  272s] done
[  272s] querying package ids...
[  319s] [1/536] installing cmake-filesystem-3.22.0-1.oe1
[  327s] [2/536] installing fonts-filesystem-2.0.2-2.oe1
[  331s] [3/536] installing fuse-common-3.9.2-5.oe1
[  332s] [4/536] installing javapackages-filesystem-5.3.0-3.oe1
[  333s] [5/536] installing kernel-headers-5.10-3.oe1
[  340s] [6/536] installing libreport-filesystem-2.13.1-5.oe1
[  341s] [7/536] installing ncurses-base-6.1-14.oe1
[  343s] [8/536] installing openEuler-gpg-keys-1.0-2.5.oe1
[  344s] [9/536] installing python-setuptools-59.4.0-3.oe1
[  346s] [10/536] installing qt5-srpm-macros-5.15.2-1.oe1
[  347s] [11/536] installing tzdata-2021a-2.oe1
[  357s] [12/536] installing tzdata-java-2021a-2.oe1
[  361s] [13/536] installing dnf-data-4.10.0-1.oe1
[  365s] [14/536] installing openEuler-repos-1.0-2.5.oe1
[  366s] [15/536] installing wqy-zenhei-fonts-0.9.46-21.oe1
[  375s] [16/536] installing openEuler-release-20.03LTS-40.oe1
[  376s] [17/536] installing filesystem-3.9-3.oe1
[  386s] warning: group mail does not exist - using root
[  386s] [18/536] installing emacs-filesystem-1:27.1-5.oe1
[  387s] [19/536] installing libgcc-10.3.1-20220105.6.oe1
[  389s] [20/536] installing setup-2.13.3-4.oe1
[  390s] [21/536] installing glibc-2.34-64.oe1
[  397s] [22/536] installing brotli-1.0.9-2.oe1
[  399s] [23/536] installing chrpath-0.16-12.oe1
[  400s] [24/536] installing cpio-2.13-4.oe1
[  402s] [25/536] installing diffutils-3.7-4.oe1
[  404s] [26/536] installing expat-2.2.10-1.oe1
[  405s] [27/536] installing giflib-5.2.1-2.oe1
[  406s] [28/536] installing json-c-0.15-1.oe1
[  408s] [29/536] installing keyutils-libs-1.6.3-3.oe1
[  409s] [30/536] installing libICE-1.0.10-2.oe1
[  410s] [31/536] installing libXau-1.0.9-2.oe1
[  411s] [32/536] installing libaio-0.3.112-1.oe1
[  412s] [33/536] installing libargon2-20190702-1.oe1
[  414s] [34/536] installing libatomic-10.3.1-20220105.6.oe1
[  416s] [35/536] installing libcap-ng-0.7.11-1.oe1
[  417s] [36/536] installing libev-4.24-11.oe1
[  418s] [37/536] installing libffi-3.3-31.oe1
[  420s] [38/536] installing libgomp-10.3.1-20220105.6.oe1
[  421s] [39/536] installing libgpg-error-1.41-1.oe1
[  423s] [40/536] installing libjpeg-turbo-2.0.6-1.oe1
[  424s] [41/536] installing libnghttp2-1.42.0-1.oe1
[  425s] [42/536] installing libpcap-14:1.9.1-7.oe1
[  426s] [43/536] installing libpipeline-1.5.3-1.oe1
[  428s] [44/536] installing libsigsegv-2.11-10.oe1
[  431s] [45/536] installing libsmartcols-2.36.1-3.oe1
[  433s] [46/536] installing libtasn1-4.16.0-2.oe1
[  434s] [47/536] installing libtool-ltdl-2.4.6-34.oe1
[  435s] [48/536] installing libunistring-0.9.10-8.oe1
[  438s] [49/536] installing libuuid-2.36.1-3.oe1
[  440s] [50/536] installing libuv-1:1.40.0-1.oe1
[  442s] [51/536] installing libxcrypt-4.4.8-4.oe1
[  443s] [52/536] installing libyaml-0.2.5-1.oe1
[  444s] [53/536] installing lz4-1.9.3-1.oe1
[  446s] [54/536] installing m4-1.4.18-14.oe1
[  448s] [55/536] installing nspr-4.32.0-1.oe1
[  449s] [56/536] installing pkgconf-1.7.3-1.oe1
[  451s] [57/536] installing rhash-1.3.5-5.oe1
[  453s] [58/536] installing which-2.21-14.oe1
[  454s] [59/536] installing xz-libs-5.2.5-1.oe1
[  456s] [60/536] installing zlib-1.2.11-18.oe1
[  457s] [61/536] installing attr-2.4.48-12.oe1
[  459s] [62/536] installing basesystem-12-2.oe1
[  460s] [63/536] installing libstdc++-10.3.1-20220105.6.oe1
[  463s] [64/536] installing ncurses-libs-6.1-14.oe1
[  466s] [65/536] installing libsepol-3.1-4.oe1
[  468s] [66/536] installing libstdc++-devel-10.3.1-20220105.6.oe1
[  477s] [67/536] installing audit-libs-1:3.0-2.oe1
[  478s] [68/536] installing elfutils-libelf-0.185-3.oe1
[  480s] [69/536] installing file-libs-5.39-6.oe1
[  483s] [70/536] installing gmp-1:6.2.1-3.oe1
[  486s] [71/536] installing iptables-libs-1.8.1-4.oe1
[  487s] [72/536] installing less-563-2.oe1
[  488s] [73/536] installing libacl-2.2.53-7.oe1
[  494s] [74/536] installing libassuan-2.5.4-1.oe1
[  496s] [75/536] installing libedit-3.1-27.oe1
[  497s] [76/536] installing libffi-devel-3.3-31.oe1
[  497s] [77/536] installing libfontenc-1.1.4-2.oe1
[  500s] [78/536] installing libgcrypt-1.8.7-1.oe1
[  502s] [79/536] installing libpng-2:1.6.37-1.oe1
[  505s] [80/536] installing libxcb-1.14-1.oe1
[  507s] [81/536] installing readline-8.0-2.oe1
[  508s] [82/536] installing fuse-2.9.9-6.oe1
[  511s] [83/536] installing gc-8.0.4-2.oe1
[  514s] [84/536] installing libSM-1.2.3-2.oe1
[  515s] [85/536] installing libdb-5.3.28-35.oe1
[  525s] [86/536] installing libselinux-3.1-3.oe1
[  527s] [87/536] installing libxml2-2.9.12-5.oe1
[  530s] [88/536] installing bash-5.1-1.oe1
[  533s] [89/536] installing perl-libs-4:5.28.0-435.oe1
[  540s] [90/536] installing zstd-1.4.8-2.oe1
[  542s] [91/536] installing ncurses-6.1-14.oe1
[  556s] [92/536] installing thin-provisioning-tools-0.8.5-1.oe1
[  558s] [93/536] installing perl-parent-1:0.237-4.oe1
[  559s] [94/536] installing perl-perlfaq-5.20180915-5.oe1
[  561s] [95/536] installing libX11-1.6.9-2.oe1
[  564s] [96/536] installing mpfr-4.1.0-1.oe1
[  568s] [97/536] installing nettle-3.6-6.oe1
[  570s] [98/536] installing pcre2-10.36-1.oe1
[  574s] [99/536] installing perl-Exporter-5.74-1.oe1
[  576s] [100/536] installing file-5.39-6.oe1
[  577s] [101/536] installing gdbm-1:1.18.1-1.oe1
[  579s] [102/536] installing patch-2.7.6-12.oe1
[  580s] [103/536] installing qrencode-4.1.1-1
[  581s] [104/536] installing sed-4.8-2.oe1
[  583s] [105/536] installing acl-2.2.53-7.oe1
[  584s] [106/536] installing libcomps-0.1.15-1.oe1
[  586s] [107/536] installing pcre-8.44-1.oe1
[  588s] [108/536] installing glibc-common-2.34-64.oe1
[  601s] [109/536] installing crontabs-1.11-21.oe1
[  603s] [110/536] installing libXcomposite-0.4.5-1.oe1
[  604s] [111/536] installing libXext-1.3.4-2.oe1
[  606s] [112/536] installing libXpm-3.5.12-11.oe1
[  609s] [113/536] installing libXrender-0.9.10-10.oe1
[  610s] [114/536] installing perl-Carp-1.50-418.oe1
[  612s] [115/536] installing perl-Perl-OSType-1.010-421.oe1
[  613s] [116/536] installing perl-Term-ANSIColor-4.06-511.oe1
[  614s] [117/536] installing libmpc-1.2.0-2.oe1
[  615s] [118/536] installing grep-3.6-1.oe1
[  618s] [119/536] installing libXt-1.2.0-0.oe1
[  620s] [120/536] installing gawk-5.0.1-2.oe1
[  622s] [121/536] installing libXi-1.7.10-1.oe1
[  624s] [122/536] installing perl-Text-ParseWords-3.30-419.oe1
[  626s] [123/536] installing crypto-policies-20180925-3.git71ca85f.oe1
[  633s] [124/536] installing libXmu-1.1.3-1.oe1
[  635s] [125/536] installing cpp-10.3.1-20220105.6.oe1
[  646s] [126/536] installing libXtst-1.2.3-10.oe1
[  648s] [127/536] installing openssl-libs-1:1.1.1f-2.oe1
[  652s] [128/536] installing libXaw-1.0.13-13.oe1
[  654s] [129/536] installing ima-evm-utils-libs-1.2.1-8.oe1
[  655s] [130/536] installing libevent-2.1.12-4
[  658s] [131/536] installing kmod-libs-27-4.oe1
[  659s] [132/536] installing kmod-27-4.oe1
[  662s] [133/536] installing nodejs-libs-1:16.10.0-1.oe1
[  699s] [134/536] installing coreutils-8.31-4.oe1
[  706s] [135/536] installing alsa-lib-1.2.4-1.oe1
[  709s] [136/536] installing elfutils-default-yama-scope-0.185-3.oe1
[  710s] /usr/lib/systemd/systemd-sysctl: error while loading shared libraries: libseccomp.so.2: cannot open shared object file: No such file or directory
[  710s] [137/536] installing publicsuffix-list-20200718-1.oe1
[  713s] [138/536] installing uname-build-checks-1.0-0.4.oe1
[  714s] [139/536] installing bzip2-1.0.8-3.oe1
[  716s] [140/536] installing gzip-1.10-1.oe1
[  718s] [141/536] installing hostname-3.21-2.oe1
[  720s] [142/536] installing libcap-2.32-2.oe1
[  722s] [143/536] installing libseccomp-2.4.3-2.oe1
[  724s] [144/536] installing lksctp-tools-1.0.16-11.oe1
[  727s] [145/536] installing npth-1.5-7.oe1
[  729s] [146/536] installing popt-1.18-1.oe1
[  732s] [147/536] installing fipscheck-1.5.0-7.oe1
[  734s] [148/536] installing libblkid-2.36.1-3.oe1
[  738s] [149/536] installing libidn2-2.3.0-1.oe1
[  739s] [150/536] installing libksba-1.3.5-12.oe1
[  742s] [151/536] installing tar-2:1.32-3.oe1
[  744s] [152/536] installing tcl-1:8.6.10-3.oe1
[  749s] [153/536] installing apr-1.7.0-4.oe1
[  751s] [154/536] installing info-6.7-2.oe1
[  752s] [155/536] installing jsoncpp-1.9.4-1.oe1
[  755s] [156/536] installing libgpg-error-devel-1.41-1.oe1
[  757s] [157/536] installing lua-5.3.5-6.oe1
[  759s] [158/536] installing slang-2.3.2-8.oe1
[  764s] [159/536] installing xz-5.2.5-1.oe1
[  766s] [160/536] installing libxslt-1.1.32-7.oe1
[  770s] [161/536] installing perl-Scalar-List-Utils-3:1.52-2.oe1
[  773s] [162/536] installing perl-Time-HiRes-1.9760-2.oe1
[  774s] [163/536] installing perl-Unicode-Normalize-1.26-419.oe1
[  776s] [164/536] installing systemd-libs-243-22.oe1
[  780s] [165/536] installing guile-5:2.0.14-15.oe1
[  797s] [166/536] installing dbus-libs-1:1.12.20-3.oe1
[  800s] [167/536] installing zip-3.0-29.oe1
[  803s] [168/536] installing libfdisk-2.36.1-3.oe1
[  810s] [169/536] installing libtcnative-1-0-1.2.23-3.oe1
[  813s] [170/536] installing newt-0.52.21-4.oe1
[  817s] [171/536] installing p11-kit-0.23.22-1.oe1
[  822s] [172/536] installing procps-ng-3.3.16-15.oe1
[  826s] [173/536] installing elfutils-libs-0.185-3.oe1
[  828s] [174/536] installing libmount-2.36.1-3.oe1
[  830s] [175/536] installing lua-posix-33.3.1-12.oe1
[  836s] [176/536] installing unzip-6.0-47.oe1
[  837s] [177/536] installing cracklib-2.9.7-6.oe1
[  843s] [178/536] installing e2fsprogs-1.45.6-3.oe1
[  846s] [179/536] installing findutils-2:4.7.0-7.oe1
[  849s] [180/536] installing libsemanage-3.1-4.oe1
[  852s] [181/536] installing make-1:4.2.1-15.oe1
[  854s] [182/536] installing sqlite-3.24.0-9.oe1
[  857s] [183/536] installing logrotate-3.15.1-2.oe1
[  859s] [184/536] installing freetype-2.10.2-3.oe1
[  870s] [185/536] installing glibc-devel-2.34-64.oe1
[  886s] [186/536] installing libgcrypt-devel-1.8.7-1.oe1
[  888s] [187/536] installing gnupg2-2.2.27-2.oe1
[  894s] [188/536] installing libarchive-3.5.1-1.oe1
[  897s] [189/536] installing dbus-tools-1:1.12.20-3.oe1
[  898s] [190/536] installing libxcrypt-devel-4.4.8-4.oe1
[  901s] [191/536] installing copy-jdk-configs-4.0-1.oe1
[  903s] [192/536] installing gpgme-1.15.1-1.oe1
[  906s] [193/536] installing obs-env-1.0-5.oe1
[  915s] [194/536] installing chkconfig-1.14-2.oe1
[  917s] [195/536] installing elfutils-0.185-3.oe1
[  919s] [196/536] installing xorg-x11-font-utils-1:7.5-43.oe1
[  921s] [197/536] installing fontconfig-2.13.92-1.oe1
[  928s] [198/536] installing glib2-2.66.8-1.oe1
[  936s] [199/536] installing rpm-libs-4.15.1-25.oe1
[  938s] [200/536] installing libcroco-0.6.12-13.oe1
[  940s] [201/536] installing gamin-0.1.10-38.oe1
[  943s] [202/536] installing libsecret-0.18.6-5.oe1
[  945s] [203/536] installing libverto-0.3.1-2.oe1
[  947s] [204/536] installing xorg-x11-fonts-others-7.5-24
[  965s] [205/536] installing libmodulemd-2.13.0-1.oe1
[  967s] [206/536] installing binutils-2.37-6.oe1
[  980s] [207/536] installing p11-kit-trust-0.23.22-1.oe1
[  983s] [208/536] installing babeltrace-1.5.8-1.oe1
[  985s] [209/536] installing ca-certificates-2020.2.46-2.oe1
[  996s] [210/536] installing gettext-0.20.1-2.oe1
[ 1001s] [211/536] installing krb5-libs-1.18.2-3.oe1
[ 1003s] [212/536] installing gcc-10.3.1-20220105.6.oe1
[ 1029s] [213/536] installing python-pip-wheel-19.2.3-2.fc32
[ 1031s] [214/536] installing libtirpc-1.3.1-1.oe1
[ 1035s] [215/536] installing cyrus-sasl-lib-2.1.27-10.oe1
[ 1036s] [216/536] installing libssh-0.9.5-1.oe1
[ 1039s] [217/536] installing gcc-c++-10.3.1-20220105.6.oe1
[ 1050s] [218/536] installing openldap-2.4.46-15.oe1
[ 1054s] [219/536] installing libnsl2-1.3.0-2.oe1
[ 1056s] [220/536] installing python3-3.8.5-13.oe1
[ 1088s] [221/536] installing python3-pyparsing-2.4.5-1.fc32
[ 1090s] [222/536] installing python3-setuptools-59.4.0-3.oe1
[ 1094s] [223/536] installing python3-setuptools_scm-3.3.3-6.fc32
[ 1096s] [224/536] installing python3-six-1.15.0-3.oe1
[ 1098s] [225/536] installing python3-gpgme-1.15.1-1.oe1
[ 1101s] [226/536] installing python3-lxml-4.4.1-3.fc32
[ 1106s] [227/536] installing python3-libcomps-0.1.15-1.oe1
[ 1108s] [228/536] installing libpsl-0.21.1-1.oe1
[ 1110s] [229/536] installing gdb-headless-9.2-5.oe1
[ 1116s] [230/536] installing systemtap-sdt-devel-4.1-3.oe1
[ 1118s] [231/536] installing gdb-9.2-5.oe1
[ 1119s] [232/536] installing python3-javapackages-5.3.0-3.oe1
[ 1122s] [233/536] installing python3-pip-19.2.3-2.fc32
[ 1130s] [234/536] installing libcurl-7.79.1-1.oe1
[ 1132s] [235/536] installing curl-7.79.1-1.oe1
[ 1133s] [236/536] installing librepo-1.14.2-2.oe1
[ 1135s] [237/536] installing rpm-4.15.1-25.oe1
[ 1139s] [238/536] installing efi-srpm-macros-4-3.oe1
[ 1141s] [239/536] installing cmake-rpm-macros-3.22.0-1.oe1
[ 1143s] [240/536] installing libsolv-0.7.20-1.oe1
[ 1145s] [241/536] installing python3-rpm-4.15.1-25.oe1
[ 1147s] [242/536] installing openEuler-rpm-config-30-22.oe1
[ 1149s] [243/536] installing cmake-3.22.0-1.oe1
[ 1163s] [244/536] installing libdnf-0.65.0-2.oe1
[ 1166s] [245/536] installing cmake-data-3.22.0-1.oe1
[ 1181s] [246/536] installing python3-libdnf-0.65.0-2.oe1
[ 1184s] [247/536] installing perl-4:5.28.0-435.oe1
[ 1192s] [248/536] installing perl-B-Debug-1.26-4.oe1
[ 1194s] [249/536] installing perl-Env-1.04-397.oe1
[ 1195s] [250/536] installing perl-Devel-PPPort-3.42-4.oe1
[ 1197s] [251/536] installing perl-Pod-Escapes-1:1.07-419.oe1
[ 1199s] [252/536] installing perl-Text-Tabs+Wrap-2013.0523-419.oe1
[ 1200s] [253/536] installing perl-Algorithm-Diff-1.1903-14.oe1
[ 1203s] [254/536] installing perl-Params-Check-1:0.38-418.oe1
[ 1204s] [255/536] installing perl-Term-Cap-1.17-510.oe1
[ 1207s] [256/536] installing perl-TermReadKey-2.38-2.oe1
[ 1209s] [257/536] installing perl-Text-Balanced-2.03-420.oe1
[ 1211s] [258/536] installing perl-threads-1:2.22-419.oe1
[ 1226s] [259/536] installing openssl-1:1.1.1f-2.oe1
[ 1233s] [260/536] installing perl-Config-Perl-V-0.30-5.oe1
[ 1234s] [261/536] installing perl-Error-1:0.17029-1.oe1
[ 1241s] [262/536] installing perl-Filter-2:1.59-2.oe1
[ 1246s] [263/536] installing perl-IPC-SysV-2.07-5.oe1
[ 1248s] [264/536] installing perl-Locale-Maketext-1:1.28-1.oe1
[ 1254s] [265/536] installing perl-constant-1.33-421.oe1
[ 1258s] [266/536] installing perl-MIME-Base64-3.15-418.oe1
[ 1260s] [267/536] installing perl-CPAN-Meta-YAML-0.018-420.oe1
[ 1264s] [268/536] installing perl-Socket-4:2.029-2.oe1
[ 1267s] [269/536] installing perl-Storable-1:3.15-2.oe1
[ 1271s] [270/536] installing python3-hawkey-0.65.0-2.oe1
[ 1274s] [271/536] installing perl-PerlIO-via-QuotedPrint-0.08-397.oe1
[ 1277s] [272/536] installing perl-Digest-1.17-419.oe1
[ 1278s] [273/536] installing perl-Filter-Simple-1:0.94-1.oe1
[ 1279s] [274/536] installing perl-IO-Socket-IP-0.39-420.oe1
[ 1285s] [275/536] installing perl-Text-Diff-1.45-7.oe1
[ 1286s] [276/536] installing perl-Time-Local-2:1.280-6.oe1
[ 1287s] [277/536] installing perl-version-8:0.99.24-3.oe1
[ 1292s] [278/536] installing perl-IPC-System-Simple-1.25-19.oe1
[ 1293s] [279/536] installing perl-threads-shared-1.59-2.oe1
[ 1298s] [280/536] installing perl-Compress-Raw-Bzip2-2.100-1.oe1
[ 1302s] [281/536] installing perl-Compress-Raw-Zlib-1:2.100-1.oe1
[ 1307s] [282/536] installing perl-Locale-Codes-3.58-2.oe1
[ 1312s] [283/536] installing perl-Math-BigInt-1:1.9998.13-5.oe1
[ 1314s] [284/536] installing perl-PathTools-3.75-4.oe1
[ 1320s] [285/536] installing python3-dnf-4.10.0-1.oe1
[ 1331s] [286/536] installing perl-Data-Dumper-2.172-3.oe1
[ 1333s] [287/536] installing perl-Sys-Syslog-0.35-420.oe1
[ 1336s] [288/536] installing perl-Encode-4:2.98-9.oe1
[ 1347s] [289/536] installing autogen-5.18.16-1.oe1
[ 1354s] [290/536] installing nodejs-1:16.10.0-1.oe1
[ 1360s] [291/536] installing systemd-243-22.oe1
[ 1387s] /var/tmp/rpm-tmp.VGkttf: line 8: groupadd: command not found
[ 1387s] /var/tmp/rpm-tmp.VGkttf: line 10: groupadd: command not found
[ 1387s] /var/tmp/rpm-tmp.VGkttf: line 13: groupadd: command not found
[ 1387s] /var/tmp/rpm-tmp.VGkttf: line 16: groupadd: command not found
[ 1387s] [292/536] installing dbus-common-1:1.12.20-3.oe1
[ 1391s] [293/536] installing nodejs-source-map-0.5.6-1.oe1
[ 1394s] [294/536] installing perl-Module-Load-1:0.32-418.oe1
[ 1395s] [295/536] installing nodejs-packaging-20-1.oe1
[ 1397s] [296/536] installing dnf-4.10.0-1.oe1
[ 1400s] Failed to preset unit, unit dnf-automatic.timer does not exist.
[ 1400s] Failed to preset unit, unit dnf-automatic-notifyonly.timer does not exist.
[ 1400s] Failed to preset unit, unit dnf-automatic-download.timer does not exist.
[ 1400s] Failed to preset unit, unit dnf-automatic-install.timer does not exist.
[ 1400s] [297/536] installing perl-File-Which-1.23-1.oe1
[ 1401s] [298/536] installing perl-Thread-Queue-3.13-3.oe1
[ 1403s] [299/536] installing perl-experimental-0.020-2.oe1
[ 1404s] [300/536] installing perl-Digest-MD5-2.55-419.oe1
[ 1407s] [301/536] installing perl-File-Path-2.16-4.oe1
[ 1409s] [302/536] installing perl-Math-BigInt-FastCalc-0.500.700-4.oe1
[ 1411s] [303/536] installing perl-Module-Metadata-1.000036-3.oe1
[ 1412s] [304/536] installing perl-CPAN-Meta-Requirements-2.140-419.oe1
[ 1414s] [305/536] installing perl-Encode-devel-4:2.98-9.oe1
[ 1416s] [306/536] installing perl-HTTP-Tiny-0.076-3.oe1
[ 1417s] [307/536] installing perl-Math-BigRat-0.2614-2.oe1
[ 1419s] [308/536] installing audit-1:3.0-2.oe1
[ 1423s] [309/536] installing perl-DB_File-1.842-2.oe1
[ 1425s] [310/536] installing perl-autodie-2.29-398.oe1
[ 1426s] [311/536] installing perl-Unicode-Collate-1.25-4.oe1
[ 1430s] [312/536] installing perl-IO-Compress-2.081-6.oe1
[ 1432s] [313/536] installing perl-podlators-1:4.14-1.oe1
[ 1433s] [314/536] installing perl-ExtUtils-Command-1:7.60-1.oe1
[ 1434s] [315/536] installing perl-ExtUtils-Manifest-1:1.71-4.oe1
[ 1437s] [316/536] installing perl-bignum-0.50-4.oe1
[ 1438s] [317/536] installing perl-File-Temp-1:0.230.800-4.oe1
[ 1440s] [318/536] installing perl-libnet-3.11-420.oe1
[ 1442s] [319/536] installing pam-1.5.1-1.oe1
[ 1446s] [320/536] installing libpwquality-1.4.4-1.oe1
[ 1449s] [321/536] installing perl-File-HomeDir-1.004-4.oe1
[ 1450s] [322/536] installing shadow-2:4.8.1-5.oe1
[ 1452s] [323/536] installing perl-Test-Simple-2:1.302175-2.oe1
[ 1455s] [324/536] installing libutempter-1.1.6-16.oe1
[ 1458s] [325/536] installing unbound-libs-1.10.1-4.oe1
[ 1462s] [326/536] installing dbus-daemon-1:1.12.20-3.oe1
[ 1467s] [327/536] installing openssh-server-8.2p1-10.oe1
[ 1471s] Created symlink /etc/systemd/system/multi-user.target.wants/sshd.service -> /usr/lib/systemd/system/sshd.service.
[ 1471s] [328/536] installing groff-1.22.4-4.oe1
[ 1477s] [329/536] installing dbus-1:1.12.20-3.oe1
[ 1479s] [330/536] installing man-db-2.9.3-2.oe1
[ 1485s] [331/536] installing perl-Pod-Perldoc-1:3.28-3.oe1
[ 1486s] [332/536] installing gnutls-3.6.15-3.oe1
[ 1490s] [333/536] installing util-linux-2.36.1-3.oe1
[ 1498s] [334/536] installing nss-help-3.72.0-2.oe1
[ 1502s] [335/536] installing perl-Pod-Usage-4:1.69-418.oe1
[ 1503s] [336/536] installing device-mapper-8:1.02.172-1.oe1
[ 1507s] [337/536] installing openssh-8.2p1-10.oe1
[ 1510s] [338/536] installing perl-Getopt-Long-1:2.52-1.oe1
[ 1512s] [339/536] installing cryptsetup-2.3.3-3.oe1
[ 1516s] [340/536] installing device-mapper-event-8:1.02.172-1.oe1
[ 1519s] Created symlink /etc/systemd/system/sockets.target.wants/dm-event.socket -> /usr/lib/systemd/system/dm-event.socket.
[ 1519s] [341/536] installing nss-3.72.0-2.oe1
[ 1528s] [342/536] installing openssh-clients-8.2p1-10.oe1
[ 1530s] [343/536] installing nss-util-3.72.0-2.oe1
[ 1537s] [344/536] installing perl-ExtUtils-ParseXS-2:3.35-1.oe1
[ 1538s] [345/536] installing perl-Module-CoreList-1:5.20180920-2.oe1
[ 1542s] [346/536] installing perl-Digest-SHA-1:6.02-7.oe1
[ 1544s] [347/536] installing perl-Pod-Parser-1.63-397.oe1
[ 1545s] [348/536] installing perl-Pod-Simple-1:3.35-418.oe1
[ 1547s] [349/536] installing perl-Test-Harness-1:3.43_02-1.oe1
[ 1549s] [350/536] installing perl-Archive-Tar-2.30-421.oe1
[ 1551s] [351/536] installing perl-JSON-PP-1:4.04-2.oe1
[ 1552s] [352/536] installing lvm2-8:2.03.11-1.oe1
[ 1558s] Created symlink /etc/systemd/system/sysinit.target.wants/lvm2-lvmpolld.socket -> /usr/lib/systemd/system/lvm2-lvmpolld.socket.
[ 1558s] [353/536] installing autoconf-2.69-30.oe1
[ 1561s] [354/536] installing git-2.23.0-12.oe1
[ 1573s] [355/536] installing nss-softokn-3.72.0-2.oe1
[ 1577s] [356/536] installing perl-Pod-Checker-4:1.73-398.oe1
[ 1581s] [357/536] installing perl-Git-2.23.0-12.oe1
[ 1582s] [358/536] installing perl-CPAN-Meta-2.150010-419.oe1
[ 1585s] [359/536] installing perl-Module-Load-Conditional-0.68-418.oe1
[ 1586s] [360/536] installing automake-1.16.1-6.oe1
[ 1589s] [361/536] installing perl-ExtUtils-MakeMaker-1:7.60-1.oe1
[ 1591s] [362/536] installing perl-ExtUtils-Install-2.14-419.oe1
[ 1592s] [363/536] installing perl-IPC-Cmd-2:1.04-4.oe1
[ 1594s] [364/536] installing java-1.8.0-openjdk-headless-1:1.8.0.181.b15-1.1.riscv64.fc29
[ 1630s] [365/536] installing rpm-build-4.15.1-25.oe1
[ 1632s] [366/536] installing ant-lib-1.10.5-2.fc29
[ 1635s] [367/536] installing aopalliance-1.0-19.oe1
[ 1636s] [368/536] installing apache-commons-cli-1.4-6.oe1
[ 1638s] [369/536] installing apache-commons-collections-3.2.2-11.oe1
[ 1643s] [370/536] installing apache-commons-compress-1.17-6.oe1
[ 1645s] [371/536] installing apache-commons-lang-2.6-23.oe1
[ 1648s] [372/536] installing apache-commons-lang3-3.9-3.oe1
[ 1650s] [373/536] installing apache-ivy-2.4.0-17.oe1
[ 1658s] [374/536] installing apache-resource-bundles-2-23.oe1
[ 1659s] [375/536] installing atinject-1-31.oe1
[ 1661s] [376/536] installing avalon-logkit-2.1-32.oe1
[ 1663s] [377/536] installing beust-jcommander-1.71-7.oe1
[ 1664s] [378/536] installing dain-snappy-0.4-7.oe1
[ 1666s] [379/536] installing extra166y-1.7.0-11.oe1
[ 1671s] [380/536] installing felix-utils-1.10.4-4.oe1
[ 1678s] [381/536] installing geronimo-annotation-1.0-25.oe1
[ 1681s] [382/536] installing glassfish-el-api-3.0.1-0.7.b09.oe1
[ 1683s] [383/536] installing guava20-20.0-8.fc29
[ 1686s] [384/536] installing hawtjni-runtime-1.16-4.oe1
[ 1687s] [385/536] installing httpcomponents-core-4.4.10-4.oe1
[ 1700s] [386/536] installing jboss-interceptors-1.2-api-1.0.0-9.oe1
[ 1702s] [387/536] installing jdom2-2.0.6-14.oe1
[ 1704s] [388/536] installing jzlib-1.1.3-11.oe1
[ 1705s] [389/536] installing maven-monitor-2.2.1-60.oe1
[ 1706s] [390/536] installing maven-resolver-api-1:1.1.1-3.oe1
[ 1708s] [391/536] installing multiverse-0.7.0-10.oe1
[ 1716s] [392/536] installing objenesis-2.6-4.oe1
[ 1722s] [393/536] installing osgi-annotation-7.0.0-1.oe1
[ 1723s] [394/536] installing osgi-core-7.0.0-1.oe1
[ 1724s] [395/536] installing plexus-cipher-1.7-16.oe1
[ 1726s] [396/536] installing plexus-classworlds-2.5.2-10.oe1
[ 1733s] [397/536] installing plexus-containers-component-annotations-1.7.1-7.oe1
[ 1735s] [398/536] installing plexus-interpolation-1.22-11.oe1
[ 1736s] [399/536] installing plexus-utils-3.1.0-4.oe1
[ 1738s] [400/536] installing qdox-2.0-5.M9.oe1
[ 1739s] [401/536] installing slf4j-1.7.25-8.oe1
[ 1741s] [402/536] installing xml-commons-apis-1.4.01-29.oe1
[ 1748s] [403/536] installing xmvn-api-3.0.0-25.oe1
[ 1749s] [404/536] installing xmvn-core-3.0.0-25.oe1
[ 1751s] [405/536] installing xpp3-1.1.4-21.oe1
[ 1752s] [406/536] installing xz-java-1.8-4.oe1
[ 1754s] [407/536] installing ecj-1:4.9-1.fc29
[ 1757s] [408/536] installing netty-tcnative-1.1.33-1.oe1
[ 1759s] [409/536] installing antlr-tool-2.7.7-60.oe1
[ 1761s] [410/536] installing javapackages-tools-5.3.0-3.oe1
[ 1764s] [411/536] installing gcc_secure-1.0-0.9.oe1
[ 1765s] [412/536] installing perl-File-Fetch-0.56-4.oe1
[ 1767s] [413/536] installing perl-devel-4:5.28.0-435.oe1
[ 1778s] [414/536] installing java-1.8.0-openjdk-1:1.8.0.181.b15-1.1.riscv64.fc29
[ 1781s] [415/536] installing apache-commons-codec-1.11-4.fc29
[ 1783s] [416/536] installing apache-commons-logging-1.2-14.fc29
[ 1784s] [417/536] installing osgi-compendium-6.0.0-6.fc29
[ 1786s] [418/536] installing avalon-framework-4.3-22.oe1
[ 1787s] [419/536] installing jansi-native-1.7-7.oe1
[ 1789s] [420/536] installing jcsp-1.1-0.13.oe1
[ 1812s] [421/536] installing kxml-2.3.0-19.oe1
[ 1813s] [422/536] installing maven-artifact-2.2.1-60.oe1
[ 1814s] [423/536] installing maven-model-2.2.1-60.oe1
[ 1816s] [424/536] installing maven-resolver-spi-1:1.1.1-3.oe1
[ 1817s] [425/536] installing maven-resolver-util-1:1.1.1-3.oe1
[ 1819s] [426/536] installing maven-wagon-provider-api-3.1.0-2.oe1
[ 1820s] [427/536] installing plexus-build-api-0.0.7-23.oe1
[ 1822s] [428/536] installing plexus-component-api-1.0-0.25.alpha16.oe1
[ 1823s] [429/536] installing xstream-1.4.9-8.fc29
[ 1826s] [430/536] installing log4j12-1.2.17-23.fc29
[ 1827s] [431/536] installing maven-invoker-2.2-9.oe1
[ 1829s] [432/536] installing netty3-3.10.6-5.fc29
[ 1833s] [433/536] installing objectweb-asm-7.0-1.oe1
[ 1836s] [434/536] installing plexus-sec-dispatcher-1.4-26.oe1
[ 1838s] [435/536] installing velocity-1.7-26.oe1
[ 1841s] [436/536] installing xml-commons-resolver-1.2-27.oe1
[ 1842s] [437/536] installing xmvn-connector-aether-3.0.0-25.oe1
[ 1843s] [438/536] installing cdi-api-1.2-9.oe1
[ 1844s] [439/536] installing google-guice-4.1-13.oe1
[ 1846s] [440/536] installing xmvn-resolve-3.0.0-25.oe1
[ 1848s] [441/536] installing xmvn-subst-3.0.0-25.oe1
[ 1849s] [442/536] installing java-1.8.0-openjdk-devel-1:1.8.0.181.b15-1.1.riscv64.fc29
[ 1865s] [443/536] installing bsf-2.4.0-32.oe1
[ 1868s] [444/536] installing cglib-3.2.4-8.fc29
[ 1869s] [445/536] installing fontbox-2.0.9-2.fc29
[ 1872s] [446/536] installing apache-commons-configuration-1.10-13.oe1
[ 1874s] [447/536] installing jakarta-commons-httpclient-1:3.1-30.oe1
[ 1885s] [448/536] installing jansi-1.17.1-2.oe1
[ 1892s] [449/536] installing maven-dependency-tree-3.0-7.oe1
[ 1894s] [450/536] installing plexus-interactivity-api-1.0-0.27.alpha6.fc29
[ 1903s] [451/536] installing plexus-languages-0.9.10-4.oe1
[ 1905s] [452/536] installing felix-bundlerepository-2.0.10-6.oe1
[ 1914s] [453/536] installing maven-resolver-impl-1:1.1.1-3.oe1
[ 1917s] [454/536] installing xmvn-mojo-3.0.0-25.oe1
[ 1918s] [455/536] installing aqute-bndlib-3.5.0-4.fc29
[ 1920s] [456/536] installing httpcomponents-client-4.5.5-6.oe1
[ 1935s] [457/536] installing sisu-inject-1:0.3.3-5.oe1
[ 1943s] [458/536] installing xerces-j2-2.11.0-37.oe1
[ 1959s] [459/536] installing xmvn-install-3.0.0-25.oe1
[ 1961s] [460/536] installing jline-2.14.6-4.oe1
[ 1965s] [461/536] installing easymock-3.5-4.fc29
[ 1969s] [462/536] installing xalan-j2-2.7.1-38.fc29
[ 1991s] [463/536] installing javapackages-local-5.3.0-3.oe1
[ 1995s] [464/536] installing groovy-lib-2.4.8-7.fc29
[ 2007s] [465/536] installing hamcrest-1.3-25.oe1
[ 2009s] [466/536] installing bsh-2.0-15.b6.oe1
[ 2011s] [467/536] installing gpars-1.2.1-12.fc29
[ 2013s] [468/536] installing scala-2.10.6-14.fc29
[ 2030s] [469/536] installing xbean-4.9-3.oe1
[ 2036s] [470/536] installing junit-1:4.12-14.oe1
[ 2038s] [471/536] installing parboiled-1.1.6-17.oe1
[ 2039s] [472/536] installing plexus-containers-container-default-1.7.1-7.oe1
[ 2041s] [473/536] installing apache-commons-io-1:2.6-7.oe1
[ 2042s] [474/536] installing maven-doxia-logging-api-1.7-12.oe1
[ 2043s] [475/536] installing pegdown-1.4.2-14.oe1
[ 2047s] [476/536] installing maven-plugin-registry-2.2.1-60.oe1
[ 2048s] [477/536] installing plexus-i18n-1.0-0.12.b10.6.oe1
[ 2050s] [478/536] installing plexus-resources-1.0-0.25.a7.oe1
[ 2051s] [479/536] installing plexus-cli-1.6-9.oe1
[ 2054s] [480/536] installing plexus-velocity-1.2-6.oe1
[ 2061s] [481/536] installing xmlunit-1.6-10.oe1
[ 2072s] [482/536] installing maven-profile-2.2.1-60.oe1
[ 2082s] [483/536] installing maven-settings-2.2.1-60.oe1
[ 2083s] [484/536] installing maven-doxia-sink-api-1.7-12.oe1
[ 2086s] [485/536] installing maven-shared-utils-3.2.1-2.oe1
[ 2089s] [486/536] installing plexus-io-3.0.0-4.oe1
[ 2091s] [487/536] installing xmlgraphics-commons-2.2-3.oe1
[ 2101s] [488/536] installing maven-reporting-api-3.0-17.oe1
[ 2111s] [489/536] installing maven-verifier-1.6-8.oe1
[ 2114s] [490/536] installing batik-1.10-2.fc29
[ 2134s] [491/536] installing plexus-archiver-3.6.0-3.oe1
[ 2140s] [492/536] installing maven-doxia-core-1.7-12.oe1
[ 2141s] [493/536] installing maven-lib-1:3.5.4-8.oe1
[ 2146s] [494/536] installing maven-artifact-resolver-1:1.0-21.oe1
[ 2147s] [495/536] installing batik-css-1.10-2.fc29
[ 2150s] [496/536] installing maven-common-artifact-filters-3.0.1-7.oe1
[ 2152s] [497/536] installing maven-enforcer-api-1.4.1-11.oe1
[ 2155s] [498/536] installing maven-plugin-testing-harness-3.3.0-14.oe1
[ 2156s] [499/536] installing maven-shared-incremental-1.1-16.oe1
[ 2158s] [500/536] installing maven-doxia-module-apt-1.7-12.oe1
[ 2159s] [501/536] installing maven-doxia-module-fml-1.7-12.oe1
[ 2165s] [502/536] installing maven-doxia-module-xdoc-1.7-12.oe1
[ 2167s] [503/536] installing maven-doxia-module-xhtml-1.7-12.oe1
[ 2168s] [504/536] installing maven-artifact-manager-2.2.1-60.oe1
[ 2169s] [505/536] installing maven-filtering-3.1.1-7.oe1
[ 2171s] [506/536] installing maven-archiver-3.2.0-5.oe1
[ 2174s] [507/536] installing fop-2.2-2.fc29
[ 2179s] [508/536] installing xmvn-minimal-3.0.0-25.oe1
[ 2182s] [509/536] installing maven-jar-plugin-3.1.0-3.oe1
[ 2185s] [510/536] installing maven-source-plugin-3.0.1-6.oe1
[ 2188s] [511/536] installing maven-resources-plugin-3.1.0-4.oe1
[ 2191s] [512/536] installing maven-doxia-module-markdown-1.7-12.oe1
[ 2195s] [513/536] installing maven-artifact-transfer-1:0.9.0-7.oe1
[ 2200s] [514/536] installing maven-doxia-module-fo-1.7-12.oe1
[ 2203s] [515/536] installing maven-project-2.2.1-60.oe1
[ 2204s] [516/536] installing jboss-parent-20-1.oe1
[ 2207s] [517/536] installing maven-enforcer-rules-1.4.1-11.oe1
[ 2208s] [518/536] installing plexus-containers-component-metadata-1.7.1-7.oe1
[ 2209s] [519/536] installing maven-remote-resources-plugin-1.5-4.oe1
[ 2219s] [520/536] installing maven-doxia-sitetools-1.7.5-5.oe1
[ 2224s] [521/536] installing maven-enforcer-plugin-1.4.1-11.oe1
[ 2225s] [522/536] installing maven-reporting-impl-3.0.0-5.oe1
[ 2229s] [523/536] installing maven-javadoc-plugin-3.0.1-3.oe1
[ 2231s] [524/536] installing plexus-pom-5.0-4.oe1
[ 2232s] [525/536] installing apache-parent-19-5.oe1
[ 2234s] [526/536] installing maven-plugin-bundle-3.5.0-5.oe1
[ 2235s] [527/536] installing maven-parent-27-7.oe1
[ 2237s] [528/536] installing plexus-components-pom-1.3.1-14.oe1
[ 2239s] [529/536] installing plexus-compiler-2.8.2-4.oe1
[ 2242s] [530/536] installing maven-plugin-tools-3.5.1-7.oe1
[ 2247s] [531/536] installing maven-compiler-plugin-3.8.0-2.oe1
[ 2249s] [532/536] installing maven-surefire-2.22.0-6.oe1
[ 2251s] [533/536] installing maven-surefire-plugin-2.22.0-6.oe1
[ 2252s] [534/536] installing maven-surefire-provider-junit-2.22.0-6.oe1
[ 2255s] [535/536] installing maven-surefire-provider-testng-2.22.0-6.oe1
[ 2256s] [536/536] installing maven-local-5.3.0-3.oe1
[ 2259s] removing nis flags from /var/cache/obs/worker/root_1/etc/nsswitch.conf...
[ 2259s] now finalizing build dir...
[ 2290s] Running build time source services...
[ 2304s] -----------------------------------------------------------------
[ 2304s] ----- building jboss-classfilewriter.spec (user abuild)
[ 2304s] -----------------------------------------------------------------
[ 2304s] -----------------------------------------------------------------
[ 2311s] + exec rpmbuild -ba --define '_srcdefattr (-,root,root)' --nosignature --define 'disturl obs://private/openEuler:Mainline:RISC-V/advanced_riscv64/2132ce4769fb21f4b4cf10310df867bf-jboss-classfilewriter' /home/abuild/rpmbuild/SOURCES/jboss-classfilewriter.spec
[ 2312s] Executing(%prep): /bin/sh -e /var/tmp/rpm-tmp.VJX0LD
[ 2312s] + umask 022
[ 2312s] + cd /home/abuild/rpmbuild/BUILD
[ 2312s] + cd /home/abuild/rpmbuild/BUILD
[ 2312s] + rm -rf jboss-classfilewriter-1.1.2.Final
[ 2312s] + /usr/bin/gzip -dc /home/abuild/rpmbuild/SOURCES/1.1.2.Final.tar.gz
[ 2312s] + /usr/bin/tar -xof -
[ 2312s] + STATUS=0
[ 2312s] + '[' 0 -ne 0 ']'
[ 2312s] + cd jboss-classfilewriter-1.1.2.Final
[ 2312s] + /usr/bin/chmod -Rf a+rX,u+w,g-w,o-w .
[ 2312s] + cp -p /home/abuild/rpmbuild/SOURCES/LICENSE-2.0.txt LICENSE
[ 2312s] + sed -i 's/\r//' LICENSE
[ 2312s] + RPM_EC=0
[ 2312s] ++ jobs -p
[ 2312s] + exit 0
[ 2312s] Executing(%build): /bin/sh -e /var/tmp/rpm-tmp.HoIEhM
[ 2312s] + umask 022
[ 2312s] + cd /home/abuild/rpmbuild/BUILD
[ 2312s] + cd jboss-classfilewriter-1.1.2.Final
[ 2312s] + /usr/bin/python3 /usr/share/java-utils/mvn_build.py
[ 2314s] Executing: xmvn --batch-mode --offline verify org.fedoraproject.xmvn:xmvn-mojo:install org.apache.maven.plugins:maven-javadoc-plugin:aggregate org.fedoraproject.xmvn:xmvn-mojo:builddep
[ 2314s] ['xmvn', '--batch-mode', '--offline', 'verify', 'org.fedoraproject.xmvn:xmvn-mojo:install', 'org.apache.maven.plugins:maven-javadoc-plugin:aggregate', 'org.fedoraproject.xmvn:xmvn-mojo:builddep']
[ 2376s] [INFO] Scanning for projects...
[ 2472s] [INFO] 
[ 2472s] [INFO] ----------< org.jboss.classfilewriter:jboss-classfilewriter >-----------
[ 2472s] [INFO] Building classfilewriter 1.1.2.Final
[ 2472s] [INFO] --------------------------------[ jar ]---------------------------------
[ 2484s] [INFO] 
[ 2484s] [INFO] --- maven-resources-plugin:3.1.0:resources (default-resources) @ jboss-classfilewriter ---
[ 2493s] [INFO] Using 'UTF-8' encoding to copy filtered resources.
[ 2494s] [INFO] skip non existing resourceDirectory /home/abuild/rpmbuild/BUILD/jboss-classfilewriter-1.1.2.Final/src/main/resources
[ 2494s] [INFO] 
[ 2494s] [INFO] --- maven-compiler-plugin:3.8.0:compile (default-compile) @ jboss-classfilewriter ---
[ 2507s] [INFO] Changes detected - recompiling the module!
[ 2508s] [INFO] Compiling 63 source files to /home/abuild/rpmbuild/BUILD/jboss-classfilewriter-1.1.2.Final/target/classes
[ 2625s] [WARNING] bootstrap class path not set in conjunction with -source 1.6
[ 2626s] [WARNING] /home/abuild/rpmbuild/BUILD/jboss-classfilewriter-1.1.2.Final/src/main/java/org/jboss/classfilewriter/ClassFile.java:[152,75] unchecked cast
[ 2626s]   required: java.lang.Class<? extends java.lang.Exception>
[ 2626s]   found:    java.lang.Class<capture#1 of ?>
[ 2626s] [WARNING] /home/abuild/rpmbuild/BUILD/jboss-classfilewriter-1.1.2.Final/src/main/java/org/jboss/classfilewriter/ClassFile.java:[152,45] unchecked generic array creation for varargs parameter of type java.lang.Class<? extends java.lang.Exception>[]
[ 2626s] [WARNING] /home/abuild/rpmbuild/BUILD/jboss-classfilewriter-1.1.2.Final/src/main/java/org/jboss/classfilewriter/ClassFile.java:[178,75] unchecked cast
[ 2626s]   required: java.lang.Class<? extends java.lang.Exception>
[ 2626s]   found:    java.lang.Class<capture#2 of ?>
[ 2626s] [WARNING] /home/abuild/rpmbuild/BUILD/jboss-classfilewriter-1.1.2.Final/src/main/java/org/jboss/classfilewriter/ClassFile.java:[178,45] unchecked generic array creation for varargs parameter of type java.lang.Class<? extends java.lang.Exception>[]
[ 2626s] [INFO] 
[ 2626s] [INFO] --- maven-resources-plugin:3.1.0:testResources (default-testResources) @ jboss-classfilewriter ---
[ 2627s] [INFO] Using 'UTF-8' encoding to copy filtered resources.
[ 2627s] [INFO] skip non existing resourceDirectory /home/abuild/rpmbuild/BUILD/jboss-classfilewriter-1.1.2.Final/src/test/resources
[ 2627s] [INFO] 
[ 2627s] [INFO] --- maven-compiler-plugin:3.8.0:testCompile (default-testCompile) @ jboss-classfilewriter ---
[ 2630s] [INFO] Changes detected - recompiling the module!
[ 2630s] [INFO] Compiling 157 source files to /home/abuild/rpmbuild/BUILD/jboss-classfilewriter-1.1.2.Final/target/test-classes
[ 2726s] [WARNING] /home/abuild/rpmbuild/BUILD/jboss-classfilewriter-1.1.2.Final/src/test/java/org/jboss/classfilewriter/test/bytecode/l/L2fTest.java:[20,23] junit.framework.Assert in junit.framework has been deprecated
[ 2726s] [WARNING] /home/abuild/rpmbuild/BUILD/jboss-classfilewriter-1.1.2.Final/src/test/java/org/jboss/classfilewriter/test/bytecode/f/FastoreTest.java:[20,23] junit.framework.Assert in junit.framework has been deprecated
[ 2727s] [WARNING] /home/abuild/rpmbuild/BUILD/jboss-classfilewriter-1.1.2.Final/src/test/java/org/jboss/classfilewriter/test/bytecode/d/DremTest.java:[20,23] junit.framework.Assert in junit.framework has been deprecated
[ 2727s] [WARNING] /home/abuild/rpmbuild/BUILD/jboss-classfilewriter-1.1.2.Final/src/test/java/org/jboss/classfilewriter/test/bytecode/i/IfIcmpneTest.java:[20,23] junit.framework.Assert in junit.framework has been deprecated
[ 2727s] [WARNING] /home/abuild/rpmbuild/BUILD/jboss-classfilewriter-1.1.2.Final/src/test/java/org/jboss/classfilewriter/test/bytecode/c/CheckcastTest.java:[20,23] junit.framework.Assert in junit.framework has been deprecated
[ 2727s] [WARNING] /home/abuild/rpmbuild/BUILD/jboss-classfilewriter-1.1.2.Final/src/test/java/org/jboss/classfilewriter/test/bytecode/a/AloadTest.java:[20,23] junit.framework.Assert in junit.framework has been deprecated
[ 2727s] [WARNING] /home/abuild/rpmbuild/BUILD/jboss-classfilewriter-1.1.2.Final/src/test/java/org/jboss/classfilewriter/test/bytecode/l/LconstTest.java:[20,23] junit.framework.Assert in junit.framework has been deprecated
[ 2727s] [WARNING] /home/abuild/rpmbuild/BUILD/jboss-classfilewriter-1.1.2.Final/src/test/java/org/jboss/classfilewriter/test/bytecode/i/IfIcmpgeTest.java:[20,23] junit.framework.Assert in junit.framework has been deprecated
[ 2727s] [WARNING] /home/abuild/rpmbuild/BUILD/jboss-classfilewriter-1.1.2.Final/src/test/java/org/jboss/classfilewriter/test/bytecode/f/FsubTest.java:[20,23] junit.framework.Assert in junit.framework has been deprecated
[ 2727s] [WARNING] /home/abuild/rpmbuild/BUILD/jboss-classfilewriter-1.1.2.Final/src/test/java/org/jboss/classfilewriter/test/bytecode/d/DconstTest.java:[20,23] junit.framework.Assert in junit.framework has been deprecated
[ 2728s] [WARNING] /home/abuild/rpmbuild/BUILD/jboss-classfilewriter-1.1.2.Final/src/test/java/org/jboss/classfilewriter/test/bytecode/f/F2iTest.java:[20,23] junit.framework.Assert in junit.framework has been deprecated
[ 2728s] [WARNING] /home/abuild/rpmbuild/BUILD/jboss-classfilewriter-1.1.2.Final/src/test/java/org/jboss/classfilewriter/test/bytecode/i/IfnullTest.java:[20,23] junit.framework.Assert in junit.framework has been deprecated
[ 2728s] [WARNING] /home/abuild/rpmbuild/BUILD/jboss-classfilewriter-1.1.2.Final/src/test/java/org/jboss/classfilewriter/test/bytecode/l/LxorTest.java:[20,23] junit.framework.Assert in junit.framework has been deprecated
[ 2728s] [WARNING] /home/abuild/rpmbuild/BUILD/jboss-classfilewriter-1.1.2.Final/src/test/java/org/jboss/classfilewriter/test/bytecode/b/BaloadTest.java:[20,23] junit.framework.Assert in junit.framework has been deprecated
[ 2728s] [WARNING] /home/abuild/rpmbuild/BUILD/jboss-classfilewriter-1.1.2.Final/src/test/java/org/jboss/classfilewriter/test/bytecode/i/InvokestaticTest.java:[20,23] junit.framework.Assert in junit.framework has been deprecated
[ 2728s] [WARNING] /home/abuild/rpmbuild/BUILD/jboss-classfilewriter-1.1.2.Final/src/test/java/org/jboss/classfilewriter/test/bytecode/i/IfneTest.java:[20,23] junit.framework.Assert in junit.framework has been deprecated
[ 2728s] [WARNING] /home/abuild/rpmbuild/BUILD/jboss-classfilewriter-1.1.2.Final/src/test/java/org/jboss/classfilewriter/test/bytecode/i/IremTest.java:[20,23] junit.framework.Assert in junit.framework has been deprecated
[ 2728s] [WARNING] /home/abuild/rpmbuild/BUILD/jboss-classfilewriter-1.1.2.Final/src/test/java/org/jboss/classfilewriter/test/bytecode/handler/ExceptionHandlerTest.java:[20,23] junit.framework.Assert in junit.framework has been deprecated
[ 2728s] [WARNING] /home/abuild/rpmbuild/BUILD/jboss-classfilewriter-1.1.2.Final/src/test/java/org/jboss/classfilewriter/test/bytecode/i/IaloadTest.java:[20,23] junit.framework.Assert in junit.framework has been deprecated
[ 2729s] [WARNING] /home/abuild/rpmbuild/BUILD/jboss-classfilewriter-1.1.2.Final/src/test/java/org/jboss/classfilewriter/test/bytecode/g/GetstaticTest.java:[20,23] junit.framework.Assert in junit.framework has been deprecated
[ 2729s] [WARNING] /home/abuild/rpmbuild/BUILD/jboss-classfilewriter-1.1.2.Final/src/test/java/org/jboss/classfilewriter/test/bytecode/i/IfgeTest.java:[20,23] junit.framework.Assert in junit.framework has been deprecated
[ 2729s] [WARNING] /home/abuild/rpmbuild/BUILD/jboss-classfilewriter-1.1.2.Final/src/test/java/org/jboss/classfilewriter/test/bytecode/i/IstoreTest.java:[20,23] junit.framework.Assert in junit.framework has been deprecated
[ 2729s] [WARNING] /home/abuild/rpmbuild/BUILD/jboss-classfilewriter-1.1.2.Final/src/test/java/org/jboss/classfilewriter/test/bytecode/d/Dup2X1Test.java:[20,23] junit.framework.Assert in junit.framework has been deprecated
[ 2729s] [WARNING] /home/abuild/rpmbuild/BUILD/jboss-classfilewriter-1.1.2.Final/src/test/java/org/jboss/classfilewriter/test/bytecode/f/FstoreTest.java:[20,23] junit.framework.Assert in junit.framework has been deprecated
[ 2729s] [WARNING] /home/abuild/rpmbuild/BUILD/jboss-classfilewriter-1.1.2.Final/src/test/java/org/jboss/classfilewriter/test/bytecode/l/LushrTest.java:[20,23] junit.framework.Assert in junit.framework has been deprecated
[ 2729s] [WARNING] /home/abuild/rpmbuild/BUILD/jboss-classfilewriter-1.1.2.Final/src/test/java/org/jboss/classfilewriter/test/bytecode/f/FaddTest.java:[20,23] junit.framework.Assert in junit.framework has been deprecated
[ 2729s] [WARNING] /home/abuild/rpmbuild/BUILD/jboss-classfilewriter-1.1.2.Final/src/test/java/org/jboss/classfilewriter/test/bytecode/p/PutfieldTest.java:[20,23] junit.framework.Assert in junit.framework has been deprecated
[ 2729s] [WARNING] /home/abuild/rpmbuild/BUILD/jboss-classfilewriter-1.1.2.Final/src/test/java/org/jboss/classfilewriter/test/bytecode/i/IaddTest.java:[20,23] junit.framework.Assert in junit.framework has been deprecated
[ 2729s] [WARNING] /home/abuild/rpmbuild/BUILD/jboss-classfilewriter-1.1.2.Final/src/test/java/org/jboss/classfilewriter/test/bytecode/l/LookupSwitchTest.java:[22,23] junit.framework.Assert in junit.framework has been deprecated
[ 2730s] [WARNING] /home/abuild/rpmbuild/BUILD/jboss-classfilewriter-1.1.2.Final/src/test/java/org/jboss/classfilewriter/test/bytecode/d/D2iTest.java:[20,23] junit.framework.Assert in junit.framework has been deprecated
[ 2730s] [WARNING] /home/abuild/rpmbuild/BUILD/jboss-classfilewriter-1.1.2.Final/src/test/java/org/jboss/classfilewriter/test/bytecode/f/FremTest.java:[20,23] junit.framework.Assert in junit.framework has been deprecated
[ 2730s] [WARNING] /home/abuild/rpmbuild/BUILD/jboss-classfilewriter-1.1.2.Final/src/test/java/org/jboss/classfilewriter/test/bytecode/i/IorTest.java:[20,23] junit.framework.Assert in junit.framework has been deprecated
[ 2730s] [WARNING] /home/abuild/rpmbuild/BUILD/jboss-classfilewriter-1.1.2.Final/src/test/java/org/jboss/classfilewriter/test/bytecode/a/AastoreTest.java:[20,23] junit.framework.Assert in junit.framework has been deprecated
[ 2730s] [WARNING] /home/abuild/rpmbuild/BUILD/jboss-classfilewriter-1.1.2.Final/src/test/java/org/jboss/classfilewriter/test/bytecode/d/DcmpgTest.java:[20,23] junit.framework.Assert in junit.framework has been deprecated
[ 2730s] [WARNING] /home/abuild/rpmbuild/BUILD/jboss-classfilewriter-1.1.2.Final/src/test/java/org/jboss/classfilewriter/test/bytecode/i/InegTest.java:[20,23] junit.framework.Assert in junit.framework has been deprecated
[ 2730s] [WARNING] /home/abuild/rpmbuild/BUILD/jboss-classfilewriter-1.1.2.Final/src/test/java/org/jboss/classfilewriter/test/bytecode/f/F2dTest.java:[20,23] junit.framework.Assert in junit.framework has been deprecated
[ 2730s] [WARNING] /home/abuild/rpmbuild/BUILD/jboss-classfilewriter-1.1.2.Final/src/test/java/org/jboss/classfilewriter/test/bytecode/i/IfIcmpleTest.java:[20,23] junit.framework.Assert in junit.framework has been deprecated
[ 2730s] [WARNING] /home/abuild/rpmbuild/BUILD/jboss-classfilewriter-1.1.2.Final/src/test/java/org/jboss/classfilewriter/test/bytecode/f/FloadTest.java:[20,23] junit.framework.Assert in junit.framework has been deprecated
[ 2731s] [WARNING] /home/abuild/rpmbuild/BUILD/jboss-classfilewriter-1.1.2.Final/src/test/java/org/jboss/classfilewriter/test/bytecode/d/DupX2Test.java:[20,23] junit.framework.Assert in junit.framework has been deprecated
[ 2731s] [WARNING] /home/abuild/rpmbuild/BUILD/jboss-classfilewriter-1.1.2.Final/src/test/java/org/jboss/classfilewriter/test/bytecode/i/IfIcmpltTest.java:[20,23] junit.framework.Assert in junit.framework has been deprecated
[ 2731s] [WARNING] /home/abuild/rpmbuild/BUILD/jboss-classfilewriter-1.1.2.Final/src/test/java/org/jboss/classfilewriter/test/bytecode/n/NewArrayTest.java:[20,23] junit.framework.Assert in junit.framework has been deprecated
[ 2731s] [WARNING] /home/abuild/rpmbuild/BUILD/jboss-classfilewriter-1.1.2.Final/src/test/java/org/jboss/classfilewriter/test/bytecode/c/CaloadTest.java:[20,23] junit.framework.Assert in junit.framework has been deprecated
[ 2731s] [WARNING] /home/abuild/rpmbuild/BUILD/jboss-classfilewriter-1.1.2.Final/src/test/java/org/jboss/classfilewriter/test/bytecode/i/IfleTest.java:[20,23] junit.framework.Assert in junit.framework has been deprecated
[ 2731s] [WARNING] /home/abuild/rpmbuild/BUILD/jboss-classfilewriter-1.1.2.Final/src/test/java/org/jboss/classfilewriter/test/simple/FieldTest.java:[24,23] junit.framework.Assert in junit.framework has been deprecated
[ 2731s] [WARNING] /home/abuild/rpmbuild/BUILD/jboss-classfilewriter-1.1.2.Final/src/test/java/org/jboss/classfilewriter/test/bytecode/s/SwapTest.java:[20,23] junit.framework.Assert in junit.framework has been deprecated
[ 2731s] [WARNING] /home/abuild/rpmbuild/BUILD/jboss-classfilewriter-1.1.2.Final/src/test/java/org/jboss/classfilewriter/test/bytecode/d/DsubTest.java:[20,23] junit.framework.Assert in junit.framework has been deprecated
[ 2731s] [WARNING] /home/abuild/rpmbuild/BUILD/jboss-classfilewriter-1.1.2.Final/src/test/java/org/jboss/classfilewriter/test/bytecode/f/FmulTest.java:[20,23] junit.framework.Assert in junit.framework has been deprecated
[ 2732s] [WARNING] /home/abuild/rpmbuild/BUILD/jboss-classfilewriter-1.1.2.Final/src/test/java/org/jboss/classfilewriter/test/bytecode/i/I2cTest.java:[20,23] junit.framework.Assert in junit.framework has been deprecated
[ 2732s] [WARNING] /home/abuild/rpmbuild/BUILD/jboss-classfilewriter-1.1.2.Final/src/test/java/org/jboss/classfilewriter/test/bytecode/l/LremTest.java:[20,23] junit.framework.Assert in junit.framework has been deprecated
[ 2732s] [WARNING] /home/abuild/rpmbuild/BUILD/jboss-classfilewriter-1.1.2.Final/src/test/java/org/jboss/classfilewriter/test/bytecode/d/DloadTest.java:[20,23] junit.framework.Assert in junit.framework has been deprecated
[ 2732s] [WARNING] /home/abuild/rpmbuild/BUILD/jboss-classfilewriter-1.1.2.Final/src/test/java/org/jboss/classfilewriter/test/bytecode/l/LandTest.java:[20,23] junit.framework.Assert in junit.framework has been deprecated
[ 2732s] [WARNING] /home/abuild/rpmbuild/BUILD/jboss-classfilewriter-1.1.2.Final/src/test/java/org/jboss/classfilewriter/test/bytecode/b/BipushTest.java:[20,23] junit.framework.Assert in junit.framework has been deprecated
[ 2733s] [WARNING] /home/abuild/rpmbuild/BUILD/jboss-classfilewriter-1.1.2.Final/src/test/java/org/jboss/classfilewriter/test/bytecode/l/LsubTest.java:[20,23] junit.framework.Assert in junit.framework has been deprecated
[ 2733s] [WARNING] /home/abuild/rpmbuild/BUILD/jboss-classfilewriter-1.1.2.Final/src/test/java/org/jboss/classfilewriter/test/bytecode/f/FConstTest.java:[20,23] junit.framework.Assert in junit.framework has been deprecated
[ 2733s] [WARNING] /home/abuild/rpmbuild/BUILD/jboss-classfilewriter-1.1.2.Final/src/test/java/org/jboss/classfilewriter/test/bytecode/p/PutstaticTest.java:[20,23] junit.framework.Assert in junit.framework has been deprecated
[ 2733s] [WARNING] /home/abuild/rpmbuild/BUILD/jboss-classfilewriter-1.1.2.Final/src/test/java/org/jboss/classfilewriter/test/bytecode/n/NewTest.java:[20,23] junit.framework.Assert in junit.framework has been deprecated
[ 2733s] [WARNING] /home/abuild/rpmbuild/BUILD/jboss-classfilewriter-1.1.2.Final/src/test/java/org/jboss/classfilewriter/test/bytecode/i/IdivTest.java:[20,23] junit.framework.Assert in junit.framework has been deprecated
[ 2733s] [WARNING] /home/abuild/rpmbuild/BUILD/jboss-classfilewriter-1.1.2.Final/src/test/java/org/jboss/classfilewriter/test/bytecode/l/LshrTest.java:[20,23] junit.framework.Assert in junit.framework has been deprecated
[ 2733s] [WARNING] /home/abuild/rpmbuild/BUILD/jboss-classfilewriter-1.1.2.Final/src/test/java/org/jboss/classfilewriter/test/bytecode/d/D2lTest.java:[20,23] junit.framework.Assert in junit.framework has been deprecated
[ 2733s] [WARNING] /home/abuild/rpmbuild/BUILD/jboss-classfilewriter-1.1.2.Final/src/test/java/org/jboss/classfilewriter/test/bytecode/d/DaloadTest.java:[20,23] junit.framework.Assert in junit.framework has been deprecated
[ 2734s] [WARNING] /home/abuild/rpmbuild/BUILD/jboss-classfilewriter-1.1.2.Final/src/test/java/org/jboss/classfilewriter/test/bytecode/i/IfnotnullTest.java:[20,23] junit.framework.Assert in junit.framework has been deprecated
[ 2734s] [WARNING] /home/abuild/rpmbuild/BUILD/jboss-classfilewriter-1.1.2.Final/src/test/java/org/jboss/classfilewriter/test/bytecode/d/DupTest.java:[20,23] junit.framework.Assert in junit.framework has been deprecated
[ 2734s] [WARNING] /home/abuild/rpmbuild/BUILD/jboss-classfilewriter-1.1.2.Final/src/test/java/org/jboss/classfilewriter/test/bytecode/i/IconstTest.java:[20,23] junit.framework.Assert in junit.framework has been deprecated
[ 2734s] [WARNING] /home/abuild/rpmbuild/BUILD/jboss-classfilewriter-1.1.2.Final/src/test/java/org/jboss/classfilewriter/test/bytecode/i/IfgtTest.java:[20,23] junit.framework.Assert in junit.framework has been deprecated
[ 2734s] [WARNING] /home/abuild/rpmbuild/BUILD/jboss-classfilewriter-1.1.2.Final/src/test/java/org/jboss/classfilewriter/test/bytecode/m/MonitorTest.java:[20,23] junit.framework.Assert in junit.framework has been deprecated
[ 2734s] [WARNING] /home/abuild/rpmbuild/BUILD/jboss-classfilewriter-1.1.2.Final/src/test/java/org/jboss/classfilewriter/test/bytecode/s/SaloadTest.java:[20,23] junit.framework.Assert in junit.framework has been deprecated
[ 2734s] [WARNING] /home/abuild/rpmbuild/BUILD/jboss-classfilewriter-1.1.2.Final/src/test/java/org/jboss/classfilewriter/test/bytecode/d/DdivTest.java:[20,23] junit.framework.Assert in junit.framework has been deprecated
[ 2734s] [WARNING] /home/abuild/rpmbuild/BUILD/jboss-classfilewriter-1.1.2.Final/src/test/java/org/jboss/classfilewriter/test/bytecode/i/ImulTest.java:[20,23] junit.framework.Assert in junit.framework has been deprecated
[ 2735s] [WARNING] /home/abuild/rpmbuild/BUILD/jboss-classfilewriter-1.1.2.Final/src/test/java/org/jboss/classfilewriter/test/bytecode/l/L2iTest.java:[20,23] junit.framework.Assert in junit.framework has been deprecated
[ 2735s] [WARNING] /home/abuild/rpmbuild/BUILD/jboss-classfilewriter-1.1.2.Final/src/test/java/org/jboss/classfilewriter/test/annotation/FieldAnnotationTest.java:[23,23] junit.framework.Assert in junit.framework has been deprecated
[ 2735s] [WARNING] /home/abuild/rpmbuild/BUILD/jboss-classfilewriter-1.1.2.Final/src/test/java/org/jboss/classfilewriter/test/bytecode/a/AthrowTest.java:[20,23] junit.framework.Assert in junit.framework has been deprecated
[ 2735s] [WARNING] /home/abuild/rpmbuild/BUILD/jboss-classfilewriter-1.1.2.Final/src/test/java/org/jboss/classfilewriter/test/bytecode/f/FcmplTest.java:[20,23] junit.framework.Assert in junit.framework has been deprecated
[ 2735s] [WARNING] /home/abuild/rpmbuild/BUILD/jboss-classfilewriter-1.1.2.Final/src/test/java/org/jboss/classfilewriter/test/bytecode/i/IfIcmpgtTest.java:[20,23] junit.framework.Assert in junit.framework has been deprecated
[ 2735s] [WARNING] /home/abuild/rpmbuild/BUILD/jboss-classfilewriter-1.1.2.Final/src/test/java/org/jboss/classfilewriter/test/bytecode/d/D2fTest.java:[20,23] junit.framework.Assert in junit.framework has been deprecated
[ 2735s] [WARNING] /home/abuild/rpmbuild/BUILD/jboss-classfilewriter-1.1.2.Final/src/test/java/org/jboss/classfilewriter/test/simple/SimpleTest.java:[22,23] junit.framework.Assert in junit.framework has been deprecated
[ 2735s] [WARNING] /home/abuild/rpmbuild/BUILD/jboss-classfilewriter-1.1.2.Final/src/test/java/org/jboss/classfilewriter/test/bytecode/d/DupX1Test.java:[20,23] junit.framework.Assert in junit.framework has been deprecated
[ 2735s] [WARNING] /home/abuild/rpmbuild/BUILD/jboss-classfilewriter-1.1.2.Final/src/test/java/org/jboss/classfilewriter/test/bytecode/d/DmulTest.java:[20,23] junit.framework.Assert in junit.framework has been deprecated
[ 2736s] [WARNING] /home/abuild/rpmbuild/BUILD/jboss-classfilewriter-1.1.2.Final/src/test/java/org/jboss/classfilewriter/test/bytecode/i/I2sTest.java:[20,23] junit.framework.Assert in junit.framework has been deprecated
[ 2736s] [WARNING] /home/abuild/rpmbuild/BUILD/jboss-classfilewriter-1.1.2.Final/src/test/java/org/jboss/classfilewriter/test/bytecode/c/CastoreTest.java:[20,23] junit.framework.Assert in junit.framework has been deprecated
[ 2736s] [WARNING] /home/abuild/rpmbuild/BUILD/jboss-classfilewriter-1.1.2.Final/src/test/java/org/jboss/classfilewriter/test/bytecode/l/LshlTest.java:[20,23] junit.framework.Assert in junit.framework has been deprecated
[ 2736s] [WARNING] /home/abuild/rpmbuild/BUILD/jboss-classfilewriter-1.1.2.Final/src/test/java/org/jboss/classfilewriter/test/bytecode/a/AconstNullTest.java:[20,23] junit.framework.Assert in junit.framework has been deprecated
[ 2736s] [WARNING] /home/abuild/rpmbuild/BUILD/jboss-classfilewriter-1.1.2.Final/src/test/java/org/jboss/classfilewriter/test/bytecode/l/LdcTest.java:[20,23] junit.framework.Assert in junit.framework has been deprecated
[ 2736s] [WARNING] /home/abuild/rpmbuild/BUILD/jboss-classfilewriter-1.1.2.Final/src/test/java/org/jboss/classfilewriter/test/bytecode/i/InvokeinterfaceTest.java:[20,23] junit.framework.Assert in junit.framework has been deprecated
[ 2737s] [WARNING] /home/abuild/rpmbuild/BUILD/jboss-classfilewriter-1.1.2.Final/src/test/java/org/jboss/classfilewriter/test/bytecode/i/IastoreTest.java:[20,23] junit.framework.Assert in junit.framework has been deprecated
[ 2737s] [WARNING] /home/abuild/rpmbuild/BUILD/jboss-classfilewriter-1.1.2.Final/src/test/java/org/jboss/classfilewriter/test/bytecode/l/LorTest.java:[20,23] junit.framework.Assert in junit.framework has been deprecated
[ 2737s] [WARNING] /home/abuild/rpmbuild/BUILD/jboss-classfilewriter-1.1.2.Final/src/test/java/org/jboss/classfilewriter/test/bytecode/f/F2lTest.java:[20,23] junit.framework.Assert in junit.framework has been deprecated
[ 2737s] [WARNING] /home/abuild/rpmbuild/BUILD/jboss-classfilewriter-1.1.2.Final/src/test/java/org/jboss/classfilewriter/test/bytecode/i/I2bTest.java:[20,23] junit.framework.Assert in junit.framework has been deprecated
[ 2737s] [WARNING] /home/abuild/rpmbuild/BUILD/jboss-classfilewriter-1.1.2.Final/src/test/java/org/jboss/classfilewriter/test/bytecode/i/IshlTest.java:[20,23] junit.framework.Assert in junit.framework has been deprecated
[ 2737s] [WARNING] /home/abuild/rpmbuild/BUILD/jboss-classfilewriter-1.1.2.Final/src/test/java/org/jboss/classfilewriter/test/bytecode/l/LdivTest.java:[20,23] junit.framework.Assert in junit.framework has been deprecated
[ 2737s] [WARNING] /home/abuild/rpmbuild/BUILD/jboss-classfilewriter-1.1.2.Final/src/test/java/org/jboss/classfilewriter/test/bytecode/i/IshrTest.java:[20,23] junit.framework.Assert in junit.framework has been deprecated
[ 2737s] [WARNING] /home/abuild/rpmbuild/BUILD/jboss-classfilewriter-1.1.2.Final/src/test/java/org/jboss/classfilewriter/test/bytecode/l/LaloadTest.java:[20,23] junit.framework.Assert in junit.framework has been deprecated
[ 2737s] [WARNING] /home/abuild/rpmbuild/BUILD/jboss-classfilewriter-1.1.2.Final/src/test/java/org/jboss/classfilewriter/test/bytecode/b/BastoreTest.java:[20,23] junit.framework.Assert in junit.framework has been deprecated
[ 2738s] [WARNING] /home/abuild/rpmbuild/BUILD/jboss-classfilewriter-1.1.2.Final/src/test/java/org/jboss/classfilewriter/test/bytecode/l/L2dTest.java:[20,23] junit.framework.Assert in junit.framework has been deprecated
[ 2738s] [WARNING] /home/abuild/rpmbuild/BUILD/jboss-classfilewriter-1.1.2.Final/src/test/java/org/jboss/classfilewriter/test/simple/MethodTest.java:[23,23] junit.framework.Assert in junit.framework has been deprecated
[ 2738s] [WARNING] /home/abuild/rpmbuild/BUILD/jboss-classfilewriter-1.1.2.Final/src/test/java/org/jboss/classfilewriter/test/bytecode/d/DcmplTest.java:[20,23] junit.framework.Assert in junit.framework has been deprecated
[ 2738s] [WARNING] /home/abuild/rpmbuild/BUILD/jboss-classfilewriter-1.1.2.Final/src/test/java/org/jboss/classfilewriter/test/bytecode/d/DnegTest.java:[20,23] junit.framework.Assert in junit.framework has been deprecated
[ 2738s] [WARNING] /home/abuild/rpmbuild/BUILD/jboss-classfilewriter-1.1.2.Final/src/test/java/org/jboss/classfilewriter/test/bytecode/d/DstoreTest.java:[20,23] junit.framework.Assert in junit.framework has been deprecated
[ 2738s] [WARNING] /home/abuild/rpmbuild/BUILD/jboss-classfilewriter-1.1.2.Final/src/test/java/org/jboss/classfilewriter/test/bytecode/d/Dup2Test.java:[20,23] junit.framework.Assert in junit.framework has been deprecated
[ 2739s] [WARNING] /home/abuild/rpmbuild/BUILD/jboss-classfilewriter-1.1.2.Final/src/test/java/org/jboss/classfilewriter/test/bytecode/i/I2lTest.java:[20,23] junit.framework.Assert in junit.framework has been deprecated
[ 2739s] [WARNING] /home/abuild/rpmbuild/BUILD/jboss-classfilewriter-1.1.2.Final/src/test/java/org/jboss/classfilewriter/test/bytecode/i/IfltTest.java:[20,23] junit.framework.Assert in junit.framework has been deprecated
[ 2739s] [INFO] /home/abuild/rpmbuild/BUILD/jboss-classfilewriter-1.1.2.Final/src/test/java/org/jboss/classfilewriter/test/bytecode/l/LnegTest.java: Some input files additionally use or override a deprecated API.
[ 2739s] [INFO] /home/abuild/rpmbuild/BUILD/jboss-classfilewriter-1.1.2.Final/src/test/java/org/jboss/classfilewriter/test/simple/MethodTest.java: Some input files additionally use unchecked or unsafe operations.
[ 2739s] [INFO] 
[ 2739s] [INFO] --- maven-surefire-plugin:2.22.0:test (default-test) @ jboss-classfilewriter ---
[ 2776s] [INFO] 
[ 2776s] [INFO] -------------------------------------------------------
[ 2776s] [INFO]  T E S T S
[ 2776s] [INFO] -------------------------------------------------------
[ 2788s] [INFO] Running org.jboss.classfilewriter.test.bytecode.l.L2fTest
[ 2791s] [INFO] Tests run: 1, Failures: 0, Errors: 0, Skipped: 0, Time elapsed: 0.61 s - in org.jboss.classfilewriter.test.bytecode.l.L2fTest
[ 2791s] [INFO] Running org.jboss.classfilewriter.test.bytecode.l.LconstTest
[ 2792s] [INFO] Tests run: 1, Failures: 0, Errors: 0, Skipped: 0, Time elapsed: 0.057 s - in org.jboss.classfilewriter.test.bytecode.l.LconstTest
[ 2792s] [INFO] Running org.jboss.classfilewriter.test.bytecode.l.LxorTest
[ 2793s] [INFO] Tests run: 1, Failures: 0, Errors: 0, Skipped: 0, Time elapsed: 0.053 s - in org.jboss.classfilewriter.test.bytecode.l.LxorTest
[ 2793s] [INFO] Running org.jboss.classfilewriter.test.bytecode.l.LushrTest
[ 2795s] [INFO] Tests run: 1, Failures: 0, Errors: 0, Skipped: 0, Time elapsed: 0.095 s - in org.jboss.classfilewriter.test.bytecode.l.LushrTest
[ 2795s] [INFO] Running org.jboss.classfilewriter.test.bytecode.l.LookupSwitchTest
[ 2796s] [INFO] Tests run: 1, Failures: 0, Errors: 0, Skipped: 0, Time elapsed: 0.072 s - in org.jboss.classfilewriter.test.bytecode.l.LookupSwitchTest
[ 2796s] [INFO] Running org.jboss.classfilewriter.test.bytecode.l.LremTest
[ 2797s] [INFO] Tests run: 1, Failures: 0, Errors: 0, Skipped: 0, Time elapsed: 0.054 s - in org.jboss.classfilewriter.test.bytecode.l.LremTest
[ 2797s] [INFO] Running org.jboss.classfilewriter.test.bytecode.l.LandTest
[ 2799s] [INFO] Tests run: 1, Failures: 0, Errors: 0, Skipped: 0, Time elapsed: 0.088 s - in org.jboss.classfilewriter.test.bytecode.l.LandTest
[ 2799s] [INFO] Running org.jboss.classfilewriter.test.bytecode.l.LsubTest
[ 2800s] [INFO] Tests run: 1, Failures: 0, Errors: 0, Skipped: 0, Time elapsed: 0.075 s - in org.jboss.classfilewriter.test.bytecode.l.LsubTest
[ 2800s] [INFO] Running org.jboss.classfilewriter.test.bytecode.l.LshrTest
[ 2801s] [INFO] Tests run: 1, Failures: 0, Errors: 0, Skipped: 0, Time elapsed: 0.067 s - in org.jboss.classfilewriter.test.bytecode.l.LshrTest
[ 2801s] [INFO] Running org.jboss.classfilewriter.test.bytecode.l.L2iTest
[ 2803s] [INFO] Tests run: 1, Failures: 0, Errors: 0, Skipped: 0, Time elapsed: 0.096 s - in org.jboss.classfilewriter.test.bytecode.l.L2iTest
[ 2803s] [INFO] Running org.jboss.classfilewriter.test.bytecode.l.LshlTest
[ 2804s] [INFO] Tests run: 1, Failures: 0, Errors: 0, Skipped: 0, Time elapsed: 0.053 s - in org.jboss.classfilewriter.test.bytecode.l.LshlTest
[ 2804s] [INFO] Running org.jboss.classfilewriter.test.bytecode.l.LdcTest
[ 2805s] [INFO] Tests run: 1, Failures: 0, Errors: 0, Skipped: 0, Time elapsed: 0.053 s - in org.jboss.classfilewriter.test.bytecode.l.LdcTest
[ 2805s] [INFO] Running org.jboss.classfilewriter.test.bytecode.l.LorTest
[ 2806s] [INFO] Tests run: 1, Failures: 0, Errors: 0, Skipped: 0, Time elapsed: 0.052 s - in org.jboss.classfilewriter.test.bytecode.l.LorTest
[ 2806s] [INFO] Running org.jboss.classfilewriter.test.bytecode.l.LdivTest
[ 2807s] [INFO] Tests run: 1, Failures: 0, Errors: 0, Skipped: 0, Time elapsed: 0.054 s - in org.jboss.classfilewriter.test.bytecode.l.LdivTest
[ 2807s] [INFO] Running org.jboss.classfilewriter.test.bytecode.l.LaloadTest
[ 2808s] [INFO] Tests run: 1, Failures: 0, Errors: 0, Skipped: 0, Time elapsed: 0.054 s - in org.jboss.classfilewriter.test.bytecode.l.LaloadTest
[ 2808s] [INFO] Running org.jboss.classfilewriter.test.bytecode.l.L2dTest
[ 2809s] [INFO] Tests run: 1, Failures: 0, Errors: 0, Skipped: 0, Time elapsed: 0.065 s - in org.jboss.classfilewriter.test.bytecode.l.L2dTest
[ 2809s] [INFO] Running org.jboss.classfilewriter.test.bytecode.l.LnegTest
[ 2810s] [INFO] Tests run: 1, Failures: 0, Errors: 0, Skipped: 0, Time elapsed: 0.062 s - in org.jboss.classfilewriter.test.bytecode.l.LnegTest
[ 2810s] [INFO] Running org.jboss.classfilewriter.test.bytecode.l.LaddTest
[ 2812s] [INFO] Tests run: 1, Failures: 0, Errors: 0, Skipped: 0, Time elapsed: 0.052 s - in org.jboss.classfilewriter.test.bytecode.l.LaddTest
[ 2812s] [INFO] Running org.jboss.classfilewriter.test.bytecode.l.LmulTest
[ 2813s] [INFO] Tests run: 1, Failures: 0, Errors: 0, Skipped: 0, Time elapsed: 0.071 s - in org.jboss.classfilewriter.test.bytecode.l.LmulTest
[ 2813s] [INFO] Running org.jboss.classfilewriter.test.bytecode.l.LastoreTest
[ 2814s] [INFO] Tests run: 1, Failures: 0, Errors: 0, Skipped: 0, Time elapsed: 0.057 s - in org.jboss.classfilewriter.test.bytecode.l.LastoreTest
[ 2814s] [INFO] Running org.jboss.classfilewriter.test.bytecode.l.LcmpTest
[ 2815s] [INFO] Tests run: 1, Failures: 0, Errors: 0, Skipped: 0, Time elapsed: 0.081 s - in org.jboss.classfilewriter.test.bytecode.l.LcmpTest
[ 2815s] [INFO] Running org.jboss.classfilewriter.test.bytecode.l.LloadTest
[ 2816s] [INFO] Tests run: 1, Failures: 0, Errors: 0, Skipped: 0, Time elapsed: 0.052 s - in org.jboss.classfilewriter.test.bytecode.l.LloadTest
[ 2816s] [INFO] Running org.jboss.classfilewriter.test.bytecode.l.LstoreTest
[ 2817s] [INFO] Tests run: 1, Failures: 0, Errors: 0, Skipped: 0, Time elapsed: 0.06 s - in org.jboss.classfilewriter.test.bytecode.l.LstoreTest
[ 2817s] [INFO] Running org.jboss.classfilewriter.test.bytecode.f.FastoreTest
[ 2819s] [INFO] Tests run: 1, Failures: 0, Errors: 0, Skipped: 0, Time elapsed: 0.074 s - in org.jboss.classfilewriter.test.bytecode.f.FastoreTest
[ 2819s] [INFO] Running org.jboss.classfilewriter.test.bytecode.f.FsubTest
[ 2820s] [INFO] Tests run: 1, Failures: 0, Errors: 0, Skipped: 0, Time elapsed: 0.082 s - in org.jboss.classfilewriter.test.bytecode.f.FsubTest
[ 2820s] [INFO] Running org.jboss.classfilewriter.test.bytecode.f.F2iTest
[ 2822s] [INFO] Tests run: 1, Failures: 0, Errors: 0, Skipped: 0, Time elapsed: 0.087 s - in org.jboss.classfilewriter.test.bytecode.f.F2iTest
[ 2822s] [INFO] Running org.jboss.classfilewriter.test.bytecode.f.FstoreTest
[ 2823s] [INFO] Tests run: 1, Failures: 0, Errors: 0, Skipped: 0, Time elapsed: 0.062 s - in org.jboss.classfilewriter.test.bytecode.f.FstoreTest
[ 2823s] [INFO] Running org.jboss.classfilewriter.test.bytecode.f.FaddTest
[ 2824s] [INFO] Tests run: 1, Failures: 0, Errors: 0, Skipped: 0, Time elapsed: 0.066 s - in org.jboss.classfilewriter.test.bytecode.f.FaddTest
[ 2824s] [INFO] Running org.jboss.classfilewriter.test.bytecode.f.FremTest
[ 2825s] [INFO] Tests run: 1, Failures: 0, Errors: 0, Skipped: 0, Time elapsed: 0.092 s - in org.jboss.classfilewriter.test.bytecode.f.FremTest
[ 2826s] [INFO] Running org.jboss.classfilewriter.test.bytecode.f.F2dTest
[ 2827s] [INFO] Tests run: 1, Failures: 0, Errors: 0, Skipped: 0, Time elapsed: 0.057 s - in org.jboss.classfilewriter.test.bytecode.f.F2dTest
[ 2827s] [INFO] Running org.jboss.classfilewriter.test.bytecode.f.FloadTest
[ 2828s] [INFO] Tests run: 1, Failures: 0, Errors: 0, Skipped: 0, Time elapsed: 0.073 s - in org.jboss.classfilewriter.test.bytecode.f.FloadTest
[ 2828s] [INFO] Running org.jboss.classfilewriter.test.bytecode.f.FmulTest
[ 2829s] [INFO] Tests run: 1, Failures: 0, Errors: 0, Skipped: 0, Time elapsed: 0.074 s - in org.jboss.classfilewriter.test.bytecode.f.FmulTest
[ 2829s] [INFO] Running org.jboss.classfilewriter.test.bytecode.f.FConstTest
[ 2830s] [INFO] Tests run: 2, Failures: 0, Errors: 0, Skipped: 0, Time elapsed: 0.077 s - in org.jboss.classfilewriter.test.bytecode.f.FConstTest
[ 2830s] [INFO] Running org.jboss.classfilewriter.test.bytecode.f.FcmplTest
[ 2831s] [INFO] Tests run: 1, Failures: 0, Errors: 0, Skipped: 0, Time elapsed: 0.095 s - in org.jboss.classfilewriter.test.bytecode.f.FcmplTest
[ 2832s] [INFO] Running org.jboss.classfilewriter.test.bytecode.f.F2lTest
[ 2833s] [INFO] Tests run: 1, Failures: 0, Errors: 0, Skipped: 0, Time elapsed: 0.057 s - in org.jboss.classfilewriter.test.bytecode.f.F2lTest
[ 2833s] [INFO] Running org.jboss.classfilewriter.test.bytecode.f.FdivTest
[ 2834s] [INFO] Tests run: 1, Failures: 0, Errors: 0, Skipped: 0, Time elapsed: 0.099 s - in org.jboss.classfilewriter.test.bytecode.f.FdivTest
[ 2834s] [INFO] Running org.jboss.classfilewriter.test.bytecode.f.FcmpgTest
[ 2835s] [INFO] Tests run: 1, Failures: 0, Errors: 0, Skipped: 0, Time elapsed: 0.086 s - in org.jboss.classfilewriter.test.bytecode.f.FcmpgTest
[ 2835s] [INFO] Running org.jboss.classfilewriter.test.bytecode.f.FnegTest
[ 2836s] [INFO] Tests run: 1, Failures: 0, Errors: 0, Skipped: 0, Time elapsed: 0.078 s - in org.jboss.classfilewriter.test.bytecode.f.FnegTest
[ 2836s] [INFO] Running org.jboss.classfilewriter.test.bytecode.f.FaloadTest
[ 2837s] [INFO] 
[ 2837s] [INFO] Results:
[ 2837s] [INFO] 
[ 2837s] [INFO] Tests run: 39, Failures: 0, Errors: 0, Skipped: 0
[ 2837s] [INFO] 
[ 2837s] [INFO] 
[ 2837s] [INFO] ------------------------------------------------------------------------
[ 2837s] [INFO] Skipping classfilewriter
[ 2837s] [INFO] This project has been banned from the build due to previous failures.
[ 2837s] [INFO] ------------------------------------------------------------------------
[ 2837s] [INFO] ------------------------------------------------------------------------
[ 2837s] [INFO] BUILD FAILURE
[ 2837s] [INFO] ------------------------------------------------------------------------
[ 2838s] [INFO] Tests run: 1, Failures: 0, Errors: 0, Skipped: 0, Time elapsed: 0.053 s - in org.jboss.classfilewriter.test.bytecode.f.FaloadTest
[ 2838s] [INFO] Total time: 07:42 min
[ 2838s] [INFO] Finished at: 2022-04-15T12:19:52Z
[ 2838s] [INFO] ------------------------------------------------------------------------
[ 2839s] [ERROR] Failed to execute goal org.apache.maven.plugins:maven-surefire-plugin:2.22.0:test (default-test) on project jboss-classfilewriter: There are test failures.
[ 2839s] [ERROR] 
[ 2839s] [ERROR] Please refer to /home/abuild/rpmbuild/BUILD/jboss-classfilewriter-1.1.2.Final/target/surefire-reports for the individual test results.
[ 2839s] [ERROR] Please refer to dump files (if any exist) [date]-jvmRun[N].dump, [date].dumpstream and [date]-jvmRun[N].dumpstream.
[ 2839s] [ERROR] The forked VM terminated without properly saying goodbye. VM crash or System.exit called?
[ 2839s] [ERROR] Command was /bin/sh -c cd /home/abuild/rpmbuild/BUILD/jboss-classfilewriter-1.1.2.Final && /usr/lib/jvm/java-1.8.0-openjdk-1.8.0.181.b15-1.1.riscv64.fc29.riscv64/jre/bin/java -jar /home/abuild/rpmbuild/BUILD/jboss-classfilewriter-1.1.2.Final/target/surefire/surefirebooter4883446999799929342.jar /home/abuild/rpmbuild/BUILD/jboss-classfilewriter-1.1.2.Final/target/surefire 2022-04-15T12-18-37_213-jvmRun1 surefire2026888885849596119tmp surefire_06581603735645270796tmp
[ 2839s] [ERROR] Process Exit Code: 0
[ 2839s] [ERROR] org.apache.maven.surefire.booter.SurefireBooterForkException: The forked VM terminated without properly saying goodbye. VM crash or System.exit called?
[ 2840s] [ERROR] Command was /bin/sh -c cd /home/abuild/rpmbuild/BUILD/jboss-classfilewriter-1.1.2.Final && /usr/lib/jvm/java-1.8.0-openjdk-1.8.0.181.b15-1.1.riscv64.fc29.riscv64/jre/bin/java -jar /home/abuild/rpmbuild/BUILD/jboss-classfilewriter-1.1.2.Final/target/surefire/surefirebooter4883446999799929342.jar /home/abuild/rpmbuild/BUILD/jboss-classfilewriter-1.1.2.Final/target/surefire 2022-04-15T12-18-37_213-jvmRun1 surefire2026888885849596119tmp surefire_06581603735645270796tmp
[ 2840s] [ERROR] Process Exit Code: 0
[ 2840s] [ERROR] 	at org.apache.maven.plugin.surefire.booterclient.ForkStarter.fork(ForkStarter.java:671)
[ 2840s] [ERROR] 	at org.apache.maven.plugin.surefire.booterclient.ForkStarter.fork(ForkStarter.java:533)
[ 2840s] [ERROR] 	at org.apache.maven.plugin.surefire.booterclient.ForkStarter.run(ForkStarter.java:278)
[ 2840s] [ERROR] 	at org.apache.maven.plugin.surefire.booterclient.ForkStarter.run(ForkStarter.java:244)
[ 2840s] [ERROR] 	at org.apache.maven.plugin.surefire.AbstractSurefireMojo.executeProvider(AbstractSurefireMojo.java:1194)
[ 2840s] [ERROR] 	at org.apache.maven.plugin.surefire.AbstractSurefireMojo.executeAfterPreconditionsChecked(AbstractSurefireMojo.java:1022)
[ 2840s] [ERROR] 	at org.apache.maven.plugin.surefire.AbstractSurefireMojo.execute(AbstractSurefireMojo.java:868)
[ 2840s] [ERROR] 	at org.apache.maven.plugin.DefaultBuildPluginManager.executeMojo(DefaultBuildPluginManager.java:137)
[ 2840s] [ERROR] 	at org.apache.maven.lifecycle.internal.MojoExecutor.execute(MojoExecutor.java:208)
[ 2840s] [ERROR] 	at org.apache.maven.lifecycle.internal.MojoExecutor.execute(MojoExecutor.java:154)
[ 2841s] [ERROR] 	at org.apache.maven.lifecycle.internal.MojoExecutor.execute(MojoExecutor.java:146)
[ 2841s] [ERROR] 	at org.apache.maven.lifecycle.internal.LifecycleModuleBuilder.buildProject(LifecycleModuleBuilder.java:117)
[ 2841s] [ERROR] 	at org.apache.maven.lifecycle.internal.LifecycleModuleBuilder.buildProject(LifecycleModuleBuilder.java:81)
[ 2841s] [ERROR] 	at org.apache.maven.lifecycle.internal.builder.singlethreaded.SingleThreadedBuilder.build(SingleThreadedBuilder.java:56)
[ 2841s] [ERROR] 	at org.apache.maven.lifecycle.internal.LifecycleStarter.execute(LifecycleStarter.java:128)
[ 2841s] [ERROR] 	at org.apache.maven.DefaultMaven.doExecute(DefaultMaven.java:305)
[ 2841s] [ERROR] 	at org.apache.maven.DefaultMaven.doExecute(DefaultMaven.java:192)
[ 2841s] [ERROR] 	at org.apache.maven.DefaultMaven.execute(DefaultMaven.java:105)
[ 2841s] [ERROR] 	at org.apache.maven.cli.MavenCli.execute(MavenCli.java:954)
[ 2841s] [ERROR] 	at org.apache.maven.cli.MavenCli.doMain(MavenCli.java:288)
[ 2841s] [ERROR] 	at org.apache.maven.cli.MavenCli.main(MavenCli.java:192)
[ 2841s] [ERROR] 	at sun.reflect.NativeMethodAccessorImpl.invoke0(Native Method)
[ 2841s] [ERROR] 	at sun.reflect.NativeMethodAccessorImpl.invoke(NativeMethodAccessorImpl.java:62)
[ 2841s] [ERROR] 	at sun.reflect.DelegatingMethodAccessorImpl.invoke(DelegatingMethodAccessorImpl.java:43)
[ 2841s] [ERROR] 	at java.lang.reflect.Method.invoke(Method.java:498)
[ 2841s] [ERROR] 	at org.codehaus.plexus.classworlds.launcher.Launcher.launchEnhanced(Launcher.java:289)
[ 2841s] [ERROR] 	at org.codehaus.plexus.classworlds.launcher.Launcher.launch(Launcher.java:229)
[ 2841s] [ERROR] 	at org.codehaus.plexus.classworlds.launcher.Launcher.mainWithExitCode(Launcher.java:415)
[ 2841s] [ERROR] 	at org.codehaus.plexus.classworlds.launcher.Launcher.main(Launcher.java:356)
[ 2841s] [ERROR] -> [Help 1]
[ 2841s] [ERROR] 
[ 2842s] [ERROR] To see the full stack trace of the errors, re-run Maven with the -e switch.
[ 2842s] [ERROR] Re-run Maven using the -X switch to enable full debug logging.
[ 2842s] [ERROR] 
[ 2842s] [ERROR] For more information about the errors and possible solutions, please read the following articles:
[ 2842s] [ERROR] [Help 1] http://cwiki.apache.org/confluence/display/MAVEN/MojoExecutionException
[ 2843s] error: Bad exit status from /var/tmp/rpm-tmp.HoIEhM (%build)
[ 2843s] 
[ 2843s] 
[ 2843s] RPM build errors:
[ 2843s]     Bad exit status from /var/tmp/rpm-tmp.HoIEhM (%build)
[ 2844s] 
[ 2844s] oe-RISCV-worker21 failed "build jboss-classfilewriter.spec" at Fri Apr 15 12:19:59 UTC 2022.
[ 2844s] 
