[    0s] Memory limit set to 10955196KB
[    0s] Using BUILD_ROOT=/var/cache/obs/worker/root_1
[    0s] Using BUILD_ARCH=riscv64
[    0s] 
[    5s] 
[    5s] oe-RISCV-worker28 started "build _service:extract_file:jmock.spec" at Fri Apr 15 10:14:01 UTC 2022.
[    5s] 
[    5s] Building jmock for project 'openEuler:Mainline:RISC-V' repository 'advanced_riscv64' arch 'riscv64' srcmd5 'ec2bedddf8ac44a9eec424378c52e946'
[    5s] 
[    5s] processing recipe /var/cache/obs/worker/root_1/.build-srcdir/_service:extract_file:jmock.spec ...
[   10s] running changelog2spec --target rpm --file /var/cache/obs/worker/root_1/.build-srcdir/_service:extract_file:jmock.spec
[   11s] init_buildsystem --configdir /var/run/obs/worker/1/build/configs --cachedir /var/cache/build --clean --rpmlist /var/cache/obs/worker/root_1/.build.rpmlist /var/cache/obs/worker/root_1/.build-srcdir/_service:extract_file:jmock.spec build ...
[  107s] cycle: coreutils -> bash
[  107s]   breaking dependency coreutils -> bash
[  107s] cycle: coreutils -> info
[  107s]   breaking dependency coreutils -> info
[  107s] cycle: glibc -> filesystem -> coreutils
[  107s]   breaking dependency coreutils -> glibc
[  107s] cycle: glibc -> filesystem -> coreutils -> libacl
[  107s]   breaking dependency coreutils -> libacl
[  107s] cycle: glibc -> filesystem -> coreutils -> attr
[  107s]   breaking dependency coreutils -> attr
[  107s] cycle: coreutils -> libcap
[  107s]   breaking dependency coreutils -> libcap
[  107s] cycle: glibc -> filesystem -> coreutils -> openssl-libs
[  107s]   breaking dependency coreutils -> openssl-libs
[  107s] cycle: glibc -> filesystem -> coreutils -> libselinux
[  107s]   breaking dependency libselinux -> glibc
[  107s] cycle: glibc -> filesystem -> coreutils -> libselinux -> pcre2
[  107s]   breaking dependency pcre2 -> glibc
[  107s] cycle: glibc -> filesystem -> coreutils -> libselinux -> pcre2 -> readline
[  107s]   breaking dependency readline -> glibc
[  107s] cycle: glibc -> filesystem -> coreutils -> libselinux -> pcre2 -> readline -> ncurses-libs
[  107s]   breaking dependency filesystem -> coreutils
[  107s] cycle: glibc -> filesystem -> bash -> coreutils -> libselinux -> pcre2 -> readline -> ncurses-libs
[  107s]   breaking dependency filesystem -> bash
[  107s] cycle: perl-Carp -> perl-libs
[  107s]   breaking dependency perl-libs -> perl-Carp
[  107s] cycle: perl-libs -> perl-Exporter
[  107s]   breaking dependency perl-libs -> perl-Exporter
[  107s] cycle: perl-Carp -> perl-Exporter
[  107s]   breaking dependency perl-Exporter -> perl-Carp
[  107s] cycle: nss-util -> nss
[  107s]   breaking dependency nss -> nss-util
[  107s] cycle: nss-softokn -> nss-util -> nss
[  107s]   breaking dependency nss -> nss-softokn
[  107s] cycle: systemd -> cryptsetup -> device-mapper
[  107s]   breaking dependency systemd -> cryptsetup
[  107s] cycle: audit -> systemd -> pam
[  107s]   breaking dependency systemd -> pam
[  108s] [1/84] preinstalling dbus...
[  109s] [2/84] preinstalling libffi-devel...
[  110s] [3/84] preinstalling nodejs-source-map...
[  111s] [4/84] preinstalling python3-pip...
[  116s] [5/84] preinstalling python3-setuptools_scm...
[  116s] [6/84] preinstalling filesystem...
[  119s] [7/84] preinstalling glibc...
[  124s] [8/84] preinstalling libgcc...
[  124s] [9/84] preinstalling diffutils...
[  126s] [10/84] preinstalling libcap-ng...
[  126s] [11/84] preinstalling libgpg-error...
[  128s] [12/84] preinstalling libpcap...
[  129s] [13/84] preinstalling libsmartcols...
[  131s] [14/84] preinstalling libuuid...
[  132s] [15/84] preinstalling libxcrypt...
[  133s] [16/84] preinstalling lz4...
[  134s] [17/84] preinstalling m4...
[  135s] [18/84] preinstalling ncurses-libs...
[  137s] [19/84] preinstalling nspr...
[  138s] [20/84] preinstalling xz-libs...
[  139s] [21/84] preinstalling zlib...
[  140s] [22/84] preinstalling attr...
[  141s] [23/84] preinstalling libdb...
[  146s] [24/84] preinstalling zstd...
[  148s] [25/84] preinstalling audit-libs...
[  149s] [26/84] preinstalling file...
[  150s] [27/84] preinstalling iptables-libs...
[  151s] [28/84] preinstalling libacl...
[  152s] [29/84] preinstalling libgcrypt...
[  154s] [30/84] preinstalling openssl-libs...
[  156s] [31/84] preinstalling readline...
[  157s] [32/84] preinstalling ncurses...
[  165s] [33/84] preinstalling cmake...
[  177s] [34/84] preinstalling perl-libs...
[  181s] [35/84] preinstalling pcre2...
[  182s] [36/84] preinstalling perl-Exporter...
[  183s] [37/84] preinstalling pcre...
[  185s] [38/84] preinstalling acl...
[  187s] [39/84] preinstalling sqlite...
[  189s] [40/84] preinstalling libselinux...
[  190s] [41/84] preinstalling perl-Carp...
[  191s] [42/84] preinstalling perl-Digest-MD5...
[  192s] [43/84] preinstalling sed...
[  194s] [44/84] preinstalling coreutils...
[  199s] [45/84] preinstalling bash...
[  201s] [46/84] preinstalling openssl...
[  203s] [47/84] preinstalling dnf...
[  203s] [48/84] preinstalling bzip2...
[  204s] [49/84] preinstalling elfutils...
[  206s] [50/84] preinstalling hostname...
[  207s] [51/84] preinstalling libcap...
[  208s] [52/84] preinstalling popt...
[  209s] [53/84] preinstalling grep...
[  210s] [54/84] preinstalling libblkid...
[  211s] [55/84] preinstalling perl-constant...
[  213s] [56/84] preinstalling tar...
[  215s] [57/84] preinstalling info...
[  216s] [58/84] preinstalling libgcrypt-devel...
[  217s] [59/84] preinstalling lua...
[  218s] [60/84] preinstalling nss...
[  219s] [61/84] preinstalling chkconfig...
[  221s] [62/84] preinstalling copy-jdk-configs...
[  222s] [63/84] preinstalling libfdisk...
[  224s] [64/84] preinstalling libmount...
[  225s] [65/84] preinstalling libsemanage...
[  225s] [66/84] preinstalling nss-util...
[  227s] [67/84] preinstalling findutils...
[  229s] [68/84] preinstalling perl-Getopt-Long...
[  229s] [69/84] preinstalling xz...
[  231s] [70/84] preinstalling perl-Data-Dumper...
[  231s] [71/84] preinstalling systemd-libs...
[  233s] [72/84] preinstalling rpm-libs...
[  234s] [73/84] preinstalling dbus-libs...
[  235s] [74/84] preinstalling nss-softokn...
[  237s] [75/84] preinstalling glib2...
[  242s] [76/84] preinstalling systemd...
[  247s] [77/84] preinstalling audit...
[  248s] [78/84] preinstalling rpm...
[  250s] [79/84] preinstalling openEuler-rpm-config...
[  251s] [80/84] preinstalling pam...
[  252s] [81/84] preinstalling util-linux...
[  257s] [82/84] preinstalling device-mapper...
[  258s] [83/84] preinstalling cryptsetup...
[  260s] [84/84] preinstalling lvm2...
[  263s] 
[  266s] initializing rpm db...
[  283s] reordering...cycle: coreutils -> bash
[  283s]   breaking dependency coreutils -> bash
[  283s] cycle: coreutils -> info
[  283s]   breaking dependency coreutils -> info
[  283s] cycle: glibc -> basesystem -> filesystem -> coreutils -> gmp
[  283s]   breaking dependency coreutils -> gmp
[  283s] cycle: glibc -> basesystem -> filesystem -> coreutils
[  283s]   breaking dependency coreutils -> glibc
[  283s] cycle: glibc -> basesystem -> filesystem -> coreutils -> libacl
[  283s]   breaking dependency coreutils -> libacl
[  283s] cycle: glibc -> basesystem -> filesystem -> coreutils -> attr
[  283s]   breaking dependency coreutils -> attr
[  283s] cycle: coreutils -> libcap
[  283s]   breaking dependency coreutils -> libcap
[  283s] cycle: glibc -> basesystem -> filesystem -> coreutils -> openssl-libs
[  283s]   breaking dependency openssl-libs -> glibc
[  283s] cycle: coreutils -> openssl-libs -> ca-certificates
[  283s]   breaking dependency ca-certificates -> coreutils
[  283s] cycle: coreutils -> openssl-libs -> ca-certificates -> bash
[  283s]   breaking dependency ca-certificates -> bash
[  283s] cycle: coreutils -> openssl-libs -> ca-certificates -> grep
[  283s]   breaking dependency grep -> coreutils
[  283s] cycle: coreutils -> openssl-libs -> ca-certificates -> grep -> bash
[  283s]   breaking dependency ca-certificates -> grep
[  283s] cycle: glibc -> basesystem -> filesystem -> coreutils -> openssl-libs -> ca-certificates -> p11-kit
[  283s]   breaking dependency p11-kit -> glibc
[  283s] cycle: glibc -> basesystem -> filesystem -> coreutils -> openssl-libs -> ca-certificates -> p11-kit -> libffi
[  283s]   breaking dependency openssl-libs -> ca-certificates
[  283s] cycle: coreutils -> openssl-libs -> crypto-policies -> bash
[  283s]   breaking dependency crypto-policies -> bash
[  283s] cycle: coreutils -> openssl-libs -> crypto-policies
[  283s]   breaking dependency crypto-policies -> coreutils
[  283s] cycle: coreutils -> openssl-libs -> crypto-policies -> grep -> bash
[  283s]   breaking dependency bash -> coreutils
[  283s] cycle: filesystem -> coreutils -> openssl-libs -> crypto-policies -> grep -> bash
[  283s]   breaking dependency grep -> bash
[  283s] cycle: glibc -> basesystem -> filesystem -> coreutils -> openssl-libs -> crypto-policies -> grep
[  283s]   breaking dependency glibc -> basesystem
[  283s] cycle: glibc -> glibc-common -> bash -> filesystem -> coreutils -> openssl-libs -> crypto-policies -> grep
[  283s]   breaking dependency glibc-common -> bash
[  283s] cycle: glibc -> glibc-common -> coreutils -> openssl-libs -> crypto-policies -> grep
[  283s]   breaking dependency glibc-common -> coreutils
[  283s] cycle: glibc -> glibc-common
[  283s]   breaking dependency glibc-common -> glibc
[  283s] cycle: glibc -> glibc-common -> libselinux
[  283s]   breaking dependency libselinux -> glibc
[  283s] cycle: glibc -> glibc-common -> libselinux -> pcre2
[  283s]   breaking dependency pcre2 -> glibc
[  283s] cycle: glibc -> glibc-common -> libselinux -> pcre2 -> readline
[  283s]   breaking dependency readline -> glibc
[  283s] cycle: glibc -> glibc-common -> libselinux -> pcre2 -> readline -> ncurses-libs
[  283s]   breaking dependency libselinux -> pcre2
[  283s] cycle: glibc -> glibc-common -> libselinux -> libsepol -> coreutils -> openssl-libs -> crypto-policies -> grep
[  283s]   breaking dependency libsepol -> coreutils
[  283s] cycle: glibc -> glibc-common -> libselinux -> libsepol -> bash -> filesystem -> coreutils -> openssl-libs -> crypto-policies -> grep
[  283s]   breaking dependency filesystem -> coreutils
[  283s] cycle: bash -> filesystem
[  283s]   breaking dependency filesystem -> bash
[  283s] cycle: filesystem -> setup
[  283s]   breaking dependency filesystem -> setup
[  283s] cycle: glibc -> glibc-common -> libselinux -> libsepol -> bash
[  283s]   breaking dependency bash -> glibc
[  283s] cycle: glibc -> glibc-common -> libselinux -> libsepol -> bash -> ncurses-libs
[  283s]   breaking dependency libsepol -> bash
[  283s] cycle: glibc -> glibc-common -> libselinux -> libsepol
[  283s]   breaking dependency glibc -> glibc-common
[  283s] cycle: systemd -> cryptsetup -> device-mapper
[  283s]   breaking dependency systemd -> cryptsetup
[  283s] cycle: perl-libs -> perl-Carp
[  283s]   breaking dependency perl-libs -> perl-Carp
[  283s] cycle: perl-libs -> perl-Exporter
[  283s]   breaking dependency perl-libs -> perl-Exporter
[  283s] cycle: perl-Carp -> perl-Exporter
[  283s]   breaking dependency perl-Exporter -> perl-Carp
[  283s] cycle: perl -> perl-PathTools
[  283s]   breaking dependency perl -> perl-PathTools
[  283s] cycle: perl -> perl-ExtUtils-MakeMaker
[  283s]   breaking dependency perl -> perl-ExtUtils-MakeMaker
[  283s] cycle: perl -> perl-File-Path -> perl-PathTools
[  283s]   breaking dependency perl -> perl-File-Path
[  283s] cycle: perl -> perl-Getopt-Long -> perl-Pod-Usage
[  283s]   breaking dependency perl -> perl-Getopt-Long
[  283s] cycle: perl -> perl-Locale-Maketext
[  283s]   breaking dependency perl -> perl-Locale-Maketext
[  283s] cycle: perl -> perl-Pod-Simple
[  283s]   breaking dependency perl -> perl-Pod-Simple
[  283s] cycle: perl -> perl-Socket
[  283s]   breaking dependency perl -> perl-Socket
[  283s] cycle: perl -> perl-Storable
[  283s]   breaking dependency perl -> perl-Storable
[  283s] cycle: perl -> perl-Text-Tabs+Wrap
[  283s]   breaking dependency perl -> perl-Text-Tabs+Wrap
[  283s] cycle: perl -> perl-Time-Local -> perl-constant
[  283s]   breaking dependency perl -> perl-Time-Local
[  283s] cycle: perl -> perl-constant
[  283s]   breaking dependency perl -> perl-constant
[  283s] cycle: perl -> perl-threads
[  283s]   breaking dependency perl -> perl-threads
[  283s] cycle: perl -> perl-threads-shared
[  283s]   breaking dependency perl -> perl-threads-shared
[  283s] cycle: perl -> perl-Archive-Tar
[  283s]   breaking dependency perl -> perl-Archive-Tar
[  283s] cycle: perl -> perl-B-Debug
[  283s]   breaking dependency perl -> perl-B-Debug
[  283s] cycle: perl -> perl-CPAN-Meta -> perl-CPAN-Meta-Requirements
[  283s]   breaking dependency perl -> perl-CPAN-Meta
[  283s] cycle: perl -> perl-CPAN-Meta-Requirements
[  283s]   breaking dependency perl -> perl-CPAN-Meta-Requirements
[  283s] cycle: perl -> perl-CPAN-Meta-YAML
[  283s]   breaking dependency perl -> perl-CPAN-Meta-YAML
[  283s] cycle: perl -> perl-Compress-Raw-Bzip2
[  283s]   breaking dependency perl -> perl-Compress-Raw-Bzip2
[  283s] cycle: perl -> perl-Compress-Raw-Zlib
[  283s]   breaking dependency perl -> perl-Compress-Raw-Zlib
[  283s] cycle: perl -> perl-Config-Perl-V
[  283s]   breaking dependency perl -> perl-Config-Perl-V
[  283s] cycle: perl -> perl-DB_File
[  283s]   breaking dependency perl -> perl-DB_File
[  283s] cycle: perl -> perl-Data-Dumper
[  283s]   breaking dependency perl -> perl-Data-Dumper
[  283s] cycle: perl -> perl-Devel-PPPort
[  283s]   breaking dependency perl -> perl-Devel-PPPort
[  283s] cycle: perl -> perl-Digest -> perl-MIME-Base64
[  283s]   breaking dependency perl -> perl-Digest
[  283s] cycle: perl -> perl-Digest-MD5 -> perl-Digest -> perl-MIME-Base64
[  283s]   breaking dependency perl -> perl-Digest-MD5
[  283s] cycle: perl -> perl-Digest-SHA
[  283s]   breaking dependency perl -> perl-Digest-SHA
[  283s] cycle: perl -> perl-Encode
[  283s]   breaking dependency perl -> perl-Encode
[  283s] cycle: perl -> perl-Env
[  283s]   breaking dependency perl -> perl-Env
[  283s] cycle: perl -> perl-ExtUtils-Command
[  283s]   breaking dependency perl -> perl-ExtUtils-Command
[  283s] cycle: perl -> perl-ExtUtils-Install
[  283s]   breaking dependency perl -> perl-ExtUtils-Install
[  283s] cycle: perl -> perl-ExtUtils-Manifest
[  283s]   breaking dependency perl -> perl-ExtUtils-Manifest
[  283s] cycle: perl -> perl-ExtUtils-ParseXS
[  283s]   breaking dependency perl -> perl-ExtUtils-ParseXS
[  283s] cycle: perl -> perl-File-Fetch -> perl-PathTools
[  283s]   breaking dependency perl -> perl-File-Fetch
[  283s] cycle: perl -> perl-File-Temp -> perl-PathTools
[  283s]   breaking dependency perl -> perl-File-Temp
[  283s] cycle: perl -> perl-Filter
[  283s]   breaking dependency perl -> perl-Filter
[  283s] cycle: perl -> perl-Filter-Simple -> perl-Filter
[  283s]   breaking dependency perl -> perl-Filter-Simple
[  283s] cycle: perl -> perl-HTTP-Tiny
[  283s]   breaking dependency perl -> perl-HTTP-Tiny
[  283s] cycle: perl -> perl-IO-Compress
[  283s]   breaking dependency perl -> perl-IO-Compress
[  283s] cycle: perl -> perl-IO-Socket-IP
[  283s]   breaking dependency perl -> perl-IO-Socket-IP
[  283s] cycle: perl -> perl-IPC-Cmd -> perl-ExtUtils-MakeMaker
[  283s]   breaking dependency perl -> perl-IPC-Cmd
[  283s] cycle: perl -> perl-IPC-SysV
[  283s]   breaking dependency perl -> perl-IPC-SysV
[  283s] cycle: perl -> perl-JSON-PP
[  283s]   breaking dependency perl -> perl-JSON-PP
[  283s] cycle: perl -> perl-Locale-Codes -> perl-constant
[  283s]   breaking dependency perl -> perl-Locale-Codes
[  283s] cycle: perl -> perl-MIME-Base64
[  283s]   breaking dependency perl -> perl-MIME-Base64
[  283s] cycle: perl -> perl-Math-BigInt
[  283s]   breaking dependency perl -> perl-Math-BigInt
[  283s] cycle: perl -> perl-Math-BigInt-FastCalc -> perl-Math-BigInt
[  283s]   breaking dependency perl -> perl-Math-BigInt-FastCalc
[  283s] cycle: perl -> perl-Math-BigRat -> perl-Math-BigInt
[  283s]   breaking dependency perl -> perl-Math-BigRat
[  283s] cycle: perl -> perl-Module-CoreList
[  283s]   breaking dependency perl -> perl-Module-CoreList
[  283s] cycle: perl -> perl-Module-Load -> perl-PathTools
[  283s]   breaking dependency perl -> perl-Module-Load
[  283s] cycle: perl -> perl-Module-Load-Conditional
[  283s]   breaking dependency perl -> perl-Module-Load-Conditional
[  283s] cycle: perl -> perl-Module-Metadata
[  283s]   breaking dependency perl -> perl-Module-Metadata
[  283s] cycle: perl -> perl-Params-Check
[  283s]   breaking dependency perl -> perl-Params-Check
[  283s] cycle: perl -> perl-PerlIO-via-QuotedPrint -> perl-MIME-Base64
[  283s]   breaking dependency perl -> perl-PerlIO-via-QuotedPrint
[  283s] cycle: perl -> perl-Pod-Checker
[  283s]   breaking dependency perl -> perl-Pod-Checker
[  283s] cycle: perl -> perl-Pod-Escapes
[  283s]   breaking dependency perl -> perl-Pod-Escapes
[  283s] cycle: perl -> perl-Pod-Parser
[  283s]   breaking dependency perl -> perl-Pod-Parser
[  283s] cycle: perl -> perl-Pod-Perldoc
[  283s]   breaking dependency perl -> perl-Pod-Perldoc
[  283s] cycle: perl -> perl-Pod-Usage
[  283s]   breaking dependency perl -> perl-Pod-Usage
[  283s] cycle: perl -> perl-Sys-Syslog
[  283s]   breaking dependency perl -> perl-Sys-Syslog
[  283s] cycle: perl -> perl-Term-Cap
[  283s]   breaking dependency perl -> perl-Term-Cap
[  283s] cycle: perl -> perl-Test-Harness
[  283s]   breaking dependency perl -> perl-Test-Harness
[  283s] cycle: perl -> perl-Test-Simple
[  283s]   breaking dependency perl -> perl-Test-Simple
[  283s] cycle: perl -> perl-Text-Balanced
[  283s]   breaking dependency perl -> perl-Text-Balanced
[  283s] cycle: perl -> perl-Thread-Queue -> perl-threads-shared
[  283s]   breaking dependency perl -> perl-Thread-Queue
[  283s] cycle: perl -> perl-Unicode-Collate -> perl-PathTools
[  283s]   breaking dependency perl -> perl-Unicode-Collate
[  283s] cycle: perl -> perl-autodie
[  283s]   breaking dependency perl -> perl-autodie
[  283s] cycle: perl -> perl-bignum -> perl-Math-BigInt
[  283s]   breaking dependency perl -> perl-bignum
[  283s] cycle: perl -> perl-devel
[  283s]   breaking dependency perl -> perl-devel
[  283s] cycle: perl -> perl-Encode-devel
[  283s]   breaking dependency perl -> perl-Encode-devel
[  283s] cycle: perl -> perl-experimental
[  283s]   breaking dependency perl -> perl-experimental
[  283s] cycle: perl -> perl-libnet -> perl-Digest-MD5 -> perl-Digest -> perl-MIME-Base64
[  283s]   breaking dependency perl -> perl-libnet
[  283s] cycle: perl -> perl-podlators
[  283s]   breaking dependency perl -> perl-podlators
[  283s] cycle: perl -> perl-version
[  283s]   breaking dependency perl -> perl-version
[  283s] cycle: glib2 -> gamin
[  283s]   breaking dependency glib2 -> gamin
[  283s] cycle: systemd -> gnutls -> unbound-libs -> shadow -> pam -> audit
[  283s]   breaking dependency systemd -> gnutls
[  283s] cycle: systemd -> pam -> audit
[  283s]   breaking dependency systemd -> pam
[  283s] cycle: systemd -> shadow -> pam -> audit
[  283s]   breaking dependency systemd -> shadow
[  283s] cycle: pam -> libpwquality
[  283s]   breaking dependency pam -> libpwquality
[  283s] cycle: perl-Getopt-Long -> perl-Pod-Usage
[  283s]   breaking dependency perl-Pod-Usage -> perl-Getopt-Long
[  283s] cycle: perl-Getopt-Long -> perl-Pod-Usage -> perl-podlators -> perl-Encode
[  283s]   breaking dependency perl-podlators -> perl-Encode
[  283s] cycle: perl-Getopt-Long -> perl-Pod-Usage -> perl-podlators
[  283s]   breaking dependency perl-podlators -> perl-Getopt-Long
[  283s] cycle: perl-Getopt-Long -> perl-Pod-Usage -> perl-podlators -> perl-Pod-Simple -> perl-Encode
[  283s]   breaking dependency perl-Encode -> perl-Getopt-Long
[  283s] cycle: perl-Getopt-Long -> perl-Pod-Usage -> perl-podlators -> perl-Pod-Simple
[  283s]   breaking dependency perl-podlators -> perl-Pod-Simple
[  283s] cycle: perl-Pod-Usage -> perl-podlators
[  283s]   breaking dependency perl-podlators -> perl-Pod-Usage
[  283s] cycle: groff -> perl-Getopt-Long -> perl-Pod-Usage -> perl-Pod-Perldoc
[  283s]   breaking dependency groff -> perl-Getopt-Long
[  283s] cycle: nss -> nss-util
[  283s]   breaking dependency nss -> nss-util
[  283s] cycle: nss -> nss-softokn -> nss-util
[  283s]   breaking dependency nss -> nss-softokn
[  283s] cycle: libxcrypt-devel -> glibc-devel
[  283s]   breaking dependency glibc-devel -> libxcrypt-devel
[  283s] cycle: groovy-lib -> gpars
[  283s]   breaking dependency groovy-lib -> gpars
[  283s] cycle: batik-css -> batik
[  283s]   breaking dependency batik -> batik-css
[  283s] cycle: xalan-j2 -> xerces-j2
[  283s]   breaking dependency xerces-j2 -> xalan-j2
[  283s] cycle: cmake-data -> cmake
[  283s]   breaking dependency cmake -> cmake-data
[  283s] cycle: perl-Getopt-Long -> perl-Pod-Usage -> perl-Pod-Perldoc -> perl-Pod-Simple
[  283s]   breaking dependency perl-Pod-Perldoc -> perl-Pod-Simple
[  283s] cycle: openssh -> openssh-server
[  283s]   breaking dependency openssh-server -> openssh
[  283s] cycle: git -> perl-Git
[  283s]   breaking dependency git -> perl-Git
[  283s] cycle: perl-ExtUtils-Install -> perl-ExtUtils-MakeMaker
[  283s]   breaking dependency perl-ExtUtils-MakeMaker -> perl-ExtUtils-Install
[  284s] done
[  284s] querying package ids...
[  332s] [1/535] installing cmake-filesystem-3.22.0-1.oe1
[  334s] [2/535] installing fonts-filesystem-2.0.2-2.oe1
[  335s] [3/535] installing fuse-common-3.9.2-5.oe1
[  336s] [4/535] installing javapackages-filesystem-5.3.0-3.oe1
[  337s] [5/535] installing kernel-headers-5.10-3.oe1
[  344s] [6/535] installing libreport-filesystem-2.13.1-5.oe1
[  345s] [7/535] installing ncurses-base-6.1-14.oe1
[  347s] [8/535] installing openEuler-gpg-keys-1.0-2.5.oe1
[  348s] [9/535] installing python-setuptools-59.4.0-3.oe1
[  349s] [10/535] installing qt5-srpm-macros-5.15.2-1.oe1
[  350s] [11/535] installing tzdata-2021a-2.oe1
[  358s] [12/535] installing tzdata-java-2021a-2.oe1
[  360s] [13/535] installing dnf-data-4.10.0-1.oe1
[  362s] [14/535] installing openEuler-repos-1.0-2.5.oe1
[  363s] [15/535] installing wqy-zenhei-fonts-0.9.46-21.oe1
[  374s] [16/535] installing openEuler-release-20.03LTS-40.oe1
[  375s] [17/535] installing filesystem-3.9-3.oe1
[  387s] warning: group mail does not exist - using root
[  387s] [18/535] installing emacs-filesystem-1:27.1-5.oe1
[  388s] [19/535] installing libgcc-10.3.1-20220105.6.oe1
[  390s] [20/535] installing setup-2.13.3-4.oe1
[  391s] [21/535] installing glibc-2.34-64.oe1
[  399s] [22/535] installing brotli-1.0.9-2.oe1
[  401s] [23/535] installing chrpath-0.16-12.oe1
[  402s] [24/535] installing cpio-2.13-4.oe1
[  404s] [25/535] installing diffutils-3.7-4.oe1
[  406s] [26/535] installing expat-2.2.10-1.oe1
[  407s] [27/535] installing giflib-5.2.1-2.oe1
[  409s] [28/535] installing json-c-0.15-1.oe1
[  410s] [29/535] installing keyutils-libs-1.6.3-3.oe1
[  411s] [30/535] installing libICE-1.0.10-2.oe1
[  412s] [31/535] installing libXau-1.0.9-2.oe1
[  413s] [32/535] installing libaio-0.3.112-1.oe1
[  414s] [33/535] installing libargon2-20190702-1.oe1
[  416s] [34/535] installing libatomic-10.3.1-20220105.6.oe1
[  417s] [35/535] installing libcap-ng-0.7.11-1.oe1
[  421s] [36/535] installing libev-4.24-11.oe1
[  422s] [37/535] installing libffi-3.3-31.oe1
[  424s] [38/535] installing libgomp-10.3.1-20220105.6.oe1
[  425s] [39/535] installing libgpg-error-1.41-1.oe1
[  428s] [40/535] installing libjpeg-turbo-2.0.6-1.oe1
[  429s] [41/535] installing libnghttp2-1.42.0-1.oe1
[  430s] [42/535] installing libpcap-14:1.9.1-7.oe1
[  431s] [43/535] installing libpipeline-1.5.3-1.oe1
[  433s] [44/535] installing libsigsegv-2.11-10.oe1
[  434s] [45/535] installing libsmartcols-2.36.1-3.oe1
[  436s] [46/535] installing libtasn1-4.16.0-2.oe1
[  437s] [47/535] installing libtool-ltdl-2.4.6-34.oe1
[  438s] [48/535] installing libunistring-0.9.10-8.oe1
[  440s] [49/535] installing libuuid-2.36.1-3.oe1
[  442s] [50/535] installing libuv-1:1.40.0-1.oe1
[  443s] [51/535] installing libxcrypt-4.4.8-4.oe1
[  444s] [52/535] installing libyaml-0.2.5-1.oe1
[  446s] [53/535] installing lz4-1.9.3-1.oe1
[  447s] [54/535] installing m4-1.4.18-14.oe1
[  449s] [55/535] installing nspr-4.32.0-1.oe1
[  450s] [56/535] installing pkgconf-1.7.3-1.oe1
[  451s] [57/535] installing rhash-1.3.5-5.oe1
[  453s] [58/535] installing which-2.21-14.oe1
[  454s] [59/535] installing xz-libs-5.2.5-1.oe1
[  455s] [60/535] installing zlib-1.2.11-18.oe1
[  456s] [61/535] installing attr-2.4.48-12.oe1
[  458s] [62/535] installing basesystem-12-2.oe1
[  459s] [63/535] installing libstdc++-10.3.1-20220105.6.oe1
[  462s] [64/535] installing ncurses-libs-6.1-14.oe1
[  464s] [65/535] installing libsepol-3.1-4.oe1
[  465s] [66/535] installing libstdc++-devel-10.3.1-20220105.6.oe1
[  475s] [67/535] installing audit-libs-1:3.0-2.oe1
[  476s] [68/535] installing elfutils-libelf-0.185-3.oe1
[  478s] [69/535] installing file-libs-5.39-6.oe1
[  481s] [70/535] installing gmp-1:6.2.1-3.oe1
[  483s] [71/535] installing iptables-libs-1.8.1-4.oe1
[  484s] [72/535] installing less-563-2.oe1
[  487s] [73/535] installing libacl-2.2.53-7.oe1
[  488s] [74/535] installing libassuan-2.5.4-1.oe1
[  490s] [75/535] installing libedit-3.1-27.oe1
[  491s] [76/535] installing libffi-devel-3.3-31.oe1
[  492s] [77/535] installing libfontenc-1.1.4-2.oe1
[  493s] [78/535] installing libgcrypt-1.8.7-1.oe1
[  495s] [79/535] installing libpng-2:1.6.37-1.oe1
[  496s] [80/535] installing libxcb-1.14-1.oe1
[  498s] [81/535] installing readline-8.0-2.oe1
[  500s] [82/535] installing fuse-2.9.9-6.oe1
[  505s] [83/535] installing gc-8.0.4-2.oe1
[  506s] [84/535] installing libSM-1.2.3-2.oe1
[  509s] [85/535] installing libdb-5.3.28-35.oe1
[  515s] [86/535] installing libselinux-3.1-3.oe1
[  519s] [87/535] installing libxml2-2.9.12-5.oe1
[  523s] [88/535] installing bash-5.1-1.oe1
[  527s] [89/535] installing perl-libs-4:5.28.0-435.oe1
[  534s] [90/535] installing zstd-1.4.8-2.oe1
[  537s] [91/535] installing ncurses-6.1-14.oe1
[  550s] [92/535] installing thin-provisioning-tools-0.8.5-1.oe1
[  552s] [93/535] installing perl-parent-1:0.237-4.oe1
[  553s] [94/535] installing perl-perlfaq-5.20180915-5.oe1
[  555s] [95/535] installing libX11-1.6.9-2.oe1
[  559s] [96/535] installing mpfr-4.1.0-1.oe1
[  565s] [97/535] installing nettle-3.6-6.oe1
[  567s] [98/535] installing pcre2-10.36-1.oe1
[  570s] [99/535] installing perl-Exporter-5.74-1.oe1
[  571s] [100/535] installing file-5.39-6.oe1
[  573s] [101/535] installing gdbm-1:1.18.1-1.oe1
[  575s] [102/535] installing patch-2.7.6-12.oe1
[  577s] [103/535] installing qrencode-4.1.1-1
[  578s] [104/535] installing sed-4.8-2.oe1
[  580s] [105/535] installing acl-2.2.53-7.oe1
[  582s] [106/535] installing libcomps-0.1.15-1.oe1
[  584s] [107/535] installing pcre-8.44-1.oe1
[  586s] [108/535] installing glibc-common-2.34-64.oe1
[  601s] [109/535] installing crontabs-1.11-21.oe1
[  603s] [110/535] installing libXcomposite-0.4.5-1.oe1
[  605s] [111/535] installing libXext-1.3.4-2.oe1
[  606s] [112/535] installing libXpm-3.5.12-11.oe1
[  608s] [113/535] installing libXrender-0.9.10-10.oe1
[  610s] [114/535] installing perl-Carp-1.50-418.oe1
[  611s] [115/535] installing perl-Perl-OSType-1.010-421.oe1
[  613s] [116/535] installing perl-Term-ANSIColor-4.06-511.oe1
[  614s] [117/535] installing libmpc-1.2.0-2.oe1
[  616s] [118/535] installing grep-3.6-1.oe1
[  619s] [119/535] installing libXt-1.2.0-0.oe1
[  621s] [120/535] installing gawk-5.0.1-2.oe1
[  624s] [121/535] installing libXi-1.7.10-1.oe1
[  626s] [122/535] installing perl-Text-ParseWords-3.30-419.oe1
[  627s] [123/535] installing crypto-policies-20180925-3.git71ca85f.oe1
[  636s] [124/535] installing libXmu-1.1.3-1.oe1
[  638s] [125/535] installing cpp-10.3.1-20220105.6.oe1
[  649s] [126/535] installing libXtst-1.2.3-10.oe1
[  651s] [127/535] installing openssl-libs-1:1.1.1f-2.oe1
[  655s] [128/535] installing libXaw-1.0.13-13.oe1
[  659s] [129/535] installing ima-evm-utils-libs-1.2.1-8.oe1
[  661s] [130/535] installing libevent-2.1.12-4
[  665s] [131/535] installing kmod-libs-27-4.oe1
[  668s] [132/535] installing kmod-27-4.oe1
[  670s] [133/535] installing nodejs-libs-1:16.10.0-1.oe1
[  719s] [134/535] installing coreutils-8.31-4.oe1
[  728s] [135/535] installing alsa-lib-1.2.4-1.oe1
[  731s] [136/535] installing elfutils-default-yama-scope-0.185-3.oe1
[  733s] /usr/lib/systemd/systemd-sysctl: error while loading shared libraries: libseccomp.so.2: cannot open shared object file: No such file or directory
[  733s] [137/535] installing publicsuffix-list-20200718-1.oe1
[  735s] [138/535] installing uname-build-checks-1.0-0.4.oe1
[  736s] [139/535] installing bzip2-1.0.8-3.oe1
[  738s] [140/535] installing gzip-1.10-1.oe1
[  740s] [141/535] installing hostname-3.21-2.oe1
[  741s] [142/535] installing libcap-2.32-2.oe1
[  744s] [143/535] installing libseccomp-2.4.3-2.oe1
[  747s] [144/535] installing lksctp-tools-1.0.16-11.oe1
[  749s] [145/535] installing npth-1.5-7.oe1
[  751s] [146/535] installing popt-1.18-1.oe1
[  754s] [147/535] installing fipscheck-1.5.0-7.oe1
[  757s] [148/535] installing libblkid-2.36.1-3.oe1
[  760s] [149/535] installing libidn2-2.3.0-1.oe1
[  762s] [150/535] installing libksba-1.3.5-12.oe1
[  765s] [151/535] installing tar-2:1.32-3.oe1
[  768s] [152/535] installing tcl-1:8.6.10-3.oe1
[  774s] [153/535] installing apr-1.7.0-4.oe1
[  776s] [154/535] installing info-6.7-2.oe1
[  778s] [155/535] installing jsoncpp-1.9.4-1.oe1
[  780s] [156/535] installing libgpg-error-devel-1.41-1.oe1
[  782s] [157/535] installing lua-5.3.5-6.oe1
[  784s] [158/535] installing slang-2.3.2-8.oe1
[  788s] [159/535] installing xz-5.2.5-1.oe1
[  790s] [160/535] installing libxslt-1.1.32-7.oe1
[  793s] [161/535] installing perl-Scalar-List-Utils-3:1.52-2.oe1
[  797s] [162/535] installing perl-Time-HiRes-1.9760-2.oe1
[  799s] [163/535] installing perl-Unicode-Normalize-1.26-419.oe1
[  802s] [164/535] installing systemd-libs-243-22.oe1
[  804s] [165/535] installing guile-5:2.0.14-15.oe1
[  815s] [166/535] installing dbus-libs-1:1.12.20-3.oe1
[  820s] [167/535] installing zip-3.0-29.oe1
[  822s] [168/535] installing libfdisk-2.36.1-3.oe1
[  826s] [169/535] installing libtcnative-1-0-1.2.23-3.oe1
[  829s] [170/535] installing newt-0.52.21-4.oe1
[  833s] [171/535] installing p11-kit-0.23.22-1.oe1
[  836s] [172/535] installing procps-ng-3.3.16-15.oe1
[  840s] [173/535] installing elfutils-libs-0.185-3.oe1
[  842s] [174/535] installing libmount-2.36.1-3.oe1
[  846s] [175/535] installing lua-posix-33.3.1-12.oe1
[  849s] [176/535] installing unzip-6.0-47.oe1
[  851s] [177/535] installing cracklib-2.9.7-6.oe1
[  859s] [178/535] installing e2fsprogs-1.45.6-3.oe1
[  863s] [179/535] installing findutils-2:4.7.0-7.oe1
[  866s] [180/535] installing libsemanage-3.1-4.oe1
[  868s] [181/535] installing make-1:4.2.1-15.oe1
[  871s] [182/535] installing sqlite-3.24.0-9.oe1
[  874s] [183/535] installing logrotate-3.15.1-2.oe1
[  876s] [184/535] installing freetype-2.10.2-3.oe1
[  879s] [185/535] installing glibc-devel-2.34-64.oe1
[  893s] [186/535] installing libgcrypt-devel-1.8.7-1.oe1
[  895s] [187/535] installing gnupg2-2.2.27-2.oe1
[  901s] [188/535] installing libarchive-3.5.1-1.oe1
[  905s] [189/535] installing dbus-tools-1:1.12.20-3.oe1
[  906s] [190/535] installing libxcrypt-devel-4.4.8-4.oe1
[  909s] [191/535] installing copy-jdk-configs-4.0-1.oe1
[  911s] [192/535] installing gpgme-1.15.1-1.oe1
[  915s] [193/535] installing obs-env-1.0-5.oe1
[  924s] [194/535] installing chkconfig-1.14-2.oe1
[  928s] [195/535] installing elfutils-0.185-3.oe1
[  931s] [196/535] installing xorg-x11-font-utils-1:7.5-43.oe1
[  936s] [197/535] installing fontconfig-2.13.92-1.oe1
[  944s] [198/535] installing glib2-2.66.8-1.oe1
[  952s] [199/535] installing rpm-libs-4.15.1-25.oe1
[  954s] [200/535] installing libcroco-0.6.12-13.oe1
[  957s] [201/535] installing gamin-0.1.10-38.oe1
[  960s] [202/535] installing libsecret-0.18.6-5.oe1
[  963s] [203/535] installing libverto-0.3.1-2.oe1
[  965s] [204/535] installing xorg-x11-fonts-others-7.5-24
[  985s] [205/535] installing libmodulemd-2.13.0-1.oe1
[  987s] [206/535] installing binutils-2.37-6.oe1
[  999s] [207/535] installing p11-kit-trust-0.23.22-1.oe1
[ 1000s] [208/535] installing babeltrace-1.5.8-1.oe1
[ 1004s] [209/535] installing ca-certificates-2020.2.46-2.oe1
[ 1015s] [210/535] installing gettext-0.20.1-2.oe1
[ 1020s] [211/535] installing krb5-libs-1.18.2-3.oe1
[ 1024s] [212/535] installing gcc-10.3.1-20220105.6.oe1
[ 1050s] [213/535] installing python-pip-wheel-19.2.3-2.fc32
[ 1051s] [214/535] installing libtirpc-1.3.1-1.oe1
[ 1054s] [215/535] installing cyrus-sasl-lib-2.1.27-10.oe1
[ 1057s] [216/535] installing libssh-0.9.5-1.oe1
[ 1060s] [217/535] installing gcc-c++-10.3.1-20220105.6.oe1
[ 1073s] [218/535] installing openldap-2.4.46-15.oe1
[ 1075s] [219/535] installing libnsl2-1.3.0-2.oe1
[ 1078s] [220/535] installing python3-3.8.5-13.oe1
[ 1107s] [221/535] installing python3-pyparsing-2.4.5-1.fc32
[ 1109s] [222/535] installing python3-setuptools-59.4.0-3.oe1
[ 1117s] [223/535] installing python3-setuptools_scm-3.3.3-6.fc32
[ 1119s] [224/535] installing python3-six-1.15.0-3.oe1
[ 1123s] [225/535] installing python3-gpgme-1.15.1-1.oe1
[ 1126s] [226/535] installing python3-lxml-4.4.1-3.fc32
[ 1130s] [227/535] installing python3-libcomps-0.1.15-1.oe1
[ 1131s] [228/535] installing libpsl-0.21.1-1.oe1
[ 1134s] [229/535] installing gdb-headless-9.2-5.oe1
[ 1141s] [230/535] installing systemtap-sdt-devel-4.1-3.oe1
[ 1143s] [231/535] installing gdb-9.2-5.oe1
[ 1145s] [232/535] installing python3-javapackages-5.3.0-3.oe1
[ 1147s] [233/535] installing python3-pip-19.2.3-2.fc32
[ 1156s] [234/535] installing libcurl-7.79.1-1.oe1
[ 1159s] [235/535] installing curl-7.79.1-1.oe1
[ 1161s] [236/535] installing librepo-1.14.2-2.oe1
[ 1163s] [237/535] installing rpm-4.15.1-25.oe1
[ 1167s] [238/535] installing efi-srpm-macros-4-3.oe1
[ 1169s] [239/535] installing cmake-rpm-macros-3.22.0-1.oe1
[ 1171s] [240/535] installing libsolv-0.7.20-1.oe1
[ 1175s] [241/535] installing python3-rpm-4.15.1-25.oe1
[ 1177s] [242/535] installing openEuler-rpm-config-30-22.oe1
[ 1179s] [243/535] installing cmake-3.22.0-1.oe1
[ 1194s] [244/535] installing libdnf-0.65.0-2.oe1
[ 1198s] [245/535] installing cmake-data-3.22.0-1.oe1
[ 1216s] [246/535] installing python3-libdnf-0.65.0-2.oe1
[ 1219s] [247/535] installing perl-4:5.28.0-435.oe1
[ 1236s] [248/535] installing perl-B-Debug-1.26-4.oe1
[ 1240s] [249/535] installing perl-Env-1.04-397.oe1
[ 1241s] [250/535] installing perl-Devel-PPPort-3.42-4.oe1
[ 1243s] [251/535] installing perl-Pod-Escapes-1:1.07-419.oe1
[ 1245s] [252/535] installing perl-Text-Tabs+Wrap-2013.0523-419.oe1
[ 1246s] [253/535] installing perl-Algorithm-Diff-1.1903-14.oe1
[ 1248s] [254/535] installing perl-Params-Check-1:0.38-418.oe1
[ 1249s] [255/535] installing perl-Term-Cap-1.17-510.oe1
[ 1262s] [256/535] installing perl-TermReadKey-2.38-2.oe1
[ 1264s] [257/535] installing perl-Text-Balanced-2.03-420.oe1
[ 1265s] [258/535] installing perl-threads-1:2.22-419.oe1
[ 1270s] [259/535] installing openssl-1:1.1.1f-2.oe1
[ 1272s] [260/535] installing perl-Config-Perl-V-0.30-5.oe1
[ 1274s] [261/535] installing perl-Error-1:0.17029-1.oe1
[ 1279s] [262/535] installing perl-Filter-2:1.59-2.oe1
[ 1281s] [263/535] installing perl-IPC-SysV-2.07-5.oe1
[ 1284s] [264/535] installing perl-Locale-Maketext-1:1.28-1.oe1
[ 1285s] [265/535] installing perl-constant-1.33-421.oe1
[ 1287s] [266/535] installing perl-MIME-Base64-3.15-418.oe1
[ 1290s] [267/535] installing perl-CPAN-Meta-YAML-0.018-420.oe1
[ 1292s] [268/535] installing perl-Socket-4:2.029-2.oe1
[ 1298s] [269/535] installing perl-Storable-1:3.15-2.oe1
[ 1301s] [270/535] installing python3-hawkey-0.65.0-2.oe1
[ 1304s] [271/535] installing perl-PerlIO-via-QuotedPrint-0.08-397.oe1
[ 1306s] [272/535] installing perl-Digest-1.17-419.oe1
[ 1308s] [273/535] installing perl-Filter-Simple-1:0.94-1.oe1
[ 1309s] [274/535] installing perl-IO-Socket-IP-0.39-420.oe1
[ 1311s] [275/535] installing perl-Text-Diff-1.45-7.oe1
[ 1312s] [276/535] installing perl-Time-Local-2:1.280-6.oe1
[ 1314s] [277/535] installing perl-version-8:0.99.24-3.oe1
[ 1319s] [278/535] installing perl-IPC-System-Simple-1.25-19.oe1
[ 1320s] [279/535] installing perl-threads-shared-1.59-2.oe1
[ 1322s] [280/535] installing perl-Compress-Raw-Bzip2-2.100-1.oe1
[ 1325s] [281/535] installing perl-Compress-Raw-Zlib-1:2.100-1.oe1
[ 1328s] [282/535] installing perl-Locale-Codes-3.58-2.oe1
[ 1331s] [283/535] installing perl-Math-BigInt-1:1.9998.13-5.oe1
[ 1333s] [284/535] installing perl-PathTools-3.75-4.oe1
[ 1334s] [285/535] installing python3-dnf-4.10.0-1.oe1
[ 1339s] [286/535] installing perl-Data-Dumper-2.172-3.oe1
[ 1343s] [287/535] installing perl-Sys-Syslog-0.35-420.oe1
[ 1346s] [288/535] installing perl-Encode-4:2.98-9.oe1
[ 1356s] [289/535] installing autogen-5.18.16-1.oe1
[ 1359s] [290/535] installing nodejs-1:16.10.0-1.oe1
[ 1363s] [291/535] installing systemd-243-22.oe1
[ 1382s] /var/tmp/rpm-tmp.la1MF5: line 8: groupadd: command not found
[ 1382s] /var/tmp/rpm-tmp.la1MF5: line 10: groupadd: command not found
[ 1382s] /var/tmp/rpm-tmp.la1MF5: line 13: groupadd: command not found
[ 1382s] /var/tmp/rpm-tmp.la1MF5: line 16: groupadd: command not found
[ 1382s] [292/535] installing dbus-common-1:1.12.20-3.oe1
[ 1384s] [293/535] installing nodejs-source-map-0.5.6-1.oe1
[ 1386s] [294/535] installing perl-Module-Load-1:0.32-418.oe1
[ 1388s] [295/535] installing nodejs-packaging-20-1.oe1
[ 1394s] [296/535] installing dnf-4.10.0-1.oe1
[ 1397s] Failed to preset unit, unit dnf-automatic.timer does not exist.
[ 1397s] Failed to preset unit, unit dnf-automatic-notifyonly.timer does not exist.
[ 1397s] Failed to preset unit, unit dnf-automatic-download.timer does not exist.
[ 1397s] Failed to preset unit, unit dnf-automatic-install.timer does not exist.
[ 1397s] [297/535] installing perl-File-Which-1.23-1.oe1
[ 1399s] [298/535] installing perl-Thread-Queue-3.13-3.oe1
[ 1400s] [299/535] installing perl-experimental-0.020-2.oe1
[ 1402s] [300/535] installing perl-Digest-MD5-2.55-419.oe1
[ 1404s] [301/535] installing perl-File-Path-2.16-4.oe1
[ 1407s] [302/535] installing perl-Math-BigInt-FastCalc-0.500.700-4.oe1
[ 1409s] [303/535] installing perl-Module-Metadata-1.000036-3.oe1
[ 1410s] [304/535] installing perl-CPAN-Meta-Requirements-2.140-419.oe1
[ 1412s] [305/535] installing perl-Encode-devel-4:2.98-9.oe1
[ 1426s] [306/535] installing perl-HTTP-Tiny-0.076-3.oe1
[ 1429s] [307/535] installing perl-Math-BigRat-0.2614-2.oe1
[ 1432s] [308/535] installing audit-1:3.0-2.oe1
[ 1435s] [309/535] installing perl-DB_File-1.842-2.oe1
[ 1437s] [310/535] installing perl-autodie-2.29-398.oe1
[ 1439s] [311/535] installing perl-Unicode-Collate-1.25-4.oe1
[ 1442s] [312/535] installing perl-IO-Compress-2.081-6.oe1
[ 1444s] [313/535] installing perl-podlators-1:4.14-1.oe1
[ 1446s] [314/535] installing perl-ExtUtils-Command-1:7.60-1.oe1
[ 1447s] [315/535] installing perl-ExtUtils-Manifest-1:1.71-4.oe1
[ 1448s] [316/535] installing perl-bignum-0.50-4.oe1
[ 1460s] [317/535] installing perl-File-Temp-1:0.230.800-4.oe1
[ 1462s] [318/535] installing perl-libnet-3.11-420.oe1
[ 1464s] [319/535] installing pam-1.5.1-1.oe1
[ 1469s] [320/535] installing libpwquality-1.4.4-1.oe1
[ 1472s] [321/535] installing perl-File-HomeDir-1.004-4.oe1
[ 1485s] [322/535] installing shadow-2:4.8.1-5.oe1
[ 1489s] [323/535] installing perl-Test-Simple-2:1.302175-2.oe1
[ 1499s] [324/535] installing libutempter-1.1.6-16.oe1
[ 1502s] [325/535] installing unbound-libs-1.10.1-4.oe1
[ 1509s] [326/535] installing dbus-daemon-1:1.12.20-3.oe1
[ 1514s] [327/535] installing openssh-server-8.2p1-10.oe1
[ 1518s] Created symlink /etc/systemd/system/multi-user.target.wants/sshd.service -> /usr/lib/systemd/system/sshd.service.
[ 1518s] [328/535] installing groff-1.22.4-4.oe1
[ 1526s] [329/535] installing dbus-1:1.12.20-3.oe1
[ 1529s] [330/535] installing man-db-2.9.3-2.oe1
[ 1539s] [331/535] installing perl-Pod-Perldoc-1:3.28-3.oe1
[ 1540s] [332/535] installing gnutls-3.6.15-3.oe1
[ 1544s] [333/535] installing util-linux-2.36.1-3.oe1
[ 1554s] [334/535] installing nss-help-3.72.0-2.oe1
[ 1557s] [335/535] installing perl-Pod-Usage-4:1.69-418.oe1
[ 1559s] [336/535] installing device-mapper-8:1.02.172-1.oe1
[ 1563s] [337/535] installing openssh-8.2p1-10.oe1
[ 1566s] [338/535] installing perl-Getopt-Long-1:2.52-1.oe1
[ 1570s] [339/535] installing cryptsetup-2.3.3-3.oe1
[ 1575s] [340/535] installing device-mapper-event-8:1.02.172-1.oe1
[ 1578s] Created symlink /etc/systemd/system/sockets.target.wants/dm-event.socket -> /usr/lib/systemd/system/dm-event.socket.
[ 1578s] [341/535] installing nss-3.72.0-2.oe1
[ 1588s] [342/535] installing openssh-clients-8.2p1-10.oe1
[ 1591s] [343/535] installing nss-util-3.72.0-2.oe1
[ 1594s] [344/535] installing perl-ExtUtils-ParseXS-2:3.35-1.oe1
[ 1602s] [345/535] installing perl-Module-CoreList-1:5.20180920-2.oe1
[ 1604s] [346/535] installing perl-Digest-SHA-1:6.02-7.oe1
[ 1606s] [347/535] installing perl-Pod-Parser-1.63-397.oe1
[ 1608s] [348/535] installing perl-Pod-Simple-1:3.35-418.oe1
[ 1610s] [349/535] installing perl-Test-Harness-1:3.43_02-1.oe1
[ 1612s] [350/535] installing perl-Archive-Tar-2.30-421.oe1
[ 1613s] [351/535] installing perl-JSON-PP-1:4.04-2.oe1
[ 1615s] [352/535] installing lvm2-8:2.03.11-1.oe1
[ 1622s] Created symlink /etc/systemd/system/sysinit.target.wants/lvm2-lvmpolld.socket -> /usr/lib/systemd/system/lvm2-lvmpolld.socket.
[ 1622s] [353/535] installing autoconf-2.69-30.oe1
[ 1625s] [354/535] installing git-2.23.0-12.oe1
[ 1642s] [355/535] installing nss-softokn-3.72.0-2.oe1
[ 1645s] [356/535] installing perl-Pod-Checker-4:1.73-398.oe1
[ 1647s] [357/535] installing perl-Git-2.23.0-12.oe1
[ 1648s] [358/535] installing perl-CPAN-Meta-2.150010-419.oe1
[ 1650s] [359/535] installing perl-Module-Load-Conditional-0.68-418.oe1
[ 1659s] [360/535] installing automake-1.16.1-6.oe1
[ 1662s] [361/535] installing perl-ExtUtils-MakeMaker-1:7.60-1.oe1
[ 1668s] [362/535] installing perl-ExtUtils-Install-2.14-419.oe1
[ 1670s] [363/535] installing perl-IPC-Cmd-2:1.04-4.oe1
[ 1672s] [364/535] installing java-1.8.0-openjdk-headless-1:1.8.0.181.b15-1.1.riscv64.fc29
[ 1726s] [365/535] installing rpm-build-4.15.1-25.oe1
[ 1728s] [366/535] installing ant-lib-1.10.5-2.fc29
[ 1731s] [367/535] installing aopalliance-1.0-19.oe1
[ 1739s] [368/535] installing apache-commons-cli-1.4-6.oe1
[ 1744s] [369/535] installing apache-commons-collections-3.2.2-11.oe1
[ 1746s] [370/535] installing apache-commons-compress-1.17-6.oe1
[ 1747s] [371/535] installing apache-commons-lang-2.6-23.oe1
[ 1753s] [372/535] installing apache-commons-lang3-3.9-3.oe1
[ 1758s] [373/535] installing apache-ivy-2.4.0-17.oe1
[ 1773s] [374/535] installing apache-resource-bundles-2-23.oe1
[ 1775s] [375/535] installing atinject-1-31.oe1
[ 1776s] [376/535] installing avalon-logkit-2.1-32.oe1
[ 1778s] [377/535] installing beust-jcommander-1.71-7.oe1
[ 1779s] [378/535] installing dain-snappy-0.4-7.oe1
[ 1781s] [379/535] installing extra166y-1.7.0-11.oe1
[ 1784s] [380/535] installing geronimo-annotation-1.0-25.oe1
[ 1786s] [381/535] installing glassfish-el-api-3.0.1-0.7.b09.oe1
[ 1787s] [382/535] installing guava20-20.0-8.fc29
[ 1791s] [383/535] installing hawtjni-runtime-1.16-4.oe1
[ 1802s] [384/535] installing httpcomponents-core-4.4.10-4.oe1
[ 1820s] [385/535] installing jboss-interceptors-1.2-api-1.0.0-9.oe1
[ 1822s] [386/535] installing jdom2-2.0.6-14.oe1
[ 1829s] [387/535] installing jzlib-1.1.3-11.oe1
[ 1832s] [388/535] installing maven-monitor-2.2.1-60.oe1
[ 1851s] [389/535] installing maven-resolver-api-1:1.1.1-3.oe1
[ 1872s] [390/535] installing multiverse-0.7.0-10.oe1
[ 1908s] [391/535] installing objenesis-2.6-4.oe1
[ 1940s] [392/535] installing osgi-core-7.0.0-1.oe1
[ 1950s] [393/535] installing plexus-cipher-1.7-16.oe1
[ 1962s] [394/535] installing plexus-classworlds-2.5.2-10.oe1
[ 1975s] [395/535] installing plexus-containers-component-annotations-1.7.1-7.oe1
[ 1986s] [396/535] installing plexus-interpolation-1.22-11.oe1
[ 2001s] [397/535] installing plexus-utils-3.1.0-4.oe1
[ 2013s] [398/535] installing qdox-2.0-5.M9.oe1
[ 2019s] [399/535] installing slf4j-1.7.25-8.oe1
[ 2028s] [400/535] installing sonatype-oss-parent-7-17.oe1
[ 2043s] [401/535] installing xml-commons-apis-1.4.01-29.oe1
[ 2097s] [402/535] installing xmvn-api-3.0.0-25.oe1
[ 2112s] [403/535] installing xmvn-core-3.0.0-25.oe1
[ 2122s] [404/535] installing xpp3-1.1.4-21.oe1
[ 2135s] [405/535] installing xz-java-1.8-4.oe1
[ 2138s] [406/535] installing ecj-1:4.9-1.fc29
[ 2143s] [407/535] installing netty-tcnative-1.1.33-1.oe1
[ 2144s] [408/535] installing antlr-tool-2.7.7-60.oe1
[ 2146s] [409/535] installing javapackages-tools-5.3.0-3.oe1
[ 2148s] [410/535] installing gcc_secure-1.0-0.9.oe1
[ 2150s] [411/535] installing perl-File-Fetch-0.56-4.oe1
[ 2152s] [412/535] installing perl-devel-4:5.28.0-435.oe1
[ 2163s] [413/535] installing java-1.8.0-openjdk-1:1.8.0.181.b15-1.1.riscv64.fc29
[ 2166s] [414/535] installing apache-commons-codec-1.11-4.fc29
[ 2167s] [415/535] installing apache-commons-exec-1.3-9.fc29
[ 2168s] [416/535] installing apache-commons-logging-1.2-14.fc29
[ 2170s] [417/535] installing avalon-framework-4.3-22.oe1
[ 2171s] [418/535] installing jansi-native-1.7-7.oe1
[ 2173s] [419/535] installing jcsp-1.1-0.13.oe1
[ 2185s] [420/535] installing maven-artifact-2.2.1-60.oe1
[ 2187s] [421/535] installing maven-model-2.2.1-60.oe1
[ 2188s] [422/535] installing maven-resolver-spi-1:1.1.1-3.oe1
[ 2189s] [423/535] installing maven-resolver-util-1:1.1.1-3.oe1
[ 2190s] [424/535] installing maven-wagon-provider-api-3.1.0-2.oe1
[ 2191s] [425/535] installing plexus-build-api-0.0.7-23.oe1
[ 2192s] [426/535] installing plexus-component-api-1.0-0.25.alpha16.oe1
[ 2193s] [427/535] installing xstream-1.4.9-8.fc29
[ 2195s] [428/535] installing log4j12-1.2.17-23.fc29
[ 2197s] [429/535] installing maven-invoker-2.2-9.oe1
[ 2202s] [430/535] installing netty3-3.10.6-5.fc29
[ 2205s] [431/535] installing objectweb-asm-7.0-1.oe1
[ 2207s] [432/535] installing plexus-sec-dispatcher-1.4-26.oe1
[ 2209s] [433/535] installing velocity-1.7-26.oe1
[ 2211s] [434/535] installing xml-commons-resolver-1.2-27.oe1
[ 2212s] [435/535] installing xmvn-connector-aether-3.0.0-25.oe1
[ 2214s] [436/535] installing cdi-api-1.2-9.oe1
[ 2215s] [437/535] installing google-guice-4.1-13.oe1
[ 2217s] [438/535] installing xmvn-resolve-3.0.0-25.oe1
[ 2218s] [439/535] installing xmvn-subst-3.0.0-25.oe1
[ 2220s] [440/535] installing java-1.8.0-openjdk-devel-1:1.8.0.181.b15-1.1.riscv64.fc29
[ 2236s] [441/535] installing bsf-2.4.0-32.oe1
[ 2238s] [442/535] installing cglib-3.2.4-8.fc29
[ 2239s] [443/535] installing fontbox-2.0.9-2.fc29
[ 2241s] [444/535] installing apache-commons-configuration-1.10-13.oe1
[ 2243s] [445/535] installing jakarta-commons-httpclient-1:3.1-30.oe1
[ 2252s] [446/535] installing jansi-1.17.1-2.oe1
[ 2253s] [447/535] installing maven-dependency-tree-3.0-7.oe1
[ 2255s] [448/535] installing plexus-interactivity-api-1.0-0.27.alpha6.fc29
[ 2257s] [449/535] installing plexus-languages-0.9.10-4.oe1
[ 2258s] [450/535] installing maven-resolver-impl-1:1.1.1-3.oe1
[ 2260s] [451/535] installing xmvn-mojo-3.0.0-25.oe1
[ 2267s] [452/535] installing httpcomponents-client-4.5.5-6.oe1
[ 2269s] [453/535] installing sisu-inject-1:0.3.3-5.oe1
[ 2276s] [454/535] installing xerces-j2-2.11.0-37.oe1
[ 2280s] [455/535] installing xmvn-install-3.0.0-25.oe1
[ 2281s] [456/535] installing jline-2.14.6-4.oe1
[ 2285s] [457/535] installing easymock-3.5-4.fc29
[ 2287s] [458/535] installing xalan-j2-2.7.1-38.fc29
[ 2292s] [459/535] installing javapackages-local-5.3.0-3.oe1
[ 2296s] [460/535] installing groovy-lib-2.4.8-7.fc29
[ 2308s] [461/535] installing hamcrest-1.3-25.oe1
[ 2310s] [462/535] installing bsh-2.0-15.b6.oe1
[ 2312s] [463/535] installing gpars-1.2.1-12.fc29
[ 2315s] [464/535] installing scala-2.10.6-14.fc29
[ 2332s] [465/535] installing xbean-4.9-3.oe1
[ 2343s] [466/535] installing junit-1:4.12-14.oe1
[ 2345s] [467/535] installing parboiled-1.1.6-17.oe1
[ 2347s] [468/535] installing plexus-containers-container-default-1.7.1-7.oe1
[ 2348s] [469/535] installing apache-commons-io-1:2.6-7.oe1
[ 2349s] [470/535] installing maven-doxia-logging-api-1.7-12.oe1
[ 2350s] [471/535] installing pegdown-1.4.2-14.oe1
[ 2353s] [472/535] installing maven-plugin-registry-2.2.1-60.oe1
[ 2354s] [473/535] installing plexus-i18n-1.0-0.12.b10.6.oe1
[ 2360s] [474/535] installing plexus-resources-1.0-0.25.a7.oe1
[ 2362s] [475/535] installing plexus-cli-1.6-9.oe1
[ 2362s] [476/535] installing plexus-velocity-1.2-6.oe1
[ 2364s] [477/535] installing xmlunit-1.6-10.oe1
[ 2367s] [478/535] installing maven-profile-2.2.1-60.oe1
[ 2368s] [479/535] installing maven-settings-2.2.1-60.oe1
[ 2369s] [480/535] installing maven-doxia-sink-api-1.7-12.oe1
[ 2371s] [481/535] installing maven-shared-utils-3.2.1-2.oe1
[ 2372s] [482/535] installing plexus-io-3.0.0-4.oe1
[ 2373s] [483/535] installing xmlgraphics-commons-2.2-3.oe1
[ 2386s] [484/535] installing maven-reporting-api-3.0-17.oe1
[ 2389s] [485/535] installing maven-verifier-1.6-8.oe1
[ 2391s] [486/535] installing batik-1.10-2.fc29
[ 2399s] [487/535] installing plexus-archiver-3.6.0-3.oe1
[ 2405s] [488/535] installing maven-doxia-core-1.7-12.oe1
[ 2407s] [489/535] installing maven-lib-1:3.5.4-8.oe1
[ 2410s] [490/535] installing maven-artifact-resolver-1:1.0-21.oe1
[ 2411s] [491/535] installing batik-css-1.10-2.fc29
[ 2413s] [492/535] installing maven-common-artifact-filters-3.0.1-7.oe1
[ 2416s] [493/535] installing maven-enforcer-api-1.4.1-11.oe1
[ 2417s] [494/535] installing maven-plugin-testing-harness-3.3.0-14.oe1
[ 2419s] [495/535] installing maven-toolchain-2.2.1-60.oe1
[ 2421s] [496/535] installing maven-shared-incremental-1.1-16.oe1
[ 2426s] [497/535] installing maven-doxia-module-apt-1.7-12.oe1
[ 2428s] [498/535] installing maven-doxia-module-fml-1.7-12.oe1
[ 2432s] [499/535] installing maven-doxia-module-xdoc-1.7-12.oe1
[ 2433s] [500/535] installing maven-doxia-module-xhtml-1.7-12.oe1
[ 2434s] [501/535] installing maven-shared-io-1:3.0.0-7.oe1
[ 2436s] [502/535] installing maven-artifact-manager-2.2.1-60.oe1
[ 2438s] [503/535] installing maven-filtering-3.1.1-7.oe1
[ 2440s] [504/535] installing maven-archiver-3.2.0-5.oe1
[ 2442s] [505/535] installing fop-2.2-2.fc29
[ 2452s] [506/535] installing xmvn-minimal-3.0.0-25.oe1
[ 2455s] [507/535] installing maven-file-management-1:3.0.0-7.oe1
[ 2456s] [508/535] installing maven-jar-plugin-3.1.0-3.oe1
[ 2458s] [509/535] installing maven-resources-plugin-3.1.0-4.oe1
[ 2460s] [510/535] installing maven-doxia-module-markdown-1.7-12.oe1
[ 2461s] [511/535] installing maven-artifact-transfer-1:0.9.0-7.oe1
[ 2463s] [512/535] installing maven-doxia-module-fo-1.7-12.oe1
[ 2464s] [513/535] installing maven-project-2.2.1-60.oe1
[ 2466s] [514/535] installing maven-dependency-analyzer-1.8-4.oe1
[ 2468s] [515/535] installing exec-maven-plugin-1.6.0-5.oe1
[ 2469s] [516/535] installing maven-enforcer-rules-1.4.1-11.oe1
[ 2470s] [517/535] installing plexus-containers-component-metadata-1.7.1-7.oe1
[ 2472s] [518/535] installing maven-remote-resources-plugin-1.5-4.oe1
[ 2473s] [519/535] installing maven-doxia-sitetools-1.7.5-5.oe1
[ 2477s] [520/535] installing maven-enforcer-plugin-1.4.1-11.oe1
[ 2478s] [521/535] installing maven-reporting-impl-3.0.0-5.oe1
[ 2480s] [522/535] installing maven-javadoc-plugin-3.0.1-3.oe1
[ 2482s] [523/535] installing plexus-pom-5.0-4.oe1
[ 2483s] [524/535] installing apache-parent-19-5.oe1
[ 2485s] [525/535] installing maven-dependency-plugin-3.0.2-4.oe1
[ 2487s] [526/535] installing maven-parent-27-7.oe1
[ 2488s] [527/535] installing plexus-components-pom-1.3.1-14.oe1
[ 2490s] [528/535] installing plexus-compiler-2.8.2-4.oe1
[ 2493s] [529/535] installing maven-plugin-tools-3.5.1-7.oe1
[ 2498s] [530/535] installing maven-compiler-plugin-3.8.0-2.oe1
[ 2500s] [531/535] installing maven-surefire-2.22.0-6.oe1
[ 2502s] [532/535] installing maven-surefire-plugin-2.22.0-6.oe1
[ 2503s] [533/535] installing maven-surefire-provider-junit-2.22.0-6.oe1
[ 2504s] [534/535] installing maven-surefire-provider-testng-2.22.0-6.oe1
[ 2506s] [535/535] installing maven-local-5.3.0-3.oe1
[ 2507s] removing nis flags from /var/cache/obs/worker/root_1/etc/nsswitch.conf...
[ 2508s] now finalizing build dir...
[ 2521s] Running build time source services...
[ 2538s] -----------------------------------------------------------------
[ 2539s] ----- building jmock.spec (user abuild)
[ 2539s] -----------------------------------------------------------------
[ 2539s] -----------------------------------------------------------------
[ 2546s] + exec rpmbuild -ba --define '_srcdefattr (-,root,root)' --nosignature --define 'disturl obs://private/openEuler:Mainline:RISC-V/advanced_riscv64/ec2bedddf8ac44a9eec424378c52e946-jmock' /home/abuild/rpmbuild/SOURCES/jmock.spec
[ 2547s] Executing(%prep): /bin/sh -e /var/tmp/rpm-tmp.V452CY
[ 2547s] + umask 022
[ 2547s] + cd /home/abuild/rpmbuild/BUILD
[ 2547s] + cd /home/abuild/rpmbuild/BUILD
[ 2547s] + rm -rf jmock-library-2.8.2
[ 2547s] + /usr/bin/tar -xof -
[ 2547s] + /usr/bin/gzip -dc /home/abuild/rpmbuild/SOURCES/2.8.2.tar.gz
[ 2548s] + STATUS=0
[ 2548s] + '[' 0 -ne 0 ']'
[ 2548s] + cd jmock-library-2.8.2
[ 2548s] + /usr/bin/chmod -Rf a+rX,u+w,g-w,o-w .
[ 2548s] + /usr/bin/python3 /usr/share/java-utils/pom_editor.py pom_remove_plugin :nexus-staging-maven-plugin
[ 2550s] + /usr/bin/python3 /usr/share/java-utils/pom_editor.py pom_remove_plugin :maven-javadoc-plugin
[ 2552s] + /usr/bin/python3 /usr/share/java-utils/pom_editor.py pom_remove_plugin :maven-source-plugin
[ 2554s] + /usr/bin/python3 /usr/share/java-utils/pom_editor.py pom_remove_plugin :maven-gpg-plugin testjar
[ 2557s] + /usr/bin/python3 /usr/share/java-utils/pom_editor.py pom_change_dep cglib: :cglib
[ 2559s] + /usr/bin/python3 /usr/share/java-utils/pom_editor.py pom_change_dep cglib: :cglib jmock
[ 2561s] ++ build-classpath objectweb-asm/asm
[ 2561s] + sed -i 's|%classpath|/usr/share/java/objectweb-asm/asm.jar|' jmock/pom.xml
[ 2561s] + /usr/bin/python3 /usr/share/java-utils/pom_editor.py pom_xpath_remove pom:build jmock-example
[ 2564s] + /usr/bin/python3 /usr/share/java-utils/pom_editor.py pom_xpath_inject pom:project '
[ 2564s] 
[ 2564s] <build>
[ 2564s]   <sourceDirectory>src/main</sourceDirectory>
[ 2564s] </build>' jmock-example
[ 2566s] + /usr/bin/python3 /usr/share/java-utils/pom_editor.py pom_add_dep 'org.jmock:jmock-junit3:${project.version}' jmock-example
[ 2568s] + /usr/bin/python3 /usr/share/java-utils/pom_editor.py pom_add_dep 'org.jmock:jmock-junit4:${project.version}' jmock-example
[ 2570s] + /usr/bin/python3 /usr/share/java-utils/mvn_alias.py org.jmock:jmock :jmock-script
[ 2572s] + /usr/bin/python3 /usr/share/java-utils/mvn_package.py org.jmock:jmock::tests: jmock
[ 2574s] + /usr/bin/python3 /usr/share/java-utils/mvn_package.py org.jmock:jmock-junit3::tests: jmock-junit3
[ 2576s] + rm jmock-legacy/src/test/java/org/jmock/test/acceptance/MockeryFinalizationAcceptanceTests.java
[ 2576s] + RPM_EC=0
[ 2576s] ++ jobs -p
[ 2576s] + exit 0
[ 2576s] Executing(%build): /bin/sh -e /var/tmp/rpm-tmp.1X48KI
[ 2576s] + umask 022
[ 2576s] + cd /home/abuild/rpmbuild/BUILD
[ 2576s] + cd jmock-library-2.8.2
[ 2576s] + /usr/bin/python3 /usr/share/java-utils/mvn_build.py -s
[ 2578s] Executing: xmvn --batch-mode --offline verify org.fedoraproject.xmvn:xmvn-mojo:install org.apache.maven.plugins:maven-javadoc-plugin:aggregate org.fedoraproject.xmvn:xmvn-mojo:builddep
[ 2578s] ['xmvn', '--batch-mode', '--offline', 'verify', 'org.fedoraproject.xmvn:xmvn-mojo:install', 'org.apache.maven.plugins:maven-javadoc-plugin:aggregate', 'org.fedoraproject.xmvn:xmvn-mojo:builddep']
[ 2656s] [INFO] Scanning for projects...
[ 2675s] [INFO] ------------------------------------------------------------------------
[ 2676s] [INFO] Reactor Build Order:
[ 2676s] [INFO] 
[ 2676s] [INFO] jMock 2 Parent                                                     [pom]
[ 2676s] [INFO] jMock 2 Test Jar                                                   [jar]
[ 2676s] [INFO] jMock 2 Core                                                       [jar]
[ 2676s] [INFO] jmock-junit3                                                       [jar]
[ 2676s] [INFO] jmock-junit4                                                       [jar]
[ 2676s] [INFO] jmock-legacy                                                       [jar]
[ 2676s] [INFO] jMock Examples                                                     [jar]
[ 2703s] [INFO] 
[ 2703s] [INFO] -----------------------< org.jmock:jmock-parent >-----------------------
[ 2703s] [INFO] Building jMock 2 Parent 2.8.2                                      [1/7]
[ 2703s] [INFO] --------------------------------[ pom ]---------------------------------
[ 2703s] [INFO] 
[ 2703s] [INFO] ----------------------< org.jmock:jmock-testjar >-----------------------
[ 2703s] [INFO] Building jMock 2 Test Jar 2.8.2                                    [2/7]
[ 2703s] [INFO] --------------------------------[ jar ]---------------------------------
[ 2721s] [INFO] 
[ 2721s] [INFO] --- maven-resources-plugin:3.1.0:resources (default-resources) @ jmock-testjar ---
[ 2740s] [INFO] Using 'UTF-8' encoding to copy filtered resources.
[ 2740s] [INFO] skip non existing resourceDirectory /home/abuild/rpmbuild/BUILD/jmock-library-2.8.2/testjar/src/main/resources
[ 2740s] [INFO] 
[ 2741s] [INFO] --- maven-compiler-plugin:3.8.0:compile (default-compile) @ jmock-testjar ---
[ 2752s] [INFO] Changes detected - recompiling the module!
[ 2753s] [INFO] Compiling 3 source files to /home/abuild/rpmbuild/BUILD/jmock-library-2.8.2/testjar/target/classes
[ 2775s] [INFO] 
[ 2775s] [INFO] --- maven-resources-plugin:3.1.0:testResources (default-testResources) @ jmock-testjar ---
[ 2776s] [INFO] Using 'UTF-8' encoding to copy filtered resources.
[ 2776s] [INFO] skip non existing resourceDirectory /home/abuild/rpmbuild/BUILD/jmock-library-2.8.2/testjar/src/test/resources
[ 2776s] [INFO] 
[ 2776s] [INFO] --- maven-compiler-plugin:3.8.0:testCompile (default-testCompile) @ jmock-testjar ---
[ 2776s] [INFO] No sources to compile
[ 2776s] [INFO] 
[ 2776s] [INFO] --- maven-surefire-plugin:2.22.0:test (default-test) @ jmock-testjar ---
[ 2797s] [INFO] No tests to run.
[ 2798s] [INFO] 
[ 2798s] [INFO] --- maven-jar-plugin:3.1.0:jar (default-jar) @ jmock-testjar ---
[ 2817s] [INFO] Building jar: /home/abuild/rpmbuild/BUILD/jmock-library-2.8.2/testjar/target/signed.jar
[ 2819s] [INFO] 
[ 2820s] [INFO] --- maven-dependency-plugin:3.0.2:copy (copy) @ jmock-testjar ---
[ 2867s] [INFO] Configured Artifact: org.jmock:jmock-testjar:2.8.2:jar
[ 2868s] [INFO] Copying signed.jar to /home/abuild/rpmbuild/BUILD/jmock-library-2.8.2/testjar/target/unsigned.jar
[ 2868s] [INFO] 
[ 2868s] [INFO] --------------------------< org.jmock:jmock >---------------------------
[ 2868s] [INFO] Building jMock 2 Core 2.8.2                                        [3/7]
[ 2868s] [INFO] --------------------------------[ jar ]---------------------------------
[ 2873s] [INFO] 
[ 2873s] [INFO] --- maven-resources-plugin:3.1.0:resources (default-resources) @ jmock ---
[ 2873s] [INFO] Using 'UTF-8' encoding to copy filtered resources.
[ 2873s] [INFO] skip non existing resourceDirectory /home/abuild/rpmbuild/BUILD/jmock-library-2.8.2/jmock/src/main/resources
[ 2873s] [INFO] 
[ 2873s] [INFO] --- maven-compiler-plugin:3.8.0:compile (default-compile) @ jmock ---
[ 2875s] [INFO] Changes detected - recompiling the module!
[ 2875s] [INFO] Compiling 83 source files to /home/abuild/rpmbuild/BUILD/jmock-library-2.8.2/jmock/target/classes
[ 2959s] [INFO] /home/abuild/rpmbuild/BUILD/jmock-library-2.8.2/jmock/src/main/java/org/jmock/ExpectationsCreator.java: /home/abuild/rpmbuild/BUILD/jmock-library-2.8.2/jmock/src/main/java/org/jmock/ExpectationsCreator.java uses or overrides a deprecated API.
[ 2959s] [INFO] /home/abuild/rpmbuild/BUILD/jmock-library-2.8.2/jmock/src/main/java/org/jmock/ExpectationsCreator.java: Recompile with -Xlint:deprecation for details.
[ 2959s] [INFO] 
[ 2959s] [INFO] --- exec-maven-plugin:1.6.0:exec (default) @ jmock ---
[ 2975s] Apr 15, 2022 11:03:30 AM org.jmock.ExpectationsCreator main
[ 2975s] INFO: Expections Old School method injector running
[ 2975s] Apr 15, 2022 11:03:31 AM org.jmock.ExpectationsCreator main
[ 2975s] INFO: Running in /home/abuild/rpmbuild/BUILD/jmock-library-2.8.2/jmock
[ 2975s] [INFO] 
[ 2976s] [INFO] --- maven-resources-plugin:3.1.0:testResources (default-testResources) @ jmock ---
[ 2976s] [INFO] Using 'UTF-8' encoding to copy filtered resources.
[ 2976s] [INFO] skip non existing resourceDirectory /home/abuild/rpmbuild/BUILD/jmock-library-2.8.2/jmock/src/test/resources
[ 2976s] [INFO] 
[ 2976s] [INFO] --- maven-compiler-plugin:3.8.0:testCompile (default-testCompile) @ jmock ---
[ 2978s] [INFO] Changes detected - recompiling the module!
[ 2979s] [INFO] Compiling 76 source files to /home/abuild/rpmbuild/BUILD/jmock-library-2.8.2/jmock/target/test-classes
[ 3206s] [INFO] 
[ 3206s] [INFO] --- maven-surefire-plugin:2.22.0:test (default-test) @ jmock ---
[ 3218s] [INFO] 
[ 3218s] [INFO] -------------------------------------------------------
[ 3218s] [INFO]  T E S T S
[ 3218s] [INFO] -------------------------------------------------------
[ 3236s] [INFO] Running org.jmock.test.unit.lib.concurrent.DeterministicExecutorTests
[ 3238s] [INFO] Tests run: 3, Failures: 0, Errors: 0, Skipped: 0, Time elapsed: 0.959 s - in org.jmock.test.unit.lib.concurrent.DeterministicExecutorTests
[ 3238s] [INFO] Running org.jmock.test.unit.lib.concurrent.internal.DeltaQueueTests
[ 3240s] [INFO] Tests run: 13, Failures: 0, Errors: 0, Skipped: 0, Time elapsed: 0.312 s - in org.jmock.test.unit.lib.concurrent.internal.DeltaQueueTests
[ 3240s] [INFO] Running org.jmock.test.unit.lib.concurrent.BlitzerTests
[ 3242s] [INFO] Tests run: 3, Failures: 0, Errors: 0, Skipped: 0, Time elapsed: 0.111 s - in org.jmock.test.unit.lib.concurrent.BlitzerTests
[ 3242s] [INFO] Running org.jmock.test.unit.lib.concurrent.DeterministicSchedulerTests
[ 3244s] [INFO] Tests run: 19, Failures: 0, Errors: 0, Skipped: 0, Time elapsed: 0.672 s - in org.jmock.test.unit.lib.concurrent.DeterministicSchedulerTests
[ 3244s] [INFO] Running org.jmock.test.unit.lib.action.ActionSequenceTests
[ 3246s] [INFO] Tests run: 3, Failures: 0, Errors: 0, Skipped: 0, Time elapsed: 0.145 s - in org.jmock.test.unit.lib.action.ActionSequenceTests
[ 3246s] [INFO] Running org.jmock.test.unit.lib.action.ReturnIteratorActionTests
[ 3247s] [INFO] Tests run: 4, Failures: 0, Errors: 0, Skipped: 0, Time elapsed: 0.111 s - in org.jmock.test.unit.lib.action.ReturnIteratorActionTests
[ 3247s] [INFO] Running org.jmock.test.unit.lib.action.ReturnEnumerationActionTests
[ 3249s] [INFO] Tests run: 4, Failures: 0, Errors: 0, Skipped: 0, Time elapsed: 0.117 s - in org.jmock.test.unit.lib.action.ReturnEnumerationActionTests
[ 3249s] [INFO] Running org.jmock.test.unit.lib.action.VoidActionTests
[ 3250s] [INFO] Tests run: 2, Failures: 0, Errors: 0, Skipped: 0, Time elapsed: 0.07 s - in org.jmock.test.unit.lib.action.VoidActionTests
[ 3250s] [INFO] Running org.jmock.test.unit.lib.action.ReturnValueActionTests
[ 3252s] [INFO] Tests run: 3, Failures: 0, Errors: 0, Skipped: 0, Time elapsed: 0.111 s - in org.jmock.test.unit.lib.action.ReturnValueActionTests
[ 3252s] [INFO] Running org.jmock.test.unit.lib.action.ThrowActionTests
[ 3254s] [INFO] Tests run: 7, Failures: 0, Errors: 0, Skipped: 0, Time elapsed: 0.269 s - in org.jmock.test.unit.lib.action.ThrowActionTests
[ 3254s] [INFO] Running org.jmock.test.unit.lib.action.CustomActionTests
[ 3255s] [INFO] Tests run: 1, Failures: 0, Errors: 0, Skipped: 0, Time elapsed: 0.056 s - in org.jmock.test.unit.lib.action.CustomActionTests
[ 3255s] [INFO] Running org.jmock.test.unit.lib.action.DoAllActionTests
[ 3257s] [INFO] Tests run: 3, Failures: 0, Errors: 0, Skipped: 0, Time elapsed: 0.084 s - in org.jmock.test.unit.lib.action.DoAllActionTests
[ 3257s] [INFO] Running org.jmock.test.unit.lib.LastWordNamingSchemeTests
[ 3258s] [INFO] Tests run: 7, Failures: 0, Errors: 0, Skipped: 0, Time elapsed: 0.21 s - in org.jmock.test.unit.lib.LastWordNamingSchemeTests
[ 3259s] [INFO] Running org.jmock.test.unit.lib.JavaReflectionImposteriserTests
[ 3260s] [INFO] Tests run: 4, Failures: 0, Errors: 0, Skipped: 0, Time elapsed: 0.207 s - in org.jmock.test.unit.lib.JavaReflectionImposteriserTests
[ 3260s] [INFO] Running org.jmock.test.unit.lib.script.ScriptedActionTests
[ 3262s] [INFO] Tests run: 5, Failures: 0, Errors: 0, Skipped: 0, Time elapsed: 0.121 s - in org.jmock.test.unit.lib.script.ScriptedActionTests
[ 3262s] [INFO] Running org.jmock.test.unit.lib.IdentityExpectationErrorTranslatorTests
[ 3263s] [INFO] Tests run: 1, Failures: 0, Errors: 0, Skipped: 0, Time elapsed: 0.08 s - in org.jmock.test.unit.lib.IdentityExpectationErrorTranslatorTests
[ 3263s] [INFO] Running org.jmock.test.unit.lib.RetroNamingSchemeTests
[ 3265s] [INFO] Tests run: 1, Failures: 0, Errors: 0, Skipped: 0, Time elapsed: 0.056 s - in org.jmock.test.unit.lib.RetroNamingSchemeTests
[ 3265s] [INFO] Running org.jmock.test.unit.lib.CamelCaseNamingSchemeTests
[ 3266s] [INFO] Tests run: 3, Failures: 0, Errors: 0, Skipped: 0, Time elapsed: 0.138 s - in org.jmock.test.unit.lib.CamelCaseNamingSchemeTests
[ 3266s] [INFO] Running org.jmock.test.unit.lib.CurrentStateMatcherTests
[ 3268s] [INFO] Tests run: 9, Failures: 0, Errors: 0, Skipped: 0, Time elapsed: 0.249 s - in org.jmock.test.unit.lib.CurrentStateMatcherTests
[ 3268s] [INFO] Running org.jmock.test.unit.internal.ChangeStateSideEffectTests
[ 3270s] [INFO] Tests run: 2, Failures: 0, Errors: 0, Skipped: 0, Time elapsed: 0.092 s - in org.jmock.test.unit.internal.ChangeStateSideEffectTests
[ 3270s] [INFO] Running org.jmock.test.unit.internal.InStateOrderingConstraintTests
[ 3271s] [INFO] Tests run: 2, Failures: 0, Errors: 0, Skipped: 0, Time elapsed: 0.147 s - in org.jmock.test.unit.internal.InStateOrderingConstraintTests
[ 3271s] [INFO] Running org.jmock.test.unit.internal.InvocationExpectationTests
[ 3274s] [INFO] Tests run: 15, Failures: 0, Errors: 0, Skipped: 0, Time elapsed: 0.517 s - in org.jmock.test.unit.internal.InvocationExpectationTests
[ 3274s] [INFO] Running org.jmock.test.unit.internal.AllDeclaredFieldsTests
[ 3275s] [INFO] Tests run: 3, Failures: 0, Errors: 0, Skipped: 0, Time elapsed: 0.103 s - in org.jmock.test.unit.internal.AllDeclaredFieldsTests
[ 3275s] [INFO] Running org.jmock.test.unit.internal.ReturnDefaultValueActionTests
[ 3276s] [INFO] Tests run: 7, Failures: 0, Errors: 0, Skipped: 0, Time elapsed: 0.178 s - in org.jmock.test.unit.internal.ReturnDefaultValueActionTests
[ 3277s] [INFO] Running org.jmock.test.unit.internal.StateMachineTests
[ 3278s] [INFO] Tests run: 7, Failures: 0, Errors: 0, Skipped: 0, Time elapsed: 0.207 s - in org.jmock.test.unit.internal.StateMachineTests
[ 3278s] [INFO] Running org.jmock.test.unit.internal.FormattingTests
[ 3279s] [INFO] Tests run: 1, Failures: 0, Errors: 0, Skipped: 0, Time elapsed: 0.055 s - in org.jmock.test.unit.internal.FormattingTests
[ 3279s] [INFO] Running org.jmock.test.unit.internal.ProxiedObjectIdentityTests
[ 3281s] [INFO] Tests run: 5, Failures: 0, Errors: 0, Skipped: 0, Time elapsed: 0.171 s - in org.jmock.test.unit.internal.ProxiedObjectIdentityTests
[ 3281s] [INFO] Running org.jmock.test.unit.internal.VerifyingTestCaseTests
[ 3283s] [INFO] Tests run: 6, Failures: 0, Errors: 0, Skipped: 0, Time elapsed: 0.265 s - in org.jmock.test.unit.internal.VerifyingTestCaseTests
[ 3283s] [INFO] Running org.jmock.test.unit.internal.InvocationDiverterTests
[ 3285s] [INFO] Tests run: 3, Failures: 0, Errors: 0, Skipped: 0, Time elapsed: 0.094 s - in org.jmock.test.unit.internal.InvocationDiverterTests
[ 3285s] [INFO] Running org.jmock.test.unit.internal.InvocationDispatcherTests
[ 3286s] [INFO] Tests run: 3, Failures: 0, Errors: 0, Skipped: 0, Time elapsed: 0.095 s - in org.jmock.test.unit.internal.InvocationDispatcherTests
[ 3286s] [INFO] Running org.jmock.test.unit.internal.CardinalityTests
[ 3288s] [INFO] Tests run: 8, Failures: 0, Errors: 0, Skipped: 0, Time elapsed: 0.155 s - in org.jmock.test.unit.internal.CardinalityTests
[ 3288s] [INFO] Running org.jmock.test.unit.internal.ReturnDefaultCollectionTests
[ 3290s] [INFO] Tests run: 8, Failures: 0, Errors: 0, Skipped: 0, Time elapsed: 0.177 s - in org.jmock.test.unit.internal.ReturnDefaultCollectionTests
[ 3290s] [INFO] Running org.jmock.test.unit.support.MethodFactoryTests
[ 3291s] [INFO] Tests run: 2, Failures: 0, Errors: 0, Skipped: 0, Time elapsed: 0.068 s - in org.jmock.test.unit.support.MethodFactoryTests
[ 3291s] [INFO] Running org.jmock.test.unit.api.InvocationTests
[ 3293s] [INFO] Tests run: 17, Failures: 0, Errors: 0, Skipped: 0, Time elapsed: 0.306 s - in org.jmock.test.unit.api.InvocationTests
[ 3293s] [INFO] Running org.jmock.test.unit.auto.internal.MockomaticTests
[ 3295s] [INFO] Tests run: 4, Failures: 0, Errors: 0, Skipped: 0, Time elapsed: 0.147 s - in org.jmock.test.unit.auto.internal.MockomaticTests
[ 3295s] [INFO] Running org.jmock.test.unit.MockeryTests
[ 3296s] [INFO] Tests run: 2, Failures: 0, Errors: 0, Skipped: 0, Time elapsed: 0.062 s - in org.jmock.test.unit.MockeryTests
[ 3296s] [INFO] Running org.jmock.test.acceptance.AnyMethodAcceptanceTests
[ 3298s] [INFO] Tests run: 2, Failures: 0, Errors: 0, Skipped: 0, Time elapsed: 0.135 s - in org.jmock.test.acceptance.AnyMethodAcceptanceTests
[ 3298s] [INFO] Running org.jmock.test.acceptance.ExpectationErrorCheckingAcceptanceTests
[ 3301s] [INFO] Tests run: 11, Failures: 0, Errors: 0, Skipped: 0, Time elapsed: 0.369 s - in org.jmock.test.acceptance.ExpectationErrorCheckingAcceptanceTests
[ 3301s] [INFO] Running org.jmock.test.acceptance.UniqueNamesAcceptanceTest
[ 3302s] [INFO] Tests run: 2, Failures: 0, Errors: 0, Skipped: 0, Time elapsed: 0.111 s - in org.jmock.test.acceptance.UniqueNamesAcceptanceTest
[ 3302s] [INFO] Running org.jmock.test.acceptance.FlexibleExpectationsAcceptanceTests
[ 3304s] [INFO] Tests run: 5, Failures: 0, Errors: 0, Skipped: 0, Time elapsed: 0.202 s - in org.jmock.test.acceptance.FlexibleExpectationsAcceptanceTests
[ 3304s] [INFO] Running org.jmock.test.acceptance.WarnAboutMultipleThreadsAcceptanceTests
[ 3304s] the Mockery is not thread-safe: use a Synchroniser to ensure thread safety
[ 3306s] [INFO] Tests run: 1, Failures: 0, Errors: 0, Skipped: 0, Time elapsed: 0.223 s - in org.jmock.test.acceptance.WarnAboutMultipleThreadsAcceptanceTests
[ 3306s] [INFO] Running org.jmock.test.acceptance.SequenceAcceptanceTests
[ 3308s] [INFO] Tests run: 7, Failures: 0, Errors: 0, Skipped: 0, Time elapsed: 0.284 s - in org.jmock.test.acceptance.SequenceAcceptanceTests
[ 3308s] [INFO] Running org.jmock.test.acceptance.NewStyleParameterMatchingAcceptanceTests
[ 3309s] [INFO] 
[ 3309s] [INFO] Results:
[ 3309s] [INFO] 
[ 3309s] [INFO] Tests run: 218, Failures: 0, Errors: 0, Skipped: 0
[ 3309s] [INFO] 
[ 3309s] [INFO] Tests run: 6, Failures: 0, Errors: 0, Skipped: 0, Time elapsed: 0.275 s - in org.jmock.test.acceptance.NewStyleParameterMatchingAcceptanceTests
[ 3309s] [INFO] 
[ 3309s] [INFO] ------------------------------------------------------------------------
[ 3309s] [INFO] Skipping jMock 2 Parent
[ 3309s] [INFO] This project has been banned from the build due to previous failures.
[ 3309s] [INFO] ------------------------------------------------------------------------
[ 3309s] [INFO] ------------------------------------------------------------------------
[ 3309s] [INFO] Reactor Summary:
[ 3309s] [INFO] 
[ 3310s] [INFO] jMock 2 Parent 2.8.2 ............................... SUCCESS [  0.229 s]
[ 3310s] [INFO] jMock 2 Test Jar ................................... SUCCESS [02:44 min]
[ 3310s] [INFO] jMock 2 Core ....................................... FAILURE [07:20 min]
[ 3310s] [INFO] jmock-junit3 ....................................... SKIPPED
[ 3310s] [INFO] jmock-junit4 ....................................... SKIPPED
[ 3310s] [INFO] jmock-legacy ....................................... SKIPPED
[ 3310s] [INFO] jMock Examples 2.8.2 ............................... SKIPPED
[ 3310s] [INFO] ------------------------------------------------------------------------
[ 3310s] [INFO] BUILD FAILURE
[ 3310s] [INFO] ------------------------------------------------------------------------
[ 3310s] [INFO] Total time: 10:56 min
[ 3310s] [INFO] Finished at: 2022-04-15T11:09:06Z
[ 3310s] [INFO] ------------------------------------------------------------------------
[ 3311s] [ERROR] Failed to execute goal org.apache.maven.plugins:maven-surefire-plugin:2.22.0:test (default-test) on project jmock: There are test failures.
[ 3311s] [ERROR] 
[ 3311s] [ERROR] Please refer to /home/abuild/rpmbuild/BUILD/jmock-library-2.8.2/jmock/target/surefire-reports for the individual test results.
[ 3311s] [ERROR] Please refer to dump files (if any exist) [date]-jvmRun[N].dump, [date].dumpstream and [date]-jvmRun[N].dumpstream.
[ 3311s] [ERROR] The forked VM terminated without properly saying goodbye. VM crash or System.exit called?
[ 3312s] [ERROR] Command was /bin/sh -c cd /home/abuild/rpmbuild/BUILD/jmock-library-2.8.2/jmock && /usr/lib/jvm/java-1.8.0-openjdk-1.8.0.181.b15-1.1.riscv64.fc29.riscv64/jre/bin/java -jar /home/abuild/rpmbuild/BUILD/jmock-library-2.8.2/jmock/target/surefire/surefirebooter1323370261899109054.jar /home/abuild/rpmbuild/BUILD/jmock-library-2.8.2/jmock/target/surefire 2022-04-15T11-00-33_889-jvmRun1 surefire7808117190600395834tmp surefire_04344371775137601530tmp
[ 3312s] [ERROR] Process Exit Code: 0
[ 3312s] [ERROR] org.apache.maven.surefire.booter.SurefireBooterForkException: The forked VM terminated without properly saying goodbye. VM crash or System.exit called?
[ 3312s] [ERROR] Command was /bin/sh -c cd /home/abuild/rpmbuild/BUILD/jmock-library-2.8.2/jmock && /usr/lib/jvm/java-1.8.0-openjdk-1.8.0.181.b15-1.1.riscv64.fc29.riscv64/jre/bin/java -jar /home/abuild/rpmbuild/BUILD/jmock-library-2.8.2/jmock/target/surefire/surefirebooter1323370261899109054.jar /home/abuild/rpmbuild/BUILD/jmock-library-2.8.2/jmock/target/surefire 2022-04-15T11-00-33_889-jvmRun1 surefire7808117190600395834tmp surefire_04344371775137601530tmp
[ 3312s] [ERROR] Process Exit Code: 0
[ 3312s] [ERROR] 	at org.apache.maven.plugin.surefire.booterclient.ForkStarter.fork(ForkStarter.java:671)
[ 3312s] [ERROR] 	at org.apache.maven.plugin.surefire.booterclient.ForkStarter.fork(ForkStarter.java:533)
[ 3312s] [ERROR] 	at org.apache.maven.plugin.surefire.booterclient.ForkStarter.run(ForkStarter.java:278)
[ 3312s] [ERROR] 	at org.apache.maven.plugin.surefire.booterclient.ForkStarter.run(ForkStarter.java:244)
[ 3313s] [ERROR] 	at org.apache.maven.plugin.surefire.AbstractSurefireMojo.executeProvider(AbstractSurefireMojo.java:1194)
[ 3313s] [ERROR] 	at org.apache.maven.plugin.surefire.AbstractSurefireMojo.executeAfterPreconditionsChecked(AbstractSurefireMojo.java:1022)
[ 3313s] [ERROR] 	at org.apache.maven.plugin.surefire.AbstractSurefireMojo.execute(AbstractSurefireMojo.java:868)
[ 3313s] [ERROR] 	at org.apache.maven.plugin.DefaultBuildPluginManager.executeMojo(DefaultBuildPluginManager.java:137)
[ 3313s] [ERROR] 	at org.apache.maven.lifecycle.internal.MojoExecutor.execute(MojoExecutor.java:208)
[ 3313s] [ERROR] 	at org.apache.maven.lifecycle.internal.MojoExecutor.execute(MojoExecutor.java:154)
[ 3313s] [ERROR] 	at org.apache.maven.lifecycle.internal.MojoExecutor.execute(MojoExecutor.java:146)
[ 3313s] [ERROR] 	at org.apache.maven.lifecycle.internal.LifecycleModuleBuilder.buildProject(LifecycleModuleBuilder.java:117)
[ 3313s] [ERROR] 	at org.apache.maven.lifecycle.internal.LifecycleModuleBuilder.buildProject(LifecycleModuleBuilder.java:81)
[ 3313s] [ERROR] 	at org.apache.maven.lifecycle.internal.builder.singlethreaded.SingleThreadedBuilder.build(SingleThreadedBuilder.java:56)
[ 3313s] [ERROR] 	at org.apache.maven.lifecycle.internal.LifecycleStarter.execute(LifecycleStarter.java:128)
[ 3313s] [ERROR] 	at org.apache.maven.DefaultMaven.doExecute(DefaultMaven.java:305)
[ 3313s] [ERROR] 	at org.apache.maven.DefaultMaven.doExecute(DefaultMaven.java:192)
[ 3313s] [ERROR] 	at org.apache.maven.DefaultMaven.execute(DefaultMaven.java:105)
[ 3313s] [ERROR] 	at org.apache.maven.cli.MavenCli.execute(MavenCli.java:954)
[ 3313s] [ERROR] 	at org.apache.maven.cli.MavenCli.doMain(MavenCli.java:288)
[ 3313s] [ERROR] 	at org.apache.maven.cli.MavenCli.main(MavenCli.java:192)
[ 3313s] [ERROR] 	at sun.reflect.NativeMethodAccessorImpl.invoke0(Native Method)
[ 3313s] [ERROR] 	at sun.reflect.NativeMethodAccessorImpl.invoke(NativeMethodAccessorImpl.java:62)
[ 3313s] [ERROR] 	at sun.reflect.DelegatingMethodAccessorImpl.invoke(DelegatingMethodAccessorImpl.java:43)
[ 3313s] [ERROR] 	at java.lang.reflect.Method.invoke(Method.java:498)
[ 3314s] [ERROR] 	at org.codehaus.plexus.classworlds.launcher.Launcher.launchEnhanced(Launcher.java:289)
[ 3314s] [ERROR] 	at org.codehaus.plexus.classworlds.launcher.Launcher.launch(Launcher.java:229)
[ 3314s] [ERROR] 	at org.codehaus.plexus.classworlds.launcher.Launcher.mainWithExitCode(Launcher.java:415)
[ 3314s] [ERROR] 	at org.codehaus.plexus.classworlds.launcher.Launcher.main(Launcher.java:356)
[ 3314s] [ERROR] -> [Help 1]
[ 3314s] [ERROR] 
[ 3314s] [ERROR] To see the full stack trace of the errors, re-run Maven with the -e switch.
[ 3314s] [ERROR] Re-run Maven using the -X switch to enable full debug logging.
[ 3314s] [ERROR] 
[ 3314s] [ERROR] For more information about the errors and possible solutions, please read the following articles:
[ 3314s] [ERROR] [Help 1] http://cwiki.apache.org/confluence/display/MAVEN/MojoExecutionException
[ 3314s] [ERROR] 
[ 3314s] [ERROR] After correcting the problems, you can resume the build with the command
[ 3314s] [ERROR]   mvn <goals> -rf :jmock
[ 3317s] error: Bad exit status from /var/tmp/rpm-tmp.1X48KI (%build)
[ 3317s] 
[ 3317s] 
[ 3317s] RPM build errors:
[ 3317s]     Bad exit status from /var/tmp/rpm-tmp.1X48KI (%build)
[ 3317s] 
[ 3317s] oe-RISCV-worker28 failed "build jmock.spec" at Fri Apr 15 11:09:13 UTC 2022.
[ 3317s] 
