[    0s] Using BUILD_ROOT=/var/cache/obs/worker/root_4/.mount
[    0s] Using BUILD_ARCH=riscv64
[    0s] Doing kvm build in /var/cache/obs/worker/root_4/root
[    0s] 
[    0s] 
[    0s] lamb17 started "build re2.spec" at Tue Feb  7 17:53:47 UTC 2023.
[    0s] 
[    0s] Building re2 for project 'openSUSE:Factory:RISCV' repository 'standard' arch 'riscv64' srcmd5 '41c111f6f70dceccc125f72f9a418484'
[    0s] 
[    0s] processing recipe /var/cache/obs/worker/root_4/.build-srcdir/re2.spec ...
[    0s] running changelog2spec --target rpm --file /var/cache/obs/worker/root_4/.build-srcdir/re2.spec
[    0s] init_buildsystem --configdir /var/run/obs/worker/4/build/configs --cachedir /var/cache/build --prepare --clean --rpmlist /var/cache/obs/worker/root_4/.build.rpmlist /var/cache/obs/worker/root_4/.build-srcdir/re2.spec build ...
[    1s] unpacking preinstall image openSUSE:Factory:RISCV/standard/preinstallimage-base [43c0e995423831318afcb33e6cba4d6c]
[    3s] 
[    3s] copying packages...
[    3s] reordering...cycle: python310-base -> libpython3_10-1_0
[    3s]   breaking dependency python310-base -> libpython3_10-1_0
[    3s] done
[    3s] Detected virtio-serial support
[    4s] booting kvm...
[    4s] ### VM INTERACTION START ###
[    4s] Using virtio-serial support
[    4s] /usr/bin/qemu-kvm -nodefaults -no-reboot -nographic -vga none -cpu host -M pc,accel=kvm,usb=off,dump-guest-core=off,vmport=off -sandbox on -bios /usr/share/qemu/qboot.rom -object rng-random,filename=/dev/random,id=rng0 -device virtio-rng-pci,rng=rng0 -object iothread,id=io0 -runas qemu -net none -kernel /var/cache/obs/worker/root_4/.mount/boot/kernel -initrd /var/cache/obs/worker/root_4/.mount/boot/initrd -append root=/dev/disk/by-id/virtio-0 rootfstype=ext4 rootflags=noatime kvmclock mitigations=off elevator=noop nmi_watchdog=0 rw rd.driver.pre=binfmt_misc oops=panic panic=1 quiet console=hvc0 init=/.build/initvm.x86_64 -m 8192 -drive file=/var/cache/obs/worker/root_4/root,format=raw,if=none,id=disk,cache=unsafe,aio=io_uring -device virtio-blk-pci,iothread=io0,drive=disk,serial=0 -drive file=/var/cache/obs/worker/root_4/swap,format=raw,if=none,id=swap,cache=unsafe,aio=io_uring -device virtio-blk-pci,iothread=io0,drive=swap,serial=1 -device virtio-serial,max_ports=2 -device virtconsole,chardev=virtiocon0 -chardev stdio,id=virtiocon0 -chardev socket,id=monitor,server=on,wait=off,path=/var/cache/obs/worker/root_4/root.qemu/monitor -mon chardev=monitor,mode=readline -smp 8
[    9s] ### VM INTERACTION END ###
[    9s] 2nd stage started in virtual machine
[    9s] machine type: riscv64
[    9s] Linux version: 6.1.8-1-default #1 SMP PREEMPT_DYNAMIC Tue Jan 24 06:29:25 UTC 2023 (baebfe0)
[    9s] Increasing log level from now on...
[    9s] [    4.537932][  T410] sysrq: Changing Loglevel
[    9s] [    4.538102][  T410] sysrq: Loglevel set to 4
[    9s] Enable sysrq operations
[   10s] Setting up swapspace version 1, size = 2 GiB (2097147904 bytes)
[   10s] no label, UUID=2f132146-7973-4aae-829a-2d2fa759c451
[   10s] swapon: /dev/vdb: found signature [pagesize=4096, signature=swap]
[   10s] swapon: /dev/vdb: pagesize=4096, swapsize=2097152000, devsize=2097152000
[   10s] swapon /dev/vdb
[   10s] WARNING: udev not running, creating extra device nodes
[   10s] logging output to //.build.log...
[   11s] processing recipe /.build-srcdir/re2.spec ...
[   11s] init_buildsystem --configdir /.build/configs --cachedir /var/cache/build /.build-srcdir/re2.spec build ...
[   11s] initializing rpm db...
[   12s] querying package ids...
[   32s] [1/147] preinstalled aaa_base-84.87+git20220822.6b9f7a3-1.1
[   32s] [2/147] preinstalled aaa_base-malloccheck-84.87+git20220822.6b9f7a3-1.1
[   32s] [3/147] preinstalled attr-2.5.1-1.1
[   32s] [4/147] preinstalled bash-5.2.15-8.1
[   32s] [5/147] preinstalled bash-sh-5.2.15-8.1
[   32s] [6/147] preinstalled binutils-2.39-3.1
[   32s] [7/147] preinstalled brp-check-suse-84.87+git20221115.2f7add6-1.1
[   32s] [8/147] preinstalled build-compare-20221206T204012.bb70754-1.2
[   32s] [9/147] preinstalled build-mkbaselibs-20230105-1.1
[   32s] [10/147] preinstalled bzip2-1.0.8-4.1
[   32s] [11/147] preinstalled chkstat-1599_20221220-1.2
[   32s] [12/147] preinstalled compat-usrmerge-build-84.87-5.1
[   32s] [13/147] preinstalled compat-usrmerge-tools-84.87-5.1
[   32s] [14/147] preinstalled coreutils-9.1-5.1
[   32s] [15/147] preinstalled cpio-2.13-5.1
[   32s] [16/147] preinstalled cpp-12-2.1
[   32s] [17/147] preinstalled cpp12-12.2.1+git749-4.1
[   32s] [18/147] cumulate crypto-policies-20210917.c9d86d1-1.1
[   32s] [19/147] preinstalled debugedit-5.0-5.1
[   32s] [20/147] preinstalled diffutils-3.9-1.1
[   32s] [21/147] preinstalled dwz-0.15-2.1
[   32s] [22/147] preinstalled elfutils-0.188-3.2
[   32s] [23/147] preinstalled file-5.44-1.1
[   32s] [24/147] preinstalled file-magic-5.44-1.1
[   32s] [25/147] preinstalled filesystem-84.87-11.1
[   32s] [26/147] preinstalled fillup-1.42-279.1
[   32s] [27/147] preinstalled findutils-4.9.0-2.1
[   32s] [28/147] preinstalled gawk-5.2.1-2.1
[   32s] [29/147] preinstalled gcc-12-2.1
[   32s] [30/147] preinstalled gcc-PIE-12-2.1
[   32s] [31/147] preinstalled gcc12-12.2.1+git749-4.1
[   32s] [32/147] preinstalled gcc12-PIE-12.2.1+git749-4.1
[   32s] [33/147] preinstalled gettext-runtime-mini-0.21.1-1.1
[   32s] [34/147] preinstalled gettext-tools-mini-0.21.1-1.1
[   32s] [35/147] preinstalled glibc-2.36-9.1
[   32s] [36/147] preinstalled glibc-devel-2.36-9.1
[   32s] [37/147] preinstalled glibc-locale-base-2.36-9.1
[   32s] [38/147] preinstalled grep-3.8-3.1
[   32s] [39/147] preinstalled gzip-1.12-3.1
[   32s] [40/147] preinstalled kernel-obs-build-6.1.8-1.2
[   32s] [41/147] preinstalled libacl1-2.3.1-2.1
[   32s] [42/147] preinstalled libasan8-13.0.1+git5428-6.1
[   32s] [43/147] preinstalled libasm1-0.188-3.2
[   32s] [44/147] preinstalled libatomic1-13.0.1+git5428-6.1
[   32s] [45/147] preinstalled libattr1-2.5.1-1.1
[   32s] [46/147] preinstalled libaudit1-3.0.6-4.1
[   32s] [47/147] preinstalled libblkid1-2.38.1-6.1
[   32s] [48/147] preinstalled libbz2-1-1.0.8-4.1
[   32s] [49/147] preinstalled libcap-ng0-0.8.3-1.1
[   32s] [50/147] preinstalled libcap2-2.66-1.1
[   32s] [51/147] preinstalled libcrypt1-4.4.33-1.1
[   32s] [52/147] preinstalled libctf-nobfd0-2.39-3.1
[   32s] [53/147] preinstalled libctf0-2.39-3.1
[   32s] [54/147] preinstalled libdb-4_8-4.8.30-39.1
[   32s] [55/147] preinstalled libdw1-0.188-3.2
[   32s] [56/147] preinstalled libeconf0-0.5.1-1.1
[   32s] [57/147] preinstalled libelf1-0.188-3.2
[   32s] [58/147] cumulate libexpat1-2.5.0-2.1
[   32s] [59/147] preinstalled libfdisk1-2.38.1-6.1
[   32s] [60/147] cumulate libffi8-3.4.4-1.1
[   32s] [61/147] preinstalled libgcc_s1-13.0.1+git5428-6.1
[   32s] [62/147] preinstalled libgcrypt20-1.10.1-1.1
[   32s] [63/147] preinstalled libgdbm6-1.23-1.1
[   32s] [64/147] preinstalled libgdbm_compat4-1.23-1.1
[   32s] [65/147] preinstalled libgmp10-6.2.1-4.1
[   32s] [66/147] preinstalled libgomp1-13.0.1+git5428-6.1
[   32s] [67/147] preinstalled libgpg-error0-1.46-1.1
[   32s] [68/147] cumulate libicu72-ledata-72.1-1.1
[   32s] [69/147] preinstalled libisl23-0.25-1.1
[   32s] [70/147] preinstalled liblua5_4-5-5.4.4-8.1
[   32s] [71/147] preinstalled liblzma5-5.4.1-1.1
[   32s] [72/147] preinstalled libmagic1-5.44-1.1
[   32s] [73/147] preinstalled libmount1-2.38.1-6.1
[   32s] [74/147] preinstalled libmpc3-1.3.1-1.2
[   32s] [75/147] cumulate libmpdec3-2.5.1-2.1
[   32s] [76/147] preinstalled libmpfr6-4.2.0-1.1
[   32s] [77/147] preinstalled libncurses6-6.4.20230121-3.1
[   32s] [78/147] preinstalled libpcre2-8-0-10.42-3.2
[   32s] [79/147] preinstalled libpkgconf3-1.8.0-2.1
[   32s] [80/147] preinstalled libpopt0-1.19-1.1
[   32s] [81/147] preinstalled libreadline8-8.2-2.1
[   32s] [82/147] cumulate librhash0-1.4.3-1.1
[   32s] [83/147] preinstalled librpmbuild9-4.18.0-3.1
[   32s] [84/147] preinstalled libseccomp2-2.5.4-2.1
[   32s] [85/147] preinstalled libselinux1-3.4-2.1
[   32s] [86/147] preinstalled libsemanage-conf-3.4-1.1
[   32s] [87/147] preinstalled libsemanage2-3.4-1.1
[   32s] [88/147] preinstalled libsepol2-3.4-1.1
[   32s] [89/147] preinstalled libsmartcols1-2.38.1-6.1
[   32s] [90/147] preinstalled libstdc++6-13.0.1+git5428-6.1
[   32s] [91/147] cumulate libstdc++6-devel-gcc12-12.2.1+git749-4.1
[   32s] [92/147] preinstalled libsubid4-4.13-3.1
[   32s] [93/147] preinstalled libubsan1-13.0.1+git5428-6.1
[   32s] [94/147] preinstalled libutempter0-1.2.0-3.2
[   32s] [95/147] preinstalled libuuid1-2.38.1-6.1
[   32s] [96/147] cumulate libuv1-1.44.2-3.1
[   32s] [97/147] preinstalled libxcrypt-devel-4.4.33-1.1
[   32s] [98/147] preinstalled libz1-1.2.13-2.1
[   32s] [99/147] preinstalled libzstd1-1.5.2-2.1
[   32s] [100/147] preinstalled linux-glibc-devel-6.1-1.1
[   32s] [101/147] preinstalled login_defs-4.13-3.1
[   32s] [102/147] preinstalled lua54-5.4.4-8.1
[   32s] [103/147] preinstalled make-4.4-2.1
[   32s] [104/147] preinstalled ncurses-utils-6.4.20230121-3.1
[   32s] [105/147] preinstalled pam-1.5.2-12.1
[   32s] [106/147] preinstalled patch-2.7.6-6.1
[   32s] [107/147] preinstalled perl-5.36.0-4.1
[   32s] [108/147] preinstalled perl-base-5.36.0-4.1
[   32s] [109/147] preinstalled permissions-1599_20221220-1.2
[   32s] [110/147] preinstalled permissions-config-1599_20221220-1.2
[   32s] [111/147] preinstalled pkgconf-1.8.0-2.1
[   32s] [112/147] preinstalled pkgconf-m4-1.8.0-2.1
[   32s] [113/147] preinstalled pkgconf-pkg-config-1.8.0-2.1
[   32s] [114/147] preinstalled polkit-default-privs-1550+20221102.9f111fa-1.1
[   32s] [115/147] preinstalled post-build-checks-84.87+git20230106.3a359c5-1.1
[   32s] [116/147] cumulate python-rpm-macros-20230128.e704796-1.1
[   32s] [117/147] preinstalled qemu-linux-user-7.1.0-48.1
[   32s] [118/147] preinstalled rpm-4.18.0-3.1
[   32s] [119/147] preinstalled rpm-build-4.18.0-3.1
[   32s] [120/147] preinstalled rpm-build-perl-4.18.0-3.1
[   32s] [121/147] preinstalled rpm-config-SUSE-20220926-1.1
[   32s] [122/147] preinstalled rpmlint-mini-2.4.0+git20230125.20e5b58-9.1
[   32s] [123/147] preinstalled rpmlint-strict-2.4.0+git20230125.20e5b58-1.1
[   32s] [124/147] preinstalled sed-4.9-2.1
[   32s] [125/147] preinstalled shadow-4.13-3.1
[   32s] [126/147] preinstalled system-group-hardware-20170617-24.1
[   32s] [127/147] preinstalled system-user-root-20190513-2.1
[   32s] [128/147] preinstalled systemd-rpm-macros-19-1.1
[   32s] [129/147] preinstalled sysuser-shadow-3.1-5.1
[   32s] [130/147] preinstalled tar-1.34-9.1
[   32s] [131/147] preinstalled terminfo-base-6.4.20230121-3.1
[   32s] [132/147] cumulate timezone-2022g-2.1
[   32s] [133/147] preinstalled update-alternatives-1.21.8-1.1
[   32s] [134/147] preinstalled util-linux-2.38.1-6.1
[   32s] [135/147] preinstalled which-2.21-5.1
[   32s] [136/147] preinstalled xz-5.4.1-1.1
[   32s] [137/147] cumulate gcc12-c++-12.2.1+git749-4.1
[   32s] [138/147] cumulate libopenssl3-3.0.7-3.1
[   32s] [139/147] cumulate libicu72-72.1-1.1
[   32s] [140/147] cumulate gcc-c++-12-2.1
[   32s] [141/147] cumulate libicu-devel-72.1-1.1
[   32s] [142/147] cumulate python310-base-3.10.9-2.2
[   32s] [143/147] cumulate libpython3_10-1_0-3.10.9-2.2
[   32s] [144/147] cumulate python310-packaging-23.0-1.1
[   32s] [145/147] cumulate cmake-mini-3.25.2-1.2
[   32s] [146/147] cumulate cmake-3.25.2-1.1
[   32s] [147/147] cumulate python-rpm-packaging-20210526+a18ca48-1.1
[   32s] now installing cumulated packages
[   33s] Preparing...                          ########################################
[   33s] Updating / installing...
[   33s] libexpat1-2.5.0-2.1                   ########################################
[   34s] timezone-2022g-2.1                    ########################################
[   34s] python-rpm-macros-20230128.e704796-1.1########################################
[   34s] libuv1-1.44.2-3.1                     ########################################
[   44s] libstdc++6-devel-gcc12-12.2.1+git749-4########################################
[   48s] gcc12-c++-12.2.1+git749-4.1           ########################################
[   48s] librhash0-1.4.3-1.1                   ########################################
[   48s] libmpdec3-2.5.1-2.1                   ########################################
[   52s] libicu72-ledata-72.1-1.1              ########################################
[   52s] libicu72-72.1-1.1                     ########################################
[   53s] libffi8-3.4.4-1.1                     ########################################
[   53s] crypto-policies-20210917.c9d86d1-1.1  ########################################
[   53s] libopenssl3-3.0.7-3.1                 ########################################
[   54s] libpython3_10-1_0-3.10.9-2.2          ########################################
[   58s] python310-base-3.10.9-2.2             ########################################
[   58s] python310-packaging-23.0-1.1          ########################################
[   64s] cmake-mini-3.25.2-1.2                 ########################################
[   64s] cmake-3.25.2-1.1                      ########################################
[   64s] python-rpm-packaging-20210526+a18ca48-########################################
[   64s] libicu-devel-72.1-1.1                 ########################################
[   64s] gcc-c++-12-2.1                        ########################################
[   66s] now finalizing build dir...
[   66s] ... running 01-add_abuild_user_to_trusted_group
[   67s] ... running 02-set_timezone_to_utc
[   67s] ... running 03-set-permissions-secure
[   67s] ... running 11-hack_uname_version_to_kernel_version
[   74s] Warning: spec file parser line 20: can't expand %(...)
[   74s] -----------------------------------------------------------------
[   74s] I have the following modifications for re2.spec:
[   75s] 24c24
[   75s] < Release:        0
[   75s] ---
[   75s] > Release:        51.1
[   80s] build target is riscv64-suse-linux
[   80s] -----------------------------------------------------------------
[   80s] ----- building re2.spec (user abuild)
[   80s] -----------------------------------------------------------------
[   80s] -----------------------------------------------------------------
[   84s] + exec rpmbuild -ba --define '_srcdefattr (-,root,root)' --nosignature --target=riscv64-suse-linux --define '_build_create_debug 1' --define 'disturl obs://build.opensuse.org/openSUSE:Factory:RISCV/standard/41c111f6f70dceccc125f72f9a418484-re2' /home/abuild/rpmbuild/SOURCES/re2.spec
[   85s] Building target platforms: riscv64-suse-linux
[   85s] Building for target riscv64-suse-linux
[   85s] setting SOURCE_DATE_EPOCH=1675468800
[   85s] Executing(%prep): /usr/bin/bash -e /var/tmp/rpm-tmp.f85SgQ
[   85s] + umask 022
[   85s] + cd /home/abuild/rpmbuild/BUILD
[   85s] + cd /home/abuild/rpmbuild/BUILD
[   85s] + rm -rf re2-2023-02-01
[   85s] + /usr/lib/rpm/rpmuncompress -x /home/abuild/rpmbuild/SOURCES/re2-2023-02-01.tar.gz
[   85s] + STATUS=0
[   85s] + '[' 0 -ne 0 ']'
[   85s] + cd re2-2023-02-01
[   85s] + /usr/bin/chmod -Rf a+rX,u+w,g-w,o-w .
[   85s] + RPM_EC=0
[   85s] ++ jobs -p
[   85s] + exit 0
[   86s] Executing(%build): /usr/bin/bash -e /var/tmp/rpm-tmp.akgNPA
[   86s] + umask 022
[   86s] + cd /home/abuild/rpmbuild/BUILD
[   86s] + /usr/bin/rm -rf /home/abuild/rpmbuild/BUILDROOT/re2-20230201-51.1.riscv64
[   86s] ++ dirname /home/abuild/rpmbuild/BUILDROOT/re2-20230201-51.1.riscv64
[   86s] + /usr/bin/mkdir -p /home/abuild/rpmbuild/BUILDROOT
[   86s] + /usr/bin/mkdir /home/abuild/rpmbuild/BUILDROOT/re2-20230201-51.1.riscv64
[   86s] + cd re2-2023-02-01
[   86s] + ref=/usr/lib/rpm
[   86s] + mints=0
[   86s] + case $(uname -m) in
[   86s] ++ uname -m
[   86s] + mints=20160911
[   86s] + for s in guess sub
[   86s] ++ find -maxdepth 8 -name config.guess
[   86s] + for s in guess sub
[   86s] ++ find -maxdepth 8 -name config.sub
[   86s] + find . -type f -name CMakeLists.txt -exec sed -i -re '/^[[:blank:]]*[sS][eE][tT][[:blank:]]*\([[:blank:]]*(CMAKE_BUILD_TYPE|CMAKE_COLOR_MAKEFILE|CMAKE_INSTALL_PREFIX|CMAKE_VERBOSE_MAKEFILE).*\)/{s/^/#IGNORE /}' '{}' +
[   86s] + mkdir -p build
[   86s] + cd build
[   86s] + /usr/bin/cmake /home/abuild/rpmbuild/BUILD/re2-2023-02-01/. '-GUnix Makefiles' -DCMAKE_INSTALL_PREFIX:PATH=/usr -DINCLUDE_INSTALL_DIR:PATH=/usr/include -DLIB_INSTALL_DIR:PATH=/usr/lib64 -DSYSCONF_INSTALL_DIR:PATH=/etc -DSHARE_INSTALL_PREFIX:PATH=/usr/share -DCMAKE_INSTALL_LIBDIR:PATH=lib64 -DCMAKE_INSTALL_LIBEXECDIR=/usr/libexec -DCMAKE_BUILD_TYPE=RelWithDebInfo '-DCMAKE_C_FLAGS=-O2 -Wall -U_FORTIFY_SOURCE -D_FORTIFY_SOURCE=3 -fstack-protector-strong -funwind-tables -fasynchronous-unwind-tables -fstack-clash-protection -Werror=return-type -flto=auto -g' '-DCMAKE_CXX_FLAGS=-O2 -Wall -U_FORTIFY_SOURCE -D_FORTIFY_SOURCE=3 -fstack-protector-strong -funwind-tables -fasynchronous-unwind-tables -fstack-clash-protection -Werror=return-type -flto=auto -g' '-DCMAKE_Fortran_FLAGS=-O2 -Wall -U_FORTIFY_SOURCE -D_FORTIFY_SOURCE=3 -fstack-protector-strong -funwind-tables -fasynchronous-unwind-tables -fstack-clash-protection -Werror=return-type -flto=auto -g' '-DCMAKE_EXE_LINKER_FLAGS=-flto=auto -Wl,--as-needed -Wl,--no-undefined -Wl,-z,now' '-DCMAKE_MODULE_LINKER_FLAGS=-flto=auto -Wl,--as-needed' '-DCMAKE_SHARED_LINKER_FLAGS=-flto=auto -Wl,--as-needed -Wl,--no-undefined -Wl,-z,now' -DLIB_SUFFIX=64 -DCMAKE_VERBOSE_MAKEFILE:BOOL=ON -DBUILD_SHARED_LIBS:BOOL=ON -DBUILD_STATIC_LIBS:BOOL=OFF -DCMAKE_COLOR_MAKEFILE:BOOL=OFF -DCMAKE_INSTALL_DO_STRIP:BOOL=OFF -DCMAKE_MODULES_INSTALL_DIR=/usr/lib64/cmake/re2 -DCMAKE_BUILD_TYPE=Release -DRE2_USE_ICU=ON
[   92s] -- The CXX compiler identification is GNU 12.2.1
[   92s] -- Detecting CXX compiler ABI info
[   98s] -- Detecting CXX compiler ABI info - done
[   98s] -- Check for working CXX compiler: /usr/bin/c++ - skipped
[   98s] -- Detecting CXX compile features
[   98s] -- Detecting CXX compile features - done
[   98s] -- Performing Test CMAKE_HAVE_LIBC_PTHREAD
[  103s] -- Performing Test CMAKE_HAVE_LIBC_PTHREAD - Success
[  103s] -- Found Threads: TRUE  
[  104s] -- Found the following ICU libraries:
[  104s] --   uc (required): /usr/lib64/libicuuc.so
[  104s] -- Found ICU: /usr/include (found version "72.1") 
[  104s] -- Configuring done
[  105s] -- Generating done
[  105s] CMake Warning:
[  105s]   Manually-specified variables were not used by the project:
[  105s] 
[  105s]     BUILD_STATIC_LIBS
[  105s]     CMAKE_C_FLAGS
[  105s]     CMAKE_Fortran_FLAGS
[  105s]     CMAKE_INSTALL_DO_STRIP
[  105s]     CMAKE_MODULES_INSTALL_DIR
[  105s]     INCLUDE_INSTALL_DIR
[  105s]     LIB_INSTALL_DIR
[  105s]     LIB_SUFFIX
[  105s]     SHARE_INSTALL_PREFIX
[  105s]     SYSCONF_INSTALL_DIR
[  105s] 
[  105s] 
[  105s] -- Build files have been written to: /home/abuild/rpmbuild/BUILD/re2-2023-02-01/build
[  105s] + /usr/bin/make -O VERBOSE=1 -j8
[  105s] /usr/bin/cmake -S/home/abuild/rpmbuild/BUILD/re2-2023-02-01 -B/home/abuild/rpmbuild/BUILD/re2-2023-02-01/build --check-build-system CMakeFiles/Makefile.cmake 0
[  105s] /usr/bin/cmake -E cmake_progress_start /home/abuild/rpmbuild/BUILD/re2-2023-02-01/build/CMakeFiles /home/abuild/rpmbuild/BUILD/re2-2023-02-01/build//CMakeFiles/progress.marks
[  105s] /usr/bin/make  -f CMakeFiles/Makefile2 all
[  105s] /usr/bin/make  -f CMakeFiles/re2.dir/build.make CMakeFiles/re2.dir/depend
[  106s] make[2]: Entering directory '/home/abuild/rpmbuild/BUILD/re2-2023-02-01/build'
[  106s] cd /home/abuild/rpmbuild/BUILD/re2-2023-02-01/build && /usr/bin/cmake -E cmake_depends "Unix Makefiles" /home/abuild/rpmbuild/BUILD/re2-2023-02-01 /home/abuild/rpmbuild/BUILD/re2-2023-02-01 /home/abuild/rpmbuild/BUILD/re2-2023-02-01/build /home/abuild/rpmbuild/BUILD/re2-2023-02-01/build /home/abuild/rpmbuild/BUILD/re2-2023-02-01/build/CMakeFiles/re2.dir/DependInfo.cmake
[  106s] make[2]: Leaving directory '/home/abuild/rpmbuild/BUILD/re2-2023-02-01/build'
[  106s] /usr/bin/make  -f CMakeFiles/re2.dir/build.make CMakeFiles/re2.dir/build
[  116s] make[2]: Entering directory '/home/abuild/rpmbuild/BUILD/re2-2023-02-01/build'
[  116s] [  5%] Building CXX object CMakeFiles/re2.dir/re2/bitmap256.cc.o
[  116s] /usr/bin/c++ -DRE2_USE_ICU -Dre2_EXPORTS -I/home/abuild/rpmbuild/BUILD/re2-2023-02-01 -O2 -Wall -U_FORTIFY_SOURCE -D_FORTIFY_SOURCE=3 -fstack-protector-strong -funwind-tables -fasynchronous-unwind-tables -fstack-clash-protection -Werror=return-type -flto=auto -g -O3 -DNDEBUG -fPIC -MD -MT CMakeFiles/re2.dir/re2/bitmap256.cc.o -MF CMakeFiles/re2.dir/re2/bitmap256.cc.o.d -o CMakeFiles/re2.dir/re2/bitmap256.cc.o -c /home/abuild/rpmbuild/BUILD/re2-2023-02-01/re2/bitmap256.cc
[  116s] make[2]: Leaving directory '/home/abuild/rpmbuild/BUILD/re2-2023-02-01/build'
[  125s] make[2]: Entering directory '/home/abuild/rpmbuild/BUILD/re2-2023-02-01/build'
[  125s] [  5%] Building CXX object CMakeFiles/re2.dir/re2/mimics_pcre.cc.o
[  125s] /usr/bin/c++ -DRE2_USE_ICU -Dre2_EXPORTS -I/home/abuild/rpmbuild/BUILD/re2-2023-02-01 -O2 -Wall -U_FORTIFY_SOURCE -D_FORTIFY_SOURCE=3 -fstack-protector-strong -funwind-tables -fasynchronous-unwind-tables -fstack-clash-protection -Werror=return-type -flto=auto -g -O3 -DNDEBUG -fPIC -MD -MT CMakeFiles/re2.dir/re2/mimics_pcre.cc.o -MF CMakeFiles/re2.dir/re2/mimics_pcre.cc.o.d -o CMakeFiles/re2.dir/re2/mimics_pcre.cc.o -c /home/abuild/rpmbuild/BUILD/re2-2023-02-01/re2/mimics_pcre.cc
[  125s] make[2]: Leaving directory '/home/abuild/rpmbuild/BUILD/re2-2023-02-01/build'
[  126s] make[2]: Entering directory '/home/abuild/rpmbuild/BUILD/re2-2023-02-01/build'
[  126s] [ 10%] Building CXX object CMakeFiles/re2.dir/re2/perl_groups.cc.o
[  126s] /usr/bin/c++ -DRE2_USE_ICU -Dre2_EXPORTS -I/home/abuild/rpmbuild/BUILD/re2-2023-02-01 -O2 -Wall -U_FORTIFY_SOURCE -D_FORTIFY_SOURCE=3 -fstack-protector-strong -funwind-tables -fasynchronous-unwind-tables -fstack-clash-protection -Werror=return-type -flto=auto -g -O3 -DNDEBUG -fPIC -MD -MT CMakeFiles/re2.dir/re2/perl_groups.cc.o -MF CMakeFiles/re2.dir/re2/perl_groups.cc.o.d -o CMakeFiles/re2.dir/re2/perl_groups.cc.o -c /home/abuild/rpmbuild/BUILD/re2-2023-02-01/re2/perl_groups.cc
[  126s] make[2]: Leaving directory '/home/abuild/rpmbuild/BUILD/re2-2023-02-01/build'
[  130s] make[2]: Entering directory '/home/abuild/rpmbuild/BUILD/re2-2023-02-01/build'
[  130s] [  8%] Building CXX object CMakeFiles/re2.dir/re2/filtered_re2.cc.o
[  130s] /usr/bin/c++ -DRE2_USE_ICU -Dre2_EXPORTS -I/home/abuild/rpmbuild/BUILD/re2-2023-02-01 -O2 -Wall -U_FORTIFY_SOURCE -D_FORTIFY_SOURCE=3 -fstack-protector-strong -funwind-tables -fasynchronous-unwind-tables -fstack-clash-protection -Werror=return-type -flto=auto -g -O3 -DNDEBUG -fPIC -MD -MT CMakeFiles/re2.dir/re2/filtered_re2.cc.o -MF CMakeFiles/re2.dir/re2/filtered_re2.cc.o.d -o CMakeFiles/re2.dir/re2/filtered_re2.cc.o -c /home/abuild/rpmbuild/BUILD/re2-2023-02-01/re2/filtered_re2.cc
[  130s] make[2]: Leaving directory '/home/abuild/rpmbuild/BUILD/re2-2023-02-01/build'
[  135s] make[2]: Entering directory '/home/abuild/rpmbuild/BUILD/re2-2023-02-01/build'
[  135s] [  3%] Building CXX object CMakeFiles/re2.dir/re2/onepass.cc.o
[  135s] /usr/bin/c++ -DRE2_USE_ICU -Dre2_EXPORTS -I/home/abuild/rpmbuild/BUILD/re2-2023-02-01 -O2 -Wall -U_FORTIFY_SOURCE -D_FORTIFY_SOURCE=3 -fstack-protector-strong -funwind-tables -fasynchronous-unwind-tables -fstack-clash-protection -Werror=return-type -flto=auto -g -O3 -DNDEBUG -fPIC -MD -MT CMakeFiles/re2.dir/re2/onepass.cc.o -MF CMakeFiles/re2.dir/re2/onepass.cc.o.d -o CMakeFiles/re2.dir/re2/onepass.cc.o -c /home/abuild/rpmbuild/BUILD/re2-2023-02-01/re2/onepass.cc
[  135s] make[2]: Leaving directory '/home/abuild/rpmbuild/BUILD/re2-2023-02-01/build'
[  136s] make[2]: Entering directory '/home/abuild/rpmbuild/BUILD/re2-2023-02-01/build'
[  136s] [  6%] Building CXX object CMakeFiles/re2.dir/re2/bitstate.cc.o
[  136s] /usr/bin/c++ -DRE2_USE_ICU -Dre2_EXPORTS -I/home/abuild/rpmbuild/BUILD/re2-2023-02-01 -O2 -Wall -U_FORTIFY_SOURCE -D_FORTIFY_SOURCE=3 -fstack-protector-strong -funwind-tables -fasynchronous-unwind-tables -fstack-clash-protection -Werror=return-type -flto=auto -g -O3 -DNDEBUG -fPIC -MD -MT CMakeFiles/re2.dir/re2/bitstate.cc.o -MF CMakeFiles/re2.dir/re2/bitstate.cc.o.d -o CMakeFiles/re2.dir/re2/bitstate.cc.o -c /home/abuild/rpmbuild/BUILD/re2-2023-02-01/re2/bitstate.cc
[  136s] make[2]: Leaving directory '/home/abuild/rpmbuild/BUILD/re2-2023-02-01/build'
[  137s] make[2]: Entering directory '/home/abuild/rpmbuild/BUILD/re2-2023-02-01/build'
[  137s] [  1%] Building CXX object CMakeFiles/re2.dir/re2/nfa.cc.o
[  137s] /usr/bin/c++ -DRE2_USE_ICU -Dre2_EXPORTS -I/home/abuild/rpmbuild/BUILD/re2-2023-02-01 -O2 -Wall -U_FORTIFY_SOURCE -D_FORTIFY_SOURCE=3 -fstack-protector-strong -funwind-tables -fasynchronous-unwind-tables -fstack-clash-protection -Werror=return-type -flto=auto -g -O3 -DNDEBUG -fPIC -MD -MT CMakeFiles/re2.dir/re2/nfa.cc.o -MF CMakeFiles/re2.dir/re2/nfa.cc.o.d -o CMakeFiles/re2.dir/re2/nfa.cc.o -c /home/abuild/rpmbuild/BUILD/re2-2023-02-01/re2/nfa.cc
[  137s] make[2]: Leaving directory '/home/abuild/rpmbuild/BUILD/re2-2023-02-01/build'
[  141s] make[2]: Entering directory '/home/abuild/rpmbuild/BUILD/re2-2023-02-01/build'
[  141s] [  2%] Building CXX object CMakeFiles/re2.dir/re2/compile.cc.o
[  141s] /usr/bin/c++ -DRE2_USE_ICU -Dre2_EXPORTS -I/home/abuild/rpmbuild/BUILD/re2-2023-02-01 -O2 -Wall -U_FORTIFY_SOURCE -D_FORTIFY_SOURCE=3 -fstack-protector-strong -funwind-tables -fasynchronous-unwind-tables -fstack-clash-protection -Werror=return-type -flto=auto -g -O3 -DNDEBUG -fPIC -MD -MT CMakeFiles/re2.dir/re2/compile.cc.o -MF CMakeFiles/re2.dir/re2/compile.cc.o.d -o CMakeFiles/re2.dir/re2/compile.cc.o -c /home/abuild/rpmbuild/BUILD/re2-2023-02-01/re2/compile.cc
[  141s] make[2]: Leaving directory '/home/abuild/rpmbuild/BUILD/re2-2023-02-01/build'
[  147s] make[2]: Entering directory '/home/abuild/rpmbuild/BUILD/re2-2023-02-01/build'
[  147s] [  7%] Building CXX object CMakeFiles/re2.dir/re2/dfa.cc.o
[  147s] /usr/bin/c++ -DRE2_USE_ICU -Dre2_EXPORTS -I/home/abuild/rpmbuild/BUILD/re2-2023-02-01 -O2 -Wall -U_FORTIFY_SOURCE -D_FORTIFY_SOURCE=3 -fstack-protector-strong -funwind-tables -fasynchronous-unwind-tables -fstack-clash-protection -Werror=return-type -flto=auto -g -O3 -DNDEBUG -fPIC -MD -MT CMakeFiles/re2.dir/re2/dfa.cc.o -MF CMakeFiles/re2.dir/re2/dfa.cc.o.d -o CMakeFiles/re2.dir/re2/dfa.cc.o -c /home/abuild/rpmbuild/BUILD/re2-2023-02-01/re2/dfa.cc
[  147s] make[2]: Leaving directory '/home/abuild/rpmbuild/BUILD/re2-2023-02-01/build'
[  150s] make[2]: Entering directory '/home/abuild/rpmbuild/BUILD/re2-2023-02-01/build'
[  150s] [  9%] Building CXX object CMakeFiles/re2.dir/re2/parse.cc.o
[  150s] /usr/bin/c++ -DRE2_USE_ICU -Dre2_EXPORTS -I/home/abuild/rpmbuild/BUILD/re2-2023-02-01 -O2 -Wall -U_FORTIFY_SOURCE -D_FORTIFY_SOURCE=3 -fstack-protector-strong -funwind-tables -fasynchronous-unwind-tables -fstack-clash-protection -Werror=return-type -flto=auto -g -O3 -DNDEBUG -fPIC -MD -MT CMakeFiles/re2.dir/re2/parse.cc.o -MF CMakeFiles/re2.dir/re2/parse.cc.o.d -o CMakeFiles/re2.dir/re2/parse.cc.o -c /home/abuild/rpmbuild/BUILD/re2-2023-02-01/re2/parse.cc
[  150s] make[2]: Leaving directory '/home/abuild/rpmbuild/BUILD/re2-2023-02-01/build'
[  154s] make[2]: Entering directory '/home/abuild/rpmbuild/BUILD/re2-2023-02-01/build'
[  154s] [ 11%] Building CXX object CMakeFiles/re2.dir/re2/prefilter.cc.o
[  154s] /usr/bin/c++ -DRE2_USE_ICU -Dre2_EXPORTS -I/home/abuild/rpmbuild/BUILD/re2-2023-02-01 -O2 -Wall -U_FORTIFY_SOURCE -D_FORTIFY_SOURCE=3 -fstack-protector-strong -funwind-tables -fasynchronous-unwind-tables -fstack-clash-protection -Werror=return-type -flto=auto -g -O3 -DNDEBUG -fPIC -MD -MT CMakeFiles/re2.dir/re2/prefilter.cc.o -MF CMakeFiles/re2.dir/re2/prefilter.cc.o.d -o CMakeFiles/re2.dir/re2/prefilter.cc.o -c /home/abuild/rpmbuild/BUILD/re2-2023-02-01/re2/prefilter.cc
[  154s] make[2]: Leaving directory '/home/abuild/rpmbuild/BUILD/re2-2023-02-01/build'
[  162s] make[2]: Entering directory '/home/abuild/rpmbuild/BUILD/re2-2023-02-01/build'
[  162s] [ 18%] Building CXX object CMakeFiles/re2.dir/re2/stringpiece.cc.o
[  162s] /usr/bin/c++ -DRE2_USE_ICU -Dre2_EXPORTS -I/home/abuild/rpmbuild/BUILD/re2-2023-02-01 -O2 -Wall -U_FORTIFY_SOURCE -D_FORTIFY_SOURCE=3 -fstack-protector-strong -funwind-tables -fasynchronous-unwind-tables -fstack-clash-protection -Werror=return-type -flto=auto -g -O3 -DNDEBUG -fPIC -MD -MT CMakeFiles/re2.dir/re2/stringpiece.cc.o -MF CMakeFiles/re2.dir/re2/stringpiece.cc.o.d -o CMakeFiles/re2.dir/re2/stringpiece.cc.o -c /home/abuild/rpmbuild/BUILD/re2-2023-02-01/re2/stringpiece.cc
[  162s] make[2]: Leaving directory '/home/abuild/rpmbuild/BUILD/re2-2023-02-01/build'
[  163s] make[2]: Entering directory '/home/abuild/rpmbuild/BUILD/re2-2023-02-01/build'
[  163s] [ 20%] Building CXX object CMakeFiles/re2.dir/re2/unicode_casefold.cc.o
[  163s] /usr/bin/c++ -DRE2_USE_ICU -Dre2_EXPORTS -I/home/abuild/rpmbuild/BUILD/re2-2023-02-01 -O2 -Wall -U_FORTIFY_SOURCE -D_FORTIFY_SOURCE=3 -fstack-protector-strong -funwind-tables -fasynchronous-unwind-tables -fstack-clash-protection -Werror=return-type -flto=auto -g -O3 -DNDEBUG -fPIC -MD -MT CMakeFiles/re2.dir/re2/unicode_casefold.cc.o -MF CMakeFiles/re2.dir/re2/unicode_casefold.cc.o.d -o CMakeFiles/re2.dir/re2/unicode_casefold.cc.o -c /home/abuild/rpmbuild/BUILD/re2-2023-02-01/re2/unicode_casefold.cc
[  163s] make[2]: Leaving directory '/home/abuild/rpmbuild/BUILD/re2-2023-02-01/build'
[  166s] make[2]: Entering directory '/home/abuild/rpmbuild/BUILD/re2-2023-02-01/build'
[  166s] [ 14%] Building CXX object CMakeFiles/re2.dir/re2/re2.cc.o
[  166s] /usr/bin/c++ -DRE2_USE_ICU -Dre2_EXPORTS -I/home/abuild/rpmbuild/BUILD/re2-2023-02-01 -O2 -Wall -U_FORTIFY_SOURCE -D_FORTIFY_SOURCE=3 -fstack-protector-strong -funwind-tables -fasynchronous-unwind-tables -fstack-clash-protection -Werror=return-type -flto=auto -g -O3 -DNDEBUG -fPIC -MD -MT CMakeFiles/re2.dir/re2/re2.cc.o -MF CMakeFiles/re2.dir/re2/re2.cc.o.d -o CMakeFiles/re2.dir/re2/re2.cc.o -c /home/abuild/rpmbuild/BUILD/re2-2023-02-01/re2/re2.cc
[  166s] make[2]: Leaving directory '/home/abuild/rpmbuild/BUILD/re2-2023-02-01/build'
[  167s] make[2]: Entering directory '/home/abuild/rpmbuild/BUILD/re2-2023-02-01/build'
[  167s] [ 21%] Building CXX object CMakeFiles/re2.dir/re2/unicode_groups.cc.o
[  167s] /usr/bin/c++ -DRE2_USE_ICU -Dre2_EXPORTS -I/home/abuild/rpmbuild/BUILD/re2-2023-02-01 -O2 -Wall -U_FORTIFY_SOURCE -D_FORTIFY_SOURCE=3 -fstack-protector-strong -funwind-tables -fasynchronous-unwind-tables -fstack-clash-protection -Werror=return-type -flto=auto -g -O3 -DNDEBUG -fPIC -MD -MT CMakeFiles/re2.dir/re2/unicode_groups.cc.o -MF CMakeFiles/re2.dir/re2/unicode_groups.cc.o.d -o CMakeFiles/re2.dir/re2/unicode_groups.cc.o -c /home/abuild/rpmbuild/BUILD/re2-2023-02-01/re2/unicode_groups.cc
[  167s] make[2]: Leaving directory '/home/abuild/rpmbuild/BUILD/re2-2023-02-01/build'
[  168s] make[2]: Entering directory '/home/abuild/rpmbuild/BUILD/re2-2023-02-01/build'
[  168s] [ 17%] Building CXX object CMakeFiles/re2.dir/re2/simplify.cc.o
[  168s] /usr/bin/c++ -DRE2_USE_ICU -Dre2_EXPORTS -I/home/abuild/rpmbuild/BUILD/re2-2023-02-01 -O2 -Wall -U_FORTIFY_SOURCE -D_FORTIFY_SOURCE=3 -fstack-protector-strong -funwind-tables -fasynchronous-unwind-tables -fstack-clash-protection -Werror=return-type -flto=auto -g -O3 -DNDEBUG -fPIC -MD -MT CMakeFiles/re2.dir/re2/simplify.cc.o -MF CMakeFiles/re2.dir/re2/simplify.cc.o.d -o CMakeFiles/re2.dir/re2/simplify.cc.o -c /home/abuild/rpmbuild/BUILD/re2-2023-02-01/re2/simplify.cc
[  168s] make[2]: Leaving directory '/home/abuild/rpmbuild/BUILD/re2-2023-02-01/build'
[  169s] make[2]: Entering directory '/home/abuild/rpmbuild/BUILD/re2-2023-02-01/build'
[  169s] [ 22%] Building CXX object CMakeFiles/re2.dir/util/rune.cc.o
[  169s] /usr/bin/c++ -DRE2_USE_ICU -Dre2_EXPORTS -I/home/abuild/rpmbuild/BUILD/re2-2023-02-01 -O2 -Wall -U_FORTIFY_SOURCE -D_FORTIFY_SOURCE=3 -fstack-protector-strong -funwind-tables -fasynchronous-unwind-tables -fstack-clash-protection -Werror=return-type -flto=auto -g -O3 -DNDEBUG -fPIC -MD -MT CMakeFiles/re2.dir/util/rune.cc.o -MF CMakeFiles/re2.dir/util/rune.cc.o.d -o CMakeFiles/re2.dir/util/rune.cc.o -c /home/abuild/rpmbuild/BUILD/re2-2023-02-01/util/rune.cc
[  169s] make[2]: Leaving directory '/home/abuild/rpmbuild/BUILD/re2-2023-02-01/build'
[  170s] make[2]: Entering directory '/home/abuild/rpmbuild/BUILD/re2-2023-02-01/build'
[  170s] [ 15%] Building CXX object CMakeFiles/re2.dir/re2/regexp.cc.o
[  170s] /usr/bin/c++ -DRE2_USE_ICU -Dre2_EXPORTS -I/home/abuild/rpmbuild/BUILD/re2-2023-02-01 -O2 -Wall -U_FORTIFY_SOURCE -D_FORTIFY_SOURCE=3 -fstack-protector-strong -funwind-tables -fasynchronous-unwind-tables -fstack-clash-protection -Werror=return-type -flto=auto -g -O3 -DNDEBUG -fPIC -MD -MT CMakeFiles/re2.dir/re2/regexp.cc.o -MF CMakeFiles/re2.dir/re2/regexp.cc.o.d -o CMakeFiles/re2.dir/re2/regexp.cc.o -c /home/abuild/rpmbuild/BUILD/re2-2023-02-01/re2/regexp.cc
[  170s] make[2]: Leaving directory '/home/abuild/rpmbuild/BUILD/re2-2023-02-01/build'
[  171s] make[2]: Entering directory '/home/abuild/rpmbuild/BUILD/re2-2023-02-01/build'
[  171s] [ 16%] Building CXX object CMakeFiles/re2.dir/re2/set.cc.o
[  171s] /usr/bin/c++ -DRE2_USE_ICU -Dre2_EXPORTS -I/home/abuild/rpmbuild/BUILD/re2-2023-02-01 -O2 -Wall -U_FORTIFY_SOURCE -D_FORTIFY_SOURCE=3 -fstack-protector-strong -funwind-tables -fasynchronous-unwind-tables -fstack-clash-protection -Werror=return-type -flto=auto -g -O3 -DNDEBUG -fPIC -MD -MT CMakeFiles/re2.dir/re2/set.cc.o -MF CMakeFiles/re2.dir/re2/set.cc.o.d -o CMakeFiles/re2.dir/re2/set.cc.o -c /home/abuild/rpmbuild/BUILD/re2-2023-02-01/re2/set.cc
[  171s] make[2]: Leaving directory '/home/abuild/rpmbuild/BUILD/re2-2023-02-01/build'
[  171s] make[2]: Entering directory '/home/abuild/rpmbuild/BUILD/re2-2023-02-01/build'
[  171s] [ 12%] Building CXX object CMakeFiles/re2.dir/re2/prefilter_tree.cc.o
[  171s] /usr/bin/c++ -DRE2_USE_ICU -Dre2_EXPORTS -I/home/abuild/rpmbuild/BUILD/re2-2023-02-01 -O2 -Wall -U_FORTIFY_SOURCE -D_FORTIFY_SOURCE=3 -fstack-protector-strong -funwind-tables -fasynchronous-unwind-tables -fstack-clash-protection -Werror=return-type -flto=auto -g -O3 -DNDEBUG -fPIC -MD -MT CMakeFiles/re2.dir/re2/prefilter_tree.cc.o -MF CMakeFiles/re2.dir/re2/prefilter_tree.cc.o.d -o CMakeFiles/re2.dir/re2/prefilter_tree.cc.o -c /home/abuild/rpmbuild/BUILD/re2-2023-02-01/re2/prefilter_tree.cc
[  171s] make[2]: Leaving directory '/home/abuild/rpmbuild/BUILD/re2-2023-02-01/build'
[  172s] make[2]: Entering directory '/home/abuild/rpmbuild/BUILD/re2-2023-02-01/build'
[  172s] [ 13%] Building CXX object CMakeFiles/re2.dir/re2/prog.cc.o
[  172s] /usr/bin/c++ -DRE2_USE_ICU -Dre2_EXPORTS -I/home/abuild/rpmbuild/BUILD/re2-2023-02-01 -O2 -Wall -U_FORTIFY_SOURCE -D_FORTIFY_SOURCE=3 -fstack-protector-strong -funwind-tables -fasynchronous-unwind-tables -fstack-clash-protection -Werror=return-type -flto=auto -g -O3 -DNDEBUG -fPIC -MD -MT CMakeFiles/re2.dir/re2/prog.cc.o -MF CMakeFiles/re2.dir/re2/prog.cc.o.d -o CMakeFiles/re2.dir/re2/prog.cc.o -c /home/abuild/rpmbuild/BUILD/re2-2023-02-01/re2/prog.cc
[  172s] make[2]: Leaving directory '/home/abuild/rpmbuild/BUILD/re2-2023-02-01/build'
[  172s] make[2]: Entering directory '/home/abuild/rpmbuild/BUILD/re2-2023-02-01/build'
[  172s] [ 19%] Building CXX object CMakeFiles/re2.dir/re2/tostring.cc.o
[  172s] /usr/bin/c++ -DRE2_USE_ICU -Dre2_EXPORTS -I/home/abuild/rpmbuild/BUILD/re2-2023-02-01 -O2 -Wall -U_FORTIFY_SOURCE -D_FORTIFY_SOURCE=3 -fstack-protector-strong -funwind-tables -fasynchronous-unwind-tables -fstack-clash-protection -Werror=return-type -flto=auto -g -O3 -DNDEBUG -fPIC -MD -MT CMakeFiles/re2.dir/re2/tostring.cc.o -MF CMakeFiles/re2.dir/re2/tostring.cc.o.d -o CMakeFiles/re2.dir/re2/tostring.cc.o -c /home/abuild/rpmbuild/BUILD/re2-2023-02-01/re2/tostring.cc
[  172s] make[2]: Leaving directory '/home/abuild/rpmbuild/BUILD/re2-2023-02-01/build'
[  177s] make[2]: Entering directory '/home/abuild/rpmbuild/BUILD/re2-2023-02-01/build'
[  177s] [ 23%] Building CXX object CMakeFiles/re2.dir/util/strutil.cc.o
[  177s] /usr/bin/c++ -DRE2_USE_ICU -Dre2_EXPORTS -I/home/abuild/rpmbuild/BUILD/re2-2023-02-01 -O2 -Wall -U_FORTIFY_SOURCE -D_FORTIFY_SOURCE=3 -fstack-protector-strong -funwind-tables -fasynchronous-unwind-tables -fstack-clash-protection -Werror=return-type -flto=auto -g -O3 -DNDEBUG -fPIC -MD -MT CMakeFiles/re2.dir/util/strutil.cc.o -MF CMakeFiles/re2.dir/util/strutil.cc.o.d -o CMakeFiles/re2.dir/util/strutil.cc.o -c /home/abuild/rpmbuild/BUILD/re2-2023-02-01/util/strutil.cc
[  177s] make[2]: Leaving directory '/home/abuild/rpmbuild/BUILD/re2-2023-02-01/build'
[  227s] make[2]: Entering directory '/home/abuild/rpmbuild/BUILD/re2-2023-02-01/build'
[  227s] [ 25%] Linking CXX shared library libre2.so
[  227s] /usr/bin/cmake -E cmake_link_script CMakeFiles/re2.dir/link.txt --verbose=1
[  227s] /usr/bin/c++ -fPIC -O2 -Wall -U_FORTIFY_SOURCE -D_FORTIFY_SOURCE=3 -fstack-protector-strong -funwind-tables -fasynchronous-unwind-tables -fstack-clash-protection -Werror=return-type -flto=auto -g -O3 -DNDEBUG -flto=auto -Wl,--as-needed -Wl,--no-undefined -Wl,-z,now -shared -Wl,-soname,libre2.so.10 -o libre2.so.10.0.0 CMakeFiles/re2.dir/re2/bitmap256.cc.o CMakeFiles/re2.dir/re2/bitstate.cc.o CMakeFiles/re2.dir/re2/compile.cc.o CMakeFiles/re2.dir/re2/dfa.cc.o CMakeFiles/re2.dir/re2/filtered_re2.cc.o CMakeFiles/re2.dir/re2/mimics_pcre.cc.o CMakeFiles/re2.dir/re2/nfa.cc.o CMakeFiles/re2.dir/re2/onepass.cc.o CMakeFiles/re2.dir/re2/parse.cc.o CMakeFiles/re2.dir/re2/perl_groups.cc.o CMakeFiles/re2.dir/re2/prefilter.cc.o CMakeFiles/re2.dir/re2/prefilter_tree.cc.o CMakeFiles/re2.dir/re2/prog.cc.o CMakeFiles/re2.dir/re2/re2.cc.o CMakeFiles/re2.dir/re2/regexp.cc.o CMakeFiles/re2.dir/re2/set.cc.o CMakeFiles/re2.dir/re2/simplify.cc.o CMakeFiles/re2.dir/re2/stringpiece.cc.o CMakeFiles/re2.dir/re2/tostring.cc.o CMakeFiles/re2.dir/re2/unicode_casefold.cc.o CMakeFiles/re2.dir/re2/unicode_groups.cc.o CMakeFiles/re2.dir/util/rune.cc.o CMakeFiles/re2.dir/util/strutil.cc.o  /usr/lib64/libicuuc.so -ldl 
[  227s] /usr/bin/cmake -E cmake_symlink_library libre2.so.10.0.0 libre2.so.10 libre2.so
[  227s] make[2]: Leaving directory '/home/abuild/rpmbuild/BUILD/re2-2023-02-01/build'
[  228s] make[1]: Entering directory '/home/abuild/rpmbuild/BUILD/re2-2023-02-01/build'
[  228s] [ 25%] Built target re2
[  228s] make[1]: Leaving directory '/home/abuild/rpmbuild/BUILD/re2-2023-02-01/build'
[  228s] /usr/bin/make  -f CMakeFiles/testing.dir/build.make CMakeFiles/testing.dir/depend
[  228s] make[2]: Entering directory '/home/abuild/rpmbuild/BUILD/re2-2023-02-01/build'
[  228s] cd /home/abuild/rpmbuild/BUILD/re2-2023-02-01/build && /usr/bin/cmake -E cmake_depends "Unix Makefiles" /home/abuild/rpmbuild/BUILD/re2-2023-02-01 /home/abuild/rpmbuild/BUILD/re2-2023-02-01 /home/abuild/rpmbuild/BUILD/re2-2023-02-01/build /home/abuild/rpmbuild/BUILD/re2-2023-02-01/build /home/abuild/rpmbuild/BUILD/re2-2023-02-01/build/CMakeFiles/testing.dir/DependInfo.cmake
[  228s] make[2]: Leaving directory '/home/abuild/rpmbuild/BUILD/re2-2023-02-01/build'
[  228s] /usr/bin/make  -f CMakeFiles/testing.dir/build.make CMakeFiles/testing.dir/build
[  243s] make[2]: Entering directory '/home/abuild/rpmbuild/BUILD/re2-2023-02-01/build'
[  243s] [ 26%] Building CXX object CMakeFiles/testing.dir/re2/testing/dump.cc.o
[  243s] /usr/bin/c++ -DRE2_USE_ICU -I/home/abuild/rpmbuild/BUILD/re2-2023-02-01 -O2 -Wall -U_FORTIFY_SOURCE -D_FORTIFY_SOURCE=3 -fstack-protector-strong -funwind-tables -fasynchronous-unwind-tables -fstack-clash-protection -Werror=return-type -flto=auto -g -O3 -DNDEBUG -MD -MT CMakeFiles/testing.dir/re2/testing/dump.cc.o -MF CMakeFiles/testing.dir/re2/testing/dump.cc.o.d -o CMakeFiles/testing.dir/re2/testing/dump.cc.o -c /home/abuild/rpmbuild/BUILD/re2-2023-02-01/re2/testing/dump.cc
[  243s] make[2]: Leaving directory '/home/abuild/rpmbuild/BUILD/re2-2023-02-01/build'
[  244s] make[2]: Entering directory '/home/abuild/rpmbuild/BUILD/re2-2023-02-01/build'
[  244s] [ 33%] Building CXX object CMakeFiles/testing.dir/util/pcre.cc.o
[  244s] /usr/bin/c++ -DRE2_USE_ICU -I/home/abuild/rpmbuild/BUILD/re2-2023-02-01 -O2 -Wall -U_FORTIFY_SOURCE -D_FORTIFY_SOURCE=3 -fstack-protector-strong -funwind-tables -fasynchronous-unwind-tables -fstack-clash-protection -Werror=return-type -flto=auto -g -O3 -DNDEBUG -MD -MT CMakeFiles/testing.dir/util/pcre.cc.o -MF CMakeFiles/testing.dir/util/pcre.cc.o.d -o CMakeFiles/testing.dir/util/pcre.cc.o -c /home/abuild/rpmbuild/BUILD/re2-2023-02-01/util/pcre.cc
[  244s] make[2]: Leaving directory '/home/abuild/rpmbuild/BUILD/re2-2023-02-01/build'
[  245s] make[2]: Entering directory '/home/abuild/rpmbuild/BUILD/re2-2023-02-01/build'
[  245s] [ 32%] Building CXX object CMakeFiles/testing.dir/re2/testing/null_walker.cc.o
[  245s] /usr/bin/c++ -DRE2_USE_ICU -I/home/abuild/rpmbuild/BUILD/re2-2023-02-01 -O2 -Wall -U_FORTIFY_SOURCE -D_FORTIFY_SOURCE=3 -fstack-protector-strong -funwind-tables -fasynchronous-unwind-tables -fstack-clash-protection -Werror=return-type -flto=auto -g -O3 -DNDEBUG -MD -MT CMakeFiles/testing.dir/re2/testing/null_walker.cc.o -MF CMakeFiles/testing.dir/re2/testing/null_walker.cc.o.d -o CMakeFiles/testing.dir/re2/testing/null_walker.cc.o -c /home/abuild/rpmbuild/BUILD/re2-2023-02-01/re2/testing/null_walker.cc
[  245s] make[2]: Leaving directory '/home/abuild/rpmbuild/BUILD/re2-2023-02-01/build'
[  249s] make[2]: Entering directory '/home/abuild/rpmbuild/BUILD/re2-2023-02-01/build'
[  249s] [ 31%] Building CXX object CMakeFiles/testing.dir/re2/testing/string_generator.cc.o
[  249s] /usr/bin/c++ -DRE2_USE_ICU -I/home/abuild/rpmbuild/BUILD/re2-2023-02-01 -O2 -Wall -U_FORTIFY_SOURCE -D_FORTIFY_SOURCE=3 -fstack-protector-strong -funwind-tables -fasynchronous-unwind-tables -fstack-clash-protection -Werror=return-type -flto=auto -g -O3 -DNDEBUG -MD -MT CMakeFiles/testing.dir/re2/testing/string_generator.cc.o -MF CMakeFiles/testing.dir/re2/testing/string_generator.cc.o.d -o CMakeFiles/testing.dir/re2/testing/string_generator.cc.o -c /home/abuild/rpmbuild/BUILD/re2-2023-02-01/re2/testing/string_generator.cc
[  249s] make[2]: Leaving directory '/home/abuild/rpmbuild/BUILD/re2-2023-02-01/build'
[  251s] make[2]: Entering directory '/home/abuild/rpmbuild/BUILD/re2-2023-02-01/build'
[  251s] [ 27%] Building CXX object CMakeFiles/testing.dir/re2/testing/backtrack.cc.o
[  251s] /usr/bin/c++ -DRE2_USE_ICU -I/home/abuild/rpmbuild/BUILD/re2-2023-02-01 -O2 -Wall -U_FORTIFY_SOURCE -D_FORTIFY_SOURCE=3 -fstack-protector-strong -funwind-tables -fasynchronous-unwind-tables -fstack-clash-protection -Werror=return-type -flto=auto -g -O3 -DNDEBUG -MD -MT CMakeFiles/testing.dir/re2/testing/backtrack.cc.o -MF CMakeFiles/testing.dir/re2/testing/backtrack.cc.o.d -o CMakeFiles/testing.dir/re2/testing/backtrack.cc.o -c /home/abuild/rpmbuild/BUILD/re2-2023-02-01/re2/testing/backtrack.cc
[  251s] make[2]: Leaving directory '/home/abuild/rpmbuild/BUILD/re2-2023-02-01/build'
[  252s] make[2]: Entering directory '/home/abuild/rpmbuild/BUILD/re2-2023-02-01/build'
[  252s] [ 28%] Building CXX object CMakeFiles/testing.dir/re2/testing/regexp_generator.cc.o
[  252s] /usr/bin/c++ -DRE2_USE_ICU -I/home/abuild/rpmbuild/BUILD/re2-2023-02-01 -O2 -Wall -U_FORTIFY_SOURCE -D_FORTIFY_SOURCE=3 -fstack-protector-strong -funwind-tables -fasynchronous-unwind-tables -fstack-clash-protection -Werror=return-type -flto=auto -g -O3 -DNDEBUG -MD -MT CMakeFiles/testing.dir/re2/testing/regexp_generator.cc.o -MF CMakeFiles/testing.dir/re2/testing/regexp_generator.cc.o.d -o CMakeFiles/testing.dir/re2/testing/regexp_generator.cc.o -c /home/abuild/rpmbuild/BUILD/re2-2023-02-01/re2/testing/regexp_generator.cc
[  252s] make[2]: Leaving directory '/home/abuild/rpmbuild/BUILD/re2-2023-02-01/build'
[  252s] make[2]: Entering directory '/home/abuild/rpmbuild/BUILD/re2-2023-02-01/build'
[  252s] [ 32%] Building CXX object CMakeFiles/testing.dir/re2/testing/tester.cc.o
[  252s] /usr/bin/c++ -DRE2_USE_ICU -I/home/abuild/rpmbuild/BUILD/re2-2023-02-01 -O2 -Wall -U_FORTIFY_SOURCE -D_FORTIFY_SOURCE=3 -fstack-protector-strong -funwind-tables -fasynchronous-unwind-tables -fstack-clash-protection -Werror=return-type -flto=auto -g -O3 -DNDEBUG -MD -MT CMakeFiles/testing.dir/re2/testing/tester.cc.o -MF CMakeFiles/testing.dir/re2/testing/tester.cc.o.d -o CMakeFiles/testing.dir/re2/testing/tester.cc.o -c /home/abuild/rpmbuild/BUILD/re2-2023-02-01/re2/testing/tester.cc
[  252s] make[2]: Leaving directory '/home/abuild/rpmbuild/BUILD/re2-2023-02-01/build'
[  253s] make[2]: Entering directory '/home/abuild/rpmbuild/BUILD/re2-2023-02-01/build'
[  253s] [ 29%] Building CXX object CMakeFiles/testing.dir/re2/testing/exhaustive_tester.cc.o
[  253s] /usr/bin/c++ -DRE2_USE_ICU -I/home/abuild/rpmbuild/BUILD/re2-2023-02-01 -O2 -Wall -U_FORTIFY_SOURCE -D_FORTIFY_SOURCE=3 -fstack-protector-strong -funwind-tables -fasynchronous-unwind-tables -fstack-clash-protection -Werror=return-type -flto=auto -g -O3 -DNDEBUG -MD -MT CMakeFiles/testing.dir/re2/testing/exhaustive_tester.cc.o -MF CMakeFiles/testing.dir/re2/testing/exhaustive_tester.cc.o.d -o CMakeFiles/testing.dir/re2/testing/exhaustive_tester.cc.o -c /home/abuild/rpmbuild/BUILD/re2-2023-02-01/re2/testing/exhaustive_tester.cc
[  253s] make[2]: Leaving directory '/home/abuild/rpmbuild/BUILD/re2-2023-02-01/build'
[  254s] make[2]: Entering directory '/home/abuild/rpmbuild/BUILD/re2-2023-02-01/build'
[  254s] [ 34%] Linking CXX static library libtesting.a
[  254s] /usr/bin/cmake -P CMakeFiles/testing.dir/cmake_clean_target.cmake
[  254s] /usr/bin/cmake -E cmake_link_script CMakeFiles/testing.dir/link.txt --verbose=1
[  254s] /usr/bin/ar qc libtesting.a CMakeFiles/testing.dir/re2/testing/backtrack.cc.o CMakeFiles/testing.dir/re2/testing/dump.cc.o CMakeFiles/testing.dir/re2/testing/exhaustive_tester.cc.o CMakeFiles/testing.dir/re2/testing/null_walker.cc.o CMakeFiles/testing.dir/re2/testing/regexp_generator.cc.o CMakeFiles/testing.dir/re2/testing/string_generator.cc.o CMakeFiles/testing.dir/re2/testing/tester.cc.o CMakeFiles/testing.dir/util/pcre.cc.o
[  254s] /usr/bin/ranlib libtesting.a
[  254s] make[2]: Leaving directory '/home/abuild/rpmbuild/BUILD/re2-2023-02-01/build'
[  254s] make[1]: Entering directory '/home/abuild/rpmbuild/BUILD/re2-2023-02-01/build'
[  254s] [ 34%] Built target testing
[  254s] make[1]: Leaving directory '/home/abuild/rpmbuild/BUILD/re2-2023-02-01/build'
[  254s] /usr/bin/make  -f CMakeFiles/charclass_test.dir/build.make CMakeFiles/charclass_test.dir/depend
[  254s] /usr/bin/make  -f CMakeFiles/compile_test.dir/build.make CMakeFiles/compile_test.dir/depend
[  254s] /usr/bin/make  -f CMakeFiles/filtered_re2_test.dir/build.make CMakeFiles/filtered_re2_test.dir/depend
[  254s] /usr/bin/make  -f CMakeFiles/mimics_pcre_test.dir/build.make CMakeFiles/mimics_pcre_test.dir/depend
[  254s] /usr/bin/make  -f CMakeFiles/parse_test.dir/build.make CMakeFiles/parse_test.dir/depend
[  254s] /usr/bin/make  -f CMakeFiles/possible_match_test.dir/build.make CMakeFiles/possible_match_test.dir/depend
[  254s] /usr/bin/make  -f CMakeFiles/re2_test.dir/build.make CMakeFiles/re2_test.dir/depend
[  254s] /usr/bin/make  -f CMakeFiles/re2_arg_test.dir/build.make CMakeFiles/re2_arg_test.dir/depend
[  254s] make[2]: Entering directory '/home/abuild/rpmbuild/BUILD/re2-2023-02-01/build'
[  254s] cd /home/abuild/rpmbuild/BUILD/re2-2023-02-01/build && /usr/bin/cmake -E cmake_depends "Unix Makefiles" /home/abuild/rpmbuild/BUILD/re2-2023-02-01 /home/abuild/rpmbuild/BUILD/re2-2023-02-01 /home/abuild/rpmbuild/BUILD/re2-2023-02-01/build /home/abuild/rpmbuild/BUILD/re2-2023-02-01/build /home/abuild/rpmbuild/BUILD/re2-2023-02-01/build/CMakeFiles/possible_match_test.dir/DependInfo.cmake
[  254s] make[2]: Leaving directory '/home/abuild/rpmbuild/BUILD/re2-2023-02-01/build'
[  254s] /usr/bin/make  -f CMakeFiles/possible_match_test.dir/build.make CMakeFiles/possible_match_test.dir/build
[  254s] make[2]: Entering directory '/home/abuild/rpmbuild/BUILD/re2-2023-02-01/build'
[  254s] cd /home/abuild/rpmbuild/BUILD/re2-2023-02-01/build && /usr/bin/cmake -E cmake_depends "Unix Makefiles" /home/abuild/rpmbuild/BUILD/re2-2023-02-01 /home/abuild/rpmbuild/BUILD/re2-2023-02-01 /home/abuild/rpmbuild/BUILD/re2-2023-02-01/build /home/abuild/rpmbuild/BUILD/re2-2023-02-01/build /home/abuild/rpmbuild/BUILD/re2-2023-02-01/build/CMakeFiles/parse_test.dir/DependInfo.cmake
[  254s] make[2]: Leaving directory '/home/abuild/rpmbuild/BUILD/re2-2023-02-01/build'
[  254s] make[2]: Entering directory '/home/abuild/rpmbuild/BUILD/re2-2023-02-01/build'
[  254s] cd /home/abuild/rpmbuild/BUILD/re2-2023-02-01/build && /usr/bin/cmake -E cmake_depends "Unix Makefiles" /home/abuild/rpmbuild/BUILD/re2-2023-02-01 /home/abuild/rpmbuild/BUILD/re2-2023-02-01 /home/abuild/rpmbuild/BUILD/re2-2023-02-01/build /home/abuild/rpmbuild/BUILD/re2-2023-02-01/build /home/abuild/rpmbuild/BUILD/re2-2023-02-01/build/CMakeFiles/compile_test.dir/DependInfo.cmake
[  254s] make[2]: Leaving directory '/home/abuild/rpmbuild/BUILD/re2-2023-02-01/build'
[  254s] make[2]: Entering directory '/home/abuild/rpmbuild/BUILD/re2-2023-02-01/build'
[  254s] cd /home/abuild/rpmbuild/BUILD/re2-2023-02-01/build && /usr/bin/cmake -E cmake_depends "Unix Makefiles" /home/abuild/rpmbuild/BUILD/re2-2023-02-01 /home/abuild/rpmbuild/BUILD/re2-2023-02-01 /home/abuild/rpmbuild/BUILD/re2-2023-02-01/build /home/abuild/rpmbuild/BUILD/re2-2023-02-01/build /home/abuild/rpmbuild/BUILD/re2-2023-02-01/build/CMakeFiles/charclass_test.dir/DependInfo.cmake
[  254s] make[2]: Leaving directory '/home/abuild/rpmbuild/BUILD/re2-2023-02-01/build'
[  254s] /usr/bin/make  -f CMakeFiles/compile_test.dir/build.make CMakeFiles/compile_test.dir/build
[  254s] /usr/bin/make  -f CMakeFiles/parse_test.dir/build.make CMakeFiles/parse_test.dir/build
[  254s] /usr/bin/make  -f CMakeFiles/charclass_test.dir/build.make CMakeFiles/charclass_test.dir/build
[  254s] make[2]: Entering directory '/home/abuild/rpmbuild/BUILD/re2-2023-02-01/build'
[  254s] cd /home/abuild/rpmbuild/BUILD/re2-2023-02-01/build && /usr/bin/cmake -E cmake_depends "Unix Makefiles" /home/abuild/rpmbuild/BUILD/re2-2023-02-01 /home/abuild/rpmbuild/BUILD/re2-2023-02-01 /home/abuild/rpmbuild/BUILD/re2-2023-02-01/build /home/abuild/rpmbuild/BUILD/re2-2023-02-01/build /home/abuild/rpmbuild/BUILD/re2-2023-02-01/build/CMakeFiles/mimics_pcre_test.dir/DependInfo.cmake
[  254s] make[2]: Leaving directory '/home/abuild/rpmbuild/BUILD/re2-2023-02-01/build'
[  254s] /usr/bin/make  -f CMakeFiles/mimics_pcre_test.dir/build.make CMakeFiles/mimics_pcre_test.dir/build
[  254s] make[2]: Entering directory '/home/abuild/rpmbuild/BUILD/re2-2023-02-01/build'
[  254s] cd /home/abuild/rpmbuild/BUILD/re2-2023-02-01/build && /usr/bin/cmake -E cmake_depends "Unix Makefiles" /home/abuild/rpmbuild/BUILD/re2-2023-02-01 /home/abuild/rpmbuild/BUILD/re2-2023-02-01 /home/abuild/rpmbuild/BUILD/re2-2023-02-01/build /home/abuild/rpmbuild/BUILD/re2-2023-02-01/build /home/abuild/rpmbuild/BUILD/re2-2023-02-01/build/CMakeFiles/re2_arg_test.dir/DependInfo.cmake
[  254s] make[2]: Leaving directory '/home/abuild/rpmbuild/BUILD/re2-2023-02-01/build'
[  254s] /usr/bin/make  -f CMakeFiles/re2_arg_test.dir/build.make CMakeFiles/re2_arg_test.dir/build
[  254s] make[2]: Entering directory '/home/abuild/rpmbuild/BUILD/re2-2023-02-01/build'
[  254s] cd /home/abuild/rpmbuild/BUILD/re2-2023-02-01/build && /usr/bin/cmake -E cmake_depends "Unix Makefiles" /home/abuild/rpmbuild/BUILD/re2-2023-02-01 /home/abuild/rpmbuild/BUILD/re2-2023-02-01 /home/abuild/rpmbuild/BUILD/re2-2023-02-01/build /home/abuild/rpmbuild/BUILD/re2-2023-02-01/build /home/abuild/rpmbuild/BUILD/re2-2023-02-01/build/CMakeFiles/filtered_re2_test.dir/DependInfo.cmake
[  254s] make[2]: Leaving directory '/home/abuild/rpmbuild/BUILD/re2-2023-02-01/build'
[  254s] /usr/bin/make  -f CMakeFiles/filtered_re2_test.dir/build.make CMakeFiles/filtered_re2_test.dir/build
[  254s] make[2]: Entering directory '/home/abuild/rpmbuild/BUILD/re2-2023-02-01/build'
[  254s] cd /home/abuild/rpmbuild/BUILD/re2-2023-02-01/build && /usr/bin/cmake -E cmake_depends "Unix Makefiles" /home/abuild/rpmbuild/BUILD/re2-2023-02-01 /home/abuild/rpmbuild/BUILD/re2-2023-02-01 /home/abuild/rpmbuild/BUILD/re2-2023-02-01/build /home/abuild/rpmbuild/BUILD/re2-2023-02-01/build /home/abuild/rpmbuild/BUILD/re2-2023-02-01/build/CMakeFiles/re2_test.dir/DependInfo.cmake
[  254s] make[2]: Leaving directory '/home/abuild/rpmbuild/BUILD/re2-2023-02-01/build'
[  254s] /usr/bin/make  -f CMakeFiles/re2_test.dir/build.make CMakeFiles/re2_test.dir/build
[  268s] make[2]: Entering directory '/home/abuild/rpmbuild/BUILD/re2-2023-02-01/build'
[  268s] [ 37%] Building CXX object CMakeFiles/charclass_test.dir/re2/testing/charclass_test.cc.o
[  268s] /usr/bin/c++ -DRE2_USE_ICU -I/home/abuild/rpmbuild/BUILD/re2-2023-02-01 -O2 -Wall -U_FORTIFY_SOURCE -D_FORTIFY_SOURCE=3 -fstack-protector-strong -funwind-tables -fasynchronous-unwind-tables -fstack-clash-protection -Werror=return-type -flto=auto -g -O3 -DNDEBUG -MD -MT CMakeFiles/charclass_test.dir/re2/testing/charclass_test.cc.o -MF CMakeFiles/charclass_test.dir/re2/testing/charclass_test.cc.o.d -o CMakeFiles/charclass_test.dir/re2/testing/charclass_test.cc.o -c /home/abuild/rpmbuild/BUILD/re2-2023-02-01/re2/testing/charclass_test.cc
[  268s] make[2]: Leaving directory '/home/abuild/rpmbuild/BUILD/re2-2023-02-01/build'
[  270s] make[2]: Entering directory '/home/abuild/rpmbuild/BUILD/re2-2023-02-01/build'
[  270s] [ 38%] Building CXX object CMakeFiles/parse_test.dir/re2/testing/parse_test.cc.o
[  270s] /usr/bin/c++ -DRE2_USE_ICU -I/home/abuild/rpmbuild/BUILD/re2-2023-02-01 -O2 -Wall -U_FORTIFY_SOURCE -D_FORTIFY_SOURCE=3 -fstack-protector-strong -funwind-tables -fasynchronous-unwind-tables -fstack-clash-protection -Werror=return-type -flto=auto -g -O3 -DNDEBUG -MD -MT CMakeFiles/parse_test.dir/re2/testing/parse_test.cc.o -MF CMakeFiles/parse_test.dir/re2/testing/parse_test.cc.o.d -o CMakeFiles/parse_test.dir/re2/testing/parse_test.cc.o -c /home/abuild/rpmbuild/BUILD/re2-2023-02-01/re2/testing/parse_test.cc
[  270s] make[2]: Leaving directory '/home/abuild/rpmbuild/BUILD/re2-2023-02-01/build'
[  271s] make[2]: Entering directory '/home/abuild/rpmbuild/BUILD/re2-2023-02-01/build'
[  271s] [ 39%] Building CXX object CMakeFiles/re2_arg_test.dir/re2/testing/re2_arg_test.cc.o
[  271s] /usr/bin/c++ -DRE2_USE_ICU -I/home/abuild/rpmbuild/BUILD/re2-2023-02-01 -O2 -Wall -U_FORTIFY_SOURCE -D_FORTIFY_SOURCE=3 -fstack-protector-strong -funwind-tables -fasynchronous-unwind-tables -fstack-clash-protection -Werror=return-type -flto=auto -g -O3 -DNDEBUG -MD -MT CMakeFiles/re2_arg_test.dir/re2/testing/re2_arg_test.cc.o -MF CMakeFiles/re2_arg_test.dir/re2/testing/re2_arg_test.cc.o.d -o CMakeFiles/re2_arg_test.dir/re2/testing/re2_arg_test.cc.o -c /home/abuild/rpmbuild/BUILD/re2-2023-02-01/re2/testing/re2_arg_test.cc
[  271s] make[2]: Leaving directory '/home/abuild/rpmbuild/BUILD/re2-2023-02-01/build'
[  274s] make[2]: Entering directory '/home/abuild/rpmbuild/BUILD/re2-2023-02-01/build'
[  274s] [ 41%] Building CXX object CMakeFiles/mimics_pcre_test.dir/re2/testing/mimics_pcre_test.cc.o
[  274s] /usr/bin/c++ -DRE2_USE_ICU -I/home/abuild/rpmbuild/BUILD/re2-2023-02-01 -O2 -Wall -U_FORTIFY_SOURCE -D_FORTIFY_SOURCE=3 -fstack-protector-strong -funwind-tables -fasynchronous-unwind-tables -fstack-clash-protection -Werror=return-type -flto=auto -g -O3 -DNDEBUG -MD -MT CMakeFiles/mimics_pcre_test.dir/re2/testing/mimics_pcre_test.cc.o -MF CMakeFiles/mimics_pcre_test.dir/re2/testing/mimics_pcre_test.cc.o.d -o CMakeFiles/mimics_pcre_test.dir/re2/testing/mimics_pcre_test.cc.o -c /home/abuild/rpmbuild/BUILD/re2-2023-02-01/re2/testing/mimics_pcre_test.cc
[  274s] make[2]: Leaving directory '/home/abuild/rpmbuild/BUILD/re2-2023-02-01/build'
[  274s] make[2]: Entering directory '/home/abuild/rpmbuild/BUILD/re2-2023-02-01/build'
[  274s] [ 40%] Building CXX object CMakeFiles/filtered_re2_test.dir/re2/testing/filtered_re2_test.cc.o
[  274s] /usr/bin/c++ -DRE2_USE_ICU -I/home/abuild/rpmbuild/BUILD/re2-2023-02-01 -O2 -Wall -U_FORTIFY_SOURCE -D_FORTIFY_SOURCE=3 -fstack-protector-strong -funwind-tables -fasynchronous-unwind-tables -fstack-clash-protection -Werror=return-type -flto=auto -g -O3 -DNDEBUG -MD -MT CMakeFiles/filtered_re2_test.dir/re2/testing/filtered_re2_test.cc.o -MF CMakeFiles/filtered_re2_test.dir/re2/testing/filtered_re2_test.cc.o.d -o CMakeFiles/filtered_re2_test.dir/re2/testing/filtered_re2_test.cc.o -c /home/abuild/rpmbuild/BUILD/re2-2023-02-01/re2/testing/filtered_re2_test.cc
[  274s] make[2]: Leaving directory '/home/abuild/rpmbuild/BUILD/re2-2023-02-01/build'
[  275s] make[2]: Entering directory '/home/abuild/rpmbuild/BUILD/re2-2023-02-01/build'
[  275s] [ 36%] Building CXX object CMakeFiles/compile_test.dir/re2/testing/compile_test.cc.o
[  275s] /usr/bin/c++ -DRE2_USE_ICU -I/home/abuild/rpmbuild/BUILD/re2-2023-02-01 -O2 -Wall -U_FORTIFY_SOURCE -D_FORTIFY_SOURCE=3 -fstack-protector-strong -funwind-tables -fasynchronous-unwind-tables -fstack-clash-protection -Werror=return-type -flto=auto -g -O3 -DNDEBUG -MD -MT CMakeFiles/compile_test.dir/re2/testing/compile_test.cc.o -MF CMakeFiles/compile_test.dir/re2/testing/compile_test.cc.o.d -o CMakeFiles/compile_test.dir/re2/testing/compile_test.cc.o -c /home/abuild/rpmbuild/BUILD/re2-2023-02-01/re2/testing/compile_test.cc
[  275s] make[2]: Leaving directory '/home/abuild/rpmbuild/BUILD/re2-2023-02-01/build'
[  279s] make[2]: Entering directory '/home/abuild/rpmbuild/BUILD/re2-2023-02-01/build'
[  279s] [ 43%] Building CXX object CMakeFiles/charclass_test.dir/util/test.cc.o
[  279s] /usr/bin/c++ -DRE2_USE_ICU -I/home/abuild/rpmbuild/BUILD/re2-2023-02-01 -O2 -Wall -U_FORTIFY_SOURCE -D_FORTIFY_SOURCE=3 -fstack-protector-strong -funwind-tables -fasynchronous-unwind-tables -fstack-clash-protection -Werror=return-type -flto=auto -g -O3 -DNDEBUG -MD -MT CMakeFiles/charclass_test.dir/util/test.cc.o -MF CMakeFiles/charclass_test.dir/util/test.cc.o.d -o CMakeFiles/charclass_test.dir/util/test.cc.o -c /home/abuild/rpmbuild/BUILD/re2-2023-02-01/util/test.cc
[  279s] make[2]: Leaving directory '/home/abuild/rpmbuild/BUILD/re2-2023-02-01/build'
[  280s] make[2]: Entering directory '/home/abuild/rpmbuild/BUILD/re2-2023-02-01/build'
[  280s] [ 44%] Building CXX object CMakeFiles/parse_test.dir/util/test.cc.o
[  280s] /usr/bin/c++ -DRE2_USE_ICU -I/home/abuild/rpmbuild/BUILD/re2-2023-02-01 -O2 -Wall -U_FORTIFY_SOURCE -D_FORTIFY_SOURCE=3 -fstack-protector-strong -funwind-tables -fasynchronous-unwind-tables -fstack-clash-protection -Werror=return-type -flto=auto -g -O3 -DNDEBUG -MD -MT CMakeFiles/parse_test.dir/util/test.cc.o -MF CMakeFiles/parse_test.dir/util/test.cc.o.d -o CMakeFiles/parse_test.dir/util/test.cc.o -c /home/abuild/rpmbuild/BUILD/re2-2023-02-01/util/test.cc
[  280s] make[2]: Leaving directory '/home/abuild/rpmbuild/BUILD/re2-2023-02-01/build'
[  281s] make[2]: Entering directory '/home/abuild/rpmbuild/BUILD/re2-2023-02-01/build'
[  281s] [ 45%] Building CXX object CMakeFiles/re2_arg_test.dir/util/test.cc.o
[  281s] /usr/bin/c++ -DRE2_USE_ICU -I/home/abuild/rpmbuild/BUILD/re2-2023-02-01 -O2 -Wall -U_FORTIFY_SOURCE -D_FORTIFY_SOURCE=3 -fstack-protector-strong -funwind-tables -fasynchronous-unwind-tables -fstack-clash-protection -Werror=return-type -flto=auto -g -O3 -DNDEBUG -MD -MT CMakeFiles/re2_arg_test.dir/util/test.cc.o -MF CMakeFiles/re2_arg_test.dir/util/test.cc.o.d -o CMakeFiles/re2_arg_test.dir/util/test.cc.o -c /home/abuild/rpmbuild/BUILD/re2-2023-02-01/util/test.cc
[  281s] make[2]: Leaving directory '/home/abuild/rpmbuild/BUILD/re2-2023-02-01/build'
[  281s] make[2]: Entering directory '/home/abuild/rpmbuild/BUILD/re2-2023-02-01/build'
[  281s] [ 35%] Building CXX object CMakeFiles/possible_match_test.dir/re2/testing/possible_match_test.cc.o
[  281s] /usr/bin/c++ -DRE2_USE_ICU -I/home/abuild/rpmbuild/BUILD/re2-2023-02-01 -O2 -Wall -U_FORTIFY_SOURCE -D_FORTIFY_SOURCE=3 -fstack-protector-strong -funwind-tables -fasynchronous-unwind-tables -fstack-clash-protection -Werror=return-type -flto=auto -g -O3 -DNDEBUG -MD -MT CMakeFiles/possible_match_test.dir/re2/testing/possible_match_test.cc.o -MF CMakeFiles/possible_match_test.dir/re2/testing/possible_match_test.cc.o.d -o CMakeFiles/possible_match_test.dir/re2/testing/possible_match_test.cc.o -c /home/abuild/rpmbuild/BUILD/re2-2023-02-01/re2/testing/possible_match_test.cc
[  281s] make[2]: Leaving directory '/home/abuild/rpmbuild/BUILD/re2-2023-02-01/build'
[  285s] make[2]: Entering directory '/home/abuild/rpmbuild/BUILD/re2-2023-02-01/build'
[  285s] [ 47%] Building CXX object CMakeFiles/filtered_re2_test.dir/util/test.cc.o
[  285s] /usr/bin/c++ -DRE2_USE_ICU -I/home/abuild/rpmbuild/BUILD/re2-2023-02-01 -O2 -Wall -U_FORTIFY_SOURCE -D_FORTIFY_SOURCE=3 -fstack-protector-strong -funwind-tables -fasynchronous-unwind-tables -fstack-clash-protection -Werror=return-type -flto=auto -g -O3 -DNDEBUG -MD -MT CMakeFiles/filtered_re2_test.dir/util/test.cc.o -MF CMakeFiles/filtered_re2_test.dir/util/test.cc.o.d -o CMakeFiles/filtered_re2_test.dir/util/test.cc.o -c /home/abuild/rpmbuild/BUILD/re2-2023-02-01/util/test.cc
[  285s] make[2]: Leaving directory '/home/abuild/rpmbuild/BUILD/re2-2023-02-01/build'
[  286s] make[2]: Entering directory '/home/abuild/rpmbuild/BUILD/re2-2023-02-01/build'
[  286s] [ 46%] Building CXX object CMakeFiles/mimics_pcre_test.dir/util/test.cc.o
[  286s] /usr/bin/c++ -DRE2_USE_ICU -I/home/abuild/rpmbuild/BUILD/re2-2023-02-01 -O2 -Wall -U_FORTIFY_SOURCE -D_FORTIFY_SOURCE=3 -fstack-protector-strong -funwind-tables -fasynchronous-unwind-tables -fstack-clash-protection -Werror=return-type -flto=auto -g -O3 -DNDEBUG -MD -MT CMakeFiles/mimics_pcre_test.dir/util/test.cc.o -MF CMakeFiles/mimics_pcre_test.dir/util/test.cc.o.d -o CMakeFiles/mimics_pcre_test.dir/util/test.cc.o -c /home/abuild/rpmbuild/BUILD/re2-2023-02-01/util/test.cc
[  286s] make[2]: Leaving directory '/home/abuild/rpmbuild/BUILD/re2-2023-02-01/build'
[  286s] make[2]: Entering directory '/home/abuild/rpmbuild/BUILD/re2-2023-02-01/build'
[  286s] [ 48%] Building CXX object CMakeFiles/compile_test.dir/util/test.cc.o
[  286s] /usr/bin/c++ -DRE2_USE_ICU -I/home/abuild/rpmbuild/BUILD/re2-2023-02-01 -O2 -Wall -U_FORTIFY_SOURCE -D_FORTIFY_SOURCE=3 -fstack-protector-strong -funwind-tables -fasynchronous-unwind-tables -fstack-clash-protection -Werror=return-type -flto=auto -g -O3 -DNDEBUG -MD -MT CMakeFiles/compile_test.dir/util/test.cc.o -MF CMakeFiles/compile_test.dir/util/test.cc.o.d -o CMakeFiles/compile_test.dir/util/test.cc.o -c /home/abuild/rpmbuild/BUILD/re2-2023-02-01/util/test.cc
[  286s] make[2]: Leaving directory '/home/abuild/rpmbuild/BUILD/re2-2023-02-01/build'
[  289s] make[2]: Entering directory '/home/abuild/rpmbuild/BUILD/re2-2023-02-01/build'
[  289s] [ 42%] Building CXX object CMakeFiles/re2_test.dir/re2/testing/re2_test.cc.o
[  289s] /usr/bin/c++ -DRE2_USE_ICU -I/home/abuild/rpmbuild/BUILD/re2-2023-02-01 -O2 -Wall -U_FORTIFY_SOURCE -D_FORTIFY_SOURCE=3 -fstack-protector-strong -funwind-tables -fasynchronous-unwind-tables -fstack-clash-protection -Werror=return-type -flto=auto -g -O3 -DNDEBUG -MD -MT CMakeFiles/re2_test.dir/re2/testing/re2_test.cc.o -MF CMakeFiles/re2_test.dir/re2/testing/re2_test.cc.o.d -o CMakeFiles/re2_test.dir/re2/testing/re2_test.cc.o -c /home/abuild/rpmbuild/BUILD/re2-2023-02-01/re2/testing/re2_test.cc
[  289s] make[2]: Leaving directory '/home/abuild/rpmbuild/BUILD/re2-2023-02-01/build'
[  290s] make[2]: Entering directory '/home/abuild/rpmbuild/BUILD/re2-2023-02-01/build'
[  290s] [ 50%] Linking CXX executable charclass_test
[  290s] /usr/bin/cmake -E cmake_link_script CMakeFiles/charclass_test.dir/link.txt --verbose=1
[  290s] /usr/bin/c++ -O2 -Wall -U_FORTIFY_SOURCE -D_FORTIFY_SOURCE=3 -fstack-protector-strong -funwind-tables -fasynchronous-unwind-tables -fstack-clash-protection -Werror=return-type -flto=auto -g -O3 -DNDEBUG -flto=auto -Wl,--as-needed -Wl,--no-undefined -Wl,-z,now CMakeFiles/charclass_test.dir/re2/testing/charclass_test.cc.o CMakeFiles/charclass_test.dir/util/test.cc.o -o charclass_test  -Wl,-rpath,/home/abuild/rpmbuild/BUILD/re2-2023-02-01/build libtesting.a libre2.so.10.0.0 /usr/lib64/libicuuc.so -ldl 
[  290s] make[2]: Leaving directory '/home/abuild/rpmbuild/BUILD/re2-2023-02-01/build'
[  291s] make[1]: Entering directory '/home/abuild/rpmbuild/BUILD/re2-2023-02-01/build'
[  291s] [ 57%] Built target charclass_test
[  291s] make[1]: Leaving directory '/home/abuild/rpmbuild/BUILD/re2-2023-02-01/build'
[  291s] /usr/bin/make  -f CMakeFiles/regexp_test.dir/build.make CMakeFiles/regexp_test.dir/depend
[  291s] make[2]: Entering directory '/home/abuild/rpmbuild/BUILD/re2-2023-02-01/build'
[  291s] cd /home/abuild/rpmbuild/BUILD/re2-2023-02-01/build && /usr/bin/cmake -E cmake_depends "Unix Makefiles" /home/abuild/rpmbuild/BUILD/re2-2023-02-01 /home/abuild/rpmbuild/BUILD/re2-2023-02-01 /home/abuild/rpmbuild/BUILD/re2-2023-02-01/build /home/abuild/rpmbuild/BUILD/re2-2023-02-01/build /home/abuild/rpmbuild/BUILD/re2-2023-02-01/build/CMakeFiles/regexp_test.dir/DependInfo.cmake
[  291s] make[2]: Leaving directory '/home/abuild/rpmbuild/BUILD/re2-2023-02-01/build'
[  291s] /usr/bin/make  -f CMakeFiles/regexp_test.dir/build.make CMakeFiles/regexp_test.dir/build
[  292s] make[2]: Entering directory '/home/abuild/rpmbuild/BUILD/re2-2023-02-01/build'
[  292s] [ 53%] Building CXX object CMakeFiles/possible_match_test.dir/util/test.cc.o
[  292s] /usr/bin/c++ -DRE2_USE_ICU -I/home/abuild/rpmbuild/BUILD/re2-2023-02-01 -O2 -Wall -U_FORTIFY_SOURCE -D_FORTIFY_SOURCE=3 -fstack-protector-strong -funwind-tables -fasynchronous-unwind-tables -fstack-clash-protection -Werror=return-type -flto=auto -g -O3 -DNDEBUG -MD -MT CMakeFiles/possible_match_test.dir/util/test.cc.o -MF CMakeFiles/possible_match_test.dir/util/test.cc.o.d -o CMakeFiles/possible_match_test.dir/util/test.cc.o -c /home/abuild/rpmbuild/BUILD/re2-2023-02-01/util/test.cc
[  292s] make[2]: Leaving directory '/home/abuild/rpmbuild/BUILD/re2-2023-02-01/build'
[  294s] make[2]: Entering directory '/home/abuild/rpmbuild/BUILD/re2-2023-02-01/build'
[  294s] [ 55%] Linking CXX executable mimics_pcre_test
[  294s] /usr/bin/cmake -E cmake_link_script CMakeFiles/mimics_pcre_test.dir/link.txt --verbose=1
[  294s] /usr/bin/c++ -O2 -Wall -U_FORTIFY_SOURCE -D_FORTIFY_SOURCE=3 -fstack-protector-strong -funwind-tables -fasynchronous-unwind-tables -fstack-clash-protection -Werror=return-type -flto=auto -g -O3 -DNDEBUG -flto=auto -Wl,--as-needed -Wl,--no-undefined -Wl,-z,now CMakeFiles/mimics_pcre_test.dir/re2/testing/mimics_pcre_test.cc.o CMakeFiles/mimics_pcre_test.dir/util/test.cc.o -o mimics_pcre_test  -Wl,-rpath,/home/abuild/rpmbuild/BUILD/re2-2023-02-01/build libtesting.a libre2.so.10.0.0 /usr/lib64/libicuuc.so -ldl 
[  294s] make[2]: Leaving directory '/home/abuild/rpmbuild/BUILD/re2-2023-02-01/build'
[  294s] make[1]: Entering directory '/home/abuild/rpmbuild/BUILD/re2-2023-02-01/build'
[  294s] [ 59%] Built target mimics_pcre_test
[  294s] make[1]: Leaving directory '/home/abuild/rpmbuild/BUILD/re2-2023-02-01/build'
[  294s] /usr/bin/make  -f CMakeFiles/required_prefix_test.dir/build.make CMakeFiles/required_prefix_test.dir/depend
[  294s] make[2]: Entering directory '/home/abuild/rpmbuild/BUILD/re2-2023-02-01/build'
[  294s] cd /home/abuild/rpmbuild/BUILD/re2-2023-02-01/build && /usr/bin/cmake -E cmake_depends "Unix Makefiles" /home/abuild/rpmbuild/BUILD/re2-2023-02-01 /home/abuild/rpmbuild/BUILD/re2-2023-02-01 /home/abuild/rpmbuild/BUILD/re2-2023-02-01/build /home/abuild/rpmbuild/BUILD/re2-2023-02-01/build /home/abuild/rpmbuild/BUILD/re2-2023-02-01/build/CMakeFiles/required_prefix_test.dir/DependInfo.cmake
[  294s] make[2]: Leaving directory '/home/abuild/rpmbuild/BUILD/re2-2023-02-01/build'
[  294s] /usr/bin/make  -f CMakeFiles/required_prefix_test.dir/build.make CMakeFiles/required_prefix_test.dir/build
[  295s] make[2]: Entering directory '/home/abuild/rpmbuild/BUILD/re2-2023-02-01/build'
[  295s] [ 53%] Linking CXX executable re2_arg_test
[  295s] /usr/bin/cmake -E cmake_link_script CMakeFiles/re2_arg_test.dir/link.txt --verbose=1
[  295s] /usr/bin/c++ -O2 -Wall -U_FORTIFY_SOURCE -D_FORTIFY_SOURCE=3 -fstack-protector-strong -funwind-tables -fasynchronous-unwind-tables -fstack-clash-protection -Werror=return-type -flto=auto -g -O3 -DNDEBUG -flto=auto -Wl,--as-needed -Wl,--no-undefined -Wl,-z,now CMakeFiles/re2_arg_test.dir/re2/testing/re2_arg_test.cc.o CMakeFiles/re2_arg_test.dir/util/test.cc.o -o re2_arg_test  -Wl,-rpath,/home/abuild/rpmbuild/BUILD/re2-2023-02-01/build libtesting.a libre2.so.10.0.0 /usr/lib64/libicuuc.so -ldl 
[  295s] make[2]: Leaving directory '/home/abuild/rpmbuild/BUILD/re2-2023-02-01/build'
[  295s] make[1]: Entering directory '/home/abuild/rpmbuild/BUILD/re2-2023-02-01/build'
[  295s] [ 60%] Built target re2_arg_test
[  295s] make[1]: Leaving directory '/home/abuild/rpmbuild/BUILD/re2-2023-02-01/build'
[  295s] /usr/bin/make  -f CMakeFiles/search_test.dir/build.make CMakeFiles/search_test.dir/depend
[  295s] make[2]: Entering directory '/home/abuild/rpmbuild/BUILD/re2-2023-02-01/build'
[  295s] cd /home/abuild/rpmbuild/BUILD/re2-2023-02-01/build && /usr/bin/cmake -E cmake_depends "Unix Makefiles" /home/abuild/rpmbuild/BUILD/re2-2023-02-01 /home/abuild/rpmbuild/BUILD/re2-2023-02-01 /home/abuild/rpmbuild/BUILD/re2-2023-02-01/build /home/abuild/rpmbuild/BUILD/re2-2023-02-01/build /home/abuild/rpmbuild/BUILD/re2-2023-02-01/build/CMakeFiles/search_test.dir/DependInfo.cmake
[  295s] make[2]: Leaving directory '/home/abuild/rpmbuild/BUILD/re2-2023-02-01/build'
[  295s] /usr/bin/make  -f CMakeFiles/search_test.dir/build.make CMakeFiles/search_test.dir/build
[  299s] make[2]: Entering directory '/home/abuild/rpmbuild/BUILD/re2-2023-02-01/build'
[  299s] [ 56%] Linking CXX executable compile_test
[  299s] /usr/bin/cmake -E cmake_link_script CMakeFiles/compile_test.dir/link.txt --verbose=1
[  299s] /usr/bin/c++ -O2 -Wall -U_FORTIFY_SOURCE -D_FORTIFY_SOURCE=3 -fstack-protector-strong -funwind-tables -fasynchronous-unwind-tables -fstack-clash-protection -Werror=return-type -flto=auto -g -O3 -DNDEBUG -flto=auto -Wl,--as-needed -Wl,--no-undefined -Wl,-z,now CMakeFiles/compile_test.dir/re2/testing/compile_test.cc.o CMakeFiles/compile_test.dir/util/test.cc.o -o compile_test  -Wl,-rpath,/home/abuild/rpmbuild/BUILD/re2-2023-02-01/build libtesting.a libre2.so.10.0.0 /usr/lib64/libicuuc.so -ldl 
[  299s] make[2]: Leaving directory '/home/abuild/rpmbuild/BUILD/re2-2023-02-01/build'
[  300s] make[2]: Entering directory '/home/abuild/rpmbuild/BUILD/re2-2023-02-01/build'
[  300s] [ 57%] Building CXX object CMakeFiles/re2_test.dir/util/test.cc.o
[  300s] /usr/bin/c++ -DRE2_USE_ICU -I/home/abuild/rpmbuild/BUILD/re2-2023-02-01 -O2 -Wall -U_FORTIFY_SOURCE -D_FORTIFY_SOURCE=3 -fstack-protector-strong -funwind-tables -fasynchronous-unwind-tables -fstack-clash-protection -Werror=return-type -flto=auto -g -O3 -DNDEBUG -MD -MT CMakeFiles/re2_test.dir/util/test.cc.o -MF CMakeFiles/re2_test.dir/util/test.cc.o.d -o CMakeFiles/re2_test.dir/util/test.cc.o -c /home/abuild/rpmbuild/BUILD/re2-2023-02-01/util/test.cc
[  300s] make[2]: Leaving directory '/home/abuild/rpmbuild/BUILD/re2-2023-02-01/build'
[  300s] make[1]: Entering directory '/home/abuild/rpmbuild/BUILD/re2-2023-02-01/build'
[  300s] [ 61%] Built target compile_test
[  300s] make[1]: Leaving directory '/home/abuild/rpmbuild/BUILD/re2-2023-02-01/build'
[  300s] /usr/bin/make  -f CMakeFiles/set_test.dir/build.make CMakeFiles/set_test.dir/depend
[  300s] make[2]: Entering directory '/home/abuild/rpmbuild/BUILD/re2-2023-02-01/build'
[  300s] cd /home/abuild/rpmbuild/BUILD/re2-2023-02-01/build && /usr/bin/cmake -E cmake_depends "Unix Makefiles" /home/abuild/rpmbuild/BUILD/re2-2023-02-01 /home/abuild/rpmbuild/BUILD/re2-2023-02-01 /home/abuild/rpmbuild/BUILD/re2-2023-02-01/build /home/abuild/rpmbuild/BUILD/re2-2023-02-01/build /home/abuild/rpmbuild/BUILD/re2-2023-02-01/build/CMakeFiles/set_test.dir/DependInfo.cmake
[  300s] make[2]: Leaving directory '/home/abuild/rpmbuild/BUILD/re2-2023-02-01/build'
[  300s] /usr/bin/make  -f CMakeFiles/set_test.dir/build.make CMakeFiles/set_test.dir/build
[  311s] make[2]: Entering directory '/home/abuild/rpmbuild/BUILD/re2-2023-02-01/build'
[  311s] [ 58%] Building CXX object CMakeFiles/regexp_test.dir/re2/testing/regexp_test.cc.o
[  311s] /usr/bin/c++ -DRE2_USE_ICU -I/home/abuild/rpmbuild/BUILD/re2-2023-02-01 -O2 -Wall -U_FORTIFY_SOURCE -D_FORTIFY_SOURCE=3 -fstack-protector-strong -funwind-tables -fasynchronous-unwind-tables -fstack-clash-protection -Werror=return-type -flto=auto -g -O3 -DNDEBUG -MD -MT CMakeFiles/regexp_test.dir/re2/testing/regexp_test.cc.o -MF CMakeFiles/regexp_test.dir/re2/testing/regexp_test.cc.o.d -o CMakeFiles/regexp_test.dir/re2/testing/regexp_test.cc.o -c /home/abuild/rpmbuild/BUILD/re2-2023-02-01/re2/testing/regexp_test.cc
[  311s] make[2]: Leaving directory '/home/abuild/rpmbuild/BUILD/re2-2023-02-01/build'
[  311s] make[2]: Entering directory '/home/abuild/rpmbuild/BUILD/re2-2023-02-01/build'
[  311s] [ 51%] Linking CXX executable parse_test
[  311s] /usr/bin/cmake -E cmake_link_script CMakeFiles/parse_test.dir/link.txt --verbose=1
[  311s] /usr/bin/c++ -O2 -Wall -U_FORTIFY_SOURCE -D_FORTIFY_SOURCE=3 -fstack-protector-strong -funwind-tables -fasynchronous-unwind-tables -fstack-clash-protection -Werror=return-type -flto=auto -g -O3 -DNDEBUG -flto=auto -Wl,--as-needed -Wl,--no-undefined -Wl,-z,now CMakeFiles/parse_test.dir/re2/testing/parse_test.cc.o CMakeFiles/parse_test.dir/util/test.cc.o -o parse_test  -Wl,-rpath,/home/abuild/rpmbuild/BUILD/re2-2023-02-01/build libtesting.a libre2.so.10.0.0 /usr/lib64/libicuuc.so -ldl 
[  311s] make[2]: Leaving directory '/home/abuild/rpmbuild/BUILD/re2-2023-02-01/build'
[  312s] make[1]: Entering directory '/home/abuild/rpmbuild/BUILD/re2-2023-02-01/build'
[  312s] [ 64%] Built target parse_test
[  312s] make[1]: Leaving directory '/home/abuild/rpmbuild/BUILD/re2-2023-02-01/build'
[  312s] /usr/bin/make  -f CMakeFiles/simplify_test.dir/build.make CMakeFiles/simplify_test.dir/depend
[  312s] make[2]: Entering directory '/home/abuild/rpmbuild/BUILD/re2-2023-02-01/build'
[  312s] cd /home/abuild/rpmbuild/BUILD/re2-2023-02-01/build && /usr/bin/cmake -E cmake_depends "Unix Makefiles" /home/abuild/rpmbuild/BUILD/re2-2023-02-01 /home/abuild/rpmbuild/BUILD/re2-2023-02-01 /home/abuild/rpmbuild/BUILD/re2-2023-02-01/build /home/abuild/rpmbuild/BUILD/re2-2023-02-01/build /home/abuild/rpmbuild/BUILD/re2-2023-02-01/build/CMakeFiles/simplify_test.dir/DependInfo.cmake
[  312s] make[2]: Leaving directory '/home/abuild/rpmbuild/BUILD/re2-2023-02-01/build'
[  312s] /usr/bin/make  -f CMakeFiles/simplify_test.dir/build.make CMakeFiles/simplify_test.dir/build
[  315s] make[2]: Entering directory '/home/abuild/rpmbuild/BUILD/re2-2023-02-01/build'
[  315s] [ 60%] Building CXX object CMakeFiles/required_prefix_test.dir/re2/testing/required_prefix_test.cc.o
[  315s] /usr/bin/c++ -DRE2_USE_ICU -I/home/abuild/rpmbuild/BUILD/re2-2023-02-01 -O2 -Wall -U_FORTIFY_SOURCE -D_FORTIFY_SOURCE=3 -fstack-protector-strong -funwind-tables -fasynchronous-unwind-tables -fstack-clash-protection -Werror=return-type -flto=auto -g -O3 -DNDEBUG -MD -MT CMakeFiles/required_prefix_test.dir/re2/testing/required_prefix_test.cc.o -MF CMakeFiles/required_prefix_test.dir/re2/testing/required_prefix_test.cc.o.d -o CMakeFiles/required_prefix_test.dir/re2/testing/required_prefix_test.cc.o -c /home/abuild/rpmbuild/BUILD/re2-2023-02-01/re2/testing/required_prefix_test.cc
[  315s] make[2]: Leaving directory '/home/abuild/rpmbuild/BUILD/re2-2023-02-01/build'
[  318s] make[2]: Entering directory '/home/abuild/rpmbuild/BUILD/re2-2023-02-01/build'
[  318s] [ 54%] Linking CXX executable filtered_re2_test
[  318s] /usr/bin/cmake -E cmake_link_script CMakeFiles/filtered_re2_test.dir/link.txt --verbose=1
[  318s] /usr/bin/c++ -O2 -Wall -U_FORTIFY_SOURCE -D_FORTIFY_SOURCE=3 -fstack-protector-strong -funwind-tables -fasynchronous-unwind-tables -fstack-clash-protection -Werror=return-type -flto=auto -g -O3 -DNDEBUG -flto=auto -Wl,--as-needed -Wl,--no-undefined -Wl,-z,now CMakeFiles/filtered_re2_test.dir/re2/testing/filtered_re2_test.cc.o CMakeFiles/filtered_re2_test.dir/util/test.cc.o -o filtered_re2_test  -Wl,-rpath,/home/abuild/rpmbuild/BUILD/re2-2023-02-01/build libtesting.a libre2.so.10.0.0 /usr/lib64/libicuuc.so -ldl 
[  318s] make[2]: Leaving directory '/home/abuild/rpmbuild/BUILD/re2-2023-02-01/build'
[  318s] make[1]: Entering directory '/home/abuild/rpmbuild/BUILD/re2-2023-02-01/build'
[  318s] [ 66%] Built target filtered_re2_test
[  318s] make[1]: Leaving directory '/home/abuild/rpmbuild/BUILD/re2-2023-02-01/build'
[  318s] /usr/bin/make  -f CMakeFiles/string_generator_test.dir/build.make CMakeFiles/string_generator_test.dir/depend
[  319s] make[2]: Entering directory '/home/abuild/rpmbuild/BUILD/re2-2023-02-01/build'
[  319s] cd /home/abuild/rpmbuild/BUILD/re2-2023-02-01/build && /usr/bin/cmake -E cmake_depends "Unix Makefiles" /home/abuild/rpmbuild/BUILD/re2-2023-02-01 /home/abuild/rpmbuild/BUILD/re2-2023-02-01 /home/abuild/rpmbuild/BUILD/re2-2023-02-01/build /home/abuild/rpmbuild/BUILD/re2-2023-02-01/build /home/abuild/rpmbuild/BUILD/re2-2023-02-01/build/CMakeFiles/string_generator_test.dir/DependInfo.cmake
[  319s] make[2]: Leaving directory '/home/abuild/rpmbuild/BUILD/re2-2023-02-01/build'
[  319s] /usr/bin/make  -f CMakeFiles/string_generator_test.dir/build.make CMakeFiles/string_generator_test.dir/build
[  321s] make[2]: Entering directory '/home/abuild/rpmbuild/BUILD/re2-2023-02-01/build'
[  321s] [ 64%] Building CXX object CMakeFiles/regexp_test.dir/util/test.cc.o
[  321s] /usr/bin/c++ -DRE2_USE_ICU -I/home/abuild/rpmbuild/BUILD/re2-2023-02-01 -O2 -Wall -U_FORTIFY_SOURCE -D_FORTIFY_SOURCE=3 -fstack-protector-strong -funwind-tables -fasynchronous-unwind-tables -fstack-clash-protection -Werror=return-type -flto=auto -g -O3 -DNDEBUG -MD -MT CMakeFiles/regexp_test.dir/util/test.cc.o -MF CMakeFiles/regexp_test.dir/util/test.cc.o.d -o CMakeFiles/regexp_test.dir/util/test.cc.o -c /home/abuild/rpmbuild/BUILD/re2-2023-02-01/util/test.cc
[  321s] make[2]: Leaving directory '/home/abuild/rpmbuild/BUILD/re2-2023-02-01/build'
[  321s] make[2]: Entering directory '/home/abuild/rpmbuild/BUILD/re2-2023-02-01/build'
[  321s] [ 61%] Building CXX object CMakeFiles/search_test.dir/re2/testing/search_test.cc.o
[  321s] /usr/bin/c++ -DRE2_USE_ICU -I/home/abuild/rpmbuild/BUILD/re2-2023-02-01 -O2 -Wall -U_FORTIFY_SOURCE -D_FORTIFY_SOURCE=3 -fstack-protector-strong -funwind-tables -fasynchronous-unwind-tables -fstack-clash-protection -Werror=return-type -flto=auto -g -O3 -DNDEBUG -MD -MT CMakeFiles/search_test.dir/re2/testing/search_test.cc.o -MF CMakeFiles/search_test.dir/re2/testing/search_test.cc.o.d -o CMakeFiles/search_test.dir/re2/testing/search_test.cc.o -c /home/abuild/rpmbuild/BUILD/re2-2023-02-01/re2/testing/search_test.cc
[  321s] make[2]: Leaving directory '/home/abuild/rpmbuild/BUILD/re2-2023-02-01/build'
[  322s] make[2]: Entering directory '/home/abuild/rpmbuild/BUILD/re2-2023-02-01/build'
[  322s] [ 63%] Building CXX object CMakeFiles/set_test.dir/re2/testing/set_test.cc.o
[  322s] /usr/bin/c++ -DRE2_USE_ICU -I/home/abuild/rpmbuild/BUILD/re2-2023-02-01 -O2 -Wall -U_FORTIFY_SOURCE -D_FORTIFY_SOURCE=3 -fstack-protector-strong -funwind-tables -fasynchronous-unwind-tables -fstack-clash-protection -Werror=return-type -flto=auto -g -O3 -DNDEBUG -MD -MT CMakeFiles/set_test.dir/re2/testing/set_test.cc.o -MF CMakeFiles/set_test.dir/re2/testing/set_test.cc.o.d -o CMakeFiles/set_test.dir/re2/testing/set_test.cc.o -c /home/abuild/rpmbuild/BUILD/re2-2023-02-01/re2/testing/set_test.cc
[  322s] make[2]: Leaving directory '/home/abuild/rpmbuild/BUILD/re2-2023-02-01/build'
[  325s] make[2]: Entering directory '/home/abuild/rpmbuild/BUILD/re2-2023-02-01/build'
[  325s] [ 66%] Building CXX object CMakeFiles/required_prefix_test.dir/util/test.cc.o
[  325s] /usr/bin/c++ -DRE2_USE_ICU -I/home/abuild/rpmbuild/BUILD/re2-2023-02-01 -O2 -Wall -U_FORTIFY_SOURCE -D_FORTIFY_SOURCE=3 -fstack-protector-strong -funwind-tables -fasynchronous-unwind-tables -fstack-clash-protection -Werror=return-type -flto=auto -g -O3 -DNDEBUG -MD -MT CMakeFiles/required_prefix_test.dir/util/test.cc.o -MF CMakeFiles/required_prefix_test.dir/util/test.cc.o.d -o CMakeFiles/required_prefix_test.dir/util/test.cc.o -c /home/abuild/rpmbuild/BUILD/re2-2023-02-01/util/test.cc
[  325s] make[2]: Leaving directory '/home/abuild/rpmbuild/BUILD/re2-2023-02-01/build'
[  326s] make[2]: Entering directory '/home/abuild/rpmbuild/BUILD/re2-2023-02-01/build'
[  326s] [ 65%] Building CXX object CMakeFiles/simplify_test.dir/re2/testing/simplify_test.cc.o
[  326s] /usr/bin/c++ -DRE2_USE_ICU -I/home/abuild/rpmbuild/BUILD/re2-2023-02-01 -O2 -Wall -U_FORTIFY_SOURCE -D_FORTIFY_SOURCE=3 -fstack-protector-strong -funwind-tables -fasynchronous-unwind-tables -fstack-clash-protection -Werror=return-type -flto=auto -g -O3 -DNDEBUG -MD -MT CMakeFiles/simplify_test.dir/re2/testing/simplify_test.cc.o -MF CMakeFiles/simplify_test.dir/re2/testing/simplify_test.cc.o.d -o CMakeFiles/simplify_test.dir/re2/testing/simplify_test.cc.o -c /home/abuild/rpmbuild/BUILD/re2-2023-02-01/re2/testing/simplify_test.cc
[  326s] make[2]: Leaving directory '/home/abuild/rpmbuild/BUILD/re2-2023-02-01/build'
[  327s] make[2]: Entering directory '/home/abuild/rpmbuild/BUILD/re2-2023-02-01/build'
[  327s] [ 59%] Linking CXX executable possible_match_test
[  327s] /usr/bin/cmake -E cmake_link_script CMakeFiles/possible_match_test.dir/link.txt --verbose=1
[  327s] /usr/bin/c++ -O2 -Wall -U_FORTIFY_SOURCE -D_FORTIFY_SOURCE=3 -fstack-protector-strong -funwind-tables -fasynchronous-unwind-tables -fstack-clash-protection -Werror=return-type -flto=auto -g -O3 -DNDEBUG -flto=auto -Wl,--as-needed -Wl,--no-undefined -Wl,-z,now CMakeFiles/possible_match_test.dir/re2/testing/possible_match_test.cc.o CMakeFiles/possible_match_test.dir/util/test.cc.o -o possible_match_test  -Wl,-rpath,/home/abuild/rpmbuild/BUILD/re2-2023-02-01/build libtesting.a libre2.so.10.0.0 /usr/lib64/libicuuc.so -ldl 
[  327s] make[2]: Leaving directory '/home/abuild/rpmbuild/BUILD/re2-2023-02-01/build'
[  327s] make[1]: Entering directory '/home/abuild/rpmbuild/BUILD/re2-2023-02-01/build'
[  327s] [ 72%] Built target possible_match_test
[  327s] make[1]: Leaving directory '/home/abuild/rpmbuild/BUILD/re2-2023-02-01/build'
[  327s] /usr/bin/make  -f CMakeFiles/dfa_test.dir/build.make CMakeFiles/dfa_test.dir/depend
[  327s] make[2]: Entering directory '/home/abuild/rpmbuild/BUILD/re2-2023-02-01/build'
[  327s] cd /home/abuild/rpmbuild/BUILD/re2-2023-02-01/build && /usr/bin/cmake -E cmake_depends "Unix Makefiles" /home/abuild/rpmbuild/BUILD/re2-2023-02-01 /home/abuild/rpmbuild/BUILD/re2-2023-02-01 /home/abuild/rpmbuild/BUILD/re2-2023-02-01/build /home/abuild/rpmbuild/BUILD/re2-2023-02-01/build /home/abuild/rpmbuild/BUILD/re2-2023-02-01/build/CMakeFiles/dfa_test.dir/DependInfo.cmake
[  327s] make[2]: Leaving directory '/home/abuild/rpmbuild/BUILD/re2-2023-02-01/build'
[  327s] /usr/bin/make  -f CMakeFiles/dfa_test.dir/build.make CMakeFiles/dfa_test.dir/build
[  332s] make[2]: Entering directory '/home/abuild/rpmbuild/BUILD/re2-2023-02-01/build'
[  332s] [ 69%] Building CXX object CMakeFiles/search_test.dir/util/test.cc.o
[  332s] /usr/bin/c++ -DRE2_USE_ICU -I/home/abuild/rpmbuild/BUILD/re2-2023-02-01 -O2 -Wall -U_FORTIFY_SOURCE -D_FORTIFY_SOURCE=3 -fstack-protector-strong -funwind-tables -fasynchronous-unwind-tables -fstack-clash-protection -Werror=return-type -flto=auto -g -O3 -DNDEBUG -MD -MT CMakeFiles/search_test.dir/util/test.cc.o -MF CMakeFiles/search_test.dir/util/test.cc.o.d -o CMakeFiles/search_test.dir/util/test.cc.o -c /home/abuild/rpmbuild/BUILD/re2-2023-02-01/util/test.cc
[  332s] make[2]: Leaving directory '/home/abuild/rpmbuild/BUILD/re2-2023-02-01/build'
[  334s] make[2]: Entering directory '/home/abuild/rpmbuild/BUILD/re2-2023-02-01/build'
[  334s] [ 70%] Building CXX object CMakeFiles/set_test.dir/util/test.cc.o
[  334s] /usr/bin/c++ -DRE2_USE_ICU -I/home/abuild/rpmbuild/BUILD/re2-2023-02-01 -O2 -Wall -U_FORTIFY_SOURCE -D_FORTIFY_SOURCE=3 -fstack-protector-strong -funwind-tables -fasynchronous-unwind-tables -fstack-clash-protection -Werror=return-type -flto=auto -g -O3 -DNDEBUG -MD -MT CMakeFiles/set_test.dir/util/test.cc.o -MF CMakeFiles/set_test.dir/util/test.cc.o.d -o CMakeFiles/set_test.dir/util/test.cc.o -c /home/abuild/rpmbuild/BUILD/re2-2023-02-01/util/test.cc
[  334s] make[2]: Leaving directory '/home/abuild/rpmbuild/BUILD/re2-2023-02-01/build'
[  334s] make[2]: Entering directory '/home/abuild/rpmbuild/BUILD/re2-2023-02-01/build'
[  334s] [ 68%] Linking CXX executable regexp_test
[  334s] /usr/bin/cmake -E cmake_link_script CMakeFiles/regexp_test.dir/link.txt --verbose=1
[  334s] /usr/bin/c++ -O2 -Wall -U_FORTIFY_SOURCE -D_FORTIFY_SOURCE=3 -fstack-protector-strong -funwind-tables -fasynchronous-unwind-tables -fstack-clash-protection -Werror=return-type -flto=auto -g -O3 -DNDEBUG -flto=auto -Wl,--as-needed -Wl,--no-undefined -Wl,-z,now CMakeFiles/regexp_test.dir/re2/testing/regexp_test.cc.o CMakeFiles/regexp_test.dir/util/test.cc.o -o regexp_test  -Wl,-rpath,/home/abuild/rpmbuild/BUILD/re2-2023-02-01/build libtesting.a libre2.so.10.0.0 /usr/lib64/libicuuc.so -ldl 
[  334s] make[2]: Leaving directory '/home/abuild/rpmbuild/BUILD/re2-2023-02-01/build'
[  334s] make[1]: Entering directory '/home/abuild/rpmbuild/BUILD/re2-2023-02-01/build'
[  334s] [ 76%] Built target regexp_test
[  334s] make[1]: Leaving directory '/home/abuild/rpmbuild/BUILD/re2-2023-02-01/build'
[  334s] /usr/bin/make  -f CMakeFiles/exhaustive1_test.dir/build.make CMakeFiles/exhaustive1_test.dir/depend
[  335s] make[2]: Entering directory '/home/abuild/rpmbuild/BUILD/re2-2023-02-01/build'
[  335s] cd /home/abuild/rpmbuild/BUILD/re2-2023-02-01/build && /usr/bin/cmake -E cmake_depends "Unix Makefiles" /home/abuild/rpmbuild/BUILD/re2-2023-02-01 /home/abuild/rpmbuild/BUILD/re2-2023-02-01 /home/abuild/rpmbuild/BUILD/re2-2023-02-01/build /home/abuild/rpmbuild/BUILD/re2-2023-02-01/build /home/abuild/rpmbuild/BUILD/re2-2023-02-01/build/CMakeFiles/exhaustive1_test.dir/DependInfo.cmake
[  335s] make[2]: Leaving directory '/home/abuild/rpmbuild/BUILD/re2-2023-02-01/build'
[  335s] /usr/bin/make  -f CMakeFiles/exhaustive1_test.dir/build.make CMakeFiles/exhaustive1_test.dir/build
[  337s] make[2]: Entering directory '/home/abuild/rpmbuild/BUILD/re2-2023-02-01/build'
[  337s] [ 72%] Building CXX object CMakeFiles/simplify_test.dir/util/test.cc.o
[  337s] /usr/bin/c++ -DRE2_USE_ICU -I/home/abuild/rpmbuild/BUILD/re2-2023-02-01 -O2 -Wall -U_FORTIFY_SOURCE -D_FORTIFY_SOURCE=3 -fstack-protector-strong -funwind-tables -fasynchronous-unwind-tables -fstack-clash-protection -Werror=return-type -flto=auto -g -O3 -DNDEBUG -MD -MT CMakeFiles/simplify_test.dir/util/test.cc.o -MF CMakeFiles/simplify_test.dir/util/test.cc.o.d -o CMakeFiles/simplify_test.dir/util/test.cc.o -c /home/abuild/rpmbuild/BUILD/re2-2023-02-01/util/test.cc
[  337s] make[2]: Leaving directory '/home/abuild/rpmbuild/BUILD/re2-2023-02-01/build'
[  338s] make[2]: Entering directory '/home/abuild/rpmbuild/BUILD/re2-2023-02-01/build'
[  338s] [ 67%] Building CXX object CMakeFiles/string_generator_test.dir/re2/testing/string_generator_test.cc.o
[  338s] /usr/bin/c++ -DRE2_USE_ICU -I/home/abuild/rpmbuild/BUILD/re2-2023-02-01 -O2 -Wall -U_FORTIFY_SOURCE -D_FORTIFY_SOURCE=3 -fstack-protector-strong -funwind-tables -fasynchronous-unwind-tables -fstack-clash-protection -Werror=return-type -flto=auto -g -O3 -DNDEBUG -MD -MT CMakeFiles/string_generator_test.dir/re2/testing/string_generator_test.cc.o -MF CMakeFiles/string_generator_test.dir/re2/testing/string_generator_test.cc.o.d -o CMakeFiles/string_generator_test.dir/re2/testing/string_generator_test.cc.o -c /home/abuild/rpmbuild/BUILD/re2-2023-02-01/re2/testing/string_generator_test.cc
[  338s] make[2]: Leaving directory '/home/abuild/rpmbuild/BUILD/re2-2023-02-01/build'
[  343s] make[2]: Entering directory '/home/abuild/rpmbuild/BUILD/re2-2023-02-01/build'
[  343s] [ 71%] Linking CXX executable required_prefix_test
[  343s] /usr/bin/cmake -E cmake_link_script CMakeFiles/required_prefix_test.dir/link.txt --verbose=1
[  343s] /usr/bin/c++ -O2 -Wall -U_FORTIFY_SOURCE -D_FORTIFY_SOURCE=3 -fstack-protector-strong -funwind-tables -fasynchronous-unwind-tables -fstack-clash-protection -Werror=return-type -flto=auto -g -O3 -DNDEBUG -flto=auto -Wl,--as-needed -Wl,--no-undefined -Wl,-z,now CMakeFiles/required_prefix_test.dir/re2/testing/required_prefix_test.cc.o CMakeFiles/required_prefix_test.dir/util/test.cc.o -o required_prefix_test  -Wl,-rpath,/home/abuild/rpmbuild/BUILD/re2-2023-02-01/build libtesting.a libre2.so.10.0.0 /usr/lib64/libicuuc.so -ldl 
[  343s] make[2]: Leaving directory '/home/abuild/rpmbuild/BUILD/re2-2023-02-01/build'
[  343s] make[1]: Entering directory '/home/abuild/rpmbuild/BUILD/re2-2023-02-01/build'
[  343s] [ 79%] Built target required_prefix_test
[  343s] make[1]: Leaving directory '/home/abuild/rpmbuild/BUILD/re2-2023-02-01/build'
[  343s] /usr/bin/make  -f CMakeFiles/exhaustive2_test.dir/build.make CMakeFiles/exhaustive2_test.dir/depend
[  344s] make[2]: Entering directory '/home/abuild/rpmbuild/BUILD/re2-2023-02-01/build'
[  344s] cd /home/abuild/rpmbuild/BUILD/re2-2023-02-01/build && /usr/bin/cmake -E cmake_depends "Unix Makefiles" /home/abuild/rpmbuild/BUILD/re2-2023-02-01 /home/abuild/rpmbuild/BUILD/re2-2023-02-01 /home/abuild/rpmbuild/BUILD/re2-2023-02-01/build /home/abuild/rpmbuild/BUILD/re2-2023-02-01/build /home/abuild/rpmbuild/BUILD/re2-2023-02-01/build/CMakeFiles/exhaustive2_test.dir/DependInfo.cmake
[  344s] make[2]: Leaving directory '/home/abuild/rpmbuild/BUILD/re2-2023-02-01/build'
[  344s] /usr/bin/make  -f CMakeFiles/exhaustive2_test.dir/build.make CMakeFiles/exhaustive2_test.dir/build
[  347s] make[2]: Entering directory '/home/abuild/rpmbuild/BUILD/re2-2023-02-01/build'
[  347s] [ 76%] Linking CXX executable set_test
[  347s] /usr/bin/cmake -E cmake_link_script CMakeFiles/set_test.dir/link.txt --verbose=1
[  347s] /usr/bin/c++ -O2 -Wall -U_FORTIFY_SOURCE -D_FORTIFY_SOURCE=3 -fstack-protector-strong -funwind-tables -fasynchronous-unwind-tables -fstack-clash-protection -Werror=return-type -flto=auto -g -O3 -DNDEBUG -flto=auto -Wl,--as-needed -Wl,--no-undefined -Wl,-z,now CMakeFiles/set_test.dir/re2/testing/set_test.cc.o CMakeFiles/set_test.dir/util/test.cc.o -o set_test  -Wl,-rpath,/home/abuild/rpmbuild/BUILD/re2-2023-02-01/build libtesting.a libre2.so.10.0.0 /usr/lib64/libicuuc.so -ldl 
[  347s] make[2]: Leaving directory '/home/abuild/rpmbuild/BUILD/re2-2023-02-01/build'
[  347s] make[1]: Entering directory '/home/abuild/rpmbuild/BUILD/re2-2023-02-01/build'
[  347s] [ 80%] Built target set_test
[  347s] make[1]: Leaving directory '/home/abuild/rpmbuild/BUILD/re2-2023-02-01/build'
[  347s] /usr/bin/make  -f CMakeFiles/exhaustive3_test.dir/build.make CMakeFiles/exhaustive3_test.dir/depend
[  348s] make[2]: Entering directory '/home/abuild/rpmbuild/BUILD/re2-2023-02-01/build'
[  348s] [ 78%] Linking CXX executable simplify_test
[  348s] /usr/bin/cmake -E cmake_link_script CMakeFiles/simplify_test.dir/link.txt --verbose=1
[  348s] /usr/bin/c++ -O2 -Wall -U_FORTIFY_SOURCE -D_FORTIFY_SOURCE=3 -fstack-protector-strong -funwind-tables -fasynchronous-unwind-tables -fstack-clash-protection -Werror=return-type -flto=auto -g -O3 -DNDEBUG -flto=auto -Wl,--as-needed -Wl,--no-undefined -Wl,-z,now CMakeFiles/simplify_test.dir/re2/testing/simplify_test.cc.o CMakeFiles/simplify_test.dir/util/test.cc.o -o simplify_test  -Wl,-rpath,/home/abuild/rpmbuild/BUILD/re2-2023-02-01/build libtesting.a libre2.so.10.0.0 /usr/lib64/libicuuc.so -ldl 
[  348s] make[2]: Leaving directory '/home/abuild/rpmbuild/BUILD/re2-2023-02-01/build'
[  348s] make[2]: Entering directory '/home/abuild/rpmbuild/BUILD/re2-2023-02-01/build'
[  348s] cd /home/abuild/rpmbuild/BUILD/re2-2023-02-01/build && /usr/bin/cmake -E cmake_depends "Unix Makefiles" /home/abuild/rpmbuild/BUILD/re2-2023-02-01 /home/abuild/rpmbuild/BUILD/re2-2023-02-01 /home/abuild/rpmbuild/BUILD/re2-2023-02-01/build /home/abuild/rpmbuild/BUILD/re2-2023-02-01/build /home/abuild/rpmbuild/BUILD/re2-2023-02-01/build/CMakeFiles/exhaustive3_test.dir/DependInfo.cmake
[  348s] make[2]: Leaving directory '/home/abuild/rpmbuild/BUILD/re2-2023-02-01/build'
[  348s] /usr/bin/make  -f CMakeFiles/exhaustive3_test.dir/build.make CMakeFiles/exhaustive3_test.dir/build
[  348s] make[1]: Entering directory '/home/abuild/rpmbuild/BUILD/re2-2023-02-01/build'
[  348s] [ 80%] Built target simplify_test
[  348s] make[1]: Leaving directory '/home/abuild/rpmbuild/BUILD/re2-2023-02-01/build'
[  348s] /usr/bin/make  -f CMakeFiles/exhaustive_test.dir/build.make CMakeFiles/exhaustive_test.dir/depend
[  348s] make[2]: Entering directory '/home/abuild/rpmbuild/BUILD/re2-2023-02-01/build'
[  348s] cd /home/abuild/rpmbuild/BUILD/re2-2023-02-01/build && /usr/bin/cmake -E cmake_depends "Unix Makefiles" /home/abuild/rpmbuild/BUILD/re2-2023-02-01 /home/abuild/rpmbuild/BUILD/re2-2023-02-01 /home/abuild/rpmbuild/BUILD/re2-2023-02-01/build /home/abuild/rpmbuild/BUILD/re2-2023-02-01/build /home/abuild/rpmbuild/BUILD/re2-2023-02-01/build/CMakeFiles/exhaustive_test.dir/DependInfo.cmake
[  348s] make[2]: Leaving directory '/home/abuild/rpmbuild/BUILD/re2-2023-02-01/build'
[  348s] /usr/bin/make  -f CMakeFiles/exhaustive_test.dir/build.make CMakeFiles/exhaustive_test.dir/build
[  350s] make[2]: Entering directory '/home/abuild/rpmbuild/BUILD/re2-2023-02-01/build'
[  350s] [ 79%] Building CXX object CMakeFiles/string_generator_test.dir/util/test.cc.o
[  350s] /usr/bin/c++ -DRE2_USE_ICU -I/home/abuild/rpmbuild/BUILD/re2-2023-02-01 -O2 -Wall -U_FORTIFY_SOURCE -D_FORTIFY_SOURCE=3 -fstack-protector-strong -funwind-tables -fasynchronous-unwind-tables -fstack-clash-protection -Werror=return-type -flto=auto -g -O3 -DNDEBUG -MD -MT CMakeFiles/string_generator_test.dir/util/test.cc.o -MF CMakeFiles/string_generator_test.dir/util/test.cc.o.d -o CMakeFiles/string_generator_test.dir/util/test.cc.o -c /home/abuild/rpmbuild/BUILD/re2-2023-02-01/util/test.cc
[  350s] make[2]: Leaving directory '/home/abuild/rpmbuild/BUILD/re2-2023-02-01/build'
[  356s] make[2]: Entering directory '/home/abuild/rpmbuild/BUILD/re2-2023-02-01/build'
[  356s] [ 77%] Building CXX object CMakeFiles/exhaustive1_test.dir/re2/testing/exhaustive1_test.cc.o
[  356s] /usr/bin/c++ -DRE2_USE_ICU -I/home/abuild/rpmbuild/BUILD/re2-2023-02-01 -O2 -Wall -U_FORTIFY_SOURCE -D_FORTIFY_SOURCE=3 -fstack-protector-strong -funwind-tables -fasynchronous-unwind-tables -fstack-clash-protection -Werror=return-type -flto=auto -g -O3 -DNDEBUG -MD -MT CMakeFiles/exhaustive1_test.dir/re2/testing/exhaustive1_test.cc.o -MF CMakeFiles/exhaustive1_test.dir/re2/testing/exhaustive1_test.cc.o.d -o CMakeFiles/exhaustive1_test.dir/re2/testing/exhaustive1_test.cc.o -c /home/abuild/rpmbuild/BUILD/re2-2023-02-01/re2/testing/exhaustive1_test.cc
[  356s] make[2]: Leaving directory '/home/abuild/rpmbuild/BUILD/re2-2023-02-01/build'
[  362s] make[2]: Entering directory '/home/abuild/rpmbuild/BUILD/re2-2023-02-01/build'
[  362s] [ 73%] Building CXX object CMakeFiles/dfa_test.dir/re2/testing/dfa_test.cc.o
[  362s] /usr/bin/c++ -DRE2_USE_ICU -I/home/abuild/rpmbuild/BUILD/re2-2023-02-01 -O2 -Wall -U_FORTIFY_SOURCE -D_FORTIFY_SOURCE=3 -fstack-protector-strong -funwind-tables -fasynchronous-unwind-tables -fstack-clash-protection -Werror=return-type -flto=auto -g -O3 -DNDEBUG -MD -MT CMakeFiles/dfa_test.dir/re2/testing/dfa_test.cc.o -MF CMakeFiles/dfa_test.dir/re2/testing/dfa_test.cc.o.d -o CMakeFiles/dfa_test.dir/re2/testing/dfa_test.cc.o -c /home/abuild/rpmbuild/BUILD/re2-2023-02-01/re2/testing/dfa_test.cc
[  362s] make[2]: Leaving directory '/home/abuild/rpmbuild/BUILD/re2-2023-02-01/build'
[  364s] make[2]: Entering directory '/home/abuild/rpmbuild/BUILD/re2-2023-02-01/build'
[  364s] [ 75%] Linking CXX executable search_test
[  364s] /usr/bin/cmake -E cmake_link_script CMakeFiles/search_test.dir/link.txt --verbose=1
[  364s] /usr/bin/c++ -O2 -Wall -U_FORTIFY_SOURCE -D_FORTIFY_SOURCE=3 -fstack-protector-strong -funwind-tables -fasynchronous-unwind-tables -fstack-clash-protection -Werror=return-type -flto=auto -g -O3 -DNDEBUG -flto=auto -Wl,--as-needed -Wl,--no-undefined -Wl,-z,now CMakeFiles/search_test.dir/re2/testing/search_test.cc.o CMakeFiles/search_test.dir/util/test.cc.o -o search_test  -Wl,-rpath,/home/abuild/rpmbuild/BUILD/re2-2023-02-01/build libtesting.a libre2.so.10.0.0 /usr/lib64/libicuuc.so -ldl 
[  364s] make[2]: Leaving directory '/home/abuild/rpmbuild/BUILD/re2-2023-02-01/build'
[  364s] make[1]: Entering directory '/home/abuild/rpmbuild/BUILD/re2-2023-02-01/build'
[  364s] [ 85%] Built target search_test
[  364s] make[1]: Leaving directory '/home/abuild/rpmbuild/BUILD/re2-2023-02-01/build'
[  364s] /usr/bin/make  -f CMakeFiles/random_test.dir/build.make CMakeFiles/random_test.dir/depend
[  364s] make[2]: Entering directory '/home/abuild/rpmbuild/BUILD/re2-2023-02-01/build'
[  364s] cd /home/abuild/rpmbuild/BUILD/re2-2023-02-01/build && /usr/bin/cmake -E cmake_depends "Unix Makefiles" /home/abuild/rpmbuild/BUILD/re2-2023-02-01 /home/abuild/rpmbuild/BUILD/re2-2023-02-01 /home/abuild/rpmbuild/BUILD/re2-2023-02-01/build /home/abuild/rpmbuild/BUILD/re2-2023-02-01/build /home/abuild/rpmbuild/BUILD/re2-2023-02-01/build/CMakeFiles/random_test.dir/DependInfo.cmake
[  364s] make[2]: Leaving directory '/home/abuild/rpmbuild/BUILD/re2-2023-02-01/build'
[  364s] /usr/bin/make  -f CMakeFiles/random_test.dir/build.make CMakeFiles/random_test.dir/build
[  365s] make[2]: Entering directory '/home/abuild/rpmbuild/BUILD/re2-2023-02-01/build'
[  365s] [ 80%] Building CXX object CMakeFiles/exhaustive2_test.dir/re2/testing/exhaustive2_test.cc.o
[  365s] /usr/bin/c++ -DRE2_USE_ICU -I/home/abuild/rpmbuild/BUILD/re2-2023-02-01 -O2 -Wall -U_FORTIFY_SOURCE -D_FORTIFY_SOURCE=3 -fstack-protector-strong -funwind-tables -fasynchronous-unwind-tables -fstack-clash-protection -Werror=return-type -flto=auto -g -O3 -DNDEBUG -MD -MT CMakeFiles/exhaustive2_test.dir/re2/testing/exhaustive2_test.cc.o -MF CMakeFiles/exhaustive2_test.dir/re2/testing/exhaustive2_test.cc.o.d -o CMakeFiles/exhaustive2_test.dir/re2/testing/exhaustive2_test.cc.o -c /home/abuild/rpmbuild/BUILD/re2-2023-02-01/re2/testing/exhaustive2_test.cc
[  365s] make[2]: Leaving directory '/home/abuild/rpmbuild/BUILD/re2-2023-02-01/build'
[  366s] make[2]: Entering directory '/home/abuild/rpmbuild/BUILD/re2-2023-02-01/build'
[  366s] [ 83%] Linking CXX executable string_generator_test
[  366s] /usr/bin/cmake -E cmake_link_script CMakeFiles/string_generator_test.dir/link.txt --verbose=1
[  366s] /usr/bin/c++ -O2 -Wall -U_FORTIFY_SOURCE -D_FORTIFY_SOURCE=3 -fstack-protector-strong -funwind-tables -fasynchronous-unwind-tables -fstack-clash-protection -Werror=return-type -flto=auto -g -O3 -DNDEBUG -flto=auto -Wl,--as-needed -Wl,--no-undefined -Wl,-z,now CMakeFiles/string_generator_test.dir/re2/testing/string_generator_test.cc.o CMakeFiles/string_generator_test.dir/util/test.cc.o -o string_generator_test  -Wl,-rpath,/home/abuild/rpmbuild/BUILD/re2-2023-02-01/build libtesting.a libre2.so.10.0.0 /usr/lib64/libicuuc.so -ldl 
[  366s] make[2]: Leaving directory '/home/abuild/rpmbuild/BUILD/re2-2023-02-01/build'
[  366s] make[1]: Entering directory '/home/abuild/rpmbuild/BUILD/re2-2023-02-01/build'
[  366s] [ 87%] Built target string_generator_test
[  366s] make[1]: Leaving directory '/home/abuild/rpmbuild/BUILD/re2-2023-02-01/build'
[  366s] /usr/bin/make  -f CMakeFiles/regexp_benchmark.dir/build.make CMakeFiles/regexp_benchmark.dir/depend
[  367s] make[2]: Entering directory '/home/abuild/rpmbuild/BUILD/re2-2023-02-01/build'
[  367s] cd /home/abuild/rpmbuild/BUILD/re2-2023-02-01/build && /usr/bin/cmake -E cmake_depends "Unix Makefiles" /home/abuild/rpmbuild/BUILD/re2-2023-02-01 /home/abuild/rpmbuild/BUILD/re2-2023-02-01 /home/abuild/rpmbuild/BUILD/re2-2023-02-01/build /home/abuild/rpmbuild/BUILD/re2-2023-02-01/build /home/abuild/rpmbuild/BUILD/re2-2023-02-01/build/CMakeFiles/regexp_benchmark.dir/DependInfo.cmake
[  367s] make[2]: Leaving directory '/home/abuild/rpmbuild/BUILD/re2-2023-02-01/build'
[  367s] /usr/bin/make  -f CMakeFiles/regexp_benchmark.dir/build.make CMakeFiles/regexp_benchmark.dir/build
[  368s] make[2]: Entering directory '/home/abuild/rpmbuild/BUILD/re2-2023-02-01/build'
[  368s] [ 84%] Building CXX object CMakeFiles/exhaustive1_test.dir/util/test.cc.o
[  368s] /usr/bin/c++ -DRE2_USE_ICU -I/home/abuild/rpmbuild/BUILD/re2-2023-02-01 -O2 -Wall -U_FORTIFY_SOURCE -D_FORTIFY_SOURCE=3 -fstack-protector-strong -funwind-tables -fasynchronous-unwind-tables -fstack-clash-protection -Werror=return-type -flto=auto -g -O3 -DNDEBUG -MD -MT CMakeFiles/exhaustive1_test.dir/util/test.cc.o -MF CMakeFiles/exhaustive1_test.dir/util/test.cc.o.d -o CMakeFiles/exhaustive1_test.dir/util/test.cc.o -c /home/abuild/rpmbuild/BUILD/re2-2023-02-01/util/test.cc
[  368s] make[2]: Leaving directory '/home/abuild/rpmbuild/BUILD/re2-2023-02-01/build'
[  368s] make[2]: Entering directory '/home/abuild/rpmbuild/BUILD/re2-2023-02-01/build'
[  368s] [ 82%] Building CXX object CMakeFiles/exhaustive_test.dir/re2/testing/exhaustive_test.cc.o
[  368s] /usr/bin/c++ -DRE2_USE_ICU -I/home/abuild/rpmbuild/BUILD/re2-2023-02-01 -O2 -Wall -U_FORTIFY_SOURCE -D_FORTIFY_SOURCE=3 -fstack-protector-strong -funwind-tables -fasynchronous-unwind-tables -fstack-clash-protection -Werror=return-type -flto=auto -g -O3 -DNDEBUG -MD -MT CMakeFiles/exhaustive_test.dir/re2/testing/exhaustive_test.cc.o -MF CMakeFiles/exhaustive_test.dir/re2/testing/exhaustive_test.cc.o.d -o CMakeFiles/exhaustive_test.dir/re2/testing/exhaustive_test.cc.o -c /home/abuild/rpmbuild/BUILD/re2-2023-02-01/re2/testing/exhaustive_test.cc
[  368s] make[2]: Leaving directory '/home/abuild/rpmbuild/BUILD/re2-2023-02-01/build'
[  371s] make[2]: Entering directory '/home/abuild/rpmbuild/BUILD/re2-2023-02-01/build'
[  371s] [ 81%] Building CXX object CMakeFiles/exhaustive3_test.dir/re2/testing/exhaustive3_test.cc.o
[  371s] /usr/bin/c++ -DRE2_USE_ICU -I/home/abuild/rpmbuild/BUILD/re2-2023-02-01 -O2 -Wall -U_FORTIFY_SOURCE -D_FORTIFY_SOURCE=3 -fstack-protector-strong -funwind-tables -fasynchronous-unwind-tables -fstack-clash-protection -Werror=return-type -flto=auto -g -O3 -DNDEBUG -MD -MT CMakeFiles/exhaustive3_test.dir/re2/testing/exhaustive3_test.cc.o -MF CMakeFiles/exhaustive3_test.dir/re2/testing/exhaustive3_test.cc.o.d -o CMakeFiles/exhaustive3_test.dir/re2/testing/exhaustive3_test.cc.o -c /home/abuild/rpmbuild/BUILD/re2-2023-02-01/re2/testing/exhaustive3_test.cc
[  371s] make[2]: Leaving directory '/home/abuild/rpmbuild/BUILD/re2-2023-02-01/build'
[  374s] make[2]: Entering directory '/home/abuild/rpmbuild/BUILD/re2-2023-02-01/build'
[  374s] [ 85%] Building CXX object CMakeFiles/dfa_test.dir/util/test.cc.o
[  374s] /usr/bin/c++ -DRE2_USE_ICU -I/home/abuild/rpmbuild/BUILD/re2-2023-02-01 -O2 -Wall -U_FORTIFY_SOURCE -D_FORTIFY_SOURCE=3 -fstack-protector-strong -funwind-tables -fasynchronous-unwind-tables -fstack-clash-protection -Werror=return-type -flto=auto -g -O3 -DNDEBUG -MD -MT CMakeFiles/dfa_test.dir/util/test.cc.o -MF CMakeFiles/dfa_test.dir/util/test.cc.o.d -o CMakeFiles/dfa_test.dir/util/test.cc.o -c /home/abuild/rpmbuild/BUILD/re2-2023-02-01/util/test.cc
[  374s] make[2]: Leaving directory '/home/abuild/rpmbuild/BUILD/re2-2023-02-01/build'
[  377s] make[2]: Entering directory '/home/abuild/rpmbuild/BUILD/re2-2023-02-01/build'
[  377s] [ 87%] Building CXX object CMakeFiles/exhaustive2_test.dir/util/test.cc.o
[  377s] /usr/bin/c++ -DRE2_USE_ICU -I/home/abuild/rpmbuild/BUILD/re2-2023-02-01 -O2 -Wall -U_FORTIFY_SOURCE -D_FORTIFY_SOURCE=3 -fstack-protector-strong -funwind-tables -fasynchronous-unwind-tables -fstack-clash-protection -Werror=return-type -flto=auto -g -O3 -DNDEBUG -MD -MT CMakeFiles/exhaustive2_test.dir/util/test.cc.o -MF CMakeFiles/exhaustive2_test.dir/util/test.cc.o.d -o CMakeFiles/exhaustive2_test.dir/util/test.cc.o -c /home/abuild/rpmbuild/BUILD/re2-2023-02-01/util/test.cc
[  377s] make[2]: Leaving directory '/home/abuild/rpmbuild/BUILD/re2-2023-02-01/build'
[  380s] make[2]: Entering directory '/home/abuild/rpmbuild/BUILD/re2-2023-02-01/build'
[  380s] [ 90%] Building CXX object CMakeFiles/exhaustive_test.dir/util/test.cc.o
[  380s] /usr/bin/c++ -DRE2_USE_ICU -I/home/abuild/rpmbuild/BUILD/re2-2023-02-01 -O2 -Wall -U_FORTIFY_SOURCE -D_FORTIFY_SOURCE=3 -fstack-protector-strong -funwind-tables -fasynchronous-unwind-tables -fstack-clash-protection -Werror=return-type -flto=auto -g -O3 -DNDEBUG -MD -MT CMakeFiles/exhaustive_test.dir/util/test.cc.o -MF CMakeFiles/exhaustive_test.dir/util/test.cc.o.d -o CMakeFiles/exhaustive_test.dir/util/test.cc.o -c /home/abuild/rpmbuild/BUILD/re2-2023-02-01/util/test.cc
[  380s] make[2]: Leaving directory '/home/abuild/rpmbuild/BUILD/re2-2023-02-01/build'
[  383s] make[2]: Entering directory '/home/abuild/rpmbuild/BUILD/re2-2023-02-01/build'
[  383s] [ 91%] Building CXX object CMakeFiles/exhaustive3_test.dir/util/test.cc.o
[  383s] /usr/bin/c++ -DRE2_USE_ICU -I/home/abuild/rpmbuild/BUILD/re2-2023-02-01 -O2 -Wall -U_FORTIFY_SOURCE -D_FORTIFY_SOURCE=3 -fstack-protector-strong -funwind-tables -fasynchronous-unwind-tables -fstack-clash-protection -Werror=return-type -flto=auto -g -O3 -DNDEBUG -MD -MT CMakeFiles/exhaustive3_test.dir/util/test.cc.o -MF CMakeFiles/exhaustive3_test.dir/util/test.cc.o.d -o CMakeFiles/exhaustive3_test.dir/util/test.cc.o -c /home/abuild/rpmbuild/BUILD/re2-2023-02-01/util/test.cc
[  383s] make[2]: Leaving directory '/home/abuild/rpmbuild/BUILD/re2-2023-02-01/build'
[  383s] make[2]: Entering directory '/home/abuild/rpmbuild/BUILD/re2-2023-02-01/build'
[  383s] [ 62%] Linking CXX executable re2_test
[  383s] /usr/bin/cmake -E cmake_link_script CMakeFiles/re2_test.dir/link.txt --verbose=1
[  383s] /usr/bin/c++ -O2 -Wall -U_FORTIFY_SOURCE -D_FORTIFY_SOURCE=3 -fstack-protector-strong -funwind-tables -fasynchronous-unwind-tables -fstack-clash-protection -Werror=return-type -flto=auto -g -O3 -DNDEBUG -flto=auto -Wl,--as-needed -Wl,--no-undefined -Wl,-z,now CMakeFiles/re2_test.dir/re2/testing/re2_test.cc.o CMakeFiles/re2_test.dir/util/test.cc.o -o re2_test  -Wl,-rpath,/home/abuild/rpmbuild/BUILD/re2-2023-02-01/build libtesting.a libre2.so.10.0.0 /usr/lib64/libicuuc.so -ldl 
[  383s] make[2]: Leaving directory '/home/abuild/rpmbuild/BUILD/re2-2023-02-01/build'
[  383s] make[1]: Entering directory '/home/abuild/rpmbuild/BUILD/re2-2023-02-01/build'
[  383s] [ 95%] Built target re2_test
[  383s] make[1]: Leaving directory '/home/abuild/rpmbuild/BUILD/re2-2023-02-01/build'
[  386s] make[2]: Entering directory '/home/abuild/rpmbuild/BUILD/re2-2023-02-01/build'
[  386s] [ 86%] Building CXX object CMakeFiles/random_test.dir/re2/testing/random_test.cc.o
[  386s] /usr/bin/c++ -DRE2_USE_ICU -I/home/abuild/rpmbuild/BUILD/re2-2023-02-01 -O2 -Wall -U_FORTIFY_SOURCE -D_FORTIFY_SOURCE=3 -fstack-protector-strong -funwind-tables -fasynchronous-unwind-tables -fstack-clash-protection -Werror=return-type -flto=auto -g -O3 -DNDEBUG -MD -MT CMakeFiles/random_test.dir/re2/testing/random_test.cc.o -MF CMakeFiles/random_test.dir/re2/testing/random_test.cc.o.d -o CMakeFiles/random_test.dir/re2/testing/random_test.cc.o -c /home/abuild/rpmbuild/BUILD/re2-2023-02-01/re2/testing/random_test.cc
[  386s] make[2]: Leaving directory '/home/abuild/rpmbuild/BUILD/re2-2023-02-01/build'
[  397s] make[2]: Entering directory '/home/abuild/rpmbuild/BUILD/re2-2023-02-01/build'
[  397s] [ 92%] Linking CXX executable dfa_test
[  397s] /usr/bin/cmake -E cmake_link_script CMakeFiles/dfa_test.dir/link.txt --verbose=1
[  397s] /usr/bin/c++ -O2 -Wall -U_FORTIFY_SOURCE -D_FORTIFY_SOURCE=3 -fstack-protector-strong -funwind-tables -fasynchronous-unwind-tables -fstack-clash-protection -Werror=return-type -flto=auto -g -O3 -DNDEBUG -flto=auto -Wl,--as-needed -Wl,--no-undefined -Wl,-z,now CMakeFiles/dfa_test.dir/re2/testing/dfa_test.cc.o CMakeFiles/dfa_test.dir/util/test.cc.o -o dfa_test  -Wl,-rpath,/home/abuild/rpmbuild/BUILD/re2-2023-02-01/build libtesting.a libre2.so.10.0.0 /usr/lib64/libicuuc.so -ldl 
[  397s] make[2]: Leaving directory '/home/abuild/rpmbuild/BUILD/re2-2023-02-01/build'
[  397s] make[1]: Entering directory '/home/abuild/rpmbuild/BUILD/re2-2023-02-01/build'
[  397s] [ 96%] Built target dfa_test
[  397s] make[1]: Leaving directory '/home/abuild/rpmbuild/BUILD/re2-2023-02-01/build'
[  398s] make[2]: Entering directory '/home/abuild/rpmbuild/BUILD/re2-2023-02-01/build'
[  398s] [ 96%] Building CXX object CMakeFiles/random_test.dir/util/test.cc.o
[  398s] /usr/bin/c++ -DRE2_USE_ICU -I/home/abuild/rpmbuild/BUILD/re2-2023-02-01 -O2 -Wall -U_FORTIFY_SOURCE -D_FORTIFY_SOURCE=3 -fstack-protector-strong -funwind-tables -fasynchronous-unwind-tables -fstack-clash-protection -Werror=return-type -flto=auto -g -O3 -DNDEBUG -MD -MT CMakeFiles/random_test.dir/util/test.cc.o -MF CMakeFiles/random_test.dir/util/test.cc.o.d -o CMakeFiles/random_test.dir/util/test.cc.o -c /home/abuild/rpmbuild/BUILD/re2-2023-02-01/util/test.cc
[  398s] make[2]: Leaving directory '/home/abuild/rpmbuild/BUILD/re2-2023-02-01/build'
[  404s] make[2]: Entering directory '/home/abuild/rpmbuild/BUILD/re2-2023-02-01/build'
[  404s] [ 88%] Building CXX object CMakeFiles/regexp_benchmark.dir/re2/testing/regexp_benchmark.cc.o
[  404s] /usr/bin/c++ -DRE2_USE_ICU -I/home/abuild/rpmbuild/BUILD/re2-2023-02-01 -O2 -Wall -U_FORTIFY_SOURCE -D_FORTIFY_SOURCE=3 -fstack-protector-strong -funwind-tables -fasynchronous-unwind-tables -fstack-clash-protection -Werror=return-type -flto=auto -g -O3 -DNDEBUG -MD -MT CMakeFiles/regexp_benchmark.dir/re2/testing/regexp_benchmark.cc.o -MF CMakeFiles/regexp_benchmark.dir/re2/testing/regexp_benchmark.cc.o.d -o CMakeFiles/regexp_benchmark.dir/re2/testing/regexp_benchmark.cc.o -c /home/abuild/rpmbuild/BUILD/re2-2023-02-01/re2/testing/regexp_benchmark.cc
[  404s] make[2]: Leaving directory '/home/abuild/rpmbuild/BUILD/re2-2023-02-01/build'
[  415s] make[2]: Entering directory '/home/abuild/rpmbuild/BUILD/re2-2023-02-01/build'
[  415s] [ 89%] Linking CXX executable exhaustive1_test
[  415s] /usr/bin/cmake -E cmake_link_script CMakeFiles/exhaustive1_test.dir/link.txt --verbose=1
[  415s] /usr/bin/c++ -O2 -Wall -U_FORTIFY_SOURCE -D_FORTIFY_SOURCE=3 -fstack-protector-strong -funwind-tables -fasynchronous-unwind-tables -fstack-clash-protection -Werror=return-type -flto=auto -g -O3 -DNDEBUG -flto=auto -Wl,--as-needed -Wl,--no-undefined -Wl,-z,now CMakeFiles/exhaustive1_test.dir/re2/testing/exhaustive1_test.cc.o CMakeFiles/exhaustive1_test.dir/util/test.cc.o -o exhaustive1_test  -Wl,-rpath,/home/abuild/rpmbuild/BUILD/re2-2023-02-01/build libtesting.a libre2.so.10.0.0 /usr/lib64/libicuuc.so -ldl 
[  415s] make[2]: Leaving directory '/home/abuild/rpmbuild/BUILD/re2-2023-02-01/build'
[  416s] make[1]: Entering directory '/home/abuild/rpmbuild/BUILD/re2-2023-02-01/build'
[  416s] [ 98%] Built target exhaustive1_test
[  416s] make[1]: Leaving directory '/home/abuild/rpmbuild/BUILD/re2-2023-02-01/build'
[  423s] make[2]: Entering directory '/home/abuild/rpmbuild/BUILD/re2-2023-02-01/build'
[  423s] [ 98%] Building CXX object CMakeFiles/regexp_benchmark.dir/util/benchmark.cc.o
[  423s] /usr/bin/c++ -DRE2_USE_ICU -I/home/abuild/rpmbuild/BUILD/re2-2023-02-01 -O2 -Wall -U_FORTIFY_SOURCE -D_FORTIFY_SOURCE=3 -fstack-protector-strong -funwind-tables -fasynchronous-unwind-tables -fstack-clash-protection -Werror=return-type -flto=auto -g -O3 -DNDEBUG -MD -MT CMakeFiles/regexp_benchmark.dir/util/benchmark.cc.o -MF CMakeFiles/regexp_benchmark.dir/util/benchmark.cc.o.d -o CMakeFiles/regexp_benchmark.dir/util/benchmark.cc.o -c /home/abuild/rpmbuild/BUILD/re2-2023-02-01/util/benchmark.cc
[  423s] make[2]: Leaving directory '/home/abuild/rpmbuild/BUILD/re2-2023-02-01/build'
[  426s] make[2]: Entering directory '/home/abuild/rpmbuild/BUILD/re2-2023-02-01/build'
[  426s] [ 94%] Linking CXX executable exhaustive_test
[  426s] /usr/bin/cmake -E cmake_link_script CMakeFiles/exhaustive_test.dir/link.txt --verbose=1
[  426s] /usr/bin/c++ -O2 -Wall -U_FORTIFY_SOURCE -D_FORTIFY_SOURCE=3 -fstack-protector-strong -funwind-tables -fasynchronous-unwind-tables -fstack-clash-protection -Werror=return-type -flto=auto -g -O3 -DNDEBUG -flto=auto -Wl,--as-needed -Wl,--no-undefined -Wl,-z,now CMakeFiles/exhaustive_test.dir/re2/testing/exhaustive_test.cc.o CMakeFiles/exhaustive_test.dir/util/test.cc.o -o exhaustive_test  -Wl,-rpath,/home/abuild/rpmbuild/BUILD/re2-2023-02-01/build libtesting.a libre2.so.10.0.0 /usr/lib64/libicuuc.so -ldl 
[  426s] make[2]: Leaving directory '/home/abuild/rpmbuild/BUILD/re2-2023-02-01/build'
[  426s] make[1]: Entering directory '/home/abuild/rpmbuild/BUILD/re2-2023-02-01/build'
[  426s] [100%] Built target exhaustive_test
[  426s] make[1]: Leaving directory '/home/abuild/rpmbuild/BUILD/re2-2023-02-01/build'
[  426s] make[2]: Entering directory '/home/abuild/rpmbuild/BUILD/re2-2023-02-01/build'
[  426s] [ 93%] Linking CXX executable exhaustive2_test
[  426s] /usr/bin/cmake -E cmake_link_script CMakeFiles/exhaustive2_test.dir/link.txt --verbose=1
[  426s] /usr/bin/c++ -O2 -Wall -U_FORTIFY_SOURCE -D_FORTIFY_SOURCE=3 -fstack-protector-strong -funwind-tables -fasynchronous-unwind-tables -fstack-clash-protection -Werror=return-type -flto=auto -g -O3 -DNDEBUG -flto=auto -Wl,--as-needed -Wl,--no-undefined -Wl,-z,now CMakeFiles/exhaustive2_test.dir/re2/testing/exhaustive2_test.cc.o CMakeFiles/exhaustive2_test.dir/util/test.cc.o -o exhaustive2_test  -Wl,-rpath,/home/abuild/rpmbuild/BUILD/re2-2023-02-01/build libtesting.a libre2.so.10.0.0 /usr/lib64/libicuuc.so -ldl 
[  426s] make[2]: Leaving directory '/home/abuild/rpmbuild/BUILD/re2-2023-02-01/build'
[  426s] make[1]: Entering directory '/home/abuild/rpmbuild/BUILD/re2-2023-02-01/build'
[  426s] [100%] Built target exhaustive2_test
[  426s] make[1]: Leaving directory '/home/abuild/rpmbuild/BUILD/re2-2023-02-01/build'
[  430s] make[2]: Entering directory '/home/abuild/rpmbuild/BUILD/re2-2023-02-01/build'
[  430s] [ 95%] Linking CXX executable exhaustive3_test
[  430s] /usr/bin/cmake -E cmake_link_script CMakeFiles/exhaustive3_test.dir/link.txt --verbose=1
[  430s] /usr/bin/c++ -O2 -Wall -U_FORTIFY_SOURCE -D_FORTIFY_SOURCE=3 -fstack-protector-strong -funwind-tables -fasynchronous-unwind-tables -fstack-clash-protection -Werror=return-type -flto=auto -g -O3 -DNDEBUG -flto=auto -Wl,--as-needed -Wl,--no-undefined -Wl,-z,now CMakeFiles/exhaustive3_test.dir/re2/testing/exhaustive3_test.cc.o CMakeFiles/exhaustive3_test.dir/util/test.cc.o -o exhaustive3_test  -Wl,-rpath,/home/abuild/rpmbuild/BUILD/re2-2023-02-01/build libtesting.a libre2.so.10.0.0 /usr/lib64/libicuuc.so -ldl 
[  430s] make[2]: Leaving directory '/home/abuild/rpmbuild/BUILD/re2-2023-02-01/build'
[  430s] make[1]: Entering directory '/home/abuild/rpmbuild/BUILD/re2-2023-02-01/build'
[  430s] [100%] Built target exhaustive3_test
[  430s] make[1]: Leaving directory '/home/abuild/rpmbuild/BUILD/re2-2023-02-01/build'
[  442s] make[2]: Entering directory '/home/abuild/rpmbuild/BUILD/re2-2023-02-01/build'
[  442s] [ 97%] Linking CXX executable random_test
[  442s] /usr/bin/cmake -E cmake_link_script CMakeFiles/random_test.dir/link.txt --verbose=1
[  442s] /usr/bin/c++ -O2 -Wall -U_FORTIFY_SOURCE -D_FORTIFY_SOURCE=3 -fstack-protector-strong -funwind-tables -fasynchronous-unwind-tables -fstack-clash-protection -Werror=return-type -flto=auto -g -O3 -DNDEBUG -flto=auto -Wl,--as-needed -Wl,--no-undefined -Wl,-z,now CMakeFiles/random_test.dir/re2/testing/random_test.cc.o CMakeFiles/random_test.dir/util/test.cc.o -o random_test  -Wl,-rpath,/home/abuild/rpmbuild/BUILD/re2-2023-02-01/build libtesting.a libre2.so.10.0.0 /usr/lib64/libicuuc.so -ldl 
[  442s] make[2]: Leaving directory '/home/abuild/rpmbuild/BUILD/re2-2023-02-01/build'
[  443s] make[1]: Entering directory '/home/abuild/rpmbuild/BUILD/re2-2023-02-01/build'
[  443s] [100%] Built target random_test
[  443s] make[1]: Leaving directory '/home/abuild/rpmbuild/BUILD/re2-2023-02-01/build'
[  465s] make[2]: Entering directory '/home/abuild/rpmbuild/BUILD/re2-2023-02-01/build'
[  465s] [100%] Linking CXX executable regexp_benchmark
[  465s] /usr/bin/cmake -E cmake_link_script CMakeFiles/regexp_benchmark.dir/link.txt --verbose=1
[  465s] /usr/bin/c++ -O2 -Wall -U_FORTIFY_SOURCE -D_FORTIFY_SOURCE=3 -fstack-protector-strong -funwind-tables -fasynchronous-unwind-tables -fstack-clash-protection -Werror=return-type -flto=auto -g -O3 -DNDEBUG -flto=auto -Wl,--as-needed -Wl,--no-undefined -Wl,-z,now CMakeFiles/regexp_benchmark.dir/re2/testing/regexp_benchmark.cc.o CMakeFiles/regexp_benchmark.dir/util/benchmark.cc.o -o regexp_benchmark  -Wl,-rpath,/home/abuild/rpmbuild/BUILD/re2-2023-02-01/build libtesting.a libre2.so.10.0.0 /usr/lib64/libicuuc.so -ldl 
[  465s] make[2]: Leaving directory '/home/abuild/rpmbuild/BUILD/re2-2023-02-01/build'
[  466s] make[1]: Entering directory '/home/abuild/rpmbuild/BUILD/re2-2023-02-01/build'
[  466s] [100%] Built target regexp_benchmark
[  466s] make[1]: Leaving directory '/home/abuild/rpmbuild/BUILD/re2-2023-02-01/build'
[  466s] /usr/bin/cmake -E cmake_progress_start /home/abuild/rpmbuild/BUILD/re2-2023-02-01/build/CMakeFiles 0
[  466s] + RPM_EC=0
[  466s] ++ jobs -p
[  466s] + exit 0
[  466s] Executing(%install): /usr/bin/bash -e /var/tmp/rpm-tmp.hiNyAC
[  466s] + umask 022
[  466s] + cd /home/abuild/rpmbuild/BUILD
[  466s] + /usr/bin/rm -rf /home/abuild/rpmbuild/BUILDROOT/re2-20230201-51.1.riscv64
[  466s] + /usr/bin/mkdir -p /home/abuild/rpmbuild/BUILDROOT
[  466s] + /usr/bin/mkdir /home/abuild/rpmbuild/BUILDROOT/re2-20230201-51.1.riscv64
[  466s] + cd re2-2023-02-01
[  466s] + DESTDIR=/home/abuild/rpmbuild/BUILDROOT/re2-20230201-51.1.riscv64
[  466s] + /usr/bin/make install -C build
[  466s] make: Entering directory '/home/abuild/rpmbuild/BUILD/re2-2023-02-01/build'
[  466s] /usr/bin/cmake -S/home/abuild/rpmbuild/BUILD/re2-2023-02-01 -B/home/abuild/rpmbuild/BUILD/re2-2023-02-01/build --check-build-system CMakeFiles/Makefile.cmake 0
[  467s] /usr/bin/cmake -E cmake_progress_start /home/abuild/rpmbuild/BUILD/re2-2023-02-01/build/CMakeFiles /home/abuild/rpmbuild/BUILD/re2-2023-02-01/build//CMakeFiles/progress.marks
[  467s] /usr/bin/make  -f CMakeFiles/Makefile2 all
[  467s] make[1]: Entering directory '/home/abuild/rpmbuild/BUILD/re2-2023-02-01/build'
[  467s] /usr/bin/make  -f CMakeFiles/re2.dir/build.make CMakeFiles/re2.dir/depend
[  467s] make[2]: Entering directory '/home/abuild/rpmbuild/BUILD/re2-2023-02-01/build'
[  467s] cd /home/abuild/rpmbuild/BUILD/re2-2023-02-01/build && /usr/bin/cmake -E cmake_depends "Unix Makefiles" /home/abuild/rpmbuild/BUILD/re2-2023-02-01 /home/abuild/rpmbuild/BUILD/re2-2023-02-01 /home/abuild/rpmbuild/BUILD/re2-2023-02-01/build /home/abuild/rpmbuild/BUILD/re2-2023-02-01/build /home/abuild/rpmbuild/BUILD/re2-2023-02-01/build/CMakeFiles/re2.dir/DependInfo.cmake
[  468s] make[2]: Leaving directory '/home/abuild/rpmbuild/BUILD/re2-2023-02-01/build'
[  468s] /usr/bin/make  -f CMakeFiles/re2.dir/build.make CMakeFiles/re2.dir/build
[  468s] make[2]: Entering directory '/home/abuild/rpmbuild/BUILD/re2-2023-02-01/build'
[  468s] make[2]: Nothing to be done for 'CMakeFiles/re2.dir/build'.
[  468s] make[2]: Leaving directory '/home/abuild/rpmbuild/BUILD/re2-2023-02-01/build'
[  468s] [ 25%] Built target re2
[  468s] /usr/bin/make  -f CMakeFiles/testing.dir/build.make CMakeFiles/testing.dir/depend
[  468s] make[2]: Entering directory '/home/abuild/rpmbuild/BUILD/re2-2023-02-01/build'
[  468s] cd /home/abuild/rpmbuild/BUILD/re2-2023-02-01/build && /usr/bin/cmake -E cmake_depends "Unix Makefiles" /home/abuild/rpmbuild/BUILD/re2-2023-02-01 /home/abuild/rpmbuild/BUILD/re2-2023-02-01 /home/abuild/rpmbuild/BUILD/re2-2023-02-01/build /home/abuild/rpmbuild/BUILD/re2-2023-02-01/build /home/abuild/rpmbuild/BUILD/re2-2023-02-01/build/CMakeFiles/testing.dir/DependInfo.cmake
[  469s] make[2]: Leaving directory '/home/abuild/rpmbuild/BUILD/re2-2023-02-01/build'
[  469s] /usr/bin/make  -f CMakeFiles/testing.dir/build.make CMakeFiles/testing.dir/build
[  469s] make[2]: Entering directory '/home/abuild/rpmbuild/BUILD/re2-2023-02-01/build'
[  469s] make[2]: Nothing to be done for 'CMakeFiles/testing.dir/build'.
[  469s] make[2]: Leaving directory '/home/abuild/rpmbuild/BUILD/re2-2023-02-01/build'
[  469s] [ 34%] Built target testing
[  469s] /usr/bin/make  -f CMakeFiles/charclass_test.dir/build.make CMakeFiles/charclass_test.dir/depend
[  469s] make[2]: Entering directory '/home/abuild/rpmbuild/BUILD/re2-2023-02-01/build'
[  469s] cd /home/abuild/rpmbuild/BUILD/re2-2023-02-01/build && /usr/bin/cmake -E cmake_depends "Unix Makefiles" /home/abuild/rpmbuild/BUILD/re2-2023-02-01 /home/abuild/rpmbuild/BUILD/re2-2023-02-01 /home/abuild/rpmbuild/BUILD/re2-2023-02-01/build /home/abuild/rpmbuild/BUILD/re2-2023-02-01/build /home/abuild/rpmbuild/BUILD/re2-2023-02-01/build/CMakeFiles/charclass_test.dir/DependInfo.cmake
[  469s] make[2]: Leaving directory '/home/abuild/rpmbuild/BUILD/re2-2023-02-01/build'
[  469s] /usr/bin/make  -f CMakeFiles/charclass_test.dir/build.make CMakeFiles/charclass_test.dir/build
[  470s] make[2]: Entering directory '/home/abuild/rpmbuild/BUILD/re2-2023-02-01/build'
[  470s] make[2]: Nothing to be done for 'CMakeFiles/charclass_test.dir/build'.
[  470s] make[2]: Leaving directory '/home/abuild/rpmbuild/BUILD/re2-2023-02-01/build'
[  470s] [ 37%] Built target charclass_test
[  470s] /usr/bin/make  -f CMakeFiles/compile_test.dir/build.make CMakeFiles/compile_test.dir/depend
[  470s] make[2]: Entering directory '/home/abuild/rpmbuild/BUILD/re2-2023-02-01/build'
[  470s] cd /home/abuild/rpmbuild/BUILD/re2-2023-02-01/build && /usr/bin/cmake -E cmake_depends "Unix Makefiles" /home/abuild/rpmbuild/BUILD/re2-2023-02-01 /home/abuild/rpmbuild/BUILD/re2-2023-02-01 /home/abuild/rpmbuild/BUILD/re2-2023-02-01/build /home/abuild/rpmbuild/BUILD/re2-2023-02-01/build /home/abuild/rpmbuild/BUILD/re2-2023-02-01/build/CMakeFiles/compile_test.dir/DependInfo.cmake
[  470s] make[2]: Leaving directory '/home/abuild/rpmbuild/BUILD/re2-2023-02-01/build'
[  470s] /usr/bin/make  -f CMakeFiles/compile_test.dir/build.make CMakeFiles/compile_test.dir/build
[  470s] make[2]: Entering directory '/home/abuild/rpmbuild/BUILD/re2-2023-02-01/build'
[  470s] make[2]: Nothing to be done for 'CMakeFiles/compile_test.dir/build'.
[  470s] make[2]: Leaving directory '/home/abuild/rpmbuild/BUILD/re2-2023-02-01/build'
[  471s] [ 40%] Built target compile_test
[  471s] /usr/bin/make  -f CMakeFiles/filtered_re2_test.dir/build.make CMakeFiles/filtered_re2_test.dir/depend
[  471s] make[2]: Entering directory '/home/abuild/rpmbuild/BUILD/re2-2023-02-01/build'
[  471s] cd /home/abuild/rpmbuild/BUILD/re2-2023-02-01/build && /usr/bin/cmake -E cmake_depends "Unix Makefiles" /home/abuild/rpmbuild/BUILD/re2-2023-02-01 /home/abuild/rpmbuild/BUILD/re2-2023-02-01 /home/abuild/rpmbuild/BUILD/re2-2023-02-01/build /home/abuild/rpmbuild/BUILD/re2-2023-02-01/build /home/abuild/rpmbuild/BUILD/re2-2023-02-01/build/CMakeFiles/filtered_re2_test.dir/DependInfo.cmake
[  471s] make[2]: Leaving directory '/home/abuild/rpmbuild/BUILD/re2-2023-02-01/build'
[  471s] /usr/bin/make  -f CMakeFiles/filtered_re2_test.dir/build.make CMakeFiles/filtered_re2_test.dir/build
[  471s] make[2]: Entering directory '/home/abuild/rpmbuild/BUILD/re2-2023-02-01/build'
[  471s] make[2]: Nothing to be done for 'CMakeFiles/filtered_re2_test.dir/build'.
[  471s] make[2]: Leaving directory '/home/abuild/rpmbuild/BUILD/re2-2023-02-01/build'
[  471s] [ 43%] Built target filtered_re2_test
[  471s] /usr/bin/make  -f CMakeFiles/mimics_pcre_test.dir/build.make CMakeFiles/mimics_pcre_test.dir/depend
[  472s] make[2]: Entering directory '/home/abuild/rpmbuild/BUILD/re2-2023-02-01/build'
[  472s] cd /home/abuild/rpmbuild/BUILD/re2-2023-02-01/build && /usr/bin/cmake -E cmake_depends "Unix Makefiles" /home/abuild/rpmbuild/BUILD/re2-2023-02-01 /home/abuild/rpmbuild/BUILD/re2-2023-02-01 /home/abuild/rpmbuild/BUILD/re2-2023-02-01/build /home/abuild/rpmbuild/BUILD/re2-2023-02-01/build /home/abuild/rpmbuild/BUILD/re2-2023-02-01/build/CMakeFiles/mimics_pcre_test.dir/DependInfo.cmake
[  472s] make[2]: Leaving directory '/home/abuild/rpmbuild/BUILD/re2-2023-02-01/build'
[  472s] /usr/bin/make  -f CMakeFiles/mimics_pcre_test.dir/build.make CMakeFiles/mimics_pcre_test.dir/build
[  472s] make[2]: Entering directory '/home/abuild/rpmbuild/BUILD/re2-2023-02-01/build'
[  472s] make[2]: Nothing to be done for 'CMakeFiles/mimics_pcre_test.dir/build'.
[  472s] make[2]: Leaving directory '/home/abuild/rpmbuild/BUILD/re2-2023-02-01/build'
[  472s] [ 46%] Built target mimics_pcre_test
[  472s] /usr/bin/make  -f CMakeFiles/parse_test.dir/build.make CMakeFiles/parse_test.dir/depend
[  472s] make[2]: Entering directory '/home/abuild/rpmbuild/BUILD/re2-2023-02-01/build'
[  472s] cd /home/abuild/rpmbuild/BUILD/re2-2023-02-01/build && /usr/bin/cmake -E cmake_depends "Unix Makefiles" /home/abuild/rpmbuild/BUILD/re2-2023-02-01 /home/abuild/rpmbuild/BUILD/re2-2023-02-01 /home/abuild/rpmbuild/BUILD/re2-2023-02-01/build /home/abuild/rpmbuild/BUILD/re2-2023-02-01/build /home/abuild/rpmbuild/BUILD/re2-2023-02-01/build/CMakeFiles/parse_test.dir/DependInfo.cmake
[  473s] make[2]: Leaving directory '/home/abuild/rpmbuild/BUILD/re2-2023-02-01/build'
[  473s] /usr/bin/make  -f CMakeFiles/parse_test.dir/build.make CMakeFiles/parse_test.dir/build
[  473s] make[2]: Entering directory '/home/abuild/rpmbuild/BUILD/re2-2023-02-01/build'
[  473s] make[2]: Nothing to be done for 'CMakeFiles/parse_test.dir/build'.
[  473s] make[2]: Leaving directory '/home/abuild/rpmbuild/BUILD/re2-2023-02-01/build'
[  473s] [ 50%] Built target parse_test
[  473s] /usr/bin/make  -f CMakeFiles/possible_match_test.dir/build.make CMakeFiles/possible_match_test.dir/depend
[  473s] make[2]: Entering directory '/home/abuild/rpmbuild/BUILD/re2-2023-02-01/build'
[  473s] cd /home/abuild/rpmbuild/BUILD/re2-2023-02-01/build && /usr/bin/cmake -E cmake_depends "Unix Makefiles" /home/abuild/rpmbuild/BUILD/re2-2023-02-01 /home/abuild/rpmbuild/BUILD/re2-2023-02-01 /home/abuild/rpmbuild/BUILD/re2-2023-02-01/build /home/abuild/rpmbuild/BUILD/re2-2023-02-01/build /home/abuild/rpmbuild/BUILD/re2-2023-02-01/build/CMakeFiles/possible_match_test.dir/DependInfo.cmake
[  474s] make[2]: Leaving directory '/home/abuild/rpmbuild/BUILD/re2-2023-02-01/build'
[  474s] /usr/bin/make  -f CMakeFiles/possible_match_test.dir/build.make CMakeFiles/possible_match_test.dir/build
[  474s] make[2]: Entering directory '/home/abuild/rpmbuild/BUILD/re2-2023-02-01/build'
[  474s] make[2]: Nothing to be done for 'CMakeFiles/possible_match_test.dir/build'.
[  474s] make[2]: Leaving directory '/home/abuild/rpmbuild/BUILD/re2-2023-02-01/build'
[  474s] [ 53%] Built target possible_match_test
[  474s] /usr/bin/make  -f CMakeFiles/re2_test.dir/build.make CMakeFiles/re2_test.dir/depend
[  474s] make[2]: Entering directory '/home/abuild/rpmbuild/BUILD/re2-2023-02-01/build'
[  474s] cd /home/abuild/rpmbuild/BUILD/re2-2023-02-01/build && /usr/bin/cmake -E cmake_depends "Unix Makefiles" /home/abuild/rpmbuild/BUILD/re2-2023-02-01 /home/abuild/rpmbuild/BUILD/re2-2023-02-01 /home/abuild/rpmbuild/BUILD/re2-2023-02-01/build /home/abuild/rpmbuild/BUILD/re2-2023-02-01/build /home/abuild/rpmbuild/BUILD/re2-2023-02-01/build/CMakeFiles/re2_test.dir/DependInfo.cmake
[  474s] make[2]: Leaving directory '/home/abuild/rpmbuild/BUILD/re2-2023-02-01/build'
[  474s] /usr/bin/make  -f CMakeFiles/re2_test.dir/build.make CMakeFiles/re2_test.dir/build
[  474s] make[2]: Entering directory '/home/abuild/rpmbuild/BUILD/re2-2023-02-01/build'
[  474s] make[2]: Nothing to be done for 'CMakeFiles/re2_test.dir/build'.
[  474s] make[2]: Leaving directory '/home/abuild/rpmbuild/BUILD/re2-2023-02-01/build'
[  475s] [ 56%] Built target re2_test
[  475s] /usr/bin/make  -f CMakeFiles/re2_arg_test.dir/build.make CMakeFiles/re2_arg_test.dir/depend
[  475s] make[2]: Entering directory '/home/abuild/rpmbuild/BUILD/re2-2023-02-01/build'
[  475s] cd /home/abuild/rpmbuild/BUILD/re2-2023-02-01/build && /usr/bin/cmake -E cmake_depends "Unix Makefiles" /home/abuild/rpmbuild/BUILD/re2-2023-02-01 /home/abuild/rpmbuild/BUILD/re2-2023-02-01 /home/abuild/rpmbuild/BUILD/re2-2023-02-01/build /home/abuild/rpmbuild/BUILD/re2-2023-02-01/build /home/abuild/rpmbuild/BUILD/re2-2023-02-01/build/CMakeFiles/re2_arg_test.dir/DependInfo.cmake
[  475s] make[2]: Leaving directory '/home/abuild/rpmbuild/BUILD/re2-2023-02-01/build'
[  475s] /usr/bin/make  -f CMakeFiles/re2_arg_test.dir/build.make CMakeFiles/re2_arg_test.dir/build
[  475s] make[2]: Entering directory '/home/abuild/rpmbuild/BUILD/re2-2023-02-01/build'
[  475s] make[2]: Nothing to be done for 'CMakeFiles/re2_arg_test.dir/build'.
[  475s] make[2]: Leaving directory '/home/abuild/rpmbuild/BUILD/re2-2023-02-01/build'
[  475s] [ 59%] Built target re2_arg_test
[  475s] /usr/bin/make  -f CMakeFiles/regexp_test.dir/build.make CMakeFiles/regexp_test.dir/depend
[  476s] make[2]: Entering directory '/home/abuild/rpmbuild/BUILD/re2-2023-02-01/build'
[  476s] cd /home/abuild/rpmbuild/BUILD/re2-2023-02-01/build && /usr/bin/cmake -E cmake_depends "Unix Makefiles" /home/abuild/rpmbuild/BUILD/re2-2023-02-01 /home/abuild/rpmbuild/BUILD/re2-2023-02-01 /home/abuild/rpmbuild/BUILD/re2-2023-02-01/build /home/abuild/rpmbuild/BUILD/re2-2023-02-01/build /home/abuild/rpmbuild/BUILD/re2-2023-02-01/build/CMakeFiles/regexp_test.dir/DependInfo.cmake
[  476s] make[2]: Leaving directory '/home/abuild/rpmbuild/BUILD/re2-2023-02-01/build'
[  476s] /usr/bin/make  -f CMakeFiles/regexp_test.dir/build.make CMakeFiles/regexp_test.dir/build
[  476s] make[2]: Entering directory '/home/abuild/rpmbuild/BUILD/re2-2023-02-01/build'
[  476s] make[2]: Nothing to be done for 'CMakeFiles/regexp_test.dir/build'.
[  476s] make[2]: Leaving directory '/home/abuild/rpmbuild/BUILD/re2-2023-02-01/build'
[  476s] [ 62%] Built target regexp_test
[  476s] /usr/bin/make  -f CMakeFiles/required_prefix_test.dir/build.make CMakeFiles/required_prefix_test.dir/depend
[  476s] make[2]: Entering directory '/home/abuild/rpmbuild/BUILD/re2-2023-02-01/build'
[  476s] cd /home/abuild/rpmbuild/BUILD/re2-2023-02-01/build && /usr/bin/cmake -E cmake_depends "Unix Makefiles" /home/abuild/rpmbuild/BUILD/re2-2023-02-01 /home/abuild/rpmbuild/BUILD/re2-2023-02-01 /home/abuild/rpmbuild/BUILD/re2-2023-02-01/build /home/abuild/rpmbuild/BUILD/re2-2023-02-01/build /home/abuild/rpmbuild/BUILD/re2-2023-02-01/build/CMakeFiles/required_prefix_test.dir/DependInfo.cmake
[  477s] make[2]: Leaving directory '/home/abuild/rpmbuild/BUILD/re2-2023-02-01/build'
[  477s] /usr/bin/make  -f CMakeFiles/required_prefix_test.dir/build.make CMakeFiles/required_prefix_test.dir/build
[  477s] make[2]: Entering directory '/home/abuild/rpmbuild/BUILD/re2-2023-02-01/build'
[  477s] make[2]: Nothing to be done for 'CMakeFiles/required_prefix_test.dir/build'.
[  477s] make[2]: Leaving directory '/home/abuild/rpmbuild/BUILD/re2-2023-02-01/build'
[  477s] [ 65%] Built target required_prefix_test
[  477s] /usr/bin/make  -f CMakeFiles/search_test.dir/build.make CMakeFiles/search_test.dir/depend
[  477s] make[2]: Entering directory '/home/abuild/rpmbuild/BUILD/re2-2023-02-01/build'
[  477s] cd /home/abuild/rpmbuild/BUILD/re2-2023-02-01/build && /usr/bin/cmake -E cmake_depends "Unix Makefiles" /home/abuild/rpmbuild/BUILD/re2-2023-02-01 /home/abuild/rpmbuild/BUILD/re2-2023-02-01 /home/abuild/rpmbuild/BUILD/re2-2023-02-01/build /home/abuild/rpmbuild/BUILD/re2-2023-02-01/build /home/abuild/rpmbuild/BUILD/re2-2023-02-01/build/CMakeFiles/search_test.dir/DependInfo.cmake
[  478s] make[2]: Leaving directory '/home/abuild/rpmbuild/BUILD/re2-2023-02-01/build'
[  478s] /usr/bin/make  -f CMakeFiles/search_test.dir/build.make CMakeFiles/search_test.dir/build
[  478s] make[2]: Entering directory '/home/abuild/rpmbuild/BUILD/re2-2023-02-01/build'
[  478s] make[2]: Nothing to be done for 'CMakeFiles/search_test.dir/build'.
[  478s] make[2]: Leaving directory '/home/abuild/rpmbuild/BUILD/re2-2023-02-01/build'
[  478s] [ 68%] Built target search_test
[  478s] /usr/bin/make  -f CMakeFiles/set_test.dir/build.make CMakeFiles/set_test.dir/depend
[  478s] make[2]: Entering directory '/home/abuild/rpmbuild/BUILD/re2-2023-02-01/build'
[  478s] cd /home/abuild/rpmbuild/BUILD/re2-2023-02-01/build && /usr/bin/cmake -E cmake_depends "Unix Makefiles" /home/abuild/rpmbuild/BUILD/re2-2023-02-01 /home/abuild/rpmbuild/BUILD/re2-2023-02-01 /home/abuild/rpmbuild/BUILD/re2-2023-02-01/build /home/abuild/rpmbuild/BUILD/re2-2023-02-01/build /home/abuild/rpmbuild/BUILD/re2-2023-02-01/build/CMakeFiles/set_test.dir/DependInfo.cmake
[  478s] make[2]: Leaving directory '/home/abuild/rpmbuild/BUILD/re2-2023-02-01/build'
[  478s] /usr/bin/make  -f CMakeFiles/set_test.dir/build.make CMakeFiles/set_test.dir/build
[  478s] make[2]: Entering directory '/home/abuild/rpmbuild/BUILD/re2-2023-02-01/build'
[  478s] make[2]: Nothing to be done for 'CMakeFiles/set_test.dir/build'.
[  478s] make[2]: Leaving directory '/home/abuild/rpmbuild/BUILD/re2-2023-02-01/build'
[  479s] [ 71%] Built target set_test
[  479s] /usr/bin/make  -f CMakeFiles/simplify_test.dir/build.make CMakeFiles/simplify_test.dir/depend
[  479s] make[2]: Entering directory '/home/abuild/rpmbuild/BUILD/re2-2023-02-01/build'
[  479s] cd /home/abuild/rpmbuild/BUILD/re2-2023-02-01/build && /usr/bin/cmake -E cmake_depends "Unix Makefiles" /home/abuild/rpmbuild/BUILD/re2-2023-02-01 /home/abuild/rpmbuild/BUILD/re2-2023-02-01 /home/abuild/rpmbuild/BUILD/re2-2023-02-01/build /home/abuild/rpmbuild/BUILD/re2-2023-02-01/build /home/abuild/rpmbuild/BUILD/re2-2023-02-01/build/CMakeFiles/simplify_test.dir/DependInfo.cmake
[  479s] make[2]: Leaving directory '/home/abuild/rpmbuild/BUILD/re2-2023-02-01/build'
[  479s] /usr/bin/make  -f CMakeFiles/simplify_test.dir/build.make CMakeFiles/simplify_test.dir/build
[  479s] make[2]: Entering directory '/home/abuild/rpmbuild/BUILD/re2-2023-02-01/build'
[  479s] make[2]: Nothing to be done for 'CMakeFiles/simplify_test.dir/build'.
[  479s] make[2]: Leaving directory '/home/abuild/rpmbuild/BUILD/re2-2023-02-01/build'
[  479s] [ 75%] Built target simplify_test
[  479s] /usr/bin/make  -f CMakeFiles/string_generator_test.dir/build.make CMakeFiles/string_generator_test.dir/depend
[  480s] make[2]: Entering directory '/home/abuild/rpmbuild/BUILD/re2-2023-02-01/build'
[  480s] cd /home/abuild/rpmbuild/BUILD/re2-2023-02-01/build && /usr/bin/cmake -E cmake_depends "Unix Makefiles" /home/abuild/rpmbuild/BUILD/re2-2023-02-01 /home/abuild/rpmbuild/BUILD/re2-2023-02-01 /home/abuild/rpmbuild/BUILD/re2-2023-02-01/build /home/abuild/rpmbuild/BUILD/re2-2023-02-01/build /home/abuild/rpmbuild/BUILD/re2-2023-02-01/build/CMakeFiles/string_generator_test.dir/DependInfo.cmake
[  480s] make[2]: Leaving directory '/home/abuild/rpmbuild/BUILD/re2-2023-02-01/build'
[  480s] /usr/bin/make  -f CMakeFiles/string_generator_test.dir/build.make CMakeFiles/string_generator_test.dir/build
[  480s] make[2]: Entering directory '/home/abuild/rpmbuild/BUILD/re2-2023-02-01/build'
[  480s] make[2]: Nothing to be done for 'CMakeFiles/string_generator_test.dir/build'.
[  480s] make[2]: Leaving directory '/home/abuild/rpmbuild/BUILD/re2-2023-02-01/build'
[  480s] [ 78%] Built target string_generator_test
[  480s] /usr/bin/make  -f CMakeFiles/dfa_test.dir/build.make CMakeFiles/dfa_test.dir/depend
[  480s] make[2]: Entering directory '/home/abuild/rpmbuild/BUILD/re2-2023-02-01/build'
[  480s] cd /home/abuild/rpmbuild/BUILD/re2-2023-02-01/build && /usr/bin/cmake -E cmake_depends "Unix Makefiles" /home/abuild/rpmbuild/BUILD/re2-2023-02-01 /home/abuild/rpmbuild/BUILD/re2-2023-02-01 /home/abuild/rpmbuild/BUILD/re2-2023-02-01/build /home/abuild/rpmbuild/BUILD/re2-2023-02-01/build /home/abuild/rpmbuild/BUILD/re2-2023-02-01/build/CMakeFiles/dfa_test.dir/DependInfo.cmake
[  481s] make[2]: Leaving directory '/home/abuild/rpmbuild/BUILD/re2-2023-02-01/build'
[  481s] /usr/bin/make  -f CMakeFiles/dfa_test.dir/build.make CMakeFiles/dfa_test.dir/build
[  481s] make[2]: Entering directory '/home/abuild/rpmbuild/BUILD/re2-2023-02-01/build'
[  481s] make[2]: Nothing to be done for 'CMakeFiles/dfa_test.dir/build'.
[  481s] make[2]: Leaving directory '/home/abuild/rpmbuild/BUILD/re2-2023-02-01/build'
[  481s] [ 81%] Built target dfa_test
[  481s] /usr/bin/make  -f CMakeFiles/exhaustive1_test.dir/build.make CMakeFiles/exhaustive1_test.dir/depend
[  481s] make[2]: Entering directory '/home/abuild/rpmbuild/BUILD/re2-2023-02-01/build'
[  481s] cd /home/abuild/rpmbuild/BUILD/re2-2023-02-01/build && /usr/bin/cmake -E cmake_depends "Unix Makefiles" /home/abuild/rpmbuild/BUILD/re2-2023-02-01 /home/abuild/rpmbuild/BUILD/re2-2023-02-01 /home/abuild/rpmbuild/BUILD/re2-2023-02-01/build /home/abuild/rpmbuild/BUILD/re2-2023-02-01/build /home/abuild/rpmbuild/BUILD/re2-2023-02-01/build/CMakeFiles/exhaustive1_test.dir/DependInfo.cmake
[  482s] make[2]: Leaving directory '/home/abuild/rpmbuild/BUILD/re2-2023-02-01/build'
[  482s] /usr/bin/make  -f CMakeFiles/exhaustive1_test.dir/build.make CMakeFiles/exhaustive1_test.dir/build
[  482s] make[2]: Entering directory '/home/abuild/rpmbuild/BUILD/re2-2023-02-01/build'
[  482s] make[2]: Nothing to be done for 'CMakeFiles/exhaustive1_test.dir/build'.
[  482s] make[2]: Leaving directory '/home/abuild/rpmbuild/BUILD/re2-2023-02-01/build'
[  482s] [ 84%] Built target exhaustive1_test
[  482s] /usr/bin/make  -f CMakeFiles/exhaustive2_test.dir/build.make CMakeFiles/exhaustive2_test.dir/depend
[  482s] make[2]: Entering directory '/home/abuild/rpmbuild/BUILD/re2-2023-02-01/build'
[  482s] cd /home/abuild/rpmbuild/BUILD/re2-2023-02-01/build && /usr/bin/cmake -E cmake_depends "Unix Makefiles" /home/abuild/rpmbuild/BUILD/re2-2023-02-01 /home/abuild/rpmbuild/BUILD/re2-2023-02-01 /home/abuild/rpmbuild/BUILD/re2-2023-02-01/build /home/abuild/rpmbuild/BUILD/re2-2023-02-01/build /home/abuild/rpmbuild/BUILD/re2-2023-02-01/build/CMakeFiles/exhaustive2_test.dir/DependInfo.cmake
[  482s] make[2]: Leaving directory '/home/abuild/rpmbuild/BUILD/re2-2023-02-01/build'
[  483s] /usr/bin/make  -f CMakeFiles/exhaustive2_test.dir/build.make CMakeFiles/exhaustive2_test.dir/build
[  483s] make[2]: Entering directory '/home/abuild/rpmbuild/BUILD/re2-2023-02-01/build'
[  483s] make[2]: Nothing to be done for 'CMakeFiles/exhaustive2_test.dir/build'.
[  483s] make[2]: Leaving directory '/home/abuild/rpmbuild/BUILD/re2-2023-02-01/build'
[  483s] [ 87%] Built target exhaustive2_test
[  483s] /usr/bin/make  -f CMakeFiles/exhaustive3_test.dir/build.make CMakeFiles/exhaustive3_test.dir/depend
[  483s] make[2]: Entering directory '/home/abuild/rpmbuild/BUILD/re2-2023-02-01/build'
[  483s] cd /home/abuild/rpmbuild/BUILD/re2-2023-02-01/build && /usr/bin/cmake -E cmake_depends "Unix Makefiles" /home/abuild/rpmbuild/BUILD/re2-2023-02-01 /home/abuild/rpmbuild/BUILD/re2-2023-02-01 /home/abuild/rpmbuild/BUILD/re2-2023-02-01/build /home/abuild/rpmbuild/BUILD/re2-2023-02-01/build /home/abuild/rpmbuild/BUILD/re2-2023-02-01/build/CMakeFiles/exhaustive3_test.dir/DependInfo.cmake
[  483s] make[2]: Leaving directory '/home/abuild/rpmbuild/BUILD/re2-2023-02-01/build'
[  483s] /usr/bin/make  -f CMakeFiles/exhaustive3_test.dir/build.make CMakeFiles/exhaustive3_test.dir/build
[  484s] make[2]: Entering directory '/home/abuild/rpmbuild/BUILD/re2-2023-02-01/build'
[  484s] make[2]: Nothing to be done for 'CMakeFiles/exhaustive3_test.dir/build'.
[  484s] make[2]: Leaving directory '/home/abuild/rpmbuild/BUILD/re2-2023-02-01/build'
[  484s] [ 90%] Built target exhaustive3_test
[  484s] /usr/bin/make  -f CMakeFiles/exhaustive_test.dir/build.make CMakeFiles/exhaustive_test.dir/depend
[  484s] make[2]: Entering directory '/home/abuild/rpmbuild/BUILD/re2-2023-02-01/build'
[  484s] cd /home/abuild/rpmbuild/BUILD/re2-2023-02-01/build && /usr/bin/cmake -E cmake_depends "Unix Makefiles" /home/abuild/rpmbuild/BUILD/re2-2023-02-01 /home/abuild/rpmbuild/BUILD/re2-2023-02-01 /home/abuild/rpmbuild/BUILD/re2-2023-02-01/build /home/abuild/rpmbuild/BUILD/re2-2023-02-01/build /home/abuild/rpmbuild/BUILD/re2-2023-02-01/build/CMakeFiles/exhaustive_test.dir/DependInfo.cmake
[  484s] make[2]: Leaving directory '/home/abuild/rpmbuild/BUILD/re2-2023-02-01/build'
[  484s] /usr/bin/make  -f CMakeFiles/exhaustive_test.dir/build.make CMakeFiles/exhaustive_test.dir/build
[  484s] make[2]: Entering directory '/home/abuild/rpmbuild/BUILD/re2-2023-02-01/build'
[  484s] make[2]: Nothing to be done for 'CMakeFiles/exhaustive_test.dir/build'.
[  484s] make[2]: Leaving directory '/home/abuild/rpmbuild/BUILD/re2-2023-02-01/build'
[  485s] [ 93%] Built target exhaustive_test
[  485s] /usr/bin/make  -f CMakeFiles/random_test.dir/build.make CMakeFiles/random_test.dir/depend
[  485s] make[2]: Entering directory '/home/abuild/rpmbuild/BUILD/re2-2023-02-01/build'
[  485s] cd /home/abuild/rpmbuild/BUILD/re2-2023-02-01/build && /usr/bin/cmake -E cmake_depends "Unix Makefiles" /home/abuild/rpmbuild/BUILD/re2-2023-02-01 /home/abuild/rpmbuild/BUILD/re2-2023-02-01 /home/abuild/rpmbuild/BUILD/re2-2023-02-01/build /home/abuild/rpmbuild/BUILD/re2-2023-02-01/build /home/abuild/rpmbuild/BUILD/re2-2023-02-01/build/CMakeFiles/random_test.dir/DependInfo.cmake
[  485s] make[2]: Leaving directory '/home/abuild/rpmbuild/BUILD/re2-2023-02-01/build'
[  485s] /usr/bin/make  -f CMakeFiles/random_test.dir/build.make CMakeFiles/random_test.dir/build
[  485s] make[2]: Entering directory '/home/abuild/rpmbuild/BUILD/re2-2023-02-01/build'
[  485s] make[2]: Nothing to be done for 'CMakeFiles/random_test.dir/build'.
[  485s] make[2]: Leaving directory '/home/abuild/rpmbuild/BUILD/re2-2023-02-01/build'
[  486s] [ 96%] Built target random_test
[  486s] /usr/bin/make  -f CMakeFiles/regexp_benchmark.dir/build.make CMakeFiles/regexp_benchmark.dir/depend
[  486s] make[2]: Entering directory '/home/abuild/rpmbuild/BUILD/re2-2023-02-01/build'
[  486s] cd /home/abuild/rpmbuild/BUILD/re2-2023-02-01/build && /usr/bin/cmake -E cmake_depends "Unix Makefiles" /home/abuild/rpmbuild/BUILD/re2-2023-02-01 /home/abuild/rpmbuild/BUILD/re2-2023-02-01 /home/abuild/rpmbuild/BUILD/re2-2023-02-01/build /home/abuild/rpmbuild/BUILD/re2-2023-02-01/build /home/abuild/rpmbuild/BUILD/re2-2023-02-01/build/CMakeFiles/regexp_benchmark.dir/DependInfo.cmake
[  486s] make[2]: Leaving directory '/home/abuild/rpmbuild/BUILD/re2-2023-02-01/build'
[  486s] /usr/bin/make  -f CMakeFiles/regexp_benchmark.dir/build.make CMakeFiles/regexp_benchmark.dir/build
[  486s] make[2]: Entering directory '/home/abuild/rpmbuild/BUILD/re2-2023-02-01/build'
[  486s] make[2]: Nothing to be done for 'CMakeFiles/regexp_benchmark.dir/build'.
[  486s] make[2]: Leaving directory '/home/abuild/rpmbuild/BUILD/re2-2023-02-01/build'
[  487s] [100%] Built target regexp_benchmark
[  487s] make[1]: Leaving directory '/home/abuild/rpmbuild/BUILD/re2-2023-02-01/build'
[  487s] /usr/bin/cmake -E cmake_progress_start /home/abuild/rpmbuild/BUILD/re2-2023-02-01/build/CMakeFiles 0
[  487s] /usr/bin/make  -f CMakeFiles/Makefile2 preinstall
[  487s] make[1]: Entering directory '/home/abuild/rpmbuild/BUILD/re2-2023-02-01/build'
[  487s] make[1]: Nothing to be done for 'preinstall'.
[  487s] make[1]: Leaving directory '/home/abuild/rpmbuild/BUILD/re2-2023-02-01/build'
[  487s] Install the project...
[  487s] /usr/bin/cmake -P cmake_install.cmake
[  487s] -- Install configuration: "Release"
[  487s] -- Installing: /home/abuild/rpmbuild/BUILDROOT/re2-20230201-51.1.riscv64/usr/include/re2/filtered_re2.h
[  487s] -- Installing: /home/abuild/rpmbuild/BUILDROOT/re2-20230201-51.1.riscv64/usr/include/re2/re2.h
[  487s] -- Installing: /home/abuild/rpmbuild/BUILDROOT/re2-20230201-51.1.riscv64/usr/include/re2/set.h
[  487s] -- Installing: /home/abuild/rpmbuild/BUILDROOT/re2-20230201-51.1.riscv64/usr/include/re2/stringpiece.h
[  487s] -- Installing: /home/abuild/rpmbuild/BUILDROOT/re2-20230201-51.1.riscv64/usr/lib64/libre2.so.10.0.0
[  487s] -- Installing: /home/abuild/rpmbuild/BUILDROOT/re2-20230201-51.1.riscv64/usr/lib64/libre2.so.10
[  487s] -- Installing: /home/abuild/rpmbuild/BUILDROOT/re2-20230201-51.1.riscv64/usr/lib64/libre2.so
[  487s] -- Installing: /home/abuild/rpmbuild/BUILDROOT/re2-20230201-51.1.riscv64/usr/lib64/cmake/re2/re2Targets.cmake
[  487s] -- Installing: /home/abuild/rpmbuild/BUILDROOT/re2-20230201-51.1.riscv64/usr/lib64/cmake/re2/re2Targets-release.cmake
[  487s] -- Installing: /home/abuild/rpmbuild/BUILDROOT/re2-20230201-51.1.riscv64/usr/lib64/cmake/re2/re2Config.cmake
[  487s] -- Installing: /home/abuild/rpmbuild/BUILDROOT/re2-20230201-51.1.riscv64/usr/lib64/cmake/re2/re2ConfigVersion.cmake
[  487s] -- Installing: /home/abuild/rpmbuild/BUILDROOT/re2-20230201-51.1.riscv64/usr/lib64/pkgconfig/re2.pc
[  487s] make: Leaving directory '/home/abuild/rpmbuild/BUILD/re2-2023-02-01/build'
[  487s] + /usr/lib/rpm/find-debuginfo -j8 -n --run-dwz --dwz-low-mem-die-limit 10000000 --dwz-max-die-limit 50000000 --dwz-single-file-mode -S debugsourcefiles.list /home/abuild/rpmbuild/BUILD/re2-2023-02-01
[  488s] extracting debug info from /home/abuild/rpmbuild/BUILDROOT/re2-20230201-51.1.riscv64/usr/lib64/libre2.so.10.0.0
[  492s] original debug info size: 5556kB, size after compression: 4696kB
[  492s] /usr/lib/rpm/sepdebugcrcfix: Updated 1 CRC32s, 0 CRC32s did match.
[  493s] 1425 blocks
[  493s] + /usr/lib/rpm/brp-compress
[  493s] + /usr/lib/rpm/brp-suse
[  493s] calling /usr/lib/rpm/brp-suse.d/brp-05-permissions
[  494s] calling /usr/lib/rpm/brp-suse.d/brp-15-strip-debug
[  494s] calling /usr/lib/rpm/brp-suse.d/brp-25-symlink
[  494s] calling /usr/lib/rpm/brp-suse.d/brp-50-generate-fips-hmac
[  494s] calling /usr/lib/rpm/brp-suse.d/brp-75-ar
[  495s] Executing(%check): /usr/bin/bash -e /var/tmp/rpm-tmp.VTS7sJ
[  495s] + umask 022
[  495s] + cd /home/abuild/rpmbuild/BUILD
[  495s] + cd re2-2023-02-01
[  495s] + export LD_LIBRARY_PATH=/home/abuild/rpmbuild/BUILDROOT/re2-20230201-51.1.riscv64//usr/lib64:LD_LIBRARY_PATH
[  495s] + LD_LIBRARY_PATH=/home/abuild/rpmbuild/BUILDROOT/re2-20230201-51.1.riscv64//usr/lib64:LD_LIBRARY_PATH
[  495s] + cd build
[  495s] + /usr/bin/ctest --output-on-failure --force-new-ctest-process -j8 --repeat until-pass:9
[  495s] Test project /home/abuild/rpmbuild/BUILD/re2-2023-02-01/build
[  495s]       Start  1: charclass_test
[  495s]       Start  2: compile_test
[  495s]       Start  3: filtered_re2_test
[  495s]       Start  4: mimics_pcre_test
[  495s]       Start  5: parse_test
[  495s]       Start  6: possible_match_test
[  495s]       Start  7: re2_test
[  495s]       Start  8: re2_arg_test
[  495s]  1/20 Test  #1: charclass_test ...................   Passed    0.09 sec
[  495s]       Start  9: regexp_test
[  495s]  2/20 Test  #4: mimics_pcre_test .................   Passed    0.09 sec
[  495s]       Start 10: required_prefix_test
[  495s]  3/20 Test  #8: re2_arg_test .....................   Passed    0.10 sec
[  495s]       Start 11: search_test
[  495s]  4/20 Test  #2: compile_test .....................   Passed    0.17 sec
[  495s]       Start 12: set_test
[  495s]  5/20 Test  #3: filtered_re2_test ................   Passed    0.18 sec
[  495s]       Start 13: simplify_test
[  495s]  6/20 Test  #5: parse_test .......................   Passed    0.27 sec
[  495s]       Start 14: string_generator_test
[  495s]  7/20 Test #13: simplify_test ....................   Passed    0.12 sec
[  495s]       Start 15: dfa_test
[  495s]  8/20 Test #12: set_test .........................   Passed    0.15 sec
[  495s]       Start 16: exhaustive1_test
[  496s]  9/20 Test #10: required_prefix_test .............   Passed    0.22 sec
[  496s]       Start 17: exhaustive2_test
[  496s] 10/20 Test #14: string_generator_test ............   Passed    0.09 sec
[  496s]       Start 18: exhaustive3_test
[  496s] 11/20 Test  #9: regexp_test ......................   Passed    0.35 sec
[  496s]       Start 19: exhaustive_test
[  498s] 12/20 Test  #7: re2_test .........................   Passed    3.16 sec
[  498s]       Start 20: random_test
[  501s] 13/20 Test #11: search_test ......................   Passed    5.31 sec
[  540s] 14/20 Test  #6: possible_match_test ..............   Passed   44.49 sec
[  752s] 15/20 Test #15: dfa_test .........................   Passed  256.88 sec
[ 1345s] 16/20 Test #20: random_test ......................   Passed  846.92 sec
[ 1687s] 17/20 Test #18: exhaustive3_test .................   Passed  1191.88 sec
[ 1995s] 18/20 Test #16: exhaustive1_test .................***Timeout 1500.12 sec
[ 1995s] /home/abuild/rpmbuild/BUILD/re2-2023-02-01/re2/testing/tester.cc:80: Backtrack enabled
[ 1995s] /home/abuild/rpmbuild/BUILD/re2-2023-02-01/re2/testing/tester.cc:80: NFA enabled
[ 1995s] /home/abuild/rpmbuild/BUILD/re2-2023-02-01/re2/testing/tester.cc:80: DFA enabled
[ 1995s] /home/abuild/rpmbuild/BUILD/re2-2023-02-01/re2/testing/tester.cc:80: DFA1 enabled
[ 1995s] /home/abuild/rpmbuild/BUILD/re2-2023-02-01/re2/testing/tester.cc:80: OnePass enabled
[ 1995s] /home/abuild/rpmbuild/BUILD/re2-2023-02-01/re2/testing/tester.cc:80: BitState enabled
[ 1995s] /home/abuild/rpmbuild/BUILD/re2-2023-02-01/re2/testing/tester.cc:80: RE2 enabled
[ 1995s] /home/abuild/rpmbuild/BUILD/re2-2023-02-01/re2/testing/tester.cc:80: RE2a enabled
[ 1995s] /home/abuild/rpmbuild/BUILD/re2-2023-02-01/re2/testing/tester.cc:80: RE2b enabled
[ 1995s] 
[ 1995s]       Start 16: exhaustive1_test
[ 1995s] 18/20 Test #17: exhaustive2_test .................***Timeout 1500.12 sec
[ 1995s] /home/abuild/rpmbuild/BUILD/re2-2023-02-01/re2/testing/tester.cc:80: Backtrack enabled
[ 1995s] /home/abuild/rpmbuild/BUILD/re2-2023-02-01/re2/testing/tester.cc:80: NFA enabled
[ 1995s] /home/abuild/rpmbuild/BUILD/re2-2023-02-01/re2/testing/tester.cc:80: DFA enabled
[ 1995s] /home/abuild/rpmbuild/BUILD/re2-2023-02-01/re2/testing/tester.cc:80: DFA1 enabled
[ 1995s] /home/abuild/rpmbuild/BUILD/re2-2023-02-01/re2/testing/tester.cc:80: OnePass enabled
[ 1995s] /home/abuild/rpmbuild/BUILD/re2-2023-02-01/re2/testing/tester.cc:80: BitState enabled
[ 1995s] /home/abuild/rpmbuild/BUILD/re2-2023-02-01/re2/testing/tester.cc:80: RE2 enabled
[ 1995s] /home/abuild/rpmbuild/BUILD/re2-2023-02-01/re2/testing/tester.cc:80: RE2a enabled
[ 1995s] /home/abuild/rpmbuild/BUILD/re2-2023-02-01/re2/testing/tester.cc:80: RE2b enabled
[ 1995s] 
[ 1995s]       Start 17: exhaustive2_test
[ 1995s] 18/20 Test #19: exhaustive_test ..................***Timeout 1500.01 sec
[ 1995s] /home/abuild/rpmbuild/BUILD/re2-2023-02-01/re2/testing/tester.cc:80: Backtrack enabled
[ 1995s] /home/abuild/rpmbuild/BUILD/re2-2023-02-01/re2/testing/tester.cc:80: NFA enabled
[ 1995s] /home/abuild/rpmbuild/BUILD/re2-2023-02-01/re2/testing/tester.cc:80: DFA enabled
[ 1995s] /home/abuild/rpmbuild/BUILD/re2-2023-02-01/re2/testing/tester.cc:80: DFA1 enabled
[ 1995s] /home/abuild/rpmbuild/BUILD/re2-2023-02-01/re2/testing/tester.cc:80: OnePass enabled
[ 1995s] /home/abuild/rpmbuild/BUILD/re2-2023-02-01/re2/testing/tester.cc:80: BitState enabled
[ 1995s] /home/abuild/rpmbuild/BUILD/re2-2023-02-01/re2/testing/tester.cc:80: RE2 enabled
[ 1995s] /home/abuild/rpmbuild/BUILD/re2-2023-02-01/re2/testing/tester.cc:80: RE2a enabled
[ 1995s] /home/abuild/rpmbuild/BUILD/re2-2023-02-01/re2/testing/tester.cc:80: RE2b enabled
[ 1995s] 
[ 1995s]       Start 19: exhaustive_test
[ 3495s]     Test #16: exhaustive1_test .................***Timeout 1500.12 sec
[ 3495s] /home/abuild/rpmbuild/BUILD/re2-2023-02-01/re2/testing/tester.cc:80: Backtrack enabled
[ 3495s] /home/abuild/rpmbuild/BUILD/re2-2023-02-01/re2/testing/tester.cc:80: NFA enabled
[ 3495s] /home/abuild/rpmbuild/BUILD/re2-2023-02-01/re2/testing/tester.cc:80: DFA enabled
[ 3495s] /home/abuild/rpmbuild/BUILD/re2-2023-02-01/re2/testing/tester.cc:80: DFA1 enabled
[ 3495s] /home/abuild/rpmbuild/BUILD/re2-2023-02-01/re2/testing/tester.cc:80: OnePass enabled
[ 3495s] /home/abuild/rpmbuild/BUILD/re2-2023-02-01/re2/testing/tester.cc:80: BitState enabled
[ 3495s] /home/abuild/rpmbuild/BUILD/re2-2023-02-01/re2/testing/tester.cc:80: RE2 enabled
[ 3495s] /home/abuild/rpmbuild/BUILD/re2-2023-02-01/re2/testing/tester.cc:80: RE2a enabled
[ 3495s] /home/abuild/rpmbuild/BUILD/re2-2023-02-01/re2/testing/tester.cc:80: RE2b enabled
[ 3495s] 
[ 3495s]       Start 16: exhaustive1_test
[ 3495s]     Test #17: exhaustive2_test .................***Timeout 1500.12 sec
[ 3495s] /home/abuild/rpmbuild/BUILD/re2-2023-02-01/re2/testing/tester.cc:80: Backtrack enabled
[ 3495s] /home/abuild/rpmbuild/BUILD/re2-2023-02-01/re2/testing/tester.cc:80: NFA enabled
[ 3495s] /home/abuild/rpmbuild/BUILD/re2-2023-02-01/re2/testing/tester.cc:80: DFA enabled
[ 3495s] /home/abuild/rpmbuild/BUILD/re2-2023-02-01/re2/testing/tester.cc:80: DFA1 enabled
[ 3495s] /home/abuild/rpmbuild/BUILD/re2-2023-02-01/re2/testing/tester.cc:80: OnePass enabled
[ 3495s] /home/abuild/rpmbuild/BUILD/re2-2023-02-01/re2/testing/tester.cc:80: BitState enabled
[ 3495s] /home/abuild/rpmbuild/BUILD/re2-2023-02-01/re2/testing/tester.cc:80: RE2 enabled
[ 3495s] /home/abuild/rpmbuild/BUILD/re2-2023-02-01/re2/testing/tester.cc:80: RE2a enabled
[ 3495s] /home/abuild/rpmbuild/BUILD/re2-2023-02-01/re2/testing/tester.cc:80: RE2b enabled
[ 3495s] 
[ 3495s]       Start 17: exhaustive2_test
[ 3495s]     Test #19: exhaustive_test ..................***Timeout 1500.11 sec
[ 3495s] /home/abuild/rpmbuild/BUILD/re2-2023-02-01/re2/testing/tester.cc:80: Backtrack enabled
[ 3495s] /home/abuild/rpmbuild/BUILD/re2-2023-02-01/re2/testing/tester.cc:80: NFA enabled
[ 3495s] /home/abuild/rpmbuild/BUILD/re2-2023-02-01/re2/testing/tester.cc:80: DFA enabled
[ 3495s] /home/abuild/rpmbuild/BUILD/re2-2023-02-01/re2/testing/tester.cc:80: DFA1 enabled
[ 3495s] /home/abuild/rpmbuild/BUILD/re2-2023-02-01/re2/testing/tester.cc:80: OnePass enabled
[ 3495s] /home/abuild/rpmbuild/BUILD/re2-2023-02-01/re2/testing/tester.cc:80: BitState enabled
[ 3495s] /home/abuild/rpmbuild/BUILD/re2-2023-02-01/re2/testing/tester.cc:80: RE2 enabled
[ 3495s] /home/abuild/rpmbuild/BUILD/re2-2023-02-01/re2/testing/tester.cc:80: RE2a enabled
[ 3495s] /home/abuild/rpmbuild/BUILD/re2-2023-02-01/re2/testing/tester.cc:80: RE2b enabled
[ 3495s] 
[ 3495s]       Start 19: exhaustive_test
[ 4995s]     Test #16: exhaustive1_test .................***Timeout 1500.10 sec
[ 4995s] /home/abuild/rpmbuild/BUILD/re2-2023-02-01/re2/testing/tester.cc:80: Backtrack enabled
[ 4995s] /home/abuild/rpmbuild/BUILD/re2-2023-02-01/re2/testing/tester.cc:80: NFA enabled
[ 4995s] /home/abuild/rpmbuild/BUILD/re2-2023-02-01/re2/testing/tester.cc:80: DFA enabled
[ 4995s] /home/abuild/rpmbuild/BUILD/re2-2023-02-01/re2/testing/tester.cc:80: DFA1 enabled
[ 4995s] /home/abuild/rpmbuild/BUILD/re2-2023-02-01/re2/testing/tester.cc:80: OnePass enabled
[ 4995s] /home/abuild/rpmbuild/BUILD/re2-2023-02-01/re2/testing/tester.cc:80: BitState enabled
[ 4995s] /home/abuild/rpmbuild/BUILD/re2-2023-02-01/re2/testing/tester.cc:80: RE2 enabled
[ 4995s] /home/abuild/rpmbuild/BUILD/re2-2023-02-01/re2/testing/tester.cc:80: RE2a enabled
[ 4995s] /home/abuild/rpmbuild/BUILD/re2-2023-02-01/re2/testing/tester.cc:80: RE2b enabled
[ 4995s] 
[ 4995s]       Start 16: exhaustive1_test
[ 4995s]     Test #17: exhaustive2_test .................***Timeout 1500.10 sec
[ 4995s] /home/abuild/rpmbuild/BUILD/re2-2023-02-01/re2/testing/tester.cc:80: Backtrack enabled
[ 4995s] /home/abuild/rpmbuild/BUILD/re2-2023-02-01/re2/testing/tester.cc:80: NFA enabled
[ 4995s] /home/abuild/rpmbuild/BUILD/re2-2023-02-01/re2/testing/tester.cc:80: DFA enabled
[ 4995s] /home/abuild/rpmbuild/BUILD/re2-2023-02-01/re2/testing/tester.cc:80: DFA1 enabled
[ 4995s] /home/abuild/rpmbuild/BUILD/re2-2023-02-01/re2/testing/tester.cc:80: OnePass enabled
[ 4995s] /home/abuild/rpmbuild/BUILD/re2-2023-02-01/re2/testing/tester.cc:80: BitState enabled
[ 4995s] /home/abuild/rpmbuild/BUILD/re2-2023-02-01/re2/testing/tester.cc:80: RE2 enabled
[ 4995s] /home/abuild/rpmbuild/BUILD/re2-2023-02-01/re2/testing/tester.cc:80: RE2a enabled
[ 4995s] /home/abuild/rpmbuild/BUILD/re2-2023-02-01/re2/testing/tester.cc:80: RE2b enabled
[ 4995s] 
[ 4995s]       Start 17: exhaustive2_test
[ 4995s]     Test #19: exhaustive_test ..................***Timeout 1500.10 sec
[ 4995s] /home/abuild/rpmbuild/BUILD/re2-2023-02-01/re2/testing/tester.cc:80: Backtrack enabled
[ 4995s] /home/abuild/rpmbuild/BUILD/re2-2023-02-01/re2/testing/tester.cc:80: NFA enabled
[ 4995s] /home/abuild/rpmbuild/BUILD/re2-2023-02-01/re2/testing/tester.cc:80: DFA enabled
[ 4995s] /home/abuild/rpmbuild/BUILD/re2-2023-02-01/re2/testing/tester.cc:80: DFA1 enabled
[ 4995s] /home/abuild/rpmbuild/BUILD/re2-2023-02-01/re2/testing/tester.cc:80: OnePass enabled
[ 4995s] /home/abuild/rpmbuild/BUILD/re2-2023-02-01/re2/testing/tester.cc:80: BitState enabled
[ 4995s] /home/abuild/rpmbuild/BUILD/re2-2023-02-01/re2/testing/tester.cc:80: RE2 enabled
[ 4995s] /home/abuild/rpmbuild/BUILD/re2-2023-02-01/re2/testing/tester.cc:80: RE2a enabled
[ 4995s] /home/abuild/rpmbuild/BUILD/re2-2023-02-01/re2/testing/tester.cc:80: RE2b enabled
[ 4995s] 
[ 4995s]       Start 19: exhaustive_test
[ 6495s]     Test #16: exhaustive1_test .................***Timeout 1500.13 sec
[ 6495s] /home/abuild/rpmbuild/BUILD/re2-2023-02-01/re2/testing/tester.cc:80: Backtrack enabled
[ 6495s] /home/abuild/rpmbuild/BUILD/re2-2023-02-01/re2/testing/tester.cc:80: NFA enabled
[ 6495s] /home/abuild/rpmbuild/BUILD/re2-2023-02-01/re2/testing/tester.cc:80: DFA enabled
[ 6495s] /home/abuild/rpmbuild/BUILD/re2-2023-02-01/re2/testing/tester.cc:80: DFA1 enabled
[ 6495s] /home/abuild/rpmbuild/BUILD/re2-2023-02-01/re2/testing/tester.cc:80: OnePass enabled
[ 6495s] /home/abuild/rpmbuild/BUILD/re2-2023-02-01/re2/testing/tester.cc:80: BitState enabled
[ 6495s] /home/abuild/rpmbuild/BUILD/re2-2023-02-01/re2/testing/tester.cc:80: RE2 enabled
[ 6495s] /home/abuild/rpmbuild/BUILD/re2-2023-02-01/re2/testing/tester.cc:80: RE2a enabled
[ 6495s] /home/abuild/rpmbuild/BUILD/re2-2023-02-01/re2/testing/tester.cc:80: RE2b enabled
[ 6495s] 
[ 6495s]       Start 16: exhaustive1_test
[ 6495s]     Test #17: exhaustive2_test .................***Timeout 1500.14 sec
[ 6495s] /home/abuild/rpmbuild/BUILD/re2-2023-02-01/re2/testing/tester.cc:80: Backtrack enabled
[ 6495s] /home/abuild/rpmbuild/BUILD/re2-2023-02-01/re2/testing/tester.cc:80: NFA enabled
[ 6495s] /home/abuild/rpmbuild/BUILD/re2-2023-02-01/re2/testing/tester.cc:80: DFA enabled
[ 6495s] /home/abuild/rpmbuild/BUILD/re2-2023-02-01/re2/testing/tester.cc:80: DFA1 enabled
[ 6495s] /home/abuild/rpmbuild/BUILD/re2-2023-02-01/re2/testing/tester.cc:80: OnePass enabled
[ 6495s] /home/abuild/rpmbuild/BUILD/re2-2023-02-01/re2/testing/tester.cc:80: BitState enabled
[ 6495s] /home/abuild/rpmbuild/BUILD/re2-2023-02-01/re2/testing/tester.cc:80: RE2 enabled
[ 6495s] /home/abuild/rpmbuild/BUILD/re2-2023-02-01/re2/testing/tester.cc:80: RE2a enabled
[ 6495s] /home/abuild/rpmbuild/BUILD/re2-2023-02-01/re2/testing/tester.cc:80: RE2b enabled
[ 6495s] 
[ 6495s]       Start 17: exhaustive2_test
[ 6495s]     Test #19: exhaustive_test ..................***Timeout 1500.15 sec
[ 6495s] /home/abuild/rpmbuild/BUILD/re2-2023-02-01/re2/testing/tester.cc:80: Backtrack enabled
[ 6495s] /home/abuild/rpmbuild/BUILD/re2-2023-02-01/re2/testing/tester.cc:80: NFA enabled
[ 6495s] /home/abuild/rpmbuild/BUILD/re2-2023-02-01/re2/testing/tester.cc:80: DFA enabled
[ 6495s] /home/abuild/rpmbuild/BUILD/re2-2023-02-01/re2/testing/tester.cc:80: DFA1 enabled
[ 6495s] /home/abuild/rpmbuild/BUILD/re2-2023-02-01/re2/testing/tester.cc:80: OnePass enabled
[ 6495s] /home/abuild/rpmbuild/BUILD/re2-2023-02-01/re2/testing/tester.cc:80: BitState enabled
[ 6495s] /home/abuild/rpmbuild/BUILD/re2-2023-02-01/re2/testing/tester.cc:80: RE2 enabled
[ 6495s] /home/abuild/rpmbuild/BUILD/re2-2023-02-01/re2/testing/tester.cc:80: RE2a enabled
[ 6495s] /home/abuild/rpmbuild/BUILD/re2-2023-02-01/re2/testing/tester.cc:80: RE2b enabled
[ 6495s] 
[ 6495s]       Start 19: exhaustive_test
[ 7995s]     Test #16: exhaustive1_test .................***Timeout 1500.11 sec
[ 7995s] /home/abuild/rpmbuild/BUILD/re2-2023-02-01/re2/testing/tester.cc:80: Backtrack enabled
[ 7995s] /home/abuild/rpmbuild/BUILD/re2-2023-02-01/re2/testing/tester.cc:80: NFA enabled
[ 7995s] /home/abuild/rpmbuild/BUILD/re2-2023-02-01/re2/testing/tester.cc:80: DFA enabled
[ 7995s] /home/abuild/rpmbuild/BUILD/re2-2023-02-01/re2/testing/tester.cc:80: DFA1 enabled
[ 7995s] /home/abuild/rpmbuild/BUILD/re2-2023-02-01/re2/testing/tester.cc:80: OnePass enabled
[ 7995s] /home/abuild/rpmbuild/BUILD/re2-2023-02-01/re2/testing/tester.cc:80: BitState enabled
[ 7995s] /home/abuild/rpmbuild/BUILD/re2-2023-02-01/re2/testing/tester.cc:80: RE2 enabled
[ 7995s] /home/abuild/rpmbuild/BUILD/re2-2023-02-01/re2/testing/tester.cc:80: RE2a enabled
[ 7995s] /home/abuild/rpmbuild/BUILD/re2-2023-02-01/re2/testing/tester.cc:80: RE2b enabled
[ 7995s] 
[ 7995s]       Start 16: exhaustive1_test
[ 7995s]     Test #17: exhaustive2_test .................***Timeout 1500.11 sec
[ 7995s] /home/abuild/rpmbuild/BUILD/re2-2023-02-01/re2/testing/tester.cc:80: Backtrack enabled
[ 7995s] /home/abuild/rpmbuild/BUILD/re2-2023-02-01/re2/testing/tester.cc:80: NFA enabled
[ 7995s] /home/abuild/rpmbuild/BUILD/re2-2023-02-01/re2/testing/tester.cc:80: DFA enabled
[ 7995s] /home/abuild/rpmbuild/BUILD/re2-2023-02-01/re2/testing/tester.cc:80: DFA1 enabled
[ 7995s] /home/abuild/rpmbuild/BUILD/re2-2023-02-01/re2/testing/tester.cc:80: OnePass enabled
[ 7995s] /home/abuild/rpmbuild/BUILD/re2-2023-02-01/re2/testing/tester.cc:80: BitState enabled
[ 7995s] /home/abuild/rpmbuild/BUILD/re2-2023-02-01/re2/testing/tester.cc:80: RE2 enabled
[ 7995s] /home/abuild/rpmbuild/BUILD/re2-2023-02-01/re2/testing/tester.cc:80: RE2a enabled
[ 7995s] /home/abuild/rpmbuild/BUILD/re2-2023-02-01/re2/testing/tester.cc:80: RE2b enabled
[ 7995s] 
[ 7995s]       Start 17: exhaustive2_test
[ 7995s]     Test #19: exhaustive_test ..................***Timeout 1500.10 sec
[ 7995s] /home/abuild/rpmbuild/BUILD/re2-2023-02-01/re2/testing/tester.cc:80: Backtrack enabled
[ 7995s] /home/abuild/rpmbuild/BUILD/re2-2023-02-01/re2/testing/tester.cc:80: NFA enabled
[ 7995s] /home/abuild/rpmbuild/BUILD/re2-2023-02-01/re2/testing/tester.cc:80: DFA enabled
[ 7995s] /home/abuild/rpmbuild/BUILD/re2-2023-02-01/re2/testing/tester.cc:80: DFA1 enabled
[ 7995s] /home/abuild/rpmbuild/BUILD/re2-2023-02-01/re2/testing/tester.cc:80: OnePass enabled
[ 7995s] /home/abuild/rpmbuild/BUILD/re2-2023-02-01/re2/testing/tester.cc:80: BitState enabled
[ 7995s] /home/abuild/rpmbuild/BUILD/re2-2023-02-01/re2/testing/tester.cc:80: RE2 enabled
[ 7995s] /home/abuild/rpmbuild/BUILD/re2-2023-02-01/re2/testing/tester.cc:80: RE2a enabled
[ 7995s] /home/abuild/rpmbuild/BUILD/re2-2023-02-01/re2/testing/tester.cc:80: RE2b enabled
[ 7995s] 
[ 7995s]       Start 19: exhaustive_test
[ 9495s]     Test #16: exhaustive1_test .................***Timeout 1500.12 sec
[ 9495s] /home/abuild/rpmbuild/BUILD/re2-2023-02-01/re2/testing/tester.cc:80: Backtrack enabled
[ 9495s] /home/abuild/rpmbuild/BUILD/re2-2023-02-01/re2/testing/tester.cc:80: NFA enabled
[ 9495s] /home/abuild/rpmbuild/BUILD/re2-2023-02-01/re2/testing/tester.cc:80: DFA enabled
[ 9495s] /home/abuild/rpmbuild/BUILD/re2-2023-02-01/re2/testing/tester.cc:80: DFA1 enabled
[ 9495s] /home/abuild/rpmbuild/BUILD/re2-2023-02-01/re2/testing/tester.cc:80: OnePass enabled
[ 9495s] /home/abuild/rpmbuild/BUILD/re2-2023-02-01/re2/testing/tester.cc:80: BitState enabled
[ 9495s] /home/abuild/rpmbuild/BUILD/re2-2023-02-01/re2/testing/tester.cc:80: RE2 enabled
[ 9495s] /home/abuild/rpmbuild/BUILD/re2-2023-02-01/re2/testing/tester.cc:80: RE2a enabled
[ 9495s] /home/abuild/rpmbuild/BUILD/re2-2023-02-01/re2/testing/tester.cc:80: RE2b enabled
[ 9495s] 
[ 9495s]       Start 16: exhaustive1_test
[ 9495s]     Test #17: exhaustive2_test .................***Timeout 1500.12 sec
[ 9495s] /home/abuild/rpmbuild/BUILD/re2-2023-02-01/re2/testing/tester.cc:80: Backtrack enabled
[ 9495s] /home/abuild/rpmbuild/BUILD/re2-2023-02-01/re2/testing/tester.cc:80: NFA enabled
[ 9495s] /home/abuild/rpmbuild/BUILD/re2-2023-02-01/re2/testing/tester.cc:80: DFA enabled
[ 9495s] /home/abuild/rpmbuild/BUILD/re2-2023-02-01/re2/testing/tester.cc:80: DFA1 enabled
[ 9495s] /home/abuild/rpmbuild/BUILD/re2-2023-02-01/re2/testing/tester.cc:80: OnePass enabled
[ 9495s] /home/abuild/rpmbuild/BUILD/re2-2023-02-01/re2/testing/tester.cc:80: BitState enabled
[ 9495s] /home/abuild/rpmbuild/BUILD/re2-2023-02-01/re2/testing/tester.cc:80: RE2 enabled
[ 9495s] /home/abuild/rpmbuild/BUILD/re2-2023-02-01/re2/testing/tester.cc:80: RE2a enabled
[ 9495s] /home/abuild/rpmbuild/BUILD/re2-2023-02-01/re2/testing/tester.cc:80: RE2b enabled
[ 9495s] 
[ 9495s]       Start 17: exhaustive2_test
[ 9495s]     Test #19: exhaustive_test ..................***Timeout 1500.12 sec
[ 9495s] /home/abuild/rpmbuild/BUILD/re2-2023-02-01/re2/testing/tester.cc:80: Backtrack enabled
[ 9495s] /home/abuild/rpmbuild/BUILD/re2-2023-02-01/re2/testing/tester.cc:80: NFA enabled
[ 9495s] /home/abuild/rpmbuild/BUILD/re2-2023-02-01/re2/testing/tester.cc:80: DFA enabled
[ 9495s] /home/abuild/rpmbuild/BUILD/re2-2023-02-01/re2/testing/tester.cc:80: DFA1 enabled
[ 9495s] /home/abuild/rpmbuild/BUILD/re2-2023-02-01/re2/testing/tester.cc:80: OnePass enabled
[ 9495s] /home/abuild/rpmbuild/BUILD/re2-2023-02-01/re2/testing/tester.cc:80: BitState enabled
[ 9495s] /home/abuild/rpmbuild/BUILD/re2-2023-02-01/re2/testing/tester.cc:80: RE2 enabled
[ 9495s] /home/abuild/rpmbuild/BUILD/re2-2023-02-01/re2/testing/tester.cc:80: RE2a enabled
[ 9495s] /home/abuild/rpmbuild/BUILD/re2-2023-02-01/re2/testing/tester.cc:80: RE2b enabled
[ 9495s] 
[ 9495s]       Start 19: exhaustive_test
[10995s]     Test #16: exhaustive1_test .................***Timeout 1500.12 sec
[10995s] /home/abuild/rpmbuild/BUILD/re2-2023-02-01/re2/testing/tester.cc:80: Backtrack enabled
[10995s] /home/abuild/rpmbuild/BUILD/re2-2023-02-01/re2/testing/tester.cc:80: NFA enabled
[10995s] /home/abuild/rpmbuild/BUILD/re2-2023-02-01/re2/testing/tester.cc:80: DFA enabled
[10995s] /home/abuild/rpmbuild/BUILD/re2-2023-02-01/re2/testing/tester.cc:80: DFA1 enabled
[10995s] /home/abuild/rpmbuild/BUILD/re2-2023-02-01/re2/testing/tester.cc:80: OnePass enabled
[10995s] /home/abuild/rpmbuild/BUILD/re2-2023-02-01/re2/testing/tester.cc:80: BitState enabled
[10995s] /home/abuild/rpmbuild/BUILD/re2-2023-02-01/re2/testing/tester.cc:80: RE2 enabled
[10995s] /home/abuild/rpmbuild/BUILD/re2-2023-02-01/re2/testing/tester.cc:80: RE2a enabled
[10995s] /home/abuild/rpmbuild/BUILD/re2-2023-02-01/re2/testing/tester.cc:80: RE2b enabled
[10995s] 
[10995s]       Start 16: exhaustive1_test
[10995s]     Test #17: exhaustive2_test .................***Timeout 1500.12 sec
[10995s] /home/abuild/rpmbuild/BUILD/re2-2023-02-01/re2/testing/tester.cc:80: Backtrack enabled
[10995s] /home/abuild/rpmbuild/BUILD/re2-2023-02-01/re2/testing/tester.cc:80: NFA enabled
[10995s] /home/abuild/rpmbuild/BUILD/re2-2023-02-01/re2/testing/tester.cc:80: DFA enabled
[10995s] /home/abuild/rpmbuild/BUILD/re2-2023-02-01/re2/testing/tester.cc:80: DFA1 enabled
[10995s] /home/abuild/rpmbuild/BUILD/re2-2023-02-01/re2/testing/tester.cc:80: OnePass enabled
[10995s] /home/abuild/rpmbuild/BUILD/re2-2023-02-01/re2/testing/tester.cc:80: BitState enabled
[10995s] /home/abuild/rpmbuild/BUILD/re2-2023-02-01/re2/testing/tester.cc:80: RE2 enabled
[10995s] /home/abuild/rpmbuild/BUILD/re2-2023-02-01/re2/testing/tester.cc:80: RE2a enabled
[10995s] /home/abuild/rpmbuild/BUILD/re2-2023-02-01/re2/testing/tester.cc:80: RE2b enabled
[10995s] 
[10995s]       Start 17: exhaustive2_test
[10995s]     Test #19: exhaustive_test ..................***Timeout 1500.12 sec
[10995s] /home/abuild/rpmbuild/BUILD/re2-2023-02-01/re2/testing/tester.cc:80: Backtrack enabled
[10995s] /home/abuild/rpmbuild/BUILD/re2-2023-02-01/re2/testing/tester.cc:80: NFA enabled
[10995s] /home/abuild/rpmbuild/BUILD/re2-2023-02-01/re2/testing/tester.cc:80: DFA enabled
[10995s] /home/abuild/rpmbuild/BUILD/re2-2023-02-01/re2/testing/tester.cc:80: DFA1 enabled
[10995s] /home/abuild/rpmbuild/BUILD/re2-2023-02-01/re2/testing/tester.cc:80: OnePass enabled
[10995s] /home/abuild/rpmbuild/BUILD/re2-2023-02-01/re2/testing/tester.cc:80: BitState enabled
[10995s] /home/abuild/rpmbuild/BUILD/re2-2023-02-01/re2/testing/tester.cc:80: RE2 enabled
[10995s] /home/abuild/rpmbuild/BUILD/re2-2023-02-01/re2/testing/tester.cc:80: RE2a enabled
[10995s] /home/abuild/rpmbuild/BUILD/re2-2023-02-01/re2/testing/tester.cc:80: RE2b enabled
[10995s] 
[10995s]       Start 19: exhaustive_test
[12495s]     Test #16: exhaustive1_test .................***Timeout 1500.12 sec
[12495s] /home/abuild/rpmbuild/BUILD/re2-2023-02-01/re2/testing/tester.cc:80: Backtrack enabled
[12495s] /home/abuild/rpmbuild/BUILD/re2-2023-02-01/re2/testing/tester.cc:80: NFA enabled
[12495s] /home/abuild/rpmbuild/BUILD/re2-2023-02-01/re2/testing/tester.cc:80: DFA enabled
[12495s] /home/abuild/rpmbuild/BUILD/re2-2023-02-01/re2/testing/tester.cc:80: DFA1 enabled
[12495s] /home/abuild/rpmbuild/BUILD/re2-2023-02-01/re2/testing/tester.cc:80: OnePass enabled
[12495s] /home/abuild/rpmbuild/BUILD/re2-2023-02-01/re2/testing/tester.cc:80: BitState enabled
[12495s] /home/abuild/rpmbuild/BUILD/re2-2023-02-01/re2/testing/tester.cc:80: RE2 enabled
[12495s] /home/abuild/rpmbuild/BUILD/re2-2023-02-01/re2/testing/tester.cc:80: RE2a enabled
[12495s] /home/abuild/rpmbuild/BUILD/re2-2023-02-01/re2/testing/tester.cc:80: RE2b enabled
[12495s] 
[12495s]       Start 16: exhaustive1_test
[12495s]     Test #17: exhaustive2_test .................***Timeout 1500.14 sec
[12495s] /home/abuild/rpmbuild/BUILD/re2-2023-02-01/re2/testing/tester.cc:80: Backtrack enabled
[12495s] /home/abuild/rpmbuild/BUILD/re2-2023-02-01/re2/testing/tester.cc:80: NFA enabled
[12495s] /home/abuild/rpmbuild/BUILD/re2-2023-02-01/re2/testing/tester.cc:80: DFA enabled
[12495s] /home/abuild/rpmbuild/BUILD/re2-2023-02-01/re2/testing/tester.cc:80: DFA1 enabled
[12495s] /home/abuild/rpmbuild/BUILD/re2-2023-02-01/re2/testing/tester.cc:80: OnePass enabled
[12495s] /home/abuild/rpmbuild/BUILD/re2-2023-02-01/re2/testing/tester.cc:80: BitState enabled
[12495s] /home/abuild/rpmbuild/BUILD/re2-2023-02-01/re2/testing/tester.cc:80: RE2 enabled
[12495s] /home/abuild/rpmbuild/BUILD/re2-2023-02-01/re2/testing/tester.cc:80: RE2a enabled
[12495s] /home/abuild/rpmbuild/BUILD/re2-2023-02-01/re2/testing/tester.cc:80: RE2b enabled
[12495s] 
[12495s]       Start 17: exhaustive2_test
[12495s]     Test #19: exhaustive_test ..................***Timeout 1500.14 sec
[12495s] /home/abuild/rpmbuild/BUILD/re2-2023-02-01/re2/testing/tester.cc:80: Backtrack enabled
[12495s] /home/abuild/rpmbuild/BUILD/re2-2023-02-01/re2/testing/tester.cc:80: NFA enabled
[12495s] /home/abuild/rpmbuild/BUILD/re2-2023-02-01/re2/testing/tester.cc:80: DFA enabled
[12495s] /home/abuild/rpmbuild/BUILD/re2-2023-02-01/re2/testing/tester.cc:80: DFA1 enabled
[12495s] /home/abuild/rpmbuild/BUILD/re2-2023-02-01/re2/testing/tester.cc:80: OnePass enabled
[12495s] /home/abuild/rpmbuild/BUILD/re2-2023-02-01/re2/testing/tester.cc:80: BitState enabled
[12495s] /home/abuild/rpmbuild/BUILD/re2-2023-02-01/re2/testing/tester.cc:80: RE2 enabled
[12495s] /home/abuild/rpmbuild/BUILD/re2-2023-02-01/re2/testing/tester.cc:80: RE2a enabled
[12495s] /home/abuild/rpmbuild/BUILD/re2-2023-02-01/re2/testing/tester.cc:80: RE2b enabled
[12495s] 
[12495s]       Start 19: exhaustive_test
[13995s]     Test #16: exhaustive1_test .................***Timeout 1500.12 sec
[13995s] /home/abuild/rpmbuild/BUILD/re2-2023-02-01/re2/testing/tester.cc:80: Backtrack enabled
[13995s] /home/abuild/rpmbuild/BUILD/re2-2023-02-01/re2/testing/tester.cc:80: NFA enabled
[13995s] /home/abuild/rpmbuild/BUILD/re2-2023-02-01/re2/testing/tester.cc:80: DFA enabled
[13995s] /home/abuild/rpmbuild/BUILD/re2-2023-02-01/re2/testing/tester.cc:80: DFA1 enabled
[13995s] /home/abuild/rpmbuild/BUILD/re2-2023-02-01/re2/testing/tester.cc:80: OnePass enabled
[13995s] /home/abuild/rpmbuild/BUILD/re2-2023-02-01/re2/testing/tester.cc:80: BitState enabled
[13995s] /home/abuild/rpmbuild/BUILD/re2-2023-02-01/re2/testing/tester.cc:80: RE2 enabled
[13995s] /home/abuild/rpmbuild/BUILD/re2-2023-02-01/re2/testing/tester.cc:80: RE2a enabled
[13995s] /home/abuild/rpmbuild/BUILD/re2-2023-02-01/re2/testing/tester.cc:80: RE2b enabled
[13995s] 
[13995s]     Test #17: exhaustive2_test .................***Timeout 1500.10 sec
[13995s] /home/abuild/rpmbuild/BUILD/re2-2023-02-01/re2/testing/tester.cc:80: Backtrack enabled
[13995s] /home/abuild/rpmbuild/BUILD/re2-2023-02-01/re2/testing/tester.cc:80: NFA enabled
[13995s] /home/abuild/rpmbuild/BUILD/re2-2023-02-01/re2/testing/tester.cc:80: DFA enabled
[13995s] /home/abuild/rpmbuild/BUILD/re2-2023-02-01/re2/testing/tester.cc:80: DFA1 enabled
[13995s] /home/abuild/rpmbuild/BUILD/re2-2023-02-01/re2/testing/tester.cc:80: OnePass enabled
[13995s] /home/abuild/rpmbuild/BUILD/re2-2023-02-01/re2/testing/tester.cc:80: BitState enabled
[13995s] /home/abuild/rpmbuild/BUILD/re2-2023-02-01/re2/testing/tester.cc:80: RE2 enabled
[13995s] /home/abuild/rpmbuild/BUILD/re2-2023-02-01/re2/testing/tester.cc:80: RE2a enabled
[13995s] /home/abuild/rpmbuild/BUILD/re2-2023-02-01/re2/testing/tester.cc:80: RE2b enabled
[13995s] 
[13995s]     Test #19: exhaustive_test ..................***Timeout 1500.08 sec
[13995s] /home/abuild/rpmbuild/BUILD/re2-2023-02-01/re2/testing/tester.cc:80: Backtrack enabled
[13995s] /home/abuild/rpmbuild/BUILD/re2-2023-02-01/re2/testing/tester.cc:80: NFA enabled
[13995s] /home/abuild/rpmbuild/BUILD/re2-2023-02-01/re2/testing/tester.cc:80: DFA enabled
[13995s] /home/abuild/rpmbuild/BUILD/re2-2023-02-01/re2/testing/tester.cc:80: DFA1 enabled
[13995s] /home/abuild/rpmbuild/BUILD/re2-2023-02-01/re2/testing/tester.cc:80: OnePass enabled
[13995s] /home/abuild/rpmbuild/BUILD/re2-2023-02-01/re2/testing/tester.cc:80: BitState enabled
[13995s] /home/abuild/rpmbuild/BUILD/re2-2023-02-01/re2/testing/tester.cc:80: RE2 enabled
[13995s] /home/abuild/rpmbuild/BUILD/re2-2023-02-01/re2/testing/tester.cc:80: RE2a enabled
[13995s] /home/abuild/rpmbuild/BUILD/re2-2023-02-01/re2/testing/tester.cc:80: RE2b enabled
[13995s] 
[13995s] 
[13995s] 85% tests passed, 3 tests failed out of 20
[13995s] 
[13995s] Total Test time (real) = 13501.51 sec
[13995s] 
[13995s] The following tests FAILED:
[13995s] 	 16 - exhaustive1_test (Timeout)
[13995s] 	 17 - exhaustive2_test (Timeout)
[13995s] 	 19 - exhaustive_test (Timeout)
[13995s] Errors while running CTest
[13995s] error: Bad exit status from /var/tmp/rpm-tmp.VTS7sJ (%check)
[13995s] 
[13995s] RPM build errors:
[13995s]     Bad exit status from /var/tmp/rpm-tmp.VTS7sJ (%check)
[13995s] ### VM INTERACTION START ###
[13996s] [13992.837041][    T1] sysrq: Power Off
[13996s] [13992.842276][   T18] reboot: Power down
[13996s] ### VM INTERACTION END ###
[13996s] 
[13996s] lamb17 failed "build re2.spec" at Tue Feb  7 21:47:03 UTC 2023.
[13996s] 
